Log file open, 11/22/19 13:55:31
LogWindows: Failed to load 'aqProf.dll' (GetLastError=126)
LogWindows: File 'aqProf.dll' does not exist
LogWindows: Failed to load 'VtuneApi.dll' (GetLastError=126)
LogWindows: File 'VtuneApi.dll' does not exist
LogWindows: Failed to load 'VtuneApi32e.dll' (GetLastError=126)
LogWindows: File 'VtuneApi32e.dll' does not exist
LogConsoleResponse: Display: Failed to find resolution value strings in scalability ini. Falling back to default.
LogInit: Display: Running engine for game: PathFinding
LogPakFile: Registered encryption key '00000000000000000000000000000000': 0 pak files mounted, 0 remain pending
LogPlatformFile: Not using cached read wrapper
LogTaskGraph: Started task graph with 5 named threads and 23 total threads with 3 sets of task threads.
LogStats: Stats thread started at 0.275902
LogD3D11RHI: Loaded GFSDK_Aftermath_Lib.x64.dll
LogICUInternationalization: ICU TimeZone Detection - Raw Offset: -5:00, Platform Override: ''
LogPluginManager: Mounting plugin Paper2D
LogPluginManager: Mounting plugin AISupport
LogPluginManager: Mounting plugin LightPropagationVolume
LogPluginManager: Mounting plugin ActorLayerUtilities
LogPluginManager: Mounting plugin AnimationSharing
LogPluginManager: Mounting plugin CLionSourceCodeAccess
LogPluginManager: Mounting plugin CodeLiteSourceCodeAccess
LogPluginManager: Mounting plugin GitSourceControl
LogPluginManager: Mounting plugin KDevelopSourceCodeAccess
LogPluginManager: Mounting plugin NullSourceCodeAccess
LogPluginManager: Mounting plugin PerforceSourceControl
LogPluginManager: Mounting plugin SubversionSourceControl
LogPluginManager: Mounting plugin UObjectPlugin
LogPluginManager: Mounting plugin VisualStudioCodeSourceCodeAccess
LogPluginManager: Mounting plugin VisualStudioSourceCodeAccess
LogPluginManager: Mounting plugin XCodeSourceCodeAccess
LogPluginManager: Mounting plugin AssetManagerEditor
LogPluginManager: Mounting plugin CryptoKeys
LogPluginManager: Mounting plugin DataValidation
LogPluginManager: Mounting plugin FacialAnimation
LogPluginManager: Mounting plugin GameplayTagsEditor
LogPluginManager: Mounting plugin MacGraphicsSwitching
LogPluginManager: Mounting plugin MaterialAnalyzer
LogPluginManager: Mounting plugin MobileLauncherProfileWizard
LogPluginManager: Mounting plugin PluginBrowser
LogPluginManager: Mounting plugin SpeedTreeImporter
LogPluginManager: Mounting plugin DatasmithContent
LogPluginManager: Mounting plugin VariantManagerContent
LogPluginManager: Mounting plugin AlembicImporter
LogPluginManager: Mounting plugin AppleImageUtils
LogPluginManager: Mounting plugin AppleVision
LogPluginManager: Mounting plugin BackChannel
LogPluginManager: Mounting plugin CharacterAI
LogPluginManager: Mounting plugin GeometryCache
LogPluginManager: Mounting plugin HTML5Networking
LogPluginManager: Mounting plugin ProxyLODPlugin
LogPluginManager: Mounting plugin SkeletalReduction
LogPluginManager: Mounting plugin MagicLeap
LogPluginManager: Mounting plugin MagicLeapMedia
LogPluginManager: Mounting plugin AndroidMedia
LogPluginManager: Mounting plugin AvfMedia
LogPluginManager: Mounting plugin ImgMedia
LogPluginManager: Mounting plugin LinearTimecode
LogPluginManager: Mounting plugin MediaCompositing
LogPluginManager: Mounting plugin MediaPlayerEditor
LogPluginManager: Mounting plugin WebMMedia
LogPluginManager: Mounting plugin WmfMedia
LogPluginManager: Mounting plugin TcpMessaging
LogPluginManager: Mounting plugin UdpMessaging
LogPluginManager: Mounting plugin ActorSequence
LogPluginManager: Mounting plugin LevelSequenceEditor
LogPluginManager: Mounting plugin MatineeToLevelSequence
LogPluginManager: Mounting plugin NetcodeUnitTest
LogPluginManager: Mounting plugin NUTUnrealEngine4
LogPluginManager: Mounting plugin OnlineSubsystemGooglePlay
LogPluginManager: Mounting plugin OnlineSubsystemIOS
LogPluginManager: Mounting plugin OnlineSubsystem
LogPluginManager: Mounting plugin OnlineSubsystemNull
LogPluginManager: Mounting plugin OnlineSubsystemUtils
LogPluginManager: Mounting plugin LauncherChunkInstaller
LogPluginManager: Mounting plugin AndroidDeviceProfileSelector
LogPluginManager: Mounting plugin AndroidMoviePlayer
LogPluginManager: Mounting plugin AndroidPermission
LogPluginManager: Mounting plugin AppleMoviePlayer
LogPluginManager: Mounting plugin ArchVisCharacter
LogPluginManager: Mounting plugin AudioCapture
LogPluginManager: Mounting plugin CableComponent
LogPluginManager: Mounting plugin CustomMeshComponent
LogPluginManager: Mounting plugin EditableMesh
LogPluginManager: Mounting plugin ExampleDeviceProfileSelector
LogPluginManager: Mounting plugin Firebase
LogPluginManager: Mounting plugin GoogleCloudMessaging
LogPluginManager: Mounting plugin IOSDeviceProfileSelector
LogPluginManager: Mounting plugin LinuxDeviceProfileSelector
LogPluginManager: Mounting plugin LocationServicesBPLibrary
LogPluginManager: Mounting plugin MobilePatchingUtils
LogPluginManager: Mounting plugin OculusVR
LogPluginManager: Mounting plugin PhysXVehicles
LogPluginManager: Mounting plugin ProceduralMeshComponent
LogPluginManager: Mounting plugin RuntimePhysXCooking
LogPluginManager: Mounting plugin SignificanceManager
LogPluginManager: Mounting plugin SteamVR
LogPluginManager: Mounting plugin WebMMoviePlayer
LogPluginManager: Mounting plugin WindowsMoviePlayer
LogInit: Warning: Incompatible or missing module: PathFinding
Running D:/Unreal/UE_4.22/Engine/Binaries/DotNET/UnrealBuildTool.exe Development Win64 -Project="D:/Repos/GameAI/PathfindingLab/PathFinding.uproject" -TargetType=Editor -Progress -NoHotReloadFromIDE
Using 'git status' to determine working set for adaptive non-unity build (D:\Repos\GameAI).
Creating makefile for PathFindingEditor (no existing makefile)
@progress push 5%
Parsing headers for PathFindingEditor
  Running UnrealHeaderTool "D:\Repos\GameAI\PathfindingLab\PathFinding.uproject" "D:\Repos\GameAI\PathfindingLab\Intermediate\Build\Win64\PathFindingEditor\Development\PathFindingEditor.uhtmanifest" -LogCmds="loginit warning, logexit warning, logdatabase error" -Unattended -WarningsAsErrors -installed
Reflection code generated for PathFindingEditor in 6.3045941 seconds
@progress pop
Using Visual Studio 2017 14.16.27023 toolchain (C:\Program Files (x86)\Microsoft Visual Studio\2017\Community\VC\Tools\MSVC\14.16.27023) and Windows 10.0.16299.0 SDK (C:\Program Files (x86)\Windows Kits\10).
Building 4 actions with 8 processes...
  @progress 'Compiling C++ source code...' 0%
  @progress 'Compiling C++ source code...' 25%
  [1/4] ChaseReturnState.cpp
  D:\Unreal\UE_4.22\Engine\Source\Runtime\CoreUObject\Public\UObject/UObject.h(14): warning C4996: 'UObjectHeaderDeprecatedWarning': Including UObject.h has been deprecated. Please include Object.h instead. Please update your code to the new API before upgrading to the next release, otherwise your project will no longer compile.
  D:\Unreal\UE_4.22\Engine\Source\Runtime\CoreUObject\Public\UObject/UObject.h(8): note: see declaration of 'UObjectHeaderDeprecatedWarning'
  @progress 'Compiling C++ source code...' 50%
  [2/4] UE4Editor-PathFinding.lib
     Creating library D:\Repos\GameAI\PathfindingLab\Intermediate\Build\Win64\UE4Editor\Development\PathFinding\UE4Editor-PathFinding.lib and object D:\Repos\GameAI\PathfindingLab\Intermediate\Build\Win64\UE4Editor\Development\PathFinding\UE4Editor-PathFinding.exp
  @progress 'Compiling C++ source code...' 75%
  [3/4] UE4Editor-PathFinding.dll
     Creating library D:\Repos\GameAI\PathfindingLab\Intermediate\Build\Win64\UE4Editor\Development\PathFinding\UE4Editor-PathFinding.suppressed.lib and object D:\Repos\GameAI\PathfindingLab\Intermediate\Build\Win64\UE4Editor\Development\PathFinding\UE4Editor-PathFinding.suppressed.exp
  @progress 'Compiling C++ source code...' 100%
  [4/4] PathFindingEditor.target
Total time in Parallel executor: 2.17 seconds
Total execution time: 10.39 seconds
LogInit: Using libcurl 7.55.1-DEV
LogInit:  - built for x86_64-pc-win32
LogInit:  - supports SSL with OpenSSL/1.1.1
LogInit:  - supports HTTP deflate (compression) using libz 1.2.8
LogInit:  - other features:
LogInit:      CURL_VERSION_SSL
LogInit:      CURL_VERSION_LIBZ
LogInit:      CURL_VERSION_IPV6
LogInit:      CURL_VERSION_ASYNCHDNS
LogInit:      CURL_VERSION_LARGEFILE
LogInit:      CURL_VERSION_IDN
LogInit:  CurlRequestOptions (configurable via config and command line):
LogInit:  - bVerifyPeer = true  - Libcurl will verify peer certificate
LogInit:  - bUseHttpProxy = false  - Libcurl will NOT use HTTP proxy
LogInit:  - bDontReuseConnections = false  - Libcurl will reuse connections
LogInit:  - MaxHostConnections = 16  - Libcurl will limit the number of connections to a host
LogInit:  - LocalHostAddr = Default
LogInit:  - BufferSize = 65536
LogInit: WinSock: version 1.1 (2.2), MaxSocks=32767, MaxUdp=65467
LogInit: Build: ++UE4+Release-4.22-CL-7053642
LogInit: Engine Version: 4.22.3-7053642+++UE4+Release-4.22
LogInit: Compatible Engine Version: 4.22.0-5660361+++UE4+Release-4.22
LogInit: Net CL: 5660361
LogInit: OS: Windows 10 (Release 1903) (), CPU: Intel(R) Core(TM) i7-7700HQ CPU @ 2.80GHz, GPU: Intel(R) HD Graphics 630
LogInit: Compiled (64-bit): Jun 18 2019 03:09:11
LogInit: Compiled with Visual C++: 19.16.27025.01
LogInit: Build Configuration: Development
LogInit: Branch Name: ++UE4+Release-4.22
LogInit: Command Line: 
LogInit: Base Directory: D:/Unreal/UE_4.22/Engine/Binaries/Win64/
LogInit: Installed Engine Build: 1
LogDevObjectVersion: Number of dev versions registered: 23
LogDevObjectVersion:   Dev-Blueprints (B0D832E4-1F89-4F0D-ACCF-7EB736FD4AA2): 10
LogDevObjectVersion:   Dev-Build (E1C64328-A22C-4D53-A36C-8E866417BD8C): 0
LogDevObjectVersion:   Dev-Core (375EC13C-06E4-48FB-B500-84F0262A717E): 3
LogDevObjectVersion:   Dev-Editor (E4B068ED-F494-42E9-A231-DA0B2E46BB41): 30
LogDevObjectVersion:   Dev-Framework (CFFC743F-43B0-4480-9391-14DF171D2073): 35
LogDevObjectVersion:   Dev-Mobile (B02B49B5-BB20-44E9-A304-32B752E40360): 2
LogDevObjectVersion:   Dev-Networking (A4E4105C-59A1-49B5-A7C5-40C4547EDFEE): 0
LogDevObjectVersion:   Dev-Online (39C831C9-5AE6-47DC-9A44-9C173E1C8E7C): 0
LogDevObjectVersion:   Dev-Physics (78F01B33-EBEA-4F98-B9B4-84EACCB95AA2): 0
LogDevObjectVersion:   Dev-Platform (6631380F-2D4D-43E0-8009-CF276956A95A): 0
LogDevObjectVersion:   Dev-Rendering (12F88B9F-8875-4AFC-A67C-D90C383ABD29): 28
LogDevObjectVersion:   Dev-Sequencer (7B5AE74C-D270-4C10-A958-57980B212A5A): 11
LogDevObjectVersion:   Dev-VR (D7296918-1DD6-4BDD-9DE2-64A83CC13884): 2
LogDevObjectVersion:   Dev-LoadTimes (C2A15278-BFE7-4AFE-6C17-90FF531DF755): 1
LogDevObjectVersion:   Private-Geometry (6EACA3D4-40EC-4CC1-B786-8BED09428FC5): 3
LogDevObjectVersion:   Dev-AnimPhys (29E575DD-E0A3-4627-9D10-D276232CDCEA): 17
LogDevObjectVersion:   Dev-Anim (AF43A65D-7FD3-4947-9873-3E8ED9C1BB05): 2
LogDevObjectVersion:   Dev-ReflectionCapture (6B266CEC-1EC7-4B8F-A30B-E4D90942FC07): 1
LogDevObjectVersion:   Dev-Automation (0DF73D61-A23F-47EA-B727-89E90C41499A): 1
LogDevObjectVersion:   FortniteMain (601D1886-AC64-4F84-AA16-D3DE0DEAC7D6): 25
LogDevObjectVersion:   Dev-Enterprise (9DFFBCD6-494F-0158-E221-12823C92A888): 6
LogDevObjectVersion:   Dev-Niagara (F2AED0AC-9AFE-416F-8664-AA7FFA26D6FC): 1
LogDevObjectVersion:   Dev-Destruction (174F1F0B-B4C6-45A5-B13F-2EE8D0FB917D): 2
LogInit: Presizing for max 16777216 objects, including 0 objects not considered by GC, pre-allocating 0 bytes for permanent pool.
LogInit: Object subsystem initialized
LogConfig: Setting CVar [[con.DebugEarlyDefault:1]]
LogConfig: Setting CVar [[r.setres:1280x720]]
[2019.11.22-18.55.45:432][  0]LogConfig: Setting CVar [[r.VSync:0]]
[2019.11.22-18.55.45:432][  0]LogConfig: Setting CVar [[r.RHICmdBypass:0]]
[2019.11.22-18.55.45:433][  0]LogConfig: Applying CVar settings from Section [/Script/Engine.RendererSettings] File [D:/Repos/GameAI/PathfindingLab/Saved/Config/Windows/Engine.ini]
[2019.11.22-18.55.45:433][  0]LogConfig: Setting CVar [[r.GPUCrashDebugging:0]]
[2019.11.22-18.55.45:433][  0]LogConfig: Setting CVar [[r.DefaultFeature.AutoExposure.ExtendDefaultLuminanceRange:1]]
[2019.11.22-18.55.45:433][  0]LogConfig: Applying CVar settings from Section [/Script/Engine.RendererOverrideSettings] File [D:/Repos/GameAI/PathfindingLab/Saved/Config/Windows/Engine.ini]
[2019.11.22-18.55.45:433][  0]LogConfig: Applying CVar settings from Section [/Script/Engine.StreamingSettings] File [D:/Repos/GameAI/PathfindingLab/Saved/Config/Windows/Engine.ini]
[2019.11.22-18.55.45:433][  0]LogConfig: Setting CVar [[s.MinBulkDataSizeForAsyncLoading:131072]]
[2019.11.22-18.55.45:433][  0]LogConfig: Setting CVar [[s.AsyncLoadingThreadEnabled:0]]
[2019.11.22-18.55.45:433][  0]LogConfig: Setting CVar [[s.EventDrivenLoaderEnabled:1]]
[2019.11.22-18.55.45:433][  0]LogConfig: Setting CVar [[s.WarnIfTimeLimitExceeded:0]]
[2019.11.22-18.55.45:433][  0]LogConfig: Setting CVar [[s.TimeLimitExceededMultiplier:1.5]]
[2019.11.22-18.55.45:433][  0]LogConfig: Setting CVar [[s.TimeLimitExceededMinTime:0.005]]
[2019.11.22-18.55.45:433][  0]LogConfig: Setting CVar [[s.UseBackgroundLevelStreaming:1]]
[2019.11.22-18.55.45:433][  0]LogConfig: Setting CVar [[s.PriorityAsyncLoadingExtraTime:15.0]]
[2019.11.22-18.55.45:433][  0]LogConfig: Setting CVar [[s.LevelStreamingActorsUpdateTimeLimit:5.0]]
[2019.11.22-18.55.45:433][  0]LogConfig: Setting CVar [[s.PriorityLevelStreamingActorsUpdateExtraTime:5.0]]
[2019.11.22-18.55.45:433][  0]LogConfig: Setting CVar [[s.LevelStreamingComponentsRegistrationGranularity:10]]
[2019.11.22-18.55.45:433][  0]LogConfig: Setting CVar [[s.UnregisterComponentsTimeLimit:1.0]]
[2019.11.22-18.55.45:433][  0]LogConfig: Setting CVar [[s.LevelStreamingComponentsUnregistrationGranularity:5]]
[2019.11.22-18.55.45:433][  0]LogConfig: Applying CVar settings from Section [/Script/Engine.GarbageCollectionSettings] File [D:/Repos/GameAI/PathfindingLab/Saved/Config/Windows/Engine.ini]
[2019.11.22-18.55.45:433][  0]LogConfig: Setting CVar [[gc.MaxObjectsNotConsideredByGC:1]]
[2019.11.22-18.55.45:433][  0]LogConfig: Setting CVar [[gc.SizeOfPermanentObjectPool:0]]
[2019.11.22-18.55.45:433][  0]LogConfig: Setting CVar [[gc.FlushStreamingOnGC:0]]
[2019.11.22-18.55.45:433][  0]LogConfig: Setting CVar [[gc.NumRetriesBeforeForcingGC:10]]
[2019.11.22-18.55.45:433][  0]LogConfig: Setting CVar [[gc.AllowParallelGC:1]]
[2019.11.22-18.55.45:433][  0]LogConfig: Setting CVar [[gc.TimeBetweenPurgingPendingKillObjects:61.1]]
[2019.11.22-18.55.45:433][  0]LogConfig: Setting CVar [[gc.MaxObjectsInEditor:16777216]]
[2019.11.22-18.55.45:433][  0]LogConfig: Setting CVar [[gc.IncrementalBeginDestroyEnabled:1]]
[2019.11.22-18.55.45:433][  0]LogConfig: Setting CVar [[gc.CreateGCClusters:1]]
[2019.11.22-18.55.45:433][  0]LogConfig: Setting CVar [[gc.MinGCClusterSize:5]]
[2019.11.22-18.55.45:433][  0]LogConfig: Setting CVar [[gc.ActorClusteringEnabled:0]]
[2019.11.22-18.55.45:433][  0]LogConfig: Setting CVar [[gc.BlueprintClusteringEnabled:0]]
[2019.11.22-18.55.45:433][  0]LogConfig: Setting CVar [[gc.UseDisregardForGCOnDedicatedServers:0]]
[2019.11.22-18.55.45:433][  0]LogConfig: Applying CVar settings from Section [/Script/Engine.NetworkSettings] File [D:/Repos/GameAI/PathfindingLab/Saved/Config/Windows/Engine.ini]
[2019.11.22-18.55.45:433][  0]LogConfig: Applying CVar settings from Section [/Script/UnrealEd.CookerSettings] File [D:/Repos/GameAI/PathfindingLab/Saved/Config/Windows/Engine.ini]
[2019.11.22-18.55.45:435][  0]LogConfig: Applying CVar settings from Section [ViewDistanceQuality@3] File [D:/Repos/GameAI/PathfindingLab/Saved/Config/Windows/Scalability.ini]
[2019.11.22-18.55.45:435][  0]LogConfig: Setting CVar [[r.SkeletalMeshLODBias:0]]
[2019.11.22-18.55.45:435][  0]LogConfig: Setting CVar [[r.ViewDistanceScale:1.0]]
[2019.11.22-18.55.45:435][  0]LogConfig: Applying CVar settings from Section [AntiAliasingQuality@3] File [D:/Repos/GameAI/PathfindingLab/Saved/Config/Windows/Scalability.ini]
[2019.11.22-18.55.45:435][  0]LogConfig: Setting CVar [[r.PostProcessAAQuality:4]]
[2019.11.22-18.55.45:435][  0]LogConfig: Applying CVar settings from Section [ShadowQuality@3] File [D:/Repos/GameAI/PathfindingLab/Saved/Config/Windows/Scalability.ini]
[2019.11.22-18.55.45:435][  0]LogConfig: Setting CVar [[r.LightFunctionQuality:1]]
[2019.11.22-18.55.45:435][  0]LogConfig: Setting CVar [[r.ShadowQuality:5]]
[2019.11.22-18.55.45:435][  0]LogConfig: Setting CVar [[r.Shadow.CSM.MaxCascades:10]]
[2019.11.22-18.55.45:435][  0]LogConfig: Setting CVar [[r.Shadow.MaxResolution:2048]]
[2019.11.22-18.55.45:435][  0]LogConfig: Setting CVar [[r.Shadow.MaxCSMResolution:2048]]
[2019.11.22-18.55.45:435][  0]LogConfig: Setting CVar [[r.Shadow.RadiusThreshold:0.01]]
[2019.11.22-18.55.45:435][  0]LogConfig: Setting CVar [[r.Shadow.DistanceScale:1.0]]
[2019.11.22-18.55.45:435][  0]LogConfig: Setting CVar [[r.Shadow.CSM.TransitionScale:1.0]]
[2019.11.22-18.55.45:435][  0]LogConfig: Setting CVar [[r.Shadow.PreShadowResolutionFactor:1.0]]
[2019.11.22-18.55.45:435][  0]LogConfig: Setting CVar [[r.DistanceFieldShadowing:1]]
[2019.11.22-18.55.45:435][  0]LogConfig: Setting CVar [[r.DistanceFieldAO:1]]
[2019.11.22-18.55.45:435][  0]LogConfig: Setting CVar [[r.AOQuality:2]]
[2019.11.22-18.55.45:435][  0]LogConfig: Setting CVar [[r.VolumetricFog:1]]
[2019.11.22-18.55.45:435][  0]LogConfig: Setting CVar [[r.VolumetricFog.GridPixelSize:8]]
[2019.11.22-18.55.45:435][  0]LogConfig: Setting CVar [[r.VolumetricFog.GridSizeZ:128]]
[2019.11.22-18.55.45:435][  0]LogConfig: Setting CVar [[r.VolumetricFog.HistoryMissSupersampleCount:4]]
[2019.11.22-18.55.45:435][  0]LogConfig: Setting CVar [[r.LightMaxDrawDistanceScale:1]]
[2019.11.22-18.55.45:435][  0]LogConfig: Setting CVar [[r.CapsuleShadows:1]]
[2019.11.22-18.55.45:435][  0]LogConfig: Applying CVar settings from Section [PostProcessQuality@3] File [D:/Repos/GameAI/PathfindingLab/Saved/Config/Windows/Scalability.ini]
[2019.11.22-18.55.45:435][  0]LogConfig: Setting CVar [[r.MotionBlurQuality:4]]
[2019.11.22-18.55.45:435][  0]LogConfig: Setting CVar [[r.AmbientOcclusionMipLevelFactor:0.4]]
[2019.11.22-18.55.45:435][  0]LogConfig: Setting CVar [[r.AmbientOcclusionMaxQuality:100]]
[2019.11.22-18.55.45:435][  0]LogConfig: Setting CVar [[r.AmbientOcclusionLevels:-1]]
[2019.11.22-18.55.45:435][  0]LogConfig: Setting CVar [[r.AmbientOcclusionRadiusScale:1.0]]
[2019.11.22-18.55.45:435][  0]LogConfig: Setting CVar [[r.DepthOfFieldQuality:2]]
[2019.11.22-18.55.45:435][  0]LogConfig: Setting CVar [[r.RenderTargetPoolMin:400]]
[2019.11.22-18.55.45:436][  0]LogConfig: Setting CVar [[r.LensFlareQuality:2]]
[2019.11.22-18.55.45:436][  0]LogConfig: Setting CVar [[r.SceneColorFringeQuality:1]]
[2019.11.22-18.55.45:436][  0]LogConfig: Setting CVar [[r.EyeAdaptationQuality:2]]
[2019.11.22-18.55.45:436][  0]LogConfig: Setting CVar [[r.BloomQuality:5]]
[2019.11.22-18.55.45:436][  0]LogConfig: Setting CVar [[r.FastBlurThreshold:100]]
[2019.11.22-18.55.45:436][  0]LogConfig: Setting CVar [[r.Upscale.Quality:3]]
[2019.11.22-18.55.45:436][  0]LogConfig: Setting CVar [[r.Tonemapper.GrainQuantization:1]]
[2019.11.22-18.55.45:436][  0]LogConfig: Setting CVar [[r.LightShaftQuality:1]]
[2019.11.22-18.55.45:436][  0]LogConfig: Setting CVar [[r.Filter.SizeScale:1]]
[2019.11.22-18.55.45:436][  0]LogConfig: Setting CVar [[r.Tonemapper.Quality:5]]
[2019.11.22-18.55.45:436][  0]LogConfig: Setting CVar [[r.DOF.Gather.AccumulatorQuality:1        ; higher gathering accumulator quality]]
[2019.11.22-18.55.45:436][  0]LogConfig: Setting CVar [[r.DOF.Gather.PostfilterMethod:1          ; Median3x3 postfilering method]]
[2019.11.22-18.55.45:436][  0]LogConfig: Setting CVar [[r.DOF.Gather.EnableBokehSettings:0       ; no bokeh simulation when gathering]]
[2019.11.22-18.55.45:436][  0]LogConfig: Setting CVar [[r.DOF.Gather.RingCount:4                 ; medium number of samples when gathering]]
[2019.11.22-18.55.45:436][  0]LogConfig: Setting CVar [[r.DOF.Scatter.ForegroundCompositing:1    ; additive foreground scattering]]
[2019.11.22-18.55.45:436][  0]LogConfig: Setting CVar [[r.DOF.Scatter.BackgroundCompositing:2    ; additive background scattering]]
[2019.11.22-18.55.45:436][  0]LogConfig: Setting CVar [[r.DOF.Scatter.EnableBokehSettings:1      ; bokeh simulation when scattering]]
[2019.11.22-18.55.45:436][  0]LogConfig: Setting CVar [[r.DOF.Scatter.MaxSpriteRatio:0.1         ; only a maximum of 10% of scattered bokeh]]
[2019.11.22-18.55.45:436][  0]LogConfig: Setting CVar [[r.DOF.Recombine.Quality:1                ; cheap slight out of focus]]
[2019.11.22-18.55.45:436][  0]LogConfig: Setting CVar [[r.DOF.Recombine.EnableBokehSettings:0    ; no bokeh simulation on slight out of focus]]
[2019.11.22-18.55.45:436][  0]LogConfig: Setting CVar [[r.DOF.TemporalAAQuality:1                ; more stable temporal accumulation]]
[2019.11.22-18.55.45:436][  0]LogConfig: Setting CVar [[r.DOF.Kernel.MaxForegroundRadius:0.025]]
[2019.11.22-18.55.45:436][  0]LogConfig: Setting CVar [[r.DOF.Kernel.MaxBackgroundRadius:0.025]]
[2019.11.22-18.55.45:436][  0]LogConfig: Applying CVar settings from Section [TextureQuality@3] File [D:/Repos/GameAI/PathfindingLab/Saved/Config/Windows/Scalability.ini]
[2019.11.22-18.55.45:436][  0]LogConfig: Setting CVar [[r.Streaming.MipBias:0]]
[2019.11.22-18.55.45:436][  0]LogConfig: Setting CVar [[r.Streaming.AmortizeCPUToGPUCopy:0]]
[2019.11.22-18.55.45:436][  0]LogConfig: Setting CVar [[r.Streaming.MaxNumTexturesToStreamPerFrame:0]]
[2019.11.22-18.55.45:436][  0]LogConfig: Setting CVar [[r.Streaming.Boost:1]]
[2019.11.22-18.55.45:436][  0]LogConfig: Setting CVar [[r.MaxAnisotropy:8]]
[2019.11.22-18.55.45:436][  0]LogConfig: Setting CVar [[r.Streaming.LimitPoolSizeToVRAM:0]]
[2019.11.22-18.55.45:436][  0]LogConfig: Setting CVar [[r.Streaming.PoolSize:1000]]
[2019.11.22-18.55.45:436][  0]LogConfig: Setting CVar [[r.Streaming.MaxEffectiveScreenSize:0]]
[2019.11.22-18.55.45:436][  0]LogConfig: Applying CVar settings from Section [EffectsQuality@3] File [D:/Repos/GameAI/PathfindingLab/Saved/Config/Windows/Scalability.ini]
[2019.11.22-18.55.45:436][  0]LogConfig: Setting CVar [[r.TranslucencyLightingVolumeDim:64]]
[2019.11.22-18.55.45:436][  0]LogConfig: Setting CVar [[r.RefractionQuality:2]]
[2019.11.22-18.55.45:436][  0]LogConfig: Setting CVar [[r.SSR.Quality:3]]
[2019.11.22-18.55.45:436][  0]LogConfig: Setting CVar [[r.SceneColorFormat:4]]
[2019.11.22-18.55.45:436][  0]LogConfig: Setting CVar [[r.DetailMode:2]]
[2019.11.22-18.55.45:436][  0]LogConfig: Setting CVar [[r.TranslucencyVolumeBlur:1]]
[2019.11.22-18.55.45:436][  0]LogConfig: Setting CVar [[r.MaterialQualityLevel:1 ; High quality]]
[2019.11.22-18.55.45:436][  0]LogConfig: Setting CVar [[r.SSS.Scale:1]]
[2019.11.22-18.55.45:436][  0]LogConfig: Setting CVar [[r.SSS.SampleSet:2]]
[2019.11.22-18.55.45:436][  0]LogConfig: Setting CVar [[r.SSS.Quality:1]]
[2019.11.22-18.55.45:436][  0]LogConfig: Setting CVar [[r.SSS.HalfRes:1]]
[2019.11.22-18.55.45:436][  0]LogConfig: Setting CVar [[r.EmitterSpawnRateScale:1.0]]
[2019.11.22-18.55.45:436][  0]LogConfig: Setting CVar [[r.ParticleLightQuality:2]]
[2019.11.22-18.55.45:436][  0]LogConfig: Applying CVar settings from Section [FoliageQuality@3] File [D:/Repos/GameAI/PathfindingLab/Saved/Config/Windows/Scalability.ini]
[2019.11.22-18.55.45:436][  0]LogConfig: Setting CVar [[foliage.DensityScale:1.0]]
[2019.11.22-18.55.45:436][  0]LogConfig: Setting CVar [[grass.DensityScale:1.0]]
[2019.11.22-18.55.45:436][  0]LogInit: Selected Device Profile: [Windows]
[2019.11.22-18.55.45:436][  0]LogInit: Applying CVar settings loaded from the selected device profile: [Windows]
[2019.11.22-18.55.45:465][  0]LogHAL: Display: Platform has ~ 12 GB [12740149248 / 17179869184 / 12], which maps to Larger [LargestMinGB=32, LargerMinGB=12, DefaultMinGB=8, SmallerMinGB=6, SmallestMinGB=0)
[2019.11.22-18.55.45:465][  0]LogConfig: Setting CVar [[r.Vulkan.UseRealUBs:0		; Required until we fix HLR fall-out]]
[2019.11.22-18.55.45:465][  0]LogInit: Going up to parent DeviceProfile []
[2019.11.22-18.55.45:465][  0]LogConfig: Applying CVar settings from Section [ViewDistanceQuality@3] File [D:/Repos/GameAI/PathfindingLab/Saved/Config/Windows/Scalability.ini]
[2019.11.22-18.55.45:465][  0]LogConfig: Setting CVar [[r.SkeletalMeshLODBias:0]]
[2019.11.22-18.55.45:465][  0]LogConfig: Setting CVar [[r.ViewDistanceScale:1.0]]
[2019.11.22-18.55.45:465][  0]LogConfig: Applying CVar settings from Section [AntiAliasingQuality@3] File [D:/Repos/GameAI/PathfindingLab/Saved/Config/Windows/Scalability.ini]
[2019.11.22-18.55.45:465][  0]LogConfig: Setting CVar [[r.PostProcessAAQuality:4]]
[2019.11.22-18.55.45:465][  0]LogConfig: Applying CVar settings from Section [ShadowQuality@3] File [D:/Repos/GameAI/PathfindingLab/Saved/Config/Windows/Scalability.ini]
[2019.11.22-18.55.45:465][  0]LogConfig: Setting CVar [[r.LightFunctionQuality:1]]
[2019.11.22-18.55.45:465][  0]LogConfig: Setting CVar [[r.ShadowQuality:5]]
[2019.11.22-18.55.45:465][  0]LogConfig: Setting CVar [[r.Shadow.CSM.MaxCascades:10]]
[2019.11.22-18.55.45:465][  0]LogConfig: Setting CVar [[r.Shadow.MaxResolution:2048]]
[2019.11.22-18.55.45:465][  0]LogConfig: Setting CVar [[r.Shadow.MaxCSMResolution:2048]]
[2019.11.22-18.55.45:465][  0]LogConfig: Setting CVar [[r.Shadow.RadiusThreshold:0.01]]
[2019.11.22-18.55.45:465][  0]LogConfig: Setting CVar [[r.Shadow.DistanceScale:1.0]]
[2019.11.22-18.55.45:465][  0]LogConfig: Setting CVar [[r.Shadow.CSM.TransitionScale:1.0]]
[2019.11.22-18.55.45:465][  0]LogConfig: Setting CVar [[r.Shadow.PreShadowResolutionFactor:1.0]]
[2019.11.22-18.55.45:465][  0]LogConfig: Setting CVar [[r.DistanceFieldShadowing:1]]
[2019.11.22-18.55.45:465][  0]LogConfig: Setting CVar [[r.DistanceFieldAO:1]]
[2019.11.22-18.55.45:465][  0]LogConfig: Setting CVar [[r.AOQuality:2]]
[2019.11.22-18.55.45:465][  0]LogConfig: Setting CVar [[r.VolumetricFog:1]]
[2019.11.22-18.55.45:465][  0]LogConfig: Setting CVar [[r.VolumetricFog.GridPixelSize:8]]
[2019.11.22-18.55.45:465][  0]LogConfig: Setting CVar [[r.VolumetricFog.GridSizeZ:128]]
[2019.11.22-18.55.45:465][  0]LogConfig: Setting CVar [[r.VolumetricFog.HistoryMissSupersampleCount:4]]
[2019.11.22-18.55.45:465][  0]LogConfig: Setting CVar [[r.LightMaxDrawDistanceScale:1]]
[2019.11.22-18.55.45:465][  0]LogConfig: Setting CVar [[r.CapsuleShadows:1]]
[2019.11.22-18.55.45:465][  0]LogConfig: Applying CVar settings from Section [PostProcessQuality@3] File [D:/Repos/GameAI/PathfindingLab/Saved/Config/Windows/Scalability.ini]
[2019.11.22-18.55.45:465][  0]LogConfig: Setting CVar [[r.MotionBlurQuality:4]]
[2019.11.22-18.55.45:465][  0]LogConfig: Setting CVar [[r.AmbientOcclusionMipLevelFactor:0.4]]
[2019.11.22-18.55.45:465][  0]LogConfig: Setting CVar [[r.AmbientOcclusionMaxQuality:100]]
[2019.11.22-18.55.45:465][  0]LogConfig: Setting CVar [[r.AmbientOcclusionLevels:-1]]
[2019.11.22-18.55.45:465][  0]LogConfig: Setting CVar [[r.AmbientOcclusionRadiusScale:1.0]]
[2019.11.22-18.55.45:465][  0]LogConfig: Setting CVar [[r.DepthOfFieldQuality:2]]
[2019.11.22-18.55.45:465][  0]LogConfig: Setting CVar [[r.RenderTargetPoolMin:400]]
[2019.11.22-18.55.45:465][  0]LogConfig: Setting CVar [[r.LensFlareQuality:2]]
[2019.11.22-18.55.45:465][  0]LogConfig: Setting CVar [[r.SceneColorFringeQuality:1]]
[2019.11.22-18.55.45:465][  0]LogConfig: Setting CVar [[r.EyeAdaptationQuality:2]]
[2019.11.22-18.55.45:465][  0]LogConfig: Setting CVar [[r.BloomQuality:5]]
[2019.11.22-18.55.45:465][  0]LogConfig: Setting CVar [[r.FastBlurThreshold:100]]
[2019.11.22-18.55.45:465][  0]LogConfig: Setting CVar [[r.Upscale.Quality:3]]
[2019.11.22-18.55.45:465][  0]LogConfig: Setting CVar [[r.Tonemapper.GrainQuantization:1]]
[2019.11.22-18.55.45:465][  0]LogConfig: Setting CVar [[r.LightShaftQuality:1]]
[2019.11.22-18.55.45:465][  0]LogConfig: Setting CVar [[r.Filter.SizeScale:1]]
[2019.11.22-18.55.45:465][  0]LogConfig: Setting CVar [[r.Tonemapper.Quality:5]]
[2019.11.22-18.55.45:465][  0]LogConfig: Setting CVar [[r.DOF.Gather.AccumulatorQuality:1        ; higher gathering accumulator quality]]
[2019.11.22-18.55.45:465][  0]LogConfig: Setting CVar [[r.DOF.Gather.PostfilterMethod:1          ; Median3x3 postfilering method]]
[2019.11.22-18.55.45:465][  0]LogConfig: Setting CVar [[r.DOF.Gather.EnableBokehSettings:0       ; no bokeh simulation when gathering]]
[2019.11.22-18.55.45:465][  0]LogConfig: Setting CVar [[r.DOF.Gather.RingCount:4                 ; medium number of samples when gathering]]
[2019.11.22-18.55.45:465][  0]LogConfig: Setting CVar [[r.DOF.Scatter.ForegroundCompositing:1    ; additive foreground scattering]]
[2019.11.22-18.55.45:465][  0]LogConfig: Setting CVar [[r.DOF.Scatter.BackgroundCompositing:2    ; additive background scattering]]
[2019.11.22-18.55.45:465][  0]LogConfig: Setting CVar [[r.DOF.Scatter.EnableBokehSettings:1      ; bokeh simulation when scattering]]
[2019.11.22-18.55.45:465][  0]LogConfig: Setting CVar [[r.DOF.Scatter.MaxSpriteRatio:0.1         ; only a maximum of 10% of scattered bokeh]]
[2019.11.22-18.55.45:465][  0]LogConfig: Setting CVar [[r.DOF.Recombine.Quality:1                ; cheap slight out of focus]]
[2019.11.22-18.55.45:466][  0]LogConfig: Setting CVar [[r.DOF.Recombine.EnableBokehSettings:0    ; no bokeh simulation on slight out of focus]]
[2019.11.22-18.55.45:466][  0]LogConfig: Setting CVar [[r.DOF.TemporalAAQuality:1                ; more stable temporal accumulation]]
[2019.11.22-18.55.45:466][  0]LogConfig: Setting CVar [[r.DOF.Kernel.MaxForegroundRadius:0.025]]
[2019.11.22-18.55.45:466][  0]LogConfig: Setting CVar [[r.DOF.Kernel.MaxBackgroundRadius:0.025]]
[2019.11.22-18.55.45:466][  0]LogConfig: Applying CVar settings from Section [TextureQuality@3] File [D:/Repos/GameAI/PathfindingLab/Saved/Config/Windows/Scalability.ini]
[2019.11.22-18.55.45:466][  0]LogConfig: Setting CVar [[r.Streaming.MipBias:0]]
[2019.11.22-18.55.45:466][  0]LogConfig: Setting CVar [[r.Streaming.AmortizeCPUToGPUCopy:0]]
[2019.11.22-18.55.45:466][  0]LogConfig: Setting CVar [[r.Streaming.MaxNumTexturesToStreamPerFrame:0]]
[2019.11.22-18.55.45:466][  0]LogConfig: Setting CVar [[r.Streaming.Boost:1]]
[2019.11.22-18.55.45:466][  0]LogConfig: Setting CVar [[r.MaxAnisotropy:8]]
[2019.11.22-18.55.45:466][  0]LogConfig: Setting CVar [[r.Streaming.LimitPoolSizeToVRAM:0]]
[2019.11.22-18.55.45:466][  0]LogConfig: Setting CVar [[r.Streaming.PoolSize:1000]]
[2019.11.22-18.55.45:466][  0]LogConfig: Setting CVar [[r.Streaming.MaxEffectiveScreenSize:0]]
[2019.11.22-18.55.45:466][  0]LogConfig: Applying CVar settings from Section [EffectsQuality@3] File [D:/Repos/GameAI/PathfindingLab/Saved/Config/Windows/Scalability.ini]
[2019.11.22-18.55.45:466][  0]LogConfig: Setting CVar [[r.TranslucencyLightingVolumeDim:64]]
[2019.11.22-18.55.45:466][  0]LogConfig: Setting CVar [[r.RefractionQuality:2]]
[2019.11.22-18.55.45:466][  0]LogConfig: Setting CVar [[r.SSR.Quality:3]]
[2019.11.22-18.55.45:466][  0]LogConfig: Setting CVar [[r.SceneColorFormat:4]]
[2019.11.22-18.55.45:466][  0]LogConfig: Setting CVar [[r.DetailMode:2]]
[2019.11.22-18.55.45:466][  0]LogConfig: Setting CVar [[r.TranslucencyVolumeBlur:1]]
[2019.11.22-18.55.45:466][  0]LogConfig: Setting CVar [[r.MaterialQualityLevel:1 ; High quality]]
[2019.11.22-18.55.45:466][  0]LogConfig: Setting CVar [[r.SSS.Scale:1]]
[2019.11.22-18.55.45:466][  0]LogConfig: Setting CVar [[r.SSS.SampleSet:2]]
[2019.11.22-18.55.45:466][  0]LogConfig: Setting CVar [[r.SSS.Quality:1]]
[2019.11.22-18.55.45:466][  0]LogConfig: Setting CVar [[r.SSS.HalfRes:1]]
[2019.11.22-18.55.45:466][  0]LogConfig: Setting CVar [[r.EmitterSpawnRateScale:1.0]]
[2019.11.22-18.55.45:466][  0]LogConfig: Setting CVar [[r.ParticleLightQuality:2]]
[2019.11.22-18.55.45:466][  0]LogConfig: Applying CVar settings from Section [FoliageQuality@3] File [D:/Repos/GameAI/PathfindingLab/Saved/Config/Windows/Scalability.ini]
[2019.11.22-18.55.45:466][  0]LogConfig: Setting CVar [[foliage.DensityScale:1.0]]
[2019.11.22-18.55.45:466][  0]LogConfig: Setting CVar [[grass.DensityScale:1.0]]
[2019.11.22-18.55.45:466][  0]LogConfig: Applying CVar settings from Section [Startup] File [../../../Engine/Config/ConsoleVariables.ini]
[2019.11.22-18.55.45:466][  0]LogConfig: Setting CVar [[net.UseAdaptiveNetUpdateFrequency:0]]
[2019.11.22-18.55.45:466][  0]LogConfig: Setting CVar [[p.chaos.AllowCreatePhysxBodies:1]]
[2019.11.22-18.55.45:466][  0]LogConfig: Applying CVar settings from Section [ConsoleVariables] File [D:/Repos/GameAI/PathfindingLab/Saved/Config/Windows/Engine.ini]
[2019.11.22-18.55.45:466][  0]LogInit: Computer: DESKTOP-TJ4L05U
[2019.11.22-18.55.45:466][  0]LogInit: User: Lance
[2019.11.22-18.55.45:466][  0]LogInit: CPU Page size=4096, Cores=4
[2019.11.22-18.55.45:466][  0]LogInit: High frequency timer resolution =10.000000 MHz
[2019.11.22-18.55.45:466][  0]LogMemory: Memory total: Physical=11.9GB (12GB approx)
[2019.11.22-18.55.45:466][  0]LogMemory: Platform Memory Stats for Windows
[2019.11.22-18.55.45:466][  0]LogMemory: Process Physical Memory: 100.15 MB used, 100.15 MB peak
[2019.11.22-18.55.45:466][  0]LogMemory: Process Virtual Memory: 91.25 MB used, 91.25 MB peak
[2019.11.22-18.55.45:466][  0]LogMemory: Physical Memory: 7674.21 MB used,  4475.75 MB free, 12149.95 MB total
[2019.11.22-18.55.45:467][  0]LogMemory: Virtual Memory: 4692.04 MB used,  134213032.00 MB free, 134217728.00 MB total
[2019.11.22-18.55.45:498][  0]LogInit: Using OS detected language (en-US).
[2019.11.22-18.55.45:498][  0]LogInit: Using OS detected locale (en-US).
[2019.11.22-18.55.45:499][  0]LogTextLocalizationManager: No specific localization for 'en-US' exists, so the 'en' localization will be used.
[2019.11.22-18.55.45:670][  0]LogInit: Setting process to per monitor DPI aware
[2019.11.22-18.55.45:704][  0]LogSlate: New Slate User Created.  User Index 0, Is Virtual User: 0
[2019.11.22-18.55.45:704][  0]LogSlate: Slate User Registered.  User Index 0, Is Virtual User: 0
[2019.11.22-18.55.45:914][  0]LogHMD: Failed to initialize OpenVR with code 110
[2019.11.22-18.55.45:914][  0]LogD3D11RHI: D3D11 adapters:
[2019.11.22-18.55.45:983][  0]LogD3D11RHI:    0. 'NVIDIA GeForce GTX 1050' (Feature Level 11_0)
[2019.11.22-18.55.45:983][  0]LogD3D11RHI:       4021/0/6074 MB DedicatedVideo/DedicatedSystem/SharedSystem, Outputs:1, VendorId:0x10de
[2019.11.22-18.55.45:998][  0]LogD3D11RHI:    1. 'Intel(R) HD Graphics 630' (Feature Level 11_0)
[2019.11.22-18.55.45:998][  0]LogD3D11RHI:       128/0/6074 MB DedicatedVideo/DedicatedSystem/SharedSystem, Outputs:0, VendorId:0x8086
[2019.11.22-18.55.46:000][  0]LogD3D11RHI:    2. 'Microsoft Basic Render Driver' (Feature Level 11_0)
[2019.11.22-18.55.46:000][  0]LogD3D11RHI:       0/0/6074 MB DedicatedVideo/DedicatedSystem/SharedSystem, Outputs:0, VendorId:0x1414
[2019.11.22-18.55.46:000][  0]LogD3D11RHI: Chosen D3D11 Adapter: 0
[2019.11.22-18.55.46:036][  0]LogD3D11RHI: Creating new Direct3DDevice
[2019.11.22-18.55.46:036][  0]LogD3D11RHI:     GPU DeviceId: 0x1c8d (for the marketing name, search the web for "GPU Device Id")
[2019.11.22-18.55.46:036][  0]LogWindows: EnumDisplayDevices:
[2019.11.22-18.55.46:036][  0]LogWindows:    0. 'Intel(R) HD Graphics 630' (P:1 D:1)
[2019.11.22-18.55.46:036][  0]LogWindows:    1. 'Intel(R) HD Graphics 630' (P:0 D:0)
[2019.11.22-18.55.46:037][  0]LogWindows:    2. 'Intel(R) HD Graphics 630' (P:0 D:0)
[2019.11.22-18.55.46:037][  0]LogWindows: DebugString: PrimaryIsNotTheChoosenAdapter PrimaryIsNotTheChoosenAdapter PrimaryIsNotTheChoosenAdapter FoundDriverCount:0 
[2019.11.22-18.55.46:037][  0]LogD3D11RHI:     Adapter Name: NVIDIA GeForce GTX 1050
[2019.11.22-18.55.46:037][  0]LogD3D11RHI:   Driver Version: Unknown (internal:Unknown, unified:Unknown)
[2019.11.22-18.55.46:037][  0]LogD3D11RHI:      Driver Date: Unknown
[2019.11.22-18.55.46:037][  0]LogRHI: Texture pool is 2814 MB (70% of 4021 MB)
[2019.11.22-18.55.46:086][  0]LogD3D11RHI: Async texture creation enabled
[2019.11.22-18.55.46:090][  0]LogRendererCore: FGlobalReadBuffer::InitRHI
[2019.11.22-18.55.46:090][  0]LogRendererCore: FGlobalReadBuffer::InitRHI
[2019.11.22-18.55.46:090][  0]LogRendererCore: FGlobalReadBuffer::InitRHI
[2019.11.22-18.55.46:104][  0]LogD3D11RHI: GPU Timing Frequency: 1000.000000 (Debug: 2 2)
[2019.11.22-18.55.46:445][  0]LogTemp: Display: Module 'AllDesktopTargetPlatform' loaded TargetPlatform 'AllDesktop'
[2019.11.22-18.55.46:458][  0]LogTemp: Display: Module 'MacClientTargetPlatform' loaded TargetPlatform 'MacClient'
[2019.11.22-18.55.46:472][  0]LogTemp: Display: Module 'MacNoEditorTargetPlatform' loaded TargetPlatform 'MacNoEditor'
[2019.11.22-18.55.46:487][  0]LogTemp: Display: Module 'MacServerTargetPlatform' loaded TargetPlatform 'MacServer'
[2019.11.22-18.55.46:501][  0]LogTemp: Display: Module 'MacTargetPlatform' loaded TargetPlatform 'Mac'
[2019.11.22-18.55.46:514][  0]LogTemp: Display: Module 'WindowsClientTargetPlatform' loaded TargetPlatform 'WindowsClient'
[2019.11.22-18.55.46:527][  0]LogTemp: Display: Module 'WindowsNoEditorTargetPlatform' loaded TargetPlatform 'WindowsNoEditor'
[2019.11.22-18.55.46:540][  0]LogTemp: Display: Module 'WindowsServerTargetPlatform' loaded TargetPlatform 'WindowsServer'
[2019.11.22-18.55.46:546][  0]LogTemp: Display: Module 'WindowsTargetPlatform' loaded TargetPlatform 'Windows'
[2019.11.22-18.55.46:627][  0]LogTemp: Display: Module 'AndroidTargetPlatform' loaded TargetPlatform 'Android'
[2019.11.22-18.55.46:628][  0]LogTemp: Display: Module 'AndroidTargetPlatform' loaded TargetPlatform 'Android_ASTC'
[2019.11.22-18.55.46:628][  0]LogTemp: Display: Module 'AndroidTargetPlatform' loaded TargetPlatform 'Android_ATC'
[2019.11.22-18.55.46:628][  0]LogTemp: Display: Module 'AndroidTargetPlatform' loaded TargetPlatform 'Android_DXT'
[2019.11.22-18.55.46:628][  0]LogTemp: Display: Module 'AndroidTargetPlatform' loaded TargetPlatform 'Android_ETC1'
[2019.11.22-18.55.46:628][  0]LogTemp: Display: Module 'AndroidTargetPlatform' loaded TargetPlatform 'Android_ETC1a'
[2019.11.22-18.55.46:628][  0]LogTemp: Display: Module 'AndroidTargetPlatform' loaded TargetPlatform 'Android_ETC2'
[2019.11.22-18.55.46:628][  0]LogTemp: Display: Module 'AndroidTargetPlatform' loaded TargetPlatform 'Android_PVRTC'
[2019.11.22-18.55.46:628][  0]LogTemp: Display: Module 'AndroidTargetPlatform' loaded TargetPlatform 'AndroidClient'
[2019.11.22-18.55.46:628][  0]LogTemp: Display: Module 'AndroidTargetPlatform' loaded TargetPlatform 'Android_ASTCClient'
[2019.11.22-18.55.46:628][  0]LogTemp: Display: Module 'AndroidTargetPlatform' loaded TargetPlatform 'Android_ATCClient'
[2019.11.22-18.55.46:628][  0]LogTemp: Display: Module 'AndroidTargetPlatform' loaded TargetPlatform 'Android_DXTClient'
[2019.11.22-18.55.46:628][  0]LogTemp: Display: Module 'AndroidTargetPlatform' loaded TargetPlatform 'Android_ETC1Client'
[2019.11.22-18.55.46:628][  0]LogTemp: Display: Module 'AndroidTargetPlatform' loaded TargetPlatform 'Android_ETC1aClient'
[2019.11.22-18.55.46:628][  0]LogTemp: Display: Module 'AndroidTargetPlatform' loaded TargetPlatform 'Android_ETC2Client'
[2019.11.22-18.55.46:628][  0]LogTemp: Display: Module 'AndroidTargetPlatform' loaded TargetPlatform 'Android_PVRTCClient'
[2019.11.22-18.55.46:628][  0]LogTemp: Display: Module 'AndroidTargetPlatform' loaded TargetPlatform 'Android_Multi'
[2019.11.22-18.55.46:628][  0]LogTemp: Display: Module 'AndroidTargetPlatform' loaded TargetPlatform 'Android_MultiClient'
[2019.11.22-18.55.46:630][  0]LogTemp: Display: Module 'HTML5TargetPlatform' loaded TargetPlatform 'HTML5'
[2019.11.22-18.55.46:679][  0]LogTemp: Display: Module 'IOSTargetPlatform' loaded TargetPlatform 'IOSClient'
[2019.11.22-18.55.46:679][  0]LogTemp: Display: Module 'IOSTargetPlatform' loaded TargetPlatform 'IOS'
[2019.11.22-18.55.46:703][  0]LogTemp: Display: Module 'TVOSTargetPlatform' loaded TargetPlatform 'TVOSClient'
[2019.11.22-18.55.46:703][  0]LogTemp: Display: Module 'TVOSTargetPlatform' loaded TargetPlatform 'TVOS'
[2019.11.22-18.55.46:716][  0]LogTemp: Display: Module 'LinuxClientTargetPlatform' loaded TargetPlatform 'LinuxClient'
[2019.11.22-18.55.46:727][  0]LogTemp: Display: Module 'LinuxNoEditorTargetPlatform' loaded TargetPlatform 'LinuxNoEditor'
[2019.11.22-18.55.46:740][  0]LogTemp: Display: Module 'LinuxServerTargetPlatform' loaded TargetPlatform 'LinuxServer'
[2019.11.22-18.55.46:753][  0]LogTemp: Display: Module 'LinuxTargetPlatform' loaded TargetPlatform 'Linux'
[2019.11.22-18.55.46:797][  0]LogTemp: Display: Module 'LuminTargetPlatform' loaded TargetPlatform 'Lumin'
[2019.11.22-18.55.46:797][  0]LogTemp: Display: Module 'LuminTargetPlatform' loaded TargetPlatform 'LuminClient'
[2019.11.22-18.55.46:797][  0]LogTargetPlatformManager: Display: Building Assets For Windows
[2019.11.22-18.55.46:805][  0]LogAudioDebug: Display: Lib vorbis DLL was dynamically loaded.
[2019.11.22-18.55.46:845][  0]LogShaderCompilers: Guid format shader working directory is 4 characters bigger than the processId version (../../../../../Repos/GameAI/PathfindingLab/Intermediate/Shaders/WorkingDirectory/7852/).
[2019.11.22-18.55.46:845][  0]LogShaderCompilers: Cleaned the shader compiler working directory 'C:/Users/Lance/AppData/Local/Temp/UnrealShaderWorkingDir/56C2C4F64129C1D2C47402B071F2237C/'.
[2019.11.22-18.55.46:847][  0]LogXGEController: Cannot use XGE Controller as Incredibuild is not installed on this machine.
[2019.11.22-18.55.46:847][  0]LogShaderCompilers: Cannot use XGE Shader Compiler as Incredibuild is not installed on this machine.
[2019.11.22-18.55.46:847][  0]LogShaderCompilers: Display: Using Local Shader Compiler.
[2019.11.22-18.55.47:431][  0]LogDerivedDataCache: Display: Max Cache Size: 512 MB
[2019.11.22-18.55.47:484][  0]LogDerivedDataCache: Loaded boot cache 0.05s 71MB C:/Users/Lance/AppData/Local/UnrealEngine/4.22/DerivedDataCache/Boot.ddc.
[2019.11.22-18.55.47:485][  0]LogDerivedDataCache: Display: Loaded Boot cache: C:/Users/Lance/AppData/Local/UnrealEngine/4.22/DerivedDataCache/Boot.ddc
[2019.11.22-18.55.47:485][  0]LogDerivedDataCache: FDerivedDataBackendGraph:  Pak pak cache file ../../../../../Repos/GameAI/PathfindingLab/DerivedDataCache/DDC.ddp not found, will not use a pak cache.
[2019.11.22-18.55.47:485][  0]LogDerivedDataCache: Unable to find inner node Pak for hierarchical cache Hierarchy.
[2019.11.22-18.55.47:485][  0]LogDerivedDataCache: FDerivedDataBackendGraph:  CompressedPak pak cache file ../../../../../Repos/GameAI/PathfindingLab/DerivedDataCache/Compressed.ddp not found, will not use a pak cache.
[2019.11.22-18.55.47:485][  0]LogDerivedDataCache: Unable to find inner node CompressedPak for hierarchical cache Hierarchy.
[2019.11.22-18.55.47:497][  0]LogDerivedDataCache: Display: Pak cache opened for reading ../../../Engine/DerivedDataCache/Compressed.ddp.
[2019.11.22-18.55.47:498][  0]LogDerivedDataCache: FDerivedDataBackendGraph:  EnterprisePak pak cache file ../../../Enterprise/DerivedDataCache/Compressed.ddp not found, will not use a pak cache.
[2019.11.22-18.55.47:498][  0]LogDerivedDataCache: Unable to find inner node EnterprisePak for hierarchical cache Hierarchy.
[2019.11.22-18.55.47:510][  0]LogDerivedDataCache: Using Local data cache path C:/Users/Lance/AppData/Local/UnrealEngine/Common/DerivedDataCache: Writable
[2019.11.22-18.55.47:510][  0]LogDerivedDataCache: Shared data cache path not found in *engine.ini, will not use an Shared cache.
[2019.11.22-18.55.47:510][  0]LogDerivedDataCache: Unable to find inner node Shared for hierarchical cache Hierarchy.
[2019.11.22-18.55.47:534][  0]LogMaterial: Verifying Global Shaders for PCD3D_SM5
[2019.11.22-18.55.47:535][  0]LogSlate: Using FreeType 2.6.0
[2019.11.22-18.55.47:535][  0]LogSlate: SlateFontServices - WITH_FREETYPE: 1, WITH_HARFBUZZ: 1
[2019.11.22-18.55.47:621][  0]LogAssetRegistry: FAssetRegistry took 0.0341 seconds to start up
[2019.11.22-18.55.47:937][  0]LogInit: Selected Device Profile: [Windows]
[2019.11.22-18.55.48:074][  0]LogMeshReduction: Using QuadricMeshReduction for automatic static mesh reduction
[2019.11.22-18.55.48:074][  0]LogMeshReduction: Using SimplygonMeshReduction for automatic skeletal mesh reduction
[2019.11.22-18.55.48:074][  0]LogMeshReduction: Using ProxyLODMeshReduction for automatic mesh merging
[2019.11.22-18.55.48:074][  0]LogMeshReduction: No distributed automatic mesh merging module available
[2019.11.22-18.55.48:074][  0]LogMeshMerging: No distributed automatic mesh merging module available
[2019.11.22-18.55.48:087][  0]LogNetVersion: PathFinding 1.0.0, NetCL: 5660361, EngineNetVer: 10, GameNetVer: 0 (Checksum: 315523671)
[2019.11.22-18.55.48:551][  0]LogPackageLocalizationCache: Processed 10 localized package path(s) for 1 prioritized culture(s) in 0.032641 seconds
[2019.11.22-18.55.48:559][  0]LogUObjectArray: 42205 objects as part of root set at end of initial load.
[2019.11.22-18.55.48:559][  0]LogUObjectAllocator: 7325032 out of 0 bytes used by permanent object pool.
[2019.11.22-18.55.48:559][  0]LogUObjectArray: CloseDisregardForGC: 0/0 objects in disregard for GC pool
[2019.11.22-18.55.49:385][  0]LogTcpMessaging: Initializing TcpMessaging bridge
[2019.11.22-18.55.49:398][  0]LogUdpMessaging: Initializing bridge on interface 0.0.0.0:0 to multicast group 230.0.0.1:6666.
[2019.11.22-18.55.51:240][  0]SourceControl: Source control is disabled
[2019.11.22-18.55.51:240][  0]SourceControl: Source control is disabled
[2019.11.22-18.55.51:242][  0]SourceControl: Source control is disabled
[2019.11.22-18.55.51:243][  0]SourceControl: Source control is disabled
[2019.11.22-18.55.51:316][  0]LogAndroidPermission: UAndroidPermissionCallbackProxy::GetInstance
[2019.11.22-18.55.51:439][  0]LogOcInput: OculusInput pre-init called
[2019.11.22-18.55.52:122][  0]LogEngine: Initializing Engine...
[2019.11.22-18.55.52:124][  0]LogHMD: Failed to initialize OpenVR with code 110
[2019.11.22-18.55.52:125][  0]LogStats: UGameplayTagsManager::InitializeManager -  0.000 s
[2019.11.22-18.55.52:364][  0]LogInit: Initializing FReadOnlyCVARCache
[2019.11.22-18.55.52:374][  0]LogAIModule: Creating AISystem for world Untitled
[2019.11.22-18.55.52:468][  0]LogInit: XAudio2 using 'Speakers (USB Audio Device)' : 2 channels at 48 kHz using 16 bits per sample (channel mask 0x3)
[2019.11.22-18.55.52:488][  0]LogInit: FAudioDevice initialized.
[2019.11.22-18.55.52:488][  0]LogNetVersion: Set ProjectVersion to 1.0.0.0. Version Checksum will be recalculated on next use.
[2019.11.22-18.55.52:573][  0]LogDerivedDataCache: Saved boot cache 0.09s 71MB C:/Users/Lance/AppData/Local/UnrealEngine/4.22/DerivedDataCache/Boot.ddc.
[2019.11.22-18.55.52:578][  0]LogInit: Texture streaming: Enabled
[2019.11.22-18.55.52:593][  0]LogEngineSessionManager: EngineSessionManager initialized
[2019.11.22-18.55.52:610][  0]LogInit: Transaction tracking system initialized
[2019.11.22-18.55.52:626][  0]BlueprintLog: New page: Editor Load
[2019.11.22-18.55.52:689][  0]LocalizationService: Localization service is disabled
[2019.11.22-18.55.52:957][  0]LogFileCache: Scanning file cache for directory 'D:/Repos/GameAI/PathfindingLab/Content/' took 0.01s
[2019.11.22-18.55.52:957][  0]LogCook: Display: Max memory allowance for cook 16384mb min free memory 0mb
[2019.11.22-18.55.52:958][  0]LogCook: Display: Mobile HDR setting 1
[2019.11.22-18.55.53:114][  0]SourceControl: Source control is disabled
[2019.11.22-18.55.53:114][  0]Cmd: MAP LOAD FILE="../../../../../Repos/GameAI/PathfindingLab/Content/PathfindingMap.umap" TEMPLATE=0 SHOWPROGRESS=1 FEATURELEVEL=3
[2019.11.22-18.55.53:114][  0]LightingResults: New page: Lighting Build
[2019.11.22-18.55.53:116][  0]MapCheck: New page: Map Check
[2019.11.22-18.55.53:116][  0]LightingResults: New page: Lighting Build
[2019.11.22-18.55.53:141][  0]LogUObjectHash: Compacting FUObjectHashTables data took   1.46ms
[2019.11.22-18.55.53:842][  0]LogAIModule: Creating AISystem for world PathfindingMap
[2019.11.22-18.55.53:848][  0]LogEditorServer: Finished looking for orphan Actors (0.000 secs)
[2019.11.22-18.55.53:875][  0]LogUObjectHash: Compacting FUObjectHashTables data took   2.03ms
[2019.11.22-18.55.53:875][  0]Cmd: MAP CHECKDEP NOCLEARLOG
[2019.11.22-18.55.53:875][  0]MapCheck: Map check complete: 0 Error(s), 0 Warning(s), took 0.068ms to complete.
[2019.11.22-18.55.53:875][  0]LogFileHelpers: Loading map 'PathfindingMap' took 0.762
[2019.11.22-18.55.54:167][  0]LogSlate: Updating window title bar state: overlay mode, drag disabled, window buttons hidden, title bar hidden
[2019.11.22-18.55.54:176][  0]LogSlate: Updating window title bar state: overlay mode, drag disabled, window buttons hidden, title bar hidden
[2019.11.22-18.55.54:183][  0]LogSlate: Updating window title bar state: overlay mode, drag disabled, window buttons hidden, title bar hidden
[2019.11.22-18.55.54:190][  0]LogSlate: Updating window title bar state: overlay mode, drag disabled, window buttons hidden, title bar hidden
[2019.11.22-18.55.54:241][  0]LogCollectionManager: Loaded 0 collections in 0.000905 seconds
[2019.11.22-18.55.54:281][  0]LogFileCache: Scanning file cache for directory 'D:/Repos/GameAI/PathfindingLab/Saved/Collections/' took 0.01s
[2019.11.22-18.55.54:281][  0]LogFileCache: Scanning file cache for directory 'D:/Repos/GameAI/PathfindingLab/Content/Developers/Lance/Collections/' took 0.01s
[2019.11.22-18.55.54:281][  0]LogFileCache: Scanning file cache for directory 'D:/Repos/GameAI/PathfindingLab/Content/Collections/' took 0.01s
[2019.11.22-18.55.54:281][  0]LogCollectionManager: Rebuilt the GUID cache for 0 collections in 0.000000 seconds
[2019.11.22-18.55.54:289][  0]LogContentBrowser: Native class hierarchy populated in 0.0091 seconds. Added 2742 classes and 662 folders.
[2019.11.22-18.55.54:295][  0]LogContentBrowser: Native class hierarchy updated for 'WidgetCarousel' in 0.0005 seconds. Added 0 classes and 0 folders.
[2019.11.22-18.55.54:400][  0]LogPakFile: Registered encryption key '00000000000000000000000000000000': 0 pak files mounted, 0 remain pending
[2019.11.22-18.55.54:488][  0]LogPakFile: Registered encryption key '00000000000000000000000000000000': 0 pak files mounted, 0 remain pending
[2019.11.22-18.55.54:534][  0]LogPakFile: Registered encryption key '00000000000000000000000000000000': 0 pak files mounted, 0 remain pending
[2019.11.22-18.55.54:535][  0]LogPakFile: Registered encryption key '00000000000000000000000000000000': 0 pak files mounted, 0 remain pending
[2019.11.22-18.55.54:537][  0]LogPakFile: Registered encryption key '00000000000000000000000000000000': 0 pak files mounted, 0 remain pending
[2019.11.22-18.55.54:538][  0]LogPakFile: Registered encryption key '00000000000000000000000000000000': 0 pak files mounted, 0 remain pending
[2019.11.22-18.55.54:541][  0]LogPakFile: Registered encryption key '00000000000000000000000000000000': 0 pak files mounted, 0 remain pending
[2019.11.22-18.55.54:571][  0]LogPakFile: Registered encryption key '00000000000000000000000000000000': 0 pak files mounted, 0 remain pending
[2019.11.22-18.55.54:574][  0]LogPakFile: Registered encryption key '00000000000000000000000000000000': 0 pak files mounted, 0 remain pending
[2019.11.22-18.55.54:576][  0]LogPakFile: Registered encryption key '00000000000000000000000000000000': 0 pak files mounted, 0 remain pending
[2019.11.22-18.55.54:578][  0]LogPakFile: Registered encryption key '00000000000000000000000000000000': 0 pak files mounted, 0 remain pending
[2019.11.22-18.55.54:631][  0]LogPakFile: Registered encryption key '00000000000000000000000000000000': 0 pak files mounted, 0 remain pending
[2019.11.22-18.55.54:632][  0]LogPakFile: Registered encryption key '00000000000000000000000000000000': 0 pak files mounted, 0 remain pending
[2019.11.22-18.55.54:634][  0]LogPakFile: Registered encryption key '00000000000000000000000000000000': 0 pak files mounted, 0 remain pending
[2019.11.22-18.55.54:636][  0]LogPakFile: Registered encryption key '00000000000000000000000000000000': 0 pak files mounted, 0 remain pending
[2019.11.22-18.55.54:726][  0]LogPakFile: Registered encryption key '00000000000000000000000000000000': 0 pak files mounted, 0 remain pending
[2019.11.22-18.55.54:936][  0]LogPakFile: Registered encryption key '00000000000000000000000000000000': 0 pak files mounted, 0 remain pending
[2019.11.22-18.55.54:993][  0]LogPakFile: Registered encryption key '00000000000000000000000000000000': 0 pak files mounted, 0 remain pending
[2019.11.22-18.55.55:083][  0]LogPakFile: Registered encryption key '00000000000000000000000000000000': 0 pak files mounted, 0 remain pending
[2019.11.22-18.55.55:216][  0]LogPakFile: Registered encryption key '00000000000000000000000000000000': 0 pak files mounted, 0 remain pending
[2019.11.22-18.55.55:272][  0]LogPakFile: Registered encryption key '00000000000000000000000000000000': 0 pak files mounted, 0 remain pending
[2019.11.22-18.55.55:339][  0]LogPakFile: Registered encryption key '00000000000000000000000000000000': 0 pak files mounted, 0 remain pending
[2019.11.22-18.55.55:404][  0]LogPakFile: Registered encryption key '00000000000000000000000000000000': 0 pak files mounted, 0 remain pending
[2019.11.22-18.55.55:407][  0]LogPakFile: Registered encryption key '00000000000000000000000000000000': 0 pak files mounted, 0 remain pending
[2019.11.22-18.55.55:453][  0]LogPakFile: Registered encryption key '00000000000000000000000000000000': 0 pak files mounted, 0 remain pending
[2019.11.22-18.55.55:456][  0]LogPakFile: Registered encryption key '00000000000000000000000000000000': 0 pak files mounted, 0 remain pending
[2019.11.22-18.55.57:360][  0]LogContentBrowser: Native class hierarchy updated for 'AddContentDialog' in 0.0011 seconds. Added 0 classes and 0 folders.
[2019.11.22-18.55.57:520][  0]LogContentBrowser: Native class hierarchy updated for 'SceneOutliner' in 0.0007 seconds. Added 1 classes and 2 folders.
[2019.11.22-18.55.57:556][  0]LogSlate: Took 0.000296 seconds to synchronously load lazily loaded font '../../../Engine/Content/Slate/Fonts/Roboto-Regular.ttf' (155K)
[2019.11.22-18.55.57:561][  0]LogSlate: Took 0.000298 seconds to synchronously load lazily loaded font '../../../Engine/Content/Slate/Fonts/Roboto-Bold.ttf' (160K)
[2019.11.22-18.55.57:585][  0]LogSlate: Took 0.015759 seconds to synchronously load lazily loaded font '../../../Engine/Content/Editor/Slate/Fonts/FontAwesome.ttf' (139K)
[2019.11.22-18.55.57:948][  0]LogRenderer: Reallocating scene render targets to support 964x436 Format 10 NumSamples 1 (Frame:1).
[2019.11.22-18.55.58:027][  0]LogSlate: Took 0.017619 seconds to synchronously load lazily loaded font '../../../Engine/Content/Slate/Fonts/Roboto-Light.ttf' (167K)
[2019.11.22-18.55.58:167][  0]LogContentBrowser: Native class hierarchy updated for 'HierarchicalLODOutliner' in 0.0004 seconds. Added 0 classes and 0 folders.
[2019.11.22-18.55.58:168][  0]LogLoad: (Engine Initialization) Total time: 27.75 seconds
[2019.11.22-18.55.58:168][  0]LogLoad: (Engine Initialization) Total Blueprint compile time: 0.00 seconds
[2019.11.22-18.55.58:206][  0]LogContentStreaming: Texture pool size now 1000 MB
[2019.11.22-18.56.00:586][135]LogAssetRegistry: Asset discovery search completed in 12.9875 seconds
[2019.11.22-18.56.00:588][135]LogCollectionManager: Rebuilt the object cache for 0 collections in 0.000000 seconds (found 0 objects)
[2019.11.22-18.56.00:588][135]LogCollectionManager: Fixed up redirectors for 0 collections in 0.000048 seconds (updated 0 objects)
[2019.11.22-18.56.08:756][624]LogSlate: FSceneViewport::OnFocusLost() reason 0
[2019.11.22-18.56.15:769][ 42]LogSlate: Took 0.000188 seconds to synchronously load lazily loaded font '../../../Engine/Content/Slate/Fonts/Roboto-Light.ttf' (167K)
[2019.11.22-18.56.15:779][ 42]LogAssetEditorManager: Opening Asset editor for Class /Script/PathFinding.StatePathfinder
[2019.11.22-20.02.21:109][114]Candidate modules for hot reload:
[2019.11.22-20.02.21:109][114]  PathFinding
[2019.11.22-20.02.21:123][114]Launching UnrealBuildTool... [D:/Unreal/UE_4.22/Engine/Binaries/DotNET/UnrealBuildTool.exe  -ModuleWithSuffix=PathFinding,4277 Win64 Development -TargetType=Editor -Project="D:/Repos/GameAI/PathfindingLab/PathFinding.uproject" "D:/Repos/GameAI/PathfindingLab/PathFinding.uproject"  -IgnoreJunk]
[2019.11.22-20.02.21:125][114]Warning: Starting HotReload took  0.2s.
[2019.11.22-20.09.00:927][951]CompilerResultsLog: New page: Compilation - Nov 22, 2019, 10:09:00 AM
[2019.11.22-20.09.01:278][951]CompilerResultsLog: Using 'git status' to determine working set for adaptive non-unity build (D:\Repos\GameAI).
[2019.11.22-20.09.01:278][951]CompilerResultsLog: Creating makefile for PathFindingEditor (ini files are newer than makefile)
[2019.11.22-20.09.01:278][951]CompilerResultsLog: Parsing headers for PathFindingEditor
[2019.11.22-20.09.01:278][951]CompilerResultsLog:   Running UnrealHeaderTool "D:\Repos\GameAI\PathfindingLab\PathFinding.uproject" "D:\Repos\GameAI\PathfindingLab\Intermediate\Build\Win64\PathFindingEditor\Development\PathFindingEditor.uhtmanifest" -LogCmds="loginit warning, logexit warning, logdatabase error" -Unattended -WarningsAsErrors -installed
[2019.11.22-20.09.01:278][951]CompilerResultsLog: Reflection code generated for PathFindingEditor in 17.4265973 seconds
[2019.11.22-20.09.01:278][951]CompilerResultsLog: Using Visual Studio 2017 14.16.27023 toolchain (C:\Program Files (x86)\Microsoft Visual Studio\2017\Community\VC\Tools\MSVC\14.16.27023) and Windows 10.0.16299.0 SDK (C:\Program Files (x86)\Windows Kits\10).
[2019.11.22-20.09.01:278][951]CompilerResultsLog: Building 15 actions with 8 processes...
[2019.11.22-20.09.01:278][951]LogMainFrame: MainFrame: Module compiling took 400.291 seconds
[2019.11.22-20.09.01:301][951]Warning: HotReload failed, recompile failed
[2019.11.22-20.09.07:685][310]LogSlate: Window 'Message Log' being destroyed
[2019.11.22-20.09.07:693][310]LogSlate: Window 'Message Log' being destroyed
[2019.11.22-20.09.08:761][373]Candidate modules for hot reload:
[2019.11.22-20.09.08:761][373]  PathFinding
[2019.11.22-20.09.08:762][373]Launching UnrealBuildTool... [D:/Unreal/UE_4.22/Engine/Binaries/DotNET/UnrealBuildTool.exe  -ModuleWithSuffix=PathFinding,2885 Win64 Development -TargetType=Editor -Project="D:/Repos/GameAI/PathfindingLab/PathFinding.uproject" "D:/Repos/GameAI/PathfindingLab/PathFinding.uproject"  -IgnoreJunk]
[2019.11.22-20.09.08:763][373]Warning: Starting HotReload took  0.0s.
[2019.11.22-20.09.48:796][760]CompilerResultsLog: New page: Compilation - Nov 22, 2019, 10:09:48 AM
[2019.11.22-20.09.48:797][760]CompilerResultsLog: Using 'git status' to determine working set for adaptive non-unity build (D:\Repos\GameAI).
[2019.11.22-20.09.48:797][760]CompilerResultsLog: Parsing headers for PathFindingEditor
[2019.11.22-20.09.48:797][760]CompilerResultsLog:   Running UnrealHeaderTool "D:\Repos\GameAI\PathfindingLab\PathFinding.uproject" "D:\Repos\GameAI\PathfindingLab\Intermediate\Build\Win64\PathFindingEditor\Development\PathFindingEditor.uhtmanifest" -LogCmds="loginit warning, logexit warning, logdatabase error" -Unattended -WarningsAsErrors -installed
[2019.11.22-20.09.48:797][760]CompilerResultsLog: Reflection code generated for PathFindingEditor in 7.0685517 seconds
[2019.11.22-20.09.48:797][760]CompilerResultsLog: Using Visual Studio 2017 14.16.27023 toolchain (C:\Program Files (x86)\Microsoft Visual Studio\2017\Community\VC\Tools\MSVC\14.16.27023) and Windows 10.0.16299.0 SDK (C:\Program Files (x86)\Windows Kits\10).
[2019.11.22-20.09.48:797][760]CompilerResultsLog: Building 15 actions with 8 processes...
[2019.11.22-20.09.48:797][760]CompilerResultsLog:   [1/15] PathFinding.init.gen.cpp
[2019.11.22-20.09.48:797][760]CompilerResultsLog:   [2/15] SteeringActor.cpp
[2019.11.22-20.09.48:797][760]CompilerResultsLog:   D:\Unreal\UE_4.22\Engine\Source\Runtime\CoreUObject\Public\UObject/UObject.h(14): warning C4996: 'UObjectHeaderDeprecatedWarning': Including UObject.h has been deprecated. Please include Object.h instead. Please update your code to the new API before upgrading to the next release, otherwise your project will no longer compile.
[2019.11.22-20.09.48:797][760]CompilerResultsLog:   D:\Unreal\UE_4.22\Engine\Source\Runtime\CoreUObject\Public\UObject/UObject.h(8): note: see declaration of 'UObjectHeaderDeprecatedWarning'
[2019.11.22-20.09.48:797][760]CompilerResultsLog:   [3/15] StatePrimative.cpp
[2019.11.22-20.09.48:797][760]CompilerResultsLog:   D:\Unreal\UE_4.22\Engine\Source\Runtime\CoreUObject\Public\UObject/UObject.h(14): warning C4996: 'UObjectHeaderDeprecatedWarning': Including UObject.h has been deprecated. Please include Object.h instead. Please update your code to the new API before upgrading to the next release, otherwise your project will no longer compile.
[2019.11.22-20.09.48:797][760]CompilerResultsLog:   D:\Unreal\UE_4.22\Engine\Source\Runtime\CoreUObject\Public\UObject/UObject.h(8): note: see declaration of 'UObjectHeaderDeprecatedWarning'
[2019.11.22-20.09.48:798][760]CompilerResultsLog:   [4/15] PathFindingActor.cpp
[2019.11.22-20.09.48:798][760]CompilerResultsLog:   D:\Unreal\UE_4.22\Engine\Source\Runtime\CoreUObject\Public\UObject/UObject.h(14): warning C4996: 'UObjectHeaderDeprecatedWarning': Including UObject.h has been deprecated. Please include Object.h instead. Please update your code to the new API before upgrading to the next release, otherwise your project will no longer compile.
[2019.11.22-20.09.48:798][760]CompilerResultsLog:   D:\Unreal\UE_4.22\Engine\Source\Runtime\CoreUObject\Public\UObject/UObject.h(8): note: see declaration of 'UObjectHeaderDeprecatedWarning'
[2019.11.22-20.09.48:798][760]CompilerResultsLog:   D:\Repos\GameAI\PathfindingLab\Source\PathFinding\PathFindingActor.cpp(16): warning C4458: declaration of 'pos' hides class member
[2019.11.22-20.09.48:798][760]CompilerResultsLog:   d:\repos\gameai\pathfindinglab\source\pathfinding\PathFindingActor.h(44): note: see declaration of 'APathFindingActor::pos'
[2019.11.22-20.09.48:798][760]CompilerResultsLog:   [5/15] SteeringActor.gen.cpp
[2019.11.22-20.09.48:798][760]CompilerResultsLog:   D:\Unreal\UE_4.22\Engine\Source\Runtime\CoreUObject\Public\UObject/UObject.h(14): warning C4996: 'UObjectHeaderDeprecatedWarning': Including UObject.h has been deprecated. Please include Object.h instead. Please update your code to the new API before upgrading to the next release, otherwise your project will no longer compile.
[2019.11.22-20.09.48:798][760]CompilerResultsLog:   D:\Unreal\UE_4.22\Engine\Source\Runtime\CoreUObject\Public\UObject/UObject.h(8): note: see declaration of 'UObjectHeaderDeprecatedWarning'
[2019.11.22-20.09.48:798][760]CompilerResultsLog:   [6/15] PathFindingActor.gen.cpp
[2019.11.22-20.09.48:798][760]CompilerResultsLog:   D:\Unreal\UE_4.22\Engine\Source\Runtime\CoreUObject\Public\UObject/UObject.h(14): warning C4996: 'UObjectHeaderDeprecatedWarning': Including UObject.h has been deprecated. Please include Object.h instead. Please update your code to the new API before upgrading to the next release, otherwise your project will no longer compile.
[2019.11.22-20.09.48:798][760]CompilerResultsLog:   D:\Unreal\UE_4.22\Engine\Source\Runtime\CoreUObject\Public\UObject/UObject.h(8): note: see declaration of 'UObjectHeaderDeprecatedWarning'
[2019.11.22-20.09.48:798][760]CompilerResultsLog:   [7/15] StatePathfinder.gen.cpp
[2019.11.22-20.09.48:798][760]CompilerResultsLog:   D:\Unreal\UE_4.22\Engine\Source\Runtime\CoreUObject\Public\UObject/UObject.h(14): warning C4996: 'UObjectHeaderDeprecatedWarning': Including UObject.h has been deprecated. Please include Object.h instead. Please update your code to the new API before upgrading to the next release, otherwise your project will no longer compile.
[2019.11.22-20.09.48:798][760]CompilerResultsLog:   D:\Unreal\UE_4.22\Engine\Source\Runtime\CoreUObject\Public\UObject/UObject.h(8): note: see declaration of 'UObjectHeaderDeprecatedWarning'
[2019.11.22-20.09.48:798][760]CompilerResultsLog:   [8/15] ChaseState.gen.cpp
[2019.11.22-20.09.48:798][760]CompilerResultsLog:   D:\Unreal\UE_4.22\Engine\Source\Runtime\CoreUObject\Public\UObject/UObject.h(14): warning C4996: 'UObjectHeaderDeprecatedWarning': Including UObject.h has been deprecated. Please include Object.h instead. Please update your code to the new API before upgrading to the next release, otherwise your project will no longer compile.
[2019.11.22-20.09.48:798][760]CompilerResultsLog:   D:\Unreal\UE_4.22\Engine\Source\Runtime\CoreUObject\Public\UObject/UObject.h(8): note: see declaration of 'UObjectHeaderDeprecatedWarning'
[2019.11.22-20.09.48:798][760]CompilerResultsLog:   [9/15] PatrolState.cpp
[2019.11.22-20.09.48:798][760]CompilerResultsLog:   D:\Unreal\UE_4.22\Engine\Source\Runtime\CoreUObject\Public\UObject/UObject.h(14): warning C4996: 'UObjectHeaderDeprecatedWarning': Including UObject.h has been deprecated. Please include Object.h instead. Please update your code to the new API before upgrading to the next release, otherwise your project will no longer compile.
[2019.11.22-20.09.48:798][760]CompilerResultsLog:   D:\Unreal\UE_4.22\Engine\Source\Runtime\CoreUObject\Public\UObject/UObject.h(8): note: see declaration of 'UObjectHeaderDeprecatedWarning'
[2019.11.22-20.09.48:798][760]CompilerResultsLog:   [10/15] ChaseState.cpp
[2019.11.22-20.09.48:798][760]CompilerResultsLog:   D:\Unreal\UE_4.22\Engine\Source\Runtime\CoreUObject\Public\UObject/UObject.h(14): warning C4996: 'UObjectHeaderDeprecatedWarning': Including UObject.h has been deprecated. Please include Object.h instead. Please update your code to the new API before upgrading to the next release, otherwise your project will no longer compile.
[2019.11.22-20.09.48:798][760]CompilerResultsLog:   D:\Unreal\UE_4.22\Engine\Source\Runtime\CoreUObject\Public\UObject/UObject.h(8): note: see declaration of 'UObjectHeaderDeprecatedWarning'
[2019.11.22-20.09.48:798][760]CompilerResultsLog:   [11/15] ChaseReturnState.cpp
[2019.11.22-20.09.48:798][760]CompilerResultsLog:   D:\Unreal\UE_4.22\Engine\Source\Runtime\CoreUObject\Public\UObject/UObject.h(14): warning C4996: 'UObjectHeaderDeprecatedWarning': Including UObject.h has been deprecated. Please include Object.h instead. Please update your code to the new API before upgrading to the next release, otherwise your project will no longer compile.
[2019.11.22-20.09.48:798][760]CompilerResultsLog:   D:\Unreal\UE_4.22\Engine\Source\Runtime\CoreUObject\Public\UObject/UObject.h(8): note: see declaration of 'UObjectHeaderDeprecatedWarning'
[2019.11.22-20.09.48:798][760]CompilerResultsLog:   [12/15] StatePathfinder.cpp
[2019.11.22-20.09.48:798][760]CompilerResultsLog:   D:\Unreal\UE_4.22\Engine\Source\Runtime\CoreUObject\Public\UObject/UObject.h(14): warning C4996: 'UObjectHeaderDeprecatedWarning': Including UObject.h has been deprecated. Please include Object.h instead. Please update your code to the new API before upgrading to the next release, otherwise your project will no longer compile.
[2019.11.22-20.09.48:798][760]CompilerResultsLog:   D:\Unreal\UE_4.22\Engine\Source\Runtime\CoreUObject\Public\UObject/UObject.h(8): note: see declaration of 'UObjectHeaderDeprecatedWarning'
[2019.11.22-20.09.48:798][760]CompilerResultsLog:   [13/15] UE4Editor-PathFinding-2885.lib
[2019.11.22-20.09.48:798][760]CompilerResultsLog:      Creating library D:\Repos\GameAI\PathfindingLab\Intermediate\Build\Win64\UE4Editor\Development\PathFinding\UE4Editor-PathFinding-2885.lib and object D:\Repos\GameAI\PathfindingLab\Intermediate\Build\Win64\UE4Editor\Development\PathFinding\UE4Editor-PathFinding-2885.exp
[2019.11.22-20.09.48:798][760]CompilerResultsLog:   [14/15] UE4Editor-PathFinding-2885.dll
[2019.11.22-20.09.48:799][760]CompilerResultsLog:      Creating library D:\Repos\GameAI\PathfindingLab\Intermediate\Build\Win64\UE4Editor\Development\PathFinding\UE4Editor-PathFinding-2885.suppressed.lib and object D:\Repos\GameAI\PathfindingLab\Intermediate\Build\Win64\UE4Editor\Development\PathFinding\UE4Editor-PathFinding-2885.suppressed.exp
[2019.11.22-20.09.48:799][760]CompilerResultsLog:   [15/15] PathFindingEditor.target
[2019.11.22-20.09.48:799][760]CompilerResultsLog: Total time in Parallel executor: 31.40 seconds
[2019.11.22-20.09.48:799][760]CompilerResultsLog: Total execution time: 39.88 seconds
[2019.11.22-20.09.48:799][760]LogMainFrame: MainFrame: Module compiling took 40.044 seconds
[2019.11.22-20.09.48:923][760]LogUObjectHash: Compacting FUObjectHashTables data took   4.96ms
[2019.11.22-20.09.51:304][760]LogClass: Could not find existing class ChaseState in package /Script/PathFinding for HotReload, assuming new class
[2019.11.22-20.09.51:312][760]LogClass: Could not find existing class PathFindingActor in package /Script/PathFinding for HotReload, assuming new class
[2019.11.22-20.09.51:314][760]LogClass: Function AddToPathFollow is new.
[2019.11.22-20.09.51:314][760]LogClass: Function SetLooping is new.
[2019.11.22-20.09.51:314][760]LogClass: Function SetPathToFollow is new.
[2019.11.22-20.09.51:317][760]LogClass: Could not find existing class StatePathfinder in package /Script/PathFinding for HotReload, assuming new class
[2019.11.22-20.09.51:317][760]LogClass: Function checkCone is new.
[2019.11.22-20.09.51:317][760]LogClass: Function checkDistance is new.
[2019.11.22-20.09.51:317][760]LogClass: Function checkDistanceChase is new.
[2019.11.22-20.09.51:317][760]LogClass: Function GetLastPatrol is new.
[2019.11.22-20.09.51:318][760]LogClass: Function GetPatrol is new.
[2019.11.22-20.09.51:318][760]LogClass: EState HotReload.
[2019.11.22-20.09.51:325][760]LogHotReload: Re-instancing ChaseState after hot-reload.
[2019.11.22-20.09.52:341][760]LogHotReload: Re-instancing PathFindingActor after hot-reload.
[2019.11.22-20.09.52:408][760]LogHotReload: Re-instancing StatePathfinder after hot-reload.
[2019.11.22-20.09.52:840][760]LogContentBrowser: Native class hierarchy updated for 'PathFinding' in 0.0007 seconds. Added 10 classes and 3 folders.
[2019.11.22-20.09.52:843][760]Display: HotReload successful (3 functions remapped  0 scriptstructs remapped)
[2019.11.22-20.09.52:984][760]LogUObjectHash: Compacting FUObjectHashTables data took   3.00ms
[2019.11.22-20.09.53:029][760]LogContentBrowser: Native class hierarchy populated in 0.0127 seconds. Added 2743 classes and 664 folders.
[2019.11.22-20.09.53:079][760]Display: HotReload took 44.3s.
[2019.11.22-20.09.57:112][995]LogTemp: Repeating last play command: New Editor Window (PIE)
[2019.11.22-20.09.57:189][995]LogBlueprintUserMessages: Early PlayInEditor Detection: Level '/Game/PathfindingMap.PathfindingMap:PersistentLevel' has LevelScriptBlueprint '/Game/PathfindingMap.PathfindingMap:PersistentLevel.PathfindingMap' with GeneratedClass '/Game/PathfindingMap.PathfindingMap_C' with ClassGeneratedBy '/Game/PathfindingMap.PathfindingMap:PersistentLevel.PathfindingMap'
[2019.11.22-20.09.57:219][995]LogPlayLevel: PlayLevel: No blueprints needed recompiling
[2019.11.22-20.09.57:220][995]PIE: New page: PIE session: PathfindingMap (Nov 22, 2019, 10:09:57 AM)
[2019.11.22-20.09.57:360][995]LogPlayLevel: Creating play world package: /Game/UEDPIE_0_PathfindingMap
[2019.11.22-20.09.57:476][995]LogPlayLevel: PIE: StaticDuplicateObject took: (0.115018s)
[2019.11.22-20.09.57:619][995]LogAIModule: Creating AISystem for world PathfindingMap
[2019.11.22-20.09.57:634][995]LogPlayLevel: PIE: World Init took: (0.158323s)
[2019.11.22-20.09.57:634][995]LogPlayLevel: PIE: Created PIE world by copying editor world from /Game/PathfindingMap.PathfindingMap to /Game/UEDPIE_0_PathfindingMap.PathfindingMap (0.274453s)
[2019.11.22-20.09.57:660][995]LogUObjectHash: Compacting FUObjectHashTables data took   1.00ms
[2019.11.22-20.09.57:702][995]LogInit: XAudio2 using 'Speakers (USB Audio Device)' : 2 channels at 48 kHz using 16 bits per sample (channel mask 0x3)
[2019.11.22-20.09.57:715][995]LogInit: FAudioDevice initialized.
[2019.11.22-20.09.57:874][995]LogSlate: Updating window title bar state: overlay mode, drag disabled, window buttons hidden, title bar hidden
[2019.11.22-20.09.58:009][995]LogLoad: Game class is 'PathFindingGameMode_C'
[2019.11.22-20.09.58:179][995]LogWorld: Bringing World /Game/UEDPIE_0_PathfindingMap.PathfindingMap up for play (max tick rate 60) at 2019.11.22-15.09.58
[2019.11.22-20.09.58:306][995]LogWorld: Bringing up level for play took: 0.127853
[2019.11.22-20.09.58:734][995]LogContentBrowser: Native class hierarchy updated for 'MovieSceneCapture' in 0.0005 seconds. Added 20 classes and 0 folders.
[2019.11.22-20.09.58:938][995]LogScript: Warning: Script Msg: Attempted to access index 25 from array 'Walls' of length 25 in '/Script/PathFinding.MyPathBuilderActor'!
[2019.11.22-20.09.58:938][995]LogScript: Warning: Script Msg: Attempted to access index 25 from array 'Walls' of length 25 in '/Script/PathFinding.MyPathBuilderActor'!
[2019.11.22-20.10.14:777][995]LogWindows: Error: === Critical error: ===
[2019.11.22-20.10.14:777][995]LogWindows: Error: 
[2019.11.22-20.10.14:777][995]LogWindows: Error: Fatal error!
[2019.11.22-20.10.14:777][995]LogWindows: Error: 
[2019.11.22-20.10.14:777][995]LogWindows: Error: Unhandled Exception: EXCEPTION_ACCESS_VIOLATION writing address 0x00002030
[2019.11.22-20.10.14:777][995]LogWindows: Error: 
[2019.11.22-20.10.14:777][995]LogWindows: Error: [Callstack] 0x00007ff8a4c45965 UE4Editor-PathFinding-2885.dll!AMyPathBuilderActor::getPath() [d:\repos\gameai\pathfindinglab\source\pathfinding\private\mypathbuilderactor.cpp:76]
[2019.11.22-20.10.14:777][995]LogWindows: Error: [Callstack] 0x00007ff8a4c467bc UE4Editor-PathFinding-2885.dll!AStatePathfinder::BeginPlay() [d:\repos\gameai\pathfindinglab\source\pathfinding\private\statepathfinder.cpp:20]
[2019.11.22-20.10.14:778][995]LogWindows: Error: [Callstack] 0x00007ff8cf3b1af6 UE4Editor-Engine.dll!UnknownFunction []
[2019.11.22-20.10.14:778][995]LogWindows: Error: [Callstack] 0x00007ff8d04ccb99 UE4Editor-Engine.dll!UnknownFunction []
[2019.11.22-20.10.14:778][995]LogWindows: Error: [Callstack] 0x00007ff8cfa32911 UE4Editor-Engine.dll!UnknownFunction []
[2019.11.22-20.10.14:778][995]LogWindows: Error: [Callstack] 0x00007ff8d048754e UE4Editor-Engine.dll!UnknownFunction []
[2019.11.22-20.10.14:778][995]LogWindows: Error: [Callstack] 0x00007ff8cf9f99af UE4Editor-Engine.dll!UnknownFunction []
[2019.11.22-20.10.14:778][995]LogWindows: Error: [Callstack] 0x00007ff8cdf1be44 UE4Editor-UnrealEd.dll!UnknownFunction []
[2019.11.22-20.10.14:778][995]LogWindows: Error: [Callstack] 0x00007ff8cdf3b044 UE4Editor-UnrealEd.dll!UnknownFunction []
[2019.11.22-20.10.14:778][995]LogWindows: Error: [Callstack] 0x00007ff8cdf5319f UE4Editor-UnrealEd.dll!UnknownFunction []
[2019.11.22-20.10.14:778][995]LogWindows: Error: [Callstack] 0x00007ff8cda2fc4a UE4Editor-UnrealEd.dll!UnknownFunction []
[2019.11.22-20.10.14:778][995]LogWindows: Error: [Callstack] 0x00007ff8ce24d396 UE4Editor-UnrealEd.dll!UnknownFunction []
[2019.11.22-20.10.14:778][995]LogWindows: Error: [Callstack] 0x00007ff666c06bb1 UE4Editor.exe!UnknownFunction []
[2019.11.22-20.10.14:778][995]LogWindows: Error: [Callstack] 0x00007ff666c1554c UE4Editor.exe!UnknownFunction []
[2019.11.22-20.10.14:778][995]LogWindows: Error: [Callstack] 0x00007ff666c155ca UE4Editor.exe!UnknownFunction []
[2019.11.22-20.10.14:778][995]LogWindows: Error: [Callstack] 0x00007ff666c2316c UE4Editor.exe!UnknownFunction []
[2019.11.22-20.10.14:778][995]LogWindows: Error: [Callstack] 0x00007ff666c25b8e UE4Editor.exe!UnknownFunction []
[2019.11.22-20.10.14:778][995]LogWindows: Error: [Callstack] 0x00007ff949797bd4 KERNEL32.DLL!UnknownFunction []
[2019.11.22-20.10.14:778][995]LogWindows: Error: [Callstack] 0x00007ff94b0aced1 ntdll.dll!UnknownFunction []
[2019.11.22-20.10.14:778][995]LogWindows: Error: 
[2019.11.22-20.10.14:847][995]LogSlate: Window 'PathFinding Game Preview Standalone (64-bit/PCD3D_SM5)' being destroyed
