Log file open, 12/08/19 16:57:30
LogWindows: Failed to load 'aqProf.dll' (GetLastError=126)
LogWindows: File 'aqProf.dll' does not exist
LogWindows: Failed to load 'VtuneApi.dll' (GetLastError=126)
LogWindows: File 'VtuneApi.dll' does not exist
LogWindows: Failed to load 'VtuneApi32e.dll' (GetLastError=126)
LogWindows: File 'VtuneApi32e.dll' does not exist
LogConsoleResponse: Display: Failed to find resolution value strings in scalability ini. Falling back to default.
LogInit: Display: Running engine for game: PathFinding
LogPakFile: Registered encryption key '00000000000000000000000000000000': 0 pak files mounted, 0 remain pending
LogPlatformFile: Not using cached read wrapper
LogTaskGraph: Started task graph with 5 named threads and 23 total threads with 3 sets of task threads.
LogStats: Stats thread started at 0.488027
LogD3D11RHI: Loaded GFSDK_Aftermath_Lib.x64.dll
LogICUInternationalization: ICU TimeZone Detection - Raw Offset: -5:00, Platform Override: ''
LogPluginManager: Mounting plugin Paper2D
LogPluginManager: Mounting plugin AISupport
LogPluginManager: Mounting plugin LightPropagationVolume
LogPluginManager: Mounting plugin ActorLayerUtilities
LogPluginManager: Mounting plugin AnimationSharing
LogPluginManager: Mounting plugin CLionSourceCodeAccess
LogPluginManager: Mounting plugin CodeLiteSourceCodeAccess
LogPluginManager: Mounting plugin GitSourceControl
LogPluginManager: Mounting plugin KDevelopSourceCodeAccess
LogPluginManager: Mounting plugin NullSourceCodeAccess
LogPluginManager: Mounting plugin PerforceSourceControl
LogPluginManager: Mounting plugin SubversionSourceControl
LogPluginManager: Mounting plugin UObjectPlugin
LogPluginManager: Mounting plugin VisualStudioCodeSourceCodeAccess
LogPluginManager: Mounting plugin VisualStudioSourceCodeAccess
LogPluginManager: Mounting plugin XCodeSourceCodeAccess
LogPluginManager: Mounting plugin AssetManagerEditor
LogPluginManager: Mounting plugin CryptoKeys
LogPluginManager: Mounting plugin DataValidation
LogPluginManager: Mounting plugin FacialAnimation
LogPluginManager: Mounting plugin GameplayTagsEditor
LogPluginManager: Mounting plugin MacGraphicsSwitching
LogPluginManager: Mounting plugin MaterialAnalyzer
LogPluginManager: Mounting plugin MobileLauncherProfileWizard
LogPluginManager: Mounting plugin PluginBrowser
LogPluginManager: Mounting plugin SpeedTreeImporter
LogPluginManager: Mounting plugin DatasmithContent
LogPluginManager: Mounting plugin VariantManagerContent
LogPluginManager: Mounting plugin AlembicImporter
LogPluginManager: Mounting plugin AppleImageUtils
LogPluginManager: Mounting plugin AppleVision
LogPluginManager: Mounting plugin BackChannel
LogPluginManager: Mounting plugin CharacterAI
LogPluginManager: Mounting plugin GeometryCache
LogPluginManager: Mounting plugin HTML5Networking
LogPluginManager: Mounting plugin ProxyLODPlugin
LogPluginManager: Mounting plugin SkeletalReduction
LogPluginManager: Mounting plugin MagicLeap
LogPluginManager: Mounting plugin MagicLeapMedia
LogPluginManager: Mounting plugin AndroidMedia
LogPluginManager: Mounting plugin AvfMedia
LogPluginManager: Mounting plugin ImgMedia
LogPluginManager: Mounting plugin LinearTimecode
LogPluginManager: Mounting plugin MediaCompositing
LogPluginManager: Mounting plugin MediaPlayerEditor
LogPluginManager: Mounting plugin WebMMedia
LogPluginManager: Mounting plugin WmfMedia
LogPluginManager: Mounting plugin TcpMessaging
LogPluginManager: Mounting plugin UdpMessaging
LogPluginManager: Mounting plugin ActorSequence
LogPluginManager: Mounting plugin LevelSequenceEditor
LogPluginManager: Mounting plugin MatineeToLevelSequence
LogPluginManager: Mounting plugin NetcodeUnitTest
LogPluginManager: Mounting plugin NUTUnrealEngine4
LogPluginManager: Mounting plugin OnlineSubsystemGooglePlay
LogPluginManager: Mounting plugin OnlineSubsystemIOS
LogPluginManager: Mounting plugin OnlineSubsystem
LogPluginManager: Mounting plugin OnlineSubsystemNull
LogPluginManager: Mounting plugin OnlineSubsystemUtils
LogPluginManager: Mounting plugin LauncherChunkInstaller
LogPluginManager: Mounting plugin AndroidDeviceProfileSelector
LogPluginManager: Mounting plugin AndroidMoviePlayer
LogPluginManager: Mounting plugin AndroidPermission
LogPluginManager: Mounting plugin AppleMoviePlayer
LogPluginManager: Mounting plugin ArchVisCharacter
LogPluginManager: Mounting plugin AudioCapture
LogPluginManager: Mounting plugin CableComponent
LogPluginManager: Mounting plugin CustomMeshComponent
LogPluginManager: Mounting plugin EditableMesh
LogPluginManager: Mounting plugin ExampleDeviceProfileSelector
LogPluginManager: Mounting plugin Firebase
LogPluginManager: Mounting plugin GoogleCloudMessaging
LogPluginManager: Mounting plugin IOSDeviceProfileSelector
LogPluginManager: Mounting plugin LinuxDeviceProfileSelector
LogPluginManager: Mounting plugin LocationServicesBPLibrary
LogPluginManager: Mounting plugin MobilePatchingUtils
LogPluginManager: Mounting plugin OculusVR
LogPluginManager: Mounting plugin PhysXVehicles
LogPluginManager: Mounting plugin ProceduralMeshComponent
LogPluginManager: Mounting plugin RuntimePhysXCooking
LogPluginManager: Mounting plugin SignificanceManager
LogPluginManager: Mounting plugin SteamVR
LogPluginManager: Mounting plugin WebMMoviePlayer
LogPluginManager: Mounting plugin WindowsMoviePlayer
LogInit: Using libcurl 7.55.1-DEV
LogInit:  - built for x86_64-pc-win32
LogInit:  - supports SSL with OpenSSL/1.1.1
LogInit:  - supports HTTP deflate (compression) using libz 1.2.8
LogInit:  - other features:
LogInit:      CURL_VERSION_SSL
LogInit:      CURL_VERSION_LIBZ
LogInit:      CURL_VERSION_IPV6
LogInit:      CURL_VERSION_ASYNCHDNS
LogInit:      CURL_VERSION_LARGEFILE
LogInit:      CURL_VERSION_IDN
LogInit:  CurlRequestOptions (configurable via config and command line):
LogInit:  - bVerifyPeer = true  - Libcurl will verify peer certificate
LogInit:  - bUseHttpProxy = false  - Libcurl will NOT use HTTP proxy
LogInit:  - bDontReuseConnections = false  - Libcurl will reuse connections
LogInit:  - MaxHostConnections = 16  - Libcurl will limit the number of connections to a host
LogInit:  - LocalHostAddr = Default
LogInit:  - BufferSize = 65536
LogInit: WinSock: version 1.1 (2.2), MaxSocks=32767, MaxUdp=65467
LogInit: Build: ++UE4+Release-4.22-CL-7053642
LogInit: Engine Version: 4.22.3-7053642+++UE4+Release-4.22
LogInit: Compatible Engine Version: 4.22.0-5660361+++UE4+Release-4.22
LogInit: Net CL: 5660361
LogInit: OS: Windows 10 (Release 1903) (), CPU: Intel(R) Core(TM) i7-7700HQ CPU @ 2.80GHz, GPU: Intel(R) HD Graphics 630
LogInit: Compiled (64-bit): Jun 18 2019 03:09:11
LogInit: Compiled with Visual C++: 19.16.27025.01
LogInit: Build Configuration: DebugGame
LogInit: Branch Name: ++UE4+Release-4.22
LogInit: Command Line:  -skipcompile
LogInit: Base Directory: D:/EpicGames/UE_4.22/Engine/Binaries/Win64/
LogInit: Installed Engine Build: 1
LogDevObjectVersion: Number of dev versions registered: 23
LogDevObjectVersion:   Dev-Blueprints (B0D832E4-1F89-4F0D-ACCF-7EB736FD4AA2): 10
LogDevObjectVersion:   Dev-Build (E1C64328-A22C-4D53-A36C-8E866417BD8C): 0
LogDevObjectVersion:   Dev-Core (375EC13C-06E4-48FB-B500-84F0262A717E): 3
LogDevObjectVersion:   Dev-Editor (E4B068ED-F494-42E9-A231-DA0B2E46BB41): 30
LogDevObjectVersion:   Dev-Framework (CFFC743F-43B0-4480-9391-14DF171D2073): 35
LogDevObjectVersion:   Dev-Mobile (B02B49B5-BB20-44E9-A304-32B752E40360): 2
LogDevObjectVersion:   Dev-Networking (A4E4105C-59A1-49B5-A7C5-40C4547EDFEE): 0
LogDevObjectVersion:   Dev-Online (39C831C9-5AE6-47DC-9A44-9C173E1C8E7C): 0
LogDevObjectVersion:   Dev-Physics (78F01B33-EBEA-4F98-B9B4-84EACCB95AA2): 0
LogDevObjectVersion:   Dev-Platform (6631380F-2D4D-43E0-8009-CF276956A95A): 0
LogDevObjectVersion:   Dev-Rendering (12F88B9F-8875-4AFC-A67C-D90C383ABD29): 28
LogDevObjectVersion:   Dev-Sequencer (7B5AE74C-D270-4C10-A958-57980B212A5A): 11
LogDevObjectVersion:   Dev-VR (D7296918-1DD6-4BDD-9DE2-64A83CC13884): 2
LogDevObjectVersion:   Dev-LoadTimes (C2A15278-BFE7-4AFE-6C17-90FF531DF755): 1
LogDevObjectVersion:   Private-Geometry (6EACA3D4-40EC-4CC1-B786-8BED09428FC5): 3
LogDevObjectVersion:   Dev-AnimPhys (29E575DD-E0A3-4627-9D10-D276232CDCEA): 17
LogDevObjectVersion:   Dev-Anim (AF43A65D-7FD3-4947-9873-3E8ED9C1BB05): 2
LogDevObjectVersion:   Dev-ReflectionCapture (6B266CEC-1EC7-4B8F-A30B-E4D90942FC07): 1
LogDevObjectVersion:   Dev-Automation (0DF73D61-A23F-47EA-B727-89E90C41499A): 1
LogDevObjectVersion:   FortniteMain (601D1886-AC64-4F84-AA16-D3DE0DEAC7D6): 25
LogDevObjectVersion:   Dev-Enterprise (9DFFBCD6-494F-0158-E221-12823C92A888): 6
LogDevObjectVersion:   Dev-Niagara (F2AED0AC-9AFE-416F-8664-AA7FFA26D6FC): 1
LogDevObjectVersion:   Dev-Destruction (174F1F0B-B4C6-45A5-B13F-2EE8D0FB917D): 2
LogInit: Presizing for max 16777216 objects, including 0 objects not considered by GC, pre-allocating 0 bytes for permanent pool.
LogInit: Object subsystem initialized
LogConfig: Setting CVar [[con.DebugEarlyDefault:1]]
LogConfig: Setting CVar [[r.setres:1280x720]]
[2019.12.08-21.57.31:385][  0]LogConfig: Setting CVar [[r.VSync:0]]
[2019.12.08-21.57.31:385][  0]LogConfig: Setting CVar [[r.RHICmdBypass:0]]
[2019.12.08-21.57.31:385][  0]LogConfig: Applying CVar settings from Section [/Script/Engine.RendererSettings] File [D:/Git/GameAI/PathfindingLab/Saved/Config/Windows/Engine.ini]
[2019.12.08-21.57.31:385][  0]LogConfig: Setting CVar [[r.GPUCrashDebugging:0]]
[2019.12.08-21.57.31:385][  0]LogConfig: Setting CVar [[r.DefaultFeature.AutoExposure.ExtendDefaultLuminanceRange:1]]
[2019.12.08-21.57.31:385][  0]LogConfig: Applying CVar settings from Section [/Script/Engine.RendererOverrideSettings] File [D:/Git/GameAI/PathfindingLab/Saved/Config/Windows/Engine.ini]
[2019.12.08-21.57.31:385][  0]LogConfig: Applying CVar settings from Section [/Script/Engine.StreamingSettings] File [D:/Git/GameAI/PathfindingLab/Saved/Config/Windows/Engine.ini]
[2019.12.08-21.57.31:385][  0]LogConfig: Setting CVar [[s.MinBulkDataSizeForAsyncLoading:131072]]
[2019.12.08-21.57.31:385][  0]LogConfig: Setting CVar [[s.AsyncLoadingThreadEnabled:0]]
[2019.12.08-21.57.31:385][  0]LogConfig: Setting CVar [[s.EventDrivenLoaderEnabled:1]]
[2019.12.08-21.57.31:385][  0]LogConfig: Setting CVar [[s.WarnIfTimeLimitExceeded:0]]
[2019.12.08-21.57.31:386][  0]LogConfig: Setting CVar [[s.TimeLimitExceededMultiplier:1.5]]
[2019.12.08-21.57.31:386][  0]LogConfig: Setting CVar [[s.TimeLimitExceededMinTime:0.005]]
[2019.12.08-21.57.31:386][  0]LogConfig: Setting CVar [[s.UseBackgroundLevelStreaming:1]]
[2019.12.08-21.57.31:386][  0]LogConfig: Setting CVar [[s.PriorityAsyncLoadingExtraTime:15.0]]
[2019.12.08-21.57.31:386][  0]LogConfig: Setting CVar [[s.LevelStreamingActorsUpdateTimeLimit:5.0]]
[2019.12.08-21.57.31:386][  0]LogConfig: Setting CVar [[s.PriorityLevelStreamingActorsUpdateExtraTime:5.0]]
[2019.12.08-21.57.31:386][  0]LogConfig: Setting CVar [[s.LevelStreamingComponentsRegistrationGranularity:10]]
[2019.12.08-21.57.31:386][  0]LogConfig: Setting CVar [[s.UnregisterComponentsTimeLimit:1.0]]
[2019.12.08-21.57.31:386][  0]LogConfig: Setting CVar [[s.LevelStreamingComponentsUnregistrationGranularity:5]]
[2019.12.08-21.57.31:386][  0]LogConfig: Applying CVar settings from Section [/Script/Engine.GarbageCollectionSettings] File [D:/Git/GameAI/PathfindingLab/Saved/Config/Windows/Engine.ini]
[2019.12.08-21.57.31:386][  0]LogConfig: Setting CVar [[gc.MaxObjectsNotConsideredByGC:1]]
[2019.12.08-21.57.31:386][  0]LogConfig: Setting CVar [[gc.SizeOfPermanentObjectPool:0]]
[2019.12.08-21.57.31:387][  0]LogConfig: Setting CVar [[gc.FlushStreamingOnGC:0]]
[2019.12.08-21.57.31:387][  0]LogConfig: Setting CVar [[gc.NumRetriesBeforeForcingGC:10]]
[2019.12.08-21.57.31:387][  0]LogConfig: Setting CVar [[gc.AllowParallelGC:1]]
[2019.12.08-21.57.31:387][  0]LogConfig: Setting CVar [[gc.TimeBetweenPurgingPendingKillObjects:61.1]]
[2019.12.08-21.57.31:387][  0]LogConfig: Setting CVar [[gc.MaxObjectsInEditor:16777216]]
[2019.12.08-21.57.31:387][  0]LogConfig: Setting CVar [[gc.IncrementalBeginDestroyEnabled:1]]
[2019.12.08-21.57.31:387][  0]LogConfig: Setting CVar [[gc.CreateGCClusters:1]]
[2019.12.08-21.57.31:387][  0]LogConfig: Setting CVar [[gc.MinGCClusterSize:5]]
[2019.12.08-21.57.31:387][  0]LogConfig: Setting CVar [[gc.ActorClusteringEnabled:0]]
[2019.12.08-21.57.31:387][  0]LogConfig: Setting CVar [[gc.BlueprintClusteringEnabled:0]]
[2019.12.08-21.57.31:387][  0]LogConfig: Setting CVar [[gc.UseDisregardForGCOnDedicatedServers:0]]
[2019.12.08-21.57.31:388][  0]LogConfig: Applying CVar settings from Section [/Script/Engine.NetworkSettings] File [D:/Git/GameAI/PathfindingLab/Saved/Config/Windows/Engine.ini]
[2019.12.08-21.57.31:388][  0]LogConfig: Applying CVar settings from Section [/Script/UnrealEd.CookerSettings] File [D:/Git/GameAI/PathfindingLab/Saved/Config/Windows/Engine.ini]
[2019.12.08-21.57.31:400][  0]LogConfig: Applying CVar settings from Section [ViewDistanceQuality@3] File [D:/Git/GameAI/PathfindingLab/Saved/Config/Windows/Scalability.ini]
[2019.12.08-21.57.31:401][  0]LogConfig: Setting CVar [[r.SkeletalMeshLODBias:0]]
[2019.12.08-21.57.31:401][  0]LogConfig: Setting CVar [[r.ViewDistanceScale:1.0]]
[2019.12.08-21.57.31:401][  0]LogConfig: Applying CVar settings from Section [AntiAliasingQuality@3] File [D:/Git/GameAI/PathfindingLab/Saved/Config/Windows/Scalability.ini]
[2019.12.08-21.57.31:401][  0]LogConfig: Setting CVar [[r.PostProcessAAQuality:4]]
[2019.12.08-21.57.31:401][  0]LogConfig: Applying CVar settings from Section [ShadowQuality@3] File [D:/Git/GameAI/PathfindingLab/Saved/Config/Windows/Scalability.ini]
[2019.12.08-21.57.31:401][  0]LogConfig: Setting CVar [[r.LightFunctionQuality:1]]
[2019.12.08-21.57.31:401][  0]LogConfig: Setting CVar [[r.ShadowQuality:5]]
[2019.12.08-21.57.31:401][  0]LogConfig: Setting CVar [[r.Shadow.CSM.MaxCascades:10]]
[2019.12.08-21.57.31:401][  0]LogConfig: Setting CVar [[r.Shadow.MaxResolution:2048]]
[2019.12.08-21.57.31:401][  0]LogConfig: Setting CVar [[r.Shadow.MaxCSMResolution:2048]]
[2019.12.08-21.57.31:401][  0]LogConfig: Setting CVar [[r.Shadow.RadiusThreshold:0.01]]
[2019.12.08-21.57.31:401][  0]LogConfig: Setting CVar [[r.Shadow.DistanceScale:1.0]]
[2019.12.08-21.57.31:401][  0]LogConfig: Setting CVar [[r.Shadow.CSM.TransitionScale:1.0]]
[2019.12.08-21.57.31:401][  0]LogConfig: Setting CVar [[r.Shadow.PreShadowResolutionFactor:1.0]]
[2019.12.08-21.57.31:401][  0]LogConfig: Setting CVar [[r.DistanceFieldShadowing:1]]
[2019.12.08-21.57.31:402][  0]LogConfig: Setting CVar [[r.DistanceFieldAO:1]]
[2019.12.08-21.57.31:402][  0]LogConfig: Setting CVar [[r.AOQuality:2]]
[2019.12.08-21.57.31:402][  0]LogConfig: Setting CVar [[r.VolumetricFog:1]]
[2019.12.08-21.57.31:402][  0]LogConfig: Setting CVar [[r.VolumetricFog.GridPixelSize:8]]
[2019.12.08-21.57.31:402][  0]LogConfig: Setting CVar [[r.VolumetricFog.GridSizeZ:128]]
[2019.12.08-21.57.31:402][  0]LogConfig: Setting CVar [[r.VolumetricFog.HistoryMissSupersampleCount:4]]
[2019.12.08-21.57.31:402][  0]LogConfig: Setting CVar [[r.LightMaxDrawDistanceScale:1]]
[2019.12.08-21.57.31:402][  0]LogConfig: Setting CVar [[r.CapsuleShadows:1]]
[2019.12.08-21.57.31:402][  0]LogConfig: Applying CVar settings from Section [PostProcessQuality@3] File [D:/Git/GameAI/PathfindingLab/Saved/Config/Windows/Scalability.ini]
[2019.12.08-21.57.31:402][  0]LogConfig: Setting CVar [[r.MotionBlurQuality:4]]
[2019.12.08-21.57.31:402][  0]LogConfig: Setting CVar [[r.AmbientOcclusionMipLevelFactor:0.4]]
[2019.12.08-21.57.31:402][  0]LogConfig: Setting CVar [[r.AmbientOcclusionMaxQuality:100]]
[2019.12.08-21.57.31:402][  0]LogConfig: Setting CVar [[r.AmbientOcclusionLevels:-1]]
[2019.12.08-21.57.31:403][  0]LogConfig: Setting CVar [[r.AmbientOcclusionRadiusScale:1.0]]
[2019.12.08-21.57.31:403][  0]LogConfig: Setting CVar [[r.DepthOfFieldQuality:2]]
[2019.12.08-21.57.31:403][  0]LogConfig: Setting CVar [[r.RenderTargetPoolMin:400]]
[2019.12.08-21.57.31:403][  0]LogConfig: Setting CVar [[r.LensFlareQuality:2]]
[2019.12.08-21.57.31:403][  0]LogConfig: Setting CVar [[r.SceneColorFringeQuality:1]]
[2019.12.08-21.57.31:403][  0]LogConfig: Setting CVar [[r.EyeAdaptationQuality:2]]
[2019.12.08-21.57.31:403][  0]LogConfig: Setting CVar [[r.BloomQuality:5]]
[2019.12.08-21.57.31:403][  0]LogConfig: Setting CVar [[r.FastBlurThreshold:100]]
[2019.12.08-21.57.31:403][  0]LogConfig: Setting CVar [[r.Upscale.Quality:3]]
[2019.12.08-21.57.31:403][  0]LogConfig: Setting CVar [[r.Tonemapper.GrainQuantization:1]]
[2019.12.08-21.57.31:403][  0]LogConfig: Setting CVar [[r.LightShaftQuality:1]]
[2019.12.08-21.57.31:403][  0]LogConfig: Setting CVar [[r.Filter.SizeScale:1]]
[2019.12.08-21.57.31:404][  0]LogConfig: Setting CVar [[r.Tonemapper.Quality:5]]
[2019.12.08-21.57.31:404][  0]LogConfig: Setting CVar [[r.DOF.Gather.AccumulatorQuality:1        ; higher gathering accumulator quality]]
[2019.12.08-21.57.31:404][  0]LogConfig: Setting CVar [[r.DOF.Gather.PostfilterMethod:1          ; Median3x3 postfilering method]]
[2019.12.08-21.57.31:404][  0]LogConfig: Setting CVar [[r.DOF.Gather.EnableBokehSettings:0       ; no bokeh simulation when gathering]]
[2019.12.08-21.57.31:404][  0]LogConfig: Setting CVar [[r.DOF.Gather.RingCount:4                 ; medium number of samples when gathering]]
[2019.12.08-21.57.31:404][  0]LogConfig: Setting CVar [[r.DOF.Scatter.ForegroundCompositing:1    ; additive foreground scattering]]
[2019.12.08-21.57.31:404][  0]LogConfig: Setting CVar [[r.DOF.Scatter.BackgroundCompositing:2    ; additive background scattering]]
[2019.12.08-21.57.31:404][  0]LogConfig: Setting CVar [[r.DOF.Scatter.EnableBokehSettings:1      ; bokeh simulation when scattering]]
[2019.12.08-21.57.31:404][  0]LogConfig: Setting CVar [[r.DOF.Scatter.MaxSpriteRatio:0.1         ; only a maximum of 10% of scattered bokeh]]
[2019.12.08-21.57.31:404][  0]LogConfig: Setting CVar [[r.DOF.Recombine.Quality:1                ; cheap slight out of focus]]
[2019.12.08-21.57.31:404][  0]LogConfig: Setting CVar [[r.DOF.Recombine.EnableBokehSettings:0    ; no bokeh simulation on slight out of focus]]
[2019.12.08-21.57.31:405][  0]LogConfig: Setting CVar [[r.DOF.TemporalAAQuality:1                ; more stable temporal accumulation]]
[2019.12.08-21.57.31:405][  0]LogConfig: Setting CVar [[r.DOF.Kernel.MaxForegroundRadius:0.025]]
[2019.12.08-21.57.31:405][  0]LogConfig: Setting CVar [[r.DOF.Kernel.MaxBackgroundRadius:0.025]]
[2019.12.08-21.57.31:405][  0]LogConfig: Applying CVar settings from Section [TextureQuality@3] File [D:/Git/GameAI/PathfindingLab/Saved/Config/Windows/Scalability.ini]
[2019.12.08-21.57.31:405][  0]LogConfig: Setting CVar [[r.Streaming.MipBias:0]]
[2019.12.08-21.57.31:405][  0]LogConfig: Setting CVar [[r.Streaming.AmortizeCPUToGPUCopy:0]]
[2019.12.08-21.57.31:405][  0]LogConfig: Setting CVar [[r.Streaming.MaxNumTexturesToStreamPerFrame:0]]
[2019.12.08-21.57.31:405][  0]LogConfig: Setting CVar [[r.Streaming.Boost:1]]
[2019.12.08-21.57.31:405][  0]LogConfig: Setting CVar [[r.MaxAnisotropy:8]]
[2019.12.08-21.57.31:405][  0]LogConfig: Setting CVar [[r.Streaming.LimitPoolSizeToVRAM:0]]
[2019.12.08-21.57.31:405][  0]LogConfig: Setting CVar [[r.Streaming.PoolSize:1000]]
[2019.12.08-21.57.31:405][  0]LogConfig: Setting CVar [[r.Streaming.MaxEffectiveScreenSize:0]]
[2019.12.08-21.57.31:405][  0]LogConfig: Applying CVar settings from Section [EffectsQuality@3] File [D:/Git/GameAI/PathfindingLab/Saved/Config/Windows/Scalability.ini]
[2019.12.08-21.57.31:406][  0]LogConfig: Setting CVar [[r.TranslucencyLightingVolumeDim:64]]
[2019.12.08-21.57.31:406][  0]LogConfig: Setting CVar [[r.RefractionQuality:2]]
[2019.12.08-21.57.31:406][  0]LogConfig: Setting CVar [[r.SSR.Quality:3]]
[2019.12.08-21.57.31:406][  0]LogConfig: Setting CVar [[r.SceneColorFormat:4]]
[2019.12.08-21.57.31:406][  0]LogConfig: Setting CVar [[r.DetailMode:2]]
[2019.12.08-21.57.31:406][  0]LogConfig: Setting CVar [[r.TranslucencyVolumeBlur:1]]
[2019.12.08-21.57.31:406][  0]LogConfig: Setting CVar [[r.MaterialQualityLevel:1 ; High quality]]
[2019.12.08-21.57.31:406][  0]LogConfig: Setting CVar [[r.SSS.Scale:1]]
[2019.12.08-21.57.31:406][  0]LogConfig: Setting CVar [[r.SSS.SampleSet:2]]
[2019.12.08-21.57.31:406][  0]LogConfig: Setting CVar [[r.SSS.Quality:1]]
[2019.12.08-21.57.31:407][  0]LogConfig: Setting CVar [[r.SSS.HalfRes:1]]
[2019.12.08-21.57.31:407][  0]LogConfig: Setting CVar [[r.EmitterSpawnRateScale:1.0]]
[2019.12.08-21.57.31:407][  0]LogConfig: Setting CVar [[r.ParticleLightQuality:2]]
[2019.12.08-21.57.31:407][  0]LogConfig: Applying CVar settings from Section [FoliageQuality@3] File [D:/Git/GameAI/PathfindingLab/Saved/Config/Windows/Scalability.ini]
[2019.12.08-21.57.31:407][  0]LogConfig: Setting CVar [[foliage.DensityScale:1.0]]
[2019.12.08-21.57.31:407][  0]LogConfig: Setting CVar [[grass.DensityScale:1.0]]
[2019.12.08-21.57.31:407][  0]LogInit: Selected Device Profile: [Windows]
[2019.12.08-21.57.31:407][  0]LogInit: Applying CVar settings loaded from the selected device profile: [Windows]
[2019.12.08-21.57.31:433][  0]LogHAL: Display: Platform has ~ 16 GB [17039638528 / 17179869184 / 16], which maps to Larger [LargestMinGB=32, LargerMinGB=12, DefaultMinGB=8, SmallerMinGB=6, SmallestMinGB=0)
[2019.12.08-21.57.31:433][  0]LogConfig: Setting CVar [[r.Vulkan.UseRealUBs:0		; Required until we fix HLR fall-out]]
[2019.12.08-21.57.31:433][  0]LogInit: Going up to parent DeviceProfile []
[2019.12.08-21.57.31:433][  0]LogConfig: Applying CVar settings from Section [ViewDistanceQuality@3] File [D:/Git/GameAI/PathfindingLab/Saved/Config/Windows/Scalability.ini]
[2019.12.08-21.57.31:433][  0]LogConfig: Setting CVar [[r.SkeletalMeshLODBias:0]]
[2019.12.08-21.57.31:433][  0]LogConfig: Setting CVar [[r.ViewDistanceScale:1.0]]
[2019.12.08-21.57.31:433][  0]LogConfig: Applying CVar settings from Section [AntiAliasingQuality@3] File [D:/Git/GameAI/PathfindingLab/Saved/Config/Windows/Scalability.ini]
[2019.12.08-21.57.31:433][  0]LogConfig: Setting CVar [[r.PostProcessAAQuality:4]]
[2019.12.08-21.57.31:433][  0]LogConfig: Applying CVar settings from Section [ShadowQuality@3] File [D:/Git/GameAI/PathfindingLab/Saved/Config/Windows/Scalability.ini]
[2019.12.08-21.57.31:434][  0]LogConfig: Setting CVar [[r.LightFunctionQuality:1]]
[2019.12.08-21.57.31:434][  0]LogConfig: Setting CVar [[r.ShadowQuality:5]]
[2019.12.08-21.57.31:434][  0]LogConfig: Setting CVar [[r.Shadow.CSM.MaxCascades:10]]
[2019.12.08-21.57.31:434][  0]LogConfig: Setting CVar [[r.Shadow.MaxResolution:2048]]
[2019.12.08-21.57.31:434][  0]LogConfig: Setting CVar [[r.Shadow.MaxCSMResolution:2048]]
[2019.12.08-21.57.31:434][  0]LogConfig: Setting CVar [[r.Shadow.RadiusThreshold:0.01]]
[2019.12.08-21.57.31:434][  0]LogConfig: Setting CVar [[r.Shadow.DistanceScale:1.0]]
[2019.12.08-21.57.31:434][  0]LogConfig: Setting CVar [[r.Shadow.CSM.TransitionScale:1.0]]
[2019.12.08-21.57.31:434][  0]LogConfig: Setting CVar [[r.Shadow.PreShadowResolutionFactor:1.0]]
[2019.12.08-21.57.31:434][  0]LogConfig: Setting CVar [[r.DistanceFieldShadowing:1]]
[2019.12.08-21.57.31:434][  0]LogConfig: Setting CVar [[r.DistanceFieldAO:1]]
[2019.12.08-21.57.31:434][  0]LogConfig: Setting CVar [[r.AOQuality:2]]
[2019.12.08-21.57.31:435][  0]LogConfig: Setting CVar [[r.VolumetricFog:1]]
[2019.12.08-21.57.31:435][  0]LogConfig: Setting CVar [[r.VolumetricFog.GridPixelSize:8]]
[2019.12.08-21.57.31:435][  0]LogConfig: Setting CVar [[r.VolumetricFog.GridSizeZ:128]]
[2019.12.08-21.57.31:435][  0]LogConfig: Setting CVar [[r.VolumetricFog.HistoryMissSupersampleCount:4]]
[2019.12.08-21.57.31:435][  0]LogConfig: Setting CVar [[r.LightMaxDrawDistanceScale:1]]
[2019.12.08-21.57.31:435][  0]LogConfig: Setting CVar [[r.CapsuleShadows:1]]
[2019.12.08-21.57.31:436][  0]LogConfig: Applying CVar settings from Section [PostProcessQuality@3] File [D:/Git/GameAI/PathfindingLab/Saved/Config/Windows/Scalability.ini]
[2019.12.08-21.57.31:436][  0]LogConfig: Setting CVar [[r.MotionBlurQuality:4]]
[2019.12.08-21.57.31:436][  0]LogConfig: Setting CVar [[r.AmbientOcclusionMipLevelFactor:0.4]]
[2019.12.08-21.57.31:436][  0]LogConfig: Setting CVar [[r.AmbientOcclusionMaxQuality:100]]
[2019.12.08-21.57.31:436][  0]LogConfig: Setting CVar [[r.AmbientOcclusionLevels:-1]]
[2019.12.08-21.57.31:436][  0]LogConfig: Setting CVar [[r.AmbientOcclusionRadiusScale:1.0]]
[2019.12.08-21.57.31:437][  0]LogConfig: Setting CVar [[r.DepthOfFieldQuality:2]]
[2019.12.08-21.57.31:437][  0]LogConfig: Setting CVar [[r.RenderTargetPoolMin:400]]
[2019.12.08-21.57.31:437][  0]LogConfig: Setting CVar [[r.LensFlareQuality:2]]
[2019.12.08-21.57.31:437][  0]LogConfig: Setting CVar [[r.SceneColorFringeQuality:1]]
[2019.12.08-21.57.31:437][  0]LogConfig: Setting CVar [[r.EyeAdaptationQuality:2]]
[2019.12.08-21.57.31:438][  0]LogConfig: Setting CVar [[r.BloomQuality:5]]
[2019.12.08-21.57.31:438][  0]LogConfig: Setting CVar [[r.FastBlurThreshold:100]]
[2019.12.08-21.57.31:438][  0]LogConfig: Setting CVar [[r.Upscale.Quality:3]]
[2019.12.08-21.57.31:438][  0]LogConfig: Setting CVar [[r.Tonemapper.GrainQuantization:1]]
[2019.12.08-21.57.31:439][  0]LogConfig: Setting CVar [[r.LightShaftQuality:1]]
[2019.12.08-21.57.31:439][  0]LogConfig: Setting CVar [[r.Filter.SizeScale:1]]
[2019.12.08-21.57.31:440][  0]LogConfig: Setting CVar [[r.Tonemapper.Quality:5]]
[2019.12.08-21.57.31:440][  0]LogConfig: Setting CVar [[r.DOF.Gather.AccumulatorQuality:1        ; higher gathering accumulator quality]]
[2019.12.08-21.57.31:440][  0]LogConfig: Setting CVar [[r.DOF.Gather.PostfilterMethod:1          ; Median3x3 postfilering method]]
[2019.12.08-21.57.31:441][  0]LogConfig: Setting CVar [[r.DOF.Gather.EnableBokehSettings:0       ; no bokeh simulation when gathering]]
[2019.12.08-21.57.31:441][  0]LogConfig: Setting CVar [[r.DOF.Gather.RingCount:4                 ; medium number of samples when gathering]]
[2019.12.08-21.57.31:441][  0]LogConfig: Setting CVar [[r.DOF.Scatter.ForegroundCompositing:1    ; additive foreground scattering]]
[2019.12.08-21.57.31:441][  0]LogConfig: Setting CVar [[r.DOF.Scatter.BackgroundCompositing:2    ; additive background scattering]]
[2019.12.08-21.57.31:442][  0]LogConfig: Setting CVar [[r.DOF.Scatter.EnableBokehSettings:1      ; bokeh simulation when scattering]]
[2019.12.08-21.57.31:442][  0]LogConfig: Setting CVar [[r.DOF.Scatter.MaxSpriteRatio:0.1         ; only a maximum of 10% of scattered bokeh]]
[2019.12.08-21.57.31:442][  0]LogConfig: Setting CVar [[r.DOF.Recombine.Quality:1                ; cheap slight out of focus]]
[2019.12.08-21.57.31:442][  0]LogConfig: Setting CVar [[r.DOF.Recombine.EnableBokehSettings:0    ; no bokeh simulation on slight out of focus]]
[2019.12.08-21.57.31:443][  0]LogConfig: Setting CVar [[r.DOF.TemporalAAQuality:1                ; more stable temporal accumulation]]
[2019.12.08-21.57.31:443][  0]LogConfig: Setting CVar [[r.DOF.Kernel.MaxForegroundRadius:0.025]]
[2019.12.08-21.57.31:443][  0]LogConfig: Setting CVar [[r.DOF.Kernel.MaxBackgroundRadius:0.025]]
[2019.12.08-21.57.31:443][  0]LogConfig: Applying CVar settings from Section [TextureQuality@3] File [D:/Git/GameAI/PathfindingLab/Saved/Config/Windows/Scalability.ini]
[2019.12.08-21.57.31:443][  0]LogConfig: Setting CVar [[r.Streaming.MipBias:0]]
[2019.12.08-21.57.31:443][  0]LogConfig: Setting CVar [[r.Streaming.AmortizeCPUToGPUCopy:0]]
[2019.12.08-21.57.31:443][  0]LogConfig: Setting CVar [[r.Streaming.MaxNumTexturesToStreamPerFrame:0]]
[2019.12.08-21.57.31:443][  0]LogConfig: Setting CVar [[r.Streaming.Boost:1]]
[2019.12.08-21.57.31:443][  0]LogConfig: Setting CVar [[r.MaxAnisotropy:8]]
[2019.12.08-21.57.31:443][  0]LogConfig: Setting CVar [[r.Streaming.LimitPoolSizeToVRAM:0]]
[2019.12.08-21.57.31:444][  0]LogConfig: Setting CVar [[r.Streaming.PoolSize:1000]]
[2019.12.08-21.57.31:444][  0]LogConfig: Setting CVar [[r.Streaming.MaxEffectiveScreenSize:0]]
[2019.12.08-21.57.31:444][  0]LogConfig: Applying CVar settings from Section [EffectsQuality@3] File [D:/Git/GameAI/PathfindingLab/Saved/Config/Windows/Scalability.ini]
[2019.12.08-21.57.31:444][  0]LogConfig: Setting CVar [[r.TranslucencyLightingVolumeDim:64]]
[2019.12.08-21.57.31:444][  0]LogConfig: Setting CVar [[r.RefractionQuality:2]]
[2019.12.08-21.57.31:444][  0]LogConfig: Setting CVar [[r.SSR.Quality:3]]
[2019.12.08-21.57.31:444][  0]LogConfig: Setting CVar [[r.SceneColorFormat:4]]
[2019.12.08-21.57.31:444][  0]LogConfig: Setting CVar [[r.DetailMode:2]]
[2019.12.08-21.57.31:444][  0]LogConfig: Setting CVar [[r.TranslucencyVolumeBlur:1]]
[2019.12.08-21.57.31:444][  0]LogConfig: Setting CVar [[r.MaterialQualityLevel:1 ; High quality]]
[2019.12.08-21.57.31:444][  0]LogConfig: Setting CVar [[r.SSS.Scale:1]]
[2019.12.08-21.57.31:444][  0]LogConfig: Setting CVar [[r.SSS.SampleSet:2]]
[2019.12.08-21.57.31:444][  0]LogConfig: Setting CVar [[r.SSS.Quality:1]]
[2019.12.08-21.57.31:445][  0]LogConfig: Setting CVar [[r.SSS.HalfRes:1]]
[2019.12.08-21.57.31:445][  0]LogConfig: Setting CVar [[r.EmitterSpawnRateScale:1.0]]
[2019.12.08-21.57.31:445][  0]LogConfig: Setting CVar [[r.ParticleLightQuality:2]]
[2019.12.08-21.57.31:445][  0]LogConfig: Applying CVar settings from Section [FoliageQuality@3] File [D:/Git/GameAI/PathfindingLab/Saved/Config/Windows/Scalability.ini]
[2019.12.08-21.57.31:445][  0]LogConfig: Setting CVar [[foliage.DensityScale:1.0]]
[2019.12.08-21.57.31:445][  0]LogConfig: Setting CVar [[grass.DensityScale:1.0]]
[2019.12.08-21.57.31:445][  0]LogConfig: Applying CVar settings from Section [Startup] File [../../../Engine/Config/ConsoleVariables.ini]
[2019.12.08-21.57.31:445][  0]LogConfig: Setting CVar [[net.UseAdaptiveNetUpdateFrequency:0]]
[2019.12.08-21.57.31:445][  0]LogConfig: Setting CVar [[p.chaos.AllowCreatePhysxBodies:1]]
[2019.12.08-21.57.31:445][  0]LogConfig: Applying CVar settings from Section [ConsoleVariables] File [D:/Git/GameAI/PathfindingLab/Saved/Config/Windows/Engine.ini]
[2019.12.08-21.57.31:446][  0]LogInit: Computer: DESKTOP-7HH28IB
[2019.12.08-21.57.31:446][  0]LogInit: User: benco
[2019.12.08-21.57.31:446][  0]LogInit: CPU Page size=4096, Cores=4
[2019.12.08-21.57.31:446][  0]LogInit: High frequency timer resolution =10.000000 MHz
[2019.12.08-21.57.31:446][  0]LogMemory: Memory total: Physical=15.9GB (16GB approx)
[2019.12.08-21.57.31:446][  0]LogMemory: Platform Memory Stats for Windows
[2019.12.08-21.57.31:446][  0]LogMemory: Process Physical Memory: 96.59 MB used, 96.60 MB peak
[2019.12.08-21.57.31:447][  0]LogMemory: Process Virtual Memory: 90.54 MB used, 90.54 MB peak
[2019.12.08-21.57.31:447][  0]LogMemory: Physical Memory: 8568.93 MB used,  7681.34 MB free, 16250.27 MB total
[2019.12.08-21.57.31:447][  0]LogMemory: Virtual Memory: 4644.77 MB used,  134213080.00 MB free, 134217728.00 MB total
[2019.12.08-21.57.32:243][  0]LogInit: Using OS detected language (en-US).
[2019.12.08-21.57.32:243][  0]LogInit: Using OS detected locale (en-US).
[2019.12.08-21.57.32:246][  0]LogTextLocalizationManager: No specific localization for 'en-US' exists, so the 'en' localization will be used.
[2019.12.08-21.57.32:417][  0]LogInit: Setting process to per monitor DPI aware
[2019.12.08-21.57.32:554][  0]LogSlate: New Slate User Created.  User Index 0, Is Virtual User: 0
[2019.12.08-21.57.32:554][  0]LogSlate: Slate User Registered.  User Index 0, Is Virtual User: 0
[2019.12.08-21.57.32:917][  0]LogHMD: Failed to initialize OpenVR with code 110
[2019.12.08-21.57.32:917][  0]LogD3D11RHI: D3D11 adapters:
[2019.12.08-21.57.33:200][  0]LogD3D11RHI:    0. 'NVIDIA GeForce GTX 1050 Ti' (Feature Level 11_0)
[2019.12.08-21.57.33:201][  0]LogD3D11RHI:       4018/0/8125 MB DedicatedVideo/DedicatedSystem/SharedSystem, Outputs:1, VendorId:0x10de
[2019.12.08-21.57.33:434][  0]LogD3D11RHI:    1. 'Intel(R) HD Graphics 630' (Feature Level 11_0)
[2019.12.08-21.57.33:435][  0]LogD3D11RHI:       128/0/8125 MB DedicatedVideo/DedicatedSystem/SharedSystem, Outputs:0, VendorId:0x8086
[2019.12.08-21.57.33:445][  0]LogD3D11RHI:    2. 'Microsoft Basic Render Driver' (Feature Level 11_0)
[2019.12.08-21.57.33:445][  0]LogD3D11RHI:       0/0/8125 MB DedicatedVideo/DedicatedSystem/SharedSystem, Outputs:0, VendorId:0x1414
[2019.12.08-21.57.33:445][  0]LogD3D11RHI: Chosen D3D11 Adapter: 0
[2019.12.08-21.57.33:485][  0]LogD3D11RHI: Creating new Direct3DDevice
[2019.12.08-21.57.33:485][  0]LogD3D11RHI:     GPU DeviceId: 0x1c8c (for the marketing name, search the web for "GPU Device Id")
[2019.12.08-21.57.33:486][  0]LogWindows: EnumDisplayDevices:
[2019.12.08-21.57.33:486][  0]LogWindows:    0. 'Intel(R) HD Graphics 630' (P:1 D:1)
[2019.12.08-21.57.33:487][  0]LogWindows:    1. 'Intel(R) HD Graphics 630' (P:0 D:0)
[2019.12.08-21.57.33:489][  0]LogWindows:    2. 'Intel(R) HD Graphics 630' (P:0 D:0)
[2019.12.08-21.57.33:489][  0]LogWindows:    3. 'NVIDIA GeForce GTX 1050 Ti' (P:0 D:0)
[2019.12.08-21.57.33:490][  0]LogWindows: DebugString: PrimaryIsNotTheChoosenAdapter PrimaryIsNotTheChoosenAdapter PrimaryIsNotTheChoosenAdapter 
[2019.12.08-21.57.33:490][  0]LogD3D11RHI:     Adapter Name: NVIDIA GeForce GTX 1050 Ti
[2019.12.08-21.57.33:491][  0]LogD3D11RHI:   Driver Version: 436.30 (internal:26.21.14.3630, unified:436.30)
[2019.12.08-21.57.33:491][  0]LogD3D11RHI:      Driver Date: 9-5-2019
[2019.12.08-21.57.33:491][  0]LogRHI: Texture pool is 2812 MB (70% of 4018 MB)
[2019.12.08-21.57.33:558][  0]LogD3D11RHI: Async texture creation enabled
[2019.12.08-21.57.33:587][  0]LogRendererCore: FGlobalReadBuffer::InitRHI
[2019.12.08-21.57.33:588][  0]LogRendererCore: FGlobalReadBuffer::InitRHI
[2019.12.08-21.57.33:588][  0]LogRendererCore: FGlobalReadBuffer::InitRHI
[2019.12.08-21.57.33:596][  0]LogD3D11RHI: GPU Timing Frequency: 1000.000000 (Debug: 2 1)
[2019.12.08-21.57.34:605][  0]LogTemp: Display: Module 'AllDesktopTargetPlatform' loaded TargetPlatform 'AllDesktop'
[2019.12.08-21.57.34:642][  0]LogTemp: Display: Module 'MacClientTargetPlatform' loaded TargetPlatform 'MacClient'
[2019.12.08-21.57.34:678][  0]LogTemp: Display: Module 'MacNoEditorTargetPlatform' loaded TargetPlatform 'MacNoEditor'
[2019.12.08-21.57.34:714][  0]LogTemp: Display: Module 'MacServerTargetPlatform' loaded TargetPlatform 'MacServer'
[2019.12.08-21.57.34:754][  0]LogTemp: Display: Module 'MacTargetPlatform' loaded TargetPlatform 'Mac'
[2019.12.08-21.57.34:801][  0]LogTemp: Display: Module 'WindowsClientTargetPlatform' loaded TargetPlatform 'WindowsClient'
[2019.12.08-21.57.34:839][  0]LogTemp: Display: Module 'WindowsNoEditorTargetPlatform' loaded TargetPlatform 'WindowsNoEditor'
[2019.12.08-21.57.34:876][  0]LogTemp: Display: Module 'WindowsServerTargetPlatform' loaded TargetPlatform 'WindowsServer'
[2019.12.08-21.57.34:913][  0]LogTemp: Display: Module 'WindowsTargetPlatform' loaded TargetPlatform 'Windows'
[2019.12.08-21.57.35:030][  0]LogTemp: Display: Module 'AndroidTargetPlatform' loaded TargetPlatform 'Android'
[2019.12.08-21.57.35:030][  0]LogTemp: Display: Module 'AndroidTargetPlatform' loaded TargetPlatform 'Android_ASTC'
[2019.12.08-21.57.35:031][  0]LogTemp: Display: Module 'AndroidTargetPlatform' loaded TargetPlatform 'Android_ATC'
[2019.12.08-21.57.35:031][  0]LogTemp: Display: Module 'AndroidTargetPlatform' loaded TargetPlatform 'Android_DXT'
[2019.12.08-21.57.35:031][  0]LogTemp: Display: Module 'AndroidTargetPlatform' loaded TargetPlatform 'Android_ETC1'
[2019.12.08-21.57.35:031][  0]LogTemp: Display: Module 'AndroidTargetPlatform' loaded TargetPlatform 'Android_ETC1a'
[2019.12.08-21.57.35:031][  0]LogTemp: Display: Module 'AndroidTargetPlatform' loaded TargetPlatform 'Android_ETC2'
[2019.12.08-21.57.35:031][  0]LogTemp: Display: Module 'AndroidTargetPlatform' loaded TargetPlatform 'Android_PVRTC'
[2019.12.08-21.57.35:032][  0]LogTemp: Display: Module 'AndroidTargetPlatform' loaded TargetPlatform 'AndroidClient'
[2019.12.08-21.57.35:032][  0]LogTemp: Display: Module 'AndroidTargetPlatform' loaded TargetPlatform 'Android_ASTCClient'
[2019.12.08-21.57.35:032][  0]LogTemp: Display: Module 'AndroidTargetPlatform' loaded TargetPlatform 'Android_ATCClient'
[2019.12.08-21.57.35:032][  0]LogTemp: Display: Module 'AndroidTargetPlatform' loaded TargetPlatform 'Android_DXTClient'
[2019.12.08-21.57.35:032][  0]LogTemp: Display: Module 'AndroidTargetPlatform' loaded TargetPlatform 'Android_ETC1Client'
[2019.12.08-21.57.35:032][  0]LogTemp: Display: Module 'AndroidTargetPlatform' loaded TargetPlatform 'Android_ETC1aClient'
[2019.12.08-21.57.35:032][  0]LogTemp: Display: Module 'AndroidTargetPlatform' loaded TargetPlatform 'Android_ETC2Client'
[2019.12.08-21.57.35:033][  0]LogTemp: Display: Module 'AndroidTargetPlatform' loaded TargetPlatform 'Android_PVRTCClient'
[2019.12.08-21.57.35:033][  0]LogTemp: Display: Module 'AndroidTargetPlatform' loaded TargetPlatform 'Android_Multi'
[2019.12.08-21.57.35:033][  0]LogTemp: Display: Module 'AndroidTargetPlatform' loaded TargetPlatform 'Android_MultiClient'
[2019.12.08-21.57.35:056][  0]LogTemp: Display: Module 'HTML5TargetPlatform' loaded TargetPlatform 'HTML5'
[2019.12.08-21.57.35:196][  0]LogTemp: Display: Module 'IOSTargetPlatform' loaded TargetPlatform 'IOSClient'
[2019.12.08-21.57.35:196][  0]LogTemp: Display: Module 'IOSTargetPlatform' loaded TargetPlatform 'IOS'
[2019.12.08-21.57.35:242][  0]LogTemp: Display: Module 'TVOSTargetPlatform' loaded TargetPlatform 'TVOSClient'
[2019.12.08-21.57.35:242][  0]LogTemp: Display: Module 'TVOSTargetPlatform' loaded TargetPlatform 'TVOS'
[2019.12.08-21.57.35:278][  0]LogTemp: Display: Module 'LinuxClientTargetPlatform' loaded TargetPlatform 'LinuxClient'
[2019.12.08-21.57.35:315][  0]LogTemp: Display: Module 'LinuxNoEditorTargetPlatform' loaded TargetPlatform 'LinuxNoEditor'
[2019.12.08-21.57.35:357][  0]LogTemp: Display: Module 'LinuxServerTargetPlatform' loaded TargetPlatform 'LinuxServer'
[2019.12.08-21.57.35:409][  0]LogTemp: Display: Module 'LinuxTargetPlatform' loaded TargetPlatform 'Linux'
[2019.12.08-21.57.35:500][  0]LogTemp: Display: Module 'LuminTargetPlatform' loaded TargetPlatform 'Lumin'
[2019.12.08-21.57.35:500][  0]LogTemp: Display: Module 'LuminTargetPlatform' loaded TargetPlatform 'LuminClient'
[2019.12.08-21.57.35:500][  0]LogTargetPlatformManager: Display: Building Assets For Windows
[2019.12.08-21.57.35:762][  0]LogAudioDebug: Display: Lib vorbis DLL was dynamically loaded.
[2019.12.08-21.57.36:537][  0]LogShaderCompilers: Guid format shader working directory is 5 characters bigger than the processId version (../../../../../Git/GameAI/PathfindingLab/Intermediate/Shaders/WorkingDirectory/16932/).
[2019.12.08-21.57.36:537][  0]LogShaderCompilers: Cleaned the shader compiler working directory 'C:/Users/benco/AppData/Local/Temp/UnrealShaderWorkingDir/E4116FEB4786B0CA116FB2A647BE6FAA/'.
[2019.12.08-21.57.36:544][  0]LogXGEController: Cannot use XGE Controller as Incredibuild is not installed on this machine.
[2019.12.08-21.57.36:544][  0]LogShaderCompilers: Cannot use XGE Shader Compiler as Incredibuild is not installed on this machine.
[2019.12.08-21.57.36:545][  0]LogShaderCompilers: Display: Using Local Shader Compiler.
[2019.12.08-21.57.37:189][  0]LogDerivedDataCache: Display: Max Cache Size: 512 MB
[2019.12.08-21.57.37:250][  0]LogDerivedDataCache: Loaded boot cache 0.06s 71MB C:/Users/benco/AppData/Local/UnrealEngine/4.22/DerivedDataCache/Boot.ddc.
[2019.12.08-21.57.37:250][  0]LogDerivedDataCache: Display: Loaded Boot cache: C:/Users/benco/AppData/Local/UnrealEngine/4.22/DerivedDataCache/Boot.ddc
[2019.12.08-21.57.37:250][  0]LogDerivedDataCache: FDerivedDataBackendGraph:  Pak pak cache file ../../../../../Git/GameAI/PathfindingLab/DerivedDataCache/DDC.ddp not found, will not use a pak cache.
[2019.12.08-21.57.37:251][  0]LogDerivedDataCache: Unable to find inner node Pak for hierarchical cache Hierarchy.
[2019.12.08-21.57.37:251][  0]LogDerivedDataCache: FDerivedDataBackendGraph:  CompressedPak pak cache file ../../../../../Git/GameAI/PathfindingLab/DerivedDataCache/Compressed.ddp not found, will not use a pak cache.
[2019.12.08-21.57.37:251][  0]LogDerivedDataCache: Unable to find inner node CompressedPak for hierarchical cache Hierarchy.
[2019.12.08-21.57.37:264][  0]LogDerivedDataCache: Display: Pak cache opened for reading ../../../Engine/DerivedDataCache/Compressed.ddp.
[2019.12.08-21.57.37:264][  0]LogDerivedDataCache: FDerivedDataBackendGraph:  EnterprisePak pak cache file ../../../Enterprise/DerivedDataCache/Compressed.ddp not found, will not use a pak cache.
[2019.12.08-21.57.37:265][  0]LogDerivedDataCache: Unable to find inner node EnterprisePak for hierarchical cache Hierarchy.
[2019.12.08-21.57.37:280][  0]LogDerivedDataCache: Using Local data cache path C:/Users/benco/AppData/Local/UnrealEngine/Common/DerivedDataCache: Writable
[2019.12.08-21.57.37:280][  0]LogDerivedDataCache: Shared data cache path not found in *engine.ini, will not use an Shared cache.
[2019.12.08-21.57.37:281][  0]LogDerivedDataCache: Unable to find inner node Shared for hierarchical cache Hierarchy.
[2019.12.08-21.57.37:305][  0]LogMaterial: Verifying Global Shaders for PCD3D_SM5
[2019.12.08-21.57.37:306][  0]LogSlate: Using FreeType 2.6.0
[2019.12.08-21.57.37:307][  0]LogSlate: SlateFontServices - WITH_FREETYPE: 1, WITH_HARFBUZZ: 1
[2019.12.08-21.57.37:446][  0]LogAssetRegistry: FAssetRegistry took 0.0357 seconds to start up
[2019.12.08-21.57.37:788][  0]LogInit: Selected Device Profile: [Windows]
[2019.12.08-21.57.38:485][  0]LogMeshReduction: Using QuadricMeshReduction for automatic static mesh reduction
[2019.12.08-21.57.38:486][  0]LogMeshReduction: Using SimplygonMeshReduction for automatic skeletal mesh reduction
[2019.12.08-21.57.38:486][  0]LogMeshReduction: Using ProxyLODMeshReduction for automatic mesh merging
[2019.12.08-21.57.38:486][  0]LogMeshReduction: No distributed automatic mesh merging module available
[2019.12.08-21.57.38:486][  0]LogMeshMerging: No distributed automatic mesh merging module available
[2019.12.08-21.57.38:505][  0]LogNetVersion: PathFinding 1.0.0, NetCL: 5660361, EngineNetVer: 10, GameNetVer: 0 (Checksum: 315523671)
[2019.12.08-21.57.38:949][  0]LogPackageLocalizationCache: Processed 10 localized package path(s) for 1 prioritized culture(s) in 0.047261 seconds
[2019.12.08-21.57.38:956][  0]LogUObjectArray: 42205 objects as part of root set at end of initial load.
[2019.12.08-21.57.38:957][  0]LogUObjectAllocator: 7325032 out of 0 bytes used by permanent object pool.
[2019.12.08-21.57.38:957][  0]LogUObjectArray: CloseDisregardForGC: 0/0 objects in disregard for GC pool
[2019.12.08-21.57.41:906][  0]LogTcpMessaging: Initializing TcpMessaging bridge
[2019.12.08-21.57.41:937][  0]LogUdpMessaging: Initializing bridge on interface 0.0.0.0:0 to multicast group 230.0.0.1:6666.
[2019.12.08-21.57.42:704][  0]SourceControl: Source control is disabled
[2019.12.08-21.57.42:704][  0]SourceControl: Source control is disabled
[2019.12.08-21.57.42:818][  0]SourceControl: Source control is disabled
[2019.12.08-21.57.42:850][  0]SourceControl: Source control is disabled
[2019.12.08-21.57.44:336][  0]LogAndroidPermission: UAndroidPermissionCallbackProxy::GetInstance
[2019.12.08-21.57.45:014][  0]LogOcInput: OculusInput pre-init called
[2019.12.08-21.57.46:362][  0]LogEngine: Initializing Engine...
[2019.12.08-21.57.46:364][  0]LogHMD: Failed to initialize OpenVR with code 110
[2019.12.08-21.57.46:366][  0]LogStats: UGameplayTagsManager::InitializeManager -  0.000 s
[2019.12.08-21.57.46:599][  0]LogInit: Initializing FReadOnlyCVARCache
[2019.12.08-21.57.46:669][  0]LogAIModule: Creating AISystem for world Untitled
[2019.12.08-21.57.46:812][  0]LogInit: XAudio2 using 'Speakers (Razer Kraken TE - Game)' : 2 channels at 48 kHz using 16 bits per sample (channel mask 0x3)
[2019.12.08-21.57.46:878][  0]LogInit: FAudioDevice initialized.
[2019.12.08-21.57.46:878][  0]LogNetVersion: Set ProjectVersion to 1.0.0.0. Version Checksum will be recalculated on next use.
[2019.12.08-21.57.46:969][  0]LogDerivedDataCache: Saved boot cache 0.09s 71MB C:/Users/benco/AppData/Local/UnrealEngine/4.22/DerivedDataCache/Boot.ddc.
[2019.12.08-21.57.46:980][  0]LogInit: Texture streaming: Enabled
[2019.12.08-21.57.47:090][  0]LogEngineSessionManager: EngineSessionManager initialized
[2019.12.08-21.57.47:169][  0]LogInit: Transaction tracking system initialized
[2019.12.08-21.57.47:371][  0]BlueprintLog: New page: Editor Load
[2019.12.08-21.57.48:220][  0]LocalizationService: Localization service is disabled
[2019.12.08-21.57.48:954][  0]LogFileCache: Scanning file cache for directory 'D:/Git/GameAI/PathfindingLab/Content/' took 0.01s
[2019.12.08-21.57.48:954][  0]LogCook: Display: Max memory allowance for cook 16384mb min free memory 0mb
[2019.12.08-21.57.48:954][  0]LogCook: Display: Mobile HDR setting 1
[2019.12.08-21.57.50:260][  0]SourceControl: Source control is disabled
[2019.12.08-21.57.50:260][  0]Cmd: MAP LOAD FILE="../../../../../Git/GameAI/PathfindingLab/Content/PathfindingMap.umap" TEMPLATE=0 SHOWPROGRESS=1 FEATURELEVEL=3
[2019.12.08-21.57.50:261][  0]LightingResults: New page: Lighting Build
[2019.12.08-21.57.50:267][  0]MapCheck: New page: Map Check
[2019.12.08-21.57.50:268][  0]LightingResults: New page: Lighting Build
[2019.12.08-21.57.50:292][  0]LogUObjectHash: Compacting FUObjectHashTables data took   1.51ms
[2019.12.08-21.57.50:550][  0]LogAIModule: Creating AISystem for world PathfindingMap
[2019.12.08-21.57.50:566][  0]LogEditorServer: Finished looking for orphan Actors (0.000 secs)
[2019.12.08-21.57.50:595][  0]LogUObjectHash: Compacting FUObjectHashTables data took   2.18ms
[2019.12.08-21.57.50:595][  0]Cmd: MAP CHECKDEP NOCLEARLOG
[2019.12.08-21.57.50:596][  0]MapCheck: Map check complete: 0 Error(s), 0 Warning(s), took 0.163ms to complete.
[2019.12.08-21.57.50:596][  0]LogFileHelpers: Loading map 'PathfindingMap' took 0.335
[2019.12.08-21.57.50:747][  0]LogSlate: Updating window title bar state: overlay mode, drag disabled, window buttons hidden, title bar hidden
[2019.12.08-21.57.50:759][  0]LogSlate: Updating window title bar state: overlay mode, drag disabled, window buttons hidden, title bar hidden
[2019.12.08-21.57.50:769][  0]LogSlate: Updating window title bar state: overlay mode, drag disabled, window buttons hidden, title bar hidden
[2019.12.08-21.57.50:780][  0]LogSlate: Updating window title bar state: overlay mode, drag disabled, window buttons hidden, title bar hidden
[2019.12.08-21.57.50:827][  0]LogCollectionManager: Loaded 0 collections in 0.003433 seconds
[2019.12.08-21.57.50:852][  0]LogFileCache: Scanning file cache for directory 'D:/Git/GameAI/PathfindingLab/Saved/Collections/' took 0.01s
[2019.12.08-21.57.50:853][  0]LogFileCache: Scanning file cache for directory 'D:/Git/GameAI/PathfindingLab/Content/Developers/benco/Collections/' took 0.00s
[2019.12.08-21.57.50:853][  0]LogFileCache: Scanning file cache for directory 'D:/Git/GameAI/PathfindingLab/Content/Collections/' took 0.00s
[2019.12.08-21.57.50:853][  0]LogCollectionManager: Rebuilt the GUID cache for 0 collections in 0.000000 seconds
[2019.12.08-21.57.50:869][  0]LogContentBrowser: Native class hierarchy populated in 0.0160 seconds. Added 2742 classes and 662 folders.
[2019.12.08-21.57.50:880][  0]LogContentBrowser: Native class hierarchy updated for 'WidgetCarousel' in 0.0007 seconds. Added 0 classes and 0 folders.
[2019.12.08-21.57.50:883][  0]LogPakFile: Registered encryption key '00000000000000000000000000000000': 0 pak files mounted, 0 remain pending
[2019.12.08-21.57.50:884][  0]LogPakFile: Registered encryption key '00000000000000000000000000000000': 0 pak files mounted, 0 remain pending
[2019.12.08-21.57.50:884][  0]LogPakFile: Registered encryption key '00000000000000000000000000000000': 0 pak files mounted, 0 remain pending
[2019.12.08-21.57.50:885][  0]LogPakFile: Registered encryption key '00000000000000000000000000000000': 0 pak files mounted, 0 remain pending
[2019.12.08-21.57.50:886][  0]LogPakFile: Registered encryption key '00000000000000000000000000000000': 0 pak files mounted, 0 remain pending
[2019.12.08-21.57.50:886][  0]LogPakFile: Registered encryption key '00000000000000000000000000000000': 0 pak files mounted, 0 remain pending
[2019.12.08-21.57.50:887][  0]LogPakFile: Registered encryption key '00000000000000000000000000000000': 0 pak files mounted, 0 remain pending
[2019.12.08-21.57.50:888][  0]LogPakFile: Registered encryption key '00000000000000000000000000000000': 0 pak files mounted, 0 remain pending
[2019.12.08-21.57.50:889][  0]LogPakFile: Registered encryption key '00000000000000000000000000000000': 0 pak files mounted, 0 remain pending
[2019.12.08-21.57.50:890][  0]LogPakFile: Registered encryption key '00000000000000000000000000000000': 0 pak files mounted, 0 remain pending
[2019.12.08-21.57.50:890][  0]LogPakFile: Registered encryption key '00000000000000000000000000000000': 0 pak files mounted, 0 remain pending
[2019.12.08-21.57.50:891][  0]LogPakFile: Registered encryption key '00000000000000000000000000000000': 0 pak files mounted, 0 remain pending
[2019.12.08-21.57.50:892][  0]LogPakFile: Registered encryption key '00000000000000000000000000000000': 0 pak files mounted, 0 remain pending
[2019.12.08-21.57.50:892][  0]LogPakFile: Registered encryption key '00000000000000000000000000000000': 0 pak files mounted, 0 remain pending
[2019.12.08-21.57.50:893][  0]LogPakFile: Registered encryption key '00000000000000000000000000000000': 0 pak files mounted, 0 remain pending
[2019.12.08-21.57.50:894][  0]LogPakFile: Registered encryption key '00000000000000000000000000000000': 0 pak files mounted, 0 remain pending
[2019.12.08-21.57.50:894][  0]LogPakFile: Registered encryption key '00000000000000000000000000000000': 0 pak files mounted, 0 remain pending
[2019.12.08-21.57.50:895][  0]LogPakFile: Registered encryption key '00000000000000000000000000000000': 0 pak files mounted, 0 remain pending
[2019.12.08-21.57.50:896][  0]LogPakFile: Registered encryption key '00000000000000000000000000000000': 0 pak files mounted, 0 remain pending
[2019.12.08-21.57.50:896][  0]LogPakFile: Registered encryption key '00000000000000000000000000000000': 0 pak files mounted, 0 remain pending
[2019.12.08-21.57.50:897][  0]LogPakFile: Registered encryption key '00000000000000000000000000000000': 0 pak files mounted, 0 remain pending
[2019.12.08-21.57.50:898][  0]LogPakFile: Registered encryption key '00000000000000000000000000000000': 0 pak files mounted, 0 remain pending
[2019.12.08-21.57.50:899][  0]LogPakFile: Registered encryption key '00000000000000000000000000000000': 0 pak files mounted, 0 remain pending
[2019.12.08-21.57.50:900][  0]LogPakFile: Registered encryption key '00000000000000000000000000000000': 0 pak files mounted, 0 remain pending
[2019.12.08-21.57.50:901][  0]LogPakFile: Registered encryption key '00000000000000000000000000000000': 0 pak files mounted, 0 remain pending
[2019.12.08-21.57.50:902][  0]LogPakFile: Registered encryption key '00000000000000000000000000000000': 0 pak files mounted, 0 remain pending
[2019.12.08-21.57.50:990][  0]LogContentBrowser: Native class hierarchy updated for 'AddContentDialog' in 0.0007 seconds. Added 0 classes and 0 folders.
[2019.12.08-21.57.51:031][  0]LogContentBrowser: Native class hierarchy updated for 'SceneOutliner' in 0.0009 seconds. Added 1 classes and 2 folders.
[2019.12.08-21.57.51:051][  0]LogSlate: Took 0.000260 seconds to synchronously load lazily loaded font '../../../Engine/Content/Slate/Fonts/Roboto-Regular.ttf' (155K)
[2019.12.08-21.57.51:058][  0]LogSlate: Took 0.000314 seconds to synchronously load lazily loaded font '../../../Engine/Content/Slate/Fonts/Roboto-Bold.ttf' (160K)
[2019.12.08-21.57.51:064][  0]LogSlate: Took 0.000253 seconds to synchronously load lazily loaded font '../../../Engine/Content/Editor/Slate/Fonts/FontAwesome.ttf' (139K)
[2019.12.08-21.57.51:143][  0]LogRenderer: Reallocating scene render targets to support 1196x612 Format 10 NumSamples 1 (Frame:1).
[2019.12.08-21.57.51:206][  0]LogSlate: Took 0.000343 seconds to synchronously load lazily loaded font '../../../Engine/Content/Slate/Fonts/Roboto-Light.ttf' (167K)
[2019.12.08-21.57.51:382][  0]LogContentBrowser: Native class hierarchy updated for 'HierarchicalLODOutliner' in 0.0008 seconds. Added 0 classes and 0 folders.
[2019.12.08-21.57.51:382][  0]LogLoad: (Engine Initialization) Total time: 25.19 seconds
[2019.12.08-21.57.51:382][  0]LogLoad: (Engine Initialization) Total Blueprint compile time: 0.00 seconds
[2019.12.08-21.57.51:428][  0]LogAssetRegistry: Asset discovery search completed in 14.0071 seconds
[2019.12.08-21.57.51:431][  0]LogCollectionManager: Rebuilt the object cache for 0 collections in 0.000000 seconds (found 0 objects)
[2019.12.08-21.57.51:431][  0]LogCollectionManager: Fixed up redirectors for 0 collections in 0.000170 seconds (updated 0 objects)
[2019.12.08-21.57.51:432][  0]LogContentStreaming: Texture pool size now 1000 MB
[2019.12.08-21.57.52:421][ 48]LogSlate: Took 0.000232 seconds to synchronously load lazily loaded font '../../../Engine/Content/Slate/Fonts/Roboto-Light.ttf' (167K)
[2019.12.08-21.57.59:875][493]LogSlate: FSceneViewport::OnFocusLost() reason 0
[2019.12.08-21.58.01:273][577]LogSlate: FSceneViewport::OnFocusLost() reason 0
[2019.12.08-21.58.01:356][582]LogTemp: Repeating last play command: Selected Viewport
[2019.12.08-21.58.01:371][582]LogBlueprintUserMessages: Early PlayInEditor Detection: Level '/Game/PathfindingMap.PathfindingMap:PersistentLevel' has LevelScriptBlueprint '/Game/PathfindingMap.PathfindingMap:PersistentLevel.PathfindingMap' with GeneratedClass '/Game/PathfindingMap.PathfindingMap_C' with ClassGeneratedBy '/Game/PathfindingMap.PathfindingMap:PersistentLevel.PathfindingMap'
[2019.12.08-21.58.01:371][582]LogPlayLevel: PlayLevel: No blueprints needed recompiling
[2019.12.08-21.58.01:372][582]PIE: New page: PIE session: PathfindingMap (Dec 8, 2019, 11:58:01 AM)
[2019.12.08-21.58.01:387][582]LogPlayLevel: Creating play world package: /Game/UEDPIE_0_PathfindingMap
[2019.12.08-21.58.01:401][582]LogPlayLevel: PIE: StaticDuplicateObject took: (0.013083s)
[2019.12.08-21.58.01:402][582]LogAIModule: Creating AISystem for world PathfindingMap
[2019.12.08-21.58.01:402][582]LogPlayLevel: PIE: World Init took: (0.001126s)
[2019.12.08-21.58.01:403][582]LogPlayLevel: PIE: Created PIE world by copying editor world from /Game/PathfindingMap.PathfindingMap to /Game/UEDPIE_0_PathfindingMap.PathfindingMap (0.014991s)
[2019.12.08-21.58.01:428][582]LogUObjectHash: Compacting FUObjectHashTables data took   1.33ms
[2019.12.08-21.58.01:517][582]LogInit: XAudio2 using 'Speakers (Razer Kraken TE - Game)' : 2 channels at 48 kHz using 16 bits per sample (channel mask 0x3)
[2019.12.08-21.58.01:549][582]LogInit: FAudioDevice initialized.
[2019.12.08-21.58.01:596][582]LogLoad: Game class is 'PathFindingGameMode_C'
[2019.12.08-21.58.01:599][582]LogWorld: Bringing World /Game/UEDPIE_0_PathfindingMap.PathfindingMap up for play (max tick rate 60) at 2019.12.08-16.58.01
[2019.12.08-21.58.01:600][582]LogWorld: Bringing up level for play took: 0.001895
[2019.12.08-21.58.01:625][582]LogContentBrowser: Native class hierarchy updated for 'MovieSceneCapture' in 0.0006 seconds. Added 20 classes and 0 folders.
[2019.12.08-21.58.01:640][582]PIE: Play in editor start time for /Game/UEDPIE_0_PathfindingMap -0.399
[2019.12.08-21.58.01:640][582]LogBlueprintUserMessages: Late PlayInEditor Detection: Level '/Game/PathfindingMap.PathfindingMap:PersistentLevel' has LevelScriptBlueprint '/Game/PathfindingMap.PathfindingMap:PersistentLevel.PathfindingMap' with GeneratedClass '/Game/PathfindingMap.PathfindingMap_C' with ClassGeneratedBy '/Game/PathfindingMap.PathfindingMap:PersistentLevel.PathfindingMap'
[2019.12.08-21.58.01:641][582]LogBlueprintUserMessages: [Flag_5] NotCaptured
[2019.12.08-21.58.05:693][583]LogBlueprintUserMessages: [Flag_5] NotCaptured
[2019.12.08-21.58.06:026][584]LogBlueprintUserMessages: [Flag_5] NotCaptured
[2019.12.08-21.58.06:359][585]LogBlueprintUserMessages: [Flag_5] NotCaptured
[2019.12.08-21.58.06:688][586]LogBlueprintUserMessages: [Flag_5] NotCaptured
[2019.12.08-21.58.06:703][587]LogBlueprintUserMessages: [Flag_5] NotCaptured
[2019.12.08-21.58.06:720][588]LogBlueprintUserMessages: [Flag_5] NotCaptured
[2019.12.08-21.58.06:745][589]LogBlueprintUserMessages: [Flag_5] NotCaptured
[2019.12.08-21.58.06:791][590]LogBlueprintUserMessages: [Flag_5] NotCaptured
[2019.12.08-21.58.06:837][591]LogBlueprintUserMessages: [Flag_5] NotCaptured
[2019.12.08-21.58.06:885][592]LogBlueprintUserMessages: [Flag_5] NotCaptured
[2019.12.08-21.58.06:917][593]LogBlueprintUserMessages: [Flag_5] NotCaptured
[2019.12.08-21.58.06:934][594]LogBlueprintUserMessages: [Flag_5] NotCaptured
[2019.12.08-21.58.06:951][595]LogBlueprintUserMessages: [Flag_5] NotCaptured
[2019.12.08-21.58.06:967][596]LogBlueprintUserMessages: [Flag_5] NotCaptured
[2019.12.08-21.58.06:984][597]LogBlueprintUserMessages: [Flag_5] NotCaptured
[2019.12.08-21.58.07:001][598]LogBlueprintUserMessages: [Flag_5] NotCaptured
[2019.12.08-21.58.07:017][599]LogBlueprintUserMessages: [Flag_5] NotCaptured
[2019.12.08-21.58.07:033][600]LogBlueprintUserMessages: [Flag_5] NotCaptured
[2019.12.08-21.58.07:050][601]LogBlueprintUserMessages: [Flag_5] NotCaptured
[2019.12.08-21.58.07:067][602]LogBlueprintUserMessages: [Flag_5] NotCaptured
[2019.12.08-21.58.07:083][603]LogBlueprintUserMessages: [Flag_5] NotCaptured
[2019.12.08-21.58.07:100][604]LogBlueprintUserMessages: [Flag_5] NotCaptured
[2019.12.08-21.58.07:117][605]LogBlueprintUserMessages: [Flag_5] NotCaptured
[2019.12.08-21.58.07:134][606]LogBlueprintUserMessages: [Flag_5] NotCaptured
[2019.12.08-21.58.07:150][607]LogBlueprintUserMessages: [Flag_5] NotCaptured
[2019.12.08-21.58.07:167][608]LogBlueprintUserMessages: [Flag_5] NotCaptured
[2019.12.08-21.58.07:184][609]LogBlueprintUserMessages: [Flag_5] NotCaptured
[2019.12.08-21.58.07:201][610]LogBlueprintUserMessages: [Flag_5] NotCaptured
[2019.12.08-21.58.07:218][611]LogBlueprintUserMessages: [Flag_5] NotCaptured
[2019.12.08-21.58.07:234][612]LogBlueprintUserMessages: [Flag_5] NotCaptured
[2019.12.08-21.58.07:249][613]LogBlueprintUserMessages: [Flag_5] NotCaptured
[2019.12.08-21.58.07:267][614]LogBlueprintUserMessages: [Flag_5] NotCaptured
[2019.12.08-21.58.07:283][615]LogBlueprintUserMessages: [Flag_5] NotCaptured
[2019.12.08-21.58.07:301][616]LogBlueprintUserMessages: [Flag_5] NotCaptured
[2019.12.08-21.58.07:317][617]LogBlueprintUserMessages: [Flag_5] NotCaptured
[2019.12.08-21.58.07:334][618]LogBlueprintUserMessages: [Flag_5] NotCaptured
[2019.12.08-21.58.07:351][619]LogBlueprintUserMessages: [Flag_5] NotCaptured
[2019.12.08-21.58.07:367][620]LogBlueprintUserMessages: [Flag_5] NotCaptured
[2019.12.08-21.58.07:383][621]LogBlueprintUserMessages: [Flag_5] NotCaptured
[2019.12.08-21.58.07:400][622]LogBlueprintUserMessages: [Flag_5] NotCaptured
[2019.12.08-21.58.07:417][623]LogBlueprintUserMessages: [Flag_5] NotCaptured
[2019.12.08-21.58.07:433][624]LogBlueprintUserMessages: [Flag_5] NotCaptured
[2019.12.08-21.58.07:450][625]LogBlueprintUserMessages: [Flag_5] NotCaptured
[2019.12.08-21.58.07:467][626]LogBlueprintUserMessages: [Flag_5] NotCaptured
[2019.12.08-21.58.07:483][627]LogBlueprintUserMessages: [Flag_5] NotCaptured
[2019.12.08-21.58.07:500][628]LogBlueprintUserMessages: [Flag_5] NotCaptured
[2019.12.08-21.58.07:517][629]LogBlueprintUserMessages: [Flag_5] NotCaptured
[2019.12.08-21.58.07:534][630]LogBlueprintUserMessages: [Flag_5] NotCaptured
[2019.12.08-21.58.07:550][631]LogBlueprintUserMessages: [Flag_5] NotCaptured
[2019.12.08-21.58.07:567][632]LogBlueprintUserMessages: [Flag_5] NotCaptured
[2019.12.08-21.58.07:584][633]LogBlueprintUserMessages: [Flag_5] NotCaptured
[2019.12.08-21.58.07:601][634]LogBlueprintUserMessages: [Flag_5] NotCaptured
[2019.12.08-21.58.07:617][635]LogBlueprintUserMessages: [Flag_5] NotCaptured
[2019.12.08-21.58.07:634][636]LogBlueprintUserMessages: [Flag_5] NotCaptured
[2019.12.08-21.58.07:650][637]LogBlueprintUserMessages: [Flag_5] NotCaptured
[2019.12.08-21.58.07:668][638]LogBlueprintUserMessages: [Flag_5] NotCaptured
[2019.12.08-21.58.07:684][639]LogBlueprintUserMessages: [Flag_5] NotCaptured
[2019.12.08-21.58.07:701][640]LogBlueprintUserMessages: [Flag_5] NotCaptured
[2019.12.08-21.58.07:718][641]LogBlueprintUserMessages: [Flag_5] NotCaptured
[2019.12.08-21.58.07:732][642]LogBlueprintUserMessages: [Flag_5] NotCaptured
[2019.12.08-21.58.07:750][643]LogBlueprintUserMessages: [Flag_5] NotCaptured
[2019.12.08-21.58.07:766][644]LogBlueprintUserMessages: [Flag_5] NotCaptured
[2019.12.08-21.58.07:783][645]LogBlueprintUserMessages: [Flag_5] NotCaptured
[2019.12.08-21.58.07:800][646]LogBlueprintUserMessages: [Flag_5] NotCaptured
[2019.12.08-21.58.07:816][647]LogBlueprintUserMessages: [Flag_5] NotCaptured
[2019.12.08-21.58.07:833][648]LogBlueprintUserMessages: [Flag_5] NotCaptured
[2019.12.08-21.58.07:850][649]LogBlueprintUserMessages: [Flag_5] NotCaptured
[2019.12.08-21.58.07:866][650]LogBlueprintUserMessages: [Flag_5] NotCaptured
[2019.12.08-21.58.07:883][651]LogBlueprintUserMessages: [Flag_5] NotCaptured
[2019.12.08-21.58.07:900][652]LogBlueprintUserMessages: [Flag_5] NotCaptured
[2019.12.08-21.58.07:917][653]LogBlueprintUserMessages: [Flag_5] NotCaptured
[2019.12.08-21.58.07:934][654]LogBlueprintUserMessages: [Flag_5] NotCaptured
[2019.12.08-21.58.07:950][655]LogBlueprintUserMessages: [Flag_5] NotCaptured
[2019.12.08-21.58.07:968][656]LogBlueprintUserMessages: [Flag_5] NotCaptured
[2019.12.08-21.58.07:983][657]LogBlueprintUserMessages: [Flag_5] NotCaptured
[2019.12.08-21.58.08:001][658]LogBlueprintUserMessages: [Flag_5] NotCaptured
[2019.12.08-21.58.08:017][659]LogBlueprintUserMessages: [Flag_5] NotCaptured
[2019.12.08-21.58.08:034][660]LogBlueprintUserMessages: [Flag_5] NotCaptured
[2019.12.08-21.58.08:051][661]LogBlueprintUserMessages: [Flag_5] NotCaptured
[2019.12.08-21.58.08:067][662]LogBlueprintUserMessages: [Flag_5] NotCaptured
[2019.12.08-21.58.08:084][663]LogBlueprintUserMessages: [Flag_5] NotCaptured
[2019.12.08-21.58.08:100][664]LogBlueprintUserMessages: [Flag_5] NotCaptured
[2019.12.08-21.58.08:116][665]LogBlueprintUserMessages: [Flag_5] NotCaptured
[2019.12.08-21.58.08:133][666]LogBlueprintUserMessages: [Flag_5] NotCaptured
[2019.12.08-21.58.08:149][667]LogBlueprintUserMessages: [Flag_5] NotCaptured
[2019.12.08-21.58.08:166][668]LogBlueprintUserMessages: [Flag_5] NotCaptured
[2019.12.08-21.58.08:183][669]LogBlueprintUserMessages: [Flag_5] NotCaptured
[2019.12.08-21.58.08:200][670]LogBlueprintUserMessages: [Flag_5] NotCaptured
[2019.12.08-21.58.08:217][671]LogBlueprintUserMessages: [Flag_5] NotCaptured
[2019.12.08-21.58.08:233][672]LogBlueprintUserMessages: [Flag_5] NotCaptured
[2019.12.08-21.58.08:250][673]LogBlueprintUserMessages: [Flag_5] NotCaptured
[2019.12.08-21.58.08:267][674]LogBlueprintUserMessages: [Flag_5] NotCaptured
[2019.12.08-21.58.08:283][675]LogBlueprintUserMessages: [Flag_5] NotCaptured
[2019.12.08-21.58.08:300][676]LogBlueprintUserMessages: [Flag_5] NotCaptured
[2019.12.08-21.58.08:317][677]LogBlueprintUserMessages: [Flag_5] NotCaptured
[2019.12.08-21.58.08:334][678]LogBlueprintUserMessages: [Flag_5] NotCaptured
[2019.12.08-21.58.08:350][679]LogBlueprintUserMessages: [Flag_5] NotCaptured
[2019.12.08-21.58.08:366][680]LogBlueprintUserMessages: [Flag_5] NotCaptured
[2019.12.08-21.58.08:385][681]LogBlueprintUserMessages: [Flag_5] NotCaptured
[2019.12.08-21.58.08:400][682]LogBlueprintUserMessages: [Flag_5] NotCaptured
[2019.12.08-21.58.08:417][683]LogBlueprintUserMessages: [Flag_5] NotCaptured
[2019.12.08-21.58.08:434][684]LogBlueprintUserMessages: [Flag_5] NotCaptured
[2019.12.08-21.58.08:451][685]LogBlueprintUserMessages: [Flag_5] NotCaptured
[2019.12.08-21.58.08:467][686]LogBlueprintUserMessages: [Flag_5] NotCaptured
[2019.12.08-21.58.08:485][687]LogBlueprintUserMessages: [Flag_5] NotCaptured
[2019.12.08-21.58.08:500][688]LogBlueprintUserMessages: [Flag_5] NotCaptured
[2019.12.08-21.58.08:516][689]LogBlueprintUserMessages: [Flag_5] NotCaptured
[2019.12.08-21.58.08:534][690]LogBlueprintUserMessages: [Flag_5] NotCaptured
[2019.12.08-21.58.08:551][691]LogBlueprintUserMessages: [Flag_5] NotCaptured
[2019.12.08-21.58.08:567][692]LogBlueprintUserMessages: [Flag_5] NotCaptured
[2019.12.08-21.58.08:584][693]LogBlueprintUserMessages: [Flag_5] NotCaptured
[2019.12.08-21.58.08:601][694]LogBlueprintUserMessages: [Flag_5] NotCaptured
[2019.12.08-21.58.08:618][695]LogBlueprintUserMessages: [Flag_5] NotCaptured
[2019.12.08-21.58.08:635][696]LogBlueprintUserMessages: [Flag_5] NotCaptured
[2019.12.08-21.58.08:651][697]LogBlueprintUserMessages: [Flag_5] NotCaptured
[2019.12.08-21.58.08:668][698]LogBlueprintUserMessages: [Flag_5] NotCaptured
[2019.12.08-21.58.08:683][699]LogBlueprintUserMessages: [Flag_5] NotCaptured
[2019.12.08-21.58.08:701][700]LogBlueprintUserMessages: [Flag_5] NotCaptured
[2019.12.08-21.58.08:717][701]LogBlueprintUserMessages: [Flag_5] NotCaptured
[2019.12.08-21.58.08:734][702]LogBlueprintUserMessages: [Flag_5] NotCaptured
[2019.12.08-21.58.08:751][703]LogBlueprintUserMessages: [Flag_5] NotCaptured
[2019.12.08-21.58.08:767][704]LogBlueprintUserMessages: [Flag_5] NotCaptured
[2019.12.08-21.58.08:784][705]LogBlueprintUserMessages: [Flag_5] NotCaptured
[2019.12.08-21.58.08:800][706]LogBlueprintUserMessages: [Flag_5] NotCaptured
[2019.12.08-21.58.08:816][707]LogBlueprintUserMessages: [Flag_5] NotCaptured
[2019.12.08-21.58.08:833][708]LogBlueprintUserMessages: [Flag_5] NotCaptured
[2019.12.08-21.58.08:850][709]LogBlueprintUserMessages: [Flag_5] NotCaptured
[2019.12.08-21.58.08:866][710]LogBlueprintUserMessages: [Flag_5] NotCaptured
[2019.12.08-21.58.08:883][711]LogBlueprintUserMessages: [Flag_5] NotCaptured
[2019.12.08-21.58.08:900][712]LogBlueprintUserMessages: [Flag_5] NotCaptured
[2019.12.08-21.58.08:917][713]LogBlueprintUserMessages: [Flag_5] NotCaptured
[2019.12.08-21.58.08:933][714]LogBlueprintUserMessages: [Flag_5] NotCaptured
[2019.12.08-21.58.08:950][715]LogBlueprintUserMessages: [Flag_5] NotCaptured
[2019.12.08-21.58.08:967][716]LogBlueprintUserMessages: [Flag_5] NotCaptured
[2019.12.08-21.58.08:983][717]LogBlueprintUserMessages: [Flag_5] NotCaptured
[2019.12.08-21.58.09:000][718]LogBlueprintUserMessages: [Flag_5] NotCaptured
[2019.12.08-21.58.09:016][719]LogBlueprintUserMessages: [Flag_5] NotCaptured
[2019.12.08-21.58.09:033][720]LogBlueprintUserMessages: [Flag_5] NotCaptured
[2019.12.08-21.58.09:050][721]LogBlueprintUserMessages: [Flag_5] NotCaptured
[2019.12.08-21.58.09:066][722]LogBlueprintUserMessages: [Flag_5] NotCaptured
[2019.12.08-21.58.09:084][723]LogBlueprintUserMessages: [Flag_5] NotCaptured
[2019.12.08-21.58.09:100][724]LogBlueprintUserMessages: [Flag_5] NotCaptured
[2019.12.08-21.58.09:117][725]LogBlueprintUserMessages: [Flag_5] NotCaptured
[2019.12.08-21.58.09:134][726]LogBlueprintUserMessages: [Flag_5] NotCaptured
[2019.12.08-21.58.09:150][727]LogBlueprintUserMessages: [Flag_5] NotCaptured
[2019.12.08-21.58.09:166][728]LogBlueprintUserMessages: [Flag_5] NotCaptured
[2019.12.08-21.58.09:184][729]LogBlueprintUserMessages: [Flag_5] NotCaptured
[2019.12.08-21.58.09:200][730]LogBlueprintUserMessages: [Flag_5] NotCaptured
[2019.12.08-21.58.09:217][731]LogBlueprintUserMessages: [Flag_5] NotCaptured
[2019.12.08-21.58.09:234][732]LogBlueprintUserMessages: [Flag_5] NotCaptured
[2019.12.08-21.58.09:250][733]LogBlueprintUserMessages: [Flag_5] NotCaptured
[2019.12.08-21.58.09:266][734]LogBlueprintUserMessages: [Flag_5] NotCaptured
[2019.12.08-21.58.09:283][735]LogBlueprintUserMessages: [Flag_5] NotCaptured
[2019.12.08-21.58.09:299][736]LogBlueprintUserMessages: [Flag_5] NotCaptured
[2019.12.08-21.58.09:316][737]LogBlueprintUserMessages: [Flag_5] NotCaptured
[2019.12.08-21.58.09:333][738]LogBlueprintUserMessages: [Flag_5] NotCaptured
[2019.12.08-21.58.09:350][739]LogBlueprintUserMessages: [Flag_5] NotCaptured
[2019.12.08-21.58.09:366][740]LogBlueprintUserMessages: [Flag_5] NotCaptured
[2019.12.08-21.58.09:383][741]LogBlueprintUserMessages: [Flag_5] NotCaptured
[2019.12.08-21.58.09:400][742]LogBlueprintUserMessages: [Flag_5] NotCaptured
[2019.12.08-21.58.09:416][743]LogBlueprintUserMessages: [Flag_5] NotCaptured
[2019.12.08-21.58.09:433][744]LogBlueprintUserMessages: [Flag_5] NotCaptured
[2019.12.08-21.58.09:450][745]LogBlueprintUserMessages: [Flag_5] NotCaptured
[2019.12.08-21.58.09:466][746]LogBlueprintUserMessages: [Flag_5] NotCaptured
[2019.12.08-21.58.09:483][747]LogBlueprintUserMessages: [Flag_5] NotCaptured
[2019.12.08-21.58.09:500][748]LogBlueprintUserMessages: [Flag_5] NotCaptured
[2019.12.08-21.58.09:517][749]LogBlueprintUserMessages: [Flag_5] NotCaptured
[2019.12.08-21.58.09:533][750]LogBlueprintUserMessages: [Flag_5] NotCaptured
[2019.12.08-21.58.09:550][751]LogBlueprintUserMessages: [Flag_5] NotCaptured
[2019.12.08-21.58.09:566][752]LogBlueprintUserMessages: [Flag_5] NotCaptured
[2019.12.08-21.58.09:583][753]LogBlueprintUserMessages: [Flag_5] NotCaptured
[2019.12.08-21.58.09:600][754]LogBlueprintUserMessages: [Flag_5] NotCaptured
[2019.12.08-21.58.09:617][755]LogBlueprintUserMessages: [Flag_5] NotCaptured
[2019.12.08-21.58.09:633][756]LogBlueprintUserMessages: [Flag_5] NotCaptured
[2019.12.08-21.58.09:650][757]LogBlueprintUserMessages: [Flag_5] NotCaptured
[2019.12.08-21.58.09:667][758]LogBlueprintUserMessages: [Flag_5] NotCaptured
[2019.12.08-21.58.09:684][759]LogBlueprintUserMessages: [Flag_5] NotCaptured
[2019.12.08-21.58.09:700][760]LogBlueprintUserMessages: [Flag_5] NotCaptured
[2019.12.08-21.58.09:717][761]LogBlueprintUserMessages: [Flag_5] NotCaptured
[2019.12.08-21.58.09:734][762]LogBlueprintUserMessages: [Flag_5] NotCaptured
[2019.12.08-21.58.09:749][763]LogBlueprintUserMessages: [Flag_5] NotCaptured
[2019.12.08-21.58.09:766][764]LogBlueprintUserMessages: [Flag_5] NotCaptured
[2019.12.08-21.58.09:784][765]LogBlueprintUserMessages: [Flag_5] NotCaptured
[2019.12.08-21.58.09:802][766]LogBlueprintUserMessages: [Flag_5] NotCaptured
[2019.12.08-21.58.09:820][767]LogBlueprintUserMessages: [Flag_5] NotCaptured
[2019.12.08-21.58.09:835][768]LogBlueprintUserMessages: [Flag_5] NotCaptured
[2019.12.08-21.58.09:851][769]LogBlueprintUserMessages: [Flag_5] NotCaptured
[2019.12.08-21.58.09:869][770]LogBlueprintUserMessages: [Flag_5] NotCaptured
[2019.12.08-21.58.09:885][771]LogBlueprintUserMessages: [Flag_5] NotCaptured
[2019.12.08-21.58.09:903][772]LogBlueprintUserMessages: [Flag_5] NotCaptured
[2019.12.08-21.58.09:918][773]LogBlueprintUserMessages: [Flag_5] NotCaptured
[2019.12.08-21.58.09:935][774]LogBlueprintUserMessages: [Flag_5] NotCaptured
[2019.12.08-21.58.09:952][775]LogBlueprintUserMessages: [Flag_5] NotCaptured
[2019.12.08-21.58.09:967][776]LogBlueprintUserMessages: [Flag_5] NotCaptured
[2019.12.08-21.58.09:984][777]LogBlueprintUserMessages: [Flag_5] NotCaptured
[2019.12.08-21.58.10:001][778]LogBlueprintUserMessages: [Flag_5] NotCaptured
[2019.12.08-21.58.10:018][779]LogBlueprintUserMessages: [Flag_5] NotCaptured
[2019.12.08-21.58.10:034][780]LogBlueprintUserMessages: [Flag_5] NotCaptured
[2019.12.08-21.58.10:051][781]LogBlueprintUserMessages: [Flag_5] NotCaptured
[2019.12.08-21.58.10:067][782]LogBlueprintUserMessages: [Flag_5] NotCaptured
[2019.12.08-21.58.10:084][783]LogBlueprintUserMessages: [Flag_5] NotCaptured
[2019.12.08-21.58.10:101][784]LogBlueprintUserMessages: [Flag_5] NotCaptured
[2019.12.08-21.58.10:118][785]LogBlueprintUserMessages: [Flag_5] NotCaptured
[2019.12.08-21.58.10:135][786]LogBlueprintUserMessages: [Flag_5] NotCaptured
[2019.12.08-21.58.10:150][787]LogBlueprintUserMessages: [Flag_5] NotCaptured
[2019.12.08-21.58.10:167][788]LogBlueprintUserMessages: [Flag_5] NotCaptured
[2019.12.08-21.58.10:184][789]LogBlueprintUserMessages: [Flag_5] NotCaptured
[2019.12.08-21.58.10:201][790]LogBlueprintUserMessages: [Flag_5] NotCaptured
[2019.12.08-21.58.10:217][791]LogBlueprintUserMessages: [Flag_5] NotCaptured
[2019.12.08-21.58.10:234][792]LogBlueprintUserMessages: [Flag_5] NotCaptured
[2019.12.08-21.58.10:250][793]LogBlueprintUserMessages: [Flag_5] NotCaptured
[2019.12.08-21.58.10:267][794]LogBlueprintUserMessages: [Flag_5] NotCaptured
[2019.12.08-21.58.10:284][795]LogBlueprintUserMessages: [Flag_5] NotCaptured
[2019.12.08-21.58.10:300][796]LogBlueprintUserMessages: [Flag_5] NotCaptured
[2019.12.08-21.58.10:318][797]LogBlueprintUserMessages: [Flag_5] NotCaptured
[2019.12.08-21.58.10:334][798]LogBlueprintUserMessages: [Flag_5] NotCaptured
[2019.12.08-21.58.10:353][799]LogBlueprintUserMessages: [Flag_5] NotCaptured
[2019.12.08-21.58.10:369][800]LogBlueprintUserMessages: [Flag_5] NotCaptured
[2019.12.08-21.58.10:385][801]LogBlueprintUserMessages: [Flag_5] NotCaptured
[2019.12.08-21.58.10:401][802]LogBlueprintUserMessages: [Flag_5] NotCaptured
[2019.12.08-21.58.10:418][803]LogBlueprintUserMessages: [Flag_5] NotCaptured
[2019.12.08-21.58.10:436][804]LogBlueprintUserMessages: [Flag_5] NotCaptured
[2019.12.08-21.58.10:452][805]LogBlueprintUserMessages: [Flag_5] NotCaptured
[2019.12.08-21.58.10:468][806]LogBlueprintUserMessages: [Flag_5] NotCaptured
[2019.12.08-21.58.10:484][807]LogBlueprintUserMessages: [Flag_5] NotCaptured
[2019.12.08-21.58.10:502][808]LogBlueprintUserMessages: [Flag_5] NotCaptured
[2019.12.08-21.58.10:517][809]LogBlueprintUserMessages: [Flag_5] NotCaptured
[2019.12.08-21.58.10:533][810]LogBlueprintUserMessages: [Flag_5] NotCaptured
[2019.12.08-21.58.10:551][811]LogBlueprintUserMessages: [Flag_5] NotCaptured
[2019.12.08-21.58.10:567][812]LogBlueprintUserMessages: [Flag_5] NotCaptured
[2019.12.08-21.58.10:584][813]LogBlueprintUserMessages: [Flag_5] NotCaptured
[2019.12.08-21.58.10:600][814]LogBlueprintUserMessages: [Flag_5] NotCaptured
[2019.12.08-21.58.10:617][815]LogBlueprintUserMessages: [Flag_5] NotCaptured
[2019.12.08-21.58.10:635][816]LogBlueprintUserMessages: [Flag_5] NotCaptured
[2019.12.08-21.58.10:651][817]LogBlueprintUserMessages: [Flag_5] NotCaptured
[2019.12.08-21.58.10:669][818]LogBlueprintUserMessages: [Flag_5] NotCaptured
[2019.12.08-21.58.10:685][819]LogBlueprintUserMessages: [Flag_5] NotCaptured
[2019.12.08-21.58.10:702][820]LogBlueprintUserMessages: [Flag_5] NotCaptured
[2019.12.08-21.58.10:718][821]LogBlueprintUserMessages: [Flag_5] NotCaptured
[2019.12.08-21.58.10:735][822]LogBlueprintUserMessages: [Flag_5] NotCaptured
[2019.12.08-21.58.10:751][823]LogBlueprintUserMessages: [Flag_5] NotCaptured
[2019.12.08-21.58.10:767][824]LogBlueprintUserMessages: [Flag_5] NotCaptured
[2019.12.08-21.58.10:784][825]LogBlueprintUserMessages: [Flag_5] NotCaptured
[2019.12.08-21.58.10:801][826]LogBlueprintUserMessages: [Flag_5] NotCaptured
[2019.12.08-21.58.10:817][827]LogBlueprintUserMessages: [Flag_5] NotCaptured
[2019.12.08-21.58.10:834][828]LogBlueprintUserMessages: [Flag_5] NotCaptured
[2019.12.08-21.58.10:851][829]LogBlueprintUserMessages: [Flag_5] NotCaptured
[2019.12.08-21.58.10:868][830]LogBlueprintUserMessages: [Flag_5] NotCaptured
[2019.12.08-21.58.10:885][831]LogBlueprintUserMessages: [Flag_5] NotCaptured
[2019.12.08-21.58.10:902][832]LogBlueprintUserMessages: [Flag_5] NotCaptured
[2019.12.08-21.58.10:918][833]LogBlueprintUserMessages: [Flag_5] NotCaptured
[2019.12.08-21.58.10:934][834]LogBlueprintUserMessages: [Flag_5] NotCaptured
[2019.12.08-21.58.10:951][835]LogBlueprintUserMessages: [Flag_5] NotCaptured
[2019.12.08-21.58.10:968][836]LogBlueprintUserMessages: [Flag_5] NotCaptured
[2019.12.08-21.58.10:984][837]LogBlueprintUserMessages: [Flag_5] NotCaptured
[2019.12.08-21.58.11:000][838]LogBlueprintUserMessages: [Flag_5] NotCaptured
[2019.12.08-21.58.11:017][839]LogBlueprintUserMessages: [Flag_5] NotCaptured
[2019.12.08-21.58.11:034][840]LogBlueprintUserMessages: [Flag_5] NotCaptured
[2019.12.08-21.58.11:051][841]LogBlueprintUserMessages: [Flag_5] NotCaptured
[2019.12.08-21.58.11:068][842]LogBlueprintUserMessages: [Flag_5] NotCaptured
[2019.12.08-21.58.11:084][843]LogBlueprintUserMessages: [Flag_5] NotCaptured
[2019.12.08-21.58.11:101][844]LogBlueprintUserMessages: [Flag_5] NotCaptured
[2019.12.08-21.58.11:118][845]LogBlueprintUserMessages: [Flag_5] NotCaptured
[2019.12.08-21.58.11:135][846]LogBlueprintUserMessages: [Flag_5] NotCaptured
[2019.12.08-21.58.11:151][847]LogBlueprintUserMessages: [Flag_5] NotCaptured
[2019.12.08-21.58.11:168][848]LogBlueprintUserMessages: [Flag_5] NotCaptured
[2019.12.08-21.58.11:186][849]LogBlueprintUserMessages: [Flag_5] NotCaptured
[2019.12.08-21.58.11:202][850]LogBlueprintUserMessages: [Flag_5] NotCaptured
[2019.12.08-21.58.11:219][851]LogBlueprintUserMessages: [Flag_5] NotCaptured
[2019.12.08-21.58.11:235][852]LogBlueprintUserMessages: [Flag_5] NotCaptured
[2019.12.08-21.58.11:251][853]LogBlueprintUserMessages: [Flag_5] NotCaptured
[2019.12.08-21.58.11:270][854]LogBlueprintUserMessages: [Flag_5] NotCaptured
[2019.12.08-21.58.11:285][855]LogBlueprintUserMessages: [Flag_5] NotCaptured
[2019.12.08-21.58.11:303][856]LogBlueprintUserMessages: [Flag_5] NotCaptured
[2019.12.08-21.58.11:319][857]LogBlueprintUserMessages: [Flag_5] NotCaptured
[2019.12.08-21.58.11:336][858]LogBlueprintUserMessages: [Flag_5] NotCaptured
[2019.12.08-21.58.11:352][859]LogBlueprintUserMessages: [Flag_5] NotCaptured
[2019.12.08-21.58.11:367][860]LogBlueprintUserMessages: [Flag_5] NotCaptured
[2019.12.08-21.58.11:384][861]LogBlueprintUserMessages: [Flag_5] NotCaptured
[2019.12.08-21.58.11:401][862]LogBlueprintUserMessages: [Flag_5] NotCaptured
[2019.12.08-21.58.11:417][863]LogBlueprintUserMessages: [Flag_5] NotCaptured
[2019.12.08-21.58.11:434][864]LogBlueprintUserMessages: [Flag_5] NotCaptured
[2019.12.08-21.58.11:451][865]LogBlueprintUserMessages: [Flag_5] NotCaptured
[2019.12.08-21.58.11:468][866]LogBlueprintUserMessages: [Flag_5] NotCaptured
[2019.12.08-21.58.11:485][867]LogBlueprintUserMessages: [Flag_5] NotCaptured
[2019.12.08-21.58.11:502][868]LogBlueprintUserMessages: [Flag_5] NotCaptured
[2019.12.08-21.58.11:517][869]LogBlueprintUserMessages: [Flag_5] NotCaptured
[2019.12.08-21.58.11:534][870]LogBlueprintUserMessages: [Flag_5] NotCaptured
[2019.12.08-21.58.11:551][871]LogBlueprintUserMessages: [Flag_5] NotCaptured
[2019.12.08-21.58.11:568][872]LogBlueprintUserMessages: [Flag_5] NotCaptured
[2019.12.08-21.58.11:584][873]LogBlueprintUserMessages: [Flag_5] NotCaptured
[2019.12.08-21.58.11:602][874]LogBlueprintUserMessages: [Flag_5] NotCaptured
[2019.12.08-21.58.11:618][875]LogBlueprintUserMessages: [Flag_5] NotCaptured
[2019.12.08-21.58.11:636][876]LogBlueprintUserMessages: [Flag_5] NotCaptured
[2019.12.08-21.58.11:652][877]LogBlueprintUserMessages: [Flag_5] NotCaptured
[2019.12.08-21.58.11:668][878]LogBlueprintUserMessages: [Flag_5] NotCaptured
[2019.12.08-21.58.11:685][879]LogBlueprintUserMessages: [Flag_5] NotCaptured
[2019.12.08-21.58.11:702][880]LogBlueprintUserMessages: [Flag_5] NotCaptured
[2019.12.08-21.58.11:718][881]LogBlueprintUserMessages: [Flag_5] NotCaptured
[2019.12.08-21.58.11:735][882]LogBlueprintUserMessages: [Flag_5] NotCaptured
[2019.12.08-21.58.11:751][883]LogBlueprintUserMessages: [Flag_5] NotCaptured
[2019.12.08-21.58.11:767][884]LogBlueprintUserMessages: [Flag_5] NotCaptured
[2019.12.08-21.58.11:785][885]LogBlueprintUserMessages: [Flag_5] NotCaptured
[2019.12.08-21.58.11:802][886]LogBlueprintUserMessages: [Flag_5] NotCaptured
[2019.12.08-21.58.11:819][887]LogBlueprintUserMessages: [Flag_5] NotCaptured
[2019.12.08-21.58.11:835][888]LogBlueprintUserMessages: [Flag_5] NotCaptured
[2019.12.08-21.58.11:852][889]LogBlueprintUserMessages: [Flag_5] NotCaptured
[2019.12.08-21.58.11:868][890]LogBlueprintUserMessages: [Flag_5] NotCaptured
[2019.12.08-21.58.11:886][891]LogBlueprintUserMessages: [Flag_5] NotCaptured
[2019.12.08-21.58.11:902][892]LogBlueprintUserMessages: [Flag_5] NotCaptured
[2019.12.08-21.58.11:919][893]LogBlueprintUserMessages: [Flag_5] NotCaptured
[2019.12.08-21.58.11:936][894]LogBlueprintUserMessages: [Flag_5] NotCaptured
[2019.12.08-21.58.11:951][895]LogBlueprintUserMessages: [Flag_5] NotCaptured
[2019.12.08-21.58.11:968][896]LogBlueprintUserMessages: [Flag_5] NotCaptured
[2019.12.08-21.58.11:985][897]LogBlueprintUserMessages: [Flag_5] NotCaptured
[2019.12.08-21.58.12:001][898]LogBlueprintUserMessages: [Flag_5] NotCaptured
[2019.12.08-21.58.12:018][899]LogBlueprintUserMessages: [Flag_5] NotCaptured
[2019.12.08-21.58.12:035][900]LogBlueprintUserMessages: [Flag_5] NotCaptured
[2019.12.08-21.58.12:052][901]LogBlueprintUserMessages: [Flag_5] NotCaptured
[2019.12.08-21.58.12:068][902]LogBlueprintUserMessages: [Flag_5] NotCaptured
[2019.12.08-21.58.12:085][903]LogBlueprintUserMessages: [Flag_5] NotCaptured
[2019.12.08-21.58.12:102][904]LogBlueprintUserMessages: [Flag_5] NotCaptured
[2019.12.08-21.58.12:117][905]LogBlueprintUserMessages: [Flag_5] NotCaptured
[2019.12.08-21.58.12:135][906]LogBlueprintUserMessages: [Flag_5] NotCaptured
[2019.12.08-21.58.12:151][907]LogBlueprintUserMessages: [Flag_5] NotCaptured
[2019.12.08-21.58.12:168][908]LogBlueprintUserMessages: [Flag_5] NotCaptured
[2019.12.08-21.58.12:184][909]LogBlueprintUserMessages: [Flag_5] NotCaptured
[2019.12.08-21.58.12:201][910]LogBlueprintUserMessages: [Flag_5] NotCaptured
[2019.12.08-21.58.12:217][911]LogBlueprintUserMessages: [Flag_5] NotCaptured
[2019.12.08-21.58.12:234][912]LogBlueprintUserMessages: [Flag_5] NotCaptured
[2019.12.08-21.58.12:251][913]LogBlueprintUserMessages: [Flag_5] NotCaptured
[2019.12.08-21.58.12:268][914]LogBlueprintUserMessages: [Flag_5] NotCaptured
[2019.12.08-21.58.12:285][915]LogBlueprintUserMessages: [Flag_5] NotCaptured
[2019.12.08-21.58.12:302][916]LogBlueprintUserMessages: [Flag_5] NotCaptured
[2019.12.08-21.58.12:319][917]LogBlueprintUserMessages: [Flag_5] NotCaptured
[2019.12.08-21.58.12:335][918]LogBlueprintUserMessages: [Flag_5] NotCaptured
[2019.12.08-21.58.12:351][919]LogBlueprintUserMessages: [Flag_5] NotCaptured
[2019.12.08-21.58.12:368][920]LogBlueprintUserMessages: [Flag_5] NotCaptured
[2019.12.08-21.58.12:385][921]LogBlueprintUserMessages: [Flag_5] NotCaptured
[2019.12.08-21.58.12:401][922]LogBlueprintUserMessages: [Flag_5] NotCaptured
[2019.12.08-21.58.12:418][923]LogBlueprintUserMessages: [Flag_5] NotCaptured
[2019.12.08-21.58.12:435][924]LogBlueprintUserMessages: [Flag_5] NotCaptured
[2019.12.08-21.58.12:453][925]LogBlueprintUserMessages: [Flag_5] NotCaptured
[2019.12.08-21.58.12:469][926]LogBlueprintUserMessages: [Flag_5] NotCaptured
[2019.12.08-21.58.12:485][927]LogBlueprintUserMessages: [Flag_5] NotCaptured
[2019.12.08-21.58.12:501][928]LogBlueprintUserMessages: [Flag_5] NotCaptured
[2019.12.08-21.58.12:518][929]LogBlueprintUserMessages: [Flag_5] NotCaptured
[2019.12.08-21.58.12:535][930]LogBlueprintUserMessages: [Flag_5] NotCaptured
[2019.12.08-21.58.12:552][931]LogBlueprintUserMessages: [Flag_5] NotCaptured
[2019.12.08-21.58.12:569][932]LogBlueprintUserMessages: [Flag_5] NotCaptured
[2019.12.08-21.58.12:585][933]LogBlueprintUserMessages: [Flag_5] NotCaptured
[2019.12.08-21.58.12:602][934]LogBlueprintUserMessages: [Flag_5] NotCaptured
[2019.12.08-21.58.12:619][935]LogBlueprintUserMessages: [Flag_5] NotCaptured
[2019.12.08-21.58.12:636][936]LogBlueprintUserMessages: [Flag_5] NotCaptured
[2019.12.08-21.58.12:652][937]LogBlueprintUserMessages: [Flag_5] NotCaptured
[2019.12.08-21.58.12:668][938]LogBlueprintUserMessages: [Flag_5] NotCaptured
[2019.12.08-21.58.12:685][939]LogBlueprintUserMessages: [Flag_5] NotCaptured
[2019.12.08-21.58.12:701][940]LogBlueprintUserMessages: [Flag_5] NotCaptured
[2019.12.08-21.58.12:718][941]LogBlueprintUserMessages: [Flag_5] NotCaptured
[2019.12.08-21.58.12:736][942]LogBlueprintUserMessages: [Flag_5] NotCaptured
[2019.12.08-21.58.12:752][943]LogBlueprintUserMessages: [Flag_5] NotCaptured
[2019.12.08-21.58.12:768][944]LogBlueprintUserMessages: [Flag_5] NotCaptured
[2019.12.08-21.58.12:785][945]LogBlueprintUserMessages: [Flag_5] NotCaptured
[2019.12.08-21.58.12:801][946]LogBlueprintUserMessages: [Flag_5] NotCaptured
[2019.12.08-21.58.12:818][947]LogBlueprintUserMessages: [Flag_5] NotCaptured
[2019.12.08-21.58.12:835][948]LogBlueprintUserMessages: [Flag_5] NotCaptured
[2019.12.08-21.58.12:852][949]LogBlueprintUserMessages: [Flag_5] NotCaptured
[2019.12.08-21.58.12:867][950]LogBlueprintUserMessages: [Flag_5] NotCaptured
[2019.12.08-21.58.12:884][951]LogBlueprintUserMessages: [Flag_5] NotCaptured
[2019.12.08-21.58.12:901][952]LogBlueprintUserMessages: [Flag_5] NotCaptured
[2019.12.08-21.58.12:918][953]LogBlueprintUserMessages: [Flag_5] NotCaptured
[2019.12.08-21.58.12:935][954]LogBlueprintUserMessages: [Flag_5] NotCaptured
[2019.12.08-21.58.12:951][955]LogBlueprintUserMessages: [Flag_5] NotCaptured
[2019.12.08-21.58.12:968][956]LogBlueprintUserMessages: [Flag_5] NotCaptured
[2019.12.08-21.58.12:985][957]LogBlueprintUserMessages: [Flag_5] NotCaptured
[2019.12.08-21.58.13:002][958]LogBlueprintUserMessages: [Flag_5] NotCaptured
[2019.12.08-21.58.13:018][959]LogBlueprintUserMessages: [Flag_5] NotCaptured
[2019.12.08-21.58.13:035][960]LogBlueprintUserMessages: [Flag_5] NotCaptured
[2019.12.08-21.58.13:052][961]LogBlueprintUserMessages: [Flag_5] NotCaptured
[2019.12.08-21.58.13:068][962]LogBlueprintUserMessages: [Flag_5] NotCaptured
[2019.12.08-21.58.13:084][963]LogBlueprintUserMessages: [Flag_5] NotCaptured
[2019.12.08-21.58.13:101][964]LogBlueprintUserMessages: [Flag_5] NotCaptured
[2019.12.08-21.58.13:117][965]LogBlueprintUserMessages: [Flag_5] NotCaptured
[2019.12.08-21.58.13:134][966]LogBlueprintUserMessages: [Flag_5] NotCaptured
[2019.12.08-21.58.13:135][966]LogBlueprintUserMessages: Early EndPlayMap Detection: Level '/Game/PathfindingMap.PathfindingMap:PersistentLevel' has LevelScriptBlueprint '/Game/PathfindingMap.PathfindingMap:PersistentLevel.PathfindingMap' with GeneratedClass '/Game/PathfindingMap.PathfindingMap_C' with ClassGeneratedBy '/Game/PathfindingMap.PathfindingMap:PersistentLevel.PathfindingMap'
[2019.12.08-21.58.13:136][966]LogSlate: Updating window title bar state: overlay mode, drag disabled, window buttons hidden, title bar hidden
[2019.12.08-21.58.13:188][966]LogPlayLevel: Display: Shutting down PIE online subsystems
[2019.12.08-21.58.13:189][966]LogBlueprintUserMessages: Late EndPlayMap Detection: Level '/Game/PathfindingMap.PathfindingMap:PersistentLevel' has LevelScriptBlueprint '/Game/PathfindingMap.PathfindingMap:PersistentLevel.PathfindingMap' with GeneratedClass '/Game/PathfindingMap.PathfindingMap_C' with ClassGeneratedBy '/Game/PathfindingMap.PathfindingMap:PersistentLevel.PathfindingMap'
[2019.12.08-21.58.13:222][966]LogSlate: Updating window title bar state: overlay mode, drag disabled, window buttons hidden, title bar hidden
[2019.12.08-21.58.13:227][966]LogUObjectHash: Compacting FUObjectHashTables data took   2.35ms
[2019.12.08-21.58.13:280][967]LogPlayLevel: Display: Destroying online subsystem :Context_4
