Log file open, 11/17/19 12:12:57
LogWindows: Failed to load 'aqProf.dll' (GetLastError=126)
LogWindows: File 'aqProf.dll' does not exist
LogWindows: Failed to load 'VtuneApi.dll' (GetLastError=126)
LogWindows: File 'VtuneApi.dll' does not exist
LogWindows: Failed to load 'VtuneApi32e.dll' (GetLastError=126)
LogWindows: File 'VtuneApi32e.dll' does not exist
LogConsoleResponse: Display: Failed to find resolution value strings in scalability ini. Falling back to default.
LogInit: Display: Running engine for game: PathFinding
LogPakFile: Registered encryption key '00000000000000000000000000000000': 0 pak files mounted, 0 remain pending
LogPlatformFile: Not using cached read wrapper
LogTaskGraph: Started task graph with 5 named threads and 23 total threads with 3 sets of task threads.
LogStats: Stats thread started at 0.328217
LogD3D11RHI: Loaded GFSDK_Aftermath_Lib.x64.dll
LogICUInternationalization: ICU TimeZone Detection - Raw Offset: -5:00, Platform Override: ''
LogPluginManager: Mounting plugin Paper2D
LogPluginManager: Mounting plugin AISupport
LogPluginManager: Mounting plugin LightPropagationVolume
LogPluginManager: Mounting plugin ActorLayerUtilities
LogPluginManager: Mounting plugin AnimationSharing
LogPluginManager: Mounting plugin CLionSourceCodeAccess
LogPluginManager: Mounting plugin CodeLiteSourceCodeAccess
LogPluginManager: Mounting plugin GitSourceControl
LogPluginManager: Mounting plugin KDevelopSourceCodeAccess
LogPluginManager: Mounting plugin NullSourceCodeAccess
LogPluginManager: Mounting plugin PerforceSourceControl
LogPluginManager: Mounting plugin SubversionSourceControl
LogPluginManager: Mounting plugin UObjectPlugin
LogPluginManager: Mounting plugin VisualStudioCodeSourceCodeAccess
LogPluginManager: Mounting plugin VisualStudioSourceCodeAccess
LogPluginManager: Mounting plugin XCodeSourceCodeAccess
LogPluginManager: Mounting plugin AssetManagerEditor
LogPluginManager: Mounting plugin CryptoKeys
LogPluginManager: Mounting plugin DataValidation
LogPluginManager: Mounting plugin FacialAnimation
LogPluginManager: Mounting plugin GameplayTagsEditor
LogPluginManager: Mounting plugin MacGraphicsSwitching
LogPluginManager: Mounting plugin MaterialAnalyzer
LogPluginManager: Mounting plugin MobileLauncherProfileWizard
LogPluginManager: Mounting plugin PluginBrowser
LogPluginManager: Mounting plugin SpeedTreeImporter
LogPluginManager: Mounting plugin DatasmithContent
LogPluginManager: Mounting plugin VariantManagerContent
LogPluginManager: Mounting plugin AlembicImporter
LogPluginManager: Mounting plugin AppleImageUtils
LogPluginManager: Mounting plugin AppleVision
LogPluginManager: Mounting plugin BackChannel
LogPluginManager: Mounting plugin CharacterAI
LogPluginManager: Mounting plugin GeometryCache
LogPluginManager: Mounting plugin HTML5Networking
LogPluginManager: Mounting plugin ProxyLODPlugin
LogPluginManager: Mounting plugin SkeletalReduction
LogPluginManager: Mounting plugin MagicLeap
LogPluginManager: Mounting plugin MagicLeapMedia
LogPluginManager: Mounting plugin AndroidMedia
LogPluginManager: Mounting plugin AvfMedia
LogPluginManager: Mounting plugin ImgMedia
LogPluginManager: Mounting plugin LinearTimecode
LogPluginManager: Mounting plugin MediaCompositing
LogPluginManager: Mounting plugin MediaPlayerEditor
LogPluginManager: Mounting plugin WebMMedia
LogPluginManager: Mounting plugin WmfMedia
LogPluginManager: Mounting plugin TcpMessaging
LogPluginManager: Mounting plugin UdpMessaging
LogPluginManager: Mounting plugin ActorSequence
LogPluginManager: Mounting plugin LevelSequenceEditor
LogPluginManager: Mounting plugin MatineeToLevelSequence
LogPluginManager: Mounting plugin NetcodeUnitTest
LogPluginManager: Mounting plugin NUTUnrealEngine4
LogPluginManager: Mounting plugin OnlineSubsystemGooglePlay
LogPluginManager: Mounting plugin OnlineSubsystemIOS
LogPluginManager: Mounting plugin OnlineSubsystem
LogPluginManager: Mounting plugin OnlineSubsystemNull
LogPluginManager: Mounting plugin OnlineSubsystemUtils
LogPluginManager: Mounting plugin LauncherChunkInstaller
LogPluginManager: Mounting plugin AndroidDeviceProfileSelector
LogPluginManager: Mounting plugin AndroidMoviePlayer
LogPluginManager: Mounting plugin AndroidPermission
LogPluginManager: Mounting plugin AppleMoviePlayer
LogPluginManager: Mounting plugin ArchVisCharacter
LogPluginManager: Mounting plugin AudioCapture
LogPluginManager: Mounting plugin CableComponent
LogPluginManager: Mounting plugin CustomMeshComponent
LogPluginManager: Mounting plugin EditableMesh
LogPluginManager: Mounting plugin ExampleDeviceProfileSelector
LogPluginManager: Mounting plugin Firebase
LogPluginManager: Mounting plugin GoogleCloudMessaging
LogPluginManager: Mounting plugin IOSDeviceProfileSelector
LogPluginManager: Mounting plugin LinuxDeviceProfileSelector
LogPluginManager: Mounting plugin LocationServicesBPLibrary
LogPluginManager: Mounting plugin MobilePatchingUtils
LogPluginManager: Mounting plugin OculusVR
LogPluginManager: Mounting plugin PhysXVehicles
LogPluginManager: Mounting plugin ProceduralMeshComponent
LogPluginManager: Mounting plugin RuntimePhysXCooking
LogPluginManager: Mounting plugin SignificanceManager
LogPluginManager: Mounting plugin SteamVR
LogPluginManager: Mounting plugin WebMMoviePlayer
LogPluginManager: Mounting plugin WindowsMoviePlayer
LogInit: Using libcurl 7.55.1-DEV
LogInit:  - built for x86_64-pc-win32
LogInit:  - supports SSL with OpenSSL/1.1.1
LogInit:  - supports HTTP deflate (compression) using libz 1.2.8
LogInit:  - other features:
LogInit:      CURL_VERSION_SSL
LogInit:      CURL_VERSION_LIBZ
LogInit:      CURL_VERSION_IPV6
LogInit:      CURL_VERSION_ASYNCHDNS
LogInit:      CURL_VERSION_LARGEFILE
LogInit:      CURL_VERSION_IDN
LogInit:  CurlRequestOptions (configurable via config and command line):
LogInit:  - bVerifyPeer = true  - Libcurl will verify peer certificate
LogInit:  - bUseHttpProxy = false  - Libcurl will NOT use HTTP proxy
LogInit:  - bDontReuseConnections = false  - Libcurl will reuse connections
LogInit:  - MaxHostConnections = 16  - Libcurl will limit the number of connections to a host
LogInit:  - LocalHostAddr = Default
LogInit:  - BufferSize = 65536
LogInit: WinSock: version 1.1 (2.2), MaxSocks=32767, MaxUdp=65467
LogInit: Build: ++UE4+Release-4.22-CL-7053642
LogInit: Engine Version: 4.22.3-7053642+++UE4+Release-4.22
LogInit: Compatible Engine Version: 4.22.0-5660361+++UE4+Release-4.22
LogInit: Net CL: 5660361
LogInit: OS: Windows 10 (Release 1903) (), CPU: Intel(R) Core(TM) i7-7700HQ CPU @ 2.80GHz, GPU: Intel(R) HD Graphics 630
LogInit: Compiled (64-bit): Jun 18 2019 03:09:11
LogInit: Compiled with Visual C++: 19.16.27025.01
LogInit: Build Configuration: Development
LogInit: Branch Name: ++UE4+Release-4.22
LogInit: Command Line: 
LogInit: Base Directory: D:/EpicGames/UE_4.22/Engine/Binaries/Win64/
LogInit: Installed Engine Build: 1
LogDevObjectVersion: Number of dev versions registered: 23
LogDevObjectVersion:   Dev-Blueprints (B0D832E4-1F89-4F0D-ACCF-7EB736FD4AA2): 10
LogDevObjectVersion:   Dev-Build (E1C64328-A22C-4D53-A36C-8E866417BD8C): 0
LogDevObjectVersion:   Dev-Core (375EC13C-06E4-48FB-B500-84F0262A717E): 3
LogDevObjectVersion:   Dev-Editor (E4B068ED-F494-42E9-A231-DA0B2E46BB41): 30
LogDevObjectVersion:   Dev-Framework (CFFC743F-43B0-4480-9391-14DF171D2073): 35
LogDevObjectVersion:   Dev-Mobile (B02B49B5-BB20-44E9-A304-32B752E40360): 2
LogDevObjectVersion:   Dev-Networking (A4E4105C-59A1-49B5-A7C5-40C4547EDFEE): 0
LogDevObjectVersion:   Dev-Online (39C831C9-5AE6-47DC-9A44-9C173E1C8E7C): 0
LogDevObjectVersion:   Dev-Physics (78F01B33-EBEA-4F98-B9B4-84EACCB95AA2): 0
LogDevObjectVersion:   Dev-Platform (6631380F-2D4D-43E0-8009-CF276956A95A): 0
LogDevObjectVersion:   Dev-Rendering (12F88B9F-8875-4AFC-A67C-D90C383ABD29): 28
LogDevObjectVersion:   Dev-Sequencer (7B5AE74C-D270-4C10-A958-57980B212A5A): 11
LogDevObjectVersion:   Dev-VR (D7296918-1DD6-4BDD-9DE2-64A83CC13884): 2
LogDevObjectVersion:   Dev-LoadTimes (C2A15278-BFE7-4AFE-6C17-90FF531DF755): 1
LogDevObjectVersion:   Private-Geometry (6EACA3D4-40EC-4CC1-B786-8BED09428FC5): 3
LogDevObjectVersion:   Dev-AnimPhys (29E575DD-E0A3-4627-9D10-D276232CDCEA): 17
LogDevObjectVersion:   Dev-Anim (AF43A65D-7FD3-4947-9873-3E8ED9C1BB05): 2
LogDevObjectVersion:   Dev-ReflectionCapture (6B266CEC-1EC7-4B8F-A30B-E4D90942FC07): 1
LogDevObjectVersion:   Dev-Automation (0DF73D61-A23F-47EA-B727-89E90C41499A): 1
LogDevObjectVersion:   FortniteMain (601D1886-AC64-4F84-AA16-D3DE0DEAC7D6): 25
LogDevObjectVersion:   Dev-Enterprise (9DFFBCD6-494F-0158-E221-12823C92A888): 6
LogDevObjectVersion:   Dev-Niagara (F2AED0AC-9AFE-416F-8664-AA7FFA26D6FC): 1
LogDevObjectVersion:   Dev-Destruction (174F1F0B-B4C6-45A5-B13F-2EE8D0FB917D): 2
LogInit: Presizing for max 16777216 objects, including 0 objects not considered by GC, pre-allocating 0 bytes for permanent pool.
LogInit: Object subsystem initialized
LogConfig: Setting CVar [[con.DebugEarlyDefault:1]]
LogConfig: Setting CVar [[r.setres:1280x720]]
[2019.11.17-17.12.58:141][  0]LogConfig: Setting CVar [[r.VSync:0]]
[2019.11.17-17.12.58:141][  0]LogConfig: Setting CVar [[r.RHICmdBypass:0]]
[2019.11.17-17.12.58:141][  0]LogConfig: Applying CVar settings from Section [/Script/Engine.RendererSettings] File [D:/Git/GameAI/PathfindingLab/Saved/Config/Windows/Engine.ini]
[2019.11.17-17.12.58:141][  0]LogConfig: Setting CVar [[r.GPUCrashDebugging:0]]
[2019.11.17-17.12.58:141][  0]LogConfig: Setting CVar [[r.DefaultFeature.AutoExposure.ExtendDefaultLuminanceRange:1]]
[2019.11.17-17.12.58:141][  0]LogConfig: Applying CVar settings from Section [/Script/Engine.RendererOverrideSettings] File [D:/Git/GameAI/PathfindingLab/Saved/Config/Windows/Engine.ini]
[2019.11.17-17.12.58:141][  0]LogConfig: Applying CVar settings from Section [/Script/Engine.StreamingSettings] File [D:/Git/GameAI/PathfindingLab/Saved/Config/Windows/Engine.ini]
[2019.11.17-17.12.58:141][  0]LogConfig: Setting CVar [[s.MinBulkDataSizeForAsyncLoading:131072]]
[2019.11.17-17.12.58:141][  0]LogConfig: Setting CVar [[s.AsyncLoadingThreadEnabled:0]]
[2019.11.17-17.12.58:141][  0]LogConfig: Setting CVar [[s.EventDrivenLoaderEnabled:1]]
[2019.11.17-17.12.58:141][  0]LogConfig: Setting CVar [[s.WarnIfTimeLimitExceeded:0]]
[2019.11.17-17.12.58:141][  0]LogConfig: Setting CVar [[s.TimeLimitExceededMultiplier:1.5]]
[2019.11.17-17.12.58:141][  0]LogConfig: Setting CVar [[s.TimeLimitExceededMinTime:0.005]]
[2019.11.17-17.12.58:141][  0]LogConfig: Setting CVar [[s.UseBackgroundLevelStreaming:1]]
[2019.11.17-17.12.58:141][  0]LogConfig: Setting CVar [[s.PriorityAsyncLoadingExtraTime:15.0]]
[2019.11.17-17.12.58:141][  0]LogConfig: Setting CVar [[s.LevelStreamingActorsUpdateTimeLimit:5.0]]
[2019.11.17-17.12.58:141][  0]LogConfig: Setting CVar [[s.PriorityLevelStreamingActorsUpdateExtraTime:5.0]]
[2019.11.17-17.12.58:141][  0]LogConfig: Setting CVar [[s.LevelStreamingComponentsRegistrationGranularity:10]]
[2019.11.17-17.12.58:141][  0]LogConfig: Setting CVar [[s.UnregisterComponentsTimeLimit:1.0]]
[2019.11.17-17.12.58:141][  0]LogConfig: Setting CVar [[s.LevelStreamingComponentsUnregistrationGranularity:5]]
[2019.11.17-17.12.58:141][  0]LogConfig: Applying CVar settings from Section [/Script/Engine.GarbageCollectionSettings] File [D:/Git/GameAI/PathfindingLab/Saved/Config/Windows/Engine.ini]
[2019.11.17-17.12.58:141][  0]LogConfig: Setting CVar [[gc.MaxObjectsNotConsideredByGC:1]]
[2019.11.17-17.12.58:141][  0]LogConfig: Setting CVar [[gc.SizeOfPermanentObjectPool:0]]
[2019.11.17-17.12.58:141][  0]LogConfig: Setting CVar [[gc.FlushStreamingOnGC:0]]
[2019.11.17-17.12.58:141][  0]LogConfig: Setting CVar [[gc.NumRetriesBeforeForcingGC:10]]
[2019.11.17-17.12.58:141][  0]LogConfig: Setting CVar [[gc.AllowParallelGC:1]]
[2019.11.17-17.12.58:141][  0]LogConfig: Setting CVar [[gc.TimeBetweenPurgingPendingKillObjects:61.1]]
[2019.11.17-17.12.58:141][  0]LogConfig: Setting CVar [[gc.MaxObjectsInEditor:16777216]]
[2019.11.17-17.12.58:141][  0]LogConfig: Setting CVar [[gc.IncrementalBeginDestroyEnabled:1]]
[2019.11.17-17.12.58:141][  0]LogConfig: Setting CVar [[gc.CreateGCClusters:1]]
[2019.11.17-17.12.58:141][  0]LogConfig: Setting CVar [[gc.MinGCClusterSize:5]]
[2019.11.17-17.12.58:141][  0]LogConfig: Setting CVar [[gc.ActorClusteringEnabled:0]]
[2019.11.17-17.12.58:141][  0]LogConfig: Setting CVar [[gc.BlueprintClusteringEnabled:0]]
[2019.11.17-17.12.58:141][  0]LogConfig: Setting CVar [[gc.UseDisregardForGCOnDedicatedServers:0]]
[2019.11.17-17.12.58:141][  0]LogConfig: Applying CVar settings from Section [/Script/Engine.NetworkSettings] File [D:/Git/GameAI/PathfindingLab/Saved/Config/Windows/Engine.ini]
[2019.11.17-17.12.58:141][  0]LogConfig: Applying CVar settings from Section [/Script/UnrealEd.CookerSettings] File [D:/Git/GameAI/PathfindingLab/Saved/Config/Windows/Engine.ini]
[2019.11.17-17.12.58:145][  0]LogConfig: Applying CVar settings from Section [ViewDistanceQuality@3] File [D:/Git/GameAI/PathfindingLab/Saved/Config/Windows/Scalability.ini]
[2019.11.17-17.12.58:145][  0]LogConfig: Setting CVar [[r.SkeletalMeshLODBias:0]]
[2019.11.17-17.12.58:145][  0]LogConfig: Setting CVar [[r.ViewDistanceScale:1.0]]
[2019.11.17-17.12.58:145][  0]LogConfig: Applying CVar settings from Section [AntiAliasingQuality@3] File [D:/Git/GameAI/PathfindingLab/Saved/Config/Windows/Scalability.ini]
[2019.11.17-17.12.58:145][  0]LogConfig: Setting CVar [[r.PostProcessAAQuality:4]]
[2019.11.17-17.12.58:145][  0]LogConfig: Applying CVar settings from Section [ShadowQuality@3] File [D:/Git/GameAI/PathfindingLab/Saved/Config/Windows/Scalability.ini]
[2019.11.17-17.12.58:145][  0]LogConfig: Setting CVar [[r.LightFunctionQuality:1]]
[2019.11.17-17.12.58:145][  0]LogConfig: Setting CVar [[r.ShadowQuality:5]]
[2019.11.17-17.12.58:145][  0]LogConfig: Setting CVar [[r.Shadow.CSM.MaxCascades:10]]
[2019.11.17-17.12.58:145][  0]LogConfig: Setting CVar [[r.Shadow.MaxResolution:2048]]
[2019.11.17-17.12.58:145][  0]LogConfig: Setting CVar [[r.Shadow.MaxCSMResolution:2048]]
[2019.11.17-17.12.58:145][  0]LogConfig: Setting CVar [[r.Shadow.RadiusThreshold:0.01]]
[2019.11.17-17.12.58:145][  0]LogConfig: Setting CVar [[r.Shadow.DistanceScale:1.0]]
[2019.11.17-17.12.58:145][  0]LogConfig: Setting CVar [[r.Shadow.CSM.TransitionScale:1.0]]
[2019.11.17-17.12.58:145][  0]LogConfig: Setting CVar [[r.Shadow.PreShadowResolutionFactor:1.0]]
[2019.11.17-17.12.58:145][  0]LogConfig: Setting CVar [[r.DistanceFieldShadowing:1]]
[2019.11.17-17.12.58:145][  0]LogConfig: Setting CVar [[r.DistanceFieldAO:1]]
[2019.11.17-17.12.58:145][  0]LogConfig: Setting CVar [[r.AOQuality:2]]
[2019.11.17-17.12.58:145][  0]LogConfig: Setting CVar [[r.VolumetricFog:1]]
[2019.11.17-17.12.58:145][  0]LogConfig: Setting CVar [[r.VolumetricFog.GridPixelSize:8]]
[2019.11.17-17.12.58:146][  0]LogConfig: Setting CVar [[r.VolumetricFog.GridSizeZ:128]]
[2019.11.17-17.12.58:146][  0]LogConfig: Setting CVar [[r.VolumetricFog.HistoryMissSupersampleCount:4]]
[2019.11.17-17.12.58:146][  0]LogConfig: Setting CVar [[r.LightMaxDrawDistanceScale:1]]
[2019.11.17-17.12.58:146][  0]LogConfig: Setting CVar [[r.CapsuleShadows:1]]
[2019.11.17-17.12.58:146][  0]LogConfig: Applying CVar settings from Section [PostProcessQuality@3] File [D:/Git/GameAI/PathfindingLab/Saved/Config/Windows/Scalability.ini]
[2019.11.17-17.12.58:146][  0]LogConfig: Setting CVar [[r.MotionBlurQuality:4]]
[2019.11.17-17.12.58:146][  0]LogConfig: Setting CVar [[r.AmbientOcclusionMipLevelFactor:0.4]]
[2019.11.17-17.12.58:146][  0]LogConfig: Setting CVar [[r.AmbientOcclusionMaxQuality:100]]
[2019.11.17-17.12.58:146][  0]LogConfig: Setting CVar [[r.AmbientOcclusionLevels:-1]]
[2019.11.17-17.12.58:146][  0]LogConfig: Setting CVar [[r.AmbientOcclusionRadiusScale:1.0]]
[2019.11.17-17.12.58:146][  0]LogConfig: Setting CVar [[r.DepthOfFieldQuality:2]]
[2019.11.17-17.12.58:146][  0]LogConfig: Setting CVar [[r.RenderTargetPoolMin:400]]
[2019.11.17-17.12.58:146][  0]LogConfig: Setting CVar [[r.LensFlareQuality:2]]
[2019.11.17-17.12.58:146][  0]LogConfig: Setting CVar [[r.SceneColorFringeQuality:1]]
[2019.11.17-17.12.58:146][  0]LogConfig: Setting CVar [[r.EyeAdaptationQuality:2]]
[2019.11.17-17.12.58:146][  0]LogConfig: Setting CVar [[r.BloomQuality:5]]
[2019.11.17-17.12.58:146][  0]LogConfig: Setting CVar [[r.FastBlurThreshold:100]]
[2019.11.17-17.12.58:146][  0]LogConfig: Setting CVar [[r.Upscale.Quality:3]]
[2019.11.17-17.12.58:146][  0]LogConfig: Setting CVar [[r.Tonemapper.GrainQuantization:1]]
[2019.11.17-17.12.58:146][  0]LogConfig: Setting CVar [[r.LightShaftQuality:1]]
[2019.11.17-17.12.58:146][  0]LogConfig: Setting CVar [[r.Filter.SizeScale:1]]
[2019.11.17-17.12.58:146][  0]LogConfig: Setting CVar [[r.Tonemapper.Quality:5]]
[2019.11.17-17.12.58:146][  0]LogConfig: Setting CVar [[r.DOF.Gather.AccumulatorQuality:1        ; higher gathering accumulator quality]]
[2019.11.17-17.12.58:146][  0]LogConfig: Setting CVar [[r.DOF.Gather.PostfilterMethod:1          ; Median3x3 postfilering method]]
[2019.11.17-17.12.58:146][  0]LogConfig: Setting CVar [[r.DOF.Gather.EnableBokehSettings:0       ; no bokeh simulation when gathering]]
[2019.11.17-17.12.58:146][  0]LogConfig: Setting CVar [[r.DOF.Gather.RingCount:4                 ; medium number of samples when gathering]]
[2019.11.17-17.12.58:146][  0]LogConfig: Setting CVar [[r.DOF.Scatter.ForegroundCompositing:1    ; additive foreground scattering]]
[2019.11.17-17.12.58:146][  0]LogConfig: Setting CVar [[r.DOF.Scatter.BackgroundCompositing:2    ; additive background scattering]]
[2019.11.17-17.12.58:146][  0]LogConfig: Setting CVar [[r.DOF.Scatter.EnableBokehSettings:1      ; bokeh simulation when scattering]]
[2019.11.17-17.12.58:146][  0]LogConfig: Setting CVar [[r.DOF.Scatter.MaxSpriteRatio:0.1         ; only a maximum of 10% of scattered bokeh]]
[2019.11.17-17.12.58:146][  0]LogConfig: Setting CVar [[r.DOF.Recombine.Quality:1                ; cheap slight out of focus]]
[2019.11.17-17.12.58:146][  0]LogConfig: Setting CVar [[r.DOF.Recombine.EnableBokehSettings:0    ; no bokeh simulation on slight out of focus]]
[2019.11.17-17.12.58:146][  0]LogConfig: Setting CVar [[r.DOF.TemporalAAQuality:1                ; more stable temporal accumulation]]
[2019.11.17-17.12.58:146][  0]LogConfig: Setting CVar [[r.DOF.Kernel.MaxForegroundRadius:0.025]]
[2019.11.17-17.12.58:146][  0]LogConfig: Setting CVar [[r.DOF.Kernel.MaxBackgroundRadius:0.025]]
[2019.11.17-17.12.58:146][  0]LogConfig: Applying CVar settings from Section [TextureQuality@3] File [D:/Git/GameAI/PathfindingLab/Saved/Config/Windows/Scalability.ini]
[2019.11.17-17.12.58:146][  0]LogConfig: Setting CVar [[r.Streaming.MipBias:0]]
[2019.11.17-17.12.58:146][  0]LogConfig: Setting CVar [[r.Streaming.AmortizeCPUToGPUCopy:0]]
[2019.11.17-17.12.58:146][  0]LogConfig: Setting CVar [[r.Streaming.MaxNumTexturesToStreamPerFrame:0]]
[2019.11.17-17.12.58:146][  0]LogConfig: Setting CVar [[r.Streaming.Boost:1]]
[2019.11.17-17.12.58:146][  0]LogConfig: Setting CVar [[r.MaxAnisotropy:8]]
[2019.11.17-17.12.58:146][  0]LogConfig: Setting CVar [[r.Streaming.LimitPoolSizeToVRAM:0]]
[2019.11.17-17.12.58:146][  0]LogConfig: Setting CVar [[r.Streaming.PoolSize:1000]]
[2019.11.17-17.12.58:146][  0]LogConfig: Setting CVar [[r.Streaming.MaxEffectiveScreenSize:0]]
[2019.11.17-17.12.58:146][  0]LogConfig: Applying CVar settings from Section [EffectsQuality@3] File [D:/Git/GameAI/PathfindingLab/Saved/Config/Windows/Scalability.ini]
[2019.11.17-17.12.58:146][  0]LogConfig: Setting CVar [[r.TranslucencyLightingVolumeDim:64]]
[2019.11.17-17.12.58:146][  0]LogConfig: Setting CVar [[r.RefractionQuality:2]]
[2019.11.17-17.12.58:146][  0]LogConfig: Setting CVar [[r.SSR.Quality:3]]
[2019.11.17-17.12.58:146][  0]LogConfig: Setting CVar [[r.SceneColorFormat:4]]
[2019.11.17-17.12.58:146][  0]LogConfig: Setting CVar [[r.DetailMode:2]]
[2019.11.17-17.12.58:146][  0]LogConfig: Setting CVar [[r.TranslucencyVolumeBlur:1]]
[2019.11.17-17.12.58:146][  0]LogConfig: Setting CVar [[r.MaterialQualityLevel:1 ; High quality]]
[2019.11.17-17.12.58:146][  0]LogConfig: Setting CVar [[r.SSS.Scale:1]]
[2019.11.17-17.12.58:146][  0]LogConfig: Setting CVar [[r.SSS.SampleSet:2]]
[2019.11.17-17.12.58:146][  0]LogConfig: Setting CVar [[r.SSS.Quality:1]]
[2019.11.17-17.12.58:146][  0]LogConfig: Setting CVar [[r.SSS.HalfRes:1]]
[2019.11.17-17.12.58:146][  0]LogConfig: Setting CVar [[r.EmitterSpawnRateScale:1.0]]
[2019.11.17-17.12.58:146][  0]LogConfig: Setting CVar [[r.ParticleLightQuality:2]]
[2019.11.17-17.12.58:146][  0]LogConfig: Applying CVar settings from Section [FoliageQuality@3] File [D:/Git/GameAI/PathfindingLab/Saved/Config/Windows/Scalability.ini]
[2019.11.17-17.12.58:146][  0]LogConfig: Setting CVar [[foliage.DensityScale:1.0]]
[2019.11.17-17.12.58:146][  0]LogConfig: Setting CVar [[grass.DensityScale:1.0]]
[2019.11.17-17.12.58:146][  0]LogInit: Selected Device Profile: [Windows]
[2019.11.17-17.12.58:146][  0]LogInit: Applying CVar settings loaded from the selected device profile: [Windows]
[2019.11.17-17.12.58:174][  0]LogHAL: Display: Platform has ~ 16 GB [17039638528 / 17179869184 / 16], which maps to Larger [LargestMinGB=32, LargerMinGB=12, DefaultMinGB=8, SmallerMinGB=6, SmallestMinGB=0)
[2019.11.17-17.12.58:174][  0]LogConfig: Setting CVar [[r.Vulkan.UseRealUBs:0		; Required until we fix HLR fall-out]]
[2019.11.17-17.12.58:174][  0]LogInit: Going up to parent DeviceProfile []
[2019.11.17-17.12.58:174][  0]LogConfig: Applying CVar settings from Section [ViewDistanceQuality@3] File [D:/Git/GameAI/PathfindingLab/Saved/Config/Windows/Scalability.ini]
[2019.11.17-17.12.58:174][  0]LogConfig: Setting CVar [[r.SkeletalMeshLODBias:0]]
[2019.11.17-17.12.58:174][  0]LogConfig: Setting CVar [[r.ViewDistanceScale:1.0]]
[2019.11.17-17.12.58:174][  0]LogConfig: Applying CVar settings from Section [AntiAliasingQuality@3] File [D:/Git/GameAI/PathfindingLab/Saved/Config/Windows/Scalability.ini]
[2019.11.17-17.12.58:174][  0]LogConfig: Setting CVar [[r.PostProcessAAQuality:4]]
[2019.11.17-17.12.58:174][  0]LogConfig: Applying CVar settings from Section [ShadowQuality@3] File [D:/Git/GameAI/PathfindingLab/Saved/Config/Windows/Scalability.ini]
[2019.11.17-17.12.58:174][  0]LogConfig: Setting CVar [[r.LightFunctionQuality:1]]
[2019.11.17-17.12.58:174][  0]LogConfig: Setting CVar [[r.ShadowQuality:5]]
[2019.11.17-17.12.58:174][  0]LogConfig: Setting CVar [[r.Shadow.CSM.MaxCascades:10]]
[2019.11.17-17.12.58:174][  0]LogConfig: Setting CVar [[r.Shadow.MaxResolution:2048]]
[2019.11.17-17.12.58:174][  0]LogConfig: Setting CVar [[r.Shadow.MaxCSMResolution:2048]]
[2019.11.17-17.12.58:174][  0]LogConfig: Setting CVar [[r.Shadow.RadiusThreshold:0.01]]
[2019.11.17-17.12.58:174][  0]LogConfig: Setting CVar [[r.Shadow.DistanceScale:1.0]]
[2019.11.17-17.12.58:174][  0]LogConfig: Setting CVar [[r.Shadow.CSM.TransitionScale:1.0]]
[2019.11.17-17.12.58:174][  0]LogConfig: Setting CVar [[r.Shadow.PreShadowResolutionFactor:1.0]]
[2019.11.17-17.12.58:174][  0]LogConfig: Setting CVar [[r.DistanceFieldShadowing:1]]
[2019.11.17-17.12.58:174][  0]LogConfig: Setting CVar [[r.DistanceFieldAO:1]]
[2019.11.17-17.12.58:174][  0]LogConfig: Setting CVar [[r.AOQuality:2]]
[2019.11.17-17.12.58:174][  0]LogConfig: Setting CVar [[r.VolumetricFog:1]]
[2019.11.17-17.12.58:174][  0]LogConfig: Setting CVar [[r.VolumetricFog.GridPixelSize:8]]
[2019.11.17-17.12.58:174][  0]LogConfig: Setting CVar [[r.VolumetricFog.GridSizeZ:128]]
[2019.11.17-17.12.58:174][  0]LogConfig: Setting CVar [[r.VolumetricFog.HistoryMissSupersampleCount:4]]
[2019.11.17-17.12.58:174][  0]LogConfig: Setting CVar [[r.LightMaxDrawDistanceScale:1]]
[2019.11.17-17.12.58:174][  0]LogConfig: Setting CVar [[r.CapsuleShadows:1]]
[2019.11.17-17.12.58:174][  0]LogConfig: Applying CVar settings from Section [PostProcessQuality@3] File [D:/Git/GameAI/PathfindingLab/Saved/Config/Windows/Scalability.ini]
[2019.11.17-17.12.58:174][  0]LogConfig: Setting CVar [[r.MotionBlurQuality:4]]
[2019.11.17-17.12.58:174][  0]LogConfig: Setting CVar [[r.AmbientOcclusionMipLevelFactor:0.4]]
[2019.11.17-17.12.58:174][  0]LogConfig: Setting CVar [[r.AmbientOcclusionMaxQuality:100]]
[2019.11.17-17.12.58:174][  0]LogConfig: Setting CVar [[r.AmbientOcclusionLevels:-1]]
[2019.11.17-17.12.58:174][  0]LogConfig: Setting CVar [[r.AmbientOcclusionRadiusScale:1.0]]
[2019.11.17-17.12.58:174][  0]LogConfig: Setting CVar [[r.DepthOfFieldQuality:2]]
[2019.11.17-17.12.58:174][  0]LogConfig: Setting CVar [[r.RenderTargetPoolMin:400]]
[2019.11.17-17.12.58:174][  0]LogConfig: Setting CVar [[r.LensFlareQuality:2]]
[2019.11.17-17.12.58:174][  0]LogConfig: Setting CVar [[r.SceneColorFringeQuality:1]]
[2019.11.17-17.12.58:174][  0]LogConfig: Setting CVar [[r.EyeAdaptationQuality:2]]
[2019.11.17-17.12.58:174][  0]LogConfig: Setting CVar [[r.BloomQuality:5]]
[2019.11.17-17.12.58:174][  0]LogConfig: Setting CVar [[r.FastBlurThreshold:100]]
[2019.11.17-17.12.58:174][  0]LogConfig: Setting CVar [[r.Upscale.Quality:3]]
[2019.11.17-17.12.58:174][  0]LogConfig: Setting CVar [[r.Tonemapper.GrainQuantization:1]]
[2019.11.17-17.12.58:174][  0]LogConfig: Setting CVar [[r.LightShaftQuality:1]]
[2019.11.17-17.12.58:174][  0]LogConfig: Setting CVar [[r.Filter.SizeScale:1]]
[2019.11.17-17.12.58:174][  0]LogConfig: Setting CVar [[r.Tonemapper.Quality:5]]
[2019.11.17-17.12.58:174][  0]LogConfig: Setting CVar [[r.DOF.Gather.AccumulatorQuality:1        ; higher gathering accumulator quality]]
[2019.11.17-17.12.58:174][  0]LogConfig: Setting CVar [[r.DOF.Gather.PostfilterMethod:1          ; Median3x3 postfilering method]]
[2019.11.17-17.12.58:174][  0]LogConfig: Setting CVar [[r.DOF.Gather.EnableBokehSettings:0       ; no bokeh simulation when gathering]]
[2019.11.17-17.12.58:174][  0]LogConfig: Setting CVar [[r.DOF.Gather.RingCount:4                 ; medium number of samples when gathering]]
[2019.11.17-17.12.58:174][  0]LogConfig: Setting CVar [[r.DOF.Scatter.ForegroundCompositing:1    ; additive foreground scattering]]
[2019.11.17-17.12.58:174][  0]LogConfig: Setting CVar [[r.DOF.Scatter.BackgroundCompositing:2    ; additive background scattering]]
[2019.11.17-17.12.58:174][  0]LogConfig: Setting CVar [[r.DOF.Scatter.EnableBokehSettings:1      ; bokeh simulation when scattering]]
[2019.11.17-17.12.58:174][  0]LogConfig: Setting CVar [[r.DOF.Scatter.MaxSpriteRatio:0.1         ; only a maximum of 10% of scattered bokeh]]
[2019.11.17-17.12.58:174][  0]LogConfig: Setting CVar [[r.DOF.Recombine.Quality:1                ; cheap slight out of focus]]
[2019.11.17-17.12.58:174][  0]LogConfig: Setting CVar [[r.DOF.Recombine.EnableBokehSettings:0    ; no bokeh simulation on slight out of focus]]
[2019.11.17-17.12.58:174][  0]LogConfig: Setting CVar [[r.DOF.TemporalAAQuality:1                ; more stable temporal accumulation]]
[2019.11.17-17.12.58:174][  0]LogConfig: Setting CVar [[r.DOF.Kernel.MaxForegroundRadius:0.025]]
[2019.11.17-17.12.58:174][  0]LogConfig: Setting CVar [[r.DOF.Kernel.MaxBackgroundRadius:0.025]]
[2019.11.17-17.12.58:174][  0]LogConfig: Applying CVar settings from Section [TextureQuality@3] File [D:/Git/GameAI/PathfindingLab/Saved/Config/Windows/Scalability.ini]
[2019.11.17-17.12.58:174][  0]LogConfig: Setting CVar [[r.Streaming.MipBias:0]]
[2019.11.17-17.12.58:174][  0]LogConfig: Setting CVar [[r.Streaming.AmortizeCPUToGPUCopy:0]]
[2019.11.17-17.12.58:175][  0]LogConfig: Setting CVar [[r.Streaming.MaxNumTexturesToStreamPerFrame:0]]
[2019.11.17-17.12.58:175][  0]LogConfig: Setting CVar [[r.Streaming.Boost:1]]
[2019.11.17-17.12.58:175][  0]LogConfig: Setting CVar [[r.MaxAnisotropy:8]]
[2019.11.17-17.12.58:175][  0]LogConfig: Setting CVar [[r.Streaming.LimitPoolSizeToVRAM:0]]
[2019.11.17-17.12.58:175][  0]LogConfig: Setting CVar [[r.Streaming.PoolSize:1000]]
[2019.11.17-17.12.58:175][  0]LogConfig: Setting CVar [[r.Streaming.MaxEffectiveScreenSize:0]]
[2019.11.17-17.12.58:175][  0]LogConfig: Applying CVar settings from Section [EffectsQuality@3] File [D:/Git/GameAI/PathfindingLab/Saved/Config/Windows/Scalability.ini]
[2019.11.17-17.12.58:175][  0]LogConfig: Setting CVar [[r.TranslucencyLightingVolumeDim:64]]
[2019.11.17-17.12.58:175][  0]LogConfig: Setting CVar [[r.RefractionQuality:2]]
[2019.11.17-17.12.58:175][  0]LogConfig: Setting CVar [[r.SSR.Quality:3]]
[2019.11.17-17.12.58:175][  0]LogConfig: Setting CVar [[r.SceneColorFormat:4]]
[2019.11.17-17.12.58:175][  0]LogConfig: Setting CVar [[r.DetailMode:2]]
[2019.11.17-17.12.58:175][  0]LogConfig: Setting CVar [[r.TranslucencyVolumeBlur:1]]
[2019.11.17-17.12.58:175][  0]LogConfig: Setting CVar [[r.MaterialQualityLevel:1 ; High quality]]
[2019.11.17-17.12.58:175][  0]LogConfig: Setting CVar [[r.SSS.Scale:1]]
[2019.11.17-17.12.58:175][  0]LogConfig: Setting CVar [[r.SSS.SampleSet:2]]
[2019.11.17-17.12.58:175][  0]LogConfig: Setting CVar [[r.SSS.Quality:1]]
[2019.11.17-17.12.58:175][  0]LogConfig: Setting CVar [[r.SSS.HalfRes:1]]
[2019.11.17-17.12.58:175][  0]LogConfig: Setting CVar [[r.EmitterSpawnRateScale:1.0]]
[2019.11.17-17.12.58:175][  0]LogConfig: Setting CVar [[r.ParticleLightQuality:2]]
[2019.11.17-17.12.58:175][  0]LogConfig: Applying CVar settings from Section [FoliageQuality@3] File [D:/Git/GameAI/PathfindingLab/Saved/Config/Windows/Scalability.ini]
[2019.11.17-17.12.58:175][  0]LogConfig: Setting CVar [[foliage.DensityScale:1.0]]
[2019.11.17-17.12.58:175][  0]LogConfig: Setting CVar [[grass.DensityScale:1.0]]
[2019.11.17-17.12.58:175][  0]LogConfig: Applying CVar settings from Section [Startup] File [../../../Engine/Config/ConsoleVariables.ini]
[2019.11.17-17.12.58:175][  0]LogConfig: Setting CVar [[net.UseAdaptiveNetUpdateFrequency:0]]
[2019.11.17-17.12.58:175][  0]LogConfig: Setting CVar [[p.chaos.AllowCreatePhysxBodies:1]]
[2019.11.17-17.12.58:175][  0]LogConfig: Applying CVar settings from Section [ConsoleVariables] File [D:/Git/GameAI/PathfindingLab/Saved/Config/Windows/Engine.ini]
[2019.11.17-17.12.58:176][  0]LogInit: Computer: DESKTOP-7HH28IB
[2019.11.17-17.12.58:176][  0]LogInit: User: benco
[2019.11.17-17.12.58:176][  0]LogInit: CPU Page size=4096, Cores=4
[2019.11.17-17.12.58:176][  0]LogInit: High frequency timer resolution =10.000000 MHz
[2019.11.17-17.12.58:176][  0]LogMemory: Memory total: Physical=15.9GB (16GB approx)
[2019.11.17-17.12.58:176][  0]LogMemory: Platform Memory Stats for Windows
[2019.11.17-17.12.58:176][  0]LogMemory: Process Physical Memory: 96.00 MB used, 96.01 MB peak
[2019.11.17-17.12.58:176][  0]LogMemory: Process Virtual Memory: 90.61 MB used, 90.61 MB peak
[2019.11.17-17.12.58:176][  0]LogMemory: Physical Memory: 6711.20 MB used,  9539.06 MB free, 16250.27 MB total
[2019.11.17-17.12.58:176][  0]LogMemory: Virtual Memory: 4644.77 MB used,  134213080.00 MB free, 134217728.00 MB total
[2019.11.17-17.12.58:560][  0]LogInit: Using OS detected language (en-US).
[2019.11.17-17.12.58:560][  0]LogInit: Using OS detected locale (en-US).
[2019.11.17-17.12.58:562][  0]LogTextLocalizationManager: No specific localization for 'en-US' exists, so the 'en' localization will be used.
[2019.11.17-17.12.58:730][  0]LogInit: Setting process to per monitor DPI aware
[2019.11.17-17.12.58:898][  0]LogSlate: New Slate User Created.  User Index 0, Is Virtual User: 0
[2019.11.17-17.12.58:898][  0]LogSlate: Slate User Registered.  User Index 0, Is Virtual User: 0
[2019.11.17-17.12.59:191][  0]LogHMD: Failed to initialize OpenVR with code 110
[2019.11.17-17.12.59:191][  0]LogD3D11RHI: D3D11 adapters:
[2019.11.17-17.12.59:336][  0]LogD3D11RHI:    0. 'NVIDIA GeForce GTX 1050 Ti' (Feature Level 11_0)
[2019.11.17-17.12.59:336][  0]LogD3D11RHI:       4018/0/8125 MB DedicatedVideo/DedicatedSystem/SharedSystem, Outputs:1, VendorId:0x10de
[2019.11.17-17.12.59:457][  0]LogD3D11RHI:    1. 'Intel(R) HD Graphics 630' (Feature Level 11_0)
[2019.11.17-17.12.59:457][  0]LogD3D11RHI:       128/0/8125 MB DedicatedVideo/DedicatedSystem/SharedSystem, Outputs:0, VendorId:0x8086
[2019.11.17-17.12.59:461][  0]LogD3D11RHI:    2. 'Microsoft Basic Render Driver' (Feature Level 11_0)
[2019.11.17-17.12.59:461][  0]LogD3D11RHI:       0/0/8125 MB DedicatedVideo/DedicatedSystem/SharedSystem, Outputs:0, VendorId:0x1414
[2019.11.17-17.12.59:461][  0]LogD3D11RHI: Chosen D3D11 Adapter: 0
[2019.11.17-17.12.59:496][  0]LogD3D11RHI: Creating new Direct3DDevice
[2019.11.17-17.12.59:496][  0]LogD3D11RHI:     GPU DeviceId: 0x1c8c (for the marketing name, search the web for "GPU Device Id")
[2019.11.17-17.12.59:496][  0]LogWindows: EnumDisplayDevices:
[2019.11.17-17.12.59:497][  0]LogWindows:    0. 'Intel(R) HD Graphics 630' (P:1 D:1)
[2019.11.17-17.12.59:498][  0]LogWindows:    1. 'Intel(R) HD Graphics 630' (P:0 D:0)
[2019.11.17-17.12.59:498][  0]LogWindows:    2. 'Intel(R) HD Graphics 630' (P:0 D:0)
[2019.11.17-17.12.59:499][  0]LogWindows:    3. 'NVIDIA GeForce GTX 1050 Ti' (P:0 D:0)
[2019.11.17-17.12.59:499][  0]LogWindows: DebugString: PrimaryIsNotTheChoosenAdapter PrimaryIsNotTheChoosenAdapter PrimaryIsNotTheChoosenAdapter 
[2019.11.17-17.12.59:499][  0]LogD3D11RHI:     Adapter Name: NVIDIA GeForce GTX 1050 Ti
[2019.11.17-17.12.59:499][  0]LogD3D11RHI:   Driver Version: 436.30 (internal:26.21.14.3630, unified:436.30)
[2019.11.17-17.12.59:499][  0]LogD3D11RHI:      Driver Date: 9-5-2019
[2019.11.17-17.12.59:499][  0]LogRHI: Texture pool is 2812 MB (70% of 4018 MB)
[2019.11.17-17.12.59:550][  0]LogD3D11RHI: Async texture creation enabled
[2019.11.17-17.12.59:564][  0]LogRendererCore: FGlobalReadBuffer::InitRHI
[2019.11.17-17.12.59:564][  0]LogRendererCore: FGlobalReadBuffer::InitRHI
[2019.11.17-17.12.59:564][  0]LogRendererCore: FGlobalReadBuffer::InitRHI
[2019.11.17-17.12.59:572][  0]LogD3D11RHI: GPU Timing Frequency: 1000.000000 (Debug: 2 1)
[2019.11.17-17.13.00:195][  0]LogTemp: Display: Module 'AllDesktopTargetPlatform' loaded TargetPlatform 'AllDesktop'
[2019.11.17-17.13.00:224][  0]LogTemp: Display: Module 'MacClientTargetPlatform' loaded TargetPlatform 'MacClient'
[2019.11.17-17.13.00:255][  0]LogTemp: Display: Module 'MacNoEditorTargetPlatform' loaded TargetPlatform 'MacNoEditor'
[2019.11.17-17.13.00:283][  0]LogTemp: Display: Module 'MacServerTargetPlatform' loaded TargetPlatform 'MacServer'
[2019.11.17-17.13.00:315][  0]LogTemp: Display: Module 'MacTargetPlatform' loaded TargetPlatform 'Mac'
[2019.11.17-17.13.00:344][  0]LogTemp: Display: Module 'WindowsClientTargetPlatform' loaded TargetPlatform 'WindowsClient'
[2019.11.17-17.13.00:373][  0]LogTemp: Display: Module 'WindowsNoEditorTargetPlatform' loaded TargetPlatform 'WindowsNoEditor'
[2019.11.17-17.13.00:403][  0]LogTemp: Display: Module 'WindowsServerTargetPlatform' loaded TargetPlatform 'WindowsServer'
[2019.11.17-17.13.00:425][  0]LogTemp: Display: Module 'WindowsTargetPlatform' loaded TargetPlatform 'Windows'
[2019.11.17-17.13.00:524][  0]LogTemp: Display: Module 'AndroidTargetPlatform' loaded TargetPlatform 'Android'
[2019.11.17-17.13.00:524][  0]LogTemp: Display: Module 'AndroidTargetPlatform' loaded TargetPlatform 'Android_ASTC'
[2019.11.17-17.13.00:524][  0]LogTemp: Display: Module 'AndroidTargetPlatform' loaded TargetPlatform 'Android_ATC'
[2019.11.17-17.13.00:524][  0]LogTemp: Display: Module 'AndroidTargetPlatform' loaded TargetPlatform 'Android_DXT'
[2019.11.17-17.13.00:524][  0]LogTemp: Display: Module 'AndroidTargetPlatform' loaded TargetPlatform 'Android_ETC1'
[2019.11.17-17.13.00:524][  0]LogTemp: Display: Module 'AndroidTargetPlatform' loaded TargetPlatform 'Android_ETC1a'
[2019.11.17-17.13.00:524][  0]LogTemp: Display: Module 'AndroidTargetPlatform' loaded TargetPlatform 'Android_ETC2'
[2019.11.17-17.13.00:524][  0]LogTemp: Display: Module 'AndroidTargetPlatform' loaded TargetPlatform 'Android_PVRTC'
[2019.11.17-17.13.00:524][  0]LogTemp: Display: Module 'AndroidTargetPlatform' loaded TargetPlatform 'AndroidClient'
[2019.11.17-17.13.00:524][  0]LogTemp: Display: Module 'AndroidTargetPlatform' loaded TargetPlatform 'Android_ASTCClient'
[2019.11.17-17.13.00:524][  0]LogTemp: Display: Module 'AndroidTargetPlatform' loaded TargetPlatform 'Android_ATCClient'
[2019.11.17-17.13.00:524][  0]LogTemp: Display: Module 'AndroidTargetPlatform' loaded TargetPlatform 'Android_DXTClient'
[2019.11.17-17.13.00:524][  0]LogTemp: Display: Module 'AndroidTargetPlatform' loaded TargetPlatform 'Android_ETC1Client'
[2019.11.17-17.13.00:524][  0]LogTemp: Display: Module 'AndroidTargetPlatform' loaded TargetPlatform 'Android_ETC1aClient'
[2019.11.17-17.13.00:524][  0]LogTemp: Display: Module 'AndroidTargetPlatform' loaded TargetPlatform 'Android_ETC2Client'
[2019.11.17-17.13.00:524][  0]LogTemp: Display: Module 'AndroidTargetPlatform' loaded TargetPlatform 'Android_PVRTCClient'
[2019.11.17-17.13.00:524][  0]LogTemp: Display: Module 'AndroidTargetPlatform' loaded TargetPlatform 'Android_Multi'
[2019.11.17-17.13.00:524][  0]LogTemp: Display: Module 'AndroidTargetPlatform' loaded TargetPlatform 'Android_MultiClient'
[2019.11.17-17.13.00:540][  0]LogTemp: Display: Module 'HTML5TargetPlatform' loaded TargetPlatform 'HTML5'
[2019.11.17-17.13.00:633][  0]LogTemp: Display: Module 'IOSTargetPlatform' loaded TargetPlatform 'IOSClient'
[2019.11.17-17.13.00:633][  0]LogTemp: Display: Module 'IOSTargetPlatform' loaded TargetPlatform 'IOS'
[2019.11.17-17.13.00:671][  0]LogTemp: Display: Module 'TVOSTargetPlatform' loaded TargetPlatform 'TVOSClient'
[2019.11.17-17.13.00:671][  0]LogTemp: Display: Module 'TVOSTargetPlatform' loaded TargetPlatform 'TVOS'
[2019.11.17-17.13.00:697][  0]LogTemp: Display: Module 'LinuxClientTargetPlatform' loaded TargetPlatform 'LinuxClient'
[2019.11.17-17.13.00:723][  0]LogTemp: Display: Module 'LinuxNoEditorTargetPlatform' loaded TargetPlatform 'LinuxNoEditor'
[2019.11.17-17.13.00:751][  0]LogTemp: Display: Module 'LinuxServerTargetPlatform' loaded TargetPlatform 'LinuxServer'
[2019.11.17-17.13.00:781][  0]LogTemp: Display: Module 'LinuxTargetPlatform' loaded TargetPlatform 'Linux'
[2019.11.17-17.13.00:842][  0]LogTemp: Display: Module 'LuminTargetPlatform' loaded TargetPlatform 'Lumin'
[2019.11.17-17.13.00:842][  0]LogTemp: Display: Module 'LuminTargetPlatform' loaded TargetPlatform 'LuminClient'
[2019.11.17-17.13.00:842][  0]LogTargetPlatformManager: Display: Building Assets For Windows
[2019.11.17-17.13.00:925][  0]LogAudioDebug: Display: Lib vorbis DLL was dynamically loaded.
[2019.11.17-17.13.01:409][  0]LogShaderCompilers: Guid format shader working directory is 5 characters bigger than the processId version (../../../../../Git/GameAI/PathfindingLab/Intermediate/Shaders/WorkingDirectory/19328/).
[2019.11.17-17.13.01:410][  0]LogShaderCompilers: Cleaned the shader compiler working directory 'C:/Users/benco/AppData/Local/Temp/UnrealShaderWorkingDir/621CE85D4267D17371F05EAE669976C0/'.
[2019.11.17-17.13.01:415][  0]LogXGEController: Cannot use XGE Controller as Incredibuild is not installed on this machine.
[2019.11.17-17.13.01:415][  0]LogShaderCompilers: Cannot use XGE Shader Compiler as Incredibuild is not installed on this machine.
[2019.11.17-17.13.01:415][  0]LogShaderCompilers: Display: Using Local Shader Compiler.
[2019.11.17-17.13.02:025][  0]LogDerivedDataCache: Display: Max Cache Size: 512 MB
[2019.11.17-17.13.02:080][  0]LogDerivedDataCache: Loaded boot cache 0.05s 71MB C:/Users/benco/AppData/Local/UnrealEngine/4.22/DerivedDataCache/Boot.ddc.
[2019.11.17-17.13.02:080][  0]LogDerivedDataCache: Display: Loaded Boot cache: C:/Users/benco/AppData/Local/UnrealEngine/4.22/DerivedDataCache/Boot.ddc
[2019.11.17-17.13.02:080][  0]LogDerivedDataCache: FDerivedDataBackendGraph:  Pak pak cache file ../../../../../Git/GameAI/PathfindingLab/DerivedDataCache/DDC.ddp not found, will not use a pak cache.
[2019.11.17-17.13.02:080][  0]LogDerivedDataCache: Unable to find inner node Pak for hierarchical cache Hierarchy.
[2019.11.17-17.13.02:080][  0]LogDerivedDataCache: FDerivedDataBackendGraph:  CompressedPak pak cache file ../../../../../Git/GameAI/PathfindingLab/DerivedDataCache/Compressed.ddp not found, will not use a pak cache.
[2019.11.17-17.13.02:080][  0]LogDerivedDataCache: Unable to find inner node CompressedPak for hierarchical cache Hierarchy.
[2019.11.17-17.13.02:093][  0]LogDerivedDataCache: Display: Pak cache opened for reading ../../../Engine/DerivedDataCache/Compressed.ddp.
[2019.11.17-17.13.02:093][  0]LogDerivedDataCache: FDerivedDataBackendGraph:  EnterprisePak pak cache file ../../../Enterprise/DerivedDataCache/Compressed.ddp not found, will not use a pak cache.
[2019.11.17-17.13.02:093][  0]LogDerivedDataCache: Unable to find inner node EnterprisePak for hierarchical cache Hierarchy.
[2019.11.17-17.13.02:107][  0]LogDerivedDataCache: Using Local data cache path C:/Users/benco/AppData/Local/UnrealEngine/Common/DerivedDataCache: Writable
[2019.11.17-17.13.02:107][  0]LogDerivedDataCache: Shared data cache path not found in *engine.ini, will not use an Shared cache.
[2019.11.17-17.13.02:107][  0]LogDerivedDataCache: Unable to find inner node Shared for hierarchical cache Hierarchy.
[2019.11.17-17.13.02:132][  0]LogMaterial: Verifying Global Shaders for PCD3D_SM5
[2019.11.17-17.13.02:133][  0]LogSlate: Using FreeType 2.6.0
[2019.11.17-17.13.02:134][  0]LogSlate: SlateFontServices - WITH_FREETYPE: 1, WITH_HARFBUZZ: 1
[2019.11.17-17.13.02:367][  0]LogAssetRegistry: FAssetRegistry took 0.0335 seconds to start up
[2019.11.17-17.13.02:700][  0]LogInit: Selected Device Profile: [Windows]
[2019.11.17-17.13.03:123][  0]LogMeshReduction: Using QuadricMeshReduction for automatic static mesh reduction
[2019.11.17-17.13.03:124][  0]LogMeshReduction: Using SimplygonMeshReduction for automatic skeletal mesh reduction
[2019.11.17-17.13.03:124][  0]LogMeshReduction: Using ProxyLODMeshReduction for automatic mesh merging
[2019.11.17-17.13.03:124][  0]LogMeshReduction: No distributed automatic mesh merging module available
[2019.11.17-17.13.03:124][  0]LogMeshMerging: No distributed automatic mesh merging module available
[2019.11.17-17.13.03:142][  0]LogNetVersion: PathFinding 1.0.0, NetCL: 5660361, EngineNetVer: 10, GameNetVer: 0 (Checksum: 315523671)
[2019.11.17-17.13.03:757][  0]LogPackageLocalizationCache: Processed 10 localized package path(s) for 1 prioritized culture(s) in 0.098843 seconds
[2019.11.17-17.13.03:766][  0]LogUObjectArray: 42205 objects as part of root set at end of initial load.
[2019.11.17-17.13.03:766][  0]LogUObjectAllocator: 7325032 out of 0 bytes used by permanent object pool.
[2019.11.17-17.13.03:766][  0]LogUObjectArray: CloseDisregardForGC: 0/0 objects in disregard for GC pool
[2019.11.17-17.13.06:065][  0]LogTcpMessaging: Initializing TcpMessaging bridge
[2019.11.17-17.13.06:095][  0]LogUdpMessaging: Initializing bridge on interface 0.0.0.0:0 to multicast group 230.0.0.1:6666.
[2019.11.17-17.13.06:718][  0]SourceControl: Source control is disabled
[2019.11.17-17.13.06:718][  0]SourceControl: Source control is disabled
[2019.11.17-17.13.06:784][  0]SourceControl: Source control is disabled
[2019.11.17-17.13.06:802][  0]SourceControl: Source control is disabled
[2019.11.17-17.13.07:536][  0]LogAndroidPermission: UAndroidPermissionCallbackProxy::GetInstance
[2019.11.17-17.13.08:042][  0]LogOcInput: OculusInput pre-init called
[2019.11.17-17.13.09:308][  0]LogEngine: Initializing Engine...
[2019.11.17-17.13.09:310][  0]LogHMD: Failed to initialize OpenVR with code 110
[2019.11.17-17.13.09:311][  0]LogStats: UGameplayTagsManager::InitializeManager -  0.000 s
[2019.11.17-17.13.09:537][  0]LogInit: Initializing FReadOnlyCVARCache
[2019.11.17-17.13.09:584][  0]LogAIModule: Creating AISystem for world Untitled
[2019.11.17-17.13.09:665][  0]LogInit: XAudio2 using 'Speakers (Razer Kraken TE - Game)' : 2 channels at 48 kHz using 16 bits per sample (channel mask 0x3)
[2019.11.17-17.13.09:744][  0]LogInit: FAudioDevice initialized.
[2019.11.17-17.13.09:744][  0]LogNetVersion: Set ProjectVersion to 1.0.0.0. Version Checksum will be recalculated on next use.
[2019.11.17-17.13.09:835][  0]LogDerivedDataCache: Saved boot cache 0.09s 71MB C:/Users/benco/AppData/Local/UnrealEngine/4.22/DerivedDataCache/Boot.ddc.
[2019.11.17-17.13.09:846][  0]LogInit: Texture streaming: Enabled
[2019.11.17-17.13.09:936][  0]LogEngineSessionManager: EngineSessionManager initialized
[2019.11.17-17.13.10:001][  0]LogInit: Transaction tracking system initialized
[2019.11.17-17.13.10:219][  0]BlueprintLog: New page: Editor Load
[2019.11.17-17.13.10:766][  0]LocalizationService: Localization service is disabled
[2019.11.17-17.13.11:405][  0]LogFileCache: Scanning file cache for directory 'D:/Git/GameAI/PathfindingLab/Content/' took 0.02s
[2019.11.17-17.13.11:405][  0]LogCook: Display: Max memory allowance for cook 16384mb min free memory 0mb
[2019.11.17-17.13.11:405][  0]LogCook: Display: Mobile HDR setting 1
[2019.11.17-17.13.12:179][  0]SourceControl: Source control is disabled
[2019.11.17-17.13.12:179][  0]Cmd: MAP LOAD FILE="../../../../../Git/GameAI/PathfindingLab/Content/PathfindingMap.umap" TEMPLATE=0 SHOWPROGRESS=1 FEATURELEVEL=3
[2019.11.17-17.13.12:320][  0]LightingResults: New page: Lighting Build
[2019.11.17-17.13.12:326][  0]MapCheck: New page: Map Check
[2019.11.17-17.13.12:326][  0]LightingResults: New page: Lighting Build
[2019.11.17-17.13.12:354][  0]LogUObjectHash: Compacting FUObjectHashTables data took   1.55ms
[2019.11.17-17.13.13:228][  0]LogAIModule: Creating AISystem for world PathfindingMap
[2019.11.17-17.13.13:247][  0]LogEditorServer: Finished looking for orphan Actors (0.000 secs)
[2019.11.17-17.13.13:276][  0]LogUObjectHash: Compacting FUObjectHashTables data took   2.18ms
[2019.11.17-17.13.13:276][  0]Cmd: MAP CHECKDEP NOCLEARLOG
[2019.11.17-17.13.13:276][  0]MapCheck: Map check complete: 0 Error(s), 0 Warning(s), took 0.107ms to complete.
[2019.11.17-17.13.13:276][  0]LogFileHelpers: Loading map 'PathfindingMap' took 1.098
[2019.11.17-17.13.13:704][  0]LogSlate: Updating window title bar state: overlay mode, drag disabled, window buttons hidden, title bar hidden
[2019.11.17-17.13.13:713][  0]LogSlate: Updating window title bar state: overlay mode, drag disabled, window buttons hidden, title bar hidden
[2019.11.17-17.13.13:721][  0]LogSlate: Updating window title bar state: overlay mode, drag disabled, window buttons hidden, title bar hidden
[2019.11.17-17.13.13:730][  0]LogSlate: Updating window title bar state: overlay mode, drag disabled, window buttons hidden, title bar hidden
[2019.11.17-17.13.13:802][  0]LogCollectionManager: Loaded 0 collections in 0.006015 seconds
[2019.11.17-17.13.13:823][  0]LogFileCache: Scanning file cache for directory 'D:/Git/GameAI/PathfindingLab/Saved/Collections/' took 0.01s
[2019.11.17-17.13.13:823][  0]LogFileCache: Scanning file cache for directory 'D:/Git/GameAI/PathfindingLab/Content/Developers/benco/Collections/' took 0.00s
[2019.11.17-17.13.13:823][  0]LogFileCache: Scanning file cache for directory 'D:/Git/GameAI/PathfindingLab/Content/Collections/' took 0.00s
[2019.11.17-17.13.13:823][  0]LogCollectionManager: Rebuilt the GUID cache for 0 collections in 0.000000 seconds
[2019.11.17-17.13.13:834][  0]LogContentBrowser: Native class hierarchy populated in 0.0106 seconds. Added 2741 classes and 662 folders.
[2019.11.17-17.13.13:845][  0]LogContentBrowser: Native class hierarchy updated for 'WidgetCarousel' in 0.0005 seconds. Added 0 classes and 0 folders.
[2019.11.17-17.13.13:937][  0]LogPakFile: Registered encryption key '00000000000000000000000000000000': 0 pak files mounted, 0 remain pending
[2019.11.17-17.13.13:975][  0]LogPakFile: Registered encryption key '00000000000000000000000000000000': 0 pak files mounted, 0 remain pending
[2019.11.17-17.13.13:991][  0]LogPakFile: Registered encryption key '00000000000000000000000000000000': 0 pak files mounted, 0 remain pending
[2019.11.17-17.13.14:011][  0]LogPakFile: Registered encryption key '00000000000000000000000000000000': 0 pak files mounted, 0 remain pending
[2019.11.17-17.13.14:053][  0]LogPakFile: Registered encryption key '00000000000000000000000000000000': 0 pak files mounted, 0 remain pending
[2019.11.17-17.13.14:061][  0]LogPakFile: Registered encryption key '00000000000000000000000000000000': 0 pak files mounted, 0 remain pending
[2019.11.17-17.13.14:067][  0]LogPakFile: Registered encryption key '00000000000000000000000000000000': 0 pak files mounted, 0 remain pending
[2019.11.17-17.13.14:073][  0]LogPakFile: Registered encryption key '00000000000000000000000000000000': 0 pak files mounted, 0 remain pending
[2019.11.17-17.13.14:166][  0]LogPakFile: Registered encryption key '00000000000000000000000000000000': 0 pak files mounted, 0 remain pending
[2019.11.17-17.13.14:210][  0]LogPakFile: Registered encryption key '00000000000000000000000000000000': 0 pak files mounted, 0 remain pending
[2019.11.17-17.13.14:217][  0]LogPakFile: Registered encryption key '00000000000000000000000000000000': 0 pak files mounted, 0 remain pending
[2019.11.17-17.13.14:224][  0]LogPakFile: Registered encryption key '00000000000000000000000000000000': 0 pak files mounted, 0 remain pending
[2019.11.17-17.13.14:232][  0]LogPakFile: Registered encryption key '00000000000000000000000000000000': 0 pak files mounted, 0 remain pending
[2019.11.17-17.13.14:266][  0]LogPakFile: Registered encryption key '00000000000000000000000000000000': 0 pak files mounted, 0 remain pending
[2019.11.17-17.13.14:274][  0]LogPakFile: Registered encryption key '00000000000000000000000000000000': 0 pak files mounted, 0 remain pending
[2019.11.17-17.13.14:280][  0]LogPakFile: Registered encryption key '00000000000000000000000000000000': 0 pak files mounted, 0 remain pending
[2019.11.17-17.13.14:334][  0]LogPakFile: Registered encryption key '00000000000000000000000000000000': 0 pak files mounted, 0 remain pending
[2019.11.17-17.13.14:414][  0]LogPakFile: Registered encryption key '00000000000000000000000000000000': 0 pak files mounted, 0 remain pending
[2019.11.17-17.13.14:421][  0]LogPakFile: Registered encryption key '00000000000000000000000000000000': 0 pak files mounted, 0 remain pending
[2019.11.17-17.13.14:427][  0]LogPakFile: Registered encryption key '00000000000000000000000000000000': 0 pak files mounted, 0 remain pending
[2019.11.17-17.13.14:447][  0]LogPakFile: Registered encryption key '00000000000000000000000000000000': 0 pak files mounted, 0 remain pending
[2019.11.17-17.13.14:454][  0]LogPakFile: Registered encryption key '00000000000000000000000000000000': 0 pak files mounted, 0 remain pending
[2019.11.17-17.13.14:461][  0]LogPakFile: Registered encryption key '00000000000000000000000000000000': 0 pak files mounted, 0 remain pending
[2019.11.17-17.13.14:531][  0]LogPakFile: Registered encryption key '00000000000000000000000000000000': 0 pak files mounted, 0 remain pending
[2019.11.17-17.13.14:545][  0]LogPakFile: Registered encryption key '00000000000000000000000000000000': 0 pak files mounted, 0 remain pending
[2019.11.17-17.13.14:587][  0]LogPakFile: Registered encryption key '00000000000000000000000000000000': 0 pak files mounted, 0 remain pending
[2019.11.17-17.13.15:606][  0]LogContentBrowser: Native class hierarchy updated for 'AddContentDialog' in 0.0006 seconds. Added 0 classes and 0 folders.
[2019.11.17-17.13.15:677][  0]LogContentBrowser: Native class hierarchy updated for 'SceneOutliner' in 0.0009 seconds. Added 1 classes and 2 folders.
[2019.11.17-17.13.15:701][  0]LogSlate: Took 0.000264 seconds to synchronously load lazily loaded font '../../../Engine/Content/Slate/Fonts/Roboto-Regular.ttf' (155K)
[2019.11.17-17.13.15:704][  0]LogSlate: Took 0.000306 seconds to synchronously load lazily loaded font '../../../Engine/Content/Slate/Fonts/Roboto-Bold.ttf' (160K)
[2019.11.17-17.13.15:801][  0]LogSlate: Took 0.033482 seconds to synchronously load lazily loaded font '../../../Engine/Content/Editor/Slate/Fonts/FontAwesome.ttf' (139K)
[2019.11.17-17.13.16:093][  0]LogRenderer: Reallocating scene render targets to support 1208x572 Format 10 NumSamples 1 (Frame:1).
[2019.11.17-17.13.16:300][  0]LogSlate: Took 0.101529 seconds to synchronously load lazily loaded font '../../../Engine/Content/Slate/Fonts/Roboto-Light.ttf' (167K)
[2019.11.17-17.13.16:467][  0]LogContentBrowser: Native class hierarchy updated for 'HierarchicalLODOutliner' in 0.0009 seconds. Added 0 classes and 0 folders.
[2019.11.17-17.13.16:468][  0]LogLoad: (Engine Initialization) Total time: 23.83 seconds
[2019.11.17-17.13.16:468][  0]LogLoad: (Engine Initialization) Total Blueprint compile time: 0.00 seconds
[2019.11.17-17.13.16:507][  0]LogContentStreaming: Texture pool size now 1000 MB
[2019.11.17-17.13.29:470][770]LogAssetRegistry: Asset discovery search completed in 27.1240 seconds
[2019.11.17-17.13.29:473][770]LogCollectionManager: Rebuilt the object cache for 0 collections in 0.000000 seconds (found 0 objects)
[2019.11.17-17.13.29:473][770]LogCollectionManager: Fixed up redirectors for 0 collections in 0.000111 seconds (updated 0 objects)
[2019.11.17-17.13.52:640][155]LogSlate: FSceneViewport::OnFocusLost() reason 0
[2019.11.17-17.13.54:137][241]LogSlate: Took 0.000201 seconds to synchronously load lazily loaded font '../../../Engine/Content/Slate/Fonts/Roboto-Light.ttf' (167K)
[2019.11.17-17.13.54:147][241]LogAssetEditorManager: Opening Asset editor for Class /Script/PathFinding.StatePrimative
[2019.11.17-17.15.16:598][722]LogUnrealEdMisc: Warning: Heartbeat event firing too frequently (23.757 sec). This should never happen. Something is wrong with the timer delegate!
[2019.11.17-17.16.44:428][252]Running D:/EpicGames/UE_4.22/Engine/Binaries/DotNET/UnrealBuildTool.exe  -projectfiles -project="D:/Git/GameAI/PathfindingLab/PathFinding.uproject" -game -rocket -progress
[2019.11.17-17.16.44:944][252]Discovering modules, targets and source code for project...
[2019.11.17-17.16.50:079][252]Binding IntelliSense data...
[2019.11.17-17.16.53:709][252]Binding IntelliSense data... 100%
[2019.11.17-17.16.53:709][252]Writing project files...
[2019.11.17-17.16.58:948][252]Writing project files... 100%
[2019.11.17-17.17.02:043][424]LogAssetEditorManager: Opening Asset editor for Class /Script/PathFinding.StatePrimative
[2019.11.17-17.17.05:517][564]LogVSAccessor: Warning: Visual Studio is open but could not be queried - it may be blocked by a modal operation
[2019.11.17-17.18.16:684][715]LogUnrealEdMisc: Warning: Heartbeat event firing too frequently (50.502 sec). This should never happen. Something is wrong with the timer delegate!
[2019.11.17-17.20.03:093][ 67]LogAssetEditorManager: Opening Asset editor for Class /Script/PathFinding.StatePrimative
[2019.11.17-18.55.37:413][623]LogAssetEditorManager: Opening Asset editor for Class /Script/PathFinding.PathFindingActor
[2019.11.17-18.55.37:931][623]LogVSAccessor: Warning: Couldn't goto line number '1' in 'D:/Git/GameAI/PathfindingLab/Source/PathFinding/PathFindingActor.cpp'
[2019.11.17-18.57.00:963][997]LogAssetEditorManager: Opening Asset editor for Class /Script/PathFinding.MyPathBuilderActor
[2019.11.17-18.57.01:237][997]LogVSAccessor: Warning: Couldn't goto line number '1' in 'D:/Git/GameAI/PathfindingLab/Source/PathFinding/Public/MyPathBuilderActor.h'
[2019.11.17-18.57.01:435][997]LogVSAccessor: Warning: Couldn't goto line number '1' in 'D:/Git/GameAI/PathfindingLab/Source/PathFinding/Private/MyPathBuilderActor.cpp'
[2019.11.17-18.58.01:924][343]LogAssetEditorManager: Opening Asset editor for Blueprint /Game/SteeringActor/BP_SteeringActor.BP_SteeringActor
[2019.11.17-18.58.02:772][343]LogContentBrowser: Native class hierarchy updated for 'BlueprintGraph' in 0.0028 seconds. Added 121 classes and 0 folders.
[2019.11.17-18.58.04:627][343]LogSlate: Took 0.020385 seconds to synchronously load lazily loaded font '../../../Engine/Content/Slate/Fonts/Roboto-BoldCondensed.ttf' (158K)
[2019.11.17-18.58.05:026][344]LogSlate: Took 0.019657 seconds to synchronously load lazily loaded font '../../../Engine/Content/Slate/Fonts/Roboto-Italic.ttf' (157K)
[2019.11.17-18.58.21:868][237]LogSlate: Window 'BP_SteeringActor' being destroyed
[2019.11.17-18.58.21:877][237]LogSlate: Window 'BP_SteeringActor' being destroyed
[2019.11.17-19.06.40:582][961]Running D:/EpicGames/UE_4.22/Engine/Binaries/DotNET/UnrealBuildTool.exe  -projectfiles -project="D:/Git/GameAI/PathfindingLab/PathFinding.uproject" -game -rocket -progress
[2019.11.17-19.06.41:198][961]Discovering modules, targets and source code for project...
[2019.11.17-19.06.46:736][961]Binding IntelliSense data...
[2019.11.17-19.06.49:962][961]Binding IntelliSense data... 100%
[2019.11.17-19.06.49:962][961]Writing project files...
[2019.11.17-19.06.56:309][961]Writing project files... 100%
[2019.11.17-19.07.08:191][658]LogAssetEditorManager: Opening Asset editor for Class /Script/PathFinding.PathFindingActor
[2019.11.17-19.07.09:176][710]LogAssetEditorManager: Opening Asset editor for Class /Script/PathFinding.SteeringActor
[2019.11.17-19.08.16:517][954]LogUnrealEdMisc: Warning: Heartbeat event firing too frequently (34.584 sec). This should never happen. Something is wrong with the timer delegate!
[2019.11.17-19.09.37:626][227]LogAssetEditorManager: Opening Asset editor for Class /Script/PathFinding.SteeringActor
[2019.11.17-19.14.37:645][180]LogUObjectHash: Compacting FUObjectHashTables data took   6.74ms
[2019.11.17-19.14.37:753][180]LogSlate: Window 'PathFinding - Unreal Editor' being destroyed
[2019.11.17-19.14.37:758][180]LogWindowsTextInputMethodSystem: Display: IME system now deactivated.
[2019.11.17-19.14.38:091][181]Cmd: QUIT_EDITOR
[2019.11.17-19.14.38:147][181]LogExit: Preparing to exit.
[2019.11.17-19.14.39:182][181]LogExit: Editor shut down
[2019.11.17-19.14.39:182][181]LogExit: Transaction tracking system shut down
[2019.11.17-19.14.39:643][181]LogExit: Object subsystem successfully closed.
[2019.11.17-19.14.39:677][181]LogShaderCompilers: Display: Shaders left to compile 0
[2019.11.17-19.14.39:687][181]LogD3D11RHI: Shutdown
[2019.11.17-19.14.39:687][181]LogD3D11RHI: CleanupD3DDevice
[2019.11.17-19.14.39:689][181]LogRendererCore: FGlobalReadBuffer::ReleaseRHI
[2019.11.17-19.14.39:689][181]LogRendererCore: FGlobalDynamicReadBuffer::Cleanup()
[2019.11.17-19.14.39:689][181]LogRendererCore: FGlobalReadBuffer::ReleaseRHI
[2019.11.17-19.14.39:689][181]LogRendererCore: FGlobalDynamicReadBuffer::Cleanup()
[2019.11.17-19.14.39:689][181]LogRendererCore: FGlobalReadBuffer::ReleaseRHI
[2019.11.17-19.14.39:689][181]LogRendererCore: FGlobalDynamicReadBuffer::Cleanup()
[2019.11.17-19.14.39:817][181]LogD3D11RHI: ~FD3D11DynamicRHI
[2019.11.17-19.14.39:832][181]LogModuleManager: Shutting down and abandoning module BlueprintGraph (646)
[2019.11.17-19.14.39:833][181]LogModuleManager: Shutting down and abandoning module HierarchicalLODOutliner (644)
[2019.11.17-19.14.39:833][181]LogModuleManager: Shutting down and abandoning module SceneOutliner (642)
[2019.11.17-19.14.39:833][181]LogModuleManager: Shutting down and abandoning module AddContentDialog (640)
[2019.11.17-19.14.39:836][181]LogModuleManager: Shutting down and abandoning module WidgetCarousel (639)
[2019.11.17-19.14.39:836][181]LogModuleManager: Shutting down and abandoning module EditorWidgets (636)
[2019.11.17-19.14.39:836][181]LogModuleManager: Shutting down and abandoning module CollectionManager (634)
[2019.11.17-19.14.39:837][181]LogModuleManager: Shutting down and abandoning module StatsViewer (632)
[2019.11.17-19.14.39:837][181]LogModuleManager: Shutting down and abandoning module FoliageEdit (630)
[2019.11.17-19.14.39:837][181]LogModuleManager: Shutting down and abandoning module LandscapeEditor (628)
[2019.11.17-19.14.39:837][181]LogModuleManager: Shutting down and abandoning module MeshPaintMode (626)
[2019.11.17-19.14.39:837][181]LogModuleManager: Shutting down and abandoning module SceneDepthPickerMode (624)
[2019.11.17-19.14.39:837][181]LogModuleManager: Shutting down and abandoning module ActorPickerMode (622)
[2019.11.17-19.14.39:837][181]LogModuleManager: Shutting down and abandoning module GeometryMode (620)
[2019.11.17-19.14.39:837][181]LogModuleManager: Shutting down and abandoning module TextureAlignMode (618)
[2019.11.17-19.14.39:837][181]LogModuleManager: Shutting down and abandoning module BspMode (616)
[2019.11.17-19.14.39:837][181]LogModuleManager: Shutting down and abandoning module PIEPreviewDeviceProfileSelector (614)
[2019.11.17-19.14.39:837][181]LogModuleManager: Shutting down and abandoning module SequenceRecorderSections (612)
[2019.11.17-19.14.39:837][181]LogModuleManager: Shutting down and abandoning module AutomationWorker (610)
[2019.11.17-19.14.39:837][181]LogModuleManager: Shutting down and abandoning module OculusMR (608)
[2019.11.17-19.14.39:838][181]LogModuleManager: Shutting down and abandoning module AudioCaptureEditor (606)
[2019.11.17-19.14.39:838][181]LogModuleManager: Shutting down and abandoning module MatineeToLevelSequence (604)
[2019.11.17-19.14.39:838][181]LogModuleManager: Shutting down and abandoning module LevelSequenceEditor (602)
[2019.11.17-19.14.39:838][181]LogModuleManager: Shutting down and abandoning module PlacementMode (601)
[2019.11.17-19.14.39:838][181]LogModuleManager: Shutting down and abandoning module MaterialEditor (600)
[2019.11.17-19.14.39:838][181]LogModuleManager: Shutting down and abandoning module ActorSequenceEditor (596)
[2019.11.17-19.14.39:838][181]LogModuleManager: Shutting down and abandoning module WmfMediaFactory (594)
[2019.11.17-19.14.39:838][181]LogModuleManager: Shutting down and abandoning module WmfMediaEditor (592)
[2019.11.17-19.14.39:838][181]LogModuleManager: Shutting down and abandoning module WebMMediaFactory (590)
[2019.11.17-19.14.39:838][181]LogModuleManager: Shutting down and abandoning module WebMMediaEditor (588)
[2019.11.17-19.14.39:838][181]LogModuleManager: Shutting down and abandoning module WebMMedia (586)
[2019.11.17-19.14.39:838][181]LogModuleManager: Shutting down and abandoning module MediaPlayerEditor (584)
[2019.11.17-19.14.39:839][181]LogModuleManager: Shutting down and abandoning module MediaCompositingEditor (582)
[2019.11.17-19.14.39:839][181]LogModuleManager: Shutting down and abandoning module SequenceRecorder (581)
[2019.11.17-19.14.39:839][181]LogModuleManager: Shutting down and abandoning module OpenExrWrapper (578)
[2019.11.17-19.14.39:839][181]LogModuleManager: Shutting down and abandoning module ImgMediaFactory (576)
[2019.11.17-19.14.39:839][181]LogModuleManager: Shutting down and abandoning module ImgMediaEditor (574)
[2019.11.17-19.14.39:839][181]LogModuleManager: Shutting down and abandoning module AvfMediaFactory (572)
[2019.11.17-19.14.39:839][181]LogModuleManager: Shutting down and abandoning module AvfMediaEditor (570)
[2019.11.17-19.14.39:839][181]LogModuleManager: Shutting down and abandoning module AndroidMediaFactory (568)
[2019.11.17-19.14.39:839][181]LogModuleManager: Shutting down and abandoning module AndroidMediaEditor (566)
[2019.11.17-19.14.39:839][181]LogModuleManager: Shutting down and abandoning module MagicLeapCameraPreviewFactory (564)
[2019.11.17-19.14.39:839][181]LogModuleManager: Shutting down and abandoning module MagicLeapMediaCodecFactory (562)
[2019.11.17-19.14.39:839][181]LogModuleManager: Shutting down and abandoning module MagicLeapMediaFactory (560)
[2019.11.17-19.14.39:839][181]LogModuleManager: Shutting down and abandoning module MagicLeapMediaEditor (558)
[2019.11.17-19.14.39:839][181]LogModuleManager: Shutting down and abandoning module CharacterAI (556)
[2019.11.17-19.14.39:839][181]LogModuleManager: Shutting down and abandoning module SmartSnapping (554)
[2019.11.17-19.14.39:839][181]LogModuleManager: Shutting down and abandoning module SessionServices (552)
[2019.11.17-19.14.39:839][181]LogModuleManager: Shutting down and abandoning module MeshPaint (550)
[2019.11.17-19.14.39:839][181]LogModuleManager: Shutting down and abandoning module ViewportSnapping (548)
[2019.11.17-19.14.39:839][181]LogModuleManager: Shutting down and abandoning module ViewportInteraction (546)
[2019.11.17-19.14.39:839][181]LogModuleManager: Shutting down and abandoning module ClothPainter (544)
[2019.11.17-19.14.39:839][181]LogModuleManager: Shutting down and abandoning module SkeletalMeshEditor (543)
[2019.11.17-19.14.39:839][181]LogModuleManager: Shutting down and abandoning module LogVisualizer (540)
[2019.11.17-19.14.39:840][181]LogModuleManager: Shutting down and abandoning module IntroTutorials (538)
[2019.11.17-19.14.39:840][181]LogModuleManager: Shutting down and abandoning module GameProjectGeneration (537)
[2019.11.17-19.14.39:840][181]LogModuleManager: Shutting down and abandoning module LuminPlatformEditor (534)
[2019.11.17-19.14.39:840][181]LogModuleManager: Shutting down and abandoning module IOSPlatformEditor (532)
[2019.11.17-19.14.39:840][181]LogModuleManager: Shutting down and abandoning module HTML5PlatformEditor (530)
[2019.11.17-19.14.39:840][181]LogModuleManager: Shutting down and abandoning module AndroidPlatformEditor (528)
[2019.11.17-19.14.39:840][181]LogModuleManager: Shutting down and abandoning module AndroidDeviceDetection (527)
[2019.11.17-19.14.40:196][181]LogModuleManager: Shutting down and abandoning module WindowsPlatformEditor (524)
[2019.11.17-19.14.40:196][181]LogModuleManager: Shutting down and abandoning module LuminRuntimeSettings (522)
[2019.11.17-19.14.40:196][181]LogModuleManager: Shutting down and abandoning module IOSRuntimeSettings (520)
[2019.11.17-19.14.40:196][181]LogModuleManager: Shutting down and abandoning module AndroidRuntimeSettings (518)
[2019.11.17-19.14.40:196][181]LogModuleManager: Shutting down and abandoning module TimeManagementEditor (516)
[2019.11.17-19.14.40:196][181]LogModuleManager: Shutting down and abandoning module InputBindingEditor (514)
[2019.11.17-19.14.40:196][181]LogModuleManager: Shutting down and abandoning module MergeActors (512)
[2019.11.17-19.14.40:196][181]LogModuleManager: Shutting down and abandoning module LocalizationDashboard (510)
[2019.11.17-19.14.40:196][181]LogModuleManager: Shutting down and abandoning module LocalizationService (509)
[2019.11.17-19.14.40:196][181]LogModuleManager: Shutting down and abandoning module HardwareTargeting (506)
[2019.11.17-19.14.40:196][181]LogModuleManager: Shutting down and abandoning module DeviceProfileEditor (504)
[2019.11.17-19.14.40:196][181]LogModuleManager: Shutting down and abandoning module UndoHistory (502)
[2019.11.17-19.14.40:196][181]LogModuleManager: Shutting down and abandoning module XmlParser (500)
[2019.11.17-19.14.40:196][181]LogModuleManager: Shutting down and abandoning module Blutility (498)
[2019.11.17-19.14.40:196][181]LogModuleManager: Shutting down and abandoning module ProjectSettingsViewer (496)
[2019.11.17-19.14.40:197][181]LogModuleManager: Shutting down and abandoning module ProjectTargetPlatformEditor (495)
[2019.11.17-19.14.40:197][181]LogModuleManager: Shutting down and abandoning module EditorSettingsViewer (492)
[2019.11.17-19.14.40:197][181]LogModuleManager: Shutting down and abandoning module SettingsEditor (490)
[2019.11.17-19.14.40:197][181]LogModuleManager: Shutting down and abandoning module ProjectLauncher (488)
[2019.11.17-19.14.40:197][181]LogModuleManager: Shutting down and abandoning module SessionFrontend (486)
[2019.11.17-19.14.40:197][181]LogModuleManager: Shutting down and abandoning module ProfilerClient (484)
[2019.11.17-19.14.40:197][181]LogModuleManager: Shutting down and abandoning module DeviceManager (482)
[2019.11.17-19.14.40:197][181]LogModuleManager: Shutting down and abandoning module TargetDeviceServices (481)
[2019.11.17-19.14.40:242][181]LogModuleManager: Shutting down and abandoning module AutomationController (478)
[2019.11.17-19.14.40:242][181]LogModuleManager: Shutting down and abandoning module AutomationWindow (476)
[2019.11.17-19.14.40:242][181]LogModuleManager: Shutting down and abandoning module Layers (474)
[2019.11.17-19.14.40:242][181]LogModuleManager: Shutting down and abandoning module ComponentVisualizers (472)
[2019.11.17-19.14.40:242][181]LogModuleManager: Shutting down and abandoning module DetailCustomizations (470)
[2019.11.17-19.14.40:243][181]LogModuleManager: Shutting down and abandoning module PackagesDialog (468)
[2019.11.17-19.14.40:243][181]LogModuleManager: Shutting down and abandoning module AnimationBlueprintEditor (466)
[2019.11.17-19.14.40:243][181]LogModuleManager: Shutting down and abandoning module Persona (464)
[2019.11.17-19.14.40:243][181]LogModuleManager: Shutting down and abandoning module AdvancedPreviewScene (463)
[2019.11.17-19.14.40:243][181]LogModuleManager: Shutting down and abandoning module AnimGraph (461)
[2019.11.17-19.14.40:243][181]LogModuleManager: Shutting down and abandoning module Kismet (458)
[2019.11.17-19.14.40:250][181]LogModuleManager: Shutting down and abandoning module GraphEditor (456)
[2019.11.17-19.14.40:250][181]LogModuleManager: Shutting down and abandoning module ClassViewer (454)
[2019.11.17-19.14.40:250][181]LogModuleManager: Shutting down and abandoning module Toolbox (452)
[2019.11.17-19.14.40:250][181]LogModuleManager: Shutting down and abandoning module DesktopPlatform (451)
[2019.11.17-19.14.40:250][181]LogModuleManager: Shutting down and abandoning module ModuleUI (448)
[2019.11.17-19.14.40:250][181]LogModuleManager: Shutting down and abandoning module MovieSceneTools (446)
[2019.11.17-19.14.40:250][181]LogModuleManager: Shutting down and abandoning module OutputLog (444)
[2019.11.17-19.14.40:250][181]LogModuleManager: Shutting down and abandoning module GammaUI (442)
[2019.11.17-19.14.40:250][181]LogModuleManager: Shutting down and abandoning module Documentation (440)
[2019.11.17-19.14.40:250][181]LogModuleManager: Shutting down and abandoning module LiveCoding (438)
[2019.11.17-19.14.40:250][181]LogModuleManager: Shutting down and abandoning module LevelSequence (436)
[2019.11.17-19.14.40:250][181]LogModuleManager: Shutting down and abandoning module MovieSceneTracks (434)
[2019.11.17-19.14.40:250][181]LogModuleManager: Shutting down and abandoning module MovieScene (432)
[2019.11.17-19.14.40:250][181]LogModuleManager: Shutting down and abandoning module StreamingPauseRendering (430)
[2019.11.17-19.14.40:250][181]LogModuleManager: Shutting down and abandoning module LauncherPlatform (428)
[2019.11.17-19.14.40:250][181]LogModuleManager: Shutting down and abandoning module AnalyticsET (426)
[2019.11.17-19.14.40:250][181]LogModuleManager: Shutting down and abandoning module PortalServices (424)
[2019.11.17-19.14.40:250][181]LogModuleManager: Shutting down and abandoning module PortalRpc (422)
[2019.11.17-19.14.40:251][181]LogModuleManager: Shutting down and abandoning module MessagingRpc (420)
[2019.11.17-19.14.40:251][181]LogModuleManager: Shutting down and abandoning module AIModule (418)
[2019.11.17-19.14.40:251][181]LogModuleManager: Shutting down and abandoning module GameplayDebugger (417)
[2019.11.17-19.14.40:251][181]LogModuleManager: Shutting down and abandoning module AITestSuite (415)
[2019.11.17-19.14.40:251][181]LogModuleManager: Shutting down and abandoning module NavigationSystem (413)
[2019.11.17-19.14.40:251][181]LogModuleManager: Shutting down and abandoning module ImageWriteQueue (410)
[2019.11.17-19.14.40:259][181]LogModuleManager: Shutting down and abandoning module ProfilerService (408)
[2019.11.17-19.14.40:492][181]LogModuleManager: Shutting down and abandoning module TaskGraph (406)
[2019.11.17-19.14.40:493][181]LogModuleManager: Shutting down and abandoning module SteamVRController (404)
[2019.11.17-19.14.40:493][181]LogModuleManager: Shutting down and abandoning module ProceduralMeshComponentEditor (402)
[2019.11.17-19.14.40:493][181]LogModuleManager: Shutting down and abandoning module ProceduralMeshComponent (400)
[2019.11.17-19.14.40:493][181]LogModuleManager: Shutting down and abandoning module OculusEditor (398)
[2019.11.17-19.14.40:493][181]LogModuleManager: Shutting down and abandoning module OculusInput (396)
[2019.11.17-19.14.40:493][181]LogModuleManager: Shutting down and abandoning module MobilePatchingUtils (394)
[2019.11.17-19.14.40:493][181]LogModuleManager: Shutting down and abandoning module EditableMesh (392)
[2019.11.17-19.14.40:493][181]LogModuleManager: Shutting down and abandoning module CustomMeshComponent (390)
[2019.11.17-19.14.40:493][181]LogModuleManager: Shutting down and abandoning module CableComponent (388)
[2019.11.17-19.14.40:493][181]LogModuleManager: Shutting down and abandoning module AudioCapture (386)
[2019.11.17-19.14.40:493][181]LogModuleManager: Shutting down and abandoning module ArchVisCharacter (384)
[2019.11.17-19.14.40:493][181]LogModuleManager: Shutting down and abandoning module AndroidPermission (382)
[2019.11.17-19.14.40:493][181]LogModuleManager: Shutting down and abandoning module NUTUnrealEngine4 (380)
[2019.11.17-19.14.40:493][181]LogModuleManager: Shutting down and abandoning module NetcodeUnitTest (378)
[2019.11.17-19.14.40:493][181]LogModuleManager: Shutting down and abandoning module MediaCompositing (376)
[2019.11.17-19.14.40:493][181]LogModuleManager: Shutting down and abandoning module LinearTimecode (374)
[2019.11.17-19.14.40:493][181]LogModuleManager: Shutting down and abandoning module ImgMedia (372)
[2019.11.17-19.14.40:493][181]LogModuleManager: Shutting down and abandoning module MagicLeapHelperVulkan (370)
[2019.11.17-19.14.40:493][181]LogModuleManager: Shutting down and abandoning module MagicLeapHelperOpenGL (368)
[2019.11.17-19.14.40:493][181]LogModuleManager: Shutting down and abandoning module MagicLeapAudio (366)
[2019.11.17-19.14.40:494][181]LogModuleManager: Shutting down and abandoning module HTML5Networking (364)
[2019.11.17-19.14.40:494][181]LogModuleManager: Shutting down and abandoning module GeometryCacheTracks (362)
[2019.11.17-19.14.40:494][181]LogModuleManager: Shutting down and abandoning module GeometryCacheSequencer (360)
[2019.11.17-19.14.40:494][181]LogModuleManager: Shutting down and abandoning module BackChannel (358)
[2019.11.17-19.14.40:494][181]LogModuleManager: Shutting down and abandoning module AppleVision (356)
[2019.11.17-19.14.40:494][181]LogModuleManager: Shutting down and abandoning module AppleImageUtilsBlueprintSupport (354)
[2019.11.17-19.14.40:494][181]LogModuleManager: Shutting down and abandoning module AppleImageUtils (352)
[2019.11.17-19.14.40:494][181]LogModuleManager: Shutting down and abandoning module AlembicImporter (350)
[2019.11.17-19.14.40:494][181]LogModuleManager: Shutting down and abandoning module AlembicLibrary (349)
[2019.11.17-19.14.40:494][181]LogModuleManager: Shutting down and abandoning module GeometryCache (348)
[2019.11.17-19.14.40:494][181]LogModuleManager: Shutting down and abandoning module GeometryCacheEd (347)
[2019.11.17-19.14.40:494][181]LogModuleManager: Shutting down and abandoning module VariantManagerContent (342)
[2019.11.17-19.14.40:494][181]LogModuleManager: Shutting down and abandoning module DatasmithContentEditor (340)
[2019.11.17-19.14.40:494][181]LogModuleManager: Shutting down and abandoning module SpeedTreeImporter (338)
[2019.11.17-19.14.40:494][181]LogModuleManager: Shutting down and abandoning module PluginBrowser (336)
[2019.11.17-19.14.40:494][181]LogModuleManager: Shutting down and abandoning module MobileLauncherProfileWizard (334)
[2019.11.17-19.14.40:494][181]LogModuleManager: Shutting down and abandoning module MaterialAnalyzer (332)
[2019.11.17-19.14.40:494][181]LogModuleManager: Shutting down and abandoning module CryptoKeysOpenSSL (330)
[2019.11.17-19.14.40:494][181]LogModuleManager: Shutting down and abandoning module CryptoKeys (328)
[2019.11.17-19.14.40:494][181]LogModuleManager: Shutting down and abandoning module VisualStudioSourceCodeAccess (326)
[2019.11.17-19.14.40:494][181]LogModuleManager: Shutting down and abandoning module VisualStudioCodeSourceCodeAccess (324)
[2019.11.17-19.14.40:494][181]LogModuleManager: Shutting down and abandoning module UObjectPlugin (322)
[2019.11.17-19.14.40:495][181]LogModuleManager: Shutting down and abandoning module SubversionSourceControl (320)
[2019.11.17-19.14.40:495][181]LogModuleManager: Shutting down and abandoning module PerforceSourceControl (318)
[2019.11.17-19.14.40:495][181]LogModuleManager: Shutting down and abandoning module GitSourceControl (316)
[2019.11.17-19.14.40:495][181]LogModuleManager: Shutting down and abandoning module SourceControl (315)
[2019.11.17-19.14.40:495][181]LogModuleManager: Shutting down and abandoning module CLionSourceCodeAccess (312)
[2019.11.17-19.14.40:495][181]LogModuleManager: Shutting down and abandoning module AnimationSharingEd (310)
[2019.11.17-19.14.40:495][181]LogModuleManager: Shutting down and abandoning module ActorLayerUtilitiesEditor (308)
[2019.11.17-19.14.40:495][181]LogModuleManager: Shutting down and abandoning module ActorLayerUtilities (306)
[2019.11.17-19.14.40:495][181]LogModuleManager: Shutting down and abandoning module LightPropagationVolumeEditor (304)
[2019.11.17-19.14.40:495][181]LogModuleManager: Shutting down and abandoning module PaperTiledImporter (302)
[2019.11.17-19.14.40:495][181]LogModuleManager: Shutting down and abandoning module PaperSpriteSheetImporter (300)
[2019.11.17-19.14.40:495][181]LogModuleManager: Shutting down and abandoning module Paper2DEditor (298)
[2019.11.17-19.14.40:495][181]LogModuleManager: Shutting down and abandoning module PathFinding (296)
[2019.11.17-19.14.40:495][181]LogModuleManager: Shutting down and abandoning module SignificanceManager (294)
[2019.11.17-19.14.40:495][181]LogModuleManager: Shutting down and abandoning module RuntimePhysXCooking (292)
[2019.11.17-19.14.40:495][181]LogModuleManager: Shutting down and abandoning module PhysXVehiclesEditor (290)
[2019.11.17-19.14.40:495][181]LogModuleManager: Shutting down and abandoning module PhysXVehicles (288)
[2019.11.17-19.14.40:495][181]LogModuleManager: Shutting down and abandoning module LocationServicesBPLibrary (286)
[2019.11.17-19.14.40:495][181]LogModuleManager: Shutting down and abandoning module ActorSequence (284)
[2019.11.17-19.14.40:495][181]LogModuleManager: Shutting down and abandoning module UdpMessaging (282)
[2019.11.17-19.14.40:597][181]LogModuleManager: Shutting down and abandoning module TcpMessaging (280)
[2019.11.17-19.14.40:697][181]LogModuleManager: Shutting down and abandoning module MagicLeapIdentity (278)
[2019.11.17-19.14.40:697][181]LogModuleManager: Shutting down and abandoning module MagicLeapSecureStorage (276)
[2019.11.17-19.14.40:697][181]LogModuleManager: Shutting down and abandoning module MagicLeapHandTracking (274)
[2019.11.17-19.14.40:697][181]LogModuleManager: Shutting down and abandoning module MagicLeapEyeTracker (272)
[2019.11.17-19.14.40:697][181]LogModuleManager: Shutting down and abandoning module MagicLeapController (270)
[2019.11.17-19.14.40:697][181]LogSlate: Slate User Destroyed.  User Index 0, Is Virtual User: 0
[2019.11.17-19.14.40:697][181]LogModuleManager: Shutting down and abandoning module MagicLeapAR (268)
[2019.11.17-19.14.40:697][181]LogModuleManager: Shutting down and abandoning module AugmentedReality (267)
[2019.11.17-19.14.40:697][181]LogModuleManager: Shutting down and abandoning module GameplayTagsEditor (264)
[2019.11.17-19.14.40:697][181]LogModuleManager: Shutting down and abandoning module FacialAnimationEditor (262)
[2019.11.17-19.14.40:697][181]LogModuleManager: Shutting down and abandoning module FacialAnimation (260)
[2019.11.17-19.14.40:697][181]LogModuleManager: Shutting down and abandoning module DataValidation (258)
[2019.11.17-19.14.40:697][181]LogModuleManager: Shutting down and abandoning module AssetManagerEditor (256)
[2019.11.17-19.14.40:698][181]LogModuleManager: Shutting down and abandoning module LevelEditor (255)
[2019.11.17-19.14.40:700][181]LogModuleManager: Shutting down and abandoning module PixelInspectorModule (254)
[2019.11.17-19.14.40:700][181]LogModuleManager: Shutting down and abandoning module CommonMenuExtensions (252)
[2019.11.17-19.14.40:700][181]LogModuleManager: Shutting down and abandoning module MainFrame (250)
[2019.11.17-19.14.40:700][181]LogModuleManager: Shutting down and abandoning module HotReload (249)
[2019.11.17-19.14.40:701][181]LogModuleManager: Shutting down and abandoning module ContentBrowser (245)
[2019.11.17-19.14.40:703][181]LogModuleManager: Shutting down and abandoning module TreeMap (243)
[2019.11.17-19.14.40:703][181]LogModuleManager: Shutting down and abandoning module AnimationSharing (240)
[2019.11.17-19.14.40:703][181]LogModuleManager: Shutting down and abandoning module LightPropagationVolumeRuntime (238)
[2019.11.17-19.14.40:703][181]LogModuleManager: Shutting down and abandoning module AISupportModule (236)
[2019.11.17-19.14.40:703][181]LogModuleManager: Shutting down and abandoning module Paper2D (234)
[2019.11.17-19.14.40:703][181]LogModuleManager: Shutting down and abandoning module WindowsMoviePlayer (232)
[2019.11.17-19.14.40:703][181]LogModuleManager: Shutting down and abandoning module WebMMoviePlayer (230)
[2019.11.17-19.14.40:703][181]LogModuleManager: Shutting down and abandoning module PacketHandler (228)
[2019.11.17-19.14.40:703][181]LogModuleManager: Shutting down and abandoning module ClothingSystemEditor (226)
[2019.11.17-19.14.40:703][181]LogModuleManager: Shutting down and abandoning module ClothingSystemRuntime (224)
[2019.11.17-19.14.40:703][181]LogModuleManager: Shutting down and abandoning module MediaAssets (222)
[2019.11.17-19.14.40:703][181]LogModuleManager: Shutting down and abandoning module Overlay (220)
[2019.11.17-19.14.40:703][181]LogModuleManager: Shutting down and abandoning module OverlayEditor (219)
[2019.11.17-19.14.40:703][181]LogModuleManager: Shutting down and abandoning module VREditor (216)
[2019.11.17-19.14.40:704][181]LogModuleManager: Shutting down and abandoning module StringTableEditor (214)
[2019.11.17-19.14.40:704][181]LogModuleManager: Shutting down and abandoning module GameplayTasksEditor (212)
[2019.11.17-19.14.40:704][181]LogModuleManager: Shutting down and abandoning module BehaviorTreeEditor (210)
[2019.11.17-19.14.40:704][181]LogModuleManager: Shutting down and abandoning module FunctionalTesting (208)
[2019.11.17-19.14.40:704][181]LogModuleManager: Shutting down and abandoning module CollisionAnalyzer (206)
[2019.11.17-19.14.40:704][181]LogModuleManager: Shutting down and abandoning module WorkspaceMenuStructure (205)
[2019.11.17-19.14.40:704][181]LogModuleManager: Shutting down and abandoning module UMG (202)
[2019.11.17-19.14.40:704][181]LogModuleManager: Shutting down and abandoning module UMGEditor (201)
[2019.11.17-19.14.40:704][181]LogModuleManager: Shutting down and abandoning module Sequencer (200)
[2019.11.17-19.14.40:704][181]LogModuleManager: Shutting down and abandoning module MessageLog (197)
[2019.11.17-19.14.40:704][181]LogModuleManager: Shutting down and abandoning module SlateReflector (192)
[2019.11.17-19.14.40:704][181]LogModuleManager: Shutting down and abandoning module Slate (190)
[2019.11.17-19.14.40:704][181]LogModuleManager: Shutting down and abandoning module EditorStyle (188)
[2019.11.17-19.14.40:708][181]LogModuleManager: Shutting down and abandoning module UnrealEd (186)
[2019.11.17-19.14.40:708][181]LogModuleManager: Shutting down and abandoning module MRMesh (184)
[2019.11.17-19.14.40:708][181]LogModuleManager: Shutting down and abandoning module SourceCodeAccess (182)
[2019.11.17-19.14.40:708][181]LogModuleManager: Shutting down and abandoning module HeadMountedDisplay (180)
[2019.11.17-19.14.40:708][181]LogModuleManager: Shutting down and abandoning module XAudio2 (178)
[2019.11.17-19.14.40:708][181]LogModuleManager: Shutting down and abandoning module Networking (176)
[2019.11.17-19.14.40:708][181]LogModuleManager: Shutting down and abandoning module Core (174)
[2019.11.17-19.14.40:708][181]LogModuleManager: Shutting down and abandoning module KismetCompiler (172)
[2019.11.17-19.14.40:708][181]LogModuleManager: Shutting down and abandoning module MeshUtilities (170)
[2019.11.17-19.14.40:708][181]LogModuleManager: Shutting down and abandoning module MeshMergeUtilities (169)
[2019.11.17-19.14.40:709][181]LogModuleManager: Shutting down and abandoning module MeshReductionInterface (168)
[2019.11.17-19.14.40:709][181]LogModuleManager: Shutting down and abandoning module SkeletalMeshReduction (167)
[2019.11.17-19.14.40:709][181]LogModuleManager: Shutting down and abandoning module ProxyLODMeshReduction (165)
[2019.11.17-19.14.40:709][181]LogModuleManager: Shutting down and abandoning module QuadricMeshReduction (163)
[2019.11.17-19.14.40:709][181]LogModuleManager: Shutting down and abandoning module MaterialBaking (159)
[2019.11.17-19.14.40:709][181]LogModuleManager: Shutting down and abandoning module DerivedDataCache (154)
[2019.11.17-19.14.40:739][181]LogDerivedDataCache: Shutdown
[2019.11.17-19.14.40:739][181]LogModuleManager: Shutting down and abandoning module XGEController (152)
[2019.11.17-19.14.40:739][181]LogModuleManager: Shutting down and abandoning module TargetPlatform (150)
[2019.11.17-19.14.40:739][181]LogModuleManager: Shutting down and abandoning module VulkanShaderFormat (149)
[2019.11.17-19.14.40:740][181]LogModuleManager: Shutting down and abandoning module ShaderFormatVectorVM (147)
[2019.11.17-19.14.40:740][181]LogModuleManager: Shutting down and abandoning module ShaderFormatOpenGL (145)
[2019.11.17-19.14.40:740][181]LogModuleManager: Shutting down and abandoning module ShaderFormatD3D (143)
[2019.11.17-19.14.40:740][181]LogModuleManager: Shutting down and abandoning module MetalShaderFormat (141)
[2019.11.17-19.14.40:740][181]LogModuleManager: Shutting down and abandoning module TextureFormatUncompressed (139)
[2019.11.17-19.14.40:740][181]LogModuleManager: Shutting down and abandoning module TextureFormatPVR (137)
[2019.11.17-19.14.40:740][181]LogModuleManager: Shutting down and abandoning module TextureFormatDXT (135)
[2019.11.17-19.14.40:740][181]LogModuleManager: Shutting down and abandoning module TextureFormatIntelISPCTexComp (133)
[2019.11.17-19.14.40:740][181]LogModuleManager: Shutting down and abandoning module TextureFormatASTC (131)
[2019.11.17-19.14.40:740][181]LogModuleManager: Shutting down and abandoning module ImageWrapper (130)
[2019.11.17-19.14.40:740][181]LogModuleManager: Shutting down and abandoning module TextureFormatAndroid (127)
[2019.11.17-19.14.40:740][181]LogModuleManager: Shutting down and abandoning module AudioFormatOpus (125)
[2019.11.17-19.14.40:740][181]LogModuleManager: Shutting down and abandoning module AudioFormatOgg (123)
[2019.11.17-19.14.40:740][181]LogModuleManager: Shutting down and abandoning module AudioFormatADPCM (121)
[2019.11.17-19.14.40:740][181]LogModuleManager: Shutting down and abandoning module LuminTargetPlatform (119)
[2019.11.17-19.14.40:752][181]LogModuleManager: Shutting down and abandoning module LinuxTargetPlatform (117)
[2019.11.17-19.14.40:752][181]LogModuleManager: Shutting down and abandoning module LinuxServerTargetPlatform (115)
[2019.11.17-19.14.40:752][181]LogModuleManager: Shutting down and abandoning module LinuxNoEditorTargetPlatform (113)
[2019.11.17-19.14.40:753][181]LogModuleManager: Shutting down and abandoning module LinuxClientTargetPlatform (111)
[2019.11.17-19.14.40:753][181]LogModuleManager: Shutting down and abandoning module TVOSTargetPlatform (109)
[2019.11.17-19.14.40:758][181]LogModuleManager: Shutting down and abandoning module Messaging (107)
[2019.11.17-19.14.40:759][181]LogModuleManager: Shutting down and abandoning module IOSTargetPlatform (105)
[2019.11.17-19.14.40:764][181]LogModuleManager: Shutting down and abandoning module HTML5TargetPlatform (103)
[2019.11.17-19.14.40:764][181]LogModuleManager: Shutting down and abandoning module AndroidTargetPlatform (101)
[2019.11.17-19.14.40:803][181]LogModuleManager: Shutting down and abandoning module WindowsTargetPlatform (99)
[2019.11.17-19.14.40:803][181]LogModuleManager: Shutting down and abandoning module WindowsServerTargetPlatform (97)
[2019.11.17-19.14.40:803][181]LogModuleManager: Shutting down and abandoning module WindowsNoEditorTargetPlatform (95)
[2019.11.17-19.14.40:804][181]LogModuleManager: Shutting down and abandoning module WindowsClientTargetPlatform (93)
[2019.11.17-19.14.40:804][181]LogModuleManager: Shutting down and abandoning module MacTargetPlatform (91)
[2019.11.17-19.14.40:804][181]LogModuleManager: Shutting down and abandoning module MacServerTargetPlatform (89)
[2019.11.17-19.14.40:804][181]LogModuleManager: Shutting down and abandoning module MacNoEditorTargetPlatform (87)
[2019.11.17-19.14.40:804][181]LogModuleManager: Shutting down and abandoning module MacClientTargetPlatform (85)
[2019.11.17-19.14.40:804][181]LogModuleManager: Shutting down and abandoning module AllDesktopTargetPlatform (83)
[2019.11.17-19.14.40:804][181]LogModuleManager: Shutting down and abandoning module InputCore (80)
[2019.11.17-19.14.40:804][181]LogModuleManager: Shutting down and abandoning module Settings (78)
[2019.11.17-19.14.40:804][181]LogModuleManager: Shutting down and abandoning module DirectoryWatcher (76)
[2019.11.17-19.14.40:805][181]LogModuleManager: Shutting down and abandoning module PhysXCooking (74)
[2019.11.17-19.14.40:805][181]LogModuleManager: Shutting down and abandoning module SteamVR (72)
[2019.11.17-19.14.40:805][181]LogHMD: Freeing OpenVRDLLHandle.
[2019.11.17-19.14.40:805][181]LogModuleManager: Shutting down and abandoning module OculusHMD (70)
[2019.11.17-19.14.40:805][181]LogModuleManager: Shutting down and abandoning module ExampleDeviceProfileSelector (68)
[2019.11.17-19.14.40:805][181]LogModuleManager: Shutting down and abandoning module LauncherChunkInstaller (66)
[2019.11.17-19.14.40:805][181]LogModuleManager: Shutting down and abandoning module OnlineBlueprintSupport (64)
[2019.11.17-19.14.40:805][181]LogModuleManager: Shutting down and abandoning module OnlineSubsystem (60)
[2019.11.17-19.14.40:807][181]LogModuleManager: Shutting down and abandoning module XMPP (55)
[2019.11.17-19.14.40:807][181]LogModuleManager: Shutting down and abandoning module WebSockets (54)
[2019.11.17-19.14.40:829][181]LogModuleManager: Shutting down and abandoning module HTTP (51)
[2019.11.17-19.14.40:829][181]LogHttp: Display: Http module shutting down, but needs to wait on 1 outstanding Http requests:
[2019.11.17-19.14.40:829][181]LogHttp: Display: 	verb=[POST] url=[https://datarouter.ol.epicgames.com/datarouter/api/v1/public/data?SessionID=%7B8E2DB70C-48BB-40CE-C089-59AE8BEB9235%7D&AppID=UEEditor.Rocket.Release&AppVersion=4.22.3-7053642%2B%2B%2BUE4%2BRelease-4.22&UserID=176ce4b847ce9b0fcccd31b2fa40b8d3%7C2a53474d88bd4165a7b97075ad92c843%7Cb6ec0de9-b28c-47b9-82bd-9e933e1142fd&AppEnvironment=datacollector-binary&UploadType=eteventstream] status=Processing
[2019.11.17-19.14.40:840][181]LogModuleManager: Shutting down and abandoning module SSL (50)
[2019.11.17-19.14.40:843][181]LogModuleManager: Shutting down and abandoning module WmfMedia (46)
[2019.11.17-19.14.40:846][181]LogModuleManager: Shutting down and abandoning module Media (45)
[2019.11.17-19.14.40:853][181]LogModuleManager: Shutting down and abandoning module MagicLeap (42)
[2019.11.17-19.14.40:853][181]LogModuleManager: Shutting down and abandoning module DatasmithContent (40)
[2019.11.17-19.14.40:854][181]LogModuleManager: Shutting down and abandoning module AnimationModifiers (38)
[2019.11.17-19.14.40:854][181]LogModuleManager: Shutting down and abandoning module PropertyEditor (37)
[2019.11.17-19.14.40:854][181]LogModuleManager: Shutting down and abandoning module AudioEditor (34)
[2019.11.17-19.14.40:854][181]LogModuleManager: Shutting down and abandoning module TextureCompressor (32)
[2019.11.17-19.14.40:855][181]LogModuleManager: Shutting down and abandoning module RenderCore (30)
[2019.11.17-19.14.40:855][181]LogModuleManager: Shutting down and abandoning module Landscape (28)
[2019.11.17-19.14.40:855][181]LogModuleManager: Shutting down and abandoning module SlateRHIRenderer (26)
[2019.11.17-19.14.40:855][181]LogModuleManager: Shutting down and abandoning module OpenGLDrv (24)
[2019.11.17-19.14.40:856][181]LogModuleManager: Shutting down and abandoning module D3D11RHI (22)
[2019.11.17-19.14.40:856][181]LogModuleManager: Shutting down and abandoning module AnimGraphRuntime (20)
[2019.11.17-19.14.40:856][181]LogModuleManager: Shutting down and abandoning module Renderer (18)
[2019.11.17-19.14.40:856][181]LogModuleManager: Shutting down and abandoning module Engine (16)
[2019.11.17-19.14.40:856][181]LogModuleManager: Shutting down and abandoning module CoreUObject (14)
[2019.11.17-19.14.40:856][181]LogModuleManager: Shutting down and abandoning module NetworkFile (12)
[2019.11.17-19.14.40:856][181]LogModuleManager: Shutting down and abandoning module CookedIterativeFile (10)
[2019.11.17-19.14.40:856][181]LogModuleManager: Shutting down and abandoning module StreamingFile (8)
[2019.11.17-19.14.40:856][181]LogModuleManager: Shutting down and abandoning module SandboxFile (6)
[2019.11.17-19.14.40:856][181]LogModuleManager: Shutting down and abandoning module PakFile (4)
[2019.11.17-19.14.40:856][181]LogModuleManager: Shutting down and abandoning module RSA (3)
[2019.11.17-19.14.40:868][181]LogExit: Exiting.
[2019.11.17-19.14.40:913][181]Log file closed, 11/17/19 14:14:40
