Log file open, 10/21/19 10:40:44
LogWindows: Failed to load 'aqProf.dll' (GetLastError=126)
LogWindows: File 'aqProf.dll' does not exist
LogWindows: Failed to load 'VtuneApi.dll' (GetLastError=126)
LogWindows: File 'VtuneApi.dll' does not exist
LogWindows: Failed to load 'VtuneApi32e.dll' (GetLastError=126)
LogWindows: File 'VtuneApi32e.dll' does not exist
LogConsoleResponse: Display: Failed to find resolution value strings in scalability ini. Falling back to default.
LogInit: Display: Running engine for game: PathFinding
LogPakFile: Registered encryption key '00000000000000000000000000000000': 0 pak files mounted, 0 remain pending
LogPlatformFile: Not using cached read wrapper
LogTaskGraph: Started task graph with 5 named threads and 23 total threads with 3 sets of task threads.
LogStats: Stats thread started at 0.276095
LogD3D11RHI: Loaded GFSDK_Aftermath_Lib.x64.dll
LogICUInternationalization: ICU TimeZone Detection - Raw Offset: -5:00, Platform Override: ''
LogPluginManager: Mounting plugin Paper2D
LogPluginManager: Mounting plugin AISupport
LogPluginManager: Mounting plugin LightPropagationVolume
LogPluginManager: Mounting plugin ActorLayerUtilities
LogPluginManager: Mounting plugin AnimationSharing
LogPluginManager: Mounting plugin CLionSourceCodeAccess
LogPluginManager: Mounting plugin CodeLiteSourceCodeAccess
LogPluginManager: Mounting plugin GitSourceControl
LogPluginManager: Mounting plugin KDevelopSourceCodeAccess
LogPluginManager: Mounting plugin NullSourceCodeAccess
LogPluginManager: Mounting plugin PerforceSourceControl
LogPluginManager: Mounting plugin SubversionSourceControl
LogPluginManager: Mounting plugin UObjectPlugin
LogPluginManager: Mounting plugin VisualStudioCodeSourceCodeAccess
LogPluginManager: Mounting plugin VisualStudioSourceCodeAccess
LogPluginManager: Mounting plugin XCodeSourceCodeAccess
LogPluginManager: Mounting plugin AssetManagerEditor
LogPluginManager: Mounting plugin CryptoKeys
LogPluginManager: Mounting plugin DataValidation
LogPluginManager: Mounting plugin FacialAnimation
LogPluginManager: Mounting plugin GameplayTagsEditor
LogPluginManager: Mounting plugin MacGraphicsSwitching
LogPluginManager: Mounting plugin MaterialAnalyzer
LogPluginManager: Mounting plugin MobileLauncherProfileWizard
LogPluginManager: Mounting plugin PluginBrowser
LogPluginManager: Mounting plugin SpeedTreeImporter
LogPluginManager: Mounting plugin DatasmithContent
LogPluginManager: Mounting plugin VariantManagerContent
LogPluginManager: Mounting plugin AlembicImporter
LogPluginManager: Mounting plugin AppleImageUtils
LogPluginManager: Mounting plugin AppleVision
LogPluginManager: Mounting plugin BackChannel
LogPluginManager: Mounting plugin CharacterAI
LogPluginManager: Mounting plugin GeometryCache
LogPluginManager: Mounting plugin HTML5Networking
LogPluginManager: Mounting plugin ProxyLODPlugin
LogPluginManager: Mounting plugin SkeletalReduction
LogPluginManager: Mounting plugin MagicLeap
LogPluginManager: Mounting plugin MagicLeapMedia
LogPluginManager: Mounting plugin AndroidMedia
LogPluginManager: Mounting plugin AvfMedia
LogPluginManager: Mounting plugin ImgMedia
LogPluginManager: Mounting plugin LinearTimecode
LogPluginManager: Mounting plugin MediaCompositing
LogPluginManager: Mounting plugin MediaPlayerEditor
LogPluginManager: Mounting plugin WebMMedia
LogPluginManager: Mounting plugin WmfMedia
LogPluginManager: Mounting plugin TcpMessaging
LogPluginManager: Mounting plugin UdpMessaging
LogPluginManager: Mounting plugin ActorSequence
LogPluginManager: Mounting plugin LevelSequenceEditor
LogPluginManager: Mounting plugin MatineeToLevelSequence
LogPluginManager: Mounting plugin NetcodeUnitTest
LogPluginManager: Mounting plugin NUTUnrealEngine4
LogPluginManager: Mounting plugin OnlineSubsystemGooglePlay
LogPluginManager: Mounting plugin OnlineSubsystemIOS
LogPluginManager: Mounting plugin OnlineSubsystem
LogPluginManager: Mounting plugin OnlineSubsystemNull
LogPluginManager: Mounting plugin OnlineSubsystemUtils
LogPluginManager: Mounting plugin LauncherChunkInstaller
LogPluginManager: Mounting plugin AndroidDeviceProfileSelector
LogPluginManager: Mounting plugin AndroidMoviePlayer
LogPluginManager: Mounting plugin AndroidPermission
LogPluginManager: Mounting plugin AppleMoviePlayer
LogPluginManager: Mounting plugin ArchVisCharacter
LogPluginManager: Mounting plugin AudioCapture
LogPluginManager: Mounting plugin CableComponent
LogPluginManager: Mounting plugin CustomMeshComponent
LogPluginManager: Mounting plugin EditableMesh
LogPluginManager: Mounting plugin ExampleDeviceProfileSelector
LogPluginManager: Mounting plugin Firebase
LogPluginManager: Mounting plugin GoogleCloudMessaging
LogPluginManager: Mounting plugin IOSDeviceProfileSelector
LogPluginManager: Mounting plugin LinuxDeviceProfileSelector
LogPluginManager: Mounting plugin LocationServicesBPLibrary
LogPluginManager: Mounting plugin MobilePatchingUtils
LogPluginManager: Mounting plugin OculusVR
LogPluginManager: Mounting plugin PhysXVehicles
LogPluginManager: Mounting plugin ProceduralMeshComponent
LogPluginManager: Mounting plugin RuntimePhysXCooking
LogPluginManager: Mounting plugin SignificanceManager
LogPluginManager: Mounting plugin SteamVR
LogPluginManager: Mounting plugin WebMMoviePlayer
LogPluginManager: Mounting plugin WindowsMoviePlayer
LogInit: Using libcurl 7.55.1-DEV
LogInit:  - built for x86_64-pc-win32
LogInit:  - supports SSL with OpenSSL/1.1.1
LogInit:  - supports HTTP deflate (compression) using libz 1.2.8
LogInit:  - other features:
LogInit:      CURL_VERSION_SSL
LogInit:      CURL_VERSION_LIBZ
LogInit:      CURL_VERSION_IPV6
LogInit:      CURL_VERSION_ASYNCHDNS
LogInit:      CURL_VERSION_LARGEFILE
LogInit:      CURL_VERSION_IDN
LogInit:  CurlRequestOptions (configurable via config and command line):
LogInit:  - bVerifyPeer = true  - Libcurl will verify peer certificate
LogInit:  - bUseHttpProxy = false  - Libcurl will NOT use HTTP proxy
LogInit:  - bDontReuseConnections = false  - Libcurl will reuse connections
LogInit:  - MaxHostConnections = 16  - Libcurl will limit the number of connections to a host
LogInit:  - LocalHostAddr = Default
LogInit:  - BufferSize = 65536
LogInit: WinSock: version 1.1 (2.2), MaxSocks=32767, MaxUdp=65467
LogInit: Build: ++UE4+Release-4.22-CL-7053642
LogInit: Engine Version: 4.22.3-7053642+++UE4+Release-4.22
LogInit: Compatible Engine Version: 4.22.0-5660361+++UE4+Release-4.22
LogInit: Net CL: 5660361
LogInit: OS: Windows 10 (Release 1903) (), CPU: Intel(R) Core(TM) i7-7700HQ CPU @ 2.80GHz, GPU: Intel(R) HD Graphics 630
LogInit: Compiled (64-bit): Jun 18 2019 03:09:11
LogInit: Compiled with Visual C++: 19.16.27025.01
LogInit: Build Configuration: Development
LogInit: Branch Name: ++UE4+Release-4.22
LogInit: Command Line: 
LogInit: Base Directory: D:/Unreal/UE_4.22/Engine/Binaries/Win64/
LogInit: Installed Engine Build: 1
LogDevObjectVersion: Number of dev versions registered: 23
LogDevObjectVersion:   Dev-Blueprints (B0D832E4-1F89-4F0D-ACCF-7EB736FD4AA2): 10
LogDevObjectVersion:   Dev-Build (E1C64328-A22C-4D53-A36C-8E866417BD8C): 0
LogDevObjectVersion:   Dev-Core (375EC13C-06E4-48FB-B500-84F0262A717E): 3
LogDevObjectVersion:   Dev-Editor (E4B068ED-F494-42E9-A231-DA0B2E46BB41): 30
LogDevObjectVersion:   Dev-Framework (CFFC743F-43B0-4480-9391-14DF171D2073): 35
LogDevObjectVersion:   Dev-Mobile (B02B49B5-BB20-44E9-A304-32B752E40360): 2
LogDevObjectVersion:   Dev-Networking (A4E4105C-59A1-49B5-A7C5-40C4547EDFEE): 0
LogDevObjectVersion:   Dev-Online (39C831C9-5AE6-47DC-9A44-9C173E1C8E7C): 0
LogDevObjectVersion:   Dev-Physics (78F01B33-EBEA-4F98-B9B4-84EACCB95AA2): 0
LogDevObjectVersion:   Dev-Platform (6631380F-2D4D-43E0-8009-CF276956A95A): 0
LogDevObjectVersion:   Dev-Rendering (12F88B9F-8875-4AFC-A67C-D90C383ABD29): 28
LogDevObjectVersion:   Dev-Sequencer (7B5AE74C-D270-4C10-A958-57980B212A5A): 11
LogDevObjectVersion:   Dev-VR (D7296918-1DD6-4BDD-9DE2-64A83CC13884): 2
LogDevObjectVersion:   Dev-LoadTimes (C2A15278-BFE7-4AFE-6C17-90FF531DF755): 1
LogDevObjectVersion:   Private-Geometry (6EACA3D4-40EC-4CC1-B786-8BED09428FC5): 3
LogDevObjectVersion:   Dev-AnimPhys (29E575DD-E0A3-4627-9D10-D276232CDCEA): 17
LogDevObjectVersion:   Dev-Anim (AF43A65D-7FD3-4947-9873-3E8ED9C1BB05): 2
LogDevObjectVersion:   Dev-ReflectionCapture (6B266CEC-1EC7-4B8F-A30B-E4D90942FC07): 1
LogDevObjectVersion:   Dev-Automation (0DF73D61-A23F-47EA-B727-89E90C41499A): 1
LogDevObjectVersion:   FortniteMain (601D1886-AC64-4F84-AA16-D3DE0DEAC7D6): 25
LogDevObjectVersion:   Dev-Enterprise (9DFFBCD6-494F-0158-E221-12823C92A888): 6
LogDevObjectVersion:   Dev-Niagara (F2AED0AC-9AFE-416F-8664-AA7FFA26D6FC): 1
LogDevObjectVersion:   Dev-Destruction (174F1F0B-B4C6-45A5-B13F-2EE8D0FB917D): 2
LogInit: Presizing for max 16777216 objects, including 0 objects not considered by GC, pre-allocating 0 bytes for permanent pool.
LogInit: Object subsystem initialized
LogConfig: Setting CVar [[con.DebugEarlyDefault:1]]
LogConfig: Setting CVar [[r.setres:1280x720]]
[2019.10.21-14.40.44:870][  0]LogConfig: Setting CVar [[r.VSync:0]]
[2019.10.21-14.40.44:870][  0]LogConfig: Setting CVar [[r.RHICmdBypass:0]]
[2019.10.21-14.40.44:870][  0]LogConfig: Applying CVar settings from Section [/Script/Engine.RendererSettings] File [D:/Repos/GameAI/PathfindingLab/Saved/Config/Windows/Engine.ini]
[2019.10.21-14.40.44:870][  0]LogConfig: Setting CVar [[r.GPUCrashDebugging:0]]
[2019.10.21-14.40.44:870][  0]LogConfig: Setting CVar [[r.DefaultFeature.AutoExposure.ExtendDefaultLuminanceRange:1]]
[2019.10.21-14.40.44:870][  0]LogConfig: Applying CVar settings from Section [/Script/Engine.RendererOverrideSettings] File [D:/Repos/GameAI/PathfindingLab/Saved/Config/Windows/Engine.ini]
[2019.10.21-14.40.44:870][  0]LogConfig: Applying CVar settings from Section [/Script/Engine.StreamingSettings] File [D:/Repos/GameAI/PathfindingLab/Saved/Config/Windows/Engine.ini]
[2019.10.21-14.40.44:870][  0]LogConfig: Setting CVar [[s.MinBulkDataSizeForAsyncLoading:131072]]
[2019.10.21-14.40.44:871][  0]LogConfig: Setting CVar [[s.AsyncLoadingThreadEnabled:0]]
[2019.10.21-14.40.44:871][  0]LogConfig: Setting CVar [[s.EventDrivenLoaderEnabled:1]]
[2019.10.21-14.40.44:871][  0]LogConfig: Setting CVar [[s.WarnIfTimeLimitExceeded:0]]
[2019.10.21-14.40.44:871][  0]LogConfig: Setting CVar [[s.TimeLimitExceededMultiplier:1.5]]
[2019.10.21-14.40.44:871][  0]LogConfig: Setting CVar [[s.TimeLimitExceededMinTime:0.005]]
[2019.10.21-14.40.44:871][  0]LogConfig: Setting CVar [[s.UseBackgroundLevelStreaming:1]]
[2019.10.21-14.40.44:871][  0]LogConfig: Setting CVar [[s.PriorityAsyncLoadingExtraTime:15.0]]
[2019.10.21-14.40.44:871][  0]LogConfig: Setting CVar [[s.LevelStreamingActorsUpdateTimeLimit:5.0]]
[2019.10.21-14.40.44:871][  0]LogConfig: Setting CVar [[s.PriorityLevelStreamingActorsUpdateExtraTime:5.0]]
[2019.10.21-14.40.44:871][  0]LogConfig: Setting CVar [[s.LevelStreamingComponentsRegistrationGranularity:10]]
[2019.10.21-14.40.44:871][  0]LogConfig: Setting CVar [[s.UnregisterComponentsTimeLimit:1.0]]
[2019.10.21-14.40.44:871][  0]LogConfig: Setting CVar [[s.LevelStreamingComponentsUnregistrationGranularity:5]]
[2019.10.21-14.40.44:871][  0]LogConfig: Applying CVar settings from Section [/Script/Engine.GarbageCollectionSettings] File [D:/Repos/GameAI/PathfindingLab/Saved/Config/Windows/Engine.ini]
[2019.10.21-14.40.44:871][  0]LogConfig: Setting CVar [[gc.MaxObjectsNotConsideredByGC:1]]
[2019.10.21-14.40.44:871][  0]LogConfig: Setting CVar [[gc.SizeOfPermanentObjectPool:0]]
[2019.10.21-14.40.44:871][  0]LogConfig: Setting CVar [[gc.FlushStreamingOnGC:0]]
[2019.10.21-14.40.44:871][  0]LogConfig: Setting CVar [[gc.NumRetriesBeforeForcingGC:10]]
[2019.10.21-14.40.44:871][  0]LogConfig: Setting CVar [[gc.AllowParallelGC:1]]
[2019.10.21-14.40.44:871][  0]LogConfig: Setting CVar [[gc.TimeBetweenPurgingPendingKillObjects:61.1]]
[2019.10.21-14.40.44:871][  0]LogConfig: Setting CVar [[gc.MaxObjectsInEditor:16777216]]
[2019.10.21-14.40.44:871][  0]LogConfig: Setting CVar [[gc.IncrementalBeginDestroyEnabled:1]]
[2019.10.21-14.40.44:871][  0]LogConfig: Setting CVar [[gc.CreateGCClusters:1]]
[2019.10.21-14.40.44:871][  0]LogConfig: Setting CVar [[gc.MinGCClusterSize:5]]
[2019.10.21-14.40.44:871][  0]LogConfig: Setting CVar [[gc.ActorClusteringEnabled:0]]
[2019.10.21-14.40.44:871][  0]LogConfig: Setting CVar [[gc.BlueprintClusteringEnabled:0]]
[2019.10.21-14.40.44:871][  0]LogConfig: Setting CVar [[gc.UseDisregardForGCOnDedicatedServers:0]]
[2019.10.21-14.40.44:871][  0]LogConfig: Applying CVar settings from Section [/Script/Engine.NetworkSettings] File [D:/Repos/GameAI/PathfindingLab/Saved/Config/Windows/Engine.ini]
[2019.10.21-14.40.44:871][  0]LogConfig: Applying CVar settings from Section [/Script/UnrealEd.CookerSettings] File [D:/Repos/GameAI/PathfindingLab/Saved/Config/Windows/Engine.ini]
[2019.10.21-14.40.44:873][  0]LogConfig: Applying CVar settings from Section [ViewDistanceQuality@3] File [D:/Repos/GameAI/PathfindingLab/Saved/Config/Windows/Scalability.ini]
[2019.10.21-14.40.44:873][  0]LogConfig: Setting CVar [[r.SkeletalMeshLODBias:0]]
[2019.10.21-14.40.44:873][  0]LogConfig: Setting CVar [[r.ViewDistanceScale:1.0]]
[2019.10.21-14.40.44:873][  0]LogConfig: Applying CVar settings from Section [AntiAliasingQuality@3] File [D:/Repos/GameAI/PathfindingLab/Saved/Config/Windows/Scalability.ini]
[2019.10.21-14.40.44:873][  0]LogConfig: Setting CVar [[r.PostProcessAAQuality:4]]
[2019.10.21-14.40.44:873][  0]LogConfig: Applying CVar settings from Section [ShadowQuality@3] File [D:/Repos/GameAI/PathfindingLab/Saved/Config/Windows/Scalability.ini]
[2019.10.21-14.40.44:873][  0]LogConfig: Setting CVar [[r.LightFunctionQuality:1]]
[2019.10.21-14.40.44:873][  0]LogConfig: Setting CVar [[r.ShadowQuality:5]]
[2019.10.21-14.40.44:873][  0]LogConfig: Setting CVar [[r.Shadow.CSM.MaxCascades:10]]
[2019.10.21-14.40.44:873][  0]LogConfig: Setting CVar [[r.Shadow.MaxResolution:2048]]
[2019.10.21-14.40.44:873][  0]LogConfig: Setting CVar [[r.Shadow.MaxCSMResolution:2048]]
[2019.10.21-14.40.44:873][  0]LogConfig: Setting CVar [[r.Shadow.RadiusThreshold:0.01]]
[2019.10.21-14.40.44:873][  0]LogConfig: Setting CVar [[r.Shadow.DistanceScale:1.0]]
[2019.10.21-14.40.44:873][  0]LogConfig: Setting CVar [[r.Shadow.CSM.TransitionScale:1.0]]
[2019.10.21-14.40.44:873][  0]LogConfig: Setting CVar [[r.Shadow.PreShadowResolutionFactor:1.0]]
[2019.10.21-14.40.44:873][  0]LogConfig: Setting CVar [[r.DistanceFieldShadowing:1]]
[2019.10.21-14.40.44:873][  0]LogConfig: Setting CVar [[r.DistanceFieldAO:1]]
[2019.10.21-14.40.44:873][  0]LogConfig: Setting CVar [[r.AOQuality:2]]
[2019.10.21-14.40.44:873][  0]LogConfig: Setting CVar [[r.VolumetricFog:1]]
[2019.10.21-14.40.44:873][  0]LogConfig: Setting CVar [[r.VolumetricFog.GridPixelSize:8]]
[2019.10.21-14.40.44:873][  0]LogConfig: Setting CVar [[r.VolumetricFog.GridSizeZ:128]]
[2019.10.21-14.40.44:873][  0]LogConfig: Setting CVar [[r.VolumetricFog.HistoryMissSupersampleCount:4]]
[2019.10.21-14.40.44:873][  0]LogConfig: Setting CVar [[r.LightMaxDrawDistanceScale:1]]
[2019.10.21-14.40.44:873][  0]LogConfig: Setting CVar [[r.CapsuleShadows:1]]
[2019.10.21-14.40.44:873][  0]LogConfig: Applying CVar settings from Section [PostProcessQuality@3] File [D:/Repos/GameAI/PathfindingLab/Saved/Config/Windows/Scalability.ini]
[2019.10.21-14.40.44:873][  0]LogConfig: Setting CVar [[r.MotionBlurQuality:4]]
[2019.10.21-14.40.44:873][  0]LogConfig: Setting CVar [[r.AmbientOcclusionMipLevelFactor:0.4]]
[2019.10.21-14.40.44:873][  0]LogConfig: Setting CVar [[r.AmbientOcclusionMaxQuality:100]]
[2019.10.21-14.40.44:873][  0]LogConfig: Setting CVar [[r.AmbientOcclusionLevels:-1]]
[2019.10.21-14.40.44:873][  0]LogConfig: Setting CVar [[r.AmbientOcclusionRadiusScale:1.0]]
[2019.10.21-14.40.44:873][  0]LogConfig: Setting CVar [[r.DepthOfFieldQuality:2]]
[2019.10.21-14.40.44:874][  0]LogConfig: Setting CVar [[r.RenderTargetPoolMin:400]]
[2019.10.21-14.40.44:874][  0]LogConfig: Setting CVar [[r.LensFlareQuality:2]]
[2019.10.21-14.40.44:874][  0]LogConfig: Setting CVar [[r.SceneColorFringeQuality:1]]
[2019.10.21-14.40.44:874][  0]LogConfig: Setting CVar [[r.EyeAdaptationQuality:2]]
[2019.10.21-14.40.44:874][  0]LogConfig: Setting CVar [[r.BloomQuality:5]]
[2019.10.21-14.40.44:874][  0]LogConfig: Setting CVar [[r.FastBlurThreshold:100]]
[2019.10.21-14.40.44:874][  0]LogConfig: Setting CVar [[r.Upscale.Quality:3]]
[2019.10.21-14.40.44:874][  0]LogConfig: Setting CVar [[r.Tonemapper.GrainQuantization:1]]
[2019.10.21-14.40.44:874][  0]LogConfig: Setting CVar [[r.LightShaftQuality:1]]
[2019.10.21-14.40.44:874][  0]LogConfig: Setting CVar [[r.Filter.SizeScale:1]]
[2019.10.21-14.40.44:874][  0]LogConfig: Setting CVar [[r.Tonemapper.Quality:5]]
[2019.10.21-14.40.44:874][  0]LogConfig: Setting CVar [[r.DOF.Gather.AccumulatorQuality:1        ; higher gathering accumulator quality]]
[2019.10.21-14.40.44:874][  0]LogConfig: Setting CVar [[r.DOF.Gather.PostfilterMethod:1          ; Median3x3 postfilering method]]
[2019.10.21-14.40.44:874][  0]LogConfig: Setting CVar [[r.DOF.Gather.EnableBokehSettings:0       ; no bokeh simulation when gathering]]
[2019.10.21-14.40.44:874][  0]LogConfig: Setting CVar [[r.DOF.Gather.RingCount:4                 ; medium number of samples when gathering]]
[2019.10.21-14.40.44:874][  0]LogConfig: Setting CVar [[r.DOF.Scatter.ForegroundCompositing:1    ; additive foreground scattering]]
[2019.10.21-14.40.44:874][  0]LogConfig: Setting CVar [[r.DOF.Scatter.BackgroundCompositing:2    ; additive background scattering]]
[2019.10.21-14.40.44:874][  0]LogConfig: Setting CVar [[r.DOF.Scatter.EnableBokehSettings:1      ; bokeh simulation when scattering]]
[2019.10.21-14.40.44:874][  0]LogConfig: Setting CVar [[r.DOF.Scatter.MaxSpriteRatio:0.1         ; only a maximum of 10% of scattered bokeh]]
[2019.10.21-14.40.44:874][  0]LogConfig: Setting CVar [[r.DOF.Recombine.Quality:1                ; cheap slight out of focus]]
[2019.10.21-14.40.44:874][  0]LogConfig: Setting CVar [[r.DOF.Recombine.EnableBokehSettings:0    ; no bokeh simulation on slight out of focus]]
[2019.10.21-14.40.44:874][  0]LogConfig: Setting CVar [[r.DOF.TemporalAAQuality:1                ; more stable temporal accumulation]]
[2019.10.21-14.40.44:874][  0]LogConfig: Setting CVar [[r.DOF.Kernel.MaxForegroundRadius:0.025]]
[2019.10.21-14.40.44:874][  0]LogConfig: Setting CVar [[r.DOF.Kernel.MaxBackgroundRadius:0.025]]
[2019.10.21-14.40.44:874][  0]LogConfig: Applying CVar settings from Section [TextureQuality@3] File [D:/Repos/GameAI/PathfindingLab/Saved/Config/Windows/Scalability.ini]
[2019.10.21-14.40.44:874][  0]LogConfig: Setting CVar [[r.Streaming.MipBias:0]]
[2019.10.21-14.40.44:874][  0]LogConfig: Setting CVar [[r.Streaming.AmortizeCPUToGPUCopy:0]]
[2019.10.21-14.40.44:874][  0]LogConfig: Setting CVar [[r.Streaming.MaxNumTexturesToStreamPerFrame:0]]
[2019.10.21-14.40.44:874][  0]LogConfig: Setting CVar [[r.Streaming.Boost:1]]
[2019.10.21-14.40.44:874][  0]LogConfig: Setting CVar [[r.MaxAnisotropy:8]]
[2019.10.21-14.40.44:874][  0]LogConfig: Setting CVar [[r.Streaming.LimitPoolSizeToVRAM:0]]
[2019.10.21-14.40.44:874][  0]LogConfig: Setting CVar [[r.Streaming.PoolSize:1000]]
[2019.10.21-14.40.44:874][  0]LogConfig: Setting CVar [[r.Streaming.MaxEffectiveScreenSize:0]]
[2019.10.21-14.40.44:874][  0]LogConfig: Applying CVar settings from Section [EffectsQuality@3] File [D:/Repos/GameAI/PathfindingLab/Saved/Config/Windows/Scalability.ini]
[2019.10.21-14.40.44:874][  0]LogConfig: Setting CVar [[r.TranslucencyLightingVolumeDim:64]]
[2019.10.21-14.40.44:874][  0]LogConfig: Setting CVar [[r.RefractionQuality:2]]
[2019.10.21-14.40.44:874][  0]LogConfig: Setting CVar [[r.SSR.Quality:3]]
[2019.10.21-14.40.44:874][  0]LogConfig: Setting CVar [[r.SceneColorFormat:4]]
[2019.10.21-14.40.44:874][  0]LogConfig: Setting CVar [[r.DetailMode:2]]
[2019.10.21-14.40.44:874][  0]LogConfig: Setting CVar [[r.TranslucencyVolumeBlur:1]]
[2019.10.21-14.40.44:874][  0]LogConfig: Setting CVar [[r.MaterialQualityLevel:1 ; High quality]]
[2019.10.21-14.40.44:874][  0]LogConfig: Setting CVar [[r.SSS.Scale:1]]
[2019.10.21-14.40.44:874][  0]LogConfig: Setting CVar [[r.SSS.SampleSet:2]]
[2019.10.21-14.40.44:874][  0]LogConfig: Setting CVar [[r.SSS.Quality:1]]
[2019.10.21-14.40.44:874][  0]LogConfig: Setting CVar [[r.SSS.HalfRes:1]]
[2019.10.21-14.40.44:874][  0]LogConfig: Setting CVar [[r.EmitterSpawnRateScale:1.0]]
[2019.10.21-14.40.44:874][  0]LogConfig: Setting CVar [[r.ParticleLightQuality:2]]
[2019.10.21-14.40.44:874][  0]LogConfig: Applying CVar settings from Section [FoliageQuality@3] File [D:/Repos/GameAI/PathfindingLab/Saved/Config/Windows/Scalability.ini]
[2019.10.21-14.40.44:874][  0]LogConfig: Setting CVar [[foliage.DensityScale:1.0]]
[2019.10.21-14.40.44:874][  0]LogConfig: Setting CVar [[grass.DensityScale:1.0]]
[2019.10.21-14.40.44:874][  0]LogInit: Selected Device Profile: [Windows]
[2019.10.21-14.40.44:874][  0]LogInit: Applying CVar settings loaded from the selected device profile: [Windows]
[2019.10.21-14.40.44:882][  0]LogHAL: Display: Platform has ~ 12 GB [12740149248 / 17179869184 / 12], which maps to Larger [LargestMinGB=32, LargerMinGB=12, DefaultMinGB=8, SmallerMinGB=6, SmallestMinGB=0)
[2019.10.21-14.40.44:882][  0]LogConfig: Setting CVar [[r.Vulkan.UseRealUBs:0		; Required until we fix HLR fall-out]]
[2019.10.21-14.40.44:882][  0]LogInit: Going up to parent DeviceProfile []
[2019.10.21-14.40.44:882][  0]LogConfig: Applying CVar settings from Section [ViewDistanceQuality@3] File [D:/Repos/GameAI/PathfindingLab/Saved/Config/Windows/Scalability.ini]
[2019.10.21-14.40.44:882][  0]LogConfig: Setting CVar [[r.SkeletalMeshLODBias:0]]
[2019.10.21-14.40.44:882][  0]LogConfig: Setting CVar [[r.ViewDistanceScale:1.0]]
[2019.10.21-14.40.44:882][  0]LogConfig: Applying CVar settings from Section [AntiAliasingQuality@3] File [D:/Repos/GameAI/PathfindingLab/Saved/Config/Windows/Scalability.ini]
[2019.10.21-14.40.44:882][  0]LogConfig: Setting CVar [[r.PostProcessAAQuality:4]]
[2019.10.21-14.40.44:882][  0]LogConfig: Applying CVar settings from Section [ShadowQuality@3] File [D:/Repos/GameAI/PathfindingLab/Saved/Config/Windows/Scalability.ini]
[2019.10.21-14.40.44:882][  0]LogConfig: Setting CVar [[r.LightFunctionQuality:1]]
[2019.10.21-14.40.44:882][  0]LogConfig: Setting CVar [[r.ShadowQuality:5]]
[2019.10.21-14.40.44:882][  0]LogConfig: Setting CVar [[r.Shadow.CSM.MaxCascades:10]]
[2019.10.21-14.40.44:882][  0]LogConfig: Setting CVar [[r.Shadow.MaxResolution:2048]]
[2019.10.21-14.40.44:882][  0]LogConfig: Setting CVar [[r.Shadow.MaxCSMResolution:2048]]
[2019.10.21-14.40.44:882][  0]LogConfig: Setting CVar [[r.Shadow.RadiusThreshold:0.01]]
[2019.10.21-14.40.44:882][  0]LogConfig: Setting CVar [[r.Shadow.DistanceScale:1.0]]
[2019.10.21-14.40.44:882][  0]LogConfig: Setting CVar [[r.Shadow.CSM.TransitionScale:1.0]]
[2019.10.21-14.40.44:882][  0]LogConfig: Setting CVar [[r.Shadow.PreShadowResolutionFactor:1.0]]
[2019.10.21-14.40.44:882][  0]LogConfig: Setting CVar [[r.DistanceFieldShadowing:1]]
[2019.10.21-14.40.44:882][  0]LogConfig: Setting CVar [[r.DistanceFieldAO:1]]
[2019.10.21-14.40.44:882][  0]LogConfig: Setting CVar [[r.AOQuality:2]]
[2019.10.21-14.40.44:882][  0]LogConfig: Setting CVar [[r.VolumetricFog:1]]
[2019.10.21-14.40.44:883][  0]LogConfig: Setting CVar [[r.VolumetricFog.GridPixelSize:8]]
[2019.10.21-14.40.44:883][  0]LogConfig: Setting CVar [[r.VolumetricFog.GridSizeZ:128]]
[2019.10.21-14.40.44:883][  0]LogConfig: Setting CVar [[r.VolumetricFog.HistoryMissSupersampleCount:4]]
[2019.10.21-14.40.44:883][  0]LogConfig: Setting CVar [[r.LightMaxDrawDistanceScale:1]]
[2019.10.21-14.40.44:883][  0]LogConfig: Setting CVar [[r.CapsuleShadows:1]]
[2019.10.21-14.40.44:883][  0]LogConfig: Applying CVar settings from Section [PostProcessQuality@3] File [D:/Repos/GameAI/PathfindingLab/Saved/Config/Windows/Scalability.ini]
[2019.10.21-14.40.44:883][  0]LogConfig: Setting CVar [[r.MotionBlurQuality:4]]
[2019.10.21-14.40.44:883][  0]LogConfig: Setting CVar [[r.AmbientOcclusionMipLevelFactor:0.4]]
[2019.10.21-14.40.44:883][  0]LogConfig: Setting CVar [[r.AmbientOcclusionMaxQuality:100]]
[2019.10.21-14.40.44:883][  0]LogConfig: Setting CVar [[r.AmbientOcclusionLevels:-1]]
[2019.10.21-14.40.44:883][  0]LogConfig: Setting CVar [[r.AmbientOcclusionRadiusScale:1.0]]
[2019.10.21-14.40.44:883][  0]LogConfig: Setting CVar [[r.DepthOfFieldQuality:2]]
[2019.10.21-14.40.44:883][  0]LogConfig: Setting CVar [[r.RenderTargetPoolMin:400]]
[2019.10.21-14.40.44:883][  0]LogConfig: Setting CVar [[r.LensFlareQuality:2]]
[2019.10.21-14.40.44:883][  0]LogConfig: Setting CVar [[r.SceneColorFringeQuality:1]]
[2019.10.21-14.40.44:883][  0]LogConfig: Setting CVar [[r.EyeAdaptationQuality:2]]
[2019.10.21-14.40.44:883][  0]LogConfig: Setting CVar [[r.BloomQuality:5]]
[2019.10.21-14.40.44:883][  0]LogConfig: Setting CVar [[r.FastBlurThreshold:100]]
[2019.10.21-14.40.44:883][  0]LogConfig: Setting CVar [[r.Upscale.Quality:3]]
[2019.10.21-14.40.44:883][  0]LogConfig: Setting CVar [[r.Tonemapper.GrainQuantization:1]]
[2019.10.21-14.40.44:883][  0]LogConfig: Setting CVar [[r.LightShaftQuality:1]]
[2019.10.21-14.40.44:883][  0]LogConfig: Setting CVar [[r.Filter.SizeScale:1]]
[2019.10.21-14.40.44:883][  0]LogConfig: Setting CVar [[r.Tonemapper.Quality:5]]
[2019.10.21-14.40.44:883][  0]LogConfig: Setting CVar [[r.DOF.Gather.AccumulatorQuality:1        ; higher gathering accumulator quality]]
[2019.10.21-14.40.44:883][  0]LogConfig: Setting CVar [[r.DOF.Gather.PostfilterMethod:1          ; Median3x3 postfilering method]]
[2019.10.21-14.40.44:883][  0]LogConfig: Setting CVar [[r.DOF.Gather.EnableBokehSettings:0       ; no bokeh simulation when gathering]]
[2019.10.21-14.40.44:883][  0]LogConfig: Setting CVar [[r.DOF.Gather.RingCount:4                 ; medium number of samples when gathering]]
[2019.10.21-14.40.44:883][  0]LogConfig: Setting CVar [[r.DOF.Scatter.ForegroundCompositing:1    ; additive foreground scattering]]
[2019.10.21-14.40.44:883][  0]LogConfig: Setting CVar [[r.DOF.Scatter.BackgroundCompositing:2    ; additive background scattering]]
[2019.10.21-14.40.44:883][  0]LogConfig: Setting CVar [[r.DOF.Scatter.EnableBokehSettings:1      ; bokeh simulation when scattering]]
[2019.10.21-14.40.44:883][  0]LogConfig: Setting CVar [[r.DOF.Scatter.MaxSpriteRatio:0.1         ; only a maximum of 10% of scattered bokeh]]
[2019.10.21-14.40.44:883][  0]LogConfig: Setting CVar [[r.DOF.Recombine.Quality:1                ; cheap slight out of focus]]
[2019.10.21-14.40.44:883][  0]LogConfig: Setting CVar [[r.DOF.Recombine.EnableBokehSettings:0    ; no bokeh simulation on slight out of focus]]
[2019.10.21-14.40.44:883][  0]LogConfig: Setting CVar [[r.DOF.TemporalAAQuality:1                ; more stable temporal accumulation]]
[2019.10.21-14.40.44:883][  0]LogConfig: Setting CVar [[r.DOF.Kernel.MaxForegroundRadius:0.025]]
[2019.10.21-14.40.44:883][  0]LogConfig: Setting CVar [[r.DOF.Kernel.MaxBackgroundRadius:0.025]]
[2019.10.21-14.40.44:883][  0]LogConfig: Applying CVar settings from Section [TextureQuality@3] File [D:/Repos/GameAI/PathfindingLab/Saved/Config/Windows/Scalability.ini]
[2019.10.21-14.40.44:883][  0]LogConfig: Setting CVar [[r.Streaming.MipBias:0]]
[2019.10.21-14.40.44:883][  0]LogConfig: Setting CVar [[r.Streaming.AmortizeCPUToGPUCopy:0]]
[2019.10.21-14.40.44:883][  0]LogConfig: Setting CVar [[r.Streaming.MaxNumTexturesToStreamPerFrame:0]]
[2019.10.21-14.40.44:883][  0]LogConfig: Setting CVar [[r.Streaming.Boost:1]]
[2019.10.21-14.40.44:883][  0]LogConfig: Setting CVar [[r.MaxAnisotropy:8]]
[2019.10.21-14.40.44:883][  0]LogConfig: Setting CVar [[r.Streaming.LimitPoolSizeToVRAM:0]]
[2019.10.21-14.40.44:883][  0]LogConfig: Setting CVar [[r.Streaming.PoolSize:1000]]
[2019.10.21-14.40.44:883][  0]LogConfig: Setting CVar [[r.Streaming.MaxEffectiveScreenSize:0]]
[2019.10.21-14.40.44:883][  0]LogConfig: Applying CVar settings from Section [EffectsQuality@3] File [D:/Repos/GameAI/PathfindingLab/Saved/Config/Windows/Scalability.ini]
[2019.10.21-14.40.44:883][  0]LogConfig: Setting CVar [[r.TranslucencyLightingVolumeDim:64]]
[2019.10.21-14.40.44:883][  0]LogConfig: Setting CVar [[r.RefractionQuality:2]]
[2019.10.21-14.40.44:883][  0]LogConfig: Setting CVar [[r.SSR.Quality:3]]
[2019.10.21-14.40.44:883][  0]LogConfig: Setting CVar [[r.SceneColorFormat:4]]
[2019.10.21-14.40.44:883][  0]LogConfig: Setting CVar [[r.DetailMode:2]]
[2019.10.21-14.40.44:883][  0]LogConfig: Setting CVar [[r.TranslucencyVolumeBlur:1]]
[2019.10.21-14.40.44:883][  0]LogConfig: Setting CVar [[r.MaterialQualityLevel:1 ; High quality]]
[2019.10.21-14.40.44:883][  0]LogConfig: Setting CVar [[r.SSS.Scale:1]]
[2019.10.21-14.40.44:883][  0]LogConfig: Setting CVar [[r.SSS.SampleSet:2]]
[2019.10.21-14.40.44:883][  0]LogConfig: Setting CVar [[r.SSS.Quality:1]]
[2019.10.21-14.40.44:883][  0]LogConfig: Setting CVar [[r.SSS.HalfRes:1]]
[2019.10.21-14.40.44:883][  0]LogConfig: Setting CVar [[r.EmitterSpawnRateScale:1.0]]
[2019.10.21-14.40.44:883][  0]LogConfig: Setting CVar [[r.ParticleLightQuality:2]]
[2019.10.21-14.40.44:883][  0]LogConfig: Applying CVar settings from Section [FoliageQuality@3] File [D:/Repos/GameAI/PathfindingLab/Saved/Config/Windows/Scalability.ini]
[2019.10.21-14.40.44:883][  0]LogConfig: Setting CVar [[foliage.DensityScale:1.0]]
[2019.10.21-14.40.44:883][  0]LogConfig: Setting CVar [[grass.DensityScale:1.0]]
[2019.10.21-14.40.44:883][  0]LogConfig: Applying CVar settings from Section [Startup] File [../../../Engine/Config/ConsoleVariables.ini]
[2019.10.21-14.40.44:884][  0]LogConfig: Setting CVar [[net.UseAdaptiveNetUpdateFrequency:0]]
[2019.10.21-14.40.44:884][  0]LogConfig: Setting CVar [[p.chaos.AllowCreatePhysxBodies:1]]
[2019.10.21-14.40.44:884][  0]LogConfig: Applying CVar settings from Section [ConsoleVariables] File [D:/Repos/GameAI/PathfindingLab/Saved/Config/Windows/Engine.ini]
[2019.10.21-14.40.44:884][  0]LogInit: Computer: DESKTOP-TJ4L05U
[2019.10.21-14.40.44:884][  0]LogInit: User: Lance
[2019.10.21-14.40.44:884][  0]LogInit: CPU Page size=4096, Cores=4
[2019.10.21-14.40.44:884][  0]LogInit: High frequency timer resolution =10.000000 MHz
[2019.10.21-14.40.44:884][  0]LogMemory: Memory total: Physical=11.9GB (12GB approx)
[2019.10.21-14.40.44:884][  0]LogMemory: Platform Memory Stats for Windows
[2019.10.21-14.40.44:884][  0]LogMemory: Process Physical Memory: 96.18 MB used, 96.18 MB peak
[2019.10.21-14.40.44:884][  0]LogMemory: Process Virtual Memory: 90.60 MB used, 90.60 MB peak
[2019.10.21-14.40.44:885][  0]LogMemory: Physical Memory: 8096.31 MB used,  4053.64 MB free, 12149.95 MB total
[2019.10.21-14.40.44:885][  0]LogMemory: Virtual Memory: 4643.77 MB used,  134213088.00 MB free, 134217728.00 MB total
[2019.10.21-14.40.44:918][  0]LogInit: Using OS detected language (en-US).
[2019.10.21-14.40.44:918][  0]LogInit: Using OS detected locale (en-US).
[2019.10.21-14.40.44:918][  0]LogTextLocalizationManager: No specific localization for 'en-US' exists, so the 'en' localization will be used.
[2019.10.21-14.40.45:124][  0]LogInit: Setting process to per monitor DPI aware
[2019.10.21-14.40.45:161][  0]LogSlate: New Slate User Created.  User Index 0, Is Virtual User: 0
[2019.10.21-14.40.45:161][  0]LogSlate: Slate User Registered.  User Index 0, Is Virtual User: 0
[2019.10.21-14.40.45:412][  0]LogHMD: Failed to initialize OpenVR with code 110
[2019.10.21-14.40.45:412][  0]LogD3D11RHI: D3D11 adapters:
[2019.10.21-14.40.45:488][  0]LogD3D11RHI:    0. 'NVIDIA GeForce GTX 1050' (Feature Level 11_0)
[2019.10.21-14.40.45:489][  0]LogD3D11RHI:       4021/0/6074 MB DedicatedVideo/DedicatedSystem/SharedSystem, Outputs:1, VendorId:0x10de
[2019.10.21-14.40.45:502][  0]LogD3D11RHI:    1. 'Intel(R) HD Graphics 630' (Feature Level 11_0)
[2019.10.21-14.40.45:503][  0]LogD3D11RHI:       128/0/6074 MB DedicatedVideo/DedicatedSystem/SharedSystem, Outputs:0, VendorId:0x8086
[2019.10.21-14.40.45:505][  0]LogD3D11RHI:    2. 'Microsoft Basic Render Driver' (Feature Level 11_0)
[2019.10.21-14.40.45:505][  0]LogD3D11RHI:       0/0/6074 MB DedicatedVideo/DedicatedSystem/SharedSystem, Outputs:0, VendorId:0x1414
[2019.10.21-14.40.45:505][  0]LogD3D11RHI: Chosen D3D11 Adapter: 0
[2019.10.21-14.40.45:544][  0]LogD3D11RHI: Creating new Direct3DDevice
[2019.10.21-14.40.45:544][  0]LogD3D11RHI:     GPU DeviceId: 0x1c8d (for the marketing name, search the web for "GPU Device Id")
[2019.10.21-14.40.45:544][  0]LogWindows: EnumDisplayDevices:
[2019.10.21-14.40.45:544][  0]LogWindows:    0. 'Intel(R) HD Graphics 630' (P:1 D:1)
[2019.10.21-14.40.45:545][  0]LogWindows:    1. 'Intel(R) HD Graphics 630' (P:0 D:0)
[2019.10.21-14.40.45:545][  0]LogWindows:    2. 'Intel(R) HD Graphics 630' (P:0 D:0)
[2019.10.21-14.40.45:546][  0]LogWindows: DebugString: PrimaryIsNotTheChoosenAdapter PrimaryIsNotTheChoosenAdapter PrimaryIsNotTheChoosenAdapter FoundDriverCount:0 
[2019.10.21-14.40.45:546][  0]LogD3D11RHI:     Adapter Name: NVIDIA GeForce GTX 1050
[2019.10.21-14.40.45:546][  0]LogD3D11RHI:   Driver Version: Unknown (internal:Unknown, unified:Unknown)
[2019.10.21-14.40.45:546][  0]LogD3D11RHI:      Driver Date: Unknown
[2019.10.21-14.40.45:546][  0]LogRHI: Texture pool is 2814 MB (70% of 4021 MB)
[2019.10.21-14.40.45:592][  0]LogD3D11RHI: Async texture creation enabled
[2019.10.21-14.40.45:596][  0]LogRendererCore: FGlobalReadBuffer::InitRHI
[2019.10.21-14.40.45:596][  0]LogRendererCore: FGlobalReadBuffer::InitRHI
[2019.10.21-14.40.45:596][  0]LogRendererCore: FGlobalReadBuffer::InitRHI
[2019.10.21-14.40.45:611][  0]LogD3D11RHI: GPU Timing Frequency: 1000.000000 (Debug: 2 2)
[2019.10.21-14.40.45:987][  0]LogTemp: Display: Module 'AllDesktopTargetPlatform' loaded TargetPlatform 'AllDesktop'
[2019.10.21-14.40.46:001][  0]LogTemp: Display: Module 'MacClientTargetPlatform' loaded TargetPlatform 'MacClient'
[2019.10.21-14.40.46:014][  0]LogTemp: Display: Module 'MacNoEditorTargetPlatform' loaded TargetPlatform 'MacNoEditor'
[2019.10.21-14.40.46:028][  0]LogTemp: Display: Module 'MacServerTargetPlatform' loaded TargetPlatform 'MacServer'
[2019.10.21-14.40.46:043][  0]LogTemp: Display: Module 'MacTargetPlatform' loaded TargetPlatform 'Mac'
[2019.10.21-14.40.46:056][  0]LogTemp: Display: Module 'WindowsClientTargetPlatform' loaded TargetPlatform 'WindowsClient'
[2019.10.21-14.40.46:070][  0]LogTemp: Display: Module 'WindowsNoEditorTargetPlatform' loaded TargetPlatform 'WindowsNoEditor'
[2019.10.21-14.40.46:085][  0]LogTemp: Display: Module 'WindowsServerTargetPlatform' loaded TargetPlatform 'WindowsServer'
[2019.10.21-14.40.46:091][  0]LogTemp: Display: Module 'WindowsTargetPlatform' loaded TargetPlatform 'Windows'
[2019.10.21-14.40.46:176][  0]LogTemp: Display: Module 'AndroidTargetPlatform' loaded TargetPlatform 'Android'
[2019.10.21-14.40.46:176][  0]LogTemp: Display: Module 'AndroidTargetPlatform' loaded TargetPlatform 'Android_ASTC'
[2019.10.21-14.40.46:176][  0]LogTemp: Display: Module 'AndroidTargetPlatform' loaded TargetPlatform 'Android_ATC'
[2019.10.21-14.40.46:176][  0]LogTemp: Display: Module 'AndroidTargetPlatform' loaded TargetPlatform 'Android_DXT'
[2019.10.21-14.40.46:176][  0]LogTemp: Display: Module 'AndroidTargetPlatform' loaded TargetPlatform 'Android_ETC1'
[2019.10.21-14.40.46:176][  0]LogTemp: Display: Module 'AndroidTargetPlatform' loaded TargetPlatform 'Android_ETC1a'
[2019.10.21-14.40.46:176][  0]LogTemp: Display: Module 'AndroidTargetPlatform' loaded TargetPlatform 'Android_ETC2'
[2019.10.21-14.40.46:176][  0]LogTemp: Display: Module 'AndroidTargetPlatform' loaded TargetPlatform 'Android_PVRTC'
[2019.10.21-14.40.46:176][  0]LogTemp: Display: Module 'AndroidTargetPlatform' loaded TargetPlatform 'AndroidClient'
[2019.10.21-14.40.46:176][  0]LogTemp: Display: Module 'AndroidTargetPlatform' loaded TargetPlatform 'Android_ASTCClient'
[2019.10.21-14.40.46:176][  0]LogTemp: Display: Module 'AndroidTargetPlatform' loaded TargetPlatform 'Android_ATCClient'
[2019.10.21-14.40.46:176][  0]LogTemp: Display: Module 'AndroidTargetPlatform' loaded TargetPlatform 'Android_DXTClient'
[2019.10.21-14.40.46:176][  0]LogTemp: Display: Module 'AndroidTargetPlatform' loaded TargetPlatform 'Android_ETC1Client'
[2019.10.21-14.40.46:176][  0]LogTemp: Display: Module 'AndroidTargetPlatform' loaded TargetPlatform 'Android_ETC1aClient'
[2019.10.21-14.40.46:176][  0]LogTemp: Display: Module 'AndroidTargetPlatform' loaded TargetPlatform 'Android_ETC2Client'
[2019.10.21-14.40.46:176][  0]LogTemp: Display: Module 'AndroidTargetPlatform' loaded TargetPlatform 'Android_PVRTCClient'
[2019.10.21-14.40.46:176][  0]LogTemp: Display: Module 'AndroidTargetPlatform' loaded TargetPlatform 'Android_Multi'
[2019.10.21-14.40.46:176][  0]LogTemp: Display: Module 'AndroidTargetPlatform' loaded TargetPlatform 'Android_MultiClient'
[2019.10.21-14.40.46:178][  0]LogTemp: Display: Module 'HTML5TargetPlatform' loaded TargetPlatform 'HTML5'
[2019.10.21-14.40.46:227][  0]LogTemp: Display: Module 'IOSTargetPlatform' loaded TargetPlatform 'IOSClient'
[2019.10.21-14.40.46:227][  0]LogTemp: Display: Module 'IOSTargetPlatform' loaded TargetPlatform 'IOS'
[2019.10.21-14.40.46:251][  0]LogTemp: Display: Module 'TVOSTargetPlatform' loaded TargetPlatform 'TVOSClient'
[2019.10.21-14.40.46:251][  0]LogTemp: Display: Module 'TVOSTargetPlatform' loaded TargetPlatform 'TVOS'
[2019.10.21-14.40.46:264][  0]LogTemp: Display: Module 'LinuxClientTargetPlatform' loaded TargetPlatform 'LinuxClient'
[2019.10.21-14.40.46:278][  0]LogTemp: Display: Module 'LinuxNoEditorTargetPlatform' loaded TargetPlatform 'LinuxNoEditor'
[2019.10.21-14.40.46:290][  0]LogTemp: Display: Module 'LinuxServerTargetPlatform' loaded TargetPlatform 'LinuxServer'
[2019.10.21-14.40.46:303][  0]LogTemp: Display: Module 'LinuxTargetPlatform' loaded TargetPlatform 'Linux'
[2019.10.21-14.40.46:351][  0]LogTemp: Display: Module 'LuminTargetPlatform' loaded TargetPlatform 'Lumin'
[2019.10.21-14.40.46:352][  0]LogTemp: Display: Module 'LuminTargetPlatform' loaded TargetPlatform 'LuminClient'
[2019.10.21-14.40.46:352][  0]LogTargetPlatformManager: Display: Building Assets For Windows
[2019.10.21-14.40.46:360][  0]LogAudioDebug: Display: Lib vorbis DLL was dynamically loaded.
[2019.10.21-14.40.46:399][  0]LogShaderCompilers: Guid format shader working directory is 3 characters bigger than the processId version (../../../../../Repos/GameAI/PathfindingLab/Intermediate/Shaders/WorkingDirectory/30188/).
[2019.10.21-14.40.46:400][  0]LogShaderCompilers: Cleaned the shader compiler working directory 'C:/Users/Lance/AppData/Local/Temp/UnrealShaderWorkingDir/C3D4B0B44A495206908185A63847FFC0/'.
[2019.10.21-14.40.46:401][  0]LogXGEController: Cannot use XGE Controller as Incredibuild is not installed on this machine.
[2019.10.21-14.40.46:401][  0]LogShaderCompilers: Cannot use XGE Shader Compiler as Incredibuild is not installed on this machine.
[2019.10.21-14.40.46:401][  0]LogShaderCompilers: Display: Using Local Shader Compiler.
[2019.10.21-14.40.46:993][  0]LogDerivedDataCache: Display: Max Cache Size: 512 MB
[2019.10.21-14.40.47:050][  0]LogDerivedDataCache: Loaded boot cache 0.06s 71MB C:/Users/Lance/AppData/Local/UnrealEngine/4.22/DerivedDataCache/Boot.ddc.
[2019.10.21-14.40.47:050][  0]LogDerivedDataCache: Display: Loaded Boot cache: C:/Users/Lance/AppData/Local/UnrealEngine/4.22/DerivedDataCache/Boot.ddc
[2019.10.21-14.40.47:050][  0]LogDerivedDataCache: FDerivedDataBackendGraph:  Pak pak cache file ../../../../../Repos/GameAI/PathfindingLab/DerivedDataCache/DDC.ddp not found, will not use a pak cache.
[2019.10.21-14.40.47:050][  0]LogDerivedDataCache: Unable to find inner node Pak for hierarchical cache Hierarchy.
[2019.10.21-14.40.47:050][  0]LogDerivedDataCache: FDerivedDataBackendGraph:  CompressedPak pak cache file ../../../../../Repos/GameAI/PathfindingLab/DerivedDataCache/Compressed.ddp not found, will not use a pak cache.
[2019.10.21-14.40.47:050][  0]LogDerivedDataCache: Unable to find inner node CompressedPak for hierarchical cache Hierarchy.
[2019.10.21-14.40.47:062][  0]LogDerivedDataCache: Display: Pak cache opened for reading ../../../Engine/DerivedDataCache/Compressed.ddp.
[2019.10.21-14.40.47:062][  0]LogDerivedDataCache: FDerivedDataBackendGraph:  EnterprisePak pak cache file ../../../Enterprise/DerivedDataCache/Compressed.ddp not found, will not use a pak cache.
[2019.10.21-14.40.47:062][  0]LogDerivedDataCache: Unable to find inner node EnterprisePak for hierarchical cache Hierarchy.
[2019.10.21-14.40.47:075][  0]LogDerivedDataCache: Using Local data cache path C:/Users/Lance/AppData/Local/UnrealEngine/Common/DerivedDataCache: Writable
[2019.10.21-14.40.47:075][  0]LogDerivedDataCache: Shared data cache path not found in *engine.ini, will not use an Shared cache.
[2019.10.21-14.40.47:075][  0]LogDerivedDataCache: Unable to find inner node Shared for hierarchical cache Hierarchy.
[2019.10.21-14.40.47:099][  0]LogMaterial: Verifying Global Shaders for PCD3D_SM5
[2019.10.21-14.40.47:100][  0]LogSlate: Using FreeType 2.6.0
[2019.10.21-14.40.47:100][  0]LogSlate: SlateFontServices - WITH_FREETYPE: 1, WITH_HARFBUZZ: 1
[2019.10.21-14.40.47:187][  0]LogAssetRegistry: FAssetRegistry took 0.0352 seconds to start up
[2019.10.21-14.40.47:533][  0]LogInit: Selected Device Profile: [Windows]
[2019.10.21-14.40.47:676][  0]LogMeshReduction: Using QuadricMeshReduction for automatic static mesh reduction
[2019.10.21-14.40.47:676][  0]LogMeshReduction: Using SimplygonMeshReduction for automatic skeletal mesh reduction
[2019.10.21-14.40.47:676][  0]LogMeshReduction: Using ProxyLODMeshReduction for automatic mesh merging
[2019.10.21-14.40.47:676][  0]LogMeshReduction: No distributed automatic mesh merging module available
[2019.10.21-14.40.47:676][  0]LogMeshMerging: No distributed automatic mesh merging module available
[2019.10.21-14.40.47:690][  0]LogNetVersion: PathFinding 1.0.0, NetCL: 5660361, EngineNetVer: 10, GameNetVer: 0 (Checksum: 315523671)
[2019.10.21-14.40.48:139][  0]LogPackageLocalizationCache: Processed 10 localized package path(s) for 1 prioritized culture(s) in 0.031501 seconds
[2019.10.21-14.40.48:146][  0]LogUObjectArray: 42205 objects as part of root set at end of initial load.
[2019.10.21-14.40.48:146][  0]LogUObjectAllocator: 7325032 out of 0 bytes used by permanent object pool.
[2019.10.21-14.40.48:146][  0]LogUObjectArray: CloseDisregardForGC: 0/0 objects in disregard for GC pool
[2019.10.21-14.40.48:967][  0]LogTcpMessaging: Initializing TcpMessaging bridge
[2019.10.21-14.40.48:981][  0]LogUdpMessaging: Initializing bridge on interface 0.0.0.0:0 to multicast group 230.0.0.1:6666.
[2019.10.21-14.40.49:112][  0]SourceControl: Source control is disabled
[2019.10.21-14.40.49:112][  0]SourceControl: Source control is disabled
[2019.10.21-14.40.49:113][  0]SourceControl: Source control is disabled
[2019.10.21-14.40.49:114][  0]SourceControl: Source control is disabled
[2019.10.21-14.40.49:184][  0]LogAndroidPermission: UAndroidPermissionCallbackProxy::GetInstance
[2019.10.21-14.40.49:299][  0]LogOcInput: OculusInput pre-init called
[2019.10.21-14.40.50:001][  0]LogEngine: Initializing Engine...
[2019.10.21-14.40.50:002][  0]LogHMD: Failed to initialize OpenVR with code 110
[2019.10.21-14.40.50:003][  0]LogStats: UGameplayTagsManager::InitializeManager -  0.000 s
[2019.10.21-14.40.50:222][  0]LogInit: Initializing FReadOnlyCVARCache
[2019.10.21-14.40.50:232][  0]LogAIModule: Creating AISystem for world Untitled
[2019.10.21-14.40.50:319][  0]LogInit: XAudio2 using 'Speakers (USB Audio Device)' : 2 channels at 48 kHz using 16 bits per sample (channel mask 0x3)
[2019.10.21-14.40.50:339][  0]LogInit: FAudioDevice initialized.
[2019.10.21-14.40.50:339][  0]LogNetVersion: Set ProjectVersion to 1.0.0.0. Version Checksum will be recalculated on next use.
[2019.10.21-14.40.50:420][  0]LogDerivedDataCache: Saved boot cache 0.08s 71MB C:/Users/Lance/AppData/Local/UnrealEngine/4.22/DerivedDataCache/Boot.ddc.
[2019.10.21-14.40.50:425][  0]LogInit: Texture streaming: Enabled
[2019.10.21-14.40.50:441][  0]LogEngineSessionManager: EngineSessionManager initialized
[2019.10.21-14.40.50:462][  0]LogInit: Transaction tracking system initialized
[2019.10.21-14.40.50:480][  0]BlueprintLog: New page: Editor Load
[2019.10.21-14.40.50:588][  0]LocalizationService: Localization service is disabled
[2019.10.21-14.40.50:871][  0]LogFileCache: Scanning file cache for directory 'D:/Repos/GameAI/PathfindingLab/Content/' took 0.01s
[2019.10.21-14.40.50:871][  0]LogCook: Display: Max memory allowance for cook 16384mb min free memory 0mb
[2019.10.21-14.40.50:871][  0]LogCook: Display: Mobile HDR setting 1
[2019.10.21-14.40.51:029][  0]SourceControl: Source control is disabled
[2019.10.21-14.40.51:443][  0]LogSlate: Took 0.000389 seconds to synchronously load lazily loaded font '../../../Engine/Content/Slate/Fonts/Roboto-Regular.ttf' (155K)
[2019.10.21-14.41.07:145][  0]LogSlate: Window 'Restore Packages' being destroyed
[2019.10.21-14.41.07:197][  0]LogWindowsTextInputMethodSystem: Display: IME system now deactivated.
[2019.10.21-14.41.07:241][  0]LogWindowsTextInputMethodSystem: Display: IME system now deactivated.
[2019.10.21-14.41.07:286][  0]Cmd: MAP LOAD FILE="../../../../../Repos/GameAI/PathfindingLab/Content/PathfindingMap.umap" TEMPLATE=0 SHOWPROGRESS=1 FEATURELEVEL=3
[2019.10.21-14.41.07:287][  0]LightingResults: New page: Lighting Build
[2019.10.21-14.41.07:290][  0]MapCheck: New page: Map Check
[2019.10.21-14.41.07:290][  0]LightingResults: New page: Lighting Build
[2019.10.21-14.41.07:333][  0]LogUObjectHash: Compacting FUObjectHashTables data took   5.28ms
[2019.10.21-14.41.07:570][  0]LogAIModule: Creating AISystem for world PathfindingMap
[2019.10.21-14.41.07:581][  0]LogEditorServer: Finished looking for orphan Actors (0.001 secs)
[2019.10.21-14.41.07:622][  0]LogUObjectHash: Compacting FUObjectHashTables data took   4.80ms
[2019.10.21-14.41.07:622][  0]Cmd: MAP CHECKDEP NOCLEARLOG
[2019.10.21-14.41.07:623][  0]MapCheck: Map check complete: 0 Error(s), 0 Warning(s), took 0.3ms to complete.
[2019.10.21-14.41.07:623][  0]LogFileHelpers: Loading map 'PathfindingMap' took 0.337
[2019.10.21-14.41.07:753][  0]LogSlate: Updating window title bar state: overlay mode, drag disabled, window buttons hidden, title bar hidden
[2019.10.21-14.41.07:760][  0]LogSlate: Updating window title bar state: overlay mode, drag disabled, window buttons hidden, title bar hidden
[2019.10.21-14.41.07:769][  0]LogSlate: Updating window title bar state: overlay mode, drag disabled, window buttons hidden, title bar hidden
[2019.10.21-14.41.07:777][  0]LogSlate: Updating window title bar state: overlay mode, drag disabled, window buttons hidden, title bar hidden
[2019.10.21-14.41.07:782][  0]LogCollectionManager: Loaded 0 collections in 0.001077 seconds
[2019.10.21-14.41.07:839][  0]LogFileCache: Scanning file cache for directory 'D:/Repos/GameAI/PathfindingLab/Saved/Collections/' took 0.01s
[2019.10.21-14.41.07:839][  0]LogFileCache: Scanning file cache for directory 'D:/Repos/GameAI/PathfindingLab/Content/Developers/Lance/Collections/' took 0.01s
[2019.10.21-14.41.07:840][  0]LogFileCache: Scanning file cache for directory 'D:/Repos/GameAI/PathfindingLab/Content/Collections/' took 0.01s
[2019.10.21-14.41.07:840][  0]LogCollectionManager: Rebuilt the GUID cache for 0 collections in 0.000001 seconds
[2019.10.21-14.41.07:866][  0]LogContentBrowser: Native class hierarchy populated in 0.0256 seconds. Added 2736 classes and 662 folders.
[2019.10.21-14.41.07:896][  0]LogContentBrowser: Native class hierarchy updated for 'WidgetCarousel' in 0.0005 seconds. Added 0 classes and 0 folders.
[2019.10.21-14.41.07:922][  0]LogPakFile: Registered encryption key '00000000000000000000000000000000': 0 pak files mounted, 0 remain pending
[2019.10.21-14.41.07:956][  0]LogPakFile: Registered encryption key '00000000000000000000000000000000': 0 pak files mounted, 0 remain pending
[2019.10.21-14.41.07:977][  0]LogPakFile: Registered encryption key '00000000000000000000000000000000': 0 pak files mounted, 0 remain pending
[2019.10.21-14.41.07:981][  0]LogPakFile: Registered encryption key '00000000000000000000000000000000': 0 pak files mounted, 0 remain pending
[2019.10.21-14.41.07:985][  0]LogPakFile: Registered encryption key '00000000000000000000000000000000': 0 pak files mounted, 0 remain pending
[2019.10.21-14.41.07:989][  0]LogPakFile: Registered encryption key '00000000000000000000000000000000': 0 pak files mounted, 0 remain pending
[2019.10.21-14.41.07:993][  0]LogPakFile: Registered encryption key '00000000000000000000000000000000': 0 pak files mounted, 0 remain pending
[2019.10.21-14.41.07:997][  0]LogPakFile: Registered encryption key '00000000000000000000000000000000': 0 pak files mounted, 0 remain pending
[2019.10.21-14.41.08:002][  0]LogPakFile: Registered encryption key '00000000000000000000000000000000': 0 pak files mounted, 0 remain pending
[2019.10.21-14.41.08:006][  0]LogPakFile: Registered encryption key '00000000000000000000000000000000': 0 pak files mounted, 0 remain pending
[2019.10.21-14.41.08:020][  0]LogPakFile: Registered encryption key '00000000000000000000000000000000': 0 pak files mounted, 0 remain pending
[2019.10.21-14.41.08:025][  0]LogPakFile: Registered encryption key '00000000000000000000000000000000': 0 pak files mounted, 0 remain pending
[2019.10.21-14.41.08:029][  0]LogPakFile: Registered encryption key '00000000000000000000000000000000': 0 pak files mounted, 0 remain pending
[2019.10.21-14.41.08:070][  0]LogPakFile: Registered encryption key '00000000000000000000000000000000': 0 pak files mounted, 0 remain pending
[2019.10.21-14.41.08:074][  0]LogPakFile: Registered encryption key '00000000000000000000000000000000': 0 pak files mounted, 0 remain pending
[2019.10.21-14.41.08:078][  0]LogPakFile: Registered encryption key '00000000000000000000000000000000': 0 pak files mounted, 0 remain pending
[2019.10.21-14.41.08:082][  0]LogPakFile: Registered encryption key '00000000000000000000000000000000': 0 pak files mounted, 0 remain pending
[2019.10.21-14.41.08:086][  0]LogPakFile: Registered encryption key '00000000000000000000000000000000': 0 pak files mounted, 0 remain pending
[2019.10.21-14.41.08:090][  0]LogPakFile: Registered encryption key '00000000000000000000000000000000': 0 pak files mounted, 0 remain pending
[2019.10.21-14.41.08:094][  0]LogPakFile: Registered encryption key '00000000000000000000000000000000': 0 pak files mounted, 0 remain pending
[2019.10.21-14.41.08:098][  0]LogPakFile: Registered encryption key '00000000000000000000000000000000': 0 pak files mounted, 0 remain pending
[2019.10.21-14.41.08:102][  0]LogPakFile: Registered encryption key '00000000000000000000000000000000': 0 pak files mounted, 0 remain pending
[2019.10.21-14.41.08:106][  0]LogPakFile: Registered encryption key '00000000000000000000000000000000': 0 pak files mounted, 0 remain pending
[2019.10.21-14.41.08:111][  0]LogPakFile: Registered encryption key '00000000000000000000000000000000': 0 pak files mounted, 0 remain pending
[2019.10.21-14.41.08:115][  0]LogPakFile: Registered encryption key '00000000000000000000000000000000': 0 pak files mounted, 0 remain pending
[2019.10.21-14.41.08:119][  0]LogPakFile: Registered encryption key '00000000000000000000000000000000': 0 pak files mounted, 0 remain pending
[2019.10.21-14.41.08:695][  0]LogContentBrowser: Native class hierarchy updated for 'AddContentDialog' in 0.0007 seconds. Added 0 classes and 0 folders.
[2019.10.21-14.41.08:803][  0]LogContentBrowser: Native class hierarchy updated for 'SceneOutliner' in 0.0004 seconds. Added 1 classes and 2 folders.
[2019.10.21-14.41.08:867][  0]LogSlate: Took 0.000280 seconds to synchronously load lazily loaded font '../../../Engine/Content/Slate/Fonts/Roboto-Bold.ttf' (160K)
[2019.10.21-14.41.08:891][  0]LogSlate: Took 0.017337 seconds to synchronously load lazily loaded font '../../../Engine/Content/Editor/Slate/Fonts/FontAwesome.ttf' (139K)
[2019.10.21-14.41.08:929][  0]LogRenderer: Reallocating scene render targets to support 964x436 Format 10 NumSamples 1 (Frame:1).
[2019.10.21-14.41.09:002][  0]LogSlate: Took 0.016644 seconds to synchronously load lazily loaded font '../../../Engine/Content/Slate/Fonts/Roboto-Light.ttf' (167K)
[2019.10.21-14.41.09:134][  0]LogContentBrowser: Native class hierarchy updated for 'HierarchicalLODOutliner' in 0.0007 seconds. Added 0 classes and 0 folders.
[2019.10.21-14.41.09:135][  0]LogLoad: (Engine Initialization) Total time: 25.90 seconds
[2019.10.21-14.41.09:135][  0]LogLoad: (Engine Initialization) Total Blueprint compile time: 0.00 seconds
[2019.10.21-14.41.09:187][  0]LogAssetRegistry: Asset discovery search completed in 22.0223 seconds
[2019.10.21-14.41.09:189][  0]LogCollectionManager: Rebuilt the object cache for 0 collections in 0.000000 seconds (found 0 objects)
[2019.10.21-14.41.09:189][  0]LogCollectionManager: Fixed up redirectors for 0 collections in 0.000079 seconds (updated 0 objects)
[2019.10.21-14.41.09:189][  0]LogContentStreaming: Texture pool size now 1000 MB
[2019.10.21-14.41.10:173][ 48]LogSlate: Took 0.000168 seconds to synchronously load lazily loaded font '../../../Engine/Content/Slate/Fonts/Roboto-Light.ttf' (167K)
[2019.10.21-14.41.12:962][214]LogSlate: FSceneViewport::OnFocusLost() reason 0
[2019.10.21-14.41.13:065][219]LogAssetEditorManager: Opening Asset editor for Blueprint /Game/SteeringActor/BP_SteeringActor.BP_SteeringActor
[2019.10.21-14.41.13:422][219]LogContentBrowser: Native class hierarchy updated for 'BlueprintGraph' in 0.0006 seconds. Added 121 classes and 0 folders.
[2019.10.21-14.41.14:501][219]LogSlate: Took 0.013049 seconds to synchronously load lazily loaded font '../../../Engine/Content/Slate/Fonts/Roboto-BoldCondensed.ttf' (158K)
[2019.10.21-14.41.14:603][220]LogSlate: Took 0.000233 seconds to synchronously load lazily loaded font '../../../Engine/Content/Slate/Fonts/Roboto-Italic.ttf' (157K)
[2019.10.21-14.41.46:212][901]BlueprintLog: New page: Compile BP_SteeringActor
[2019.10.21-14.41.46:385][901]LogUObjectHash: Compacting FUObjectHashTables data took   3.07ms
[2019.10.21-14.41.58:360][592]LogAssetEditorManager: Opening Asset editor for Class /Script/PathFinding.MyPathBuilderActor
[2019.10.21-14.43.09:443][865]LogUnrealEdMisc: Warning: Heartbeat event firing too frequently (51.460 sec). This should never happen. Something is wrong with the timer delegate!
[2019.10.21-14.43.33:637][ 39]Candidate modules for hot reload:
[2019.10.21-14.43.33:637][ 39]  PathFinding
[2019.10.21-14.43.33:637][ 39]Launching UnrealBuildTool... [D:/Unreal/UE_4.22/Engine/Binaries/DotNET/UnrealBuildTool.exe  -ModuleWithSuffix=PathFinding,5868 Win64 Development -TargetType=Editor -Project="D:/Repos/GameAI/PathfindingLab/PathFinding.uproject" "D:/Repos/GameAI/PathfindingLab/PathFinding.uproject"  -IgnoreJunk]
[2019.10.21-14.43.33:638][ 39]Warning: Starting HotReload took  0.1s.
[2019.10.21-14.43.46:271][789]CompilerResultsLog: New page: Compilation - Oct 21, 2019, 6:43:46 AM
[2019.10.21-14.43.46:271][789]CompilerResultsLog: Using 'git status' to determine working set for adaptive non-unity build (D:\Repos\GameAI).
[2019.10.21-14.43.46:271][789]CompilerResultsLog: Creating makefile for PathFindingEditor (ini files are newer than makefile)
[2019.10.21-14.43.46:271][789]CompilerResultsLog: Parsing headers for PathFindingEditor
[2019.10.21-14.43.46:271][789]CompilerResultsLog:   Running UnrealHeaderTool "D:\Repos\GameAI\PathfindingLab\PathFinding.uproject" "D:\Repos\GameAI\PathfindingLab\Intermediate\Build\Win64\PathFindingEditor\Development\PathFindingEditor.uhtmanifest" -LogCmds="loginit warning, logexit warning, logdatabase error" -Unattended -WarningsAsErrors -installed
[2019.10.21-14.43.46:271][789]CompilerResultsLog: Reflection code generated for PathFindingEditor in 7.4181477 seconds
[2019.10.21-14.43.46:271][789]CompilerResultsLog: Using Visual Studio 2017 14.16.27023 toolchain (C:\Program Files (x86)\Microsoft Visual Studio\2017\Community\VC\Tools\MSVC\14.16.27023) and Windows 10.0.16299.0 SDK (C:\Program Files (x86)\Windows Kits\10).
[2019.10.21-14.43.46:271][789]CompilerResultsLog: Building 5 actions with 8 processes...
[2019.10.21-14.43.46:271][789]CompilerResultsLog:   [1/5] MyPathBuilderActor.cpp
[2019.10.21-14.43.46:271][789]CompilerResultsLog:   [2/5] MyPathBuilderActor.gen.cpp
[2019.10.21-14.43.46:271][789]CompilerResultsLog:   [3/5] UE4Editor-PathFinding-5868.lib
[2019.10.21-14.43.46:271][789]CompilerResultsLog:      Creating library D:\Repos\GameAI\PathfindingLab\Intermediate\Build\Win64\UE4Editor\Development\PathFinding\UE4Editor-PathFinding-5868.lib and object D:\Repos\GameAI\PathfindingLab\Intermediate\Build\Win64\UE4Editor\Development\PathFinding\UE4Editor-PathFinding-5868.exp
[2019.10.21-14.43.46:271][789]CompilerResultsLog:   [4/5] UE4Editor-PathFinding-5868.dll
[2019.10.21-14.43.46:271][789]CompilerResultsLog:      Creating library D:\Repos\GameAI\PathfindingLab\Intermediate\Build\Win64\UE4Editor\Development\PathFinding\UE4Editor-PathFinding-5868.suppressed.lib and object D:\Repos\GameAI\PathfindingLab\Intermediate\Build\Win64\UE4Editor\Development\PathFinding\UE4Editor-PathFinding-5868.suppressed.exp
[2019.10.21-14.43.46:271][789]CompilerResultsLog:   [5/5] PathFindingEditor.target
[2019.10.21-14.43.46:271][789]CompilerResultsLog: Total time in Parallel executor: 2.65 seconds
[2019.10.21-14.43.46:271][789]CompilerResultsLog: Total execution time: 12.40 seconds
[2019.10.21-14.43.46:271][789]LogMainFrame: MainFrame: Module compiling took 12.648 seconds
[2019.10.21-14.43.46:310][789]LogUObjectHash: Compacting FUObjectHashTables data took   4.25ms
[2019.10.21-14.43.46:311][789]LogBlueprintActionDatabase: Requesting refresh due to module change: PathFinding (unloaded)
[2019.10.21-14.43.46:326][789]LogBlueprintActionDatabase: Requesting refresh due to module change: PathFinding (loaded)
[2019.10.21-14.43.46:326][789]LogContentBrowser: Native class hierarchy updated for 'PathFinding' in 0.0004 seconds. Added 4 classes and 3 folders.
[2019.10.21-14.43.46:330][789]Display: HotReload successful (5 functions remapped  0 scriptstructs remapped)
[2019.10.21-14.43.46:473][789]LogUObjectHash: Compacting FUObjectHashTables data took   1.28ms
[2019.10.21-14.43.46:474][789]LogBlueprintActionDatabase: Requesting refresh due to hot reload
[2019.10.21-14.43.46:489][789]LogContentBrowser: Native class hierarchy populated in 0.0082 seconds. Added 2737 classes and 664 folders.
[2019.10.21-14.43.46:489][789]Display: HotReload took 13.0s.
[2019.10.21-14.44.02:572][661]LogSlate: FSceneViewport::OnFocusLost() reason 0
[2019.10.21-14.44.02:697][665]LogTemp: Repeating last play command: Selected Viewport
[2019.10.21-14.44.02:754][665]LogBlueprintUserMessages: Early PlayInEditor Detection: Level '/Game/PathfindingMap.PathfindingMap:PersistentLevel' has LevelScriptBlueprint '/Game/PathfindingMap.PathfindingMap:PersistentLevel.PathfindingMap' with GeneratedClass '/Game/PathfindingMap.PathfindingMap_C' with ClassGeneratedBy '/Game/PathfindingMap.PathfindingMap:PersistentLevel.PathfindingMap'
[2019.10.21-14.44.02:776][665]LogPlayLevel: PlayLevel: No blueprints needed recompiling
[2019.10.21-14.44.02:776][665]PIE: New page: PIE session: PathfindingMap (Oct 21, 2019, 6:44:02 AM)
[2019.10.21-14.44.02:823][665]LogPlayLevel: Creating play world package: /Game/UEDPIE_0_PathfindingMap
[2019.10.21-14.44.02:849][665]LogPlayLevel: PIE: StaticDuplicateObject took: (0.024855s)
[2019.10.21-14.44.02:849][665]LogAIModule: Creating AISystem for world PathfindingMap
[2019.10.21-14.44.02:850][665]LogPlayLevel: PIE: World Init took: (0.001016s)
[2019.10.21-14.44.02:850][665]LogPlayLevel: PIE: Created PIE world by copying editor world from /Game/PathfindingMap.PathfindingMap to /Game/UEDPIE_0_PathfindingMap.PathfindingMap (0.026393s)
[2019.10.21-14.44.02:920][665]LogUObjectHash: Compacting FUObjectHashTables data took   4.56ms
[2019.10.21-14.44.02:954][665]LogInit: XAudio2 using 'Speakers (USB Audio Device)' : 2 channels at 48 kHz using 16 bits per sample (channel mask 0x3)
[2019.10.21-14.44.02:965][665]LogInit: FAudioDevice initialized.
[2019.10.21-14.44.03:029][665]LogLoad: Game class is 'PathFindingGameMode_C'
[2019.10.21-14.44.03:207][665]LogWorld: Bringing World /Game/UEDPIE_0_PathfindingMap.PathfindingMap up for play (max tick rate 60) at 2019.10.21-10.44.03
[2019.10.21-14.44.03:208][665]LogWorld: Bringing up level for play took: 0.005451
[2019.10.21-14.44.03:552][665]LogBlueprintActionDatabase: Requesting refresh due to module change: Voice (loaded)
[2019.10.21-14.44.03:615][665]LogBlueprintActionDatabase: Requesting refresh due to module change: MovieSceneCapture (loaded)
[2019.10.21-14.44.03:617][665]LogContentBrowser: Native class hierarchy updated for 'MovieSceneCapture' in 0.0013 seconds. Added 20 classes and 0 folders.
[2019.10.21-14.44.03:732][665]LogOutputDevice: Warning: 

Script Stack (2 frames):
BP_SteeringActor_C.ExecuteUbergraph_BP_SteeringActor
BP_SteeringActor_C.ReceiveBeginPlay

[2019.10.21-14.44.03:733][665]LogWindows: Windows GetLastError: The operation completed successfully. (0)
[2019.10.21-14.44.05:649][665]LogWindows: Error: === Critical error: ===
[2019.10.21-14.44.05:649][665]LogWindows: Error: 
[2019.10.21-14.44.05:649][665]LogWindows: Error: Assertion failed: (Index >= 0) & (Index < ArrayNum) [File:D:\Unreal\UE_4.22\Engine\Source\Runtime\Core\Public\Containers/Array.h] [Line: 611] 
[2019.10.21-14.44.05:649][665]LogWindows: Error: Array index out of bounds: 0 from an array of size 0
[2019.10.21-14.44.05:649][665]LogWindows: Error: 
[2019.10.21-14.44.05:649][665]LogWindows: Error: 
[2019.10.21-14.44.05:649][665]LogWindows: Error: [Callstack] 0x00007ff8ad3ba839 KERNELBASE.dll!UnknownFunction []
[2019.10.21-14.44.05:649][665]LogWindows: Error: [Callstack] 0x00007ff83e061f37 UE4Editor-Core.dll!UnknownFunction []
[2019.10.21-14.44.05:649][665]LogWindows: Error: [Callstack] 0x00007ff83e0646e7 UE4Editor-Core.dll!UnknownFunction []
[2019.10.21-14.44.05:649][665]LogWindows: Error: [Callstack] 0x00007ff83de77d1a UE4Editor-Core.dll!UnknownFunction []
[2019.10.21-14.44.05:649][665]LogWindows: Error: [Callstack] 0x00007ff83ddffe33 UE4Editor-Core.dll!UnknownFunction []
[2019.10.21-14.44.05:649][665]LogWindows: Error: [Callstack] 0x00007ff83de004d0 UE4Editor-Core.dll!UnknownFunction []
[2019.10.21-14.44.05:649][665]LogWindows: Error: [Callstack] 0x00007ff80d66a0e8 UE4Editor-PathFinding-5868.dll!DispatchCheckVerify<void,<lambda_6d0d199a78f38ecd84298940caac76f1> >() [d:\unreal\ue_4.22\engine\source\runtime\core\public\misc\assertionmacros.h:162]
[2019.10.21-14.44.05:649][665]LogWindows: Error: [Callstack] 0x00007ff80d6633bf UE4Editor-PathFinding-5868.dll!AMyPathBuilderActor::getPath() [d:\repos\gameai\pathfindinglab\source\pathfinding\private\mypathbuilderactor.cpp:136]
[2019.10.21-14.44.05:649][665]LogWindows: Error: [Callstack] 0x00007ff80d66312e UE4Editor-PathFinding-5868.dll!AMyPathBuilderActor::execgetPath() [d:\repos\gameai\pathfindinglab\source\pathfinding\public\mypathbuilderactor.h:12]
[2019.10.21-14.44.05:650][665]LogWindows: Error: [Callstack] 0x00007ff83a32bac8 UE4Editor-CoreUObject.dll!UnknownFunction []
[2019.10.21-14.44.05:650][665]LogWindows: Error: [Callstack] 0x00007ff83a5200e2 UE4Editor-CoreUObject.dll!UnknownFunction []
[2019.10.21-14.44.05:650][665]LogWindows: Error: [Callstack] 0x00007ff83a53cbc1 UE4Editor-CoreUObject.dll!UnknownFunction []
[2019.10.21-14.44.05:650][665]LogWindows: Error: [Callstack] 0x00007ff83a55476f UE4Editor-CoreUObject.dll!UnknownFunction []
[2019.10.21-14.44.05:650][665]LogWindows: Error: [Callstack] 0x00007ff83a53e98d UE4Editor-CoreUObject.dll!UnknownFunction []
[2019.10.21-14.44.05:650][665]LogWindows: Error: [Callstack] 0x00007ff83a515efb UE4Editor-CoreUObject.dll!UnknownFunction []
[2019.10.21-14.44.05:650][665]LogWindows: Error: [Callstack] 0x00007ff83a53e6a9 UE4Editor-CoreUObject.dll!UnknownFunction []
[2019.10.21-14.44.05:650][665]LogWindows: Error: [Callstack] 0x00007ff83a53e98d UE4Editor-CoreUObject.dll!UnknownFunction []
[2019.10.21-14.44.05:650][665]LogWindows: Error: [Callstack] 0x00007ff83a53e378 UE4Editor-CoreUObject.dll!UnknownFunction []
[2019.10.21-14.44.05:650][665]LogWindows: Error: [Callstack] 0x00007ff83a32bac8 UE4Editor-CoreUObject.dll!UnknownFunction []
[2019.10.21-14.44.05:650][665]LogWindows: Error: [Callstack] 0x00007ff83a53df07 UE4Editor-CoreUObject.dll!UnknownFunction []
[2019.10.21-14.44.05:650][665]LogWindows: Error: [Callstack] 0x00007ff81e059ff3 UE4Editor-Engine.dll!UnknownFunction []
[2019.10.21-14.44.05:650][665]LogWindows: Error: [Callstack] 0x00007ff81e027358 UE4Editor-Engine.dll!UnknownFunction []
[2019.10.21-14.44.05:650][665]LogWindows: Error: [Callstack] 0x00007ff80d665bbf UE4Editor-PathFinding-5868.dll!ASteeringActor::BeginPlay() [d:\repos\gameai\pathfindinglab\source\pathfinding\steeringactor.cpp:20]
[2019.10.21-14.44.05:650][665]LogWindows: Error: [Callstack] 0x00007ff81e031af6 UE4Editor-Engine.dll!UnknownFunction []
[2019.10.21-14.44.05:650][665]LogWindows: Error: [Callstack] 0x00007ff81f14cb99 UE4Editor-Engine.dll!UnknownFunction []
[2019.10.21-14.44.05:650][665]LogWindows: Error: [Callstack] 0x00007ff81e6b2911 UE4Editor-Engine.dll!UnknownFunction []
[2019.10.21-14.44.05:650][665]LogWindows: Error: [Callstack] 0x00007ff81f10754e UE4Editor-Engine.dll!UnknownFunction []
[2019.10.21-14.44.05:650][665]LogWindows: Error: [Callstack] 0x00007ff81e6799af UE4Editor-Engine.dll!UnknownFunction []
[2019.10.21-14.44.05:650][665]LogWindows: Error: [Callstack] 0x00007ff8379ebe44 UE4Editor-UnrealEd.dll!UnknownFunction []
[2019.10.21-14.44.05:650][665]LogWindows: Error: [Callstack] 0x00007ff837a0b044 UE4Editor-UnrealEd.dll!UnknownFunction []
[2019.10.21-14.44.05:650][665]LogWindows: Error: [Callstack] 0x00007ff837a2319f UE4Editor-UnrealEd.dll!UnknownFunction []
[2019.10.21-14.44.05:650][665]LogWindows: Error: [Callstack] 0x00007ff8374ffc4a UE4Editor-UnrealEd.dll!UnknownFunction []
[2019.10.21-14.44.05:650][665]LogWindows: Error: [Callstack] 0x00007ff837d1d396 UE4Editor-UnrealEd.dll!UnknownFunction []
[2019.10.21-14.44.05:650][665]LogWindows: Error: [Callstack] 0x00007ff72ef46bb1 UE4Editor.exe!UnknownFunction []
[2019.10.21-14.44.05:650][665]LogWindows: Error: [Callstack] 0x00007ff72ef5554c UE4Editor.exe!UnknownFunction []
[2019.10.21-14.44.05:650][665]LogWindows: Error: [Callstack] 0x00007ff72ef555ca UE4Editor.exe!UnknownFunction []
[2019.10.21-14.44.05:650][665]LogWindows: Error: [Callstack] 0x00007ff72ef6316c UE4Editor.exe!UnknownFunction []
[2019.10.21-14.44.05:650][665]LogWindows: Error: [Callstack] 0x00007ff72ef65b8e UE4Editor.exe!UnknownFunction []
[2019.10.21-14.44.05:650][665]LogWindows: Error: [Callstack] 0x00007ff8ad647bd4 KERNEL32.DLL!UnknownFunction []
[2019.10.21-14.44.05:650][665]LogWindows: Error: [Callstack] 0x00007ff8af5eced1 ntdll.dll!UnknownFunction []
[2019.10.21-14.44.05:650][665]LogWindows: Error: 
[2019.10.21-14.44.05:665][665]LogExit: Executing StaticShutdownAfterError
[2019.10.21-14.44.05:683][665]LogWindows: FPlatformMisc::RequestExit(1)
[2019.10.21-14.44.05:717][665]Log file closed, 10/21/19 10:44:05
