Log file open, 11/15/19 15:13:20
LogWindows: Failed to load 'aqProf.dll' (GetLastError=126)
LogWindows: File 'aqProf.dll' does not exist
LogWindows: Failed to load 'VtuneApi.dll' (GetLastError=126)
LogWindows: File 'VtuneApi.dll' does not exist
LogWindows: Failed to load 'VtuneApi32e.dll' (GetLastError=126)
LogWindows: File 'VtuneApi32e.dll' does not exist
LogConsoleResponse: Display: Failed to find resolution value strings in scalability ini. Falling back to default.
LogInit: Display: Running engine for game: PathFinding
LogPakFile: Registered encryption key '00000000000000000000000000000000': 0 pak files mounted, 0 remain pending
LogPlatformFile: Not using cached read wrapper
LogTaskGraph: Started task graph with 5 named threads and 23 total threads with 3 sets of task threads.
LogStats: Stats thread started at 0.664223
LogD3D11RHI: Loaded GFSDK_Aftermath_Lib.x64.dll
LogICUInternationalization: ICU TimeZone Detection - Raw Offset: -5:00, Platform Override: ''
LogPluginManager: Mounting plugin Paper2D
LogPluginManager: Mounting plugin AISupport
LogPluginManager: Mounting plugin LightPropagationVolume
LogPluginManager: Mounting plugin ActorLayerUtilities
LogPluginManager: Mounting plugin AnimationSharing
LogPluginManager: Mounting plugin CLionSourceCodeAccess
LogPluginManager: Mounting plugin CodeLiteSourceCodeAccess
LogPluginManager: Mounting plugin GitSourceControl
LogPluginManager: Mounting plugin KDevelopSourceCodeAccess
LogPluginManager: Mounting plugin NullSourceCodeAccess
LogPluginManager: Mounting plugin PerforceSourceControl
LogPluginManager: Mounting plugin SubversionSourceControl
LogPluginManager: Mounting plugin UObjectPlugin
LogPluginManager: Mounting plugin VisualStudioCodeSourceCodeAccess
LogPluginManager: Mounting plugin VisualStudioSourceCodeAccess
LogPluginManager: Mounting plugin XCodeSourceCodeAccess
LogPluginManager: Mounting plugin AssetManagerEditor
LogPluginManager: Mounting plugin CryptoKeys
LogPluginManager: Mounting plugin DataValidation
LogPluginManager: Mounting plugin FacialAnimation
LogPluginManager: Mounting plugin GameplayTagsEditor
LogPluginManager: Mounting plugin MacGraphicsSwitching
LogPluginManager: Mounting plugin MaterialAnalyzer
LogPluginManager: Mounting plugin MobileLauncherProfileWizard
LogPluginManager: Mounting plugin PluginBrowser
LogPluginManager: Mounting plugin SpeedTreeImporter
LogPluginManager: Mounting plugin DatasmithContent
LogPluginManager: Mounting plugin VariantManagerContent
LogPluginManager: Mounting plugin AlembicImporter
LogPluginManager: Mounting plugin AppleImageUtils
LogPluginManager: Mounting plugin AppleVision
LogPluginManager: Mounting plugin BackChannel
LogPluginManager: Mounting plugin CharacterAI
LogPluginManager: Mounting plugin GeometryCache
LogPluginManager: Mounting plugin HTML5Networking
LogPluginManager: Mounting plugin ProxyLODPlugin
LogPluginManager: Mounting plugin SkeletalReduction
LogPluginManager: Mounting plugin MagicLeap
LogPluginManager: Mounting plugin MagicLeapMedia
LogPluginManager: Mounting plugin AndroidMedia
LogPluginManager: Mounting plugin AvfMedia
LogPluginManager: Mounting plugin ImgMedia
LogPluginManager: Mounting plugin LinearTimecode
LogPluginManager: Mounting plugin MediaCompositing
LogPluginManager: Mounting plugin MediaPlayerEditor
LogPluginManager: Mounting plugin WebMMedia
LogPluginManager: Mounting plugin WmfMedia
LogPluginManager: Mounting plugin TcpMessaging
LogPluginManager: Mounting plugin UdpMessaging
LogPluginManager: Mounting plugin ActorSequence
LogPluginManager: Mounting plugin LevelSequenceEditor
LogPluginManager: Mounting plugin MatineeToLevelSequence
LogPluginManager: Mounting plugin NetcodeUnitTest
LogPluginManager: Mounting plugin NUTUnrealEngine4
LogPluginManager: Mounting plugin OnlineSubsystemGooglePlay
LogPluginManager: Mounting plugin OnlineSubsystemIOS
LogPluginManager: Mounting plugin OnlineSubsystem
LogPluginManager: Mounting plugin OnlineSubsystemNull
LogPluginManager: Mounting plugin OnlineSubsystemUtils
LogPluginManager: Mounting plugin LauncherChunkInstaller
LogPluginManager: Mounting plugin AndroidDeviceProfileSelector
LogPluginManager: Mounting plugin AndroidMoviePlayer
LogPluginManager: Mounting plugin AndroidPermission
LogPluginManager: Mounting plugin AppleMoviePlayer
LogPluginManager: Mounting plugin ArchVisCharacter
LogPluginManager: Mounting plugin AudioCapture
LogPluginManager: Mounting plugin CableComponent
LogPluginManager: Mounting plugin CustomMeshComponent
LogPluginManager: Mounting plugin EditableMesh
LogPluginManager: Mounting plugin ExampleDeviceProfileSelector
LogPluginManager: Mounting plugin Firebase
LogPluginManager: Mounting plugin GoogleCloudMessaging
LogPluginManager: Mounting plugin IOSDeviceProfileSelector
LogPluginManager: Mounting plugin LinuxDeviceProfileSelector
LogPluginManager: Mounting plugin LocationServicesBPLibrary
LogPluginManager: Mounting plugin MobilePatchingUtils
LogPluginManager: Mounting plugin OculusVR
LogPluginManager: Mounting plugin PhysXVehicles
LogPluginManager: Mounting plugin ProceduralMeshComponent
LogPluginManager: Mounting plugin RuntimePhysXCooking
LogPluginManager: Mounting plugin SignificanceManager
LogPluginManager: Mounting plugin SteamVR
LogPluginManager: Mounting plugin WebMMoviePlayer
LogPluginManager: Mounting plugin WindowsMoviePlayer
LogInit: Using libcurl 7.55.1-DEV
LogInit:  - built for x86_64-pc-win32
LogInit:  - supports SSL with OpenSSL/1.1.1
LogInit:  - supports HTTP deflate (compression) using libz 1.2.8
LogInit:  - other features:
LogInit:      CURL_VERSION_SSL
LogInit:      CURL_VERSION_LIBZ
LogInit:      CURL_VERSION_IPV6
LogInit:      CURL_VERSION_ASYNCHDNS
LogInit:      CURL_VERSION_LARGEFILE
LogInit:      CURL_VERSION_IDN
LogInit:  CurlRequestOptions (configurable via config and command line):
LogInit:  - bVerifyPeer = true  - Libcurl will verify peer certificate
LogInit:  - bUseHttpProxy = false  - Libcurl will NOT use HTTP proxy
LogInit:  - bDontReuseConnections = false  - Libcurl will reuse connections
LogInit:  - MaxHostConnections = 16  - Libcurl will limit the number of connections to a host
LogInit:  - LocalHostAddr = Default
LogInit:  - BufferSize = 65536
LogInit: WinSock: version 1.1 (2.2), MaxSocks=32767, MaxUdp=65467
LogInit: Build: ++UE4+Release-4.22-CL-7053642
LogInit: Engine Version: 4.22.3-7053642+++UE4+Release-4.22
LogInit: Compatible Engine Version: 4.22.0-5660361+++UE4+Release-4.22
LogInit: Net CL: 5660361
LogInit: OS: Windows 10 (Release 1903) (), CPU: Intel(R) Core(TM) i7-7700HQ CPU @ 2.80GHz, GPU: Intel(R) HD Graphics 630
LogInit: Compiled (64-bit): Jun 18 2019 03:09:11
LogInit: Compiled with Visual C++: 19.16.27025.01
LogInit: Build Configuration: Development
LogInit: Branch Name: ++UE4+Release-4.22
LogInit: Command Line:  -skipcompile
LogInit: Base Directory: D:/EpicGames/UE_4.22/Engine/Binaries/Win64/
LogInit: Installed Engine Build: 1
LogDevObjectVersion: Number of dev versions registered: 23
LogDevObjectVersion:   Dev-Blueprints (B0D832E4-1F89-4F0D-ACCF-7EB736FD4AA2): 10
LogDevObjectVersion:   Dev-Build (E1C64328-A22C-4D53-A36C-8E866417BD8C): 0
LogDevObjectVersion:   Dev-Core (375EC13C-06E4-48FB-B500-84F0262A717E): 3
LogDevObjectVersion:   Dev-Editor (E4B068ED-F494-42E9-A231-DA0B2E46BB41): 30
LogDevObjectVersion:   Dev-Framework (CFFC743F-43B0-4480-9391-14DF171D2073): 35
LogDevObjectVersion:   Dev-Mobile (B02B49B5-BB20-44E9-A304-32B752E40360): 2
LogDevObjectVersion:   Dev-Networking (A4E4105C-59A1-49B5-A7C5-40C4547EDFEE): 0
LogDevObjectVersion:   Dev-Online (39C831C9-5AE6-47DC-9A44-9C173E1C8E7C): 0
LogDevObjectVersion:   Dev-Physics (78F01B33-EBEA-4F98-B9B4-84EACCB95AA2): 0
LogDevObjectVersion:   Dev-Platform (6631380F-2D4D-43E0-8009-CF276956A95A): 0
LogDevObjectVersion:   Dev-Rendering (12F88B9F-8875-4AFC-A67C-D90C383ABD29): 28
LogDevObjectVersion:   Dev-Sequencer (7B5AE74C-D270-4C10-A958-57980B212A5A): 11
LogDevObjectVersion:   Dev-VR (D7296918-1DD6-4BDD-9DE2-64A83CC13884): 2
LogDevObjectVersion:   Dev-LoadTimes (C2A15278-BFE7-4AFE-6C17-90FF531DF755): 1
LogDevObjectVersion:   Private-Geometry (6EACA3D4-40EC-4CC1-B786-8BED09428FC5): 3
LogDevObjectVersion:   Dev-AnimPhys (29E575DD-E0A3-4627-9D10-D276232CDCEA): 17
LogDevObjectVersion:   Dev-Anim (AF43A65D-7FD3-4947-9873-3E8ED9C1BB05): 2
LogDevObjectVersion:   Dev-ReflectionCapture (6B266CEC-1EC7-4B8F-A30B-E4D90942FC07): 1
LogDevObjectVersion:   Dev-Automation (0DF73D61-A23F-47EA-B727-89E90C41499A): 1
LogDevObjectVersion:   FortniteMain (601D1886-AC64-4F84-AA16-D3DE0DEAC7D6): 25
LogDevObjectVersion:   Dev-Enterprise (9DFFBCD6-494F-0158-E221-12823C92A888): 6
LogDevObjectVersion:   Dev-Niagara (F2AED0AC-9AFE-416F-8664-AA7FFA26D6FC): 1
LogDevObjectVersion:   Dev-Destruction (174F1F0B-B4C6-45A5-B13F-2EE8D0FB917D): 2
LogInit: Presizing for max 16777216 objects, including 0 objects not considered by GC, pre-allocating 0 bytes for permanent pool.
LogInit: Object subsystem initialized
LogConfig: Setting CVar [[con.DebugEarlyDefault:1]]
LogConfig: Setting CVar [[r.setres:1280x720]]
[2019.11.15-20.13.21:074][  0]LogConfig: Setting CVar [[r.VSync:0]]
[2019.11.15-20.13.21:074][  0]LogConfig: Setting CVar [[r.RHICmdBypass:0]]
[2019.11.15-20.13.21:075][  0]LogConfig: Applying CVar settings from Section [/Script/Engine.RendererSettings] File [D:/Git/GameAI/PathfindingLab/Saved/Config/Windows/Engine.ini]
[2019.11.15-20.13.21:075][  0]LogConfig: Setting CVar [[r.GPUCrashDebugging:0]]
[2019.11.15-20.13.21:075][  0]LogConfig: Setting CVar [[r.DefaultFeature.AutoExposure.ExtendDefaultLuminanceRange:1]]
[2019.11.15-20.13.21:075][  0]LogConfig: Applying CVar settings from Section [/Script/Engine.RendererOverrideSettings] File [D:/Git/GameAI/PathfindingLab/Saved/Config/Windows/Engine.ini]
[2019.11.15-20.13.21:075][  0]LogConfig: Applying CVar settings from Section [/Script/Engine.StreamingSettings] File [D:/Git/GameAI/PathfindingLab/Saved/Config/Windows/Engine.ini]
[2019.11.15-20.13.21:075][  0]LogConfig: Setting CVar [[s.MinBulkDataSizeForAsyncLoading:131072]]
[2019.11.15-20.13.21:076][  0]LogConfig: Setting CVar [[s.AsyncLoadingThreadEnabled:0]]
[2019.11.15-20.13.21:076][  0]LogConfig: Setting CVar [[s.EventDrivenLoaderEnabled:1]]
[2019.11.15-20.13.21:076][  0]LogConfig: Setting CVar [[s.WarnIfTimeLimitExceeded:0]]
[2019.11.15-20.13.21:076][  0]LogConfig: Setting CVar [[s.TimeLimitExceededMultiplier:1.5]]
[2019.11.15-20.13.21:076][  0]LogConfig: Setting CVar [[s.TimeLimitExceededMinTime:0.005]]
[2019.11.15-20.13.21:076][  0]LogConfig: Setting CVar [[s.UseBackgroundLevelStreaming:1]]
[2019.11.15-20.13.21:076][  0]LogConfig: Setting CVar [[s.PriorityAsyncLoadingExtraTime:15.0]]
[2019.11.15-20.13.21:076][  0]LogConfig: Setting CVar [[s.LevelStreamingActorsUpdateTimeLimit:5.0]]
[2019.11.15-20.13.21:076][  0]LogConfig: Setting CVar [[s.PriorityLevelStreamingActorsUpdateExtraTime:5.0]]
[2019.11.15-20.13.21:076][  0]LogConfig: Setting CVar [[s.LevelStreamingComponentsRegistrationGranularity:10]]
[2019.11.15-20.13.21:076][  0]LogConfig: Setting CVar [[s.UnregisterComponentsTimeLimit:1.0]]
[2019.11.15-20.13.21:077][  0]LogConfig: Setting CVar [[s.LevelStreamingComponentsUnregistrationGranularity:5]]
[2019.11.15-20.13.21:077][  0]LogConfig: Applying CVar settings from Section [/Script/Engine.GarbageCollectionSettings] File [D:/Git/GameAI/PathfindingLab/Saved/Config/Windows/Engine.ini]
[2019.11.15-20.13.21:077][  0]LogConfig: Setting CVar [[gc.MaxObjectsNotConsideredByGC:1]]
[2019.11.15-20.13.21:077][  0]LogConfig: Setting CVar [[gc.SizeOfPermanentObjectPool:0]]
[2019.11.15-20.13.21:077][  0]LogConfig: Setting CVar [[gc.FlushStreamingOnGC:0]]
[2019.11.15-20.13.21:077][  0]LogConfig: Setting CVar [[gc.NumRetriesBeforeForcingGC:10]]
[2019.11.15-20.13.21:077][  0]LogConfig: Setting CVar [[gc.AllowParallelGC:1]]
[2019.11.15-20.13.21:077][  0]LogConfig: Setting CVar [[gc.TimeBetweenPurgingPendingKillObjects:61.1]]
[2019.11.15-20.13.21:077][  0]LogConfig: Setting CVar [[gc.MaxObjectsInEditor:16777216]]
[2019.11.15-20.13.21:078][  0]LogConfig: Setting CVar [[gc.IncrementalBeginDestroyEnabled:1]]
[2019.11.15-20.13.21:078][  0]LogConfig: Setting CVar [[gc.CreateGCClusters:1]]
[2019.11.15-20.13.21:078][  0]LogConfig: Setting CVar [[gc.MinGCClusterSize:5]]
[2019.11.15-20.13.21:078][  0]LogConfig: Setting CVar [[gc.ActorClusteringEnabled:0]]
[2019.11.15-20.13.21:078][  0]LogConfig: Setting CVar [[gc.BlueprintClusteringEnabled:0]]
[2019.11.15-20.13.21:078][  0]LogConfig: Setting CVar [[gc.UseDisregardForGCOnDedicatedServers:0]]
[2019.11.15-20.13.21:078][  0]LogConfig: Applying CVar settings from Section [/Script/Engine.NetworkSettings] File [D:/Git/GameAI/PathfindingLab/Saved/Config/Windows/Engine.ini]
[2019.11.15-20.13.21:078][  0]LogConfig: Applying CVar settings from Section [/Script/UnrealEd.CookerSettings] File [D:/Git/GameAI/PathfindingLab/Saved/Config/Windows/Engine.ini]
[2019.11.15-20.13.21:087][  0]LogConfig: Applying CVar settings from Section [ViewDistanceQuality@3] File [D:/Git/GameAI/PathfindingLab/Saved/Config/Windows/Scalability.ini]
[2019.11.15-20.13.21:087][  0]LogConfig: Setting CVar [[r.SkeletalMeshLODBias:0]]
[2019.11.15-20.13.21:087][  0]LogConfig: Setting CVar [[r.ViewDistanceScale:1.0]]
[2019.11.15-20.13.21:087][  0]LogConfig: Applying CVar settings from Section [AntiAliasingQuality@3] File [D:/Git/GameAI/PathfindingLab/Saved/Config/Windows/Scalability.ini]
[2019.11.15-20.13.21:087][  0]LogConfig: Setting CVar [[r.PostProcessAAQuality:4]]
[2019.11.15-20.13.21:087][  0]LogConfig: Applying CVar settings from Section [ShadowQuality@3] File [D:/Git/GameAI/PathfindingLab/Saved/Config/Windows/Scalability.ini]
[2019.11.15-20.13.21:087][  0]LogConfig: Setting CVar [[r.LightFunctionQuality:1]]
[2019.11.15-20.13.21:087][  0]LogConfig: Setting CVar [[r.ShadowQuality:5]]
[2019.11.15-20.13.21:087][  0]LogConfig: Setting CVar [[r.Shadow.CSM.MaxCascades:10]]
[2019.11.15-20.13.21:087][  0]LogConfig: Setting CVar [[r.Shadow.MaxResolution:2048]]
[2019.11.15-20.13.21:087][  0]LogConfig: Setting CVar [[r.Shadow.MaxCSMResolution:2048]]
[2019.11.15-20.13.21:087][  0]LogConfig: Setting CVar [[r.Shadow.RadiusThreshold:0.01]]
[2019.11.15-20.13.21:088][  0]LogConfig: Setting CVar [[r.Shadow.DistanceScale:1.0]]
[2019.11.15-20.13.21:088][  0]LogConfig: Setting CVar [[r.Shadow.CSM.TransitionScale:1.0]]
[2019.11.15-20.13.21:088][  0]LogConfig: Setting CVar [[r.Shadow.PreShadowResolutionFactor:1.0]]
[2019.11.15-20.13.21:088][  0]LogConfig: Setting CVar [[r.DistanceFieldShadowing:1]]
[2019.11.15-20.13.21:088][  0]LogConfig: Setting CVar [[r.DistanceFieldAO:1]]
[2019.11.15-20.13.21:088][  0]LogConfig: Setting CVar [[r.AOQuality:2]]
[2019.11.15-20.13.21:088][  0]LogConfig: Setting CVar [[r.VolumetricFog:1]]
[2019.11.15-20.13.21:088][  0]LogConfig: Setting CVar [[r.VolumetricFog.GridPixelSize:8]]
[2019.11.15-20.13.21:088][  0]LogConfig: Setting CVar [[r.VolumetricFog.GridSizeZ:128]]
[2019.11.15-20.13.21:088][  0]LogConfig: Setting CVar [[r.VolumetricFog.HistoryMissSupersampleCount:4]]
[2019.11.15-20.13.21:088][  0]LogConfig: Setting CVar [[r.LightMaxDrawDistanceScale:1]]
[2019.11.15-20.13.21:088][  0]LogConfig: Setting CVar [[r.CapsuleShadows:1]]
[2019.11.15-20.13.21:088][  0]LogConfig: Applying CVar settings from Section [PostProcessQuality@3] File [D:/Git/GameAI/PathfindingLab/Saved/Config/Windows/Scalability.ini]
[2019.11.15-20.13.21:088][  0]LogConfig: Setting CVar [[r.MotionBlurQuality:4]]
[2019.11.15-20.13.21:088][  0]LogConfig: Setting CVar [[r.AmbientOcclusionMipLevelFactor:0.4]]
[2019.11.15-20.13.21:089][  0]LogConfig: Setting CVar [[r.AmbientOcclusionMaxQuality:100]]
[2019.11.15-20.13.21:089][  0]LogConfig: Setting CVar [[r.AmbientOcclusionLevels:-1]]
[2019.11.15-20.13.21:089][  0]LogConfig: Setting CVar [[r.AmbientOcclusionRadiusScale:1.0]]
[2019.11.15-20.13.21:089][  0]LogConfig: Setting CVar [[r.DepthOfFieldQuality:2]]
[2019.11.15-20.13.21:089][  0]LogConfig: Setting CVar [[r.RenderTargetPoolMin:400]]
[2019.11.15-20.13.21:089][  0]LogConfig: Setting CVar [[r.LensFlareQuality:2]]
[2019.11.15-20.13.21:089][  0]LogConfig: Setting CVar [[r.SceneColorFringeQuality:1]]
[2019.11.15-20.13.21:089][  0]LogConfig: Setting CVar [[r.EyeAdaptationQuality:2]]
[2019.11.15-20.13.21:089][  0]LogConfig: Setting CVar [[r.BloomQuality:5]]
[2019.11.15-20.13.21:089][  0]LogConfig: Setting CVar [[r.FastBlurThreshold:100]]
[2019.11.15-20.13.21:089][  0]LogConfig: Setting CVar [[r.Upscale.Quality:3]]
[2019.11.15-20.13.21:089][  0]LogConfig: Setting CVar [[r.Tonemapper.GrainQuantization:1]]
[2019.11.15-20.13.21:089][  0]LogConfig: Setting CVar [[r.LightShaftQuality:1]]
[2019.11.15-20.13.21:089][  0]LogConfig: Setting CVar [[r.Filter.SizeScale:1]]
[2019.11.15-20.13.21:090][  0]LogConfig: Setting CVar [[r.Tonemapper.Quality:5]]
[2019.11.15-20.13.21:090][  0]LogConfig: Setting CVar [[r.DOF.Gather.AccumulatorQuality:1        ; higher gathering accumulator quality]]
[2019.11.15-20.13.21:090][  0]LogConfig: Setting CVar [[r.DOF.Gather.PostfilterMethod:1          ; Median3x3 postfilering method]]
[2019.11.15-20.13.21:090][  0]LogConfig: Setting CVar [[r.DOF.Gather.EnableBokehSettings:0       ; no bokeh simulation when gathering]]
[2019.11.15-20.13.21:090][  0]LogConfig: Setting CVar [[r.DOF.Gather.RingCount:4                 ; medium number of samples when gathering]]
[2019.11.15-20.13.21:090][  0]LogConfig: Setting CVar [[r.DOF.Scatter.ForegroundCompositing:1    ; additive foreground scattering]]
[2019.11.15-20.13.21:090][  0]LogConfig: Setting CVar [[r.DOF.Scatter.BackgroundCompositing:2    ; additive background scattering]]
[2019.11.15-20.13.21:090][  0]LogConfig: Setting CVar [[r.DOF.Scatter.EnableBokehSettings:1      ; bokeh simulation when scattering]]
[2019.11.15-20.13.21:090][  0]LogConfig: Setting CVar [[r.DOF.Scatter.MaxSpriteRatio:0.1         ; only a maximum of 10% of scattered bokeh]]
[2019.11.15-20.13.21:090][  0]LogConfig: Setting CVar [[r.DOF.Recombine.Quality:1                ; cheap slight out of focus]]
[2019.11.15-20.13.21:090][  0]LogConfig: Setting CVar [[r.DOF.Recombine.EnableBokehSettings:0    ; no bokeh simulation on slight out of focus]]
[2019.11.15-20.13.21:090][  0]LogConfig: Setting CVar [[r.DOF.TemporalAAQuality:1                ; more stable temporal accumulation]]
[2019.11.15-20.13.21:090][  0]LogConfig: Setting CVar [[r.DOF.Kernel.MaxForegroundRadius:0.025]]
[2019.11.15-20.13.21:090][  0]LogConfig: Setting CVar [[r.DOF.Kernel.MaxBackgroundRadius:0.025]]
[2019.11.15-20.13.21:090][  0]LogConfig: Applying CVar settings from Section [TextureQuality@3] File [D:/Git/GameAI/PathfindingLab/Saved/Config/Windows/Scalability.ini]
[2019.11.15-20.13.21:091][  0]LogConfig: Setting CVar [[r.Streaming.MipBias:0]]
[2019.11.15-20.13.21:091][  0]LogConfig: Setting CVar [[r.Streaming.AmortizeCPUToGPUCopy:0]]
[2019.11.15-20.13.21:091][  0]LogConfig: Setting CVar [[r.Streaming.MaxNumTexturesToStreamPerFrame:0]]
[2019.11.15-20.13.21:091][  0]LogConfig: Setting CVar [[r.Streaming.Boost:1]]
[2019.11.15-20.13.21:091][  0]LogConfig: Setting CVar [[r.MaxAnisotropy:8]]
[2019.11.15-20.13.21:091][  0]LogConfig: Setting CVar [[r.Streaming.LimitPoolSizeToVRAM:0]]
[2019.11.15-20.13.21:091][  0]LogConfig: Setting CVar [[r.Streaming.PoolSize:1000]]
[2019.11.15-20.13.21:091][  0]LogConfig: Setting CVar [[r.Streaming.MaxEffectiveScreenSize:0]]
[2019.11.15-20.13.21:091][  0]LogConfig: Applying CVar settings from Section [EffectsQuality@3] File [D:/Git/GameAI/PathfindingLab/Saved/Config/Windows/Scalability.ini]
[2019.11.15-20.13.21:091][  0]LogConfig: Setting CVar [[r.TranslucencyLightingVolumeDim:64]]
[2019.11.15-20.13.21:091][  0]LogConfig: Setting CVar [[r.RefractionQuality:2]]
[2019.11.15-20.13.21:091][  0]LogConfig: Setting CVar [[r.SSR.Quality:3]]
[2019.11.15-20.13.21:091][  0]LogConfig: Setting CVar [[r.SceneColorFormat:4]]
[2019.11.15-20.13.21:091][  0]LogConfig: Setting CVar [[r.DetailMode:2]]
[2019.11.15-20.13.21:091][  0]LogConfig: Setting CVar [[r.TranslucencyVolumeBlur:1]]
[2019.11.15-20.13.21:091][  0]LogConfig: Setting CVar [[r.MaterialQualityLevel:1 ; High quality]]
[2019.11.15-20.13.21:092][  0]LogConfig: Setting CVar [[r.SSS.Scale:1]]
[2019.11.15-20.13.21:092][  0]LogConfig: Setting CVar [[r.SSS.SampleSet:2]]
[2019.11.15-20.13.21:092][  0]LogConfig: Setting CVar [[r.SSS.Quality:1]]
[2019.11.15-20.13.21:092][  0]LogConfig: Setting CVar [[r.SSS.HalfRes:1]]
[2019.11.15-20.13.21:092][  0]LogConfig: Setting CVar [[r.EmitterSpawnRateScale:1.0]]
[2019.11.15-20.13.21:092][  0]LogConfig: Setting CVar [[r.ParticleLightQuality:2]]
[2019.11.15-20.13.21:092][  0]LogConfig: Applying CVar settings from Section [FoliageQuality@3] File [D:/Git/GameAI/PathfindingLab/Saved/Config/Windows/Scalability.ini]
[2019.11.15-20.13.21:092][  0]LogConfig: Setting CVar [[foliage.DensityScale:1.0]]
[2019.11.15-20.13.21:092][  0]LogConfig: Setting CVar [[grass.DensityScale:1.0]]
[2019.11.15-20.13.21:092][  0]LogInit: Selected Device Profile: [Windows]
[2019.11.15-20.13.21:092][  0]LogInit: Applying CVar settings loaded from the selected device profile: [Windows]
[2019.11.15-20.13.21:107][  0]LogHAL: Display: Platform has ~ 16 GB [17039638528 / 17179869184 / 16], which maps to Larger [LargestMinGB=32, LargerMinGB=12, DefaultMinGB=8, SmallerMinGB=6, SmallestMinGB=0)
[2019.11.15-20.13.21:107][  0]LogConfig: Setting CVar [[r.Vulkan.UseRealUBs:0		; Required until we fix HLR fall-out]]
[2019.11.15-20.13.21:107][  0]LogInit: Going up to parent DeviceProfile []
[2019.11.15-20.13.21:108][  0]LogConfig: Applying CVar settings from Section [ViewDistanceQuality@3] File [D:/Git/GameAI/PathfindingLab/Saved/Config/Windows/Scalability.ini]
[2019.11.15-20.13.21:108][  0]LogConfig: Setting CVar [[r.SkeletalMeshLODBias:0]]
[2019.11.15-20.13.21:108][  0]LogConfig: Setting CVar [[r.ViewDistanceScale:1.0]]
[2019.11.15-20.13.21:108][  0]LogConfig: Applying CVar settings from Section [AntiAliasingQuality@3] File [D:/Git/GameAI/PathfindingLab/Saved/Config/Windows/Scalability.ini]
[2019.11.15-20.13.21:108][  0]LogConfig: Setting CVar [[r.PostProcessAAQuality:4]]
[2019.11.15-20.13.21:108][  0]LogConfig: Applying CVar settings from Section [ShadowQuality@3] File [D:/Git/GameAI/PathfindingLab/Saved/Config/Windows/Scalability.ini]
[2019.11.15-20.13.21:108][  0]LogConfig: Setting CVar [[r.LightFunctionQuality:1]]
[2019.11.15-20.13.21:108][  0]LogConfig: Setting CVar [[r.ShadowQuality:5]]
[2019.11.15-20.13.21:108][  0]LogConfig: Setting CVar [[r.Shadow.CSM.MaxCascades:10]]
[2019.11.15-20.13.21:108][  0]LogConfig: Setting CVar [[r.Shadow.MaxResolution:2048]]
[2019.11.15-20.13.21:108][  0]LogConfig: Setting CVar [[r.Shadow.MaxCSMResolution:2048]]
[2019.11.15-20.13.21:108][  0]LogConfig: Setting CVar [[r.Shadow.RadiusThreshold:0.01]]
[2019.11.15-20.13.21:109][  0]LogConfig: Setting CVar [[r.Shadow.DistanceScale:1.0]]
[2019.11.15-20.13.21:109][  0]LogConfig: Setting CVar [[r.Shadow.CSM.TransitionScale:1.0]]
[2019.11.15-20.13.21:109][  0]LogConfig: Setting CVar [[r.Shadow.PreShadowResolutionFactor:1.0]]
[2019.11.15-20.13.21:109][  0]LogConfig: Setting CVar [[r.DistanceFieldShadowing:1]]
[2019.11.15-20.13.21:109][  0]LogConfig: Setting CVar [[r.DistanceFieldAO:1]]
[2019.11.15-20.13.21:109][  0]LogConfig: Setting CVar [[r.AOQuality:2]]
[2019.11.15-20.13.21:109][  0]LogConfig: Setting CVar [[r.VolumetricFog:1]]
[2019.11.15-20.13.21:109][  0]LogConfig: Setting CVar [[r.VolumetricFog.GridPixelSize:8]]
[2019.11.15-20.13.21:109][  0]LogConfig: Setting CVar [[r.VolumetricFog.GridSizeZ:128]]
[2019.11.15-20.13.21:109][  0]LogConfig: Setting CVar [[r.VolumetricFog.HistoryMissSupersampleCount:4]]
[2019.11.15-20.13.21:109][  0]LogConfig: Setting CVar [[r.LightMaxDrawDistanceScale:1]]
[2019.11.15-20.13.21:109][  0]LogConfig: Setting CVar [[r.CapsuleShadows:1]]
[2019.11.15-20.13.21:109][  0]LogConfig: Applying CVar settings from Section [PostProcessQuality@3] File [D:/Git/GameAI/PathfindingLab/Saved/Config/Windows/Scalability.ini]
[2019.11.15-20.13.21:109][  0]LogConfig: Setting CVar [[r.MotionBlurQuality:4]]
[2019.11.15-20.13.21:109][  0]LogConfig: Setting CVar [[r.AmbientOcclusionMipLevelFactor:0.4]]
[2019.11.15-20.13.21:110][  0]LogConfig: Setting CVar [[r.AmbientOcclusionMaxQuality:100]]
[2019.11.15-20.13.21:110][  0]LogConfig: Setting CVar [[r.AmbientOcclusionLevels:-1]]
[2019.11.15-20.13.21:110][  0]LogConfig: Setting CVar [[r.AmbientOcclusionRadiusScale:1.0]]
[2019.11.15-20.13.21:110][  0]LogConfig: Setting CVar [[r.DepthOfFieldQuality:2]]
[2019.11.15-20.13.21:110][  0]LogConfig: Setting CVar [[r.RenderTargetPoolMin:400]]
[2019.11.15-20.13.21:110][  0]LogConfig: Setting CVar [[r.LensFlareQuality:2]]
[2019.11.15-20.13.21:110][  0]LogConfig: Setting CVar [[r.SceneColorFringeQuality:1]]
[2019.11.15-20.13.21:110][  0]LogConfig: Setting CVar [[r.EyeAdaptationQuality:2]]
[2019.11.15-20.13.21:110][  0]LogConfig: Setting CVar [[r.BloomQuality:5]]
[2019.11.15-20.13.21:110][  0]LogConfig: Setting CVar [[r.FastBlurThreshold:100]]
[2019.11.15-20.13.21:110][  0]LogConfig: Setting CVar [[r.Upscale.Quality:3]]
[2019.11.15-20.13.21:110][  0]LogConfig: Setting CVar [[r.Tonemapper.GrainQuantization:1]]
[2019.11.15-20.13.21:110][  0]LogConfig: Setting CVar [[r.LightShaftQuality:1]]
[2019.11.15-20.13.21:111][  0]LogConfig: Setting CVar [[r.Filter.SizeScale:1]]
[2019.11.15-20.13.21:111][  0]LogConfig: Setting CVar [[r.Tonemapper.Quality:5]]
[2019.11.15-20.13.21:111][  0]LogConfig: Setting CVar [[r.DOF.Gather.AccumulatorQuality:1        ; higher gathering accumulator quality]]
[2019.11.15-20.13.21:111][  0]LogConfig: Setting CVar [[r.DOF.Gather.PostfilterMethod:1          ; Median3x3 postfilering method]]
[2019.11.15-20.13.21:111][  0]LogConfig: Setting CVar [[r.DOF.Gather.EnableBokehSettings:0       ; no bokeh simulation when gathering]]
[2019.11.15-20.13.21:111][  0]LogConfig: Setting CVar [[r.DOF.Gather.RingCount:4                 ; medium number of samples when gathering]]
[2019.11.15-20.13.21:111][  0]LogConfig: Setting CVar [[r.DOF.Scatter.ForegroundCompositing:1    ; additive foreground scattering]]
[2019.11.15-20.13.21:111][  0]LogConfig: Setting CVar [[r.DOF.Scatter.BackgroundCompositing:2    ; additive background scattering]]
[2019.11.15-20.13.21:111][  0]LogConfig: Setting CVar [[r.DOF.Scatter.EnableBokehSettings:1      ; bokeh simulation when scattering]]
[2019.11.15-20.13.21:111][  0]LogConfig: Setting CVar [[r.DOF.Scatter.MaxSpriteRatio:0.1         ; only a maximum of 10% of scattered bokeh]]
[2019.11.15-20.13.21:111][  0]LogConfig: Setting CVar [[r.DOF.Recombine.Quality:1                ; cheap slight out of focus]]
[2019.11.15-20.13.21:111][  0]LogConfig: Setting CVar [[r.DOF.Recombine.EnableBokehSettings:0    ; no bokeh simulation on slight out of focus]]
[2019.11.15-20.13.21:111][  0]LogConfig: Setting CVar [[r.DOF.TemporalAAQuality:1                ; more stable temporal accumulation]]
[2019.11.15-20.13.21:111][  0]LogConfig: Setting CVar [[r.DOF.Kernel.MaxForegroundRadius:0.025]]
[2019.11.15-20.13.21:112][  0]LogConfig: Setting CVar [[r.DOF.Kernel.MaxBackgroundRadius:0.025]]
[2019.11.15-20.13.21:112][  0]LogConfig: Applying CVar settings from Section [TextureQuality@3] File [D:/Git/GameAI/PathfindingLab/Saved/Config/Windows/Scalability.ini]
[2019.11.15-20.13.21:112][  0]LogConfig: Setting CVar [[r.Streaming.MipBias:0]]
[2019.11.15-20.13.21:112][  0]LogConfig: Setting CVar [[r.Streaming.AmortizeCPUToGPUCopy:0]]
[2019.11.15-20.13.21:112][  0]LogConfig: Setting CVar [[r.Streaming.MaxNumTexturesToStreamPerFrame:0]]
[2019.11.15-20.13.21:112][  0]LogConfig: Setting CVar [[r.Streaming.Boost:1]]
[2019.11.15-20.13.21:112][  0]LogConfig: Setting CVar [[r.MaxAnisotropy:8]]
[2019.11.15-20.13.21:112][  0]LogConfig: Setting CVar [[r.Streaming.LimitPoolSizeToVRAM:0]]
[2019.11.15-20.13.21:112][  0]LogConfig: Setting CVar [[r.Streaming.PoolSize:1000]]
[2019.11.15-20.13.21:112][  0]LogConfig: Setting CVar [[r.Streaming.MaxEffectiveScreenSize:0]]
[2019.11.15-20.13.21:112][  0]LogConfig: Applying CVar settings from Section [EffectsQuality@3] File [D:/Git/GameAI/PathfindingLab/Saved/Config/Windows/Scalability.ini]
[2019.11.15-20.13.21:112][  0]LogConfig: Setting CVar [[r.TranslucencyLightingVolumeDim:64]]
[2019.11.15-20.13.21:113][  0]LogConfig: Setting CVar [[r.RefractionQuality:2]]
[2019.11.15-20.13.21:113][  0]LogConfig: Setting CVar [[r.SSR.Quality:3]]
[2019.11.15-20.13.21:113][  0]LogConfig: Setting CVar [[r.SceneColorFormat:4]]
[2019.11.15-20.13.21:113][  0]LogConfig: Setting CVar [[r.DetailMode:2]]
[2019.11.15-20.13.21:113][  0]LogConfig: Setting CVar [[r.TranslucencyVolumeBlur:1]]
[2019.11.15-20.13.21:113][  0]LogConfig: Setting CVar [[r.MaterialQualityLevel:1 ; High quality]]
[2019.11.15-20.13.21:113][  0]LogConfig: Setting CVar [[r.SSS.Scale:1]]
[2019.11.15-20.13.21:113][  0]LogConfig: Setting CVar [[r.SSS.SampleSet:2]]
[2019.11.15-20.13.21:113][  0]LogConfig: Setting CVar [[r.SSS.Quality:1]]
[2019.11.15-20.13.21:113][  0]LogConfig: Setting CVar [[r.SSS.HalfRes:1]]
[2019.11.15-20.13.21:113][  0]LogConfig: Setting CVar [[r.EmitterSpawnRateScale:1.0]]
[2019.11.15-20.13.21:114][  0]LogConfig: Setting CVar [[r.ParticleLightQuality:2]]
[2019.11.15-20.13.21:114][  0]LogConfig: Applying CVar settings from Section [FoliageQuality@3] File [D:/Git/GameAI/PathfindingLab/Saved/Config/Windows/Scalability.ini]
[2019.11.15-20.13.21:114][  0]LogConfig: Setting CVar [[foliage.DensityScale:1.0]]
[2019.11.15-20.13.21:114][  0]LogConfig: Setting CVar [[grass.DensityScale:1.0]]
[2019.11.15-20.13.21:114][  0]LogConfig: Applying CVar settings from Section [Startup] File [../../../Engine/Config/ConsoleVariables.ini]
[2019.11.15-20.13.21:115][  0]LogConfig: Setting CVar [[net.UseAdaptiveNetUpdateFrequency:0]]
[2019.11.15-20.13.21:115][  0]LogConfig: Setting CVar [[p.chaos.AllowCreatePhysxBodies:1]]
[2019.11.15-20.13.21:115][  0]LogConfig: Applying CVar settings from Section [ConsoleVariables] File [D:/Git/GameAI/PathfindingLab/Saved/Config/Windows/Engine.ini]
[2019.11.15-20.13.21:115][  0]LogInit: Computer: DESKTOP-7HH28IB
[2019.11.15-20.13.21:115][  0]LogInit: User: benco
[2019.11.15-20.13.21:115][  0]LogInit: CPU Page size=4096, Cores=4
[2019.11.15-20.13.21:115][  0]LogInit: High frequency timer resolution =10.000000 MHz
[2019.11.15-20.13.21:116][  0]LogMemory: Memory total: Physical=15.9GB (16GB approx)
[2019.11.15-20.13.21:116][  0]LogMemory: Platform Memory Stats for Windows
[2019.11.15-20.13.21:116][  0]LogMemory: Process Physical Memory: 96.54 MB used, 96.54 MB peak
[2019.11.15-20.13.21:116][  0]LogMemory: Process Virtual Memory: 90.61 MB used, 90.61 MB peak
[2019.11.15-20.13.21:116][  0]LogMemory: Physical Memory: 8551.63 MB used,  7698.63 MB free, 16250.27 MB total
[2019.11.15-20.13.21:116][  0]LogMemory: Virtual Memory: 4644.77 MB used,  134213080.00 MB free, 134217728.00 MB total
[2019.11.15-20.13.21:926][  0]LogInit: Using OS detected language (en-US).
[2019.11.15-20.13.21:926][  0]LogInit: Using OS detected locale (en-US).
[2019.11.15-20.13.21:929][  0]LogTextLocalizationManager: No specific localization for 'en-US' exists, so the 'en' localization will be used.
[2019.11.15-20.13.22:116][  0]LogInit: Setting process to per monitor DPI aware
[2019.11.15-20.13.22:249][  0]LogSlate: New Slate User Created.  User Index 0, Is Virtual User: 0
[2019.11.15-20.13.22:249][  0]LogSlate: Slate User Registered.  User Index 0, Is Virtual User: 0
[2019.11.15-20.13.22:626][  0]LogHMD: Failed to initialize OpenVR with code 110
[2019.11.15-20.13.22:626][  0]LogD3D11RHI: D3D11 adapters:
[2019.11.15-20.13.22:830][  0]LogD3D11RHI:    0. 'NVIDIA GeForce GTX 1050 Ti' (Feature Level 11_0)
[2019.11.15-20.13.22:830][  0]LogD3D11RHI:       4018/0/8125 MB DedicatedVideo/DedicatedSystem/SharedSystem, Outputs:1, VendorId:0x10de
[2019.11.15-20.13.22:963][  0]LogD3D11RHI:    1. 'Intel(R) HD Graphics 630' (Feature Level 11_0)
[2019.11.15-20.13.22:963][  0]LogD3D11RHI:       128/0/8125 MB DedicatedVideo/DedicatedSystem/SharedSystem, Outputs:0, VendorId:0x8086
[2019.11.15-20.13.22:979][  0]LogD3D11RHI:    2. 'Microsoft Basic Render Driver' (Feature Level 11_0)
[2019.11.15-20.13.22:979][  0]LogD3D11RHI:       0/0/8125 MB DedicatedVideo/DedicatedSystem/SharedSystem, Outputs:0, VendorId:0x1414
[2019.11.15-20.13.22:979][  0]LogD3D11RHI: Chosen D3D11 Adapter: 0
[2019.11.15-20.13.23:023][  0]LogD3D11RHI: Creating new Direct3DDevice
[2019.11.15-20.13.23:024][  0]LogD3D11RHI:     GPU DeviceId: 0x1c8c (for the marketing name, search the web for "GPU Device Id")
[2019.11.15-20.13.23:024][  0]LogWindows: EnumDisplayDevices:
[2019.11.15-20.13.23:024][  0]LogWindows:    0. 'Intel(R) HD Graphics 630' (P:1 D:1)
[2019.11.15-20.13.23:025][  0]LogWindows:    1. 'Intel(R) HD Graphics 630' (P:0 D:0)
[2019.11.15-20.13.23:025][  0]LogWindows:    2. 'Intel(R) HD Graphics 630' (P:0 D:0)
[2019.11.15-20.13.23:026][  0]LogWindows:    3. 'NVIDIA GeForce GTX 1050 Ti' (P:0 D:0)
[2019.11.15-20.13.23:027][  0]LogWindows: DebugString: PrimaryIsNotTheChoosenAdapter PrimaryIsNotTheChoosenAdapter PrimaryIsNotTheChoosenAdapter 
[2019.11.15-20.13.23:027][  0]LogD3D11RHI:     Adapter Name: NVIDIA GeForce GTX 1050 Ti
[2019.11.15-20.13.23:027][  0]LogD3D11RHI:   Driver Version: 436.30 (internal:26.21.14.3630, unified:436.30)
[2019.11.15-20.13.23:027][  0]LogD3D11RHI:      Driver Date: 9-5-2019
[2019.11.15-20.13.23:027][  0]LogRHI: Texture pool is 2812 MB (70% of 4018 MB)
[2019.11.15-20.13.23:093][  0]LogD3D11RHI: Async texture creation enabled
[2019.11.15-20.13.23:109][  0]LogRendererCore: FGlobalReadBuffer::InitRHI
[2019.11.15-20.13.23:109][  0]LogRendererCore: FGlobalReadBuffer::InitRHI
[2019.11.15-20.13.23:109][  0]LogRendererCore: FGlobalReadBuffer::InitRHI
[2019.11.15-20.13.23:117][  0]LogD3D11RHI: GPU Timing Frequency: 1000.000000 (Debug: 2 1)
[2019.11.15-20.13.23:778][  0]LogTemp: Display: Module 'AllDesktopTargetPlatform' loaded TargetPlatform 'AllDesktop'
[2019.11.15-20.13.23:810][  0]LogTemp: Display: Module 'MacClientTargetPlatform' loaded TargetPlatform 'MacClient'
[2019.11.15-20.13.23:842][  0]LogTemp: Display: Module 'MacNoEditorTargetPlatform' loaded TargetPlatform 'MacNoEditor'
[2019.11.15-20.13.23:875][  0]LogTemp: Display: Module 'MacServerTargetPlatform' loaded TargetPlatform 'MacServer'
[2019.11.15-20.13.23:912][  0]LogTemp: Display: Module 'MacTargetPlatform' loaded TargetPlatform 'Mac'
[2019.11.15-20.13.23:950][  0]LogTemp: Display: Module 'WindowsClientTargetPlatform' loaded TargetPlatform 'WindowsClient'
[2019.11.15-20.13.24:000][  0]LogTemp: Display: Module 'WindowsNoEditorTargetPlatform' loaded TargetPlatform 'WindowsNoEditor'
[2019.11.15-20.13.24:041][  0]LogTemp: Display: Module 'WindowsServerTargetPlatform' loaded TargetPlatform 'WindowsServer'
[2019.11.15-20.13.24:067][  0]LogTemp: Display: Module 'WindowsTargetPlatform' loaded TargetPlatform 'Windows'
[2019.11.15-20.13.24:173][  0]LogTemp: Display: Module 'AndroidTargetPlatform' loaded TargetPlatform 'Android'
[2019.11.15-20.13.24:173][  0]LogTemp: Display: Module 'AndroidTargetPlatform' loaded TargetPlatform 'Android_ASTC'
[2019.11.15-20.13.24:173][  0]LogTemp: Display: Module 'AndroidTargetPlatform' loaded TargetPlatform 'Android_ATC'
[2019.11.15-20.13.24:174][  0]LogTemp: Display: Module 'AndroidTargetPlatform' loaded TargetPlatform 'Android_DXT'
[2019.11.15-20.13.24:174][  0]LogTemp: Display: Module 'AndroidTargetPlatform' loaded TargetPlatform 'Android_ETC1'
[2019.11.15-20.13.24:174][  0]LogTemp: Display: Module 'AndroidTargetPlatform' loaded TargetPlatform 'Android_ETC1a'
[2019.11.15-20.13.24:174][  0]LogTemp: Display: Module 'AndroidTargetPlatform' loaded TargetPlatform 'Android_ETC2'
[2019.11.15-20.13.24:174][  0]LogTemp: Display: Module 'AndroidTargetPlatform' loaded TargetPlatform 'Android_PVRTC'
[2019.11.15-20.13.24:174][  0]LogTemp: Display: Module 'AndroidTargetPlatform' loaded TargetPlatform 'AndroidClient'
[2019.11.15-20.13.24:175][  0]LogTemp: Display: Module 'AndroidTargetPlatform' loaded TargetPlatform 'Android_ASTCClient'
[2019.11.15-20.13.24:175][  0]LogTemp: Display: Module 'AndroidTargetPlatform' loaded TargetPlatform 'Android_ATCClient'
[2019.11.15-20.13.24:175][  0]LogTemp: Display: Module 'AndroidTargetPlatform' loaded TargetPlatform 'Android_DXTClient'
[2019.11.15-20.13.24:175][  0]LogTemp: Display: Module 'AndroidTargetPlatform' loaded TargetPlatform 'Android_ETC1Client'
[2019.11.15-20.13.24:175][  0]LogTemp: Display: Module 'AndroidTargetPlatform' loaded TargetPlatform 'Android_ETC1aClient'
[2019.11.15-20.13.24:175][  0]LogTemp: Display: Module 'AndroidTargetPlatform' loaded TargetPlatform 'Android_ETC2Client'
[2019.11.15-20.13.24:175][  0]LogTemp: Display: Module 'AndroidTargetPlatform' loaded TargetPlatform 'Android_PVRTCClient'
[2019.11.15-20.13.24:175][  0]LogTemp: Display: Module 'AndroidTargetPlatform' loaded TargetPlatform 'Android_Multi'
[2019.11.15-20.13.24:176][  0]LogTemp: Display: Module 'AndroidTargetPlatform' loaded TargetPlatform 'Android_MultiClient'
[2019.11.15-20.13.24:195][  0]LogTemp: Display: Module 'HTML5TargetPlatform' loaded TargetPlatform 'HTML5'
[2019.11.15-20.13.24:322][  0]LogTemp: Display: Module 'IOSTargetPlatform' loaded TargetPlatform 'IOSClient'
[2019.11.15-20.13.24:322][  0]LogTemp: Display: Module 'IOSTargetPlatform' loaded TargetPlatform 'IOS'
[2019.11.15-20.13.24:374][  0]LogTemp: Display: Module 'TVOSTargetPlatform' loaded TargetPlatform 'TVOSClient'
[2019.11.15-20.13.24:374][  0]LogTemp: Display: Module 'TVOSTargetPlatform' loaded TargetPlatform 'TVOS'
[2019.11.15-20.13.24:413][  0]LogTemp: Display: Module 'LinuxClientTargetPlatform' loaded TargetPlatform 'LinuxClient'
[2019.11.15-20.13.24:454][  0]LogTemp: Display: Module 'LinuxNoEditorTargetPlatform' loaded TargetPlatform 'LinuxNoEditor'
[2019.11.15-20.13.24:488][  0]LogTemp: Display: Module 'LinuxServerTargetPlatform' loaded TargetPlatform 'LinuxServer'
[2019.11.15-20.13.24:527][  0]LogTemp: Display: Module 'LinuxTargetPlatform' loaded TargetPlatform 'Linux'
[2019.11.15-20.13.24:607][  0]LogTemp: Display: Module 'LuminTargetPlatform' loaded TargetPlatform 'Lumin'
[2019.11.15-20.13.24:607][  0]LogTemp: Display: Module 'LuminTargetPlatform' loaded TargetPlatform 'LuminClient'
[2019.11.15-20.13.24:608][  0]LogTargetPlatformManager: Display: Building Assets For Windows
[2019.11.15-20.13.24:712][  0]LogAudioDebug: Display: Lib vorbis DLL was dynamically loaded.
[2019.11.15-20.13.25:230][  0]LogShaderCompilers: Guid format shader working directory is 5 characters bigger than the processId version (../../../../../Git/GameAI/PathfindingLab/Intermediate/Shaders/WorkingDirectory/15080/).
[2019.11.15-20.13.25:231][  0]LogShaderCompilers: Cleaned the shader compiler working directory 'C:/Users/benco/AppData/Local/Temp/UnrealShaderWorkingDir/C6ED3FA342B9FF6390D464827756760D/'.
[2019.11.15-20.13.25:236][  0]LogXGEController: Cannot use XGE Controller as Incredibuild is not installed on this machine.
[2019.11.15-20.13.25:237][  0]LogShaderCompilers: Cannot use XGE Shader Compiler as Incredibuild is not installed on this machine.
[2019.11.15-20.13.25:237][  0]LogShaderCompilers: Display: Using Local Shader Compiler.
[2019.11.15-20.13.25:896][  0]LogDerivedDataCache: Display: Max Cache Size: 512 MB
[2019.11.15-20.13.25:973][  0]LogDerivedDataCache: Loaded boot cache 0.08s 71MB C:/Users/benco/AppData/Local/UnrealEngine/4.22/DerivedDataCache/Boot.ddc.
[2019.11.15-20.13.25:974][  0]LogDerivedDataCache: Display: Loaded Boot cache: C:/Users/benco/AppData/Local/UnrealEngine/4.22/DerivedDataCache/Boot.ddc
[2019.11.15-20.13.25:974][  0]LogDerivedDataCache: FDerivedDataBackendGraph:  Pak pak cache file ../../../../../Git/GameAI/PathfindingLab/DerivedDataCache/DDC.ddp not found, will not use a pak cache.
[2019.11.15-20.13.25:974][  0]LogDerivedDataCache: Unable to find inner node Pak for hierarchical cache Hierarchy.
[2019.11.15-20.13.25:974][  0]LogDerivedDataCache: FDerivedDataBackendGraph:  CompressedPak pak cache file ../../../../../Git/GameAI/PathfindingLab/DerivedDataCache/Compressed.ddp not found, will not use a pak cache.
[2019.11.15-20.13.25:974][  0]LogDerivedDataCache: Unable to find inner node CompressedPak for hierarchical cache Hierarchy.
[2019.11.15-20.13.25:989][  0]LogDerivedDataCache: Display: Pak cache opened for reading ../../../Engine/DerivedDataCache/Compressed.ddp.
[2019.11.15-20.13.25:990][  0]LogDerivedDataCache: FDerivedDataBackendGraph:  EnterprisePak pak cache file ../../../Enterprise/DerivedDataCache/Compressed.ddp not found, will not use a pak cache.
[2019.11.15-20.13.25:990][  0]LogDerivedDataCache: Unable to find inner node EnterprisePak for hierarchical cache Hierarchy.
[2019.11.15-20.13.26:005][  0]LogDerivedDataCache: Using Local data cache path C:/Users/benco/AppData/Local/UnrealEngine/Common/DerivedDataCache: Writable
[2019.11.15-20.13.26:005][  0]LogDerivedDataCache: Shared data cache path not found in *engine.ini, will not use an Shared cache.
[2019.11.15-20.13.26:005][  0]LogDerivedDataCache: Unable to find inner node Shared for hierarchical cache Hierarchy.
[2019.11.15-20.13.26:033][  0]LogMaterial: Verifying Global Shaders for PCD3D_SM5
[2019.11.15-20.13.26:034][  0]LogSlate: Using FreeType 2.6.0
[2019.11.15-20.13.26:036][  0]LogSlate: SlateFontServices - WITH_FREETYPE: 1, WITH_HARFBUZZ: 1
[2019.11.15-20.13.26:236][  0]LogAssetRegistry: FAssetRegistry took 0.0453 seconds to start up
[2019.11.15-20.13.26:627][  0]LogInit: Selected Device Profile: [Windows]
[2019.11.15-20.13.27:121][  0]LogMeshReduction: Using QuadricMeshReduction for automatic static mesh reduction
[2019.11.15-20.13.27:122][  0]LogMeshReduction: Using SimplygonMeshReduction for automatic skeletal mesh reduction
[2019.11.15-20.13.27:122][  0]LogMeshReduction: Using ProxyLODMeshReduction for automatic mesh merging
[2019.11.15-20.13.27:122][  0]LogMeshReduction: No distributed automatic mesh merging module available
[2019.11.15-20.13.27:122][  0]LogMeshMerging: No distributed automatic mesh merging module available
[2019.11.15-20.13.27:143][  0]LogNetVersion: PathFinding 1.0.0, NetCL: 5660361, EngineNetVer: 10, GameNetVer: 0 (Checksum: 315523671)
[2019.11.15-20.13.27:656][  0]LogPackageLocalizationCache: Processed 10 localized package path(s) for 1 prioritized culture(s) in 0.050973 seconds
[2019.11.15-20.13.27:664][  0]LogUObjectArray: 42205 objects as part of root set at end of initial load.
[2019.11.15-20.13.27:664][  0]LogUObjectAllocator: 7325032 out of 0 bytes used by permanent object pool.
[2019.11.15-20.13.27:664][  0]LogUObjectArray: CloseDisregardForGC: 0/0 objects in disregard for GC pool
[2019.11.15-20.13.32:460][  0]LogTcpMessaging: Initializing TcpMessaging bridge
[2019.11.15-20.13.32:494][  0]LogUdpMessaging: Initializing bridge on interface 0.0.0.0:0 to multicast group 230.0.0.1:6666.
[2019.11.15-20.13.32:977][  0]SourceControl: Source control is disabled
[2019.11.15-20.13.32:977][  0]SourceControl: Source control is disabled
[2019.11.15-20.13.33:025][  0]SourceControl: Source control is disabled
[2019.11.15-20.13.33:046][  0]SourceControl: Source control is disabled
[2019.11.15-20.13.33:898][  0]LogAndroidPermission: UAndroidPermissionCallbackProxy::GetInstance
[2019.11.15-20.13.34:482][  0]LogOcInput: OculusInput pre-init called
[2019.11.15-20.13.35:855][  0]LogEngine: Initializing Engine...
[2019.11.15-20.13.35:857][  0]LogHMD: Failed to initialize OpenVR with code 110
[2019.11.15-20.13.35:858][  0]LogStats: UGameplayTagsManager::InitializeManager -  0.000 s
[2019.11.15-20.13.36:110][  0]LogInit: Initializing FReadOnlyCVARCache
[2019.11.15-20.13.36:159][  0]LogAIModule: Creating AISystem for world Untitled
[2019.11.15-20.13.36:252][  0]LogInit: XAudio2 using 'Speakers (Razer Kraken TE - Game)' : 2 channels at 48 kHz using 16 bits per sample (channel mask 0x3)
[2019.11.15-20.13.36:317][  0]LogInit: FAudioDevice initialized.
[2019.11.15-20.13.36:317][  0]LogNetVersion: Set ProjectVersion to 1.0.0.0. Version Checksum will be recalculated on next use.
[2019.11.15-20.13.36:414][  0]LogDerivedDataCache: Saved boot cache 0.10s 71MB C:/Users/benco/AppData/Local/UnrealEngine/4.22/DerivedDataCache/Boot.ddc.
[2019.11.15-20.13.36:432][  0]LogInit: Texture streaming: Enabled
[2019.11.15-20.13.36:529][  0]LogEngineSessionManager: EngineSessionManager initialized
[2019.11.15-20.13.36:590][  0]LogInit: Transaction tracking system initialized
[2019.11.15-20.13.36:738][  0]BlueprintLog: New page: Editor Load
[2019.11.15-20.13.37:565][  0]LocalizationService: Localization service is disabled
[2019.11.15-20.13.38:275][  0]LogFileCache: Scanning file cache for directory 'D:/Git/GameAI/PathfindingLab/Content/' took 0.02s
[2019.11.15-20.13.38:275][  0]LogCook: Display: Max memory allowance for cook 16384mb min free memory 0mb
[2019.11.15-20.13.38:275][  0]LogCook: Display: Mobile HDR setting 1
[2019.11.15-20.13.39:209][  0]SourceControl: Source control is disabled
[2019.11.15-20.13.39:345][  0]LogSlate: Took 0.000442 seconds to synchronously load lazily loaded font '../../../Engine/Content/Slate/Fonts/Roboto-Regular.ttf' (155K)
[2019.11.15-20.13.48:704][  0]LogSlate: Window 'Restore Packages' being destroyed
[2019.11.15-20.13.48:706][  0]LogWindowsTextInputMethodSystem: Display: IME system now deactivated.
[2019.11.15-20.13.48:710][  0]LogWindowsTextInputMethodSystem: Display: IME system now deactivated.
[2019.11.15-20.13.48:723][  0]Cmd: MAP LOAD FILE="../../../../../Git/GameAI/PathfindingLab/Content/PathfindingMap.umap" TEMPLATE=0 SHOWPROGRESS=1 FEATURELEVEL=3
[2019.11.15-20.13.48:724][  0]LightingResults: New page: Lighting Build
[2019.11.15-20.13.48:740][  0]MapCheck: New page: Map Check
[2019.11.15-20.13.48:741][  0]LightingResults: New page: Lighting Build
[2019.11.15-20.13.48:785][  0]LogUObjectHash: Compacting FUObjectHashTables data took   4.86ms
[2019.11.15-20.13.49:019][  0]LogAIModule: Creating AISystem for world PathfindingMap
[2019.11.15-20.13.49:032][  0]LogEditorServer: Finished looking for orphan Actors (0.001 secs)
[2019.11.15-20.13.49:071][  0]LogUObjectHash: Compacting FUObjectHashTables data took   4.76ms
[2019.11.15-20.13.49:072][  0]Cmd: MAP CHECKDEP NOCLEARLOG
[2019.11.15-20.13.49:073][  0]MapCheck: Map check complete: 0 Error(s), 0 Warning(s), took 0.264ms to complete.
[2019.11.15-20.13.49:073][  0]LogFileHelpers: Loading map 'PathfindingMap' took 0.350
[2019.11.15-20.13.49:158][  0]LogSlate: Updating window title bar state: overlay mode, drag disabled, window buttons hidden, title bar hidden
[2019.11.15-20.13.49:171][  0]LogSlate: Updating window title bar state: overlay mode, drag disabled, window buttons hidden, title bar hidden
[2019.11.15-20.13.49:181][  0]LogSlate: Updating window title bar state: overlay mode, drag disabled, window buttons hidden, title bar hidden
[2019.11.15-20.13.49:191][  0]LogSlate: Updating window title bar state: overlay mode, drag disabled, window buttons hidden, title bar hidden
[2019.11.15-20.13.49:225][  0]LogCollectionManager: Loaded 0 collections in 0.004766 seconds
[2019.11.15-20.13.49:246][  0]LogFileCache: Scanning file cache for directory 'D:/Git/GameAI/PathfindingLab/Saved/Collections/' took 0.01s
[2019.11.15-20.13.49:246][  0]LogFileCache: Scanning file cache for directory 'D:/Git/GameAI/PathfindingLab/Content/Developers/benco/Collections/' took 0.00s
[2019.11.15-20.13.49:246][  0]LogFileCache: Scanning file cache for directory 'D:/Git/GameAI/PathfindingLab/Content/Collections/' took 0.00s
[2019.11.15-20.13.49:246][  0]LogCollectionManager: Rebuilt the GUID cache for 0 collections in 0.000000 seconds
[2019.11.15-20.13.49:256][  0]LogContentBrowser: Native class hierarchy populated in 0.0095 seconds. Added 2741 classes and 662 folders.
[2019.11.15-20.13.49:264][  0]LogContentBrowser: Native class hierarchy updated for 'WidgetCarousel' in 0.0005 seconds. Added 0 classes and 0 folders.
[2019.11.15-20.13.49:267][  0]LogPakFile: Registered encryption key '00000000000000000000000000000000': 0 pak files mounted, 0 remain pending
[2019.11.15-20.13.49:268][  0]LogPakFile: Registered encryption key '00000000000000000000000000000000': 0 pak files mounted, 0 remain pending
[2019.11.15-20.13.49:269][  0]LogPakFile: Registered encryption key '00000000000000000000000000000000': 0 pak files mounted, 0 remain pending
[2019.11.15-20.13.49:269][  0]LogPakFile: Registered encryption key '00000000000000000000000000000000': 0 pak files mounted, 0 remain pending
[2019.11.15-20.13.49:270][  0]LogPakFile: Registered encryption key '00000000000000000000000000000000': 0 pak files mounted, 0 remain pending
[2019.11.15-20.13.49:271][  0]LogPakFile: Registered encryption key '00000000000000000000000000000000': 0 pak files mounted, 0 remain pending
[2019.11.15-20.13.49:271][  0]LogPakFile: Registered encryption key '00000000000000000000000000000000': 0 pak files mounted, 0 remain pending
[2019.11.15-20.13.49:272][  0]LogPakFile: Registered encryption key '00000000000000000000000000000000': 0 pak files mounted, 0 remain pending
[2019.11.15-20.13.49:273][  0]LogPakFile: Registered encryption key '00000000000000000000000000000000': 0 pak files mounted, 0 remain pending
[2019.11.15-20.13.49:274][  0]LogPakFile: Registered encryption key '00000000000000000000000000000000': 0 pak files mounted, 0 remain pending
[2019.11.15-20.13.49:274][  0]LogPakFile: Registered encryption key '00000000000000000000000000000000': 0 pak files mounted, 0 remain pending
[2019.11.15-20.13.49:275][  0]LogPakFile: Registered encryption key '00000000000000000000000000000000': 0 pak files mounted, 0 remain pending
[2019.11.15-20.13.49:276][  0]LogPakFile: Registered encryption key '00000000000000000000000000000000': 0 pak files mounted, 0 remain pending
[2019.11.15-20.13.49:276][  0]LogPakFile: Registered encryption key '00000000000000000000000000000000': 0 pak files mounted, 0 remain pending
[2019.11.15-20.13.49:277][  0]LogPakFile: Registered encryption key '00000000000000000000000000000000': 0 pak files mounted, 0 remain pending
[2019.11.15-20.13.49:278][  0]LogPakFile: Registered encryption key '00000000000000000000000000000000': 0 pak files mounted, 0 remain pending
[2019.11.15-20.13.49:279][  0]LogPakFile: Registered encryption key '00000000000000000000000000000000': 0 pak files mounted, 0 remain pending
[2019.11.15-20.13.49:280][  0]LogPakFile: Registered encryption key '00000000000000000000000000000000': 0 pak files mounted, 0 remain pending
[2019.11.15-20.13.49:280][  0]LogPakFile: Registered encryption key '00000000000000000000000000000000': 0 pak files mounted, 0 remain pending
[2019.11.15-20.13.49:281][  0]LogPakFile: Registered encryption key '00000000000000000000000000000000': 0 pak files mounted, 0 remain pending
[2019.11.15-20.13.49:282][  0]LogPakFile: Registered encryption key '00000000000000000000000000000000': 0 pak files mounted, 0 remain pending
[2019.11.15-20.13.49:283][  0]LogPakFile: Registered encryption key '00000000000000000000000000000000': 0 pak files mounted, 0 remain pending
[2019.11.15-20.13.49:284][  0]LogPakFile: Registered encryption key '00000000000000000000000000000000': 0 pak files mounted, 0 remain pending
[2019.11.15-20.13.49:284][  0]LogPakFile: Registered encryption key '00000000000000000000000000000000': 0 pak files mounted, 0 remain pending
[2019.11.15-20.13.49:285][  0]LogPakFile: Registered encryption key '00000000000000000000000000000000': 0 pak files mounted, 0 remain pending
[2019.11.15-20.13.49:286][  0]LogPakFile: Registered encryption key '00000000000000000000000000000000': 0 pak files mounted, 0 remain pending
[2019.11.15-20.13.49:386][  0]LogContentBrowser: Native class hierarchy updated for 'AddContentDialog' in 0.0006 seconds. Added 0 classes and 0 folders.
[2019.11.15-20.13.49:418][  0]LogContentBrowser: Native class hierarchy updated for 'SceneOutliner' in 0.0007 seconds. Added 1 classes and 2 folders.
[2019.11.15-20.13.49:432][  0]LogSlate: Took 0.000198 seconds to synchronously load lazily loaded font '../../../Engine/Content/Slate/Fonts/Roboto-Bold.ttf' (160K)
[2019.11.15-20.13.49:439][  0]LogSlate: Took 0.000706 seconds to synchronously load lazily loaded font '../../../Engine/Content/Editor/Slate/Fonts/FontAwesome.ttf' (139K)
[2019.11.15-20.13.49:492][  0]LogRenderer: Reallocating scene render targets to support 1208x572 Format 10 NumSamples 1 (Frame:1).
[2019.11.15-20.13.49:569][  0]LogSlate: Took 0.000312 seconds to synchronously load lazily loaded font '../../../Engine/Content/Slate/Fonts/Roboto-Light.ttf' (167K)
[2019.11.15-20.13.49:794][  0]LogContentBrowser: Native class hierarchy updated for 'HierarchicalLODOutliner' in 0.0007 seconds. Added 0 classes and 0 folders.
[2019.11.15-20.13.49:794][  0]LogLoad: (Engine Initialization) Total time: 34.02 seconds
[2019.11.15-20.13.49:794][  0]LogLoad: (Engine Initialization) Total Blueprint compile time: 0.00 seconds
[2019.11.15-20.13.49:838][  0]LogAssetRegistry: Asset discovery search completed in 23.6273 seconds
[2019.11.15-20.13.49:840][  0]LogCollectionManager: Rebuilt the object cache for 0 collections in 0.000000 seconds (found 0 objects)
[2019.11.15-20.13.49:841][  0]LogCollectionManager: Fixed up redirectors for 0 collections in 0.000307 seconds (updated 0 objects)
[2019.11.15-20.13.49:842][  0]LogContentStreaming: Texture pool size now 1000 MB
[2019.11.15-20.14.13:905][430]LogSlate: FSceneViewport::OnFocusLost() reason 0
[2019.11.15-20.14.14:029][436]LogUObjectHash: Compacting FUObjectHashTables data took   0.65ms
[2019.11.15-20.14.14:148][436]LogSlate: Window 'PathFinding - Unreal Editor' being destroyed
[2019.11.15-20.14.14:150][436]LogWindowsTextInputMethodSystem: Display: IME system now deactivated.
[2019.11.15-20.14.14:153][436]LogWindowsTextInputMethodSystem: Display: IME system now deactivated.
[2019.11.15-20.14.14:388][437]Cmd: QUIT_EDITOR
[2019.11.15-20.14.14:417][437]LogExit: Preparing to exit.
[2019.11.15-20.14.15:254][437]LogExit: Editor shut down
[2019.11.15-20.14.15:254][437]LogExit: Transaction tracking system shut down
[2019.11.15-20.14.15:410][437]LogExit: Object subsystem successfully closed.
[2019.11.15-20.14.15:450][437]LogShaderCompilers: Display: Shaders left to compile 0
[2019.11.15-20.14.15:455][437]LogD3D11RHI: Shutdown
[2019.11.15-20.14.15:455][437]LogD3D11RHI: CleanupD3DDevice
[2019.11.15-20.14.15:456][437]LogRendererCore: FGlobalReadBuffer::ReleaseRHI
[2019.11.15-20.14.15:456][437]LogRendererCore: FGlobalDynamicReadBuffer::Cleanup()
[2019.11.15-20.14.15:456][437]LogRendererCore: FGlobalReadBuffer::ReleaseRHI
[2019.11.15-20.14.15:456][437]LogRendererCore: FGlobalDynamicReadBuffer::Cleanup()
[2019.11.15-20.14.15:456][437]LogRendererCore: FGlobalReadBuffer::ReleaseRHI
[2019.11.15-20.14.15:456][437]LogRendererCore: FGlobalDynamicReadBuffer::Cleanup()
[2019.11.15-20.14.15:538][437]LogD3D11RHI: ~FD3D11DynamicRHI
[2019.11.15-20.14.15:550][437]LogModuleManager: Shutting down and abandoning module HierarchicalLODOutliner (644)
[2019.11.15-20.14.15:550][437]LogModuleManager: Shutting down and abandoning module SceneOutliner (642)
[2019.11.15-20.14.15:551][437]LogModuleManager: Shutting down and abandoning module AddContentDialog (640)
[2019.11.15-20.14.15:551][437]LogModuleManager: Shutting down and abandoning module WidgetCarousel (639)
[2019.11.15-20.14.15:551][437]LogModuleManager: Shutting down and abandoning module EditorWidgets (636)
[2019.11.15-20.14.15:551][437]LogModuleManager: Shutting down and abandoning module CollectionManager (634)
[2019.11.15-20.14.15:552][437]LogModuleManager: Shutting down and abandoning module StatsViewer (632)
[2019.11.15-20.14.15:552][437]LogModuleManager: Shutting down and abandoning module FoliageEdit (630)
[2019.11.15-20.14.15:552][437]LogModuleManager: Shutting down and abandoning module LandscapeEditor (628)
[2019.11.15-20.14.15:552][437]LogModuleManager: Shutting down and abandoning module MeshPaintMode (626)
[2019.11.15-20.14.15:552][437]LogModuleManager: Shutting down and abandoning module SceneDepthPickerMode (624)
[2019.11.15-20.14.15:552][437]LogModuleManager: Shutting down and abandoning module ActorPickerMode (622)
[2019.11.15-20.14.15:552][437]LogModuleManager: Shutting down and abandoning module GeometryMode (620)
[2019.11.15-20.14.15:552][437]LogModuleManager: Shutting down and abandoning module TextureAlignMode (618)
[2019.11.15-20.14.15:552][437]LogModuleManager: Shutting down and abandoning module BspMode (616)
[2019.11.15-20.14.15:553][437]LogModuleManager: Shutting down and abandoning module PIEPreviewDeviceProfileSelector (614)
[2019.11.15-20.14.15:553][437]LogModuleManager: Shutting down and abandoning module SequenceRecorderSections (612)
[2019.11.15-20.14.15:553][437]LogModuleManager: Shutting down and abandoning module AutomationWorker (610)
[2019.11.15-20.14.15:553][437]LogModuleManager: Shutting down and abandoning module OculusMR (608)
[2019.11.15-20.14.15:553][437]LogModuleManager: Shutting down and abandoning module AudioCaptureEditor (606)
[2019.11.15-20.14.15:553][437]LogModuleManager: Shutting down and abandoning module MatineeToLevelSequence (604)
[2019.11.15-20.14.15:553][437]LogModuleManager: Shutting down and abandoning module LevelSequenceEditor (602)
[2019.11.15-20.14.15:553][437]LogModuleManager: Shutting down and abandoning module PlacementMode (601)
[2019.11.15-20.14.15:553][437]LogModuleManager: Shutting down and abandoning module MaterialEditor (600)
[2019.11.15-20.14.15:553][437]LogModuleManager: Shutting down and abandoning module ActorSequenceEditor (596)
[2019.11.15-20.14.15:554][437]LogModuleManager: Shutting down and abandoning module WmfMediaFactory (594)
[2019.11.15-20.14.15:554][437]LogModuleManager: Shutting down and abandoning module WmfMediaEditor (592)
[2019.11.15-20.14.15:554][437]LogModuleManager: Shutting down and abandoning module WebMMediaFactory (590)
[2019.11.15-20.14.15:554][437]LogModuleManager: Shutting down and abandoning module WebMMediaEditor (588)
[2019.11.15-20.14.15:554][437]LogModuleManager: Shutting down and abandoning module WebMMedia (586)
[2019.11.15-20.14.15:554][437]LogModuleManager: Shutting down and abandoning module MediaPlayerEditor (584)
[2019.11.15-20.14.15:554][437]LogModuleManager: Shutting down and abandoning module MediaCompositingEditor (582)
[2019.11.15-20.14.15:554][437]LogModuleManager: Shutting down and abandoning module SequenceRecorder (581)
[2019.11.15-20.14.15:554][437]LogModuleManager: Shutting down and abandoning module OpenExrWrapper (578)
[2019.11.15-20.14.15:554][437]LogModuleManager: Shutting down and abandoning module ImgMediaFactory (576)
[2019.11.15-20.14.15:554][437]LogModuleManager: Shutting down and abandoning module ImgMediaEditor (574)
[2019.11.15-20.14.15:554][437]LogModuleManager: Shutting down and abandoning module AvfMediaFactory (572)
[2019.11.15-20.14.15:554][437]LogModuleManager: Shutting down and abandoning module AvfMediaEditor (570)
[2019.11.15-20.14.15:555][437]LogModuleManager: Shutting down and abandoning module AndroidMediaFactory (568)
[2019.11.15-20.14.15:555][437]LogModuleManager: Shutting down and abandoning module AndroidMediaEditor (566)
[2019.11.15-20.14.15:555][437]LogModuleManager: Shutting down and abandoning module MagicLeapCameraPreviewFactory (564)
[2019.11.15-20.14.15:555][437]LogModuleManager: Shutting down and abandoning module MagicLeapMediaCodecFactory (562)
[2019.11.15-20.14.15:555][437]LogModuleManager: Shutting down and abandoning module MagicLeapMediaFactory (560)
[2019.11.15-20.14.15:555][437]LogModuleManager: Shutting down and abandoning module MagicLeapMediaEditor (558)
[2019.11.15-20.14.15:555][437]LogModuleManager: Shutting down and abandoning module CharacterAI (556)
[2019.11.15-20.14.15:555][437]LogModuleManager: Shutting down and abandoning module SmartSnapping (554)
[2019.11.15-20.14.15:555][437]LogModuleManager: Shutting down and abandoning module SessionServices (552)
[2019.11.15-20.14.15:555][437]LogModuleManager: Shutting down and abandoning module MeshPaint (550)
[2019.11.15-20.14.15:555][437]LogModuleManager: Shutting down and abandoning module ViewportSnapping (548)
[2019.11.15-20.14.15:556][437]LogModuleManager: Shutting down and abandoning module ViewportInteraction (546)
[2019.11.15-20.14.15:556][437]LogModuleManager: Shutting down and abandoning module ClothPainter (544)
[2019.11.15-20.14.15:556][437]LogModuleManager: Shutting down and abandoning module SkeletalMeshEditor (543)
[2019.11.15-20.14.15:556][437]LogModuleManager: Shutting down and abandoning module LogVisualizer (540)
[2019.11.15-20.14.15:556][437]LogModuleManager: Shutting down and abandoning module IntroTutorials (538)
[2019.11.15-20.14.15:556][437]LogModuleManager: Shutting down and abandoning module GameProjectGeneration (537)
[2019.11.15-20.14.15:556][437]LogModuleManager: Shutting down and abandoning module LuminPlatformEditor (534)
[2019.11.15-20.14.15:556][437]LogModuleManager: Shutting down and abandoning module IOSPlatformEditor (532)
[2019.11.15-20.14.15:556][437]LogModuleManager: Shutting down and abandoning module HTML5PlatformEditor (530)
[2019.11.15-20.14.15:556][437]LogModuleManager: Shutting down and abandoning module AndroidPlatformEditor (528)
[2019.11.15-20.14.15:556][437]LogModuleManager: Shutting down and abandoning module AndroidDeviceDetection (527)
[2019.11.15-20.14.16:131][437]LogModuleManager: Shutting down and abandoning module WindowsPlatformEditor (524)
[2019.11.15-20.14.16:131][437]LogModuleManager: Shutting down and abandoning module LuminRuntimeSettings (522)
[2019.11.15-20.14.16:131][437]LogModuleManager: Shutting down and abandoning module IOSRuntimeSettings (520)
[2019.11.15-20.14.16:132][437]LogModuleManager: Shutting down and abandoning module AndroidRuntimeSettings (518)
[2019.11.15-20.14.16:132][437]LogModuleManager: Shutting down and abandoning module TimeManagementEditor (516)
[2019.11.15-20.14.16:132][437]LogModuleManager: Shutting down and abandoning module InputBindingEditor (514)
[2019.11.15-20.14.16:132][437]LogModuleManager: Shutting down and abandoning module MergeActors (512)
[2019.11.15-20.14.16:132][437]LogModuleManager: Shutting down and abandoning module LocalizationDashboard (510)
[2019.11.15-20.14.16:132][437]LogModuleManager: Shutting down and abandoning module LocalizationService (509)
[2019.11.15-20.14.16:132][437]LogModuleManager: Shutting down and abandoning module HardwareTargeting (506)
[2019.11.15-20.14.16:132][437]LogModuleManager: Shutting down and abandoning module DeviceProfileEditor (504)
[2019.11.15-20.14.16:133][437]LogModuleManager: Shutting down and abandoning module UndoHistory (502)
[2019.11.15-20.14.16:133][437]LogModuleManager: Shutting down and abandoning module XmlParser (500)
[2019.11.15-20.14.16:133][437]LogModuleManager: Shutting down and abandoning module Blutility (498)
[2019.11.15-20.14.16:133][437]LogModuleManager: Shutting down and abandoning module ProjectSettingsViewer (496)
[2019.11.15-20.14.16:133][437]LogModuleManager: Shutting down and abandoning module ProjectTargetPlatformEditor (495)
[2019.11.15-20.14.16:133][437]LogModuleManager: Shutting down and abandoning module EditorSettingsViewer (492)
[2019.11.15-20.14.16:133][437]LogModuleManager: Shutting down and abandoning module SettingsEditor (490)
[2019.11.15-20.14.16:133][437]LogModuleManager: Shutting down and abandoning module ProjectLauncher (488)
[2019.11.15-20.14.16:133][437]LogModuleManager: Shutting down and abandoning module SessionFrontend (486)
[2019.11.15-20.14.16:133][437]LogModuleManager: Shutting down and abandoning module ProfilerClient (484)
[2019.11.15-20.14.16:134][437]LogModuleManager: Shutting down and abandoning module DeviceManager (482)
[2019.11.15-20.14.16:134][437]LogModuleManager: Shutting down and abandoning module TargetDeviceServices (481)
[2019.11.15-20.14.16:178][437]LogModuleManager: Shutting down and abandoning module AutomationController (478)
[2019.11.15-20.14.16:178][437]LogModuleManager: Shutting down and abandoning module AutomationWindow (476)
[2019.11.15-20.14.16:178][437]LogModuleManager: Shutting down and abandoning module Layers (474)
[2019.11.15-20.14.16:178][437]LogModuleManager: Shutting down and abandoning module ComponentVisualizers (472)
[2019.11.15-20.14.16:178][437]LogModuleManager: Shutting down and abandoning module DetailCustomizations (470)
[2019.11.15-20.14.16:179][437]LogModuleManager: Shutting down and abandoning module PackagesDialog (468)
[2019.11.15-20.14.16:179][437]LogModuleManager: Shutting down and abandoning module AnimationBlueprintEditor (466)
[2019.11.15-20.14.16:179][437]LogModuleManager: Shutting down and abandoning module Persona (464)
[2019.11.15-20.14.16:179][437]LogModuleManager: Shutting down and abandoning module AdvancedPreviewScene (463)
[2019.11.15-20.14.16:179][437]LogModuleManager: Shutting down and abandoning module AnimGraph (461)
[2019.11.15-20.14.16:179][437]LogModuleManager: Shutting down and abandoning module Kismet (458)
[2019.11.15-20.14.16:180][437]LogModuleManager: Shutting down and abandoning module GraphEditor (456)
[2019.11.15-20.14.16:180][437]LogModuleManager: Shutting down and abandoning module ClassViewer (454)
[2019.11.15-20.14.16:180][437]LogModuleManager: Shutting down and abandoning module Toolbox (452)
[2019.11.15-20.14.16:180][437]LogModuleManager: Shutting down and abandoning module DesktopPlatform (451)
[2019.11.15-20.14.16:180][437]LogModuleManager: Shutting down and abandoning module ModuleUI (448)
[2019.11.15-20.14.16:180][437]LogModuleManager: Shutting down and abandoning module MovieSceneTools (446)
[2019.11.15-20.14.16:180][437]LogModuleManager: Shutting down and abandoning module OutputLog (444)
[2019.11.15-20.14.16:180][437]LogModuleManager: Shutting down and abandoning module GammaUI (442)
[2019.11.15-20.14.16:180][437]LogModuleManager: Shutting down and abandoning module Documentation (440)
[2019.11.15-20.14.16:181][437]LogModuleManager: Shutting down and abandoning module LiveCoding (438)
[2019.11.15-20.14.16:181][437]LogModuleManager: Shutting down and abandoning module LevelSequence (436)
[2019.11.15-20.14.16:181][437]LogModuleManager: Shutting down and abandoning module MovieSceneTracks (434)
[2019.11.15-20.14.16:181][437]LogModuleManager: Shutting down and abandoning module MovieScene (432)
[2019.11.15-20.14.16:181][437]LogModuleManager: Shutting down and abandoning module StreamingPauseRendering (430)
[2019.11.15-20.14.16:181][437]LogModuleManager: Shutting down and abandoning module LauncherPlatform (428)
[2019.11.15-20.14.16:181][437]LogModuleManager: Shutting down and abandoning module AnalyticsET (426)
[2019.11.15-20.14.16:181][437]LogModuleManager: Shutting down and abandoning module PortalServices (424)
[2019.11.15-20.14.16:181][437]LogModuleManager: Shutting down and abandoning module PortalRpc (422)
[2019.11.15-20.14.16:181][437]LogModuleManager: Shutting down and abandoning module MessagingRpc (420)
[2019.11.15-20.14.16:181][437]LogModuleManager: Shutting down and abandoning module AIModule (418)
[2019.11.15-20.14.16:181][437]LogModuleManager: Shutting down and abandoning module GameplayDebugger (417)
[2019.11.15-20.14.16:182][437]LogModuleManager: Shutting down and abandoning module AITestSuite (415)
[2019.11.15-20.14.16:182][437]LogModuleManager: Shutting down and abandoning module NavigationSystem (413)
[2019.11.15-20.14.16:182][437]LogModuleManager: Shutting down and abandoning module ImageWriteQueue (410)
[2019.11.15-20.14.16:190][437]LogModuleManager: Shutting down and abandoning module ProfilerService (408)
[2019.11.15-20.14.16:281][437]LogModuleManager: Shutting down and abandoning module TaskGraph (406)
[2019.11.15-20.14.16:281][437]LogModuleManager: Shutting down and abandoning module SteamVRController (404)
[2019.11.15-20.14.16:281][437]LogModuleManager: Shutting down and abandoning module ProceduralMeshComponentEditor (402)
[2019.11.15-20.14.16:281][437]LogModuleManager: Shutting down and abandoning module ProceduralMeshComponent (400)
[2019.11.15-20.14.16:282][437]LogModuleManager: Shutting down and abandoning module OculusEditor (398)
[2019.11.15-20.14.16:282][437]LogModuleManager: Shutting down and abandoning module OculusInput (396)
[2019.11.15-20.14.16:282][437]LogModuleManager: Shutting down and abandoning module MobilePatchingUtils (394)
[2019.11.15-20.14.16:282][437]LogModuleManager: Shutting down and abandoning module EditableMesh (392)
[2019.11.15-20.14.16:282][437]LogModuleManager: Shutting down and abandoning module CustomMeshComponent (390)
[2019.11.15-20.14.16:282][437]LogModuleManager: Shutting down and abandoning module CableComponent (388)
[2019.11.15-20.14.16:283][437]LogModuleManager: Shutting down and abandoning module AudioCapture (386)
[2019.11.15-20.14.16:283][437]LogModuleManager: Shutting down and abandoning module ArchVisCharacter (384)
[2019.11.15-20.14.16:283][437]LogModuleManager: Shutting down and abandoning module AndroidPermission (382)
[2019.11.15-20.14.16:283][437]LogModuleManager: Shutting down and abandoning module NUTUnrealEngine4 (380)
[2019.11.15-20.14.16:283][437]LogModuleManager: Shutting down and abandoning module NetcodeUnitTest (378)
[2019.11.15-20.14.16:283][437]LogModuleManager: Shutting down and abandoning module MediaCompositing (376)
[2019.11.15-20.14.16:283][437]LogModuleManager: Shutting down and abandoning module LinearTimecode (374)
[2019.11.15-20.14.16:283][437]LogModuleManager: Shutting down and abandoning module ImgMedia (372)
[2019.11.15-20.14.16:283][437]LogModuleManager: Shutting down and abandoning module MagicLeapHelperVulkan (370)
[2019.11.15-20.14.16:283][437]LogModuleManager: Shutting down and abandoning module MagicLeapHelperOpenGL (368)
[2019.11.15-20.14.16:284][437]LogModuleManager: Shutting down and abandoning module MagicLeapAudio (366)
[2019.11.15-20.14.16:284][437]LogModuleManager: Shutting down and abandoning module HTML5Networking (364)
[2019.11.15-20.14.16:284][437]LogModuleManager: Shutting down and abandoning module GeometryCacheTracks (362)
[2019.11.15-20.14.16:284][437]LogModuleManager: Shutting down and abandoning module GeometryCacheSequencer (360)
[2019.11.15-20.14.16:284][437]LogModuleManager: Shutting down and abandoning module BackChannel (358)
[2019.11.15-20.14.16:284][437]LogModuleManager: Shutting down and abandoning module AppleVision (356)
[2019.11.15-20.14.16:284][437]LogModuleManager: Shutting down and abandoning module AppleImageUtilsBlueprintSupport (354)
[2019.11.15-20.14.16:284][437]LogModuleManager: Shutting down and abandoning module AppleImageUtils (352)
[2019.11.15-20.14.16:284][437]LogModuleManager: Shutting down and abandoning module AlembicImporter (350)
[2019.11.15-20.14.16:284][437]LogModuleManager: Shutting down and abandoning module AlembicLibrary (349)
[2019.11.15-20.14.16:285][437]LogModuleManager: Shutting down and abandoning module GeometryCache (348)
[2019.11.15-20.14.16:285][437]LogModuleManager: Shutting down and abandoning module GeometryCacheEd (347)
[2019.11.15-20.14.16:285][437]LogModuleManager: Shutting down and abandoning module VariantManagerContent (342)
[2019.11.15-20.14.16:285][437]LogModuleManager: Shutting down and abandoning module DatasmithContentEditor (340)
[2019.11.15-20.14.16:285][437]LogModuleManager: Shutting down and abandoning module SpeedTreeImporter (338)
[2019.11.15-20.14.16:285][437]LogModuleManager: Shutting down and abandoning module PluginBrowser (336)
[2019.11.15-20.14.16:285][437]LogModuleManager: Shutting down and abandoning module MobileLauncherProfileWizard (334)
[2019.11.15-20.14.16:285][437]LogModuleManager: Shutting down and abandoning module MaterialAnalyzer (332)
[2019.11.15-20.14.16:285][437]LogModuleManager: Shutting down and abandoning module CryptoKeysOpenSSL (330)
[2019.11.15-20.14.16:285][437]LogModuleManager: Shutting down and abandoning module CryptoKeys (328)
[2019.11.15-20.14.16:286][437]LogModuleManager: Shutting down and abandoning module VisualStudioSourceCodeAccess (326)
[2019.11.15-20.14.16:286][437]LogModuleManager: Shutting down and abandoning module VisualStudioCodeSourceCodeAccess (324)
[2019.11.15-20.14.16:286][437]LogModuleManager: Shutting down and abandoning module UObjectPlugin (322)
[2019.11.15-20.14.16:286][437]LogModuleManager: Shutting down and abandoning module SubversionSourceControl (320)
[2019.11.15-20.14.16:286][437]LogModuleManager: Shutting down and abandoning module PerforceSourceControl (318)
[2019.11.15-20.14.16:286][437]LogModuleManager: Shutting down and abandoning module GitSourceControl (316)
[2019.11.15-20.14.16:286][437]LogModuleManager: Shutting down and abandoning module SourceControl (315)
[2019.11.15-20.14.16:286][437]LogModuleManager: Shutting down and abandoning module CLionSourceCodeAccess (312)
[2019.11.15-20.14.16:286][437]LogModuleManager: Shutting down and abandoning module AnimationSharingEd (310)
[2019.11.15-20.14.16:286][437]LogModuleManager: Shutting down and abandoning module ActorLayerUtilitiesEditor (308)
[2019.11.15-20.14.16:287][437]LogModuleManager: Shutting down and abandoning module ActorLayerUtilities (306)
[2019.11.15-20.14.16:287][437]LogModuleManager: Shutting down and abandoning module LightPropagationVolumeEditor (304)
[2019.11.15-20.14.16:287][437]LogModuleManager: Shutting down and abandoning module PaperTiledImporter (302)
[2019.11.15-20.14.16:287][437]LogModuleManager: Shutting down and abandoning module PaperSpriteSheetImporter (300)
[2019.11.15-20.14.16:287][437]LogModuleManager: Shutting down and abandoning module Paper2DEditor (298)
[2019.11.15-20.14.16:287][437]LogModuleManager: Shutting down and abandoning module PathFinding (296)
[2019.11.15-20.14.16:287][437]LogModuleManager: Shutting down and abandoning module SignificanceManager (294)
[2019.11.15-20.14.16:287][437]LogModuleManager: Shutting down and abandoning module RuntimePhysXCooking (292)
[2019.11.15-20.14.16:287][437]LogModuleManager: Shutting down and abandoning module PhysXVehiclesEditor (290)
[2019.11.15-20.14.16:287][437]LogModuleManager: Shutting down and abandoning module PhysXVehicles (288)
[2019.11.15-20.14.16:287][437]LogModuleManager: Shutting down and abandoning module LocationServicesBPLibrary (286)
[2019.11.15-20.14.16:287][437]LogModuleManager: Shutting down and abandoning module ActorSequence (284)
[2019.11.15-20.14.16:288][437]LogModuleManager: Shutting down and abandoning module UdpMessaging (282)
