Log file open, 11/29/19 20:17:27
LogWindows: Failed to load 'aqProf.dll' (GetLastError=126)
LogWindows: File 'aqProf.dll' does not exist
LogWindows: Failed to load 'VtuneApi.dll' (GetLastError=126)
LogWindows: File 'VtuneApi.dll' does not exist
LogWindows: Failed to load 'VtuneApi32e.dll' (GetLastError=126)
LogWindows: File 'VtuneApi32e.dll' does not exist
LogConsoleResponse: Display: Failed to find resolution value strings in scalability ini. Falling back to default.
LogInit: Display: Running engine for game: PathFinding
LogPakFile: Registered encryption key '00000000000000000000000000000000': 0 pak files mounted, 0 remain pending
LogPlatformFile: Not using cached read wrapper
LogTaskGraph: Started task graph with 5 named threads and 14 total threads with 3 sets of task threads.
LogStats: Stats thread started at 0.350552
LogD3D11RHI: Loaded GFSDK_Aftermath_Lib.x64.dll
LogICUInternationalization: ICU TimeZone Detection - Raw Offset: -5:00, Platform Override: ''
LogPluginManager: Mounting plugin Paper2D
LogPluginManager: Mounting plugin AISupport
LogPluginManager: Mounting plugin LightPropagationVolume
LogPluginManager: Mounting plugin ActorLayerUtilities
LogPluginManager: Mounting plugin AnimationSharing
LogPluginManager: Mounting plugin CLionSourceCodeAccess
LogPluginManager: Mounting plugin CodeLiteSourceCodeAccess
LogPluginManager: Mounting plugin GitSourceControl
LogPluginManager: Mounting plugin KDevelopSourceCodeAccess
LogPluginManager: Mounting plugin NullSourceCodeAccess
LogPluginManager: Mounting plugin PerforceSourceControl
LogPluginManager: Mounting plugin SubversionSourceControl
LogPluginManager: Mounting plugin UObjectPlugin
LogPluginManager: Mounting plugin VisualStudioCodeSourceCodeAccess
LogPluginManager: Mounting plugin VisualStudioSourceCodeAccess
LogPluginManager: Mounting plugin XCodeSourceCodeAccess
LogPluginManager: Mounting plugin AssetManagerEditor
LogPluginManager: Mounting plugin CryptoKeys
LogPluginManager: Mounting plugin DataValidation
LogPluginManager: Mounting plugin FacialAnimation
LogPluginManager: Mounting plugin GameplayTagsEditor
LogPluginManager: Mounting plugin MacGraphicsSwitching
LogPluginManager: Mounting plugin MaterialAnalyzer
LogPluginManager: Mounting plugin MobileLauncherProfileWizard
LogPluginManager: Mounting plugin PluginBrowser
LogPluginManager: Mounting plugin SpeedTreeImporter
LogPluginManager: Mounting plugin DatasmithContent
LogPluginManager: Mounting plugin VariantManagerContent
LogPluginManager: Mounting plugin AlembicImporter
LogPluginManager: Mounting plugin AppleImageUtils
LogPluginManager: Mounting plugin AppleVision
LogPluginManager: Mounting plugin BackChannel
LogPluginManager: Mounting plugin CharacterAI
LogPluginManager: Mounting plugin GeometryCache
LogPluginManager: Mounting plugin HTML5Networking
LogPluginManager: Mounting plugin ProxyLODPlugin
LogPluginManager: Mounting plugin SkeletalReduction
LogPluginManager: Mounting plugin MagicLeap
LogPluginManager: Mounting plugin MagicLeapMedia
LogPluginManager: Mounting plugin AndroidMedia
LogPluginManager: Mounting plugin AvfMedia
LogPluginManager: Mounting plugin ImgMedia
LogPluginManager: Mounting plugin LinearTimecode
LogPluginManager: Mounting plugin MediaCompositing
LogPluginManager: Mounting plugin MediaPlayerEditor
LogPluginManager: Mounting plugin WebMMedia
LogPluginManager: Mounting plugin WmfMedia
LogPluginManager: Mounting plugin TcpMessaging
LogPluginManager: Mounting plugin UdpMessaging
LogPluginManager: Mounting plugin ActorSequence
LogPluginManager: Mounting plugin LevelSequenceEditor
LogPluginManager: Mounting plugin MatineeToLevelSequence
LogPluginManager: Mounting plugin NetcodeUnitTest
LogPluginManager: Mounting plugin NUTUnrealEngine4
LogPluginManager: Mounting plugin OnlineSubsystemGooglePlay
LogPluginManager: Mounting plugin OnlineSubsystemIOS
LogPluginManager: Mounting plugin OnlineSubsystem
LogPluginManager: Mounting plugin OnlineSubsystemNull
LogPluginManager: Mounting plugin OnlineSubsystemUtils
LogPluginManager: Mounting plugin LauncherChunkInstaller
LogPluginManager: Mounting plugin AndroidDeviceProfileSelector
LogPluginManager: Mounting plugin AndroidMoviePlayer
LogPluginManager: Mounting plugin AndroidPermission
LogPluginManager: Mounting plugin AppleMoviePlayer
LogPluginManager: Mounting plugin ArchVisCharacter
LogPluginManager: Mounting plugin AudioCapture
LogPluginManager: Mounting plugin CableComponent
LogPluginManager: Mounting plugin CustomMeshComponent
LogPluginManager: Mounting plugin EditableMesh
LogPluginManager: Mounting plugin ExampleDeviceProfileSelector
LogPluginManager: Mounting plugin Firebase
LogPluginManager: Mounting plugin GoogleCloudMessaging
LogPluginManager: Mounting plugin IOSDeviceProfileSelector
LogPluginManager: Mounting plugin LinuxDeviceProfileSelector
LogPluginManager: Mounting plugin LocationServicesBPLibrary
LogPluginManager: Mounting plugin MobilePatchingUtils
LogPluginManager: Mounting plugin OculusVR
LogPluginManager: Mounting plugin PhysXVehicles
LogPluginManager: Mounting plugin ProceduralMeshComponent
LogPluginManager: Mounting plugin RuntimePhysXCooking
LogPluginManager: Mounting plugin SignificanceManager
LogPluginManager: Mounting plugin SteamVR
LogPluginManager: Mounting plugin WebMMoviePlayer
LogPluginManager: Mounting plugin WindowsMoviePlayer
LogInit: Using libcurl 7.55.1-DEV
LogInit:  - built for x86_64-pc-win32
LogInit:  - supports SSL with OpenSSL/1.1.1
LogInit:  - supports HTTP deflate (compression) using libz 1.2.8
LogInit:  - other features:
LogInit:      CURL_VERSION_SSL
LogInit:      CURL_VERSION_LIBZ
LogInit:      CURL_VERSION_IPV6
LogInit:      CURL_VERSION_ASYNCHDNS
LogInit:      CURL_VERSION_LARGEFILE
LogInit:      CURL_VERSION_IDN
LogInit:  CurlRequestOptions (configurable via config and command line):
LogInit:  - bVerifyPeer = true  - Libcurl will verify peer certificate
LogInit:  - bUseHttpProxy = false  - Libcurl will NOT use HTTP proxy
LogInit:  - bDontReuseConnections = false  - Libcurl will reuse connections
LogInit:  - MaxHostConnections = 16  - Libcurl will limit the number of connections to a host
LogInit:  - LocalHostAddr = Default
LogInit:  - BufferSize = 65536
LogInit: WinSock: version 1.1 (2.2), MaxSocks=32767, MaxUdp=65467
LogInit: Build: ++UE4+Release-4.22-CL-7053642
LogInit: Engine Version: 4.22.3-7053642+++UE4+Release-4.22
LogInit: Compatible Engine Version: 4.22.0-5660361+++UE4+Release-4.22
LogInit: Net CL: 5660361
LogInit: OS: Windows 10 (Release 1903) (), CPU: Intel(R) Core(TM) i5-4690K CPU @ 3.50GHz, GPU: NVIDIA GeForce GTX 1060 6GB
LogInit: Compiled (64-bit): Jun 18 2019 03:09:11
LogInit: Compiled with Visual C++: 19.16.27025.01
LogInit: Build Configuration: Development
LogInit: Branch Name: ++UE4+Release-4.22
LogInit: Command Line:  -skipcompile
LogInit: Base Directory: D:/Games/Fortnite/UE_4.22/Engine/Binaries/Win64/
LogInit: Installed Engine Build: 1
LogDevObjectVersion: Number of dev versions registered: 23
LogDevObjectVersion:   Dev-Blueprints (B0D832E4-1F89-4F0D-ACCF-7EB736FD4AA2): 10
LogDevObjectVersion:   Dev-Build (E1C64328-A22C-4D53-A36C-8E866417BD8C): 0
LogDevObjectVersion:   Dev-Core (375EC13C-06E4-48FB-B500-84F0262A717E): 3
LogDevObjectVersion:   Dev-Editor (E4B068ED-F494-42E9-A231-DA0B2E46BB41): 30
LogDevObjectVersion:   Dev-Framework (CFFC743F-43B0-4480-9391-14DF171D2073): 35
LogDevObjectVersion:   Dev-Mobile (B02B49B5-BB20-44E9-A304-32B752E40360): 2
LogDevObjectVersion:   Dev-Networking (A4E4105C-59A1-49B5-A7C5-40C4547EDFEE): 0
LogDevObjectVersion:   Dev-Online (39C831C9-5AE6-47DC-9A44-9C173E1C8E7C): 0
LogDevObjectVersion:   Dev-Physics (78F01B33-EBEA-4F98-B9B4-84EACCB95AA2): 0
LogDevObjectVersion:   Dev-Platform (6631380F-2D4D-43E0-8009-CF276956A95A): 0
LogDevObjectVersion:   Dev-Rendering (12F88B9F-8875-4AFC-A67C-D90C383ABD29): 28
LogDevObjectVersion:   Dev-Sequencer (7B5AE74C-D270-4C10-A958-57980B212A5A): 11
LogDevObjectVersion:   Dev-VR (D7296918-1DD6-4BDD-9DE2-64A83CC13884): 2
LogDevObjectVersion:   Dev-LoadTimes (C2A15278-BFE7-4AFE-6C17-90FF531DF755): 1
LogDevObjectVersion:   Private-Geometry (6EACA3D4-40EC-4CC1-B786-8BED09428FC5): 3
LogDevObjectVersion:   Dev-AnimPhys (29E575DD-E0A3-4627-9D10-D276232CDCEA): 17
LogDevObjectVersion:   Dev-Anim (AF43A65D-7FD3-4947-9873-3E8ED9C1BB05): 2
LogDevObjectVersion:   Dev-ReflectionCapture (6B266CEC-1EC7-4B8F-A30B-E4D90942FC07): 1
LogDevObjectVersion:   Dev-Automation (0DF73D61-A23F-47EA-B727-89E90C41499A): 1
LogDevObjectVersion:   FortniteMain (601D1886-AC64-4F84-AA16-D3DE0DEAC7D6): 25
LogDevObjectVersion:   Dev-Enterprise (9DFFBCD6-494F-0158-E221-12823C92A888): 6
LogDevObjectVersion:   Dev-Niagara (F2AED0AC-9AFE-416F-8664-AA7FFA26D6FC): 1
LogDevObjectVersion:   Dev-Destruction (174F1F0B-B4C6-45A5-B13F-2EE8D0FB917D): 2
LogInit: Presizing for max 16777216 objects, including 0 objects not considered by GC, pre-allocating 0 bytes for permanent pool.
LogInit: Object subsystem initialized
LogConfig: Setting CVar [[con.DebugEarlyDefault:1]]
LogConfig: Setting CVar [[r.setres:1280x720]]
[2019.11.30-01.17.28:037][  0]LogConfig: Setting CVar [[r.VSync:0]]
[2019.11.30-01.17.28:037][  0]LogConfig: Setting CVar [[r.RHICmdBypass:0]]
[2019.11.30-01.17.28:037][  0]LogConfig: Applying CVar settings from Section [/Script/Engine.RendererSettings] File [E:/GamePhysicsandAI/GameAI/PathfindingLab/Saved/Config/Windows/Engine.ini]
[2019.11.30-01.17.28:037][  0]LogConfig: Setting CVar [[r.GPUCrashDebugging:0]]
[2019.11.30-01.17.28:037][  0]LogConfig: Setting CVar [[r.DefaultFeature.AutoExposure.ExtendDefaultLuminanceRange:1]]
[2019.11.30-01.17.28:037][  0]LogConfig: Applying CVar settings from Section [/Script/Engine.RendererOverrideSettings] File [E:/GamePhysicsandAI/GameAI/PathfindingLab/Saved/Config/Windows/Engine.ini]
[2019.11.30-01.17.28:037][  0]LogConfig: Applying CVar settings from Section [/Script/Engine.StreamingSettings] File [E:/GamePhysicsandAI/GameAI/PathfindingLab/Saved/Config/Windows/Engine.ini]
[2019.11.30-01.17.28:037][  0]LogConfig: Setting CVar [[s.MinBulkDataSizeForAsyncLoading:131072]]
[2019.11.30-01.17.28:037][  0]LogConfig: Setting CVar [[s.AsyncLoadingThreadEnabled:0]]
[2019.11.30-01.17.28:037][  0]LogConfig: Setting CVar [[s.EventDrivenLoaderEnabled:1]]
[2019.11.30-01.17.28:037][  0]LogConfig: Setting CVar [[s.WarnIfTimeLimitExceeded:0]]
[2019.11.30-01.17.28:037][  0]LogConfig: Setting CVar [[s.TimeLimitExceededMultiplier:1.5]]
[2019.11.30-01.17.28:037][  0]LogConfig: Setting CVar [[s.TimeLimitExceededMinTime:0.005]]
[2019.11.30-01.17.28:037][  0]LogConfig: Setting CVar [[s.UseBackgroundLevelStreaming:1]]
[2019.11.30-01.17.28:037][  0]LogConfig: Setting CVar [[s.PriorityAsyncLoadingExtraTime:15.0]]
[2019.11.30-01.17.28:037][  0]LogConfig: Setting CVar [[s.LevelStreamingActorsUpdateTimeLimit:5.0]]
[2019.11.30-01.17.28:037][  0]LogConfig: Setting CVar [[s.PriorityLevelStreamingActorsUpdateExtraTime:5.0]]
[2019.11.30-01.17.28:037][  0]LogConfig: Setting CVar [[s.LevelStreamingComponentsRegistrationGranularity:10]]
[2019.11.30-01.17.28:037][  0]LogConfig: Setting CVar [[s.UnregisterComponentsTimeLimit:1.0]]
[2019.11.30-01.17.28:037][  0]LogConfig: Setting CVar [[s.LevelStreamingComponentsUnregistrationGranularity:5]]
[2019.11.30-01.17.28:037][  0]LogConfig: Applying CVar settings from Section [/Script/Engine.GarbageCollectionSettings] File [E:/GamePhysicsandAI/GameAI/PathfindingLab/Saved/Config/Windows/Engine.ini]
[2019.11.30-01.17.28:037][  0]LogConfig: Setting CVar [[gc.MaxObjectsNotConsideredByGC:1]]
[2019.11.30-01.17.28:037][  0]LogConfig: Setting CVar [[gc.SizeOfPermanentObjectPool:0]]
[2019.11.30-01.17.28:038][  0]LogConfig: Setting CVar [[gc.FlushStreamingOnGC:0]]
[2019.11.30-01.17.28:038][  0]LogConfig: Setting CVar [[gc.NumRetriesBeforeForcingGC:10]]
[2019.11.30-01.17.28:038][  0]LogConfig: Setting CVar [[gc.AllowParallelGC:1]]
[2019.11.30-01.17.28:038][  0]LogConfig: Setting CVar [[gc.TimeBetweenPurgingPendingKillObjects:61.1]]
[2019.11.30-01.17.28:038][  0]LogConfig: Setting CVar [[gc.MaxObjectsInEditor:16777216]]
[2019.11.30-01.17.28:038][  0]LogConfig: Setting CVar [[gc.IncrementalBeginDestroyEnabled:1]]
[2019.11.30-01.17.28:038][  0]LogConfig: Setting CVar [[gc.CreateGCClusters:1]]
[2019.11.30-01.17.28:038][  0]LogConfig: Setting CVar [[gc.MinGCClusterSize:5]]
[2019.11.30-01.17.28:038][  0]LogConfig: Setting CVar [[gc.ActorClusteringEnabled:0]]
[2019.11.30-01.17.28:038][  0]LogConfig: Setting CVar [[gc.BlueprintClusteringEnabled:0]]
[2019.11.30-01.17.28:038][  0]LogConfig: Setting CVar [[gc.UseDisregardForGCOnDedicatedServers:0]]
[2019.11.30-01.17.28:038][  0]LogConfig: Applying CVar settings from Section [/Script/Engine.NetworkSettings] File [E:/GamePhysicsandAI/GameAI/PathfindingLab/Saved/Config/Windows/Engine.ini]
[2019.11.30-01.17.28:038][  0]LogConfig: Applying CVar settings from Section [/Script/UnrealEd.CookerSettings] File [E:/GamePhysicsandAI/GameAI/PathfindingLab/Saved/Config/Windows/Engine.ini]
[2019.11.30-01.17.28:056][  0]LogConfig: Applying CVar settings from Section [ViewDistanceQuality@3] File [E:/GamePhysicsandAI/GameAI/PathfindingLab/Saved/Config/Windows/Scalability.ini]
[2019.11.30-01.17.28:056][  0]LogConfig: Setting CVar [[r.SkeletalMeshLODBias:0]]
[2019.11.30-01.17.28:056][  0]LogConfig: Setting CVar [[r.ViewDistanceScale:1.0]]
[2019.11.30-01.17.28:056][  0]LogConfig: Applying CVar settings from Section [AntiAliasingQuality@3] File [E:/GamePhysicsandAI/GameAI/PathfindingLab/Saved/Config/Windows/Scalability.ini]
[2019.11.30-01.17.28:056][  0]LogConfig: Setting CVar [[r.PostProcessAAQuality:4]]
[2019.11.30-01.17.28:056][  0]LogConfig: Applying CVar settings from Section [ShadowQuality@3] File [E:/GamePhysicsandAI/GameAI/PathfindingLab/Saved/Config/Windows/Scalability.ini]
[2019.11.30-01.17.28:056][  0]LogConfig: Setting CVar [[r.LightFunctionQuality:1]]
[2019.11.30-01.17.28:056][  0]LogConfig: Setting CVar [[r.ShadowQuality:5]]
[2019.11.30-01.17.28:056][  0]LogConfig: Setting CVar [[r.Shadow.CSM.MaxCascades:10]]
[2019.11.30-01.17.28:056][  0]LogConfig: Setting CVar [[r.Shadow.MaxResolution:2048]]
[2019.11.30-01.17.28:056][  0]LogConfig: Setting CVar [[r.Shadow.MaxCSMResolution:2048]]
[2019.11.30-01.17.28:056][  0]LogConfig: Setting CVar [[r.Shadow.RadiusThreshold:0.01]]
[2019.11.30-01.17.28:056][  0]LogConfig: Setting CVar [[r.Shadow.DistanceScale:1.0]]
[2019.11.30-01.17.28:056][  0]LogConfig: Setting CVar [[r.Shadow.CSM.TransitionScale:1.0]]
[2019.11.30-01.17.28:056][  0]LogConfig: Setting CVar [[r.Shadow.PreShadowResolutionFactor:1.0]]
[2019.11.30-01.17.28:056][  0]LogConfig: Setting CVar [[r.DistanceFieldShadowing:1]]
[2019.11.30-01.17.28:056][  0]LogConfig: Setting CVar [[r.DistanceFieldAO:1]]
[2019.11.30-01.17.28:056][  0]LogConfig: Setting CVar [[r.AOQuality:2]]
[2019.11.30-01.17.28:056][  0]LogConfig: Setting CVar [[r.VolumetricFog:1]]
[2019.11.30-01.17.28:056][  0]LogConfig: Setting CVar [[r.VolumetricFog.GridPixelSize:8]]
[2019.11.30-01.17.28:056][  0]LogConfig: Setting CVar [[r.VolumetricFog.GridSizeZ:128]]
[2019.11.30-01.17.28:057][  0]LogConfig: Setting CVar [[r.VolumetricFog.HistoryMissSupersampleCount:4]]
[2019.11.30-01.17.28:057][  0]LogConfig: Setting CVar [[r.LightMaxDrawDistanceScale:1]]
[2019.11.30-01.17.28:057][  0]LogConfig: Setting CVar [[r.CapsuleShadows:1]]
[2019.11.30-01.17.28:057][  0]LogConfig: Applying CVar settings from Section [PostProcessQuality@3] File [E:/GamePhysicsandAI/GameAI/PathfindingLab/Saved/Config/Windows/Scalability.ini]
[2019.11.30-01.17.28:057][  0]LogConfig: Setting CVar [[r.MotionBlurQuality:4]]
[2019.11.30-01.17.28:057][  0]LogConfig: Setting CVar [[r.AmbientOcclusionMipLevelFactor:0.4]]
[2019.11.30-01.17.28:057][  0]LogConfig: Setting CVar [[r.AmbientOcclusionMaxQuality:100]]
[2019.11.30-01.17.28:057][  0]LogConfig: Setting CVar [[r.AmbientOcclusionLevels:-1]]
[2019.11.30-01.17.28:057][  0]LogConfig: Setting CVar [[r.AmbientOcclusionRadiusScale:1.0]]
[2019.11.30-01.17.28:057][  0]LogConfig: Setting CVar [[r.DepthOfFieldQuality:2]]
[2019.11.30-01.17.28:057][  0]LogConfig: Setting CVar [[r.RenderTargetPoolMin:400]]
[2019.11.30-01.17.28:057][  0]LogConfig: Setting CVar [[r.LensFlareQuality:2]]
[2019.11.30-01.17.28:057][  0]LogConfig: Setting CVar [[r.SceneColorFringeQuality:1]]
[2019.11.30-01.17.28:057][  0]LogConfig: Setting CVar [[r.EyeAdaptationQuality:2]]
[2019.11.30-01.17.28:057][  0]LogConfig: Setting CVar [[r.BloomQuality:5]]
[2019.11.30-01.17.28:057][  0]LogConfig: Setting CVar [[r.FastBlurThreshold:100]]
[2019.11.30-01.17.28:057][  0]LogConfig: Setting CVar [[r.Upscale.Quality:3]]
[2019.11.30-01.17.28:057][  0]LogConfig: Setting CVar [[r.Tonemapper.GrainQuantization:1]]
[2019.11.30-01.17.28:057][  0]LogConfig: Setting CVar [[r.LightShaftQuality:1]]
[2019.11.30-01.17.28:057][  0]LogConfig: Setting CVar [[r.Filter.SizeScale:1]]
[2019.11.30-01.17.28:057][  0]LogConfig: Setting CVar [[r.Tonemapper.Quality:5]]
[2019.11.30-01.17.28:057][  0]LogConfig: Setting CVar [[r.DOF.Gather.AccumulatorQuality:1        ; higher gathering accumulator quality]]
[2019.11.30-01.17.28:057][  0]LogConfig: Setting CVar [[r.DOF.Gather.PostfilterMethod:1          ; Median3x3 postfilering method]]
[2019.11.30-01.17.28:057][  0]LogConfig: Setting CVar [[r.DOF.Gather.EnableBokehSettings:0       ; no bokeh simulation when gathering]]
[2019.11.30-01.17.28:057][  0]LogConfig: Setting CVar [[r.DOF.Gather.RingCount:4                 ; medium number of samples when gathering]]
[2019.11.30-01.17.28:057][  0]LogConfig: Setting CVar [[r.DOF.Scatter.ForegroundCompositing:1    ; additive foreground scattering]]
[2019.11.30-01.17.28:057][  0]LogConfig: Setting CVar [[r.DOF.Scatter.BackgroundCompositing:2    ; additive background scattering]]
[2019.11.30-01.17.28:058][  0]LogConfig: Setting CVar [[r.DOF.Scatter.EnableBokehSettings:1      ; bokeh simulation when scattering]]
[2019.11.30-01.17.28:058][  0]LogConfig: Setting CVar [[r.DOF.Scatter.MaxSpriteRatio:0.1         ; only a maximum of 10% of scattered bokeh]]
[2019.11.30-01.17.28:058][  0]LogConfig: Setting CVar [[r.DOF.Recombine.Quality:1                ; cheap slight out of focus]]
[2019.11.30-01.17.28:058][  0]LogConfig: Setting CVar [[r.DOF.Recombine.EnableBokehSettings:0    ; no bokeh simulation on slight out of focus]]
[2019.11.30-01.17.28:058][  0]LogConfig: Setting CVar [[r.DOF.TemporalAAQuality:1                ; more stable temporal accumulation]]
[2019.11.30-01.17.28:058][  0]LogConfig: Setting CVar [[r.DOF.Kernel.MaxForegroundRadius:0.025]]
[2019.11.30-01.17.28:058][  0]LogConfig: Setting CVar [[r.DOF.Kernel.MaxBackgroundRadius:0.025]]
[2019.11.30-01.17.28:058][  0]LogConfig: Applying CVar settings from Section [TextureQuality@3] File [E:/GamePhysicsandAI/GameAI/PathfindingLab/Saved/Config/Windows/Scalability.ini]
[2019.11.30-01.17.28:058][  0]LogConfig: Setting CVar [[r.Streaming.MipBias:0]]
[2019.11.30-01.17.28:058][  0]LogConfig: Setting CVar [[r.Streaming.AmortizeCPUToGPUCopy:0]]
[2019.11.30-01.17.28:058][  0]LogConfig: Setting CVar [[r.Streaming.MaxNumTexturesToStreamPerFrame:0]]
[2019.11.30-01.17.28:058][  0]LogConfig: Setting CVar [[r.Streaming.Boost:1]]
[2019.11.30-01.17.28:058][  0]LogConfig: Setting CVar [[r.MaxAnisotropy:8]]
[2019.11.30-01.17.28:058][  0]LogConfig: Setting CVar [[r.Streaming.LimitPoolSizeToVRAM:0]]
[2019.11.30-01.17.28:058][  0]LogConfig: Setting CVar [[r.Streaming.PoolSize:1000]]
[2019.11.30-01.17.28:058][  0]LogConfig: Setting CVar [[r.Streaming.MaxEffectiveScreenSize:0]]
[2019.11.30-01.17.28:058][  0]LogConfig: Applying CVar settings from Section [EffectsQuality@3] File [E:/GamePhysicsandAI/GameAI/PathfindingLab/Saved/Config/Windows/Scalability.ini]
[2019.11.30-01.17.28:059][  0]LogConfig: Setting CVar [[r.TranslucencyLightingVolumeDim:64]]
[2019.11.30-01.17.28:059][  0]LogConfig: Setting CVar [[r.RefractionQuality:2]]
[2019.11.30-01.17.28:059][  0]LogConfig: Setting CVar [[r.SSR.Quality:3]]
[2019.11.30-01.17.28:059][  0]LogConfig: Setting CVar [[r.SceneColorFormat:4]]
[2019.11.30-01.17.28:059][  0]LogConfig: Setting CVar [[r.DetailMode:2]]
[2019.11.30-01.17.28:059][  0]LogConfig: Setting CVar [[r.TranslucencyVolumeBlur:1]]
[2019.11.30-01.17.28:059][  0]LogConfig: Setting CVar [[r.MaterialQualityLevel:1 ; High quality]]
[2019.11.30-01.17.28:059][  0]LogConfig: Setting CVar [[r.SSS.Scale:1]]
[2019.11.30-01.17.28:059][  0]LogConfig: Setting CVar [[r.SSS.SampleSet:2]]
[2019.11.30-01.17.28:059][  0]LogConfig: Setting CVar [[r.SSS.Quality:1]]
[2019.11.30-01.17.28:059][  0]LogConfig: Setting CVar [[r.SSS.HalfRes:1]]
[2019.11.30-01.17.28:059][  0]LogConfig: Setting CVar [[r.EmitterSpawnRateScale:1.0]]
[2019.11.30-01.17.28:059][  0]LogConfig: Setting CVar [[r.ParticleLightQuality:2]]
[2019.11.30-01.17.28:059][  0]LogConfig: Applying CVar settings from Section [FoliageQuality@3] File [E:/GamePhysicsandAI/GameAI/PathfindingLab/Saved/Config/Windows/Scalability.ini]
[2019.11.30-01.17.28:059][  0]LogConfig: Setting CVar [[foliage.DensityScale:1.0]]
[2019.11.30-01.17.28:059][  0]LogConfig: Setting CVar [[grass.DensityScale:1.0]]
[2019.11.30-01.17.28:059][  0]LogInit: Selected Device Profile: [Windows]
[2019.11.30-01.17.28:059][  0]LogInit: Applying CVar settings loaded from the selected device profile: [Windows]
[2019.11.30-01.17.28:072][  0]LogHAL: Display: Platform has ~ 16 GB [17126227968 / 17179869184 / 16], which maps to Larger [LargestMinGB=32, LargerMinGB=12, DefaultMinGB=8, SmallerMinGB=6, SmallestMinGB=0)
[2019.11.30-01.17.28:072][  0]LogConfig: Setting CVar [[r.Vulkan.UseRealUBs:0		; Required until we fix HLR fall-out]]
[2019.11.30-01.17.28:072][  0]LogInit: Going up to parent DeviceProfile []
[2019.11.30-01.17.28:072][  0]LogConfig: Applying CVar settings from Section [ViewDistanceQuality@3] File [E:/GamePhysicsandAI/GameAI/PathfindingLab/Saved/Config/Windows/Scalability.ini]
[2019.11.30-01.17.28:072][  0]LogConfig: Setting CVar [[r.SkeletalMeshLODBias:0]]
[2019.11.30-01.17.28:072][  0]LogConfig: Setting CVar [[r.ViewDistanceScale:1.0]]
[2019.11.30-01.17.28:072][  0]LogConfig: Applying CVar settings from Section [AntiAliasingQuality@3] File [E:/GamePhysicsandAI/GameAI/PathfindingLab/Saved/Config/Windows/Scalability.ini]
[2019.11.30-01.17.28:073][  0]LogConfig: Setting CVar [[r.PostProcessAAQuality:4]]
[2019.11.30-01.17.28:073][  0]LogConfig: Applying CVar settings from Section [ShadowQuality@3] File [E:/GamePhysicsandAI/GameAI/PathfindingLab/Saved/Config/Windows/Scalability.ini]
[2019.11.30-01.17.28:073][  0]LogConfig: Setting CVar [[r.LightFunctionQuality:1]]
[2019.11.30-01.17.28:073][  0]LogConfig: Setting CVar [[r.ShadowQuality:5]]
[2019.11.30-01.17.28:073][  0]LogConfig: Setting CVar [[r.Shadow.CSM.MaxCascades:10]]
[2019.11.30-01.17.28:073][  0]LogConfig: Setting CVar [[r.Shadow.MaxResolution:2048]]
[2019.11.30-01.17.28:073][  0]LogConfig: Setting CVar [[r.Shadow.MaxCSMResolution:2048]]
[2019.11.30-01.17.28:073][  0]LogConfig: Setting CVar [[r.Shadow.RadiusThreshold:0.01]]
[2019.11.30-01.17.28:073][  0]LogConfig: Setting CVar [[r.Shadow.DistanceScale:1.0]]
[2019.11.30-01.17.28:073][  0]LogConfig: Setting CVar [[r.Shadow.CSM.TransitionScale:1.0]]
[2019.11.30-01.17.28:073][  0]LogConfig: Setting CVar [[r.Shadow.PreShadowResolutionFactor:1.0]]
[2019.11.30-01.17.28:073][  0]LogConfig: Setting CVar [[r.DistanceFieldShadowing:1]]
[2019.11.30-01.17.28:073][  0]LogConfig: Setting CVar [[r.DistanceFieldAO:1]]
[2019.11.30-01.17.28:073][  0]LogConfig: Setting CVar [[r.AOQuality:2]]
[2019.11.30-01.17.28:073][  0]LogConfig: Setting CVar [[r.VolumetricFog:1]]
[2019.11.30-01.17.28:073][  0]LogConfig: Setting CVar [[r.VolumetricFog.GridPixelSize:8]]
[2019.11.30-01.17.28:073][  0]LogConfig: Setting CVar [[r.VolumetricFog.GridSizeZ:128]]
[2019.11.30-01.17.28:073][  0]LogConfig: Setting CVar [[r.VolumetricFog.HistoryMissSupersampleCount:4]]
[2019.11.30-01.17.28:073][  0]LogConfig: Setting CVar [[r.LightMaxDrawDistanceScale:1]]
[2019.11.30-01.17.28:073][  0]LogConfig: Setting CVar [[r.CapsuleShadows:1]]
[2019.11.30-01.17.28:073][  0]LogConfig: Applying CVar settings from Section [PostProcessQuality@3] File [E:/GamePhysicsandAI/GameAI/PathfindingLab/Saved/Config/Windows/Scalability.ini]
[2019.11.30-01.17.28:073][  0]LogConfig: Setting CVar [[r.MotionBlurQuality:4]]
[2019.11.30-01.17.28:073][  0]LogConfig: Setting CVar [[r.AmbientOcclusionMipLevelFactor:0.4]]
[2019.11.30-01.17.28:073][  0]LogConfig: Setting CVar [[r.AmbientOcclusionMaxQuality:100]]
[2019.11.30-01.17.28:073][  0]LogConfig: Setting CVar [[r.AmbientOcclusionLevels:-1]]
[2019.11.30-01.17.28:073][  0]LogConfig: Setting CVar [[r.AmbientOcclusionRadiusScale:1.0]]
[2019.11.30-01.17.28:073][  0]LogConfig: Setting CVar [[r.DepthOfFieldQuality:2]]
[2019.11.30-01.17.28:074][  0]LogConfig: Setting CVar [[r.RenderTargetPoolMin:400]]
[2019.11.30-01.17.28:074][  0]LogConfig: Setting CVar [[r.LensFlareQuality:2]]
[2019.11.30-01.17.28:074][  0]LogConfig: Setting CVar [[r.SceneColorFringeQuality:1]]
[2019.11.30-01.17.28:074][  0]LogConfig: Setting CVar [[r.EyeAdaptationQuality:2]]
[2019.11.30-01.17.28:074][  0]LogConfig: Setting CVar [[r.BloomQuality:5]]
[2019.11.30-01.17.28:074][  0]LogConfig: Setting CVar [[r.FastBlurThreshold:100]]
[2019.11.30-01.17.28:074][  0]LogConfig: Setting CVar [[r.Upscale.Quality:3]]
[2019.11.30-01.17.28:074][  0]LogConfig: Setting CVar [[r.Tonemapper.GrainQuantization:1]]
[2019.11.30-01.17.28:074][  0]LogConfig: Setting CVar [[r.LightShaftQuality:1]]
[2019.11.30-01.17.28:074][  0]LogConfig: Setting CVar [[r.Filter.SizeScale:1]]
[2019.11.30-01.17.28:074][  0]LogConfig: Setting CVar [[r.Tonemapper.Quality:5]]
[2019.11.30-01.17.28:074][  0]LogConfig: Setting CVar [[r.DOF.Gather.AccumulatorQuality:1        ; higher gathering accumulator quality]]
[2019.11.30-01.17.28:074][  0]LogConfig: Setting CVar [[r.DOF.Gather.PostfilterMethod:1          ; Median3x3 postfilering method]]
[2019.11.30-01.17.28:074][  0]LogConfig: Setting CVar [[r.DOF.Gather.EnableBokehSettings:0       ; no bokeh simulation when gathering]]
[2019.11.30-01.17.28:074][  0]LogConfig: Setting CVar [[r.DOF.Gather.RingCount:4                 ; medium number of samples when gathering]]
[2019.11.30-01.17.28:074][  0]LogConfig: Setting CVar [[r.DOF.Scatter.ForegroundCompositing:1    ; additive foreground scattering]]
[2019.11.30-01.17.28:074][  0]LogConfig: Setting CVar [[r.DOF.Scatter.BackgroundCompositing:2    ; additive background scattering]]
[2019.11.30-01.17.28:074][  0]LogConfig: Setting CVar [[r.DOF.Scatter.EnableBokehSettings:1      ; bokeh simulation when scattering]]
[2019.11.30-01.17.28:074][  0]LogConfig: Setting CVar [[r.DOF.Scatter.MaxSpriteRatio:0.1         ; only a maximum of 10% of scattered bokeh]]
[2019.11.30-01.17.28:074][  0]LogConfig: Setting CVar [[r.DOF.Recombine.Quality:1                ; cheap slight out of focus]]
[2019.11.30-01.17.28:074][  0]LogConfig: Setting CVar [[r.DOF.Recombine.EnableBokehSettings:0    ; no bokeh simulation on slight out of focus]]
[2019.11.30-01.17.28:074][  0]LogConfig: Setting CVar [[r.DOF.TemporalAAQuality:1                ; more stable temporal accumulation]]
[2019.11.30-01.17.28:074][  0]LogConfig: Setting CVar [[r.DOF.Kernel.MaxForegroundRadius:0.025]]
[2019.11.30-01.17.28:074][  0]LogConfig: Setting CVar [[r.DOF.Kernel.MaxBackgroundRadius:0.025]]
[2019.11.30-01.17.28:074][  0]LogConfig: Applying CVar settings from Section [TextureQuality@3] File [E:/GamePhysicsandAI/GameAI/PathfindingLab/Saved/Config/Windows/Scalability.ini]
[2019.11.30-01.17.28:075][  0]LogConfig: Setting CVar [[r.Streaming.MipBias:0]]
[2019.11.30-01.17.28:075][  0]LogConfig: Setting CVar [[r.Streaming.AmortizeCPUToGPUCopy:0]]
[2019.11.30-01.17.28:075][  0]LogConfig: Setting CVar [[r.Streaming.MaxNumTexturesToStreamPerFrame:0]]
[2019.11.30-01.17.28:075][  0]LogConfig: Setting CVar [[r.Streaming.Boost:1]]
[2019.11.30-01.17.28:075][  0]LogConfig: Setting CVar [[r.MaxAnisotropy:8]]
[2019.11.30-01.17.28:075][  0]LogConfig: Setting CVar [[r.Streaming.LimitPoolSizeToVRAM:0]]
[2019.11.30-01.17.28:075][  0]LogConfig: Setting CVar [[r.Streaming.PoolSize:1000]]
[2019.11.30-01.17.28:075][  0]LogConfig: Setting CVar [[r.Streaming.MaxEffectiveScreenSize:0]]
[2019.11.30-01.17.28:075][  0]LogConfig: Applying CVar settings from Section [EffectsQuality@3] File [E:/GamePhysicsandAI/GameAI/PathfindingLab/Saved/Config/Windows/Scalability.ini]
[2019.11.30-01.17.28:075][  0]LogConfig: Setting CVar [[r.TranslucencyLightingVolumeDim:64]]
[2019.11.30-01.17.28:075][  0]LogConfig: Setting CVar [[r.RefractionQuality:2]]
[2019.11.30-01.17.28:075][  0]LogConfig: Setting CVar [[r.SSR.Quality:3]]
[2019.11.30-01.17.28:075][  0]LogConfig: Setting CVar [[r.SceneColorFormat:4]]
[2019.11.30-01.17.28:075][  0]LogConfig: Setting CVar [[r.DetailMode:2]]
[2019.11.30-01.17.28:075][  0]LogConfig: Setting CVar [[r.TranslucencyVolumeBlur:1]]
[2019.11.30-01.17.28:075][  0]LogConfig: Setting CVar [[r.MaterialQualityLevel:1 ; High quality]]
[2019.11.30-01.17.28:075][  0]LogConfig: Setting CVar [[r.SSS.Scale:1]]
[2019.11.30-01.17.28:075][  0]LogConfig: Setting CVar [[r.SSS.SampleSet:2]]
[2019.11.30-01.17.28:075][  0]LogConfig: Setting CVar [[r.SSS.Quality:1]]
[2019.11.30-01.17.28:075][  0]LogConfig: Setting CVar [[r.SSS.HalfRes:1]]
[2019.11.30-01.17.28:075][  0]LogConfig: Setting CVar [[r.EmitterSpawnRateScale:1.0]]
[2019.11.30-01.17.28:075][  0]LogConfig: Setting CVar [[r.ParticleLightQuality:2]]
[2019.11.30-01.17.28:075][  0]LogConfig: Applying CVar settings from Section [FoliageQuality@3] File [E:/GamePhysicsandAI/GameAI/PathfindingLab/Saved/Config/Windows/Scalability.ini]
[2019.11.30-01.17.28:075][  0]LogConfig: Setting CVar [[foliage.DensityScale:1.0]]
[2019.11.30-01.17.28:075][  0]LogConfig: Setting CVar [[grass.DensityScale:1.0]]
[2019.11.30-01.17.28:075][  0]LogConfig: Applying CVar settings from Section [Startup] File [../../../Engine/Config/ConsoleVariables.ini]
[2019.11.30-01.17.28:076][  0]LogConfig: Setting CVar [[net.UseAdaptiveNetUpdateFrequency:0]]
[2019.11.30-01.17.28:076][  0]LogConfig: Setting CVar [[p.chaos.AllowCreatePhysxBodies:1]]
[2019.11.30-01.17.28:076][  0]LogConfig: Applying CVar settings from Section [ConsoleVariables] File [E:/GamePhysicsandAI/GameAI/PathfindingLab/Saved/Config/Windows/Engine.ini]
[2019.11.30-01.17.28:076][  0]LogInit: Computer: DESKTOP-RF61S4J
[2019.11.30-01.17.28:076][  0]LogInit: User: Ben
[2019.11.30-01.17.28:076][  0]LogInit: CPU Page size=4096, Cores=4
[2019.11.30-01.17.28:076][  0]LogInit: High frequency timer resolution =10.000000 MHz
[2019.11.30-01.17.28:076][  0]LogMemory: Memory total: Physical=16.0GB (16GB approx)
[2019.11.30-01.17.28:076][  0]LogMemory: Platform Memory Stats for Windows
[2019.11.30-01.17.28:076][  0]LogMemory: Process Physical Memory: 100.11 MB used, 100.12 MB peak
[2019.11.30-01.17.28:077][  0]LogMemory: Process Virtual Memory: 84.02 MB used, 84.02 MB peak
[2019.11.30-01.17.28:077][  0]LogMemory: Physical Memory: 7577.30 MB used,  8755.54 MB free, 16332.84 MB total
[2019.11.30-01.17.28:077][  0]LogMemory: Virtual Memory: 4625.51 MB used,  134213104.00 MB free, 134217728.00 MB total
[2019.11.30-01.17.28:999][  0]LogInit: Using OS detected language (en-US).
[2019.11.30-01.17.28:999][  0]LogInit: Using OS detected locale (en-US).
[2019.11.30-01.17.29:001][  0]LogTextLocalizationManager: No specific localization for 'en-US' exists, so the 'en' localization will be used.
[2019.11.30-01.17.29:175][  0]LogInit: Setting process to per monitor DPI aware
[2019.11.30-01.17.29:301][  0]LogSlate: New Slate User Created.  User Index 0, Is Virtual User: 0
[2019.11.30-01.17.29:301][  0]LogSlate: Slate User Registered.  User Index 0, Is Virtual User: 0
[2019.11.30-01.17.29:549][  0]LogHMD: Failed to initialize OpenVR with code 110
[2019.11.30-01.17.29:549][  0]LogD3D11RHI: D3D11 adapters:
[2019.11.30-01.17.29:821][  0]LogD3D11RHI:    0. 'NVIDIA GeForce GTX 1060 6GB' (Feature Level 11_0)
[2019.11.30-01.17.29:821][  0]LogD3D11RHI:       6052/0/8166 MB DedicatedVideo/DedicatedSystem/SharedSystem, Outputs:2, VendorId:0x10de
[2019.11.30-01.17.29:832][  0]LogD3D11RHI:    1. 'Microsoft Basic Render Driver' (Feature Level 11_0)
[2019.11.30-01.17.29:832][  0]LogD3D11RHI:       0/0/8166 MB DedicatedVideo/DedicatedSystem/SharedSystem, Outputs:0, VendorId:0x1414
[2019.11.30-01.17.29:832][  0]LogD3D11RHI: Chosen D3D11 Adapter: 0
[2019.11.30-01.17.29:840][  0]LogD3D11RHI: Creating new Direct3DDevice
[2019.11.30-01.17.29:840][  0]LogD3D11RHI:     GPU DeviceId: 0x1c03 (for the marketing name, search the web for "GPU Device Id")
[2019.11.30-01.17.29:840][  0]LogWindows: EnumDisplayDevices:
[2019.11.30-01.17.29:840][  0]LogWindows:    0. 'NVIDIA GeForce GTX 1060 6GB' (P:1 D:1)
[2019.11.30-01.17.29:841][  0]LogWindows:    1. 'NVIDIA GeForce GTX 1060 6GB' (P:0 D:1)
[2019.11.30-01.17.29:842][  0]LogWindows:    2. 'NVIDIA GeForce GTX 1060 6GB' (P:0 D:0)
[2019.11.30-01.17.29:844][  0]LogWindows:    3. 'NVIDIA GeForce GTX 1060 6GB' (P:0 D:0)
[2019.11.30-01.17.29:845][  0]LogWindows: DebugString: FoundDriverCount:4 
[2019.11.30-01.17.29:845][  0]LogD3D11RHI:     Adapter Name: NVIDIA GeForce GTX 1060 6GB
[2019.11.30-01.17.29:845][  0]LogD3D11RHI:   Driver Version: 441.41 (internal:26.21.14.4141, unified:441.41)
[2019.11.30-01.17.29:845][  0]LogD3D11RHI:      Driver Date: 11-20-2019
[2019.11.30-01.17.29:845][  0]LogRHI: Texture pool is 4236 MB (70% of 6052 MB)
[2019.11.30-01.17.29:911][  0]LogD3D11RHI: Async texture creation enabled
[2019.11.30-01.17.29:924][  0]LogRendererCore: FGlobalReadBuffer::InitRHI
[2019.11.30-01.17.29:925][  0]LogRendererCore: FGlobalReadBuffer::InitRHI
[2019.11.30-01.17.29:925][  0]LogRendererCore: FGlobalReadBuffer::InitRHI
[2019.11.30-01.17.29:933][  0]LogD3D11RHI: GPU Timing Frequency: 1000.000000 (Debug: 2 1)
[2019.11.30-01.17.30:840][  0]LogTemp: Display: Module 'AllDesktopTargetPlatform' loaded TargetPlatform 'AllDesktop'
[2019.11.30-01.17.30:872][  0]LogTemp: Display: Module 'MacClientTargetPlatform' loaded TargetPlatform 'MacClient'
[2019.11.30-01.17.30:905][  0]LogTemp: Display: Module 'MacNoEditorTargetPlatform' loaded TargetPlatform 'MacNoEditor'
[2019.11.30-01.17.30:937][  0]LogTemp: Display: Module 'MacServerTargetPlatform' loaded TargetPlatform 'MacServer'
[2019.11.30-01.17.30:970][  0]LogTemp: Display: Module 'MacTargetPlatform' loaded TargetPlatform 'Mac'
[2019.11.30-01.17.31:003][  0]LogTemp: Display: Module 'WindowsClientTargetPlatform' loaded TargetPlatform 'WindowsClient'
[2019.11.30-01.17.31:036][  0]LogTemp: Display: Module 'WindowsNoEditorTargetPlatform' loaded TargetPlatform 'WindowsNoEditor'
[2019.11.30-01.17.31:069][  0]LogTemp: Display: Module 'WindowsServerTargetPlatform' loaded TargetPlatform 'WindowsServer'
[2019.11.30-01.17.31:096][  0]LogTemp: Display: Module 'WindowsTargetPlatform' loaded TargetPlatform 'Windows'
[2019.11.30-01.17.31:196][  0]LogTemp: Display: Module 'AndroidTargetPlatform' loaded TargetPlatform 'Android'
[2019.11.30-01.17.31:196][  0]LogTemp: Display: Module 'AndroidTargetPlatform' loaded TargetPlatform 'Android_ASTC'
[2019.11.30-01.17.31:196][  0]LogTemp: Display: Module 'AndroidTargetPlatform' loaded TargetPlatform 'Android_ATC'
[2019.11.30-01.17.31:196][  0]LogTemp: Display: Module 'AndroidTargetPlatform' loaded TargetPlatform 'Android_DXT'
[2019.11.30-01.17.31:196][  0]LogTemp: Display: Module 'AndroidTargetPlatform' loaded TargetPlatform 'Android_ETC1'
[2019.11.30-01.17.31:196][  0]LogTemp: Display: Module 'AndroidTargetPlatform' loaded TargetPlatform 'Android_ETC1a'
[2019.11.30-01.17.31:196][  0]LogTemp: Display: Module 'AndroidTargetPlatform' loaded TargetPlatform 'Android_ETC2'
[2019.11.30-01.17.31:196][  0]LogTemp: Display: Module 'AndroidTargetPlatform' loaded TargetPlatform 'Android_PVRTC'
[2019.11.30-01.17.31:196][  0]LogTemp: Display: Module 'AndroidTargetPlatform' loaded TargetPlatform 'AndroidClient'
[2019.11.30-01.17.31:196][  0]LogTemp: Display: Module 'AndroidTargetPlatform' loaded TargetPlatform 'Android_ASTCClient'
[2019.11.30-01.17.31:196][  0]LogTemp: Display: Module 'AndroidTargetPlatform' loaded TargetPlatform 'Android_ATCClient'
[2019.11.30-01.17.31:196][  0]LogTemp: Display: Module 'AndroidTargetPlatform' loaded TargetPlatform 'Android_DXTClient'
[2019.11.30-01.17.31:196][  0]LogTemp: Display: Module 'AndroidTargetPlatform' loaded TargetPlatform 'Android_ETC1Client'
[2019.11.30-01.17.31:196][  0]LogTemp: Display: Module 'AndroidTargetPlatform' loaded TargetPlatform 'Android_ETC1aClient'
[2019.11.30-01.17.31:196][  0]LogTemp: Display: Module 'AndroidTargetPlatform' loaded TargetPlatform 'Android_ETC2Client'
[2019.11.30-01.17.31:196][  0]LogTemp: Display: Module 'AndroidTargetPlatform' loaded TargetPlatform 'Android_PVRTCClient'
[2019.11.30-01.17.31:197][  0]LogTemp: Display: Module 'AndroidTargetPlatform' loaded TargetPlatform 'Android_Multi'
[2019.11.30-01.17.31:197][  0]LogTemp: Display: Module 'AndroidTargetPlatform' loaded TargetPlatform 'Android_MultiClient'
[2019.11.30-01.17.31:218][  0]LogTemp: Display: Module 'HTML5TargetPlatform' loaded TargetPlatform 'HTML5'
[2019.11.30-01.17.31:333][  0]LogTemp: Display: Module 'IOSTargetPlatform' loaded TargetPlatform 'IOSClient'
[2019.11.30-01.17.31:333][  0]LogTemp: Display: Module 'IOSTargetPlatform' loaded TargetPlatform 'IOS'
[2019.11.30-01.17.31:373][  0]LogTemp: Display: Module 'TVOSTargetPlatform' loaded TargetPlatform 'TVOSClient'
[2019.11.30-01.17.31:373][  0]LogTemp: Display: Module 'TVOSTargetPlatform' loaded TargetPlatform 'TVOS'
[2019.11.30-01.17.31:405][  0]LogTemp: Display: Module 'LinuxClientTargetPlatform' loaded TargetPlatform 'LinuxClient'
[2019.11.30-01.17.31:435][  0]LogTemp: Display: Module 'LinuxNoEditorTargetPlatform' loaded TargetPlatform 'LinuxNoEditor'
[2019.11.30-01.17.31:465][  0]LogTemp: Display: Module 'LinuxServerTargetPlatform' loaded TargetPlatform 'LinuxServer'
[2019.11.30-01.17.31:497][  0]LogTemp: Display: Module 'LinuxTargetPlatform' loaded TargetPlatform 'Linux'
[2019.11.30-01.17.31:560][  0]LogTemp: Display: Module 'LuminTargetPlatform' loaded TargetPlatform 'Lumin'
[2019.11.30-01.17.31:560][  0]LogTemp: Display: Module 'LuminTargetPlatform' loaded TargetPlatform 'LuminClient'
[2019.11.30-01.17.31:560][  0]LogTargetPlatformManager: Display: Building Assets For Windows
[2019.11.30-01.17.31:762][  0]LogAudioDebug: Display: Lib vorbis DLL was dynamically loaded.
[2019.11.30-01.17.32:403][  0]LogShaderCompilers: Guid format shader working directory is 2 characters bigger than the processId version (E:/GamePhysicsandAI/GameAI/PathfindingLab/Intermediate/Shaders/WorkingDirectory/10068/).
[2019.11.30-01.17.32:404][  0]LogShaderCompilers: Cleaned the shader compiler working directory 'C:/Users/Ben/AppData/Local/Temp/UnrealShaderWorkingDir/93A0794C466DDA1CD6DFC7991D3BFBFD/'.
[2019.11.30-01.17.32:408][  0]LogXGEController: Cannot use XGE Controller as Incredibuild is not installed on this machine.
[2019.11.30-01.17.32:409][  0]LogShaderCompilers: Cannot use XGE Shader Compiler as Incredibuild is not installed on this machine.
[2019.11.30-01.17.32:409][  0]LogShaderCompilers: Display: Using Local Shader Compiler.
[2019.11.30-01.17.33:006][  0]LogDerivedDataCache: Display: Max Cache Size: 512 MB
[2019.11.30-01.17.33:067][  0]LogDerivedDataCache: Loaded boot cache 0.06s 73MB C:/Users/Ben/AppData/Local/UnrealEngine/4.22/DerivedDataCache/Boot.ddc.
[2019.11.30-01.17.33:067][  0]LogDerivedDataCache: Display: Loaded Boot cache: C:/Users/Ben/AppData/Local/UnrealEngine/4.22/DerivedDataCache/Boot.ddc
[2019.11.30-01.17.33:067][  0]LogDerivedDataCache: FDerivedDataBackendGraph:  Pak pak cache file E:/GamePhysicsandAI/GameAI/PathfindingLab/DerivedDataCache/DDC.ddp not found, will not use a pak cache.
[2019.11.30-01.17.33:067][  0]LogDerivedDataCache: Unable to find inner node Pak for hierarchical cache Hierarchy.
[2019.11.30-01.17.33:067][  0]LogDerivedDataCache: FDerivedDataBackendGraph:  CompressedPak pak cache file E:/GamePhysicsandAI/GameAI/PathfindingLab/DerivedDataCache/Compressed.ddp not found, will not use a pak cache.
[2019.11.30-01.17.33:067][  0]LogDerivedDataCache: Unable to find inner node CompressedPak for hierarchical cache Hierarchy.
[2019.11.30-01.17.33:079][  0]LogDerivedDataCache: Display: Pak cache opened for reading ../../../Engine/DerivedDataCache/Compressed.ddp.
[2019.11.30-01.17.33:080][  0]LogDerivedDataCache: FDerivedDataBackendGraph:  EnterprisePak pak cache file ../../../Enterprise/DerivedDataCache/Compressed.ddp not found, will not use a pak cache.
[2019.11.30-01.17.33:080][  0]LogDerivedDataCache: Unable to find inner node EnterprisePak for hierarchical cache Hierarchy.
[2019.11.30-01.17.33:094][  0]LogDerivedDataCache: Using Local data cache path C:/Users/Ben/AppData/Local/UnrealEngine/Common/DerivedDataCache: Writable
[2019.11.30-01.17.33:094][  0]LogDerivedDataCache: Shared data cache path not found in *engine.ini, will not use an Shared cache.
[2019.11.30-01.17.33:094][  0]LogDerivedDataCache: Unable to find inner node Shared for hierarchical cache Hierarchy.
[2019.11.30-01.17.33:115][  0]LogMaterial: Verifying Global Shaders for PCD3D_SM5
[2019.11.30-01.17.33:116][  0]LogSlate: Using FreeType 2.6.0
[2019.11.30-01.17.33:117][  0]LogSlate: SlateFontServices - WITH_FREETYPE: 1, WITH_HARFBUZZ: 1
[2019.11.30-01.17.33:251][  0]LogAssetRegistry: FAssetRegistry took 0.0358 seconds to start up
[2019.11.30-01.17.33:571][  0]LogInit: Selected Device Profile: [Windows]
[2019.11.30-01.17.34:067][  0]LogMeshReduction: Using QuadricMeshReduction for automatic static mesh reduction
[2019.11.30-01.17.34:067][  0]LogMeshReduction: Using SimplygonMeshReduction for automatic skeletal mesh reduction
[2019.11.30-01.17.34:067][  0]LogMeshReduction: Using ProxyLODMeshReduction for automatic mesh merging
[2019.11.30-01.17.34:067][  0]LogMeshReduction: No distributed automatic mesh merging module available
[2019.11.30-01.17.34:067][  0]LogMeshMerging: No distributed automatic mesh merging module available
[2019.11.30-01.17.34:154][  0]LogNetVersion: PathFinding 1.0.0, NetCL: 5660361, EngineNetVer: 10, GameNetVer: 0 (Checksum: 315523671)
[2019.11.30-01.17.34:565][  0]LogPackageLocalizationCache: Processed 10 localized package path(s) for 1 prioritized culture(s) in 0.041910 seconds
[2019.11.30-01.17.34:572][  0]LogUObjectArray: 42205 objects as part of root set at end of initial load.
[2019.11.30-01.17.34:572][  0]LogUObjectAllocator: 7325032 out of 0 bytes used by permanent object pool.
[2019.11.30-01.17.34:572][  0]LogUObjectArray: CloseDisregardForGC: 0/0 objects in disregard for GC pool
[2019.11.30-01.17.37:397][  0]LogTcpMessaging: Initializing TcpMessaging bridge
[2019.11.30-01.17.37:422][  0]LogUdpMessaging: Initializing bridge on interface 0.0.0.0:0 to multicast group 230.0.0.1:6666.
[2019.11.30-01.17.38:021][  0]SourceControl: Source control is disabled
[2019.11.30-01.17.38:021][  0]SourceControl: Source control is disabled
[2019.11.30-01.17.38:112][  0]SourceControl: Source control is disabled
[2019.11.30-01.17.38:141][  0]SourceControl: Source control is disabled
[2019.11.30-01.17.39:393][  0]LogAndroidPermission: UAndroidPermissionCallbackProxy::GetInstance
[2019.11.30-01.17.40:214][  0]LogOcInput: OculusInput pre-init called
[2019.11.30-01.17.41:543][  0]LogEngine: Initializing Engine...
[2019.11.30-01.17.41:545][  0]LogHMD: Failed to initialize OpenVR with code 110
[2019.11.30-01.17.41:546][  0]LogStats: UGameplayTagsManager::InitializeManager -  0.000 s
[2019.11.30-01.17.41:757][  0]LogInit: Initializing FReadOnlyCVARCache
[2019.11.30-01.17.41:812][  0]LogAIModule: Creating AISystem for world Untitled
[2019.11.30-01.17.41:983][  0]LogInit: XAudio2 using 'Headphones (Astro MixAmp Pro Game)' : 6 channels at 48 kHz using 16 bits per sample (channel mask 0x60f)
[2019.11.30-01.17.42:058][  0]LogInit: FAudioDevice initialized.
[2019.11.30-01.17.42:058][  0]LogNetVersion: Set ProjectVersion to 1.0.0.0. Version Checksum will be recalculated on next use.
[2019.11.30-01.17.42:142][  0]LogDerivedDataCache: Saved boot cache 0.08s 71MB C:/Users/Ben/AppData/Local/UnrealEngine/4.22/DerivedDataCache/Boot.ddc.
[2019.11.30-01.17.42:153][  0]LogInit: Texture streaming: Enabled
[2019.11.30-01.17.42:304][  0]LogEngineSessionManager: EngineSessionManager initialized
[2019.11.30-01.17.42:384][  0]LogInit: Transaction tracking system initialized
[2019.11.30-01.17.42:582][  0]BlueprintLog: New page: Editor Load
[2019.11.30-01.17.43:605][  0]LocalizationService: Localization service is disabled
[2019.11.30-01.17.44:340][  0]LogFileCache: Scanning file cache for directory 'E:/GamePhysicsandAI/GameAI/PathfindingLab/Content/' took 0.01s
[2019.11.30-01.17.44:340][  0]LogCook: Display: Max memory allowance for cook 16384mb min free memory 0mb
[2019.11.30-01.17.44:340][  0]LogCook: Display: Mobile HDR setting 1
[2019.11.30-01.17.45:714][  0]SourceControl: Source control is disabled
[2019.11.30-01.17.45:714][  0]Cmd: MAP LOAD FILE="E:/GamePhysicsandAI/GameAI/PathfindingLab/Content/PathfindingMap.umap" TEMPLATE=0 SHOWPROGRESS=1 FEATURELEVEL=3
[2019.11.30-01.17.45:715][  0]LightingResults: New page: Lighting Build
[2019.11.30-01.17.45:720][  0]MapCheck: New page: Map Check
[2019.11.30-01.17.45:720][  0]LightingResults: New page: Lighting Build
[2019.11.30-01.17.45:754][  0]LogUObjectHash: Compacting FUObjectHashTables data took   1.58ms
[2019.11.30-01.17.45:939][  0]LogAIModule: Creating AISystem for world PathfindingMap
[2019.11.30-01.17.45:945][  0]LogEditorServer: Finished looking for orphan Actors (0.000 secs)
[2019.11.30-01.17.46:115][  0]LogUObjectHash: Compacting FUObjectHashTables data took   2.07ms
[2019.11.30-01.17.46:115][  0]Cmd: MAP CHECKDEP NOCLEARLOG
[2019.11.30-01.17.46:115][  0]MapCheck: Map check complete: 0 Error(s), 0 Warning(s), took 0.068ms to complete.
[2019.11.30-01.17.46:115][  0]LogFileHelpers: Loading map 'PathfindingMap' took 0.401
[2019.11.30-01.17.46:313][  0]LogSlate: Updating window title bar state: overlay mode, drag disabled, window buttons hidden, title bar hidden
[2019.11.30-01.17.46:324][  0]LogSlate: Updating window title bar state: overlay mode, drag disabled, window buttons hidden, title bar hidden
[2019.11.30-01.17.46:335][  0]LogSlate: Updating window title bar state: overlay mode, drag disabled, window buttons hidden, title bar hidden
[2019.11.30-01.17.46:346][  0]LogSlate: Updating window title bar state: overlay mode, drag disabled, window buttons hidden, title bar hidden
[2019.11.30-01.17.46:383][  0]LogCollectionManager: Loaded 0 collections in 0.003835 seconds
[2019.11.30-01.17.46:403][  0]LogFileCache: Scanning file cache for directory 'E:/GamePhysicsandAI/GameAI/PathfindingLab/Saved/Collections/' took 0.01s
[2019.11.30-01.17.46:403][  0]LogFileCache: Scanning file cache for directory 'E:/GamePhysicsandAI/GameAI/PathfindingLab/Content/Developers/Ben/Collections/' took 0.00s
[2019.11.30-01.17.46:403][  0]LogFileCache: Scanning file cache for directory 'E:/GamePhysicsandAI/GameAI/PathfindingLab/Content/Collections/' took 0.00s
[2019.11.30-01.17.46:403][  0]LogCollectionManager: Rebuilt the GUID cache for 0 collections in 0.000000 seconds
[2019.11.30-01.17.46:413][  0]LogContentBrowser: Native class hierarchy populated in 0.0095 seconds. Added 2742 classes and 662 folders.
[2019.11.30-01.17.46:423][  0]LogContentBrowser: Native class hierarchy updated for 'WidgetCarousel' in 0.0006 seconds. Added 0 classes and 0 folders.
[2019.11.30-01.17.46:426][  0]LogPakFile: Registered encryption key '00000000000000000000000000000000': 0 pak files mounted, 0 remain pending
[2019.11.30-01.17.46:427][  0]LogPakFile: Registered encryption key '00000000000000000000000000000000': 0 pak files mounted, 0 remain pending
[2019.11.30-01.17.46:427][  0]LogPakFile: Registered encryption key '00000000000000000000000000000000': 0 pak files mounted, 0 remain pending
[2019.11.30-01.17.46:428][  0]LogPakFile: Registered encryption key '00000000000000000000000000000000': 0 pak files mounted, 0 remain pending
[2019.11.30-01.17.46:429][  0]LogPakFile: Registered encryption key '00000000000000000000000000000000': 0 pak files mounted, 0 remain pending
[2019.11.30-01.17.46:430][  0]LogPakFile: Registered encryption key '00000000000000000000000000000000': 0 pak files mounted, 0 remain pending
[2019.11.30-01.17.46:430][  0]LogPakFile: Registered encryption key '00000000000000000000000000000000': 0 pak files mounted, 0 remain pending
[2019.11.30-01.17.46:431][  0]LogPakFile: Registered encryption key '00000000000000000000000000000000': 0 pak files mounted, 0 remain pending
[2019.11.30-01.17.46:432][  0]LogPakFile: Registered encryption key '00000000000000000000000000000000': 0 pak files mounted, 0 remain pending
[2019.11.30-01.17.46:433][  0]LogPakFile: Registered encryption key '00000000000000000000000000000000': 0 pak files mounted, 0 remain pending
[2019.11.30-01.17.46:433][  0]LogPakFile: Registered encryption key '00000000000000000000000000000000': 0 pak files mounted, 0 remain pending
[2019.11.30-01.17.46:434][  0]LogPakFile: Registered encryption key '00000000000000000000000000000000': 0 pak files mounted, 0 remain pending
[2019.11.30-01.17.46:435][  0]LogPakFile: Registered encryption key '00000000000000000000000000000000': 0 pak files mounted, 0 remain pending
[2019.11.30-01.17.46:436][  0]LogPakFile: Registered encryption key '00000000000000000000000000000000': 0 pak files mounted, 0 remain pending
[2019.11.30-01.17.46:436][  0]LogPakFile: Registered encryption key '00000000000000000000000000000000': 0 pak files mounted, 0 remain pending
[2019.11.30-01.17.46:437][  0]LogPakFile: Registered encryption key '00000000000000000000000000000000': 0 pak files mounted, 0 remain pending
[2019.11.30-01.17.46:438][  0]LogPakFile: Registered encryption key '00000000000000000000000000000000': 0 pak files mounted, 0 remain pending
[2019.11.30-01.17.46:439][  0]LogPakFile: Registered encryption key '00000000000000000000000000000000': 0 pak files mounted, 0 remain pending
[2019.11.30-01.17.46:439][  0]LogPakFile: Registered encryption key '00000000000000000000000000000000': 0 pak files mounted, 0 remain pending
[2019.11.30-01.17.46:440][  0]LogPakFile: Registered encryption key '00000000000000000000000000000000': 0 pak files mounted, 0 remain pending
[2019.11.30-01.17.46:441][  0]LogPakFile: Registered encryption key '00000000000000000000000000000000': 0 pak files mounted, 0 remain pending
[2019.11.30-01.17.46:442][  0]LogPakFile: Registered encryption key '00000000000000000000000000000000': 0 pak files mounted, 0 remain pending
[2019.11.30-01.17.46:443][  0]LogPakFile: Registered encryption key '00000000000000000000000000000000': 0 pak files mounted, 0 remain pending
[2019.11.30-01.17.46:444][  0]LogPakFile: Registered encryption key '00000000000000000000000000000000': 0 pak files mounted, 0 remain pending
[2019.11.30-01.17.46:445][  0]LogPakFile: Registered encryption key '00000000000000000000000000000000': 0 pak files mounted, 0 remain pending
[2019.11.30-01.17.46:446][  0]LogPakFile: Registered encryption key '00000000000000000000000000000000': 0 pak files mounted, 0 remain pending
[2019.11.30-01.17.46:589][  0]LogContentBrowser: Native class hierarchy updated for 'AddContentDialog' in 0.0006 seconds. Added 0 classes and 0 folders.
[2019.11.30-01.17.46:619][  0]LogContentBrowser: Native class hierarchy updated for 'SceneOutliner' in 0.0006 seconds. Added 1 classes and 2 folders.
[2019.11.30-01.17.46:637][  0]LogSlate: Took 0.000236 seconds to synchronously load lazily loaded font '../../../Engine/Content/Slate/Fonts/Roboto-Regular.ttf' (155K)
[2019.11.30-01.17.46:639][  0]LogSlate: Took 0.000206 seconds to synchronously load lazily loaded font '../../../Engine/Content/Slate/Fonts/Roboto-Bold.ttf' (160K)
[2019.11.30-01.17.46:645][  0]LogSlate: Took 0.000207 seconds to synchronously load lazily loaded font '../../../Engine/Content/Editor/Slate/Fonts/FontAwesome.ttf' (139K)
[2019.11.30-01.17.46:711][  0]LogRenderer: Reallocating scene render targets to support 1208x572 Format 10 NumSamples 1 (Frame:1).
[2019.11.30-01.17.46:755][  0]LogSlate: Took 0.000236 seconds to synchronously load lazily loaded font '../../../Engine/Content/Slate/Fonts/Roboto-Light.ttf' (167K)
[2019.11.30-01.17.47:335][  0]LogContentBrowser: Native class hierarchy updated for 'HierarchicalLODOutliner' in 0.0006 seconds. Added 0 classes and 0 folders.
[2019.11.30-01.17.47:335][  0]LogLoad: (Engine Initialization) Total time: 24.52 seconds
[2019.11.30-01.17.47:336][  0]LogLoad: (Engine Initialization) Total Blueprint compile time: 0.00 seconds
[2019.11.30-01.17.47:378][  0]LogAssetRegistry: Asset discovery search completed in 14.1520 seconds
[2019.11.30-01.17.47:381][  0]LogCollectionManager: Rebuilt the object cache for 0 collections in 0.000000 seconds (found 0 objects)
[2019.11.30-01.17.47:393][  0]LogCollectionManager: Fixed up redirectors for 0 collections in 0.011586 seconds (updated 0 objects)
[2019.11.30-01.17.47:394][  0]LogContentStreaming: Texture pool size now 1000 MB
[2019.11.30-01.17.48:708][  1]LogTemp: IOS device listing is disabled (to many failed attempts)!
[2019.11.30-01.34.36:507][255]LogSlate: FSceneViewport::OnFocusLost() reason 0
[2019.11.30-01.34.36:593][263]LogTemp: Repeating last play command: Selected Viewport
[2019.11.30-01.34.36:673][263]LogBlueprintUserMessages: Early PlayInEditor Detection: Level '/Game/PathfindingMap.PathfindingMap:PersistentLevel' has LevelScriptBlueprint '/Game/PathfindingMap.PathfindingMap:PersistentLevel.PathfindingMap' with GeneratedClass '/Game/PathfindingMap.PathfindingMap_C' with ClassGeneratedBy '/Game/PathfindingMap.PathfindingMap:PersistentLevel.PathfindingMap'
[2019.11.30-01.34.36:701][263]LogPlayLevel: PlayLevel: No blueprints needed recompiling
[2019.11.30-01.34.36:762][263]PIE: New page: PIE session: PathfindingMap (Nov 29, 2019, 3:34:36 PM)
[2019.11.30-01.34.36:934][263]LogPlayLevel: Creating play world package: /Game/UEDPIE_0_PathfindingMap
[2019.11.30-01.34.36:986][263]LogPlayLevel: PIE: StaticDuplicateObject took: (0.051237s)
[2019.11.30-01.34.37:012][263]LogAIModule: Creating AISystem for world PathfindingMap
[2019.11.30-01.34.37:063][263]LogPlayLevel: PIE: World Init took: (0.077359s)
[2019.11.30-01.34.37:064][263]LogPlayLevel: PIE: Created PIE world by copying editor world from /Game/PathfindingMap.PathfindingMap to /Game/UEDPIE_0_PathfindingMap.PathfindingMap (0.129331s)
[2019.11.30-01.34.37:102][263]LogUObjectHash: Compacting FUObjectHashTables data took   1.15ms
[2019.11.30-01.34.37:281][263]LogInit: XAudio2 using 'Headphones (Astro MixAmp Pro Game)' : 6 channels at 48 kHz using 16 bits per sample (channel mask 0x60f)
[2019.11.30-01.34.37:311][263]LogInit: FAudioDevice initialized.
[2019.11.30-01.34.37:425][263]LogLoad: Game class is 'PathFindingGameMode_C'
[2019.11.30-01.34.37:768][263]LogWorld: Bringing World /Game/UEDPIE_0_PathfindingMap.PathfindingMap up for play (max tick rate 0) at 2019.11.29-20.34.37
[2019.11.30-01.34.37:792][263]LogWorld: Bringing up level for play took: 0.025390
