Log file open, 11/23/19 14:36:24
LogWindows: Failed to load 'aqProf.dll' (GetLastError=126)
LogWindows: File 'aqProf.dll' does not exist
LogWindows: Failed to load 'VtuneApi.dll' (GetLastError=126)
LogWindows: File 'VtuneApi.dll' does not exist
LogWindows: Failed to load 'VtuneApi32e.dll' (GetLastError=126)
LogWindows: File 'VtuneApi32e.dll' does not exist
LogConsoleResponse: Display: Failed to find resolution value strings in scalability ini. Falling back to default.
LogInit: Display: Running engine for game: PathFinding
LogPakFile: Registered encryption key '00000000000000000000000000000000': 0 pak files mounted, 0 remain pending
LogPlatformFile: Not using cached read wrapper
LogTaskGraph: Started task graph with 5 named threads and 23 total threads with 3 sets of task threads.
LogStats: Stats thread started at 0.281025
LogD3D11RHI: Loaded GFSDK_Aftermath_Lib.x64.dll
LogICUInternationalization: ICU TimeZone Detection - Raw Offset: -5:00, Platform Override: ''
LogPluginManager: Mounting plugin Paper2D
LogPluginManager: Mounting plugin AISupport
LogPluginManager: Mounting plugin LightPropagationVolume
LogPluginManager: Mounting plugin ActorLayerUtilities
LogPluginManager: Mounting plugin AnimationSharing
LogPluginManager: Mounting plugin CLionSourceCodeAccess
LogPluginManager: Mounting plugin CodeLiteSourceCodeAccess
LogPluginManager: Mounting plugin GitSourceControl
LogPluginManager: Mounting plugin KDevelopSourceCodeAccess
LogPluginManager: Mounting plugin NullSourceCodeAccess
LogPluginManager: Mounting plugin PerforceSourceControl
LogPluginManager: Mounting plugin SubversionSourceControl
LogPluginManager: Mounting plugin UObjectPlugin
LogPluginManager: Mounting plugin VisualStudioCodeSourceCodeAccess
LogPluginManager: Mounting plugin VisualStudioSourceCodeAccess
LogPluginManager: Mounting plugin XCodeSourceCodeAccess
LogPluginManager: Mounting plugin AssetManagerEditor
LogPluginManager: Mounting plugin CryptoKeys
LogPluginManager: Mounting plugin DataValidation
LogPluginManager: Mounting plugin FacialAnimation
LogPluginManager: Mounting plugin GameplayTagsEditor
LogPluginManager: Mounting plugin MacGraphicsSwitching
LogPluginManager: Mounting plugin MaterialAnalyzer
LogPluginManager: Mounting plugin MobileLauncherProfileWizard
LogPluginManager: Mounting plugin PluginBrowser
LogPluginManager: Mounting plugin SpeedTreeImporter
LogPluginManager: Mounting plugin DatasmithContent
LogPluginManager: Mounting plugin VariantManagerContent
LogPluginManager: Mounting plugin AlembicImporter
LogPluginManager: Mounting plugin AppleImageUtils
LogPluginManager: Mounting plugin AppleVision
LogPluginManager: Mounting plugin BackChannel
LogPluginManager: Mounting plugin CharacterAI
LogPluginManager: Mounting plugin GeometryCache
LogPluginManager: Mounting plugin HTML5Networking
LogPluginManager: Mounting plugin ProxyLODPlugin
LogPluginManager: Mounting plugin SkeletalReduction
LogPluginManager: Mounting plugin MagicLeap
LogPluginManager: Mounting plugin MagicLeapMedia
LogPluginManager: Mounting plugin AndroidMedia
LogPluginManager: Mounting plugin AvfMedia
LogPluginManager: Mounting plugin ImgMedia
LogPluginManager: Mounting plugin LinearTimecode
LogPluginManager: Mounting plugin MediaCompositing
LogPluginManager: Mounting plugin MediaPlayerEditor
LogPluginManager: Mounting plugin WebMMedia
LogPluginManager: Mounting plugin WmfMedia
LogPluginManager: Mounting plugin TcpMessaging
LogPluginManager: Mounting plugin UdpMessaging
LogPluginManager: Mounting plugin ActorSequence
LogPluginManager: Mounting plugin LevelSequenceEditor
LogPluginManager: Mounting plugin MatineeToLevelSequence
LogPluginManager: Mounting plugin NetcodeUnitTest
LogPluginManager: Mounting plugin NUTUnrealEngine4
LogPluginManager: Mounting plugin OnlineSubsystemGooglePlay
LogPluginManager: Mounting plugin OnlineSubsystemIOS
LogPluginManager: Mounting plugin OnlineSubsystem
LogPluginManager: Mounting plugin OnlineSubsystemNull
LogPluginManager: Mounting plugin OnlineSubsystemUtils
LogPluginManager: Mounting plugin LauncherChunkInstaller
LogPluginManager: Mounting plugin AndroidDeviceProfileSelector
LogPluginManager: Mounting plugin AndroidMoviePlayer
LogPluginManager: Mounting plugin AndroidPermission
LogPluginManager: Mounting plugin AppleMoviePlayer
LogPluginManager: Mounting plugin ArchVisCharacter
LogPluginManager: Mounting plugin AudioCapture
LogPluginManager: Mounting plugin CableComponent
LogPluginManager: Mounting plugin CustomMeshComponent
LogPluginManager: Mounting plugin EditableMesh
LogPluginManager: Mounting plugin ExampleDeviceProfileSelector
LogPluginManager: Mounting plugin Firebase
LogPluginManager: Mounting plugin GoogleCloudMessaging
LogPluginManager: Mounting plugin IOSDeviceProfileSelector
LogPluginManager: Mounting plugin LinuxDeviceProfileSelector
LogPluginManager: Mounting plugin LocationServicesBPLibrary
LogPluginManager: Mounting plugin MobilePatchingUtils
LogPluginManager: Mounting plugin OculusVR
LogPluginManager: Mounting plugin PhysXVehicles
LogPluginManager: Mounting plugin ProceduralMeshComponent
LogPluginManager: Mounting plugin RuntimePhysXCooking
LogPluginManager: Mounting plugin SignificanceManager
LogPluginManager: Mounting plugin SteamVR
LogPluginManager: Mounting plugin WebMMoviePlayer
LogPluginManager: Mounting plugin WindowsMoviePlayer
LogInit: Using libcurl 7.55.1-DEV
LogInit:  - built for x86_64-pc-win32
LogInit:  - supports SSL with OpenSSL/1.1.1
LogInit:  - supports HTTP deflate (compression) using libz 1.2.8
LogInit:  - other features:
LogInit:      CURL_VERSION_SSL
LogInit:      CURL_VERSION_LIBZ
LogInit:      CURL_VERSION_IPV6
LogInit:      CURL_VERSION_ASYNCHDNS
LogInit:      CURL_VERSION_LARGEFILE
LogInit:      CURL_VERSION_IDN
LogInit:  CurlRequestOptions (configurable via config and command line):
LogInit:  - bVerifyPeer = true  - Libcurl will verify peer certificate
LogInit:  - bUseHttpProxy = false  - Libcurl will NOT use HTTP proxy
LogInit:  - bDontReuseConnections = false  - Libcurl will reuse connections
LogInit:  - MaxHostConnections = 16  - Libcurl will limit the number of connections to a host
LogInit:  - LocalHostAddr = Default
LogInit:  - BufferSize = 65536
LogInit: WinSock: version 1.1 (2.2), MaxSocks=32767, MaxUdp=65467
LogInit: Build: ++UE4+Release-4.22-CL-7053642
LogInit: Engine Version: 4.22.3-7053642+++UE4+Release-4.22
LogInit: Compatible Engine Version: 4.22.0-5660361+++UE4+Release-4.22
LogInit: Net CL: 5660361
LogInit: OS: Windows 10 (Release 1903) (), CPU: Intel(R) Core(TM) i7-7700HQ CPU @ 2.80GHz, GPU: Intel(R) HD Graphics 630
LogInit: Compiled (64-bit): Jun 18 2019 03:09:11
LogInit: Compiled with Visual C++: 19.16.27025.01
LogInit: Build Configuration: Development
LogInit: Branch Name: ++UE4+Release-4.22
LogInit: Command Line: 
LogInit: Base Directory: D:/Unreal/UE_4.22/Engine/Binaries/Win64/
LogInit: Installed Engine Build: 1
LogDevObjectVersion: Number of dev versions registered: 23
LogDevObjectVersion:   Dev-Blueprints (B0D832E4-1F89-4F0D-ACCF-7EB736FD4AA2): 10
LogDevObjectVersion:   Dev-Build (E1C64328-A22C-4D53-A36C-8E866417BD8C): 0
LogDevObjectVersion:   Dev-Core (375EC13C-06E4-48FB-B500-84F0262A717E): 3
LogDevObjectVersion:   Dev-Editor (E4B068ED-F494-42E9-A231-DA0B2E46BB41): 30
LogDevObjectVersion:   Dev-Framework (CFFC743F-43B0-4480-9391-14DF171D2073): 35
LogDevObjectVersion:   Dev-Mobile (B02B49B5-BB20-44E9-A304-32B752E40360): 2
LogDevObjectVersion:   Dev-Networking (A4E4105C-59A1-49B5-A7C5-40C4547EDFEE): 0
LogDevObjectVersion:   Dev-Online (39C831C9-5AE6-47DC-9A44-9C173E1C8E7C): 0
LogDevObjectVersion:   Dev-Physics (78F01B33-EBEA-4F98-B9B4-84EACCB95AA2): 0
LogDevObjectVersion:   Dev-Platform (6631380F-2D4D-43E0-8009-CF276956A95A): 0
LogDevObjectVersion:   Dev-Rendering (12F88B9F-8875-4AFC-A67C-D90C383ABD29): 28
LogDevObjectVersion:   Dev-Sequencer (7B5AE74C-D270-4C10-A958-57980B212A5A): 11
LogDevObjectVersion:   Dev-VR (D7296918-1DD6-4BDD-9DE2-64A83CC13884): 2
LogDevObjectVersion:   Dev-LoadTimes (C2A15278-BFE7-4AFE-6C17-90FF531DF755): 1
LogDevObjectVersion:   Private-Geometry (6EACA3D4-40EC-4CC1-B786-8BED09428FC5): 3
LogDevObjectVersion:   Dev-AnimPhys (29E575DD-E0A3-4627-9D10-D276232CDCEA): 17
LogDevObjectVersion:   Dev-Anim (AF43A65D-7FD3-4947-9873-3E8ED9C1BB05): 2
LogDevObjectVersion:   Dev-ReflectionCapture (6B266CEC-1EC7-4B8F-A30B-E4D90942FC07): 1
LogDevObjectVersion:   Dev-Automation (0DF73D61-A23F-47EA-B727-89E90C41499A): 1
LogDevObjectVersion:   FortniteMain (601D1886-AC64-4F84-AA16-D3DE0DEAC7D6): 25
LogDevObjectVersion:   Dev-Enterprise (9DFFBCD6-494F-0158-E221-12823C92A888): 6
LogDevObjectVersion:   Dev-Niagara (F2AED0AC-9AFE-416F-8664-AA7FFA26D6FC): 1
LogDevObjectVersion:   Dev-Destruction (174F1F0B-B4C6-45A5-B13F-2EE8D0FB917D): 2
LogInit: Presizing for max 16777216 objects, including 0 objects not considered by GC, pre-allocating 0 bytes for permanent pool.
LogInit: Object subsystem initialized
LogConfig: Setting CVar [[con.DebugEarlyDefault:1]]
LogConfig: Setting CVar [[r.setres:1280x720]]
[2019.11.23-19.36.25:075][  0]LogConfig: Setting CVar [[r.VSync:0]]
[2019.11.23-19.36.25:075][  0]LogConfig: Setting CVar [[r.RHICmdBypass:0]]
[2019.11.23-19.36.25:075][  0]LogConfig: Applying CVar settings from Section [/Script/Engine.RendererSettings] File [D:/Repos/GameAI/PathfindingLab/Saved/Config/Windows/Engine.ini]
[2019.11.23-19.36.25:075][  0]LogConfig: Setting CVar [[r.GPUCrashDebugging:0]]
[2019.11.23-19.36.25:075][  0]LogConfig: Setting CVar [[r.DefaultFeature.AutoExposure.ExtendDefaultLuminanceRange:1]]
[2019.11.23-19.36.25:075][  0]LogConfig: Applying CVar settings from Section [/Script/Engine.RendererOverrideSettings] File [D:/Repos/GameAI/PathfindingLab/Saved/Config/Windows/Engine.ini]
[2019.11.23-19.36.25:075][  0]LogConfig: Applying CVar settings from Section [/Script/Engine.StreamingSettings] File [D:/Repos/GameAI/PathfindingLab/Saved/Config/Windows/Engine.ini]
[2019.11.23-19.36.25:075][  0]LogConfig: Setting CVar [[s.MinBulkDataSizeForAsyncLoading:131072]]
[2019.11.23-19.36.25:075][  0]LogConfig: Setting CVar [[s.AsyncLoadingThreadEnabled:0]]
[2019.11.23-19.36.25:075][  0]LogConfig: Setting CVar [[s.EventDrivenLoaderEnabled:1]]
[2019.11.23-19.36.25:075][  0]LogConfig: Setting CVar [[s.WarnIfTimeLimitExceeded:0]]
[2019.11.23-19.36.25:075][  0]LogConfig: Setting CVar [[s.TimeLimitExceededMultiplier:1.5]]
[2019.11.23-19.36.25:075][  0]LogConfig: Setting CVar [[s.TimeLimitExceededMinTime:0.005]]
[2019.11.23-19.36.25:075][  0]LogConfig: Setting CVar [[s.UseBackgroundLevelStreaming:1]]
[2019.11.23-19.36.25:075][  0]LogConfig: Setting CVar [[s.PriorityAsyncLoadingExtraTime:15.0]]
[2019.11.23-19.36.25:075][  0]LogConfig: Setting CVar [[s.LevelStreamingActorsUpdateTimeLimit:5.0]]
[2019.11.23-19.36.25:075][  0]LogConfig: Setting CVar [[s.PriorityLevelStreamingActorsUpdateExtraTime:5.0]]
[2019.11.23-19.36.25:075][  0]LogConfig: Setting CVar [[s.LevelStreamingComponentsRegistrationGranularity:10]]
[2019.11.23-19.36.25:075][  0]LogConfig: Setting CVar [[s.UnregisterComponentsTimeLimit:1.0]]
[2019.11.23-19.36.25:075][  0]LogConfig: Setting CVar [[s.LevelStreamingComponentsUnregistrationGranularity:5]]
[2019.11.23-19.36.25:075][  0]LogConfig: Applying CVar settings from Section [/Script/Engine.GarbageCollectionSettings] File [D:/Repos/GameAI/PathfindingLab/Saved/Config/Windows/Engine.ini]
[2019.11.23-19.36.25:075][  0]LogConfig: Setting CVar [[gc.MaxObjectsNotConsideredByGC:1]]
[2019.11.23-19.36.25:075][  0]LogConfig: Setting CVar [[gc.SizeOfPermanentObjectPool:0]]
[2019.11.23-19.36.25:075][  0]LogConfig: Setting CVar [[gc.FlushStreamingOnGC:0]]
[2019.11.23-19.36.25:075][  0]LogConfig: Setting CVar [[gc.NumRetriesBeforeForcingGC:10]]
[2019.11.23-19.36.25:075][  0]LogConfig: Setting CVar [[gc.AllowParallelGC:1]]
[2019.11.23-19.36.25:075][  0]LogConfig: Setting CVar [[gc.TimeBetweenPurgingPendingKillObjects:61.1]]
[2019.11.23-19.36.25:075][  0]LogConfig: Setting CVar [[gc.MaxObjectsInEditor:16777216]]
[2019.11.23-19.36.25:075][  0]LogConfig: Setting CVar [[gc.IncrementalBeginDestroyEnabled:1]]
[2019.11.23-19.36.25:075][  0]LogConfig: Setting CVar [[gc.CreateGCClusters:1]]
[2019.11.23-19.36.25:075][  0]LogConfig: Setting CVar [[gc.MinGCClusterSize:5]]
[2019.11.23-19.36.25:075][  0]LogConfig: Setting CVar [[gc.ActorClusteringEnabled:0]]
[2019.11.23-19.36.25:075][  0]LogConfig: Setting CVar [[gc.BlueprintClusteringEnabled:0]]
[2019.11.23-19.36.25:075][  0]LogConfig: Setting CVar [[gc.UseDisregardForGCOnDedicatedServers:0]]
[2019.11.23-19.36.25:075][  0]LogConfig: Applying CVar settings from Section [/Script/Engine.NetworkSettings] File [D:/Repos/GameAI/PathfindingLab/Saved/Config/Windows/Engine.ini]
[2019.11.23-19.36.25:075][  0]LogConfig: Applying CVar settings from Section [/Script/UnrealEd.CookerSettings] File [D:/Repos/GameAI/PathfindingLab/Saved/Config/Windows/Engine.ini]
[2019.11.23-19.36.25:085][  0]LogConfig: Applying CVar settings from Section [ViewDistanceQuality@3] File [D:/Repos/GameAI/PathfindingLab/Saved/Config/Windows/Scalability.ini]
[2019.11.23-19.36.25:085][  0]LogConfig: Setting CVar [[r.SkeletalMeshLODBias:0]]
[2019.11.23-19.36.25:085][  0]LogConfig: Setting CVar [[r.ViewDistanceScale:1.0]]
[2019.11.23-19.36.25:085][  0]LogConfig: Applying CVar settings from Section [AntiAliasingQuality@3] File [D:/Repos/GameAI/PathfindingLab/Saved/Config/Windows/Scalability.ini]
[2019.11.23-19.36.25:085][  0]LogConfig: Setting CVar [[r.PostProcessAAQuality:4]]
[2019.11.23-19.36.25:085][  0]LogConfig: Applying CVar settings from Section [ShadowQuality@3] File [D:/Repos/GameAI/PathfindingLab/Saved/Config/Windows/Scalability.ini]
[2019.11.23-19.36.25:085][  0]LogConfig: Setting CVar [[r.LightFunctionQuality:1]]
[2019.11.23-19.36.25:085][  0]LogConfig: Setting CVar [[r.ShadowQuality:5]]
[2019.11.23-19.36.25:085][  0]LogConfig: Setting CVar [[r.Shadow.CSM.MaxCascades:10]]
[2019.11.23-19.36.25:085][  0]LogConfig: Setting CVar [[r.Shadow.MaxResolution:2048]]
[2019.11.23-19.36.25:086][  0]LogConfig: Setting CVar [[r.Shadow.MaxCSMResolution:2048]]
[2019.11.23-19.36.25:086][  0]LogConfig: Setting CVar [[r.Shadow.RadiusThreshold:0.01]]
[2019.11.23-19.36.25:086][  0]LogConfig: Setting CVar [[r.Shadow.DistanceScale:1.0]]
[2019.11.23-19.36.25:086][  0]LogConfig: Setting CVar [[r.Shadow.CSM.TransitionScale:1.0]]
[2019.11.23-19.36.25:086][  0]LogConfig: Setting CVar [[r.Shadow.PreShadowResolutionFactor:1.0]]
[2019.11.23-19.36.25:086][  0]LogConfig: Setting CVar [[r.DistanceFieldShadowing:1]]
[2019.11.23-19.36.25:086][  0]LogConfig: Setting CVar [[r.DistanceFieldAO:1]]
[2019.11.23-19.36.25:086][  0]LogConfig: Setting CVar [[r.AOQuality:2]]
[2019.11.23-19.36.25:086][  0]LogConfig: Setting CVar [[r.VolumetricFog:1]]
[2019.11.23-19.36.25:086][  0]LogConfig: Setting CVar [[r.VolumetricFog.GridPixelSize:8]]
[2019.11.23-19.36.25:086][  0]LogConfig: Setting CVar [[r.VolumetricFog.GridSizeZ:128]]
[2019.11.23-19.36.25:086][  0]LogConfig: Setting CVar [[r.VolumetricFog.HistoryMissSupersampleCount:4]]
[2019.11.23-19.36.25:086][  0]LogConfig: Setting CVar [[r.LightMaxDrawDistanceScale:1]]
[2019.11.23-19.36.25:086][  0]LogConfig: Setting CVar [[r.CapsuleShadows:1]]
[2019.11.23-19.36.25:086][  0]LogConfig: Applying CVar settings from Section [PostProcessQuality@3] File [D:/Repos/GameAI/PathfindingLab/Saved/Config/Windows/Scalability.ini]
[2019.11.23-19.36.25:086][  0]LogConfig: Setting CVar [[r.MotionBlurQuality:4]]
[2019.11.23-19.36.25:086][  0]LogConfig: Setting CVar [[r.AmbientOcclusionMipLevelFactor:0.4]]
[2019.11.23-19.36.25:086][  0]LogConfig: Setting CVar [[r.AmbientOcclusionMaxQuality:100]]
[2019.11.23-19.36.25:086][  0]LogConfig: Setting CVar [[r.AmbientOcclusionLevels:-1]]
[2019.11.23-19.36.25:086][  0]LogConfig: Setting CVar [[r.AmbientOcclusionRadiusScale:1.0]]
[2019.11.23-19.36.25:086][  0]LogConfig: Setting CVar [[r.DepthOfFieldQuality:2]]
[2019.11.23-19.36.25:086][  0]LogConfig: Setting CVar [[r.RenderTargetPoolMin:400]]
[2019.11.23-19.36.25:086][  0]LogConfig: Setting CVar [[r.LensFlareQuality:2]]
[2019.11.23-19.36.25:086][  0]LogConfig: Setting CVar [[r.SceneColorFringeQuality:1]]
[2019.11.23-19.36.25:086][  0]LogConfig: Setting CVar [[r.EyeAdaptationQuality:2]]
[2019.11.23-19.36.25:086][  0]LogConfig: Setting CVar [[r.BloomQuality:5]]
[2019.11.23-19.36.25:086][  0]LogConfig: Setting CVar [[r.FastBlurThreshold:100]]
[2019.11.23-19.36.25:086][  0]LogConfig: Setting CVar [[r.Upscale.Quality:3]]
[2019.11.23-19.36.25:086][  0]LogConfig: Setting CVar [[r.Tonemapper.GrainQuantization:1]]
[2019.11.23-19.36.25:086][  0]LogConfig: Setting CVar [[r.LightShaftQuality:1]]
[2019.11.23-19.36.25:086][  0]LogConfig: Setting CVar [[r.Filter.SizeScale:1]]
[2019.11.23-19.36.25:086][  0]LogConfig: Setting CVar [[r.Tonemapper.Quality:5]]
[2019.11.23-19.36.25:086][  0]LogConfig: Setting CVar [[r.DOF.Gather.AccumulatorQuality:1        ; higher gathering accumulator quality]]
[2019.11.23-19.36.25:086][  0]LogConfig: Setting CVar [[r.DOF.Gather.PostfilterMethod:1          ; Median3x3 postfilering method]]
[2019.11.23-19.36.25:086][  0]LogConfig: Setting CVar [[r.DOF.Gather.EnableBokehSettings:0       ; no bokeh simulation when gathering]]
[2019.11.23-19.36.25:086][  0]LogConfig: Setting CVar [[r.DOF.Gather.RingCount:4                 ; medium number of samples when gathering]]
[2019.11.23-19.36.25:086][  0]LogConfig: Setting CVar [[r.DOF.Scatter.ForegroundCompositing:1    ; additive foreground scattering]]
[2019.11.23-19.36.25:086][  0]LogConfig: Setting CVar [[r.DOF.Scatter.BackgroundCompositing:2    ; additive background scattering]]
[2019.11.23-19.36.25:087][  0]LogConfig: Setting CVar [[r.DOF.Scatter.EnableBokehSettings:1      ; bokeh simulation when scattering]]
[2019.11.23-19.36.25:087][  0]LogConfig: Setting CVar [[r.DOF.Scatter.MaxSpriteRatio:0.1         ; only a maximum of 10% of scattered bokeh]]
[2019.11.23-19.36.25:087][  0]LogConfig: Setting CVar [[r.DOF.Recombine.Quality:1                ; cheap slight out of focus]]
[2019.11.23-19.36.25:087][  0]LogConfig: Setting CVar [[r.DOF.Recombine.EnableBokehSettings:0    ; no bokeh simulation on slight out of focus]]
[2019.11.23-19.36.25:087][  0]LogConfig: Setting CVar [[r.DOF.TemporalAAQuality:1                ; more stable temporal accumulation]]
[2019.11.23-19.36.25:087][  0]LogConfig: Setting CVar [[r.DOF.Kernel.MaxForegroundRadius:0.025]]
[2019.11.23-19.36.25:087][  0]LogConfig: Setting CVar [[r.DOF.Kernel.MaxBackgroundRadius:0.025]]
[2019.11.23-19.36.25:087][  0]LogConfig: Applying CVar settings from Section [TextureQuality@3] File [D:/Repos/GameAI/PathfindingLab/Saved/Config/Windows/Scalability.ini]
[2019.11.23-19.36.25:087][  0]LogConfig: Setting CVar [[r.Streaming.MipBias:0]]
[2019.11.23-19.36.25:087][  0]LogConfig: Setting CVar [[r.Streaming.AmortizeCPUToGPUCopy:0]]
[2019.11.23-19.36.25:087][  0]LogConfig: Setting CVar [[r.Streaming.MaxNumTexturesToStreamPerFrame:0]]
[2019.11.23-19.36.25:087][  0]LogConfig: Setting CVar [[r.Streaming.Boost:1]]
[2019.11.23-19.36.25:087][  0]LogConfig: Setting CVar [[r.MaxAnisotropy:8]]
[2019.11.23-19.36.25:088][  0]LogConfig: Setting CVar [[r.Streaming.LimitPoolSizeToVRAM:0]]
[2019.11.23-19.36.25:088][  0]LogConfig: Setting CVar [[r.Streaming.PoolSize:1000]]
[2019.11.23-19.36.25:088][  0]LogConfig: Setting CVar [[r.Streaming.MaxEffectiveScreenSize:0]]
[2019.11.23-19.36.25:088][  0]LogConfig: Applying CVar settings from Section [EffectsQuality@3] File [D:/Repos/GameAI/PathfindingLab/Saved/Config/Windows/Scalability.ini]
[2019.11.23-19.36.25:088][  0]LogConfig: Setting CVar [[r.TranslucencyLightingVolumeDim:64]]
[2019.11.23-19.36.25:088][  0]LogConfig: Setting CVar [[r.RefractionQuality:2]]
[2019.11.23-19.36.25:088][  0]LogConfig: Setting CVar [[r.SSR.Quality:3]]
[2019.11.23-19.36.25:088][  0]LogConfig: Setting CVar [[r.SceneColorFormat:4]]
[2019.11.23-19.36.25:088][  0]LogConfig: Setting CVar [[r.DetailMode:2]]
[2019.11.23-19.36.25:088][  0]LogConfig: Setting CVar [[r.TranslucencyVolumeBlur:1]]
[2019.11.23-19.36.25:088][  0]LogConfig: Setting CVar [[r.MaterialQualityLevel:1 ; High quality]]
[2019.11.23-19.36.25:088][  0]LogConfig: Setting CVar [[r.SSS.Scale:1]]
[2019.11.23-19.36.25:088][  0]LogConfig: Setting CVar [[r.SSS.SampleSet:2]]
[2019.11.23-19.36.25:088][  0]LogConfig: Setting CVar [[r.SSS.Quality:1]]
[2019.11.23-19.36.25:088][  0]LogConfig: Setting CVar [[r.SSS.HalfRes:1]]
[2019.11.23-19.36.25:088][  0]LogConfig: Setting CVar [[r.EmitterSpawnRateScale:1.0]]
[2019.11.23-19.36.25:089][  0]LogConfig: Setting CVar [[r.ParticleLightQuality:2]]
[2019.11.23-19.36.25:089][  0]LogConfig: Applying CVar settings from Section [FoliageQuality@3] File [D:/Repos/GameAI/PathfindingLab/Saved/Config/Windows/Scalability.ini]
[2019.11.23-19.36.25:089][  0]LogConfig: Setting CVar [[foliage.DensityScale:1.0]]
[2019.11.23-19.36.25:089][  0]LogConfig: Setting CVar [[grass.DensityScale:1.0]]
[2019.11.23-19.36.25:089][  0]LogInit: Selected Device Profile: [Windows]
[2019.11.23-19.36.25:089][  0]LogInit: Applying CVar settings loaded from the selected device profile: [Windows]
[2019.11.23-19.36.25:124][  0]LogHAL: Display: Platform has ~ 12 GB [12740149248 / 17179869184 / 12], which maps to Larger [LargestMinGB=32, LargerMinGB=12, DefaultMinGB=8, SmallerMinGB=6, SmallestMinGB=0)
[2019.11.23-19.36.25:124][  0]LogConfig: Setting CVar [[r.Vulkan.UseRealUBs:0		; Required until we fix HLR fall-out]]
[2019.11.23-19.36.25:124][  0]LogInit: Going up to parent DeviceProfile []
[2019.11.23-19.36.25:124][  0]LogConfig: Applying CVar settings from Section [ViewDistanceQuality@3] File [D:/Repos/GameAI/PathfindingLab/Saved/Config/Windows/Scalability.ini]
[2019.11.23-19.36.25:124][  0]LogConfig: Setting CVar [[r.SkeletalMeshLODBias:0]]
[2019.11.23-19.36.25:124][  0]LogConfig: Setting CVar [[r.ViewDistanceScale:1.0]]
[2019.11.23-19.36.25:124][  0]LogConfig: Applying CVar settings from Section [AntiAliasingQuality@3] File [D:/Repos/GameAI/PathfindingLab/Saved/Config/Windows/Scalability.ini]
[2019.11.23-19.36.25:124][  0]LogConfig: Setting CVar [[r.PostProcessAAQuality:4]]
[2019.11.23-19.36.25:124][  0]LogConfig: Applying CVar settings from Section [ShadowQuality@3] File [D:/Repos/GameAI/PathfindingLab/Saved/Config/Windows/Scalability.ini]
[2019.11.23-19.36.25:124][  0]LogConfig: Setting CVar [[r.LightFunctionQuality:1]]
[2019.11.23-19.36.25:124][  0]LogConfig: Setting CVar [[r.ShadowQuality:5]]
[2019.11.23-19.36.25:124][  0]LogConfig: Setting CVar [[r.Shadow.CSM.MaxCascades:10]]
[2019.11.23-19.36.25:124][  0]LogConfig: Setting CVar [[r.Shadow.MaxResolution:2048]]
[2019.11.23-19.36.25:124][  0]LogConfig: Setting CVar [[r.Shadow.MaxCSMResolution:2048]]
[2019.11.23-19.36.25:124][  0]LogConfig: Setting CVar [[r.Shadow.RadiusThreshold:0.01]]
[2019.11.23-19.36.25:124][  0]LogConfig: Setting CVar [[r.Shadow.DistanceScale:1.0]]
[2019.11.23-19.36.25:124][  0]LogConfig: Setting CVar [[r.Shadow.CSM.TransitionScale:1.0]]
[2019.11.23-19.36.25:124][  0]LogConfig: Setting CVar [[r.Shadow.PreShadowResolutionFactor:1.0]]
[2019.11.23-19.36.25:126][  0]LogConfig: Setting CVar [[r.DistanceFieldShadowing:1]]
[2019.11.23-19.36.25:127][  0]LogConfig: Setting CVar [[r.DistanceFieldAO:1]]
[2019.11.23-19.36.25:127][  0]LogConfig: Setting CVar [[r.AOQuality:2]]
[2019.11.23-19.36.25:127][  0]LogConfig: Setting CVar [[r.VolumetricFog:1]]
[2019.11.23-19.36.25:127][  0]LogConfig: Setting CVar [[r.VolumetricFog.GridPixelSize:8]]
[2019.11.23-19.36.25:127][  0]LogConfig: Setting CVar [[r.VolumetricFog.GridSizeZ:128]]
[2019.11.23-19.36.25:127][  0]LogConfig: Setting CVar [[r.VolumetricFog.HistoryMissSupersampleCount:4]]
[2019.11.23-19.36.25:127][  0]LogConfig: Setting CVar [[r.LightMaxDrawDistanceScale:1]]
[2019.11.23-19.36.25:127][  0]LogConfig: Setting CVar [[r.CapsuleShadows:1]]
[2019.11.23-19.36.25:127][  0]LogConfig: Applying CVar settings from Section [PostProcessQuality@3] File [D:/Repos/GameAI/PathfindingLab/Saved/Config/Windows/Scalability.ini]
[2019.11.23-19.36.25:127][  0]LogConfig: Setting CVar [[r.MotionBlurQuality:4]]
[2019.11.23-19.36.25:127][  0]LogConfig: Setting CVar [[r.AmbientOcclusionMipLevelFactor:0.4]]
[2019.11.23-19.36.25:127][  0]LogConfig: Setting CVar [[r.AmbientOcclusionMaxQuality:100]]
[2019.11.23-19.36.25:127][  0]LogConfig: Setting CVar [[r.AmbientOcclusionLevels:-1]]
[2019.11.23-19.36.25:127][  0]LogConfig: Setting CVar [[r.AmbientOcclusionRadiusScale:1.0]]
[2019.11.23-19.36.25:127][  0]LogConfig: Setting CVar [[r.DepthOfFieldQuality:2]]
[2019.11.23-19.36.25:127][  0]LogConfig: Setting CVar [[r.RenderTargetPoolMin:400]]
[2019.11.23-19.36.25:127][  0]LogConfig: Setting CVar [[r.LensFlareQuality:2]]
[2019.11.23-19.36.25:127][  0]LogConfig: Setting CVar [[r.SceneColorFringeQuality:1]]
[2019.11.23-19.36.25:127][  0]LogConfig: Setting CVar [[r.EyeAdaptationQuality:2]]
[2019.11.23-19.36.25:128][  0]LogConfig: Setting CVar [[r.BloomQuality:5]]
[2019.11.23-19.36.25:128][  0]LogConfig: Setting CVar [[r.FastBlurThreshold:100]]
[2019.11.23-19.36.25:130][  0]LogConfig: Setting CVar [[r.Upscale.Quality:3]]
[2019.11.23-19.36.25:130][  0]LogConfig: Setting CVar [[r.Tonemapper.GrainQuantization:1]]
[2019.11.23-19.36.25:130][  0]LogConfig: Setting CVar [[r.LightShaftQuality:1]]
[2019.11.23-19.36.25:132][  0]LogConfig: Setting CVar [[r.Filter.SizeScale:1]]
[2019.11.23-19.36.25:132][  0]LogConfig: Setting CVar [[r.Tonemapper.Quality:5]]
[2019.11.23-19.36.25:132][  0]LogConfig: Setting CVar [[r.DOF.Gather.AccumulatorQuality:1        ; higher gathering accumulator quality]]
[2019.11.23-19.36.25:133][  0]LogConfig: Setting CVar [[r.DOF.Gather.PostfilterMethod:1          ; Median3x3 postfilering method]]
[2019.11.23-19.36.25:133][  0]LogConfig: Setting CVar [[r.DOF.Gather.EnableBokehSettings:0       ; no bokeh simulation when gathering]]
[2019.11.23-19.36.25:133][  0]LogConfig: Setting CVar [[r.DOF.Gather.RingCount:4                 ; medium number of samples when gathering]]
[2019.11.23-19.36.25:133][  0]LogConfig: Setting CVar [[r.DOF.Scatter.ForegroundCompositing:1    ; additive foreground scattering]]
[2019.11.23-19.36.25:133][  0]LogConfig: Setting CVar [[r.DOF.Scatter.BackgroundCompositing:2    ; additive background scattering]]
[2019.11.23-19.36.25:133][  0]LogConfig: Setting CVar [[r.DOF.Scatter.EnableBokehSettings:1      ; bokeh simulation when scattering]]
[2019.11.23-19.36.25:133][  0]LogConfig: Setting CVar [[r.DOF.Scatter.MaxSpriteRatio:0.1         ; only a maximum of 10% of scattered bokeh]]
[2019.11.23-19.36.25:133][  0]LogConfig: Setting CVar [[r.DOF.Recombine.Quality:1                ; cheap slight out of focus]]
[2019.11.23-19.36.25:133][  0]LogConfig: Setting CVar [[r.DOF.Recombine.EnableBokehSettings:0    ; no bokeh simulation on slight out of focus]]
[2019.11.23-19.36.25:133][  0]LogConfig: Setting CVar [[r.DOF.TemporalAAQuality:1                ; more stable temporal accumulation]]
[2019.11.23-19.36.25:133][  0]LogConfig: Setting CVar [[r.DOF.Kernel.MaxForegroundRadius:0.025]]
[2019.11.23-19.36.25:133][  0]LogConfig: Setting CVar [[r.DOF.Kernel.MaxBackgroundRadius:0.025]]
[2019.11.23-19.36.25:133][  0]LogConfig: Applying CVar settings from Section [TextureQuality@3] File [D:/Repos/GameAI/PathfindingLab/Saved/Config/Windows/Scalability.ini]
[2019.11.23-19.36.25:134][  0]LogConfig: Setting CVar [[r.Streaming.MipBias:0]]
[2019.11.23-19.36.25:134][  0]LogConfig: Setting CVar [[r.Streaming.AmortizeCPUToGPUCopy:0]]
[2019.11.23-19.36.25:134][  0]LogConfig: Setting CVar [[r.Streaming.MaxNumTexturesToStreamPerFrame:0]]
[2019.11.23-19.36.25:134][  0]LogConfig: Setting CVar [[r.Streaming.Boost:1]]
[2019.11.23-19.36.25:134][  0]LogConfig: Setting CVar [[r.MaxAnisotropy:8]]
[2019.11.23-19.36.25:134][  0]LogConfig: Setting CVar [[r.Streaming.LimitPoolSizeToVRAM:0]]
[2019.11.23-19.36.25:134][  0]LogConfig: Setting CVar [[r.Streaming.PoolSize:1000]]
[2019.11.23-19.36.25:134][  0]LogConfig: Setting CVar [[r.Streaming.MaxEffectiveScreenSize:0]]
[2019.11.23-19.36.25:134][  0]LogConfig: Applying CVar settings from Section [EffectsQuality@3] File [D:/Repos/GameAI/PathfindingLab/Saved/Config/Windows/Scalability.ini]
[2019.11.23-19.36.25:134][  0]LogConfig: Setting CVar [[r.TranslucencyLightingVolumeDim:64]]
[2019.11.23-19.36.25:134][  0]LogConfig: Setting CVar [[r.RefractionQuality:2]]
[2019.11.23-19.36.25:134][  0]LogConfig: Setting CVar [[r.SSR.Quality:3]]
[2019.11.23-19.36.25:134][  0]LogConfig: Setting CVar [[r.SceneColorFormat:4]]
[2019.11.23-19.36.25:134][  0]LogConfig: Setting CVar [[r.DetailMode:2]]
[2019.11.23-19.36.25:134][  0]LogConfig: Setting CVar [[r.TranslucencyVolumeBlur:1]]
[2019.11.23-19.36.25:134][  0]LogConfig: Setting CVar [[r.MaterialQualityLevel:1 ; High quality]]
[2019.11.23-19.36.25:134][  0]LogConfig: Setting CVar [[r.SSS.Scale:1]]
[2019.11.23-19.36.25:134][  0]LogConfig: Setting CVar [[r.SSS.SampleSet:2]]
[2019.11.23-19.36.25:134][  0]LogConfig: Setting CVar [[r.SSS.Quality:1]]
[2019.11.23-19.36.25:134][  0]LogConfig: Setting CVar [[r.SSS.HalfRes:1]]
[2019.11.23-19.36.25:134][  0]LogConfig: Setting CVar [[r.EmitterSpawnRateScale:1.0]]
[2019.11.23-19.36.25:134][  0]LogConfig: Setting CVar [[r.ParticleLightQuality:2]]
[2019.11.23-19.36.25:134][  0]LogConfig: Applying CVar settings from Section [FoliageQuality@3] File [D:/Repos/GameAI/PathfindingLab/Saved/Config/Windows/Scalability.ini]
[2019.11.23-19.36.25:134][  0]LogConfig: Setting CVar [[foliage.DensityScale:1.0]]
[2019.11.23-19.36.25:134][  0]LogConfig: Setting CVar [[grass.DensityScale:1.0]]
[2019.11.23-19.36.25:134][  0]LogConfig: Applying CVar settings from Section [Startup] File [../../../Engine/Config/ConsoleVariables.ini]
[2019.11.23-19.36.25:134][  0]LogConfig: Setting CVar [[net.UseAdaptiveNetUpdateFrequency:0]]
[2019.11.23-19.36.25:134][  0]LogConfig: Setting CVar [[p.chaos.AllowCreatePhysxBodies:1]]
[2019.11.23-19.36.25:136][  0]LogConfig: Applying CVar settings from Section [ConsoleVariables] File [D:/Repos/GameAI/PathfindingLab/Saved/Config/Windows/Engine.ini]
[2019.11.23-19.36.25:137][  0]LogInit: Computer: DESKTOP-TJ4L05U
[2019.11.23-19.36.25:137][  0]LogInit: User: Lance
[2019.11.23-19.36.25:137][  0]LogInit: CPU Page size=4096, Cores=4
[2019.11.23-19.36.25:137][  0]LogInit: High frequency timer resolution =10.000000 MHz
[2019.11.23-19.36.25:140][  0]LogMemory: Memory total: Physical=11.9GB (12GB approx)
[2019.11.23-19.36.25:140][  0]LogMemory: Platform Memory Stats for Windows
[2019.11.23-19.36.25:140][  0]LogMemory: Process Physical Memory: 96.06 MB used, 96.07 MB peak
[2019.11.23-19.36.25:140][  0]LogMemory: Process Virtual Memory: 90.66 MB used, 90.66 MB peak
[2019.11.23-19.36.25:140][  0]LogMemory: Physical Memory: 7678.05 MB used,  4471.90 MB free, 12149.95 MB total
[2019.11.23-19.36.25:140][  0]LogMemory: Virtual Memory: 4643.77 MB used,  134213088.00 MB free, 134217728.00 MB total
[2019.11.23-19.36.25:234][  0]LogInit: Using OS detected language (en-US).
[2019.11.23-19.36.25:234][  0]LogInit: Using OS detected locale (en-US).
[2019.11.23-19.36.25:234][  0]LogTextLocalizationManager: No specific localization for 'en-US' exists, so the 'en' localization will be used.
[2019.11.23-19.36.25:504][  0]LogInit: Setting process to per monitor DPI aware
[2019.11.23-19.36.25:547][  0]LogSlate: New Slate User Created.  User Index 0, Is Virtual User: 0
[2019.11.23-19.36.25:547][  0]LogSlate: Slate User Registered.  User Index 0, Is Virtual User: 0
[2019.11.23-19.36.25:785][  0]LogHMD: Failed to initialize OpenVR with code 110
[2019.11.23-19.36.25:785][  0]LogD3D11RHI: D3D11 adapters:
[2019.11.23-19.36.25:879][  0]LogD3D11RHI:    0. 'NVIDIA GeForce GTX 1050' (Feature Level 11_0)
[2019.11.23-19.36.25:879][  0]LogD3D11RHI:       4021/0/6074 MB DedicatedVideo/DedicatedSystem/SharedSystem, Outputs:1, VendorId:0x10de
[2019.11.23-19.36.25:895][  0]LogD3D11RHI:    1. 'Intel(R) HD Graphics 630' (Feature Level 11_0)
[2019.11.23-19.36.25:895][  0]LogD3D11RHI:       128/0/6074 MB DedicatedVideo/DedicatedSystem/SharedSystem, Outputs:0, VendorId:0x8086
[2019.11.23-19.36.25:898][  0]LogD3D11RHI:    2. 'Microsoft Basic Render Driver' (Feature Level 11_0)
[2019.11.23-19.36.25:899][  0]LogD3D11RHI:       0/0/6074 MB DedicatedVideo/DedicatedSystem/SharedSystem, Outputs:0, VendorId:0x1414
[2019.11.23-19.36.25:899][  0]LogD3D11RHI: Chosen D3D11 Adapter: 0
[2019.11.23-19.36.25:934][  0]LogD3D11RHI: Creating new Direct3DDevice
[2019.11.23-19.36.25:934][  0]LogD3D11RHI:     GPU DeviceId: 0x1c8d (for the marketing name, search the web for "GPU Device Id")
[2019.11.23-19.36.25:934][  0]LogWindows: EnumDisplayDevices:
[2019.11.23-19.36.25:934][  0]LogWindows:    0. 'Intel(R) HD Graphics 630' (P:1 D:1)
[2019.11.23-19.36.25:935][  0]LogWindows:    1. 'Intel(R) HD Graphics 630' (P:0 D:0)
[2019.11.23-19.36.25:935][  0]LogWindows:    2. 'Intel(R) HD Graphics 630' (P:0 D:0)
[2019.11.23-19.36.25:935][  0]LogWindows: DebugString: PrimaryIsNotTheChoosenAdapter PrimaryIsNotTheChoosenAdapter PrimaryIsNotTheChoosenAdapter FoundDriverCount:0 
[2019.11.23-19.36.25:935][  0]LogD3D11RHI:     Adapter Name: NVIDIA GeForce GTX 1050
[2019.11.23-19.36.25:935][  0]LogD3D11RHI:   Driver Version: Unknown (internal:Unknown, unified:Unknown)
[2019.11.23-19.36.25:935][  0]LogD3D11RHI:      Driver Date: Unknown
[2019.11.23-19.36.25:935][  0]LogRHI: Texture pool is 2814 MB (70% of 4021 MB)
[2019.11.23-19.36.25:978][  0]LogD3D11RHI: Async texture creation enabled
[2019.11.23-19.36.25:982][  0]LogRendererCore: FGlobalReadBuffer::InitRHI
[2019.11.23-19.36.25:982][  0]LogRendererCore: FGlobalReadBuffer::InitRHI
[2019.11.23-19.36.25:982][  0]LogRendererCore: FGlobalReadBuffer::InitRHI
[2019.11.23-19.36.25:996][  0]LogD3D11RHI: GPU Timing Frequency: 1000.000000 (Debug: 2 2)
[2019.11.23-19.36.26:348][  0]LogTemp: Display: Module 'AllDesktopTargetPlatform' loaded TargetPlatform 'AllDesktop'
[2019.11.23-19.36.26:361][  0]LogTemp: Display: Module 'MacClientTargetPlatform' loaded TargetPlatform 'MacClient'
[2019.11.23-19.36.26:374][  0]LogTemp: Display: Module 'MacNoEditorTargetPlatform' loaded TargetPlatform 'MacNoEditor'
[2019.11.23-19.36.26:386][  0]LogTemp: Display: Module 'MacServerTargetPlatform' loaded TargetPlatform 'MacServer'
[2019.11.23-19.36.26:399][  0]LogTemp: Display: Module 'MacTargetPlatform' loaded TargetPlatform 'Mac'
[2019.11.23-19.36.26:412][  0]LogTemp: Display: Module 'WindowsClientTargetPlatform' loaded TargetPlatform 'WindowsClient'
[2019.11.23-19.36.26:425][  0]LogTemp: Display: Module 'WindowsNoEditorTargetPlatform' loaded TargetPlatform 'WindowsNoEditor'
[2019.11.23-19.36.26:437][  0]LogTemp: Display: Module 'WindowsServerTargetPlatform' loaded TargetPlatform 'WindowsServer'
[2019.11.23-19.36.26:443][  0]LogTemp: Display: Module 'WindowsTargetPlatform' loaded TargetPlatform 'Windows'
[2019.11.23-19.36.26:522][  0]LogTemp: Display: Module 'AndroidTargetPlatform' loaded TargetPlatform 'Android'
[2019.11.23-19.36.26:522][  0]LogTemp: Display: Module 'AndroidTargetPlatform' loaded TargetPlatform 'Android_ASTC'
[2019.11.23-19.36.26:522][  0]LogTemp: Display: Module 'AndroidTargetPlatform' loaded TargetPlatform 'Android_ATC'
[2019.11.23-19.36.26:522][  0]LogTemp: Display: Module 'AndroidTargetPlatform' loaded TargetPlatform 'Android_DXT'
[2019.11.23-19.36.26:522][  0]LogTemp: Display: Module 'AndroidTargetPlatform' loaded TargetPlatform 'Android_ETC1'
[2019.11.23-19.36.26:522][  0]LogTemp: Display: Module 'AndroidTargetPlatform' loaded TargetPlatform 'Android_ETC1a'
[2019.11.23-19.36.26:522][  0]LogTemp: Display: Module 'AndroidTargetPlatform' loaded TargetPlatform 'Android_ETC2'
[2019.11.23-19.36.26:522][  0]LogTemp: Display: Module 'AndroidTargetPlatform' loaded TargetPlatform 'Android_PVRTC'
[2019.11.23-19.36.26:522][  0]LogTemp: Display: Module 'AndroidTargetPlatform' loaded TargetPlatform 'AndroidClient'
[2019.11.23-19.36.26:522][  0]LogTemp: Display: Module 'AndroidTargetPlatform' loaded TargetPlatform 'Android_ASTCClient'
[2019.11.23-19.36.26:522][  0]LogTemp: Display: Module 'AndroidTargetPlatform' loaded TargetPlatform 'Android_ATCClient'
[2019.11.23-19.36.26:523][  0]LogTemp: Display: Module 'AndroidTargetPlatform' loaded TargetPlatform 'Android_DXTClient'
[2019.11.23-19.36.26:523][  0]LogTemp: Display: Module 'AndroidTargetPlatform' loaded TargetPlatform 'Android_ETC1Client'
[2019.11.23-19.36.26:523][  0]LogTemp: Display: Module 'AndroidTargetPlatform' loaded TargetPlatform 'Android_ETC1aClient'
[2019.11.23-19.36.26:523][  0]LogTemp: Display: Module 'AndroidTargetPlatform' loaded TargetPlatform 'Android_ETC2Client'
[2019.11.23-19.36.26:523][  0]LogTemp: Display: Module 'AndroidTargetPlatform' loaded TargetPlatform 'Android_PVRTCClient'
[2019.11.23-19.36.26:523][  0]LogTemp: Display: Module 'AndroidTargetPlatform' loaded TargetPlatform 'Android_Multi'
[2019.11.23-19.36.26:523][  0]LogTemp: Display: Module 'AndroidTargetPlatform' loaded TargetPlatform 'Android_MultiClient'
[2019.11.23-19.36.26:524][  0]LogTemp: Display: Module 'HTML5TargetPlatform' loaded TargetPlatform 'HTML5'
[2019.11.23-19.36.26:579][  0]LogTemp: Display: Module 'IOSTargetPlatform' loaded TargetPlatform 'IOSClient'
[2019.11.23-19.36.26:579][  0]LogTemp: Display: Module 'IOSTargetPlatform' loaded TargetPlatform 'IOS'
[2019.11.23-19.36.26:604][  0]LogTemp: Display: Module 'TVOSTargetPlatform' loaded TargetPlatform 'TVOSClient'
[2019.11.23-19.36.26:604][  0]LogTemp: Display: Module 'TVOSTargetPlatform' loaded TargetPlatform 'TVOS'
[2019.11.23-19.36.26:616][  0]LogTemp: Display: Module 'LinuxClientTargetPlatform' loaded TargetPlatform 'LinuxClient'
[2019.11.23-19.36.26:628][  0]LogTemp: Display: Module 'LinuxNoEditorTargetPlatform' loaded TargetPlatform 'LinuxNoEditor'
[2019.11.23-19.36.26:640][  0]LogTemp: Display: Module 'LinuxServerTargetPlatform' loaded TargetPlatform 'LinuxServer'
[2019.11.23-19.36.26:651][  0]LogTemp: Display: Module 'LinuxTargetPlatform' loaded TargetPlatform 'Linux'
[2019.11.23-19.36.26:694][  0]LogTemp: Display: Module 'LuminTargetPlatform' loaded TargetPlatform 'Lumin'
[2019.11.23-19.36.26:694][  0]LogTemp: Display: Module 'LuminTargetPlatform' loaded TargetPlatform 'LuminClient'
[2019.11.23-19.36.26:694][  0]LogTargetPlatformManager: Display: Building Assets For Windows
[2019.11.23-19.36.26:701][  0]LogAudioDebug: Display: Lib vorbis DLL was dynamically loaded.
[2019.11.23-19.36.26:739][  0]LogShaderCompilers: Guid format shader working directory is 4 characters bigger than the processId version (../../../../../Repos/GameAI/PathfindingLab/Intermediate/Shaders/WorkingDirectory/3424/).
[2019.11.23-19.36.26:739][  0]LogShaderCompilers: Cleaned the shader compiler working directory 'C:/Users/Lance/AppData/Local/Temp/UnrealShaderWorkingDir/370713D74E1D7E164EBA7B88A6AC375B/'.
[2019.11.23-19.36.26:741][  0]LogXGEController: Cannot use XGE Controller as Incredibuild is not installed on this machine.
[2019.11.23-19.36.26:741][  0]LogShaderCompilers: Cannot use XGE Shader Compiler as Incredibuild is not installed on this machine.
[2019.11.23-19.36.26:741][  0]LogShaderCompilers: Display: Using Local Shader Compiler.
[2019.11.23-19.36.27:297][  0]LogDerivedDataCache: Display: Max Cache Size: 512 MB
[2019.11.23-19.36.27:347][  0]LogDerivedDataCache: Loaded boot cache 0.05s 71MB C:/Users/Lance/AppData/Local/UnrealEngine/4.22/DerivedDataCache/Boot.ddc.
[2019.11.23-19.36.27:347][  0]LogDerivedDataCache: Display: Loaded Boot cache: C:/Users/Lance/AppData/Local/UnrealEngine/4.22/DerivedDataCache/Boot.ddc
[2019.11.23-19.36.27:347][  0]LogDerivedDataCache: FDerivedDataBackendGraph:  Pak pak cache file ../../../../../Repos/GameAI/PathfindingLab/DerivedDataCache/DDC.ddp not found, will not use a pak cache.
[2019.11.23-19.36.27:347][  0]LogDerivedDataCache: Unable to find inner node Pak for hierarchical cache Hierarchy.
[2019.11.23-19.36.27:347][  0]LogDerivedDataCache: FDerivedDataBackendGraph:  CompressedPak pak cache file ../../../../../Repos/GameAI/PathfindingLab/DerivedDataCache/Compressed.ddp not found, will not use a pak cache.
[2019.11.23-19.36.27:347][  0]LogDerivedDataCache: Unable to find inner node CompressedPak for hierarchical cache Hierarchy.
[2019.11.23-19.36.27:360][  0]LogDerivedDataCache: Display: Pak cache opened for reading ../../../Engine/DerivedDataCache/Compressed.ddp.
[2019.11.23-19.36.27:360][  0]LogDerivedDataCache: FDerivedDataBackendGraph:  EnterprisePak pak cache file ../../../Enterprise/DerivedDataCache/Compressed.ddp not found, will not use a pak cache.
[2019.11.23-19.36.27:360][  0]LogDerivedDataCache: Unable to find inner node EnterprisePak for hierarchical cache Hierarchy.
[2019.11.23-19.36.27:372][  0]LogDerivedDataCache: Using Local data cache path C:/Users/Lance/AppData/Local/UnrealEngine/Common/DerivedDataCache: Writable
[2019.11.23-19.36.27:372][  0]LogDerivedDataCache: Shared data cache path not found in *engine.ini, will not use an Shared cache.
[2019.11.23-19.36.27:372][  0]LogDerivedDataCache: Unable to find inner node Shared for hierarchical cache Hierarchy.
[2019.11.23-19.36.27:395][  0]LogMaterial: Verifying Global Shaders for PCD3D_SM5
[2019.11.23-19.36.27:396][  0]LogSlate: Using FreeType 2.6.0
[2019.11.23-19.36.27:397][  0]LogSlate: SlateFontServices - WITH_FREETYPE: 1, WITH_HARFBUZZ: 1
[2019.11.23-19.36.27:480][  0]LogAssetRegistry: FAssetRegistry took 0.0329 seconds to start up
[2019.11.23-19.36.27:817][  0]LogInit: Selected Device Profile: [Windows]
[2019.11.23-19.36.27:961][  0]LogMeshReduction: Using QuadricMeshReduction for automatic static mesh reduction
[2019.11.23-19.36.27:961][  0]LogMeshReduction: Using SimplygonMeshReduction for automatic skeletal mesh reduction
[2019.11.23-19.36.27:961][  0]LogMeshReduction: Using ProxyLODMeshReduction for automatic mesh merging
[2019.11.23-19.36.27:961][  0]LogMeshReduction: No distributed automatic mesh merging module available
[2019.11.23-19.36.27:961][  0]LogMeshMerging: No distributed automatic mesh merging module available
[2019.11.23-19.36.27:971][  0]LogNetVersion: PathFinding 1.0.0, NetCL: 5660361, EngineNetVer: 10, GameNetVer: 0 (Checksum: 315523671)
[2019.11.23-19.36.28:348][  0]LogPackageLocalizationCache: Processed 10 localized package path(s) for 1 prioritized culture(s) in 0.030332 seconds
[2019.11.23-19.36.28:356][  0]LogUObjectArray: 42205 objects as part of root set at end of initial load.
[2019.11.23-19.36.28:356][  0]LogUObjectAllocator: 7325032 out of 0 bytes used by permanent object pool.
[2019.11.23-19.36.28:356][  0]LogUObjectArray: CloseDisregardForGC: 0/0 objects in disregard for GC pool
[2019.11.23-19.36.29:134][  0]LogTcpMessaging: Initializing TcpMessaging bridge
[2019.11.23-19.36.29:147][  0]LogUdpMessaging: Initializing bridge on interface 0.0.0.0:0 to multicast group 230.0.0.1:6666.
[2019.11.23-19.36.29:280][  0]SourceControl: Source control is disabled
[2019.11.23-19.36.29:281][  0]SourceControl: Source control is disabled
[2019.11.23-19.36.29:282][  0]SourceControl: Source control is disabled
[2019.11.23-19.36.29:283][  0]SourceControl: Source control is disabled
[2019.11.23-19.36.29:355][  0]LogAndroidPermission: UAndroidPermissionCallbackProxy::GetInstance
[2019.11.23-19.36.29:474][  0]LogOcInput: OculusInput pre-init called
[2019.11.23-19.36.30:143][  0]LogEngine: Initializing Engine...
[2019.11.23-19.36.30:144][  0]LogHMD: Failed to initialize OpenVR with code 110
[2019.11.23-19.36.30:145][  0]LogStats: UGameplayTagsManager::InitializeManager -  0.000 s
[2019.11.23-19.36.30:356][  0]LogInit: Initializing FReadOnlyCVARCache
[2019.11.23-19.36.30:366][  0]LogAIModule: Creating AISystem for world Untitled
[2019.11.23-19.36.30:446][  0]LogInit: XAudio2 using 'Speakers (USB Audio Device)' : 2 channels at 48 kHz using 16 bits per sample (channel mask 0x3)
[2019.11.23-19.36.30:466][  0]LogInit: FAudioDevice initialized.
[2019.11.23-19.36.30:466][  0]LogNetVersion: Set ProjectVersion to 1.0.0.0. Version Checksum will be recalculated on next use.
[2019.11.23-19.36.30:560][  0]LogDerivedDataCache: Saved boot cache 0.09s 71MB C:/Users/Lance/AppData/Local/UnrealEngine/4.22/DerivedDataCache/Boot.ddc.
[2019.11.23-19.36.30:565][  0]LogInit: Texture streaming: Enabled
[2019.11.23-19.36.30:580][  0]LogEngineSessionManager: EngineSessionManager initialized
[2019.11.23-19.36.30:598][  0]LogInit: Transaction tracking system initialized
[2019.11.23-19.36.30:615][  0]BlueprintLog: New page: Editor Load
[2019.11.23-19.36.30:676][  0]LocalizationService: Localization service is disabled
[2019.11.23-19.36.30:961][  0]LogFileCache: Scanning file cache for directory 'D:/Repos/GameAI/PathfindingLab/Content/' took 0.01s
[2019.11.23-19.36.30:961][  0]LogCook: Display: Max memory allowance for cook 16384mb min free memory 0mb
[2019.11.23-19.36.30:961][  0]LogCook: Display: Mobile HDR setting 1
[2019.11.23-19.36.31:113][  0]SourceControl: Source control is disabled
[2019.11.23-19.36.31:113][  0]Cmd: MAP LOAD FILE="../../../../../Repos/GameAI/PathfindingLab/Content/PathfindingMap.umap" TEMPLATE=0 SHOWPROGRESS=1 FEATURELEVEL=3
[2019.11.23-19.36.31:114][  0]LightingResults: New page: Lighting Build
[2019.11.23-19.36.31:115][  0]MapCheck: New page: Map Check
[2019.11.23-19.36.31:115][  0]LightingResults: New page: Lighting Build
[2019.11.23-19.36.31:141][  0]LogUObjectHash: Compacting FUObjectHashTables data took   1.48ms
[2019.11.23-19.36.31:279][  0]LogAIModule: Creating AISystem for world PathfindingMap
[2019.11.23-19.36.31:285][  0]LogEditorServer: Finished looking for orphan Actors (0.000 secs)
[2019.11.23-19.36.31:311][  0]LogUObjectHash: Compacting FUObjectHashTables data took   2.14ms
[2019.11.23-19.36.31:311][  0]Cmd: MAP CHECKDEP NOCLEARLOG
[2019.11.23-19.36.31:312][  0]MapCheck: Map check complete: 0 Error(s), 0 Warning(s), took 0.078ms to complete.
[2019.11.23-19.36.31:312][  0]LogFileHelpers: Loading map 'PathfindingMap' took 0.198
[2019.11.23-19.36.31:439][  0]LogSlate: Updating window title bar state: overlay mode, drag disabled, window buttons hidden, title bar hidden
[2019.11.23-19.36.31:450][  0]LogSlate: Updating window title bar state: overlay mode, drag disabled, window buttons hidden, title bar hidden
[2019.11.23-19.36.31:460][  0]LogSlate: Updating window title bar state: overlay mode, drag disabled, window buttons hidden, title bar hidden
[2019.11.23-19.36.31:468][  0]LogSlate: Updating window title bar state: overlay mode, drag disabled, window buttons hidden, title bar hidden
[2019.11.23-19.36.31:473][  0]LogCollectionManager: Loaded 0 collections in 0.001318 seconds
[2019.11.23-19.36.31:512][  0]LogFileCache: Scanning file cache for directory 'D:/Repos/GameAI/PathfindingLab/Saved/Collections/' took 0.01s
[2019.11.23-19.36.31:512][  0]LogFileCache: Scanning file cache for directory 'D:/Repos/GameAI/PathfindingLab/Content/Developers/Lance/Collections/' took 0.01s
[2019.11.23-19.36.31:512][  0]LogFileCache: Scanning file cache for directory 'D:/Repos/GameAI/PathfindingLab/Content/Collections/' took 0.01s
[2019.11.23-19.36.31:512][  0]LogCollectionManager: Rebuilt the GUID cache for 0 collections in 0.000000 seconds
[2019.11.23-19.36.31:521][  0]LogContentBrowser: Native class hierarchy populated in 0.0093 seconds. Added 2742 classes and 662 folders.
[2019.11.23-19.36.31:526][  0]LogContentBrowser: Native class hierarchy updated for 'WidgetCarousel' in 0.0003 seconds. Added 0 classes and 0 folders.
[2019.11.23-19.36.31:528][  0]LogPakFile: Registered encryption key '00000000000000000000000000000000': 0 pak files mounted, 0 remain pending
[2019.11.23-19.36.31:528][  0]LogPakFile: Registered encryption key '00000000000000000000000000000000': 0 pak files mounted, 0 remain pending
[2019.11.23-19.36.31:529][  0]LogPakFile: Registered encryption key '00000000000000000000000000000000': 0 pak files mounted, 0 remain pending
[2019.11.23-19.36.31:529][  0]LogPakFile: Registered encryption key '00000000000000000000000000000000': 0 pak files mounted, 0 remain pending
[2019.11.23-19.36.31:529][  0]LogPakFile: Registered encryption key '00000000000000000000000000000000': 0 pak files mounted, 0 remain pending
[2019.11.23-19.36.31:530][  0]LogPakFile: Registered encryption key '00000000000000000000000000000000': 0 pak files mounted, 0 remain pending
[2019.11.23-19.36.31:530][  0]LogPakFile: Registered encryption key '00000000000000000000000000000000': 0 pak files mounted, 0 remain pending
[2019.11.23-19.36.31:531][  0]LogPakFile: Registered encryption key '00000000000000000000000000000000': 0 pak files mounted, 0 remain pending
[2019.11.23-19.36.31:531][  0]LogPakFile: Registered encryption key '00000000000000000000000000000000': 0 pak files mounted, 0 remain pending
[2019.11.23-19.36.31:532][  0]LogPakFile: Registered encryption key '00000000000000000000000000000000': 0 pak files mounted, 0 remain pending
[2019.11.23-19.36.31:532][  0]LogPakFile: Registered encryption key '00000000000000000000000000000000': 0 pak files mounted, 0 remain pending
[2019.11.23-19.36.31:532][  0]LogPakFile: Registered encryption key '00000000000000000000000000000000': 0 pak files mounted, 0 remain pending
[2019.11.23-19.36.31:533][  0]LogPakFile: Registered encryption key '00000000000000000000000000000000': 0 pak files mounted, 0 remain pending
[2019.11.23-19.36.31:533][  0]LogPakFile: Registered encryption key '00000000000000000000000000000000': 0 pak files mounted, 0 remain pending
[2019.11.23-19.36.31:534][  0]LogPakFile: Registered encryption key '00000000000000000000000000000000': 0 pak files mounted, 0 remain pending
[2019.11.23-19.36.31:534][  0]LogPakFile: Registered encryption key '00000000000000000000000000000000': 0 pak files mounted, 0 remain pending
[2019.11.23-19.36.31:535][  0]LogPakFile: Registered encryption key '00000000000000000000000000000000': 0 pak files mounted, 0 remain pending
[2019.11.23-19.36.31:535][  0]LogPakFile: Registered encryption key '00000000000000000000000000000000': 0 pak files mounted, 0 remain pending
[2019.11.23-19.36.31:535][  0]LogPakFile: Registered encryption key '00000000000000000000000000000000': 0 pak files mounted, 0 remain pending
[2019.11.23-19.36.31:537][  0]LogPakFile: Registered encryption key '00000000000000000000000000000000': 0 pak files mounted, 0 remain pending
[2019.11.23-19.36.31:537][  0]LogPakFile: Registered encryption key '00000000000000000000000000000000': 0 pak files mounted, 0 remain pending
[2019.11.23-19.36.31:538][  0]LogPakFile: Registered encryption key '00000000000000000000000000000000': 0 pak files mounted, 0 remain pending
[2019.11.23-19.36.31:538][  0]LogPakFile: Registered encryption key '00000000000000000000000000000000': 0 pak files mounted, 0 remain pending
[2019.11.23-19.36.31:539][  0]LogPakFile: Registered encryption key '00000000000000000000000000000000': 0 pak files mounted, 0 remain pending
[2019.11.23-19.36.31:540][  0]LogPakFile: Registered encryption key '00000000000000000000000000000000': 0 pak files mounted, 0 remain pending
[2019.11.23-19.36.31:540][  0]LogPakFile: Registered encryption key '00000000000000000000000000000000': 0 pak files mounted, 0 remain pending
[2019.11.23-19.36.31:564][  0]LogContentBrowser: Native class hierarchy updated for 'AddContentDialog' in 0.0003 seconds. Added 0 classes and 0 folders.
[2019.11.23-19.36.31:569][  0]LogContentBrowser: Native class hierarchy updated for 'SceneOutliner' in 0.0004 seconds. Added 1 classes and 2 folders.
[2019.11.23-19.36.31:590][  0]LogSlate: Took 0.000161 seconds to synchronously load lazily loaded font '../../../Engine/Content/Slate/Fonts/Roboto-Regular.ttf' (155K)
[2019.11.23-19.36.31:594][  0]LogSlate: Took 0.000284 seconds to synchronously load lazily loaded font '../../../Engine/Content/Slate/Fonts/Roboto-Bold.ttf' (160K)
[2019.11.23-19.36.31:600][  0]LogSlate: Took 0.000159 seconds to synchronously load lazily loaded font '../../../Engine/Content/Editor/Slate/Fonts/FontAwesome.ttf' (139K)
[2019.11.23-19.36.31:679][  0]LogRenderer: Reallocating scene render targets to support 964x436 Format 10 NumSamples 1 (Frame:1).
[2019.11.23-19.36.31:736][  0]LogSlate: Took 0.000136 seconds to synchronously load lazily loaded font '../../../Engine/Content/Slate/Fonts/Roboto-Light.ttf' (167K)
[2019.11.23-19.36.31:870][  0]LogContentBrowser: Native class hierarchy updated for 'HierarchicalLODOutliner' in 0.0003 seconds. Added 0 classes and 0 folders.
[2019.11.23-19.36.31:870][  0]LogLoad: (Engine Initialization) Total time: 8.25 seconds
[2019.11.23-19.36.31:870][  0]LogLoad: (Engine Initialization) Total Blueprint compile time: 0.00 seconds
[2019.11.23-19.36.31:915][  0]LogAssetRegistry: Asset discovery search completed in 4.4579 seconds
[2019.11.23-19.36.31:917][  0]LogCollectionManager: Rebuilt the object cache for 0 collections in 0.000000 seconds (found 0 objects)
[2019.11.23-19.36.31:917][  0]LogCollectionManager: Fixed up redirectors for 0 collections in 0.000044 seconds (updated 0 objects)
[2019.11.23-19.36.31:918][  0]LogContentStreaming: Texture pool size now 1000 MB
[2019.11.23-19.36.35:385][198]LogSlate: FSceneViewport::OnFocusLost() reason 0
[2019.11.23-19.36.39:822][453]LogSlate: Took 0.000119 seconds to synchronously load lazily loaded font '../../../Engine/Content/Slate/Fonts/Roboto-Light.ttf' (167K)
[2019.11.23-19.36.39:833][453]LogAssetEditorManager: Opening Asset editor for Class /Script/PathFinding.StatePathfinder
[2019.11.23-19.38.50:566][992]Candidate modules for hot reload:
[2019.11.23-19.38.50:566][992]  PathFinding
[2019.11.23-19.38.50:567][992]Launching UnrealBuildTool... [D:/Unreal/UE_4.22/Engine/Binaries/DotNET/UnrealBuildTool.exe  -ModuleWithSuffix=PathFinding,4812 Win64 Development -TargetType=Editor -Project="D:/Repos/GameAI/PathfindingLab/PathFinding.uproject" "D:/Repos/GameAI/PathfindingLab/PathFinding.uproject"  -IgnoreJunk]
[2019.11.23-19.38.50:568][992]Warning: Starting HotReload took  0.2s.
[2019.11.23-19.39.43:522][276]CompilerResultsLog: New page: Compilation - Nov 23, 2019, 9:39:43 AM
[2019.11.23-19.39.43:522][276]CompilerResultsLog: Using 'git status' to determine working set for adaptive non-unity build (D:\Repos\GameAI).
[2019.11.23-19.39.43:522][276]CompilerResultsLog: Creating makefile for PathFindingEditor (ini files are newer than makefile)
[2019.11.23-19.39.43:522][276]CompilerResultsLog: Parsing headers for PathFindingEditor
[2019.11.23-19.39.43:522][276]CompilerResultsLog:   Running UnrealHeaderTool "D:\Repos\GameAI\PathfindingLab\PathFinding.uproject" "D:\Repos\GameAI\PathfindingLab\Intermediate\Build\Win64\PathFindingEditor\Development\PathFindingEditor.uhtmanifest" -LogCmds="loginit warning, logexit warning, logdatabase error" -Unattended -WarningsAsErrors -installed
[2019.11.23-19.39.43:522][276]CompilerResultsLog: Reflection code generated for PathFindingEditor in 7.1815118 seconds
[2019.11.23-19.39.43:522][276]CompilerResultsLog: Using Visual Studio 2017 14.16.27023 toolchain (C:\Program Files (x86)\Microsoft Visual Studio\2017\Community\VC\Tools\MSVC\14.16.27023) and Windows 10.0.16299.0 SDK (C:\Program Files (x86)\Windows Kits\10).
[2019.11.23-19.39.43:522][276]CompilerResultsLog: Building 4 actions with 8 processes...
[2019.11.23-19.39.43:522][276]CompilerResultsLog:   [1/4] StatePathfinder.cpp
[2019.11.23-19.39.43:522][276]CompilerResultsLog:   D:\Unreal\UE_4.22\Engine\Source\Runtime\CoreUObject\Public\UObject/UObject.h(14): warning C4996: 'UObjectHeaderDeprecatedWarning': Including UObject.h has been deprecated. Please include Object.h instead. Please update your code to the new API before upgrading to the next release, otherwise your project will no longer compile.
[2019.11.23-19.39.43:522][276]CompilerResultsLog:   D:\Unreal\UE_4.22\Engine\Source\Runtime\CoreUObject\Public\UObject/UObject.h(8): note: see declaration of 'UObjectHeaderDeprecatedWarning'
[2019.11.23-19.39.43:522][276]CompilerResultsLog:   [2/4] UE4Editor-PathFinding-4812.lib
[2019.11.23-19.39.43:522][276]CompilerResultsLog:      Creating library D:\Repos\GameAI\PathfindingLab\Intermediate\Build\Win64\UE4Editor\Development\PathFinding\UE4Editor-PathFinding-4812.lib and object D:\Repos\GameAI\PathfindingLab\Intermediate\Build\Win64\UE4Editor\Development\PathFinding\UE4Editor-PathFinding-4812.exp
[2019.11.23-19.39.43:522][276]CompilerResultsLog:   [3/4] UE4Editor-PathFinding-4812.dll
[2019.11.23-19.39.43:522][276]CompilerResultsLog:      Creating library D:\Repos\GameAI\PathfindingLab\Intermediate\Build\Win64\UE4Editor\Development\PathFinding\UE4Editor-PathFinding-4812.suppressed.lib and object D:\Repos\GameAI\PathfindingLab\Intermediate\Build\Win64\UE4Editor\Development\PathFinding\UE4Editor-PathFinding-4812.suppressed.exp
[2019.11.23-19.39.43:522][276]CompilerResultsLog:   [4/4] PathFindingEditor.target
[2019.11.23-19.39.43:522][276]CompilerResultsLog: Total time in Parallel executor: 42.74 seconds
[2019.11.23-19.39.43:522][276]CompilerResultsLog: Total execution time: 52.79 seconds
[2019.11.23-19.39.43:522][276]LogMainFrame: MainFrame: Module compiling took 52.963 seconds
[2019.11.23-19.39.43:549][276]LogUObjectHash: Compacting FUObjectHashTables data took   0.87ms
[2019.11.23-19.39.45:755][276]LogClass: EState HotReload.
[2019.11.23-19.39.45:760][276]LogContentBrowser: Native class hierarchy updated for 'PathFinding' in 0.0004 seconds. Added 10 classes and 3 folders.
[2019.11.23-19.39.45:762][276]Display: HotReload successful (11 functions remapped  0 scriptstructs remapped)
[2019.11.23-19.39.45:888][276]LogUObjectHash: Compacting FUObjectHashTables data took   1.31ms
[2019.11.23-19.39.45:903][276]LogContentBrowser: Native class hierarchy populated in 0.0105 seconds. Added 2743 classes and 664 folders.
[2019.11.23-19.39.45:903][276]Display: HotReload took 55.5s.
[2019.11.23-19.39.52:161][390]LogTemp: Repeating last play command: Selected Viewport
[2019.11.23-19.39.52:171][390]LogBlueprintUserMessages: Early PlayInEditor Detection: Level '/Game/PathfindingMap.PathfindingMap:PersistentLevel' has LevelScriptBlueprint '/Game/PathfindingMap.PathfindingMap:PersistentLevel.PathfindingMap' with GeneratedClass '/Game/PathfindingMap.PathfindingMap_C' with ClassGeneratedBy '/Game/PathfindingMap.PathfindingMap:PersistentLevel.PathfindingMap'
[2019.11.23-19.39.52:172][390]LogPlayLevel: PlayLevel: No blueprints needed recompiling
[2019.11.23-19.39.52:172][390]PIE: New page: PIE session: PathfindingMap (Nov 23, 2019, 9:39:52 AM)
[2019.11.23-19.39.52:185][390]LogPlayLevel: Creating play world package: /Game/UEDPIE_0_PathfindingMap
[2019.11.23-19.39.52:193][390]LogPlayLevel: PIE: StaticDuplicateObject took: (0.007041s)
[2019.11.23-19.39.52:193][390]LogAIModule: Creating AISystem for world PathfindingMap
[2019.11.23-19.39.52:193][390]LogPlayLevel: PIE: World Init took: (0.000663s)
[2019.11.23-19.39.52:193][390]LogPlayLevel: PIE: Created PIE world by copying editor world from /Game/PathfindingMap.PathfindingMap to /Game/UEDPIE_0_PathfindingMap.PathfindingMap (0.008064s)
[2019.11.23-19.39.52:217][390]LogUObjectHash: Compacting FUObjectHashTables data took   1.32ms
[2019.11.23-19.39.52:229][390]LogInit: XAudio2 using 'Speakers (USB Audio Device)' : 2 channels at 48 kHz using 16 bits per sample (channel mask 0x3)
[2019.11.23-19.39.52:245][390]LogInit: FAudioDevice initialized.
[2019.11.23-19.39.52:282][390]LogLoad: Game class is 'PathFindingGameMode_C'
[2019.11.23-19.39.52:284][390]LogWorld: Bringing World /Game/UEDPIE_0_PathfindingMap.PathfindingMap up for play (max tick rate 60) at 2019.11.23-14.39.52
[2019.11.23-19.39.52:284][390]LogWorld: Bringing up level for play took: 0.001000
[2019.11.23-19.39.52:315][390]LogContentBrowser: Native class hierarchy updated for 'MovieSceneCapture' in 0.0004 seconds. Added 20 classes and 0 folders.
[2019.11.23-19.39.52:322][390]LogScript: Warning: Script Msg: Attempted to access index 25 from array 'Walls' of length 25 in '/Script/PathFinding.MyPathBuilderActor'!
[2019.11.23-19.39.52:322][390]LogScript: Warning: Script Msg: Attempted to access index 25 from array 'Walls' of length 25 in '/Script/PathFinding.MyPathBuilderActor'!
[2019.11.23-19.39.52:322][390]PIE: Play in editor start time for /Game/UEDPIE_0_PathfindingMap 0.571
[2019.11.23-19.39.52:323][390]LogBlueprintUserMessages: Late PlayInEditor Detection: Level '/Game/PathfindingMap.PathfindingMap:PersistentLevel' has LevelScriptBlueprint '/Game/PathfindingMap.PathfindingMap:PersistentLevel.PathfindingMap' with GeneratedClass '/Game/PathfindingMap.PathfindingMap_C' with ClassGeneratedBy '/Game/PathfindingMap.PathfindingMap:PersistentLevel.PathfindingMap'
[2019.11.23-19.40.37:836][ 91]LogBlueprintUserMessages: Early EndPlayMap Detection: Level '/Game/PathfindingMap.PathfindingMap:PersistentLevel' has LevelScriptBlueprint '/Game/PathfindingMap.PathfindingMap:PersistentLevel.PathfindingMap' with GeneratedClass '/Game/PathfindingMap.PathfindingMap_C' with ClassGeneratedBy '/Game/PathfindingMap.PathfindingMap:PersistentLevel.PathfindingMap'
[2019.11.23-19.40.37:860][ 91]LogSlate: Updating window title bar state: overlay mode, drag disabled, window buttons hidden, title bar hidden
[2019.11.23-19.40.37:935][ 91]LogPlayLevel: Display: Shutting down PIE online subsystems
[2019.11.23-19.40.37:936][ 91]LogBlueprintUserMessages: Late EndPlayMap Detection: Level '/Game/PathfindingMap.PathfindingMap:PersistentLevel' has LevelScriptBlueprint '/Game/PathfindingMap.PathfindingMap:PersistentLevel.PathfindingMap' with GeneratedClass '/Game/PathfindingMap.PathfindingMap_C' with ClassGeneratedBy '/Game/PathfindingMap.PathfindingMap:PersistentLevel.PathfindingMap'
[2019.11.23-19.40.37:978][ 91]LogSlate: Updating window title bar state: overlay mode, drag disabled, window buttons hidden, title bar hidden
[2019.11.23-19.40.37:982][ 91]LogUObjectHash: Compacting FUObjectHashTables data took   1.70ms
[2019.11.23-19.40.38:012][ 92]LogPlayLevel: Display: Destroying online subsystem :Context_2
[2019.11.23-19.41.18:283][940]LogSlate: FSceneViewport::OnFocusLost() reason 0
[2019.11.23-19.41.18:349][944]LogTemp: Repeating last play command: Selected Viewport
[2019.11.23-19.41.18:356][944]LogBlueprintUserMessages: Early PlayInEditor Detection: Level '/Game/PathfindingMap.PathfindingMap:PersistentLevel' has LevelScriptBlueprint '/Game/PathfindingMap.PathfindingMap:PersistentLevel.PathfindingMap' with GeneratedClass '/Game/PathfindingMap.PathfindingMap_C' with ClassGeneratedBy '/Game/PathfindingMap.PathfindingMap:PersistentLevel.PathfindingMap'
[2019.11.23-19.41.18:357][944]LogPlayLevel: PlayLevel: No blueprints needed recompiling
[2019.11.23-19.41.18:357][944]PIE: New page: PIE session: PathfindingMap (Nov 23, 2019, 9:41:18 AM)
[2019.11.23-19.41.18:357][944]LogPlayLevel: Creating play world package: /Game/UEDPIE_0_PathfindingMap
[2019.11.23-19.41.18:363][944]LogPlayLevel: PIE: StaticDuplicateObject took: (0.006018s)
[2019.11.23-19.41.18:364][944]LogAIModule: Creating AISystem for world PathfindingMap
[2019.11.23-19.41.18:447][944]LogPlayLevel: PIE: World Init took: (0.083643s)
[2019.11.23-19.41.18:447][944]LogPlayLevel: PIE: Created PIE world by copying editor world from /Game/PathfindingMap.PathfindingMap to /Game/UEDPIE_0_PathfindingMap.PathfindingMap (0.089820s)
[2019.11.23-19.41.18:468][944]LogUObjectHash: Compacting FUObjectHashTables data took   1.09ms
[2019.11.23-19.41.18:479][944]LogInit: XAudio2 using 'Speakers (USB Audio Device)' : 2 channels at 48 kHz using 16 bits per sample (channel mask 0x3)
[2019.11.23-19.41.18:496][944]LogInit: FAudioDevice initialized.
[2019.11.23-19.41.18:579][944]LogLoad: Game class is 'PathFindingGameMode_C'
[2019.11.23-19.41.18:581][944]LogWorld: Bringing World /Game/UEDPIE_0_PathfindingMap.PathfindingMap up for play (max tick rate 60) at 2019.11.23-14.41.18
[2019.11.23-19.41.18:581][944]LogWorld: Bringing up level for play took: 0.000976
[2019.11.23-19.41.18:599][944]LogScript: Warning: Script Msg: Attempted to access index 25 from array 'Walls' of length 25 in '/Script/PathFinding.MyPathBuilderActor'!
[2019.11.23-19.41.18:599][944]LogScript: Warning: Script Msg: Attempted to access index 25 from array 'Walls' of length 25 in '/Script/PathFinding.MyPathBuilderActor'!
[2019.11.23-19.41.18:599][944]PIE: Play in editor start time for /Game/UEDPIE_0_PathfindingMap 0.849
[2019.11.23-19.41.18:599][944]LogBlueprintUserMessages: Late PlayInEditor Detection: Level '/Game/PathfindingMap.PathfindingMap:PersistentLevel' has LevelScriptBlueprint '/Game/PathfindingMap.PathfindingMap:PersistentLevel.PathfindingMap' with GeneratedClass '/Game/PathfindingMap.PathfindingMap_C' with ClassGeneratedBy '/Game/PathfindingMap.PathfindingMap:PersistentLevel.PathfindingMap'
[2019.11.23-19.41.35:257][849]LogWindows: Error: === Critical error: ===
[2019.11.23-19.41.35:257][849]LogWindows: Error: 
[2019.11.23-19.41.35:257][849]LogWindows: Error: Fatal error!
[2019.11.23-19.41.35:257][849]LogWindows: Error: 
[2019.11.23-19.41.35:257][849]LogWindows: Error: Unhandled Exception: EXCEPTION_ACCESS_VIOLATION reading address 0xffffffff
[2019.11.23-19.41.35:257][849]LogWindows: Error: 
[2019.11.23-19.41.35:257][849]LogWindows: Error: [Callstack] 0x00007ff8f1546f08 UE4Editor-PathFinding-4812.dll!AStatePathfinder::Tick() [d:\repos\gameai\pathfindinglab\source\pathfinding\private\statepathfinder.cpp:73]
[2019.11.23-19.41.35:257][849]LogWindows: Error: [Callstack] 0x00007ff8cea4fea2 UE4Editor-Engine.dll!UnknownFunction []
[2019.11.23-19.41.35:257][849]LogWindows: Error: [Callstack] 0x00007ff8cea1aeed UE4Editor-Engine.dll!UnknownFunction []
[2019.11.23-19.41.35:257][849]LogWindows: Error: [Callstack] 0x00007ff8cf9d72bc UE4Editor-Engine.dll!UnknownFunction []
[2019.11.23-19.41.35:257][849]LogWindows: Error: [Callstack] 0x00007ff8d12622d8 UE4Editor-Core.dll!UnknownFunction []
[2019.11.23-19.41.35:257][849]LogWindows: Error: [Callstack] 0x00007ff8d1262563 UE4Editor-Core.dll!UnknownFunction []
[2019.11.23-19.41.35:257][849]LogWindows: Error: [Callstack] 0x00007ff8d1272309 UE4Editor-Core.dll!UnknownFunction []
[2019.11.23-19.41.35:257][849]LogWindows: Error: [Callstack] 0x00007ff8cfa1f9e3 UE4Editor-Engine.dll!UnknownFunction []
[2019.11.23-19.41.35:257][849]LogWindows: Error: [Callstack] 0x00007ff8cfa2bd12 UE4Editor-Engine.dll!UnknownFunction []
[2019.11.23-19.41.35:257][849]LogWindows: Error: [Callstack] 0x00007ff8cf24dc4f UE4Editor-Engine.dll!UnknownFunction []
[2019.11.23-19.41.35:257][849]LogWindows: Error: [Callstack] 0x00007ff8cf257e28 UE4Editor-Engine.dll!UnknownFunction []
[2019.11.23-19.41.35:257][849]LogWindows: Error: [Callstack] 0x00007ff8cd0902f7 UE4Editor-UnrealEd.dll!UnknownFunction []
[2019.11.23-19.41.35:258][849]LogWindows: Error: [Callstack] 0x00007ff8cd8ad396 UE4Editor-UnrealEd.dll!UnknownFunction []
[2019.11.23-19.41.35:258][849]LogWindows: Error: [Callstack] 0x00007ff7e1416bb1 UE4Editor.exe!UnknownFunction []
[2019.11.23-19.41.35:258][849]LogWindows: Error: [Callstack] 0x00007ff7e142554c UE4Editor.exe!UnknownFunction []
[2019.11.23-19.41.35:258][849]LogWindows: Error: [Callstack] 0x00007ff7e14255ca UE4Editor.exe!UnknownFunction []
[2019.11.23-19.41.35:258][849]LogWindows: Error: [Callstack] 0x00007ff7e143316c UE4Editor.exe!UnknownFunction []
[2019.11.23-19.41.35:258][849]LogWindows: Error: [Callstack] 0x00007ff7e1435b8e UE4Editor.exe!UnknownFunction []
[2019.11.23-19.41.35:258][849]LogWindows: Error: [Callstack] 0x00007ff949797bd4 KERNEL32.DLL!UnknownFunction []
[2019.11.23-19.41.35:258][849]LogWindows: Error: [Callstack] 0x00007ff94b0aced1 ntdll.dll!UnknownFunction []
[2019.11.23-19.41.35:258][849]LogWindows: Error: 
[2019.11.23-19.41.35:303][849]LogExit: Executing StaticShutdownAfterError
[2019.11.23-19.41.35:306][849]LogWindows: FPlatformMisc::RequestExit(1)
[2019.11.23-19.41.35:337][849]Log file closed, 11/23/19 14:41:35
