Log file open, 11/19/19 17:54:35
LogWindows: Failed to load 'aqProf.dll' (GetLastError=126)
LogWindows: File 'aqProf.dll' does not exist
LogWindows: Failed to load 'VtuneApi.dll' (GetLastError=126)
LogWindows: File 'VtuneApi.dll' does not exist
LogWindows: Failed to load 'VtuneApi32e.dll' (GetLastError=126)
LogWindows: File 'VtuneApi32e.dll' does not exist
LogConsoleResponse: Display: Failed to find resolution value strings in scalability ini. Falling back to default.
LogInit: Display: Running engine for game: PathFinding
LogPakFile: Registered encryption key '00000000000000000000000000000000': 0 pak files mounted, 0 remain pending
LogPlatformFile: Not using cached read wrapper
LogTaskGraph: Started task graph with 5 named threads and 23 total threads with 3 sets of task threads.
LogStats: Stats thread started at 0.338938
LogD3D11RHI: Loaded GFSDK_Aftermath_Lib.x64.dll
LogICUInternationalization: ICU TimeZone Detection - Raw Offset: -5:00, Platform Override: ''
LogPluginManager: Mounting plugin Paper2D
LogPluginManager: Mounting plugin AISupport
LogPluginManager: Mounting plugin LightPropagationVolume
LogPluginManager: Mounting plugin ActorLayerUtilities
LogPluginManager: Mounting plugin AnimationSharing
LogPluginManager: Mounting plugin CLionSourceCodeAccess
LogPluginManager: Mounting plugin CodeLiteSourceCodeAccess
LogPluginManager: Mounting plugin GitSourceControl
LogPluginManager: Mounting plugin KDevelopSourceCodeAccess
LogPluginManager: Mounting plugin NullSourceCodeAccess
LogPluginManager: Mounting plugin PerforceSourceControl
LogPluginManager: Mounting plugin SubversionSourceControl
LogPluginManager: Mounting plugin UObjectPlugin
LogPluginManager: Mounting plugin VisualStudioCodeSourceCodeAccess
LogPluginManager: Mounting plugin VisualStudioSourceCodeAccess
LogPluginManager: Mounting plugin XCodeSourceCodeAccess
LogPluginManager: Mounting plugin AssetManagerEditor
LogPluginManager: Mounting plugin CryptoKeys
LogPluginManager: Mounting plugin DataValidation
LogPluginManager: Mounting plugin FacialAnimation
LogPluginManager: Mounting plugin GameplayTagsEditor
LogPluginManager: Mounting plugin MacGraphicsSwitching
LogPluginManager: Mounting plugin MaterialAnalyzer
LogPluginManager: Mounting plugin MobileLauncherProfileWizard
LogPluginManager: Mounting plugin PluginBrowser
LogPluginManager: Mounting plugin SpeedTreeImporter
LogPluginManager: Mounting plugin DatasmithContent
LogPluginManager: Mounting plugin VariantManagerContent
LogPluginManager: Mounting plugin AlembicImporter
LogPluginManager: Mounting plugin AppleImageUtils
LogPluginManager: Mounting plugin AppleVision
LogPluginManager: Mounting plugin BackChannel
LogPluginManager: Mounting plugin CharacterAI
LogPluginManager: Mounting plugin GeometryCache
LogPluginManager: Mounting plugin HTML5Networking
LogPluginManager: Mounting plugin ProxyLODPlugin
LogPluginManager: Mounting plugin SkeletalReduction
LogPluginManager: Mounting plugin MagicLeap
LogPluginManager: Mounting plugin MagicLeapMedia
LogPluginManager: Mounting plugin AndroidMedia
LogPluginManager: Mounting plugin AvfMedia
LogPluginManager: Mounting plugin ImgMedia
LogPluginManager: Mounting plugin LinearTimecode
LogPluginManager: Mounting plugin MediaCompositing
LogPluginManager: Mounting plugin MediaPlayerEditor
LogPluginManager: Mounting plugin WebMMedia
LogPluginManager: Mounting plugin WmfMedia
LogPluginManager: Mounting plugin TcpMessaging
LogPluginManager: Mounting plugin UdpMessaging
LogPluginManager: Mounting plugin ActorSequence
LogPluginManager: Mounting plugin LevelSequenceEditor
LogPluginManager: Mounting plugin MatineeToLevelSequence
LogPluginManager: Mounting plugin NetcodeUnitTest
LogPluginManager: Mounting plugin NUTUnrealEngine4
LogPluginManager: Mounting plugin OnlineSubsystemGooglePlay
LogPluginManager: Mounting plugin OnlineSubsystemIOS
LogPluginManager: Mounting plugin OnlineSubsystem
LogPluginManager: Mounting plugin OnlineSubsystemNull
LogPluginManager: Mounting plugin OnlineSubsystemUtils
LogPluginManager: Mounting plugin LauncherChunkInstaller
LogPluginManager: Mounting plugin AndroidDeviceProfileSelector
LogPluginManager: Mounting plugin AndroidMoviePlayer
LogPluginManager: Mounting plugin AndroidPermission
LogPluginManager: Mounting plugin AppleMoviePlayer
LogPluginManager: Mounting plugin ArchVisCharacter
LogPluginManager: Mounting plugin AudioCapture
LogPluginManager: Mounting plugin CableComponent
LogPluginManager: Mounting plugin CustomMeshComponent
LogPluginManager: Mounting plugin EditableMesh
LogPluginManager: Mounting plugin ExampleDeviceProfileSelector
LogPluginManager: Mounting plugin Firebase
LogPluginManager: Mounting plugin GoogleCloudMessaging
LogPluginManager: Mounting plugin IOSDeviceProfileSelector
LogPluginManager: Mounting plugin LinuxDeviceProfileSelector
LogPluginManager: Mounting plugin LocationServicesBPLibrary
LogPluginManager: Mounting plugin MobilePatchingUtils
LogPluginManager: Mounting plugin OculusVR
LogPluginManager: Mounting plugin PhysXVehicles
LogPluginManager: Mounting plugin ProceduralMeshComponent
LogPluginManager: Mounting plugin RuntimePhysXCooking
LogPluginManager: Mounting plugin SignificanceManager
LogPluginManager: Mounting plugin SteamVR
LogPluginManager: Mounting plugin WebMMoviePlayer
LogPluginManager: Mounting plugin WindowsMoviePlayer
LogInit: Using libcurl 7.55.1-DEV
LogInit:  - built for x86_64-pc-win32
LogInit:  - supports SSL with OpenSSL/1.1.1
LogInit:  - supports HTTP deflate (compression) using libz 1.2.8
LogInit:  - other features:
LogInit:      CURL_VERSION_SSL
LogInit:      CURL_VERSION_LIBZ
LogInit:      CURL_VERSION_IPV6
LogInit:      CURL_VERSION_ASYNCHDNS
LogInit:      CURL_VERSION_LARGEFILE
LogInit:      CURL_VERSION_IDN
LogInit:  CurlRequestOptions (configurable via config and command line):
LogInit:  - bVerifyPeer = true  - Libcurl will verify peer certificate
LogInit:  - bUseHttpProxy = false  - Libcurl will NOT use HTTP proxy
LogInit:  - bDontReuseConnections = false  - Libcurl will reuse connections
LogInit:  - MaxHostConnections = 16  - Libcurl will limit the number of connections to a host
LogInit:  - LocalHostAddr = Default
LogInit:  - BufferSize = 65536
LogInit: WinSock: version 1.1 (2.2), MaxSocks=32767, MaxUdp=65467
LogInit: Build: ++UE4+Release-4.22-CL-7053642
LogInit: Engine Version: 4.22.3-7053642+++UE4+Release-4.22
LogInit: Compatible Engine Version: 4.22.0-5660361+++UE4+Release-4.22
LogInit: Net CL: 5660361
LogInit: OS: Windows 10 (Release 1903) (), CPU: Intel(R) Core(TM) i7-7700HQ CPU @ 2.80GHz, GPU: Intel(R) HD Graphics 630
LogInit: Compiled (64-bit): Jun 18 2019 03:09:11
LogInit: Compiled with Visual C++: 19.16.27025.01
LogInit: Build Configuration: Development
LogInit: Branch Name: ++UE4+Release-4.22
LogInit: Command Line: 
LogInit: Base Directory: D:/Unreal/UE_4.22/Engine/Binaries/Win64/
LogInit: Installed Engine Build: 1
LogDevObjectVersion: Number of dev versions registered: 23
LogDevObjectVersion:   Dev-Blueprints (B0D832E4-1F89-4F0D-ACCF-7EB736FD4AA2): 10
LogDevObjectVersion:   Dev-Build (E1C64328-A22C-4D53-A36C-8E866417BD8C): 0
LogDevObjectVersion:   Dev-Core (375EC13C-06E4-48FB-B500-84F0262A717E): 3
LogDevObjectVersion:   Dev-Editor (E4B068ED-F494-42E9-A231-DA0B2E46BB41): 30
LogDevObjectVersion:   Dev-Framework (CFFC743F-43B0-4480-9391-14DF171D2073): 35
LogDevObjectVersion:   Dev-Mobile (B02B49B5-BB20-44E9-A304-32B752E40360): 2
LogDevObjectVersion:   Dev-Networking (A4E4105C-59A1-49B5-A7C5-40C4547EDFEE): 0
LogDevObjectVersion:   Dev-Online (39C831C9-5AE6-47DC-9A44-9C173E1C8E7C): 0
LogDevObjectVersion:   Dev-Physics (78F01B33-EBEA-4F98-B9B4-84EACCB95AA2): 0
LogDevObjectVersion:   Dev-Platform (6631380F-2D4D-43E0-8009-CF276956A95A): 0
LogDevObjectVersion:   Dev-Rendering (12F88B9F-8875-4AFC-A67C-D90C383ABD29): 28
LogDevObjectVersion:   Dev-Sequencer (7B5AE74C-D270-4C10-A958-57980B212A5A): 11
LogDevObjectVersion:   Dev-VR (D7296918-1DD6-4BDD-9DE2-64A83CC13884): 2
LogDevObjectVersion:   Dev-LoadTimes (C2A15278-BFE7-4AFE-6C17-90FF531DF755): 1
LogDevObjectVersion:   Private-Geometry (6EACA3D4-40EC-4CC1-B786-8BED09428FC5): 3
LogDevObjectVersion:   Dev-AnimPhys (29E575DD-E0A3-4627-9D10-D276232CDCEA): 17
LogDevObjectVersion:   Dev-Anim (AF43A65D-7FD3-4947-9873-3E8ED9C1BB05): 2
LogDevObjectVersion:   Dev-ReflectionCapture (6B266CEC-1EC7-4B8F-A30B-E4D90942FC07): 1
LogDevObjectVersion:   Dev-Automation (0DF73D61-A23F-47EA-B727-89E90C41499A): 1
LogDevObjectVersion:   FortniteMain (601D1886-AC64-4F84-AA16-D3DE0DEAC7D6): 25
LogDevObjectVersion:   Dev-Enterprise (9DFFBCD6-494F-0158-E221-12823C92A888): 6
LogDevObjectVersion:   Dev-Niagara (F2AED0AC-9AFE-416F-8664-AA7FFA26D6FC): 1
LogDevObjectVersion:   Dev-Destruction (174F1F0B-B4C6-45A5-B13F-2EE8D0FB917D): 2
LogInit: Presizing for max 16777216 objects, including 0 objects not considered by GC, pre-allocating 0 bytes for permanent pool.
LogInit: Object subsystem initialized
LogConfig: Setting CVar [[con.DebugEarlyDefault:1]]
LogConfig: Setting CVar [[r.setres:1280x720]]
[2019.11.19-22.54.35:521][  0]LogConfig: Setting CVar [[r.VSync:0]]
[2019.11.19-22.54.35:521][  0]LogConfig: Setting CVar [[r.RHICmdBypass:0]]
[2019.11.19-22.54.35:521][  0]LogConfig: Applying CVar settings from Section [/Script/Engine.RendererSettings] File [D:/Repos/GameAI/PathfindingLab/Saved/Config/Windows/Engine.ini]
[2019.11.19-22.54.35:522][  0]LogConfig: Setting CVar [[r.GPUCrashDebugging:0]]
[2019.11.19-22.54.35:522][  0]LogConfig: Setting CVar [[r.DefaultFeature.AutoExposure.ExtendDefaultLuminanceRange:1]]
[2019.11.19-22.54.35:522][  0]LogConfig: Applying CVar settings from Section [/Script/Engine.RendererOverrideSettings] File [D:/Repos/GameAI/PathfindingLab/Saved/Config/Windows/Engine.ini]
[2019.11.19-22.54.35:522][  0]LogConfig: Applying CVar settings from Section [/Script/Engine.StreamingSettings] File [D:/Repos/GameAI/PathfindingLab/Saved/Config/Windows/Engine.ini]
[2019.11.19-22.54.35:522][  0]LogConfig: Setting CVar [[s.MinBulkDataSizeForAsyncLoading:131072]]
[2019.11.19-22.54.35:522][  0]LogConfig: Setting CVar [[s.AsyncLoadingThreadEnabled:0]]
[2019.11.19-22.54.35:522][  0]LogConfig: Setting CVar [[s.EventDrivenLoaderEnabled:1]]
[2019.11.19-22.54.35:522][  0]LogConfig: Setting CVar [[s.WarnIfTimeLimitExceeded:0]]
[2019.11.19-22.54.35:522][  0]LogConfig: Setting CVar [[s.TimeLimitExceededMultiplier:1.5]]
[2019.11.19-22.54.35:522][  0]LogConfig: Setting CVar [[s.TimeLimitExceededMinTime:0.005]]
[2019.11.19-22.54.35:522][  0]LogConfig: Setting CVar [[s.UseBackgroundLevelStreaming:1]]
[2019.11.19-22.54.35:522][  0]LogConfig: Setting CVar [[s.PriorityAsyncLoadingExtraTime:15.0]]
[2019.11.19-22.54.35:522][  0]LogConfig: Setting CVar [[s.LevelStreamingActorsUpdateTimeLimit:5.0]]
[2019.11.19-22.54.35:522][  0]LogConfig: Setting CVar [[s.PriorityLevelStreamingActorsUpdateExtraTime:5.0]]
[2019.11.19-22.54.35:522][  0]LogConfig: Setting CVar [[s.LevelStreamingComponentsRegistrationGranularity:10]]
[2019.11.19-22.54.35:522][  0]LogConfig: Setting CVar [[s.UnregisterComponentsTimeLimit:1.0]]
[2019.11.19-22.54.35:522][  0]LogConfig: Setting CVar [[s.LevelStreamingComponentsUnregistrationGranularity:5]]
[2019.11.19-22.54.35:522][  0]LogConfig: Applying CVar settings from Section [/Script/Engine.GarbageCollectionSettings] File [D:/Repos/GameAI/PathfindingLab/Saved/Config/Windows/Engine.ini]
[2019.11.19-22.54.35:522][  0]LogConfig: Setting CVar [[gc.MaxObjectsNotConsideredByGC:1]]
[2019.11.19-22.54.35:522][  0]LogConfig: Setting CVar [[gc.SizeOfPermanentObjectPool:0]]
[2019.11.19-22.54.35:522][  0]LogConfig: Setting CVar [[gc.FlushStreamingOnGC:0]]
[2019.11.19-22.54.35:522][  0]LogConfig: Setting CVar [[gc.NumRetriesBeforeForcingGC:10]]
[2019.11.19-22.54.35:522][  0]LogConfig: Setting CVar [[gc.AllowParallelGC:1]]
[2019.11.19-22.54.35:522][  0]LogConfig: Setting CVar [[gc.TimeBetweenPurgingPendingKillObjects:61.1]]
[2019.11.19-22.54.35:522][  0]LogConfig: Setting CVar [[gc.MaxObjectsInEditor:16777216]]
[2019.11.19-22.54.35:522][  0]LogConfig: Setting CVar [[gc.IncrementalBeginDestroyEnabled:1]]
[2019.11.19-22.54.35:522][  0]LogConfig: Setting CVar [[gc.CreateGCClusters:1]]
[2019.11.19-22.54.35:522][  0]LogConfig: Setting CVar [[gc.MinGCClusterSize:5]]
[2019.11.19-22.54.35:522][  0]LogConfig: Setting CVar [[gc.ActorClusteringEnabled:0]]
[2019.11.19-22.54.35:522][  0]LogConfig: Setting CVar [[gc.BlueprintClusteringEnabled:0]]
[2019.11.19-22.54.35:522][  0]LogConfig: Setting CVar [[gc.UseDisregardForGCOnDedicatedServers:0]]
[2019.11.19-22.54.35:522][  0]LogConfig: Applying CVar settings from Section [/Script/Engine.NetworkSettings] File [D:/Repos/GameAI/PathfindingLab/Saved/Config/Windows/Engine.ini]
[2019.11.19-22.54.35:522][  0]LogConfig: Applying CVar settings from Section [/Script/UnrealEd.CookerSettings] File [D:/Repos/GameAI/PathfindingLab/Saved/Config/Windows/Engine.ini]
[2019.11.19-22.54.35:524][  0]LogConfig: Applying CVar settings from Section [ViewDistanceQuality@3] File [D:/Repos/GameAI/PathfindingLab/Saved/Config/Windows/Scalability.ini]
[2019.11.19-22.54.35:524][  0]LogConfig: Setting CVar [[r.SkeletalMeshLODBias:0]]
[2019.11.19-22.54.35:524][  0]LogConfig: Setting CVar [[r.ViewDistanceScale:1.0]]
[2019.11.19-22.54.35:524][  0]LogConfig: Applying CVar settings from Section [AntiAliasingQuality@3] File [D:/Repos/GameAI/PathfindingLab/Saved/Config/Windows/Scalability.ini]
[2019.11.19-22.54.35:524][  0]LogConfig: Setting CVar [[r.PostProcessAAQuality:4]]
[2019.11.19-22.54.35:524][  0]LogConfig: Applying CVar settings from Section [ShadowQuality@3] File [D:/Repos/GameAI/PathfindingLab/Saved/Config/Windows/Scalability.ini]
[2019.11.19-22.54.35:524][  0]LogConfig: Setting CVar [[r.LightFunctionQuality:1]]
[2019.11.19-22.54.35:524][  0]LogConfig: Setting CVar [[r.ShadowQuality:5]]
[2019.11.19-22.54.35:524][  0]LogConfig: Setting CVar [[r.Shadow.CSM.MaxCascades:10]]
[2019.11.19-22.54.35:524][  0]LogConfig: Setting CVar [[r.Shadow.MaxResolution:2048]]
[2019.11.19-22.54.35:524][  0]LogConfig: Setting CVar [[r.Shadow.MaxCSMResolution:2048]]
[2019.11.19-22.54.35:524][  0]LogConfig: Setting CVar [[r.Shadow.RadiusThreshold:0.01]]
[2019.11.19-22.54.35:524][  0]LogConfig: Setting CVar [[r.Shadow.DistanceScale:1.0]]
[2019.11.19-22.54.35:524][  0]LogConfig: Setting CVar [[r.Shadow.CSM.TransitionScale:1.0]]
[2019.11.19-22.54.35:524][  0]LogConfig: Setting CVar [[r.Shadow.PreShadowResolutionFactor:1.0]]
[2019.11.19-22.54.35:524][  0]LogConfig: Setting CVar [[r.DistanceFieldShadowing:1]]
[2019.11.19-22.54.35:524][  0]LogConfig: Setting CVar [[r.DistanceFieldAO:1]]
[2019.11.19-22.54.35:524][  0]LogConfig: Setting CVar [[r.AOQuality:2]]
[2019.11.19-22.54.35:524][  0]LogConfig: Setting CVar [[r.VolumetricFog:1]]
[2019.11.19-22.54.35:524][  0]LogConfig: Setting CVar [[r.VolumetricFog.GridPixelSize:8]]
[2019.11.19-22.54.35:524][  0]LogConfig: Setting CVar [[r.VolumetricFog.GridSizeZ:128]]
[2019.11.19-22.54.35:524][  0]LogConfig: Setting CVar [[r.VolumetricFog.HistoryMissSupersampleCount:4]]
[2019.11.19-22.54.35:524][  0]LogConfig: Setting CVar [[r.LightMaxDrawDistanceScale:1]]
[2019.11.19-22.54.35:524][  0]LogConfig: Setting CVar [[r.CapsuleShadows:1]]
[2019.11.19-22.54.35:524][  0]LogConfig: Applying CVar settings from Section [PostProcessQuality@3] File [D:/Repos/GameAI/PathfindingLab/Saved/Config/Windows/Scalability.ini]
[2019.11.19-22.54.35:524][  0]LogConfig: Setting CVar [[r.MotionBlurQuality:4]]
[2019.11.19-22.54.35:524][  0]LogConfig: Setting CVar [[r.AmbientOcclusionMipLevelFactor:0.4]]
[2019.11.19-22.54.35:524][  0]LogConfig: Setting CVar [[r.AmbientOcclusionMaxQuality:100]]
[2019.11.19-22.54.35:524][  0]LogConfig: Setting CVar [[r.AmbientOcclusionLevels:-1]]
[2019.11.19-22.54.35:524][  0]LogConfig: Setting CVar [[r.AmbientOcclusionRadiusScale:1.0]]
[2019.11.19-22.54.35:524][  0]LogConfig: Setting CVar [[r.DepthOfFieldQuality:2]]
[2019.11.19-22.54.35:524][  0]LogConfig: Setting CVar [[r.RenderTargetPoolMin:400]]
[2019.11.19-22.54.35:524][  0]LogConfig: Setting CVar [[r.LensFlareQuality:2]]
[2019.11.19-22.54.35:525][  0]LogConfig: Setting CVar [[r.SceneColorFringeQuality:1]]
[2019.11.19-22.54.35:525][  0]LogConfig: Setting CVar [[r.EyeAdaptationQuality:2]]
[2019.11.19-22.54.35:525][  0]LogConfig: Setting CVar [[r.BloomQuality:5]]
[2019.11.19-22.54.35:525][  0]LogConfig: Setting CVar [[r.FastBlurThreshold:100]]
[2019.11.19-22.54.35:525][  0]LogConfig: Setting CVar [[r.Upscale.Quality:3]]
[2019.11.19-22.54.35:525][  0]LogConfig: Setting CVar [[r.Tonemapper.GrainQuantization:1]]
[2019.11.19-22.54.35:525][  0]LogConfig: Setting CVar [[r.LightShaftQuality:1]]
[2019.11.19-22.54.35:525][  0]LogConfig: Setting CVar [[r.Filter.SizeScale:1]]
[2019.11.19-22.54.35:525][  0]LogConfig: Setting CVar [[r.Tonemapper.Quality:5]]
[2019.11.19-22.54.35:525][  0]LogConfig: Setting CVar [[r.DOF.Gather.AccumulatorQuality:1        ; higher gathering accumulator quality]]
[2019.11.19-22.54.35:525][  0]LogConfig: Setting CVar [[r.DOF.Gather.PostfilterMethod:1          ; Median3x3 postfilering method]]
[2019.11.19-22.54.35:525][  0]LogConfig: Setting CVar [[r.DOF.Gather.EnableBokehSettings:0       ; no bokeh simulation when gathering]]
[2019.11.19-22.54.35:525][  0]LogConfig: Setting CVar [[r.DOF.Gather.RingCount:4                 ; medium number of samples when gathering]]
[2019.11.19-22.54.35:525][  0]LogConfig: Setting CVar [[r.DOF.Scatter.ForegroundCompositing:1    ; additive foreground scattering]]
[2019.11.19-22.54.35:525][  0]LogConfig: Setting CVar [[r.DOF.Scatter.BackgroundCompositing:2    ; additive background scattering]]
[2019.11.19-22.54.35:525][  0]LogConfig: Setting CVar [[r.DOF.Scatter.EnableBokehSettings:1      ; bokeh simulation when scattering]]
[2019.11.19-22.54.35:525][  0]LogConfig: Setting CVar [[r.DOF.Scatter.MaxSpriteRatio:0.1         ; only a maximum of 10% of scattered bokeh]]
[2019.11.19-22.54.35:525][  0]LogConfig: Setting CVar [[r.DOF.Recombine.Quality:1                ; cheap slight out of focus]]
[2019.11.19-22.54.35:525][  0]LogConfig: Setting CVar [[r.DOF.Recombine.EnableBokehSettings:0    ; no bokeh simulation on slight out of focus]]
[2019.11.19-22.54.35:525][  0]LogConfig: Setting CVar [[r.DOF.TemporalAAQuality:1                ; more stable temporal accumulation]]
[2019.11.19-22.54.35:525][  0]LogConfig: Setting CVar [[r.DOF.Kernel.MaxForegroundRadius:0.025]]
[2019.11.19-22.54.35:525][  0]LogConfig: Setting CVar [[r.DOF.Kernel.MaxBackgroundRadius:0.025]]
[2019.11.19-22.54.35:525][  0]LogConfig: Applying CVar settings from Section [TextureQuality@3] File [D:/Repos/GameAI/PathfindingLab/Saved/Config/Windows/Scalability.ini]
[2019.11.19-22.54.35:525][  0]LogConfig: Setting CVar [[r.Streaming.MipBias:0]]
[2019.11.19-22.54.35:525][  0]LogConfig: Setting CVar [[r.Streaming.AmortizeCPUToGPUCopy:0]]
[2019.11.19-22.54.35:525][  0]LogConfig: Setting CVar [[r.Streaming.MaxNumTexturesToStreamPerFrame:0]]
[2019.11.19-22.54.35:525][  0]LogConfig: Setting CVar [[r.Streaming.Boost:1]]
[2019.11.19-22.54.35:525][  0]LogConfig: Setting CVar [[r.MaxAnisotropy:8]]
[2019.11.19-22.54.35:525][  0]LogConfig: Setting CVar [[r.Streaming.LimitPoolSizeToVRAM:0]]
[2019.11.19-22.54.35:525][  0]LogConfig: Setting CVar [[r.Streaming.PoolSize:1000]]
[2019.11.19-22.54.35:525][  0]LogConfig: Setting CVar [[r.Streaming.MaxEffectiveScreenSize:0]]
[2019.11.19-22.54.35:525][  0]LogConfig: Applying CVar settings from Section [EffectsQuality@3] File [D:/Repos/GameAI/PathfindingLab/Saved/Config/Windows/Scalability.ini]
[2019.11.19-22.54.35:525][  0]LogConfig: Setting CVar [[r.TranslucencyLightingVolumeDim:64]]
[2019.11.19-22.54.35:525][  0]LogConfig: Setting CVar [[r.RefractionQuality:2]]
[2019.11.19-22.54.35:525][  0]LogConfig: Setting CVar [[r.SSR.Quality:3]]
[2019.11.19-22.54.35:525][  0]LogConfig: Setting CVar [[r.SceneColorFormat:4]]
[2019.11.19-22.54.35:525][  0]LogConfig: Setting CVar [[r.DetailMode:2]]
[2019.11.19-22.54.35:525][  0]LogConfig: Setting CVar [[r.TranslucencyVolumeBlur:1]]
[2019.11.19-22.54.35:525][  0]LogConfig: Setting CVar [[r.MaterialQualityLevel:1 ; High quality]]
[2019.11.19-22.54.35:525][  0]LogConfig: Setting CVar [[r.SSS.Scale:1]]
[2019.11.19-22.54.35:525][  0]LogConfig: Setting CVar [[r.SSS.SampleSet:2]]
[2019.11.19-22.54.35:525][  0]LogConfig: Setting CVar [[r.SSS.Quality:1]]
[2019.11.19-22.54.35:525][  0]LogConfig: Setting CVar [[r.SSS.HalfRes:1]]
[2019.11.19-22.54.35:525][  0]LogConfig: Setting CVar [[r.EmitterSpawnRateScale:1.0]]
[2019.11.19-22.54.35:525][  0]LogConfig: Setting CVar [[r.ParticleLightQuality:2]]
[2019.11.19-22.54.35:525][  0]LogConfig: Applying CVar settings from Section [FoliageQuality@3] File [D:/Repos/GameAI/PathfindingLab/Saved/Config/Windows/Scalability.ini]
[2019.11.19-22.54.35:525][  0]LogConfig: Setting CVar [[foliage.DensityScale:1.0]]
[2019.11.19-22.54.35:525][  0]LogConfig: Setting CVar [[grass.DensityScale:1.0]]
[2019.11.19-22.54.35:525][  0]LogInit: Selected Device Profile: [Windows]
[2019.11.19-22.54.35:525][  0]LogInit: Applying CVar settings loaded from the selected device profile: [Windows]
[2019.11.19-22.54.35:532][  0]LogHAL: Display: Platform has ~ 12 GB [12740149248 / 17179869184 / 12], which maps to Larger [LargestMinGB=32, LargerMinGB=12, DefaultMinGB=8, SmallerMinGB=6, SmallestMinGB=0)
[2019.11.19-22.54.35:532][  0]LogConfig: Setting CVar [[r.Vulkan.UseRealUBs:0		; Required until we fix HLR fall-out]]
[2019.11.19-22.54.35:532][  0]LogInit: Going up to parent DeviceProfile []
[2019.11.19-22.54.35:532][  0]LogConfig: Applying CVar settings from Section [ViewDistanceQuality@3] File [D:/Repos/GameAI/PathfindingLab/Saved/Config/Windows/Scalability.ini]
[2019.11.19-22.54.35:533][  0]LogConfig: Setting CVar [[r.SkeletalMeshLODBias:0]]
[2019.11.19-22.54.35:533][  0]LogConfig: Setting CVar [[r.ViewDistanceScale:1.0]]
[2019.11.19-22.54.35:533][  0]LogConfig: Applying CVar settings from Section [AntiAliasingQuality@3] File [D:/Repos/GameAI/PathfindingLab/Saved/Config/Windows/Scalability.ini]
[2019.11.19-22.54.35:533][  0]LogConfig: Setting CVar [[r.PostProcessAAQuality:4]]
[2019.11.19-22.54.35:533][  0]LogConfig: Applying CVar settings from Section [ShadowQuality@3] File [D:/Repos/GameAI/PathfindingLab/Saved/Config/Windows/Scalability.ini]
[2019.11.19-22.54.35:533][  0]LogConfig: Setting CVar [[r.LightFunctionQuality:1]]
[2019.11.19-22.54.35:533][  0]LogConfig: Setting CVar [[r.ShadowQuality:5]]
[2019.11.19-22.54.35:533][  0]LogConfig: Setting CVar [[r.Shadow.CSM.MaxCascades:10]]
[2019.11.19-22.54.35:533][  0]LogConfig: Setting CVar [[r.Shadow.MaxResolution:2048]]
[2019.11.19-22.54.35:533][  0]LogConfig: Setting CVar [[r.Shadow.MaxCSMResolution:2048]]
[2019.11.19-22.54.35:533][  0]LogConfig: Setting CVar [[r.Shadow.RadiusThreshold:0.01]]
[2019.11.19-22.54.35:533][  0]LogConfig: Setting CVar [[r.Shadow.DistanceScale:1.0]]
[2019.11.19-22.54.35:533][  0]LogConfig: Setting CVar [[r.Shadow.CSM.TransitionScale:1.0]]
[2019.11.19-22.54.35:533][  0]LogConfig: Setting CVar [[r.Shadow.PreShadowResolutionFactor:1.0]]
[2019.11.19-22.54.35:533][  0]LogConfig: Setting CVar [[r.DistanceFieldShadowing:1]]
[2019.11.19-22.54.35:533][  0]LogConfig: Setting CVar [[r.DistanceFieldAO:1]]
[2019.11.19-22.54.35:533][  0]LogConfig: Setting CVar [[r.AOQuality:2]]
[2019.11.19-22.54.35:533][  0]LogConfig: Setting CVar [[r.VolumetricFog:1]]
[2019.11.19-22.54.35:533][  0]LogConfig: Setting CVar [[r.VolumetricFog.GridPixelSize:8]]
[2019.11.19-22.54.35:533][  0]LogConfig: Setting CVar [[r.VolumetricFog.GridSizeZ:128]]
[2019.11.19-22.54.35:533][  0]LogConfig: Setting CVar [[r.VolumetricFog.HistoryMissSupersampleCount:4]]
[2019.11.19-22.54.35:533][  0]LogConfig: Setting CVar [[r.LightMaxDrawDistanceScale:1]]
[2019.11.19-22.54.35:533][  0]LogConfig: Setting CVar [[r.CapsuleShadows:1]]
[2019.11.19-22.54.35:533][  0]LogConfig: Applying CVar settings from Section [PostProcessQuality@3] File [D:/Repos/GameAI/PathfindingLab/Saved/Config/Windows/Scalability.ini]
[2019.11.19-22.54.35:533][  0]LogConfig: Setting CVar [[r.MotionBlurQuality:4]]
[2019.11.19-22.54.35:533][  0]LogConfig: Setting CVar [[r.AmbientOcclusionMipLevelFactor:0.4]]
[2019.11.19-22.54.35:533][  0]LogConfig: Setting CVar [[r.AmbientOcclusionMaxQuality:100]]
[2019.11.19-22.54.35:533][  0]LogConfig: Setting CVar [[r.AmbientOcclusionLevels:-1]]
[2019.11.19-22.54.35:533][  0]LogConfig: Setting CVar [[r.AmbientOcclusionRadiusScale:1.0]]
[2019.11.19-22.54.35:533][  0]LogConfig: Setting CVar [[r.DepthOfFieldQuality:2]]
[2019.11.19-22.54.35:533][  0]LogConfig: Setting CVar [[r.RenderTargetPoolMin:400]]
[2019.11.19-22.54.35:533][  0]LogConfig: Setting CVar [[r.LensFlareQuality:2]]
[2019.11.19-22.54.35:533][  0]LogConfig: Setting CVar [[r.SceneColorFringeQuality:1]]
[2019.11.19-22.54.35:533][  0]LogConfig: Setting CVar [[r.EyeAdaptationQuality:2]]
[2019.11.19-22.54.35:533][  0]LogConfig: Setting CVar [[r.BloomQuality:5]]
[2019.11.19-22.54.35:533][  0]LogConfig: Setting CVar [[r.FastBlurThreshold:100]]
[2019.11.19-22.54.35:533][  0]LogConfig: Setting CVar [[r.Upscale.Quality:3]]
[2019.11.19-22.54.35:533][  0]LogConfig: Setting CVar [[r.Tonemapper.GrainQuantization:1]]
[2019.11.19-22.54.35:533][  0]LogConfig: Setting CVar [[r.LightShaftQuality:1]]
[2019.11.19-22.54.35:533][  0]LogConfig: Setting CVar [[r.Filter.SizeScale:1]]
[2019.11.19-22.54.35:533][  0]LogConfig: Setting CVar [[r.Tonemapper.Quality:5]]
[2019.11.19-22.54.35:533][  0]LogConfig: Setting CVar [[r.DOF.Gather.AccumulatorQuality:1        ; higher gathering accumulator quality]]
[2019.11.19-22.54.35:533][  0]LogConfig: Setting CVar [[r.DOF.Gather.PostfilterMethod:1          ; Median3x3 postfilering method]]
[2019.11.19-22.54.35:533][  0]LogConfig: Setting CVar [[r.DOF.Gather.EnableBokehSettings:0       ; no bokeh simulation when gathering]]
[2019.11.19-22.54.35:533][  0]LogConfig: Setting CVar [[r.DOF.Gather.RingCount:4                 ; medium number of samples when gathering]]
[2019.11.19-22.54.35:533][  0]LogConfig: Setting CVar [[r.DOF.Scatter.ForegroundCompositing:1    ; additive foreground scattering]]
[2019.11.19-22.54.35:533][  0]LogConfig: Setting CVar [[r.DOF.Scatter.BackgroundCompositing:2    ; additive background scattering]]
[2019.11.19-22.54.35:533][  0]LogConfig: Setting CVar [[r.DOF.Scatter.EnableBokehSettings:1      ; bokeh simulation when scattering]]
[2019.11.19-22.54.35:533][  0]LogConfig: Setting CVar [[r.DOF.Scatter.MaxSpriteRatio:0.1         ; only a maximum of 10% of scattered bokeh]]
[2019.11.19-22.54.35:533][  0]LogConfig: Setting CVar [[r.DOF.Recombine.Quality:1                ; cheap slight out of focus]]
[2019.11.19-22.54.35:533][  0]LogConfig: Setting CVar [[r.DOF.Recombine.EnableBokehSettings:0    ; no bokeh simulation on slight out of focus]]
[2019.11.19-22.54.35:533][  0]LogConfig: Setting CVar [[r.DOF.TemporalAAQuality:1                ; more stable temporal accumulation]]
[2019.11.19-22.54.35:533][  0]LogConfig: Setting CVar [[r.DOF.Kernel.MaxForegroundRadius:0.025]]
[2019.11.19-22.54.35:533][  0]LogConfig: Setting CVar [[r.DOF.Kernel.MaxBackgroundRadius:0.025]]
[2019.11.19-22.54.35:533][  0]LogConfig: Applying CVar settings from Section [TextureQuality@3] File [D:/Repos/GameAI/PathfindingLab/Saved/Config/Windows/Scalability.ini]
[2019.11.19-22.54.35:533][  0]LogConfig: Setting CVar [[r.Streaming.MipBias:0]]
[2019.11.19-22.54.35:533][  0]LogConfig: Setting CVar [[r.Streaming.AmortizeCPUToGPUCopy:0]]
[2019.11.19-22.54.35:533][  0]LogConfig: Setting CVar [[r.Streaming.MaxNumTexturesToStreamPerFrame:0]]
[2019.11.19-22.54.35:533][  0]LogConfig: Setting CVar [[r.Streaming.Boost:1]]
[2019.11.19-22.54.35:533][  0]LogConfig: Setting CVar [[r.MaxAnisotropy:8]]
[2019.11.19-22.54.35:533][  0]LogConfig: Setting CVar [[r.Streaming.LimitPoolSizeToVRAM:0]]
[2019.11.19-22.54.35:533][  0]LogConfig: Setting CVar [[r.Streaming.PoolSize:1000]]
[2019.11.19-22.54.35:533][  0]LogConfig: Setting CVar [[r.Streaming.MaxEffectiveScreenSize:0]]
[2019.11.19-22.54.35:533][  0]LogConfig: Applying CVar settings from Section [EffectsQuality@3] File [D:/Repos/GameAI/PathfindingLab/Saved/Config/Windows/Scalability.ini]
[2019.11.19-22.54.35:533][  0]LogConfig: Setting CVar [[r.TranslucencyLightingVolumeDim:64]]
[2019.11.19-22.54.35:533][  0]LogConfig: Setting CVar [[r.RefractionQuality:2]]
[2019.11.19-22.54.35:533][  0]LogConfig: Setting CVar [[r.SSR.Quality:3]]
[2019.11.19-22.54.35:533][  0]LogConfig: Setting CVar [[r.SceneColorFormat:4]]
[2019.11.19-22.54.35:533][  0]LogConfig: Setting CVar [[r.DetailMode:2]]
[2019.11.19-22.54.35:533][  0]LogConfig: Setting CVar [[r.TranslucencyVolumeBlur:1]]
[2019.11.19-22.54.35:533][  0]LogConfig: Setting CVar [[r.MaterialQualityLevel:1 ; High quality]]
[2019.11.19-22.54.35:533][  0]LogConfig: Setting CVar [[r.SSS.Scale:1]]
[2019.11.19-22.54.35:534][  0]LogConfig: Setting CVar [[r.SSS.SampleSet:2]]
[2019.11.19-22.54.35:534][  0]LogConfig: Setting CVar [[r.SSS.Quality:1]]
[2019.11.19-22.54.35:534][  0]LogConfig: Setting CVar [[r.SSS.HalfRes:1]]
[2019.11.19-22.54.35:534][  0]LogConfig: Setting CVar [[r.EmitterSpawnRateScale:1.0]]
[2019.11.19-22.54.35:534][  0]LogConfig: Setting CVar [[r.ParticleLightQuality:2]]
[2019.11.19-22.54.35:534][  0]LogConfig: Applying CVar settings from Section [FoliageQuality@3] File [D:/Repos/GameAI/PathfindingLab/Saved/Config/Windows/Scalability.ini]
[2019.11.19-22.54.35:534][  0]LogConfig: Setting CVar [[foliage.DensityScale:1.0]]
[2019.11.19-22.54.35:534][  0]LogConfig: Setting CVar [[grass.DensityScale:1.0]]
[2019.11.19-22.54.35:534][  0]LogConfig: Applying CVar settings from Section [Startup] File [../../../Engine/Config/ConsoleVariables.ini]
[2019.11.19-22.54.35:534][  0]LogConfig: Setting CVar [[net.UseAdaptiveNetUpdateFrequency:0]]
[2019.11.19-22.54.35:534][  0]LogConfig: Setting CVar [[p.chaos.AllowCreatePhysxBodies:1]]
[2019.11.19-22.54.35:534][  0]LogConfig: Applying CVar settings from Section [ConsoleVariables] File [D:/Repos/GameAI/PathfindingLab/Saved/Config/Windows/Engine.ini]
[2019.11.19-22.54.35:534][  0]LogInit: Computer: DESKTOP-TJ4L05U
[2019.11.19-22.54.35:534][  0]LogInit: User: Lance
[2019.11.19-22.54.35:534][  0]LogInit: CPU Page size=4096, Cores=4
[2019.11.19-22.54.35:534][  0]LogInit: High frequency timer resolution =10.000000 MHz
[2019.11.19-22.54.35:534][  0]LogMemory: Memory total: Physical=11.9GB (12GB approx)
[2019.11.19-22.54.35:534][  0]LogMemory: Platform Memory Stats for Windows
[2019.11.19-22.54.35:534][  0]LogMemory: Process Physical Memory: 96.18 MB used, 96.18 MB peak
[2019.11.19-22.54.35:534][  0]LogMemory: Process Virtual Memory: 90.52 MB used, 90.52 MB peak
[2019.11.19-22.54.35:534][  0]LogMemory: Physical Memory: 7639.26 MB used,  4510.70 MB free, 12149.95 MB total
[2019.11.19-22.54.35:534][  0]LogMemory: Virtual Memory: 4643.77 MB used,  134213088.00 MB free, 134217728.00 MB total
[2019.11.19-22.54.35:563][  0]LogInit: Using OS detected language (en-US).
[2019.11.19-22.54.35:563][  0]LogInit: Using OS detected locale (en-US).
[2019.11.19-22.54.35:564][  0]LogTextLocalizationManager: No specific localization for 'en-US' exists, so the 'en' localization will be used.
[2019.11.19-22.54.35:734][  0]LogInit: Setting process to per monitor DPI aware
[2019.11.19-22.54.35:779][  0]LogSlate: New Slate User Created.  User Index 0, Is Virtual User: 0
[2019.11.19-22.54.35:779][  0]LogSlate: Slate User Registered.  User Index 0, Is Virtual User: 0
[2019.11.19-22.54.35:985][  0]LogHMD: Failed to initialize OpenVR with code 110
[2019.11.19-22.54.35:985][  0]LogD3D11RHI: D3D11 adapters:
[2019.11.19-22.54.36:068][  0]LogD3D11RHI:    0. 'NVIDIA GeForce GTX 1050' (Feature Level 11_0)
[2019.11.19-22.54.36:068][  0]LogD3D11RHI:       4021/0/6074 MB DedicatedVideo/DedicatedSystem/SharedSystem, Outputs:1, VendorId:0x10de
[2019.11.19-22.54.36:084][  0]LogD3D11RHI:    1. 'Intel(R) HD Graphics 630' (Feature Level 11_0)
[2019.11.19-22.54.36:084][  0]LogD3D11RHI:       128/0/6074 MB DedicatedVideo/DedicatedSystem/SharedSystem, Outputs:0, VendorId:0x8086
[2019.11.19-22.54.36:086][  0]LogD3D11RHI:    2. 'Microsoft Basic Render Driver' (Feature Level 11_0)
[2019.11.19-22.54.36:086][  0]LogD3D11RHI:       0/0/6074 MB DedicatedVideo/DedicatedSystem/SharedSystem, Outputs:0, VendorId:0x1414
[2019.11.19-22.54.36:086][  0]LogD3D11RHI: Chosen D3D11 Adapter: 0
[2019.11.19-22.54.36:122][  0]LogD3D11RHI: Creating new Direct3DDevice
[2019.11.19-22.54.36:122][  0]LogD3D11RHI:     GPU DeviceId: 0x1c8d (for the marketing name, search the web for "GPU Device Id")
[2019.11.19-22.54.36:122][  0]LogWindows: EnumDisplayDevices:
[2019.11.19-22.54.36:122][  0]LogWindows:    0. 'Intel(R) HD Graphics 630' (P:1 D:1)
[2019.11.19-22.54.36:122][  0]LogWindows:    1. 'Intel(R) HD Graphics 630' (P:0 D:0)
[2019.11.19-22.54.36:123][  0]LogWindows:    2. 'Intel(R) HD Graphics 630' (P:0 D:0)
[2019.11.19-22.54.36:123][  0]LogWindows: DebugString: PrimaryIsNotTheChoosenAdapter PrimaryIsNotTheChoosenAdapter PrimaryIsNotTheChoosenAdapter FoundDriverCount:0 
[2019.11.19-22.54.36:123][  0]LogD3D11RHI:     Adapter Name: NVIDIA GeForce GTX 1050
[2019.11.19-22.54.36:123][  0]LogD3D11RHI:   Driver Version: Unknown (internal:Unknown, unified:Unknown)
[2019.11.19-22.54.36:123][  0]LogD3D11RHI:      Driver Date: Unknown
[2019.11.19-22.54.36:123][  0]LogRHI: Texture pool is 2814 MB (70% of 4021 MB)
[2019.11.19-22.54.36:173][  0]LogD3D11RHI: Async texture creation enabled
[2019.11.19-22.54.36:177][  0]LogRendererCore: FGlobalReadBuffer::InitRHI
[2019.11.19-22.54.36:177][  0]LogRendererCore: FGlobalReadBuffer::InitRHI
[2019.11.19-22.54.36:177][  0]LogRendererCore: FGlobalReadBuffer::InitRHI
[2019.11.19-22.54.36:192][  0]LogD3D11RHI: GPU Timing Frequency: 1000.000000 (Debug: 2 2)
[2019.11.19-22.54.36:675][  0]LogTemp: Display: Module 'AllDesktopTargetPlatform' loaded TargetPlatform 'AllDesktop'
[2019.11.19-22.54.36:688][  0]LogTemp: Display: Module 'MacClientTargetPlatform' loaded TargetPlatform 'MacClient'
[2019.11.19-22.54.36:701][  0]LogTemp: Display: Module 'MacNoEditorTargetPlatform' loaded TargetPlatform 'MacNoEditor'
[2019.11.19-22.54.36:714][  0]LogTemp: Display: Module 'MacServerTargetPlatform' loaded TargetPlatform 'MacServer'
[2019.11.19-22.54.36:728][  0]LogTemp: Display: Module 'MacTargetPlatform' loaded TargetPlatform 'Mac'
[2019.11.19-22.54.36:741][  0]LogTemp: Display: Module 'WindowsClientTargetPlatform' loaded TargetPlatform 'WindowsClient'
[2019.11.19-22.54.36:754][  0]LogTemp: Display: Module 'WindowsNoEditorTargetPlatform' loaded TargetPlatform 'WindowsNoEditor'
[2019.11.19-22.54.36:767][  0]LogTemp: Display: Module 'WindowsServerTargetPlatform' loaded TargetPlatform 'WindowsServer'
[2019.11.19-22.54.36:775][  0]LogTemp: Display: Module 'WindowsTargetPlatform' loaded TargetPlatform 'Windows'
[2019.11.19-22.54.36:859][  0]LogTemp: Display: Module 'AndroidTargetPlatform' loaded TargetPlatform 'Android'
[2019.11.19-22.54.36:859][  0]LogTemp: Display: Module 'AndroidTargetPlatform' loaded TargetPlatform 'Android_ASTC'
[2019.11.19-22.54.36:859][  0]LogTemp: Display: Module 'AndroidTargetPlatform' loaded TargetPlatform 'Android_ATC'
[2019.11.19-22.54.36:859][  0]LogTemp: Display: Module 'AndroidTargetPlatform' loaded TargetPlatform 'Android_DXT'
[2019.11.19-22.54.36:859][  0]LogTemp: Display: Module 'AndroidTargetPlatform' loaded TargetPlatform 'Android_ETC1'
[2019.11.19-22.54.36:859][  0]LogTemp: Display: Module 'AndroidTargetPlatform' loaded TargetPlatform 'Android_ETC1a'
[2019.11.19-22.54.36:859][  0]LogTemp: Display: Module 'AndroidTargetPlatform' loaded TargetPlatform 'Android_ETC2'
[2019.11.19-22.54.36:859][  0]LogTemp: Display: Module 'AndroidTargetPlatform' loaded TargetPlatform 'Android_PVRTC'
[2019.11.19-22.54.36:859][  0]LogTemp: Display: Module 'AndroidTargetPlatform' loaded TargetPlatform 'AndroidClient'
[2019.11.19-22.54.36:859][  0]LogTemp: Display: Module 'AndroidTargetPlatform' loaded TargetPlatform 'Android_ASTCClient'
[2019.11.19-22.54.36:859][  0]LogTemp: Display: Module 'AndroidTargetPlatform' loaded TargetPlatform 'Android_ATCClient'
[2019.11.19-22.54.36:859][  0]LogTemp: Display: Module 'AndroidTargetPlatform' loaded TargetPlatform 'Android_DXTClient'
[2019.11.19-22.54.36:859][  0]LogTemp: Display: Module 'AndroidTargetPlatform' loaded TargetPlatform 'Android_ETC1Client'
[2019.11.19-22.54.36:859][  0]LogTemp: Display: Module 'AndroidTargetPlatform' loaded TargetPlatform 'Android_ETC1aClient'
[2019.11.19-22.54.36:859][  0]LogTemp: Display: Module 'AndroidTargetPlatform' loaded TargetPlatform 'Android_ETC2Client'
[2019.11.19-22.54.36:859][  0]LogTemp: Display: Module 'AndroidTargetPlatform' loaded TargetPlatform 'Android_PVRTCClient'
[2019.11.19-22.54.36:859][  0]LogTemp: Display: Module 'AndroidTargetPlatform' loaded TargetPlatform 'Android_Multi'
[2019.11.19-22.54.36:859][  0]LogTemp: Display: Module 'AndroidTargetPlatform' loaded TargetPlatform 'Android_MultiClient'
[2019.11.19-22.54.36:861][  0]LogTemp: Display: Module 'HTML5TargetPlatform' loaded TargetPlatform 'HTML5'
[2019.11.19-22.54.36:910][  0]LogTemp: Display: Module 'IOSTargetPlatform' loaded TargetPlatform 'IOSClient'
[2019.11.19-22.54.36:910][  0]LogTemp: Display: Module 'IOSTargetPlatform' loaded TargetPlatform 'IOS'
[2019.11.19-22.54.36:934][  0]LogTemp: Display: Module 'TVOSTargetPlatform' loaded TargetPlatform 'TVOSClient'
[2019.11.19-22.54.36:934][  0]LogTemp: Display: Module 'TVOSTargetPlatform' loaded TargetPlatform 'TVOS'
[2019.11.19-22.54.36:948][  0]LogTemp: Display: Module 'LinuxClientTargetPlatform' loaded TargetPlatform 'LinuxClient'
[2019.11.19-22.54.36:961][  0]LogTemp: Display: Module 'LinuxNoEditorTargetPlatform' loaded TargetPlatform 'LinuxNoEditor'
[2019.11.19-22.54.36:974][  0]LogTemp: Display: Module 'LinuxServerTargetPlatform' loaded TargetPlatform 'LinuxServer'
[2019.11.19-22.54.36:988][  0]LogTemp: Display: Module 'LinuxTargetPlatform' loaded TargetPlatform 'Linux'
[2019.11.19-22.54.37:033][  0]LogTemp: Display: Module 'LuminTargetPlatform' loaded TargetPlatform 'Lumin'
[2019.11.19-22.54.37:033][  0]LogTemp: Display: Module 'LuminTargetPlatform' loaded TargetPlatform 'LuminClient'
[2019.11.19-22.54.37:033][  0]LogTargetPlatformManager: Display: Building Assets For Windows
[2019.11.19-22.54.37:043][  0]LogAudioDebug: Display: Lib vorbis DLL was dynamically loaded.
[2019.11.19-22.54.37:093][  0]LogShaderCompilers: Guid format shader working directory is 4 characters bigger than the processId version (../../../../../Repos/GameAI/PathfindingLab/Intermediate/Shaders/WorkingDirectory/9188/).
[2019.11.19-22.54.37:093][  0]LogShaderCompilers: Cleaned the shader compiler working directory 'C:/Users/Lance/AppData/Local/Temp/UnrealShaderWorkingDir/D6F8811E40843D8DDCB197B29B8E52F8/'.
[2019.11.19-22.54.37:094][  0]LogXGEController: Cannot use XGE Controller as Incredibuild is not installed on this machine.
[2019.11.19-22.54.37:094][  0]LogShaderCompilers: Cannot use XGE Shader Compiler as Incredibuild is not installed on this machine.
[2019.11.19-22.54.37:094][  0]LogShaderCompilers: Display: Using Local Shader Compiler.
[2019.11.19-22.54.37:883][  0]LogDerivedDataCache: Display: Max Cache Size: 512 MB
[2019.11.19-22.54.37:976][  0]LogDerivedDataCache: Loaded boot cache 0.09s 71MB C:/Users/Lance/AppData/Local/UnrealEngine/4.22/DerivedDataCache/Boot.ddc.
[2019.11.19-22.54.37:976][  0]LogDerivedDataCache: Display: Loaded Boot cache: C:/Users/Lance/AppData/Local/UnrealEngine/4.22/DerivedDataCache/Boot.ddc
[2019.11.19-22.54.37:976][  0]LogDerivedDataCache: FDerivedDataBackendGraph:  Pak pak cache file ../../../../../Repos/GameAI/PathfindingLab/DerivedDataCache/DDC.ddp not found, will not use a pak cache.
[2019.11.19-22.54.37:976][  0]LogDerivedDataCache: Unable to find inner node Pak for hierarchical cache Hierarchy.
[2019.11.19-22.54.37:976][  0]LogDerivedDataCache: FDerivedDataBackendGraph:  CompressedPak pak cache file ../../../../../Repos/GameAI/PathfindingLab/DerivedDataCache/Compressed.ddp not found, will not use a pak cache.
[2019.11.19-22.54.37:976][  0]LogDerivedDataCache: Unable to find inner node CompressedPak for hierarchical cache Hierarchy.
[2019.11.19-22.54.37:990][  0]LogDerivedDataCache: Display: Pak cache opened for reading ../../../Engine/DerivedDataCache/Compressed.ddp.
[2019.11.19-22.54.37:990][  0]LogDerivedDataCache: FDerivedDataBackendGraph:  EnterprisePak pak cache file ../../../Enterprise/DerivedDataCache/Compressed.ddp not found, will not use a pak cache.
[2019.11.19-22.54.37:990][  0]LogDerivedDataCache: Unable to find inner node EnterprisePak for hierarchical cache Hierarchy.
[2019.11.19-22.54.38:003][  0]LogDerivedDataCache: Using Local data cache path C:/Users/Lance/AppData/Local/UnrealEngine/Common/DerivedDataCache: Writable
[2019.11.19-22.54.38:003][  0]LogDerivedDataCache: Shared data cache path not found in *engine.ini, will not use an Shared cache.
[2019.11.19-22.54.38:003][  0]LogDerivedDataCache: Unable to find inner node Shared for hierarchical cache Hierarchy.
[2019.11.19-22.54.38:028][  0]LogMaterial: Verifying Global Shaders for PCD3D_SM5
[2019.11.19-22.54.38:029][  0]LogSlate: Using FreeType 2.6.0
[2019.11.19-22.54.38:029][  0]LogSlate: SlateFontServices - WITH_FREETYPE: 1, WITH_HARFBUZZ: 1
[2019.11.19-22.54.38:115][  0]LogAssetRegistry: FAssetRegistry took 0.0357 seconds to start up
[2019.11.19-22.54.38:457][  0]LogInit: Selected Device Profile: [Windows]
[2019.11.19-22.54.38:512][  0]LogMeshReduction: Using QuadricMeshReduction for automatic static mesh reduction
[2019.11.19-22.54.38:512][  0]LogMeshReduction: Using SimplygonMeshReduction for automatic skeletal mesh reduction
[2019.11.19-22.54.38:512][  0]LogMeshReduction: Using ProxyLODMeshReduction for automatic mesh merging
[2019.11.19-22.54.38:512][  0]LogMeshReduction: No distributed automatic mesh merging module available
[2019.11.19-22.54.38:512][  0]LogMeshMerging: No distributed automatic mesh merging module available
[2019.11.19-22.54.38:608][  0]LogNetVersion: PathFinding 1.0.0, NetCL: 5660361, EngineNetVer: 10, GameNetVer: 0 (Checksum: 315523671)
[2019.11.19-22.54.39:311][  0]LogPackageLocalizationCache: Processed 10 localized package path(s) for 1 prioritized culture(s) in 0.030728 seconds
[2019.11.19-22.54.39:318][  0]LogUObjectArray: 42205 objects as part of root set at end of initial load.
[2019.11.19-22.54.39:319][  0]LogUObjectAllocator: 7325032 out of 0 bytes used by permanent object pool.
[2019.11.19-22.54.39:319][  0]LogUObjectArray: CloseDisregardForGC: 0/0 objects in disregard for GC pool
[2019.11.19-22.54.40:164][  0]LogTcpMessaging: Initializing TcpMessaging bridge
[2019.11.19-22.54.40:177][  0]LogUdpMessaging: Initializing bridge on interface 0.0.0.0:0 to multicast group 230.0.0.1:6666.
[2019.11.19-22.54.40:403][  0]SourceControl: Source control is disabled
[2019.11.19-22.54.40:403][  0]SourceControl: Source control is disabled
[2019.11.19-22.54.40:410][  0]SourceControl: Source control is disabled
[2019.11.19-22.54.40:420][  0]SourceControl: Source control is disabled
[2019.11.19-22.54.40:642][  0]LogAndroidPermission: UAndroidPermissionCallbackProxy::GetInstance
[2019.11.19-22.54.40:759][  0]LogOcInput: OculusInput pre-init called
[2019.11.19-22.54.41:472][  0]LogEngine: Initializing Engine...
[2019.11.19-22.54.41:473][  0]LogHMD: Failed to initialize OpenVR with code 110
[2019.11.19-22.54.41:474][  0]LogStats: UGameplayTagsManager::InitializeManager -  0.000 s
[2019.11.19-22.54.41:880][  0]LogInit: Initializing FReadOnlyCVARCache
[2019.11.19-22.54.41:905][  0]LogAIModule: Creating AISystem for world Untitled
[2019.11.19-22.54.41:998][  0]LogInit: XAudio2 using 'Speakers (USB Audio Device)' : 2 channels at 48 kHz using 16 bits per sample (channel mask 0x3)
[2019.11.19-22.54.42:018][  0]LogInit: FAudioDevice initialized.
[2019.11.19-22.54.42:019][  0]LogNetVersion: Set ProjectVersion to 1.0.0.0. Version Checksum will be recalculated on next use.
[2019.11.19-22.54.42:115][  0]LogDerivedDataCache: Saved boot cache 0.10s 71MB C:/Users/Lance/AppData/Local/UnrealEngine/4.22/DerivedDataCache/Boot.ddc.
[2019.11.19-22.54.42:126][  0]LogInit: Texture streaming: Enabled
[2019.11.19-22.54.42:161][  0]LogEngineSessionManager: EngineSessionManager initialized
[2019.11.19-22.54.42:182][  0]LogInit: Transaction tracking system initialized
[2019.11.19-22.54.42:202][  0]BlueprintLog: New page: Editor Load
[2019.11.19-22.54.42:274][  0]LocalizationService: Localization service is disabled
[2019.11.19-22.54.42:546][  0]LogFileCache: Scanning file cache for directory 'D:/Repos/GameAI/PathfindingLab/Content/' took 0.01s
[2019.11.19-22.54.42:546][  0]LogCook: Display: Max memory allowance for cook 16384mb min free memory 0mb
[2019.11.19-22.54.42:546][  0]LogCook: Display: Mobile HDR setting 1
[2019.11.19-22.54.42:716][  0]SourceControl: Source control is disabled
[2019.11.19-22.54.42:716][  0]Cmd: MAP LOAD FILE="../../../../../Repos/GameAI/PathfindingLab/Content/PathfindingMap.umap" TEMPLATE=0 SHOWPROGRESS=1 FEATURELEVEL=3
[2019.11.19-22.54.42:716][  0]LightingResults: New page: Lighting Build
[2019.11.19-22.54.42:718][  0]MapCheck: New page: Map Check
[2019.11.19-22.54.42:718][  0]LightingResults: New page: Lighting Build
[2019.11.19-22.54.42:742][  0]LogUObjectHash: Compacting FUObjectHashTables data took   1.49ms
[2019.11.19-22.54.42:886][  0]LogAIModule: Creating AISystem for world PathfindingMap
[2019.11.19-22.54.42:893][  0]LogEditorServer: Finished looking for orphan Actors (0.000 secs)
[2019.11.19-22.54.42:937][  0]LogUObjectHash: Compacting FUObjectHashTables data took   3.45ms
[2019.11.19-22.54.42:938][  0]Cmd: MAP CHECKDEP NOCLEARLOG
[2019.11.19-22.54.42:939][  0]MapCheck: Map check complete: 0 Error(s), 0 Warning(s), took 0.591ms to complete.
[2019.11.19-22.54.42:939][  0]LogFileHelpers: Loading map 'PathfindingMap' took 0.223
[2019.11.19-22.54.43:172][  0]LogSlate: Updating window title bar state: overlay mode, drag disabled, window buttons hidden, title bar hidden
[2019.11.19-22.54.43:184][  0]LogSlate: Updating window title bar state: overlay mode, drag disabled, window buttons hidden, title bar hidden
[2019.11.19-22.54.43:194][  0]LogSlate: Updating window title bar state: overlay mode, drag disabled, window buttons hidden, title bar hidden
[2019.11.19-22.54.43:206][  0]LogSlate: Updating window title bar state: overlay mode, drag disabled, window buttons hidden, title bar hidden
[2019.11.19-22.54.43:218][  0]LogCollectionManager: Loaded 0 collections in 0.000875 seconds
[2019.11.19-22.54.43:264][  0]LogFileCache: Scanning file cache for directory 'D:/Repos/GameAI/PathfindingLab/Saved/Collections/' took 0.01s
[2019.11.19-22.54.43:264][  0]LogFileCache: Scanning file cache for directory 'D:/Repos/GameAI/PathfindingLab/Content/Developers/Lance/Collections/' took 0.01s
[2019.11.19-22.54.43:264][  0]LogFileCache: Scanning file cache for directory 'D:/Repos/GameAI/PathfindingLab/Content/Collections/' took 0.02s
[2019.11.19-22.54.43:264][  0]LogCollectionManager: Rebuilt the GUID cache for 0 collections in 0.000000 seconds
[2019.11.19-22.54.43:276][  0]LogContentBrowser: Native class hierarchy populated in 0.0113 seconds. Added 2741 classes and 662 folders.
[2019.11.19-22.54.43:281][  0]LogContentBrowser: Native class hierarchy updated for 'WidgetCarousel' in 0.0004 seconds. Added 0 classes and 0 folders.
[2019.11.19-22.54.43:283][  0]LogPakFile: Registered encryption key '00000000000000000000000000000000': 0 pak files mounted, 0 remain pending
[2019.11.19-22.54.43:283][  0]LogPakFile: Registered encryption key '00000000000000000000000000000000': 0 pak files mounted, 0 remain pending
[2019.11.19-22.54.43:284][  0]LogPakFile: Registered encryption key '00000000000000000000000000000000': 0 pak files mounted, 0 remain pending
[2019.11.19-22.54.43:284][  0]LogPakFile: Registered encryption key '00000000000000000000000000000000': 0 pak files mounted, 0 remain pending
[2019.11.19-22.54.43:284][  0]LogPakFile: Registered encryption key '00000000000000000000000000000000': 0 pak files mounted, 0 remain pending
[2019.11.19-22.54.43:285][  0]LogPakFile: Registered encryption key '00000000000000000000000000000000': 0 pak files mounted, 0 remain pending
[2019.11.19-22.54.43:285][  0]LogPakFile: Registered encryption key '00000000000000000000000000000000': 0 pak files mounted, 0 remain pending
[2019.11.19-22.54.43:286][  0]LogPakFile: Registered encryption key '00000000000000000000000000000000': 0 pak files mounted, 0 remain pending
[2019.11.19-22.54.43:286][  0]LogPakFile: Registered encryption key '00000000000000000000000000000000': 0 pak files mounted, 0 remain pending
[2019.11.19-22.54.43:286][  0]LogPakFile: Registered encryption key '00000000000000000000000000000000': 0 pak files mounted, 0 remain pending
[2019.11.19-22.54.43:287][  0]LogPakFile: Registered encryption key '00000000000000000000000000000000': 0 pak files mounted, 0 remain pending
[2019.11.19-22.54.43:287][  0]LogPakFile: Registered encryption key '00000000000000000000000000000000': 0 pak files mounted, 0 remain pending
[2019.11.19-22.54.43:288][  0]LogPakFile: Registered encryption key '00000000000000000000000000000000': 0 pak files mounted, 0 remain pending
[2019.11.19-22.54.43:288][  0]LogPakFile: Registered encryption key '00000000000000000000000000000000': 0 pak files mounted, 0 remain pending
[2019.11.19-22.54.43:289][  0]LogPakFile: Registered encryption key '00000000000000000000000000000000': 0 pak files mounted, 0 remain pending
[2019.11.19-22.54.43:289][  0]LogPakFile: Registered encryption key '00000000000000000000000000000000': 0 pak files mounted, 0 remain pending
[2019.11.19-22.54.43:289][  0]LogPakFile: Registered encryption key '00000000000000000000000000000000': 0 pak files mounted, 0 remain pending
[2019.11.19-22.54.43:290][  0]LogPakFile: Registered encryption key '00000000000000000000000000000000': 0 pak files mounted, 0 remain pending
[2019.11.19-22.54.43:290][  0]LogPakFile: Registered encryption key '00000000000000000000000000000000': 0 pak files mounted, 0 remain pending
[2019.11.19-22.54.43:291][  0]LogPakFile: Registered encryption key '00000000000000000000000000000000': 0 pak files mounted, 0 remain pending
[2019.11.19-22.54.43:291][  0]LogPakFile: Registered encryption key '00000000000000000000000000000000': 0 pak files mounted, 0 remain pending
[2019.11.19-22.54.43:292][  0]LogPakFile: Registered encryption key '00000000000000000000000000000000': 0 pak files mounted, 0 remain pending
[2019.11.19-22.54.43:292][  0]LogPakFile: Registered encryption key '00000000000000000000000000000000': 0 pak files mounted, 0 remain pending
[2019.11.19-22.54.43:293][  0]LogPakFile: Registered encryption key '00000000000000000000000000000000': 0 pak files mounted, 0 remain pending
[2019.11.19-22.54.43:293][  0]LogPakFile: Registered encryption key '00000000000000000000000000000000': 0 pak files mounted, 0 remain pending
[2019.11.19-22.54.43:294][  0]LogPakFile: Registered encryption key '00000000000000000000000000000000': 0 pak files mounted, 0 remain pending
[2019.11.19-22.54.43:320][  0]LogContentBrowser: Native class hierarchy updated for 'AddContentDialog' in 0.0006 seconds. Added 0 classes and 0 folders.
[2019.11.19-22.54.43:325][  0]LogContentBrowser: Native class hierarchy updated for 'SceneOutliner' in 0.0005 seconds. Added 1 classes and 2 folders.
[2019.11.19-22.54.43:362][  0]LogSlate: Took 0.000146 seconds to synchronously load lazily loaded font '../../../Engine/Content/Slate/Fonts/Roboto-Regular.ttf' (155K)
[2019.11.19-22.54.43:364][  0]LogSlate: Took 0.000162 seconds to synchronously load lazily loaded font '../../../Engine/Content/Slate/Fonts/Roboto-Bold.ttf' (160K)
[2019.11.19-22.54.43:372][  0]LogSlate: Took 0.000359 seconds to synchronously load lazily loaded font '../../../Engine/Content/Editor/Slate/Fonts/FontAwesome.ttf' (139K)
[2019.11.19-22.54.43:437][  0]LogRenderer: Reallocating scene render targets to support 964x436 Format 10 NumSamples 1 (Frame:1).
[2019.11.19-22.54.43:488][  0]LogSlate: Took 0.000171 seconds to synchronously load lazily loaded font '../../../Engine/Content/Slate/Fonts/Roboto-Light.ttf' (167K)
[2019.11.19-22.54.43:644][  0]LogContentBrowser: Native class hierarchy updated for 'HierarchicalLODOutliner' in 0.0003 seconds. Added 0 classes and 0 folders.
[2019.11.19-22.54.43:645][  0]LogLoad: (Engine Initialization) Total time: 9.85 seconds
[2019.11.19-22.54.43:645][  0]LogLoad: (Engine Initialization) Total Blueprint compile time: 0.00 seconds
[2019.11.19-22.54.43:697][  0]LogAssetRegistry: Asset discovery search completed in 5.6038 seconds
[2019.11.19-22.54.43:699][  0]LogCollectionManager: Rebuilt the object cache for 0 collections in 0.000000 seconds (found 0 objects)
[2019.11.19-22.54.43:699][  0]LogCollectionManager: Fixed up redirectors for 0 collections in 0.000049 seconds (updated 0 objects)
[2019.11.19-22.54.43:701][  0]LogContentStreaming: Texture pool size now 1000 MB
[2019.11.19-22.54.47:630][220]LogSlate: FSceneViewport::OnFocusLost() reason 0
[2019.11.19-22.54.47:694][224]LogSlate: Window 'Message Log' being destroyed
[2019.11.19-22.54.47:699][224]LogSlate: Window 'Message Log' being destroyed
[2019.11.19-23.06.56:530][514]LogSlate: FSceneViewport::OnFocusLost() reason 0
[2019.11.19-23.07.00:465][698]LogSlate: Took 0.000272 seconds to synchronously load lazily loaded font '../../../Engine/Content/Slate/Fonts/Roboto-Light.ttf' (167K)
[2019.11.19-23.07.00:479][698]LogAssetEditorManager: Opening Asset editor for Class /Script/PathFinding.SteeringActor
[2019.11.19-23.08.29:795][ 95]Candidate modules for hot reload:
[2019.11.19-23.08.29:795][ 95]  PathFinding
[2019.11.19-23.08.29:795][ 95]Launching UnrealBuildTool... [D:/Unreal/UE_4.22/Engine/Binaries/DotNET/UnrealBuildTool.exe  -ModuleWithSuffix=PathFinding,9640 Win64 Development -TargetType=Editor -Project="D:/Repos/GameAI/PathfindingLab/PathFinding.uproject" "D:/Repos/GameAI/PathfindingLab/PathFinding.uproject"  -IgnoreJunk]
[2019.11.19-23.08.29:797][ 95]Warning: Starting HotReload took  0.2s.
[2019.11.19-23.08.40:250][713]CompilerResultsLog: New page: Compilation - Nov 19, 2019, 1:08:40 PM
[2019.11.19-23.08.40:250][713]CompilerResultsLog: Using 'git status' to determine working set for adaptive non-unity build (D:\Repos\GameAI).
[2019.11.19-23.08.40:250][713]CompilerResultsLog: Creating makefile for PathFindingEditor (ini files are newer than makefile)
[2019.11.19-23.08.40:250][713]CompilerResultsLog: Parsing headers for PathFindingEditor
[2019.11.19-23.08.40:250][713]CompilerResultsLog:   Running UnrealHeaderTool "D:\Repos\GameAI\PathfindingLab\PathFinding.uproject" "D:\Repos\GameAI\PathfindingLab\Intermediate\Build\Win64\PathFindingEditor\Development\PathFindingEditor.uhtmanifest" -LogCmds="loginit warning, logexit warning, logdatabase error" -Unattended -WarningsAsErrors -installed
[2019.11.19-23.08.40:251][713]CompilerResultsLog: Error: D:/Repos/GameAI/PathfindingLab/Source/PathFinding/SteeringActor.h(55)  : Error: Missing '*' in Expected a pointer type
[2019.11.19-23.08.40:251][713]LogMainFrame: MainFrame: Module compiling took 10.463 seconds
[2019.11.19-23.08.40:251][713]Warning: HotReload failed, recompile failed
[2019.11.19-23.08.57:149][350]LogSlate: Window 'Message Log' being destroyed
[2019.11.19-23.08.57:155][350]LogSlate: Window 'Message Log' being destroyed
[2019.11.19-23.08.58:402][421]Candidate modules for hot reload:
[2019.11.19-23.08.58:402][421]  PathFinding
[2019.11.19-23.08.58:402][421]Launching UnrealBuildTool... [D:/Unreal/UE_4.22/Engine/Binaries/DotNET/UnrealBuildTool.exe  -ModuleWithSuffix=PathFinding,3394 Win64 Development -TargetType=Editor -Project="D:/Repos/GameAI/PathfindingLab/PathFinding.uproject" "D:/Repos/GameAI/PathfindingLab/PathFinding.uproject"  -IgnoreJunk]
[2019.11.19-23.08.58:404][421]Warning: Starting HotReload took  0.0s.
[2019.11.19-23.14.03:148][578]CompilerResultsLog: New page: Compilation - Nov 19, 2019, 1:14:03 PM
[2019.11.19-23.14.03:148][578]CompilerResultsLog: Using 'git status' to determine working set for adaptive non-unity build (D:\Repos\GameAI).
[2019.11.19-23.14.03:148][578]CompilerResultsLog: Creating makefile for PathFindingEditor (ini files are newer than makefile)
[2019.11.19-23.14.03:148][578]CompilerResultsLog: Parsing headers for PathFindingEditor
[2019.11.19-23.14.03:148][578]CompilerResultsLog:   Running UnrealHeaderTool "D:\Repos\GameAI\PathfindingLab\PathFinding.uproject" "D:\Repos\GameAI\PathfindingLab\Intermediate\Build\Win64\PathFindingEditor\Development\PathFindingEditor.uhtmanifest" -LogCmds="loginit warning, logexit warning, logdatabase error" -Unattended -WarningsAsErrors -installed
[2019.11.19-23.14.03:148][578]CompilerResultsLog: Reflection code generated for PathFindingEditor in 7.3118308 seconds
[2019.11.19-23.14.03:148][578]CompilerResultsLog: Using Visual Studio 2017 14.16.27023 toolchain (C:\Program Files (x86)\Microsoft Visual Studio\2017\Community\VC\Tools\MSVC\14.16.27023) and Windows 10.0.16299.0 SDK (C:\Program Files (x86)\Windows Kits\10).
[2019.11.19-23.14.03:148][578]CompilerResultsLog: Building 12 actions with 8 processes...
[2019.11.19-23.14.03:148][578]CompilerResultsLog:   [1/12] ChaseState.cpp
[2019.11.19-23.14.03:148][578]CompilerResultsLog:   [2/12] PathFinding.init.gen.cpp
[2019.11.19-23.14.03:149][578]CompilerResultsLog:   [3/12] StatePrimative.cpp
[2019.11.19-23.14.03:149][578]CompilerResultsLog:   [4/12] PatrolState.cpp
[2019.11.19-23.14.03:149][578]CompilerResultsLog:   [5/12] PathFindingActor.cpp
[2019.11.19-23.14.03:149][578]CompilerResultsLog:   D:\Repos\GameAI\PathfindingLab\Source\PathFinding\PathFindingActor.cpp(16): warning C4458: declaration of 'pos' hides class member
[2019.11.19-23.14.03:149][578]CompilerResultsLog:   d:\repos\gameai\pathfindinglab\source\pathfinding\PathFindingActor.h(40): note: see declaration of 'APathFindingActor::pos'
[2019.11.19-23.14.03:149][578]CompilerResultsLog:   [6/12] SteeringActor.cpp
[2019.11.19-23.14.03:149][578]CompilerResultsLog:   [7/12] PathFindingActor.gen.cpp
[2019.11.19-23.14.03:149][578]CompilerResultsLog:   [8/12] SteeringActor.gen.cpp
[2019.11.19-23.14.03:149][578]CompilerResultsLog:   [9/12] ChaseReturnState.cpp
[2019.11.19-23.14.03:149][578]CompilerResultsLog:   [10/12] UE4Editor-PathFinding-3394.lib
[2019.11.19-23.14.03:149][578]CompilerResultsLog:      Creating library D:\Repos\GameAI\PathfindingLab\Intermediate\Build\Win64\UE4Editor\Development\PathFinding\UE4Editor-PathFinding-3394.lib and object D:\Repos\GameAI\PathfindingLab\Intermediate\Build\Win64\UE4Editor\Development\PathFinding\UE4Editor-PathFinding-3394.exp
[2019.11.19-23.14.03:149][578]CompilerResultsLog:   [11/12] UE4Editor-PathFinding-3394.dll
[2019.11.19-23.14.03:149][578]CompilerResultsLog:      Creating library D:\Repos\GameAI\PathfindingLab\Intermediate\Build\Win64\UE4Editor\Development\PathFinding\UE4Editor-PathFinding-3394.suppressed.lib and object D:\Repos\GameAI\PathfindingLab\Intermediate\Build\Win64\UE4Editor\Development\PathFinding\UE4Editor-PathFinding-3394.suppressed.exp
[2019.11.19-23.14.03:149][578]CompilerResultsLog:   [12/12] PathFindingEditor.target
[2019.11.19-23.14.03:149][578]CompilerResultsLog: Total time in Parallel executor: 294.70 seconds
[2019.11.19-23.14.03:149][578]CompilerResultsLog: Total execution time: 304.48 seconds
[2019.11.19-23.14.03:149][578]LogMainFrame: MainFrame: Module compiling took 304.755 seconds
[2019.11.19-23.14.03:177][578]LogUObjectHash: Compacting FUObjectHashTables data took   0.83ms
[2019.11.19-23.14.03:185][578]LogClass: Could not find existing class PathFindingActor in package /Script/PathFinding for HotReload, assuming new class
[2019.11.19-23.14.03:185][578]LogClass: Could not find existing class SteeringActor in package /Script/PathFinding for HotReload, assuming new class
[2019.11.19-23.14.03:185][578]LogClass: Function checkCone is new.
[2019.11.19-23.14.03:185][578]LogClass: Function checkDistance is new.
[2019.11.19-23.14.03:185][578]LogClass: Function checkDistanceChase is new.
[2019.11.19-23.14.03:185][578]LogClass: Function AddToPathFollow is new.
[2019.11.19-23.14.03:185][578]LogClass: Function SetPathToFollow is new.
[2019.11.19-23.14.03:194][578]LogHotReload: Re-instancing PathFindingActor after hot-reload.
[2019.11.19-23.14.03:202][578]LogBlueprint: Error: [Compiler BP_SteeringActor] This blueprint (self) is not a HOTRELOADED_SteeringActor_1, therefore ' Target ' must have a connection.
[2019.11.19-23.14.03:202][578]LogBlueprint: Error: [Compiler BP_SteeringActor] This blueprint (self) is not a HOTRELOADED_SteeringActor_1, therefore ' Target ' must have a connection.
[2019.11.19-23.14.03:202][578]LogBlueprint: Error: [Compiler BP_SteeringActor] This blueprint (self) is not a HOTRELOADED_SteeringActor_1, therefore ' Target ' must have a connection.
[2019.11.19-23.14.03:202][578]LogBlueprint: Error: [Compiler BP_SteeringActor] This blueprint (self) is not a HOTRELOADED_SteeringActor_1, therefore ' Target ' must have a connection.
[2019.11.19-23.14.03:202][578]LogBlueprint: Error: [Compiler BP_SteeringActor] This blueprint (self) is not a HOTRELOADED_SteeringActor_1, therefore ' Target ' must have a connection.
[2019.11.19-23.14.03:252][578]LogBlueprint: Warning: [Compiler BP_SteeringActor] [1169.46] Compile of BP_SteeringActor failed. 5 Fatal Issue(s) 0 Warning(s) [in 57 ms] (/Game/SteeringActor/BP_SteeringActor.BP_SteeringActor)
[2019.11.19-23.14.03:532][578]LogHotReload: Re-instancing SteeringActor after hot-reload.
[2019.11.19-23.14.03:706][578]LogContentBrowser: Native class hierarchy updated for 'PathFinding' in 0.0006 seconds. Added 9 classes and 3 folders.
[2019.11.19-23.14.03:709][578]Display: HotReload successful (3 functions remapped  0 scriptstructs remapped)
[2019.11.19-23.14.03:829][578]LogUObjectHash: Compacting FUObjectHashTables data took   2.15ms
[2019.11.19-23.14.03:844][578]LogContentBrowser: Native class hierarchy populated in 0.0103 seconds. Added 2742 classes and 664 folders.
[2019.11.19-23.14.03:844][578]Display: HotReload took 305.5s.
[2019.11.19-23.14.08:899][710]LogTemp: Repeating last play command: Selected Viewport
[2019.11.19-23.14.08:921][710]LogBlueprintUserMessages: Early PlayInEditor Detection: Level '/Game/PathfindingMap.PathfindingMap:PersistentLevel' has LevelScriptBlueprint '/Game/PathfindingMap.PathfindingMap:PersistentLevel.PathfindingMap' with GeneratedClass '/Game/PathfindingMap.PathfindingMap_C' with ClassGeneratedBy '/Game/PathfindingMap.PathfindingMap:PersistentLevel.PathfindingMap'
[2019.11.19-23.14.08:921][710]LogPlayLevel: PlayLevel: No blueprints needed recompiling
[2019.11.19-23.14.13:785][710]LogSlate: Window 'Message' being destroyed
[2019.11.19-23.14.16:696][871]LogAssetEditorManager: Opening Asset editor for Blueprint /Game/SteeringActor/BP_SteeringActor.BP_SteeringActor
[2019.11.19-23.14.18:178][871]LogContentBrowser: Native class hierarchy updated for 'BlueprintGraph' in 0.0021 seconds. Added 121 classes and 0 folders.
[2019.11.19-23.14.21:431][871]LogSlate: Took 0.006525 seconds to synchronously load lazily loaded font '../../../Engine/Content/Slate/Fonts/Roboto-BoldCondensed.ttf' (158K)
[2019.11.19-23.14.23:006][872]LogSlate: Took 0.000222 seconds to synchronously load lazily loaded font '../../../Engine/Content/Slate/Fonts/Roboto-Italic.ttf' (157K)
[2019.11.19-23.15.26:697][483]LogSlate: Window 'BP_SteeringActor' being destroyed
[2019.11.19-23.15.26:705][483]LogSlate: Window 'BP_SteeringActor' being destroyed
[2019.11.19-23.15.27:789][528]Candidate modules for hot reload:
[2019.11.19-23.15.27:789][528]  PathFinding
[2019.11.19-23.15.27:789][528]Launching UnrealBuildTool... [D:/Unreal/UE_4.22/Engine/Binaries/DotNET/UnrealBuildTool.exe  -ModuleWithSuffix=PathFinding,4640 Win64 Development -TargetType=Editor -Project="D:/Repos/GameAI/PathfindingLab/PathFinding.uproject" "D:/Repos/GameAI/PathfindingLab/PathFinding.uproject"  -IgnoreJunk]
[2019.11.19-23.15.27:799][528]Warning: Starting HotReload took  0.0s.
[2019.11.19-23.16.02:432][689]CompilerResultsLog: New page: Compilation - Nov 19, 2019, 1:16:02 PM
[2019.11.19-23.16.02:432][689]CompilerResultsLog: Using 'git status' to determine working set for adaptive non-unity build (D:\Repos\GameAI).
[2019.11.19-23.16.02:432][689]CompilerResultsLog: Creating makefile for PathFindingEditor (ini files are newer than makefile)
[2019.11.19-23.16.02:432][689]CompilerResultsLog: Parsing headers for PathFindingEditor
[2019.11.19-23.16.02:432][689]CompilerResultsLog:   Running UnrealHeaderTool "D:\Repos\GameAI\PathfindingLab\PathFinding.uproject" "D:\Repos\GameAI\PathfindingLab\Intermediate\Build\Win64\PathFindingEditor\Development\PathFindingEditor.uhtmanifest" -LogCmds="loginit warning, logexit warning, logdatabase error" -Unattended -WarningsAsErrors -installed
[2019.11.19-23.16.02:432][689]CompilerResultsLog: Reflection code generated for PathFindingEditor in 7.7988053 seconds
[2019.11.19-23.16.02:432][689]CompilerResultsLog: Using Visual Studio 2017 14.16.27023 toolchain (C:\Program Files (x86)\Microsoft Visual Studio\2017\Community\VC\Tools\MSVC\14.16.27023) and Windows 10.0.16299.0 SDK (C:\Program Files (x86)\Windows Kits\10).
[2019.11.19-23.16.02:432][689]CompilerResultsLog: Building 12 actions with 8 processes...
[2019.11.19-23.16.02:432][689]CompilerResultsLog:   [1/12] PathFinding.init.gen.cpp
[2019.11.19-23.16.02:432][689]CompilerResultsLog:   [2/12] StatePrimative.cpp
[2019.11.19-23.16.02:432][689]CompilerResultsLog:   [3/12] ChaseState.cpp
[2019.11.19-23.16.02:432][689]CompilerResultsLog:   [4/12] PatrolState.cpp
[2019.11.19-23.16.02:432][689]CompilerResultsLog:   [5/12] ChaseReturnState.cpp
[2019.11.19-23.16.02:432][689]CompilerResultsLog:   [6/12] PathFindingActor.gen.cpp
[2019.11.19-23.16.02:432][689]CompilerResultsLog:   [7/12] SteeringActor.cpp
[2019.11.19-23.16.02:432][689]CompilerResultsLog:   [8/12] SteeringActor.gen.cpp
[2019.11.19-23.16.02:432][689]CompilerResultsLog:   [9/12] PathFindingActor.cpp
[2019.11.19-23.16.02:432][689]CompilerResultsLog:   D:\Repos\GameAI\PathfindingLab\Source\PathFinding\PathFindingActor.cpp(16): warning C4458: declaration of 'pos' hides class member
[2019.11.19-23.16.02:432][689]CompilerResultsLog:   d:\repos\gameai\pathfindinglab\source\pathfinding\PathFindingActor.h(40): note: see declaration of 'APathFindingActor::pos'
[2019.11.19-23.16.02:432][689]CompilerResultsLog:   [10/12] UE4Editor-PathFinding-4640.lib
[2019.11.19-23.16.02:432][689]CompilerResultsLog:      Creating library D:\Repos\GameAI\PathfindingLab\Intermediate\Build\Win64\UE4Editor\Development\PathFinding\UE4Editor-PathFinding-4640.lib and object D:\Repos\GameAI\PathfindingLab\Intermediate\Build\Win64\UE4Editor\Development\PathFinding\UE4Editor-PathFinding-4640.exp
[2019.11.19-23.16.02:432][689]CompilerResultsLog:   [11/12] UE4Editor-PathFinding-4640.dll
[2019.11.19-23.16.02:432][689]CompilerResultsLog:      Creating library D:\Repos\GameAI\PathfindingLab\Intermediate\Build\Win64\UE4Editor\Development\PathFinding\UE4Editor-PathFinding-4640.suppressed.lib and object D:\Repos\GameAI\PathfindingLab\Intermediate\Build\Win64\UE4Editor\Development\PathFinding\UE4Editor-PathFinding-4640.suppressed.exp
[2019.11.19-23.16.02:432][689]CompilerResultsLog:   [12/12] PathFindingEditor.target
[2019.11.19-23.16.02:432][689]CompilerResultsLog: Total time in Parallel executor: 24.04 seconds
[2019.11.19-23.16.02:432][689]CompilerResultsLog: Total execution time: 34.24 seconds
[2019.11.19-23.16.02:432][689]LogMainFrame: MainFrame: Module compiling took 34.654 seconds
[2019.11.19-23.16.02:536][689]LogUObjectHash: Compacting FUObjectHashTables data took   3.77ms
[2019.11.19-23.16.02:536][689]LogBlueprintActionDatabase: Requesting refresh due to module change: PathFinding (unloaded)
[2019.11.19-23.16.02:548][689]LogClass: Could not find existing class PathFindingActor in package /Script/PathFinding for HotReload, assuming new class
[2019.11.19-23.16.02:548][689]LogClass: Could not find existing class SteeringActor in package /Script/PathFinding for HotReload, assuming new class
[2019.11.19-23.16.02:548][689]LogClass: Function checkCone is new.
[2019.11.19-23.16.02:548][689]LogClass: Function checkDistance is new.
[2019.11.19-23.16.02:548][689]LogClass: Function checkDistanceChase is new.
[2019.11.19-23.16.02:548][689]LogClass: Function AddToPathFollow is new.
[2019.11.19-23.16.02:548][689]LogClass: Function SetPathToFollow is new.
[2019.11.19-23.16.02:554][689]LogClass: EState HotReload.
[2019.11.19-23.16.02:562][689]LogHotReload: Re-instancing PathFindingActor after hot-reload.
[2019.11.19-23.16.02:569][689]LogBlueprint: Error: [Compiler BP_SteeringActor] This blueprint (self) is not compatible with ' Target ', therefore that pin must have a connection.
[2019.11.19-23.16.02:569][689]LogBlueprint: Error: [Compiler BP_SteeringActor] This blueprint (self) is not compatible with ' Target ', therefore that pin must have a connection.
[2019.11.19-23.16.02:569][689]LogBlueprint: Error: [Compiler BP_SteeringActor] This blueprint (self) is not compatible with ' Target ', therefore that pin must have a connection.
[2019.11.19-23.16.02:569][689]LogBlueprint: Error: [Compiler BP_SteeringActor] This blueprint (self) is not compatible with ' Target ', therefore that pin must have a connection.
[2019.11.19-23.16.02:570][689]LogBlueprint: Error: [Compiler BP_SteeringActor] This blueprint (self) is not compatible with ' Target ', therefore that pin must have a connection.
[2019.11.19-23.16.02:570][689]LogBlueprint: Error: [Compiler BP_SteeringActor] The property associated with  Max Speed  could not be found in '/Game/SteeringActor/BP_SteeringActor.BP_SteeringActor_C'
[2019.11.19-23.16.02:570][689]LogBlueprint: Error: [Compiler BP_SteeringActor] The property associated with  Steering Velocity  could not be found in '/Game/SteeringActor/BP_SteeringActor.BP_SteeringActor_C'
[2019.11.19-23.16.02:570][689]LogBlueprint: Error: [Compiler BP_SteeringActor] The property associated with  Target Pos  could not be found in '/Game/SteeringActor/BP_SteeringActor.BP_SteeringActor_C'
[2019.11.19-23.16.02:572][689]LogBlueprint: Warning: [Compiler BP_SteeringActor] [1288.78] Compile of BP_SteeringActor failed. 8 Fatal Issue(s) 0 Warning(s) [in 11 ms] (/Game/SteeringActor/BP_SteeringActor.BP_SteeringActor)
[2019.11.19-23.16.02:806][689]LogHotReload: Re-instancing SteeringActor after hot-reload.
[2019.11.19-23.16.02:921][689]LogBlueprintActionDatabase: Requesting refresh due to module change: PathFinding (loaded)
[2019.11.19-23.16.02:922][689]LogContentBrowser: Native class hierarchy updated for 'PathFinding' in 0.0005 seconds. Added 9 classes and 3 folders.
[2019.11.19-23.16.02:925][689]Display: HotReload successful (3 functions remapped  0 scriptstructs remapped)
[2019.11.19-23.16.02:992][689]LogUObjectHash: Compacting FUObjectHashTables data took   2.80ms
[2019.11.19-23.16.02:992][689]LogBlueprintActionDatabase: Requesting refresh due to hot reload
[2019.11.19-23.16.03:008][689]LogContentBrowser: Native class hierarchy populated in 0.0097 seconds. Added 2742 classes and 664 folders.
[2019.11.19-23.16.03:008][689]Display: HotReload took 35.2s.
[2019.11.19-23.16.09:708][829]LogAssetEditorManager: Opening Asset editor for Blueprint /Game/SteeringActor/BP_SteeringActor.BP_SteeringActor
[2019.11.19-23.17.00:294][294]BlueprintLog: New page: Compile BP_SteeringActor
[2019.11.19-23.17.00:355][294]LogBlueprint: Error: [Compiler BP_SteeringActor] This blueprint (self) is not compatible with ' Target ', therefore that pin must have a connection.
[2019.11.19-23.17.00:355][294]LogBlueprint: Error: [Compiler BP_SteeringActor] This blueprint (self) is not compatible with ' Target ', therefore that pin must have a connection.
[2019.11.19-23.17.00:355][294]LogBlueprint: Error: [Compiler BP_SteeringActor] This blueprint (self) is not compatible with ' Target ', therefore that pin must have a connection.
[2019.11.19-23.17.00:357][294]LogBlueprint: Error: [Compiler BP_SteeringActor] The property associated with  Max Speed  could not be found in '/Game/SteeringActor/BP_SteeringActor.BP_SteeringActor_C'
[2019.11.19-23.17.00:357][294]LogBlueprint: Error: [Compiler BP_SteeringActor] The property associated with  Steering Velocity  could not be found in '/Game/SteeringActor/BP_SteeringActor.BP_SteeringActor_C'
[2019.11.19-23.17.00:357][294]LogBlueprint: Error: [Compiler BP_SteeringActor] The property associated with  Target Pos  could not be found in '/Game/SteeringActor/BP_SteeringActor.BP_SteeringActor_C'
[2019.11.19-23.17.00:622][294]LogUObjectHash: Compacting FUObjectHashTables data took   7.14ms
[2019.11.19-23.17.00:648][294]LogBlueprint: Warning: [Compiler BP_SteeringActor] [1346.85] Compile of BP_SteeringActor failed. 6 Fatal Issue(s) 0 Warning(s) [in 353 ms] (/Game/SteeringActor/BP_SteeringActor.BP_SteeringActor)
[2019.11.19-23.17.30:042][821]BlueprintLog: New page: Compile BP_SteeringActor
[2019.11.19-23.17.30:052][821]LogBlueprint: Error: [Compiler BP_SteeringActor] This blueprint (self) is not compatible with ' Target ', therefore that pin must have a connection.
[2019.11.19-23.17.30:053][821]LogBlueprint: Error: [Compiler BP_SteeringActor] The property associated with  Target Pos  could not be found in '/Game/SteeringActor/BP_SteeringActor.BP_SteeringActor_C'
[2019.11.19-23.17.30:267][821]LogUObjectHash: Compacting FUObjectHashTables data took   4.45ms
[2019.11.19-23.17.30:279][821]LogBlueprint: Warning: [Compiler BP_SteeringActor] [1376.48] Compile of BP_SteeringActor failed. 2 Fatal Issue(s) 0 Warning(s) [in 235 ms] (/Game/SteeringActor/BP_SteeringActor.BP_SteeringActor)
[2019.11.19-23.17.43:087][510]Cmd: OBJ SAVEPACKAGE PACKAGE="/Game/SteeringActor/BP_SteeringActor" FILE="../../../../../Repos/GameAI/PathfindingLab/Content/SteeringActor/BP_SteeringActor.uasset" SILENT=true
[2019.11.19-23.17.43:500][510]LogSavePackage: Moving '../../../../../Repos/GameAI/PathfindingLab/Saved/BP_SteeringActor0715794849D379FEC1C275979C029BF0.tmp' to '../../../../../Repos/GameAI/PathfindingLab/Content/SteeringActor/BP_SteeringActor.uasset'
[2019.11.19-23.17.47:219][704]BlueprintLog: New page: Compile BP_SteeringActor
[2019.11.19-23.17.47:405][704]LogUObjectHash: Compacting FUObjectHashTables data took   4.38ms
[2019.11.19-23.17.49:241][795]LogSlate: Window 'BP_SteeringActor' being destroyed
[2019.11.19-23.17.49:249][795]LogSlate: Window 'BP_SteeringActor' being destroyed
[2019.11.19-23.17.59:632][394]LogTemp: Repeating last play command: Selected Viewport
[2019.11.19-23.17.59:641][394]LogBlueprintUserMessages: Early PlayInEditor Detection: Level '/Game/PathfindingMap.PathfindingMap:PersistentLevel' has LevelScriptBlueprint '/Game/PathfindingMap.PathfindingMap:PersistentLevel.PathfindingMap' with GeneratedClass '/Game/PathfindingMap.PathfindingMap_C' with ClassGeneratedBy '/Game/PathfindingMap.PathfindingMap:PersistentLevel.PathfindingMap'
[2019.11.19-23.17.59:641][394]LogPlayLevel: PlayLevel: No blueprints needed recompiling
[2019.11.19-23.17.59:641][394]PIE: New page: PIE session: PathfindingMap (Nov 19, 2019, 1:17:59 PM)
[2019.11.19-23.17.59:654][394]LogPlayLevel: Creating play world package: /Game/UEDPIE_0_PathfindingMap
[2019.11.19-23.17.59:663][394]LogPlayLevel: PIE: StaticDuplicateObject took: (0.007997s)
[2019.11.19-23.17.59:664][394]LogAIModule: Creating AISystem for world PathfindingMap
[2019.11.19-23.17.59:664][394]LogPlayLevel: PIE: World Init took: (0.000867s)
[2019.11.19-23.17.59:664][394]LogPlayLevel: PIE: Created PIE world by copying editor world from /Game/PathfindingMap.PathfindingMap to /Game/UEDPIE_0_PathfindingMap.PathfindingMap (0.009355s)
[2019.11.19-23.17.59:698][394]LogUObjectHash: Compacting FUObjectHashTables data took   3.70ms
[2019.11.19-23.17.59:707][394]LogInit: XAudio2 using 'Speakers (USB Audio Device)' : 2 channels at 48 kHz using 16 bits per sample (channel mask 0x3)
[2019.11.19-23.17.59:719][394]LogInit: FAudioDevice initialized.
[2019.11.19-23.17.59:763][394]LogLoad: Game class is 'PathFindingGameMode_C'
[2019.11.19-23.17.59:765][394]LogWorld: Bringing World /Game/UEDPIE_0_PathfindingMap.PathfindingMap up for play (max tick rate 60) at 2019.11.19-18.17.59
[2019.11.19-23.17.59:766][394]LogWorld: Bringing up level for play took: 0.001168
[2019.11.19-23.17.59:798][394]LogBlueprintActionDatabase: Requesting refresh due to module change: Voice (loaded)
[2019.11.19-23.17.59:826][394]LogBlueprintActionDatabase: Requesting refresh due to module change: MovieSceneCapture (loaded)
[2019.11.19-23.17.59:826][394]LogContentBrowser: Native class hierarchy updated for 'MovieSceneCapture' in 0.0004 seconds. Added 20 classes and 0 folders.
[2019.11.19-23.17.59:832][394]LogScript: Warning: Script Msg: Attempted to access index 25 from array 'Walls' of length 25 in '/Script/PathFinding.MyPathBuilderActor'!
[2019.11.19-23.17.59:832][394]LogScript: Warning: Script Msg: Attempted to access index 25 from array 'Walls' of length 25 in '/Script/PathFinding.MyPathBuilderActor'!
[2019.11.19-23.17.59:833][394]PIE: Play in editor start time for /Game/UEDPIE_0_PathfindingMap 0.785
[2019.11.19-23.17.59:833][394]LogBlueprintUserMessages: Late PlayInEditor Detection: Level '/Game/PathfindingMap.PathfindingMap:PersistentLevel' has LevelScriptBlueprint '/Game/PathfindingMap.PathfindingMap:PersistentLevel.PathfindingMap' with GeneratedClass '/Game/PathfindingMap.PathfindingMap_C' with ClassGeneratedBy '/Game/PathfindingMap.PathfindingMap:PersistentLevel.PathfindingMap'
[2019.11.19-23.17.59:839][394]LogOutputDevice: Warning: 

Script Stack (0 frames):

[2019.11.19-23.17.59:839][394]LogWindows: Windows GetLastError: The operation completed successfully. (0)
[2019.11.19-23.18.08:838][394]LogWindows: Error: === Critical error: ===
[2019.11.19-23.18.08:838][394]LogWindows: Error: 
[2019.11.19-23.18.08:838][394]LogWindows: Error: Fatal error: [File:D:\Build\++UE4\Sync\Engine\Source\Runtime\CoreUObject\Private\UObject\UObjectGlobals.cpp] [Line: 2496] 
[2019.11.19-23.18.08:838][394]LogWindows: Error: None is not being constructed with either NewObject, NewNamedObject or ConstructObject.
[2019.11.19-23.18.08:838][394]LogWindows: Error: 
[2019.11.19-23.18.08:838][394]LogWindows: Error: 
[2019.11.19-23.18.08:838][394]LogWindows: Error: [Callstack] 0x00007ffa2dcea839 KERNELBASE.dll!UnknownFunction []
[2019.11.19-23.18.08:838][394]LogWindows: Error: [Callstack] 0x00007ff9bce21f37 UE4Editor-Core.dll!UnknownFunction []
[2019.11.19-23.18.08:838][394]LogWindows: Error: [Callstack] 0x00007ff9bce246e7 UE4Editor-Core.dll!UnknownFunction []
[2019.11.19-23.18.08:838][394]LogWindows: Error: [Callstack] 0x00007ff9bcc37d1a UE4Editor-Core.dll!UnknownFunction []
[2019.11.19-23.18.08:838][394]LogWindows: Error: [Callstack] 0x00007ff9bcbbfe33 UE4Editor-Core.dll!UnknownFunction []
[2019.11.19-23.18.08:838][394]LogWindows: Error: [Callstack] 0x00007ff9bcbbfd18 UE4Editor-Core.dll!UnknownFunction []
[2019.11.19-23.18.08:838][394]LogWindows: Error: [Callstack] 0x00007ff9bc6e7928 UE4Editor-CoreUObject.dll!UnknownFunction []
[2019.11.19-23.18.08:838][394]LogWindows: Error: [Callstack] 0x00007ff9bd4efe7e UE4Editor-Engine.dll!UnknownFunction []
[2019.11.19-23.18.08:838][394]LogWindows: Error: [Callstack] 0x00007ff9a03974b1 UE4Editor-PathFinding-4640.dll!ASteeringActor::ASteeringActor() [d:\repos\gameai\pathfindinglab\source\pathfinding\steeringactor.cpp:11]
[2019.11.19-23.18.08:838][394]LogWindows: Error: [Callstack] 0x00007ff9a0397c6b UE4Editor-PathFinding-4640.dll!ASteeringActor::Tick() [d:\repos\gameai\pathfindinglab\source\pathfinding\steeringactor.cpp:51]
[2019.11.19-23.18.08:838][394]LogWindows: Error: [Callstack] 0x00007ff9a0396d6e UE4Editor-PathFinding-4640.dll!APathFindingActor::Tick() [d:\repos\gameai\pathfindinglab\source\pathfinding\pathfindingactor.cpp:26]
[2019.11.19-23.18.08:838][394]LogWindows: Error: [Callstack] 0x00007ff9bd55fea2 UE4Editor-Engine.dll!UnknownFunction []
[2019.11.19-23.18.08:838][394]LogWindows: Error: [Callstack] 0x00007ff9bd52aeed UE4Editor-Engine.dll!UnknownFunction []
[2019.11.19-23.18.08:838][394]LogWindows: Error: [Callstack] 0x00007ff9be4e72bc UE4Editor-Engine.dll!UnknownFunction []
[2019.11.19-23.18.08:838][394]LogWindows: Error: [Callstack] 0x00007ff9bca422d8 UE4Editor-Core.dll!UnknownFunction []
[2019.11.19-23.18.08:838][394]LogWindows: Error: [Callstack] 0x00007ff9bca42563 UE4Editor-Core.dll!UnknownFunction []
[2019.11.19-23.18.08:838][394]LogWindows: Error: [Callstack] 0x00007ff9bca52309 UE4Editor-Core.dll!UnknownFunction []
[2019.11.19-23.18.08:838][394]LogWindows: Error: [Callstack] 0x00007ff9be52f9e3 UE4Editor-Engine.dll!UnknownFunction []
[2019.11.19-23.18.08:838][394]LogWindows: Error: [Callstack] 0x00007ff9be53bd12 UE4Editor-Engine.dll!UnknownFunction []
[2019.11.19-23.18.08:838][394]LogWindows: Error: [Callstack] 0x00007ff9bdd5dc4f UE4Editor-Engine.dll!UnknownFunction []
[2019.11.19-23.18.08:838][394]LogWindows: Error: [Callstack] 0x00007ff9bdd67e28 UE4Editor-Engine.dll!UnknownFunction []
[2019.11.19-23.18.08:838][394]LogWindows: Error: [Callstack] 0x00007ff9bac202f7 UE4Editor-UnrealEd.dll!UnknownFunction []
[2019.11.19-23.18.08:838][394]LogWindows: Error: [Callstack] 0x00007ff9bb43d396 UE4Editor-UnrealEd.dll!UnknownFunction []
[2019.11.19-23.18.08:838][394]LogWindows: Error: [Callstack] 0x00007ff6aeb46bb1 UE4Editor.exe!UnknownFunction []
[2019.11.19-23.18.08:838][394]LogWindows: Error: [Callstack] 0x00007ff6aeb5554c UE4Editor.exe!UnknownFunction []
[2019.11.19-23.18.08:838][394]LogWindows: Error: [Callstack] 0x00007ff6aeb555ca UE4Editor.exe!UnknownFunction []
[2019.11.19-23.18.08:839][394]LogWindows: Error: [Callstack] 0x00007ff6aeb6316c UE4Editor.exe!UnknownFunction []
[2019.11.19-23.18.08:839][394]LogWindows: Error: [Callstack] 0x00007ff6aeb65b8e UE4Editor.exe!UnknownFunction []
[2019.11.19-23.18.08:839][394]LogWindows: Error: [Callstack] 0x00007ffa2fa37bd4 KERNEL32.DLL!UnknownFunction []
[2019.11.19-23.18.08:839][394]LogWindows: Error: [Callstack] 0x00007ffa3010ced1 ntdll.dll!UnknownFunction []
[2019.11.19-23.18.08:839][394]LogWindows: Error: 
[2019.11.19-23.18.08:849][394]LogExit: Executing StaticShutdownAfterError
[2019.11.19-23.18.08:853][394]LogWindows: FPlatformMisc::RequestExit(1)
[2019.11.19-23.18.08:920][394]Log file closed, 11/19/19 18:18:08
