Log file open, 11/22/19 13:51:35
LogWindows: Failed to load 'aqProf.dll' (GetLastError=126)
LogWindows: File 'aqProf.dll' does not exist
LogWindows: Failed to load 'VtuneApi.dll' (GetLastError=126)
LogWindows: File 'VtuneApi.dll' does not exist
LogWindows: Failed to load 'VtuneApi32e.dll' (GetLastError=126)
LogWindows: File 'VtuneApi32e.dll' does not exist
LogConsoleResponse: Display: Failed to find resolution value strings in scalability ini. Falling back to default.
LogInit: Display: Running engine for game: PathFinding
LogPakFile: Registered encryption key '00000000000000000000000000000000': 0 pak files mounted, 0 remain pending
LogPlatformFile: Not using cached read wrapper
LogTaskGraph: Started task graph with 5 named threads and 23 total threads with 3 sets of task threads.
LogStats: Stats thread started at 0.268011
LogD3D11RHI: Loaded GFSDK_Aftermath_Lib.x64.dll
LogICUInternationalization: ICU TimeZone Detection - Raw Offset: -5:00, Platform Override: ''
LogPluginManager: Mounting plugin Paper2D
LogPluginManager: Mounting plugin AISupport
LogPluginManager: Mounting plugin LightPropagationVolume
LogPluginManager: Mounting plugin ActorLayerUtilities
LogPluginManager: Mounting plugin AnimationSharing
LogPluginManager: Mounting plugin CLionSourceCodeAccess
LogPluginManager: Mounting plugin CodeLiteSourceCodeAccess
LogPluginManager: Mounting plugin GitSourceControl
LogPluginManager: Mounting plugin KDevelopSourceCodeAccess
LogPluginManager: Mounting plugin NullSourceCodeAccess
LogPluginManager: Mounting plugin PerforceSourceControl
LogPluginManager: Mounting plugin SubversionSourceControl
LogPluginManager: Mounting plugin UObjectPlugin
LogPluginManager: Mounting plugin VisualStudioCodeSourceCodeAccess
LogPluginManager: Mounting plugin VisualStudioSourceCodeAccess
LogPluginManager: Mounting plugin XCodeSourceCodeAccess
LogPluginManager: Mounting plugin AssetManagerEditor
LogPluginManager: Mounting plugin CryptoKeys
LogPluginManager: Mounting plugin DataValidation
LogPluginManager: Mounting plugin FacialAnimation
LogPluginManager: Mounting plugin GameplayTagsEditor
LogPluginManager: Mounting plugin MacGraphicsSwitching
LogPluginManager: Mounting plugin MaterialAnalyzer
LogPluginManager: Mounting plugin MobileLauncherProfileWizard
LogPluginManager: Mounting plugin PluginBrowser
LogPluginManager: Mounting plugin SpeedTreeImporter
LogPluginManager: Mounting plugin DatasmithContent
LogPluginManager: Mounting plugin VariantManagerContent
LogPluginManager: Mounting plugin AlembicImporter
LogPluginManager: Mounting plugin AppleImageUtils
LogPluginManager: Mounting plugin AppleVision
LogPluginManager: Mounting plugin BackChannel
LogPluginManager: Mounting plugin CharacterAI
LogPluginManager: Mounting plugin GeometryCache
LogPluginManager: Mounting plugin HTML5Networking
LogPluginManager: Mounting plugin ProxyLODPlugin
LogPluginManager: Mounting plugin SkeletalReduction
LogPluginManager: Mounting plugin MagicLeap
LogPluginManager: Mounting plugin MagicLeapMedia
LogPluginManager: Mounting plugin AndroidMedia
LogPluginManager: Mounting plugin AvfMedia
LogPluginManager: Mounting plugin ImgMedia
LogPluginManager: Mounting plugin LinearTimecode
LogPluginManager: Mounting plugin MediaCompositing
LogPluginManager: Mounting plugin MediaPlayerEditor
LogPluginManager: Mounting plugin WebMMedia
LogPluginManager: Mounting plugin WmfMedia
LogPluginManager: Mounting plugin TcpMessaging
LogPluginManager: Mounting plugin UdpMessaging
LogPluginManager: Mounting plugin ActorSequence
LogPluginManager: Mounting plugin LevelSequenceEditor
LogPluginManager: Mounting plugin MatineeToLevelSequence
LogPluginManager: Mounting plugin NetcodeUnitTest
LogPluginManager: Mounting plugin NUTUnrealEngine4
LogPluginManager: Mounting plugin OnlineSubsystemGooglePlay
LogPluginManager: Mounting plugin OnlineSubsystemIOS
LogPluginManager: Mounting plugin OnlineSubsystem
LogPluginManager: Mounting plugin OnlineSubsystemNull
LogPluginManager: Mounting plugin OnlineSubsystemUtils
LogPluginManager: Mounting plugin LauncherChunkInstaller
LogPluginManager: Mounting plugin AndroidDeviceProfileSelector
LogPluginManager: Mounting plugin AndroidMoviePlayer
LogPluginManager: Mounting plugin AndroidPermission
LogPluginManager: Mounting plugin AppleMoviePlayer
LogPluginManager: Mounting plugin ArchVisCharacter
LogPluginManager: Mounting plugin AudioCapture
LogPluginManager: Mounting plugin CableComponent
LogPluginManager: Mounting plugin CustomMeshComponent
LogPluginManager: Mounting plugin EditableMesh
LogPluginManager: Mounting plugin ExampleDeviceProfileSelector
LogPluginManager: Mounting plugin Firebase
LogPluginManager: Mounting plugin GoogleCloudMessaging
LogPluginManager: Mounting plugin IOSDeviceProfileSelector
LogPluginManager: Mounting plugin LinuxDeviceProfileSelector
LogPluginManager: Mounting plugin LocationServicesBPLibrary
LogPluginManager: Mounting plugin MobilePatchingUtils
LogPluginManager: Mounting plugin OculusVR
LogPluginManager: Mounting plugin PhysXVehicles
LogPluginManager: Mounting plugin ProceduralMeshComponent
LogPluginManager: Mounting plugin RuntimePhysXCooking
LogPluginManager: Mounting plugin SignificanceManager
LogPluginManager: Mounting plugin SteamVR
LogPluginManager: Mounting plugin WebMMoviePlayer
LogPluginManager: Mounting plugin WindowsMoviePlayer
LogInit: Warning: Incompatible or missing module: PathFinding
Running D:/Unreal/UE_4.22/Engine/Binaries/DotNET/UnrealBuildTool.exe Development Win64 -Project="D:/Repos/GameAI/PathfindingLab/PathFinding.uproject" -TargetType=Editor -Progress -NoHotReloadFromIDE
Using 'git status' to determine working set for adaptive non-unity build (D:\Repos\GameAI).
Creating makefile for PathFindingEditor (game project files are newer)
@progress push 5%
Parsing headers for PathFindingEditor
  Running UnrealHeaderTool "D:\Repos\GameAI\PathfindingLab\PathFinding.uproject" "D:\Repos\GameAI\PathfindingLab\Intermediate\Build\Win64\PathFindingEditor\Development\PathFindingEditor.uhtmanifest" -LogCmds="loginit warning, logexit warning, logdatabase error" -Unattended -WarningsAsErrors -installed
Reflection code generated for PathFindingEditor in 30.2964117 seconds
@progress pop
Using Visual Studio 2017 14.16.27023 toolchain (C:\Program Files (x86)\Microsoft Visual Studio\2017\Community\VC\Tools\MSVC\14.16.27023) and Windows 10.0.16299.0 SDK (C:\Program Files (x86)\Windows Kits\10).
Building 27 actions with 8 processes...
  @progress 'Compiling C++ source code...' 0%
  @progress 'Compiling C++ source code...' 4%
  [1/27] SharedPCH.Engine.cpp
  @progress 'Compiling C++ source code...' 7%
  [2/27] ChaseReturnState.cpp
  D:\Unreal\UE_4.22\Engine\Source\Runtime\CoreUObject\Public\UObject/UObject.h(14): warning C4996: 'UObjectHeaderDeprecatedWarning': Including UObject.h has been deprecated. Please include Object.h instead. Please update your code to the new API before upgrading to the next release, otherwise your project will no longer compile.
  D:\Unreal\UE_4.22\Engine\Source\Runtime\CoreUObject\Public\UObject/UObject.h(8): note: see declaration of 'UObjectHeaderDeprecatedWarning'
  ERROR: Unable to rename D:\Repos\GameAI\PathfindingLab\Intermediate\Build\Win64\UE4Editor\Development\PathFinding\ChaseReturnState.cpp.txt.tmp to D:\Repos\GameAI\PathfindingLab\Intermediate\Build\Win64\UE4Editor\Development\PathFinding\ChaseReturnState.cpp.txt
  @progress 'Compiling C++ source code...' 11%
  [3/27] ChaseState.cpp
  D:\Unreal\UE_4.22\Engine\Source\Runtime\CoreUObject\Public\UObject/UObject.h(14): warning C4996: 'UObjectHeaderDeprecatedWarning': Including UObject.h has been deprecated. Please include Object.h instead. Please update your code to the new API before upgrading to the next release, otherwise your project will no longer compile.
  D:\Unreal\UE_4.22\Engine\Source\Runtime\CoreUObject\Public\UObject/UObject.h(8): note: see declaration of 'UObjectHeaderDeprecatedWarning'
  @progress 'Compiling C++ source code...' 15%
  [4/27] PatrolState.cpp
  D:\Unreal\UE_4.22\Engine\Source\Runtime\CoreUObject\Public\UObject/UObject.h(14): warning C4996: 'UObjectHeaderDeprecatedWarning': Including UObject.h has been deprecated. Please include Object.h instead. Please update your code to the new API before upgrading to the next release, otherwise your project will no longer compile.
  D:\Unreal\UE_4.22\Engine\Source\Runtime\CoreUObject\Public\UObject/UObject.h(8): note: see declaration of 'UObjectHeaderDeprecatedWarning'
  @progress 'Compiling C++ source code...' 19%
  [5/27] StateMachine.cpp
  @progress 'Compiling C++ source code...' 22%
  [6/27] StatePrimative.cpp
  D:\Unreal\UE_4.22\Engine\Source\Runtime\CoreUObject\Public\UObject/UObject.h(14): warning C4996: 'UObjectHeaderDeprecatedWarning': Including UObject.h has been deprecated. Please include Object.h instead. Please update your code to the new API before upgrading to the next release, otherwise your project will no longer compile.
  D:\Unreal\UE_4.22\Engine\Source\Runtime\CoreUObject\Public\UObject/UObject.h(8): note: see declaration of 'UObjectHeaderDeprecatedWarning'
  @progress 'Compiling C++ source code...' 26%
  [7/27] StatePathfinder.cpp
  D:\Unreal\UE_4.22\Engine\Source\Runtime\CoreUObject\Public\UObject/UObject.h(14): warning C4996: 'UObjectHeaderDeprecatedWarning': Including UObject.h has been deprecated. Please include Object.h instead. Please update your code to the new API before upgrading to the next release, otherwise your project will no longer compile.
  D:\Unreal\UE_4.22\Engine\Source\Runtime\CoreUObject\Public\UObject/UObject.h(8): note: see declaration of 'UObjectHeaderDeprecatedWarning'
  @progress 'Compiling C++ source code...' 30%
  [8/27] PathBuilder.cpp
  @progress 'Compiling C++ source code...' 33%
  [9/27] MyPathBuilderActor.cpp
  @progress 'Compiling C++ source code...' 37%
  [10/27] PathFinding.cpp
  @progress 'Compiling C++ source code...' 41%
  [11/27] PathFinding.init.gen.cpp
  @progress 'Compiling C++ source code...' 44%
  [12/27] ChaseReturnState.gen.cpp
  D:\Unreal\UE_4.22\Engine\Source\Runtime\CoreUObject\Public\UObject/UObject.h(14): warning C4996: 'UObjectHeaderDeprecatedWarning': Including UObject.h has been deprecated. Please include Object.h instead. Please update your code to the new API before upgrading to the next release, otherwise your project will no longer compile.
  D:\Unreal\UE_4.22\Engine\Source\Runtime\CoreUObject\Public\UObject/UObject.h(8): note: see declaration of 'UObjectHeaderDeprecatedWarning'
  @progress 'Compiling C++ source code...' 48%
  [13/27] ChaseState.gen.cpp
  D:\Unreal\UE_4.22\Engine\Source\Runtime\CoreUObject\Public\UObject/UObject.h(14): warning C4996: 'UObjectHeaderDeprecatedWarning': Including UObject.h has been deprecated. Please include Object.h instead. Please update your code to the new API before upgrading to the next release, otherwise your project will no longer compile.
  D:\Unreal\UE_4.22\Engine\Source\Runtime\CoreUObject\Public\UObject/UObject.h(8): note: see declaration of 'UObjectHeaderDeprecatedWarning'
  @progress 'Compiling C++ source code...' 52%
  [14/27] PatrolState.gen.cpp
  D:\Unreal\UE_4.22\Engine\Source\Runtime\CoreUObject\Public\UObject/UObject.h(14): warning C4996: 'UObjectHeaderDeprecatedWarning': Including UObject.h has been deprecated. Please include Object.h instead. Please update your code to the new API before upgrading to the next release, otherwise your project will no longer compile.
  D:\Unreal\UE_4.22\Engine\Source\Runtime\CoreUObject\Public\UObject/UObject.h(8): note: see declaration of 'UObjectHeaderDeprecatedWarning'
  @progress 'Compiling C++ source code...' 56%
  [15/27] MyPathBuilderActor.gen.cpp
  @progress 'Compiling C++ source code...' 59%
  [16/27] PathFindingActor.gen.cpp
  D:\Unreal\UE_4.22\Engine\Source\Runtime\CoreUObject\Public\UObject/UObject.h(14): warning C4996: 'UObjectHeaderDeprecatedWarning': Including UObject.h has been deprecated. Please include Object.h instead. Please update your code to the new API before upgrading to the next release, otherwise your project will no longer compile.
  D:\Unreal\UE_4.22\Engine\Source\Runtime\CoreUObject\Public\UObject/UObject.h(8): note: see declaration of 'UObjectHeaderDeprecatedWarning'
  @progress 'Compiling C++ source code...' 63%
  [17/27] PathFindingGameModeBase.gen.cpp
  @progress 'Compiling C++ source code...' 67%
  [18/27] PathFindingActor.cpp
  D:\Unreal\UE_4.22\Engine\Source\Runtime\CoreUObject\Public\UObject/UObject.h(14): warning C4996: 'UObjectHeaderDeprecatedWarning': Including UObject.h has been deprecated. Please include Object.h instead. Please update your code to the new API before upgrading to the next release, otherwise your project will no longer compile.
  D:\Unreal\UE_4.22\Engine\Source\Runtime\CoreUObject\Public\UObject/UObject.h(8): note: see declaration of 'UObjectHeaderDeprecatedWarning'
  D:\Repos\GameAI\PathfindingLab\Source\PathFinding\PathFindingActor.cpp(16): warning C4458: declaration of 'pos' hides class member
  d:\repos\gameai\pathfindinglab\source\pathfinding\PathFindingActor.h(42): note: see declaration of 'APathFindingActor::pos'
  @progress 'Compiling C++ source code...' 70%
  [19/27] StatePrimative.gen.cpp
  D:\Unreal\UE_4.22\Engine\Source\Runtime\CoreUObject\Public\UObject/UObject.h(14): warning C4996: 'UObjectHeaderDeprecatedWarning': Including UObject.h has been deprecated. Please include Object.h instead. Please update your code to the new API before upgrading to the next release, otherwise your project will no longer compile.
  D:\Unreal\UE_4.22\Engine\Source\Runtime\CoreUObject\Public\UObject/UObject.h(8): note: see declaration of 'UObjectHeaderDeprecatedWarning'
  @progress 'Compiling C++ source code...' 74%
  [20/27] StateMachine.gen.cpp
  @progress 'Compiling C++ source code...' 78%
  [21/27] StatePathfinder.gen.cpp
  D:\Unreal\UE_4.22\Engine\Source\Runtime\CoreUObject\Public\UObject/UObject.h(14): warning C4996: 'UObjectHeaderDeprecatedWarning': Including UObject.h has been deprecated. Please include Object.h instead. Please update your code to the new API before upgrading to the next release, otherwise your project will no longer compile.
  D:\Unreal\UE_4.22\Engine\Source\Runtime\CoreUObject\Public\UObject/UObject.h(8): note: see declaration of 'UObjectHeaderDeprecatedWarning'
  @progress 'Compiling C++ source code...' 81%
  [22/27] PathFindingGameModeBase.cpp
  @progress 'Compiling C++ source code...' 85%
  [23/27] SteeringActor.gen.cpp
  D:\Unreal\UE_4.22\Engine\Source\Runtime\CoreUObject\Public\UObject/UObject.h(14): warning C4996: 'UObjectHeaderDeprecatedWarning': Including UObject.h has been deprecated. Please include Object.h instead. Please update your code to the new API before upgrading to the next release, otherwise your project will no longer compile.
  D:\Unreal\UE_4.22\Engine\Source\Runtime\CoreUObject\Public\UObject/UObject.h(8): note: see declaration of 'UObjectHeaderDeprecatedWarning'
  @progress 'Compiling C++ source code...' 89%
  [24/27] SteeringActor.cpp
  D:\Unreal\UE_4.22\Engine\Source\Runtime\CoreUObject\Public\UObject/UObject.h(14): warning C4996: 'UObjectHeaderDeprecatedWarning': Including UObject.h has been deprecated. Please include Object.h instead. Please update your code to the new API before upgrading to the next release, otherwise your project will no longer compile.
  D:\Unreal\UE_4.22\Engine\Source\Runtime\CoreUObject\Public\UObject/UObject.h(8): note: see declaration of 'UObjectHeaderDeprecatedWarning'
LogInit: Warning: Still incompatible or missing module: PathFinding
LogExit: Preparing to exit.
LogModuleManager: Shutting down and abandoning module DesktopPlatform (40)
LogModuleManager: Shutting down and abandoning module AnimationModifiers (38)
LogModuleManager: Shutting down and abandoning module PropertyEditor (37)
LogModuleManager: Shutting down and abandoning module AudioEditor (34)
LogModuleManager: Shutting down and abandoning module TextureCompressor (32)
LogModuleManager: Shutting down and abandoning module RenderCore (30)
LogModuleManager: Shutting down and abandoning module Landscape (28)
LogModuleManager: Shutting down and abandoning module SlateRHIRenderer (26)
LogModuleManager: Shutting down and abandoning module OpenGLDrv (24)
LogModuleManager: Shutting down and abandoning module D3D11RHI (22)
LogModuleManager: Shutting down and abandoning module AnimGraphRuntime (20)
LogModuleManager: Shutting down and abandoning module Renderer (18)
LogModuleManager: Shutting down and abandoning module Engine (16)
LogModuleManager: Shutting down and abandoning module CoreUObject (14)
LogModuleManager: Shutting down and abandoning module NetworkFile (12)
LogModuleManager: Shutting down and abandoning module CookedIterativeFile (10)
LogModuleManager: Shutting down and abandoning module StreamingFile (8)
LogModuleManager: Shutting down and abandoning module SandboxFile (6)
LogModuleManager: Shutting down and abandoning module PakFile (4)
LogModuleManager: Shutting down and abandoning module RSA (3)
LogExit: Exiting.
Log file closed, 11/22/19 13:53:31
