Log file open, 11/24/19 15:01:41
LogWindows: Failed to load 'aqProf.dll' (GetLastError=126)
LogWindows: File 'aqProf.dll' does not exist
LogWindows: Failed to load 'VtuneApi.dll' (GetLastError=126)
LogWindows: File 'VtuneApi.dll' does not exist
LogWindows: Failed to load 'VtuneApi32e.dll' (GetLastError=126)
LogWindows: File 'VtuneApi32e.dll' does not exist
LogConsoleResponse: Display: Failed to find resolution value strings in scalability ini. Falling back to default.
LogInit: Display: Running engine for game: PathFinding
LogPakFile: Registered encryption key '00000000000000000000000000000000': 0 pak files mounted, 0 remain pending
LogPlatformFile: Not using cached read wrapper
LogTaskGraph: Started task graph with 5 named threads and 23 total threads with 3 sets of task threads.
LogStats: Stats thread started at 0.277586
LogD3D11RHI: Loaded GFSDK_Aftermath_Lib.x64.dll
LogICUInternationalization: ICU TimeZone Detection - Raw Offset: -5:00, Platform Override: ''
LogPluginManager: Mounting plugin Paper2D
LogPluginManager: Mounting plugin AISupport
LogPluginManager: Mounting plugin LightPropagationVolume
LogPluginManager: Mounting plugin ActorLayerUtilities
LogPluginManager: Mounting plugin AnimationSharing
LogPluginManager: Mounting plugin CLionSourceCodeAccess
LogPluginManager: Mounting plugin CodeLiteSourceCodeAccess
LogPluginManager: Mounting plugin GitSourceControl
LogPluginManager: Mounting plugin KDevelopSourceCodeAccess
LogPluginManager: Mounting plugin NullSourceCodeAccess
LogPluginManager: Mounting plugin PerforceSourceControl
LogPluginManager: Mounting plugin SubversionSourceControl
LogPluginManager: Mounting plugin UObjectPlugin
LogPluginManager: Mounting plugin VisualStudioCodeSourceCodeAccess
LogPluginManager: Mounting plugin VisualStudioSourceCodeAccess
LogPluginManager: Mounting plugin XCodeSourceCodeAccess
LogPluginManager: Mounting plugin AssetManagerEditor
LogPluginManager: Mounting plugin CryptoKeys
LogPluginManager: Mounting plugin DataValidation
LogPluginManager: Mounting plugin FacialAnimation
LogPluginManager: Mounting plugin GameplayTagsEditor
LogPluginManager: Mounting plugin MacGraphicsSwitching
LogPluginManager: Mounting plugin MaterialAnalyzer
LogPluginManager: Mounting plugin MobileLauncherProfileWizard
LogPluginManager: Mounting plugin PluginBrowser
LogPluginManager: Mounting plugin SpeedTreeImporter
LogPluginManager: Mounting plugin DatasmithContent
LogPluginManager: Mounting plugin VariantManagerContent
LogPluginManager: Mounting plugin AlembicImporter
LogPluginManager: Mounting plugin AppleImageUtils
LogPluginManager: Mounting plugin AppleVision
LogPluginManager: Mounting plugin BackChannel
LogPluginManager: Mounting plugin CharacterAI
LogPluginManager: Mounting plugin GeometryCache
LogPluginManager: Mounting plugin HTML5Networking
LogPluginManager: Mounting plugin ProxyLODPlugin
LogPluginManager: Mounting plugin SkeletalReduction
LogPluginManager: Mounting plugin MagicLeap
LogPluginManager: Mounting plugin MagicLeapMedia
LogPluginManager: Mounting plugin AndroidMedia
LogPluginManager: Mounting plugin AvfMedia
LogPluginManager: Mounting plugin ImgMedia
LogPluginManager: Mounting plugin LinearTimecode
LogPluginManager: Mounting plugin MediaCompositing
LogPluginManager: Mounting plugin MediaPlayerEditor
LogPluginManager: Mounting plugin WebMMedia
LogPluginManager: Mounting plugin WmfMedia
LogPluginManager: Mounting plugin TcpMessaging
LogPluginManager: Mounting plugin UdpMessaging
LogPluginManager: Mounting plugin ActorSequence
LogPluginManager: Mounting plugin LevelSequenceEditor
LogPluginManager: Mounting plugin MatineeToLevelSequence
LogPluginManager: Mounting plugin NetcodeUnitTest
LogPluginManager: Mounting plugin NUTUnrealEngine4
LogPluginManager: Mounting plugin OnlineSubsystemGooglePlay
LogPluginManager: Mounting plugin OnlineSubsystemIOS
LogPluginManager: Mounting plugin OnlineSubsystem
LogPluginManager: Mounting plugin OnlineSubsystemNull
LogPluginManager: Mounting plugin OnlineSubsystemUtils
LogPluginManager: Mounting plugin LauncherChunkInstaller
LogPluginManager: Mounting plugin AndroidDeviceProfileSelector
LogPluginManager: Mounting plugin AndroidMoviePlayer
LogPluginManager: Mounting plugin AndroidPermission
LogPluginManager: Mounting plugin AppleMoviePlayer
LogPluginManager: Mounting plugin ArchVisCharacter
LogPluginManager: Mounting plugin AudioCapture
LogPluginManager: Mounting plugin CableComponent
LogPluginManager: Mounting plugin CustomMeshComponent
LogPluginManager: Mounting plugin EditableMesh
LogPluginManager: Mounting plugin ExampleDeviceProfileSelector
LogPluginManager: Mounting plugin Firebase
LogPluginManager: Mounting plugin GoogleCloudMessaging
LogPluginManager: Mounting plugin IOSDeviceProfileSelector
LogPluginManager: Mounting plugin LinuxDeviceProfileSelector
LogPluginManager: Mounting plugin LocationServicesBPLibrary
LogPluginManager: Mounting plugin MobilePatchingUtils
LogPluginManager: Mounting plugin OculusVR
LogPluginManager: Mounting plugin PhysXVehicles
LogPluginManager: Mounting plugin ProceduralMeshComponent
LogPluginManager: Mounting plugin RuntimePhysXCooking
LogPluginManager: Mounting plugin SignificanceManager
LogPluginManager: Mounting plugin SteamVR
LogPluginManager: Mounting plugin WebMMoviePlayer
LogPluginManager: Mounting plugin WindowsMoviePlayer
LogInit: Using libcurl 7.55.1-DEV
LogInit:  - built for x86_64-pc-win32
LogInit:  - supports SSL with OpenSSL/1.1.1
LogInit:  - supports HTTP deflate (compression) using libz 1.2.8
LogInit:  - other features:
LogInit:      CURL_VERSION_SSL
LogInit:      CURL_VERSION_LIBZ
LogInit:      CURL_VERSION_IPV6
LogInit:      CURL_VERSION_ASYNCHDNS
LogInit:      CURL_VERSION_LARGEFILE
LogInit:      CURL_VERSION_IDN
LogInit:  CurlRequestOptions (configurable via config and command line):
LogInit:  - bVerifyPeer = true  - Libcurl will verify peer certificate
LogInit:  - bUseHttpProxy = false  - Libcurl will NOT use HTTP proxy
LogInit:  - bDontReuseConnections = false  - Libcurl will reuse connections
LogInit:  - MaxHostConnections = 16  - Libcurl will limit the number of connections to a host
LogInit:  - LocalHostAddr = Default
LogInit:  - BufferSize = 65536
LogInit: WinSock: version 1.1 (2.2), MaxSocks=32767, MaxUdp=65467
LogInit: Build: ++UE4+Release-4.22-CL-7053642
LogInit: Engine Version: 4.22.3-7053642+++UE4+Release-4.22
LogInit: Compatible Engine Version: 4.22.0-5660361+++UE4+Release-4.22
LogInit: Net CL: 5660361
LogInit: OS: Windows 10 (Release 1903) (), CPU: Intel(R) Core(TM) i7-7700HQ CPU @ 2.80GHz, GPU: Intel(R) HD Graphics 630
LogInit: Compiled (64-bit): Jun 18 2019 03:09:11
LogInit: Compiled with Visual C++: 19.16.27025.01
LogInit: Build Configuration: Development
LogInit: Branch Name: ++UE4+Release-4.22
LogInit: Command Line: 
LogInit: Base Directory: D:/Unreal/UE_4.22/Engine/Binaries/Win64/
LogInit: Installed Engine Build: 1
LogDevObjectVersion: Number of dev versions registered: 23
LogDevObjectVersion:   Dev-Blueprints (B0D832E4-1F89-4F0D-ACCF-7EB736FD4AA2): 10
LogDevObjectVersion:   Dev-Build (E1C64328-A22C-4D53-A36C-8E866417BD8C): 0
LogDevObjectVersion:   Dev-Core (375EC13C-06E4-48FB-B500-84F0262A717E): 3
LogDevObjectVersion:   Dev-Editor (E4B068ED-F494-42E9-A231-DA0B2E46BB41): 30
LogDevObjectVersion:   Dev-Framework (CFFC743F-43B0-4480-9391-14DF171D2073): 35
LogDevObjectVersion:   Dev-Mobile (B02B49B5-BB20-44E9-A304-32B752E40360): 2
LogDevObjectVersion:   Dev-Networking (A4E4105C-59A1-49B5-A7C5-40C4547EDFEE): 0
LogDevObjectVersion:   Dev-Online (39C831C9-5AE6-47DC-9A44-9C173E1C8E7C): 0
LogDevObjectVersion:   Dev-Physics (78F01B33-EBEA-4F98-B9B4-84EACCB95AA2): 0
LogDevObjectVersion:   Dev-Platform (6631380F-2D4D-43E0-8009-CF276956A95A): 0
LogDevObjectVersion:   Dev-Rendering (12F88B9F-8875-4AFC-A67C-D90C383ABD29): 28
LogDevObjectVersion:   Dev-Sequencer (7B5AE74C-D270-4C10-A958-57980B212A5A): 11
LogDevObjectVersion:   Dev-VR (D7296918-1DD6-4BDD-9DE2-64A83CC13884): 2
LogDevObjectVersion:   Dev-LoadTimes (C2A15278-BFE7-4AFE-6C17-90FF531DF755): 1
LogDevObjectVersion:   Private-Geometry (6EACA3D4-40EC-4CC1-B786-8BED09428FC5): 3
LogDevObjectVersion:   Dev-AnimPhys (29E575DD-E0A3-4627-9D10-D276232CDCEA): 17
LogDevObjectVersion:   Dev-Anim (AF43A65D-7FD3-4947-9873-3E8ED9C1BB05): 2
LogDevObjectVersion:   Dev-ReflectionCapture (6B266CEC-1EC7-4B8F-A30B-E4D90942FC07): 1
LogDevObjectVersion:   Dev-Automation (0DF73D61-A23F-47EA-B727-89E90C41499A): 1
LogDevObjectVersion:   FortniteMain (601D1886-AC64-4F84-AA16-D3DE0DEAC7D6): 25
LogDevObjectVersion:   Dev-Enterprise (9DFFBCD6-494F-0158-E221-12823C92A888): 6
LogDevObjectVersion:   Dev-Niagara (F2AED0AC-9AFE-416F-8664-AA7FFA26D6FC): 1
LogDevObjectVersion:   Dev-Destruction (174F1F0B-B4C6-45A5-B13F-2EE8D0FB917D): 2
LogInit: Presizing for max 16777216 objects, including 0 objects not considered by GC, pre-allocating 0 bytes for permanent pool.
LogInit: Object subsystem initialized
LogConfig: Setting CVar [[con.DebugEarlyDefault:1]]
LogConfig: Setting CVar [[r.setres:1280x720]]
[2019.11.24-20.01.42:469][  0]LogConfig: Setting CVar [[r.VSync:0]]
[2019.11.24-20.01.42:469][  0]LogConfig: Setting CVar [[r.RHICmdBypass:0]]
[2019.11.24-20.01.42:469][  0]LogConfig: Applying CVar settings from Section [/Script/Engine.RendererSettings] File [D:/Repos/GameAI/PathfindingLab/Saved/Config/Windows/Engine.ini]
[2019.11.24-20.01.42:470][  0]LogConfig: Setting CVar [[r.GPUCrashDebugging:0]]
[2019.11.24-20.01.42:470][  0]LogConfig: Setting CVar [[r.DefaultFeature.AutoExposure.ExtendDefaultLuminanceRange:1]]
[2019.11.24-20.01.42:470][  0]LogConfig: Applying CVar settings from Section [/Script/Engine.RendererOverrideSettings] File [D:/Repos/GameAI/PathfindingLab/Saved/Config/Windows/Engine.ini]
[2019.11.24-20.01.42:470][  0]LogConfig: Applying CVar settings from Section [/Script/Engine.StreamingSettings] File [D:/Repos/GameAI/PathfindingLab/Saved/Config/Windows/Engine.ini]
[2019.11.24-20.01.42:470][  0]LogConfig: Setting CVar [[s.MinBulkDataSizeForAsyncLoading:131072]]
[2019.11.24-20.01.42:470][  0]LogConfig: Setting CVar [[s.AsyncLoadingThreadEnabled:0]]
[2019.11.24-20.01.42:470][  0]LogConfig: Setting CVar [[s.EventDrivenLoaderEnabled:1]]
[2019.11.24-20.01.42:470][  0]LogConfig: Setting CVar [[s.WarnIfTimeLimitExceeded:0]]
[2019.11.24-20.01.42:470][  0]LogConfig: Setting CVar [[s.TimeLimitExceededMultiplier:1.5]]
[2019.11.24-20.01.42:470][  0]LogConfig: Setting CVar [[s.TimeLimitExceededMinTime:0.005]]
[2019.11.24-20.01.42:470][  0]LogConfig: Setting CVar [[s.UseBackgroundLevelStreaming:1]]
[2019.11.24-20.01.42:470][  0]LogConfig: Setting CVar [[s.PriorityAsyncLoadingExtraTime:15.0]]
[2019.11.24-20.01.42:470][  0]LogConfig: Setting CVar [[s.LevelStreamingActorsUpdateTimeLimit:5.0]]
[2019.11.24-20.01.42:470][  0]LogConfig: Setting CVar [[s.PriorityLevelStreamingActorsUpdateExtraTime:5.0]]
[2019.11.24-20.01.42:470][  0]LogConfig: Setting CVar [[s.LevelStreamingComponentsRegistrationGranularity:10]]
[2019.11.24-20.01.42:470][  0]LogConfig: Setting CVar [[s.UnregisterComponentsTimeLimit:1.0]]
[2019.11.24-20.01.42:470][  0]LogConfig: Setting CVar [[s.LevelStreamingComponentsUnregistrationGranularity:5]]
[2019.11.24-20.01.42:470][  0]LogConfig: Applying CVar settings from Section [/Script/Engine.GarbageCollectionSettings] File [D:/Repos/GameAI/PathfindingLab/Saved/Config/Windows/Engine.ini]
[2019.11.24-20.01.42:470][  0]LogConfig: Setting CVar [[gc.MaxObjectsNotConsideredByGC:1]]
[2019.11.24-20.01.42:470][  0]LogConfig: Setting CVar [[gc.SizeOfPermanentObjectPool:0]]
[2019.11.24-20.01.42:470][  0]LogConfig: Setting CVar [[gc.FlushStreamingOnGC:0]]
[2019.11.24-20.01.42:470][  0]LogConfig: Setting CVar [[gc.NumRetriesBeforeForcingGC:10]]
[2019.11.24-20.01.42:470][  0]LogConfig: Setting CVar [[gc.AllowParallelGC:1]]
[2019.11.24-20.01.42:470][  0]LogConfig: Setting CVar [[gc.TimeBetweenPurgingPendingKillObjects:61.1]]
[2019.11.24-20.01.42:470][  0]LogConfig: Setting CVar [[gc.MaxObjectsInEditor:16777216]]
[2019.11.24-20.01.42:470][  0]LogConfig: Setting CVar [[gc.IncrementalBeginDestroyEnabled:1]]
[2019.11.24-20.01.42:470][  0]LogConfig: Setting CVar [[gc.CreateGCClusters:1]]
[2019.11.24-20.01.42:470][  0]LogConfig: Setting CVar [[gc.MinGCClusterSize:5]]
[2019.11.24-20.01.42:470][  0]LogConfig: Setting CVar [[gc.ActorClusteringEnabled:0]]
[2019.11.24-20.01.42:470][  0]LogConfig: Setting CVar [[gc.BlueprintClusteringEnabled:0]]
[2019.11.24-20.01.42:470][  0]LogConfig: Setting CVar [[gc.UseDisregardForGCOnDedicatedServers:0]]
[2019.11.24-20.01.42:470][  0]LogConfig: Applying CVar settings from Section [/Script/Engine.NetworkSettings] File [D:/Repos/GameAI/PathfindingLab/Saved/Config/Windows/Engine.ini]
[2019.11.24-20.01.42:471][  0]LogConfig: Applying CVar settings from Section [/Script/UnrealEd.CookerSettings] File [D:/Repos/GameAI/PathfindingLab/Saved/Config/Windows/Engine.ini]
[2019.11.24-20.01.42:474][  0]LogConfig: Applying CVar settings from Section [ViewDistanceQuality@3] File [D:/Repos/GameAI/PathfindingLab/Saved/Config/Windows/Scalability.ini]
[2019.11.24-20.01.42:475][  0]LogConfig: Setting CVar [[r.SkeletalMeshLODBias:0]]
[2019.11.24-20.01.42:475][  0]LogConfig: Setting CVar [[r.ViewDistanceScale:1.0]]
[2019.11.24-20.01.42:475][  0]LogConfig: Applying CVar settings from Section [AntiAliasingQuality@3] File [D:/Repos/GameAI/PathfindingLab/Saved/Config/Windows/Scalability.ini]
[2019.11.24-20.01.42:475][  0]LogConfig: Setting CVar [[r.PostProcessAAQuality:4]]
[2019.11.24-20.01.42:475][  0]LogConfig: Applying CVar settings from Section [ShadowQuality@3] File [D:/Repos/GameAI/PathfindingLab/Saved/Config/Windows/Scalability.ini]
[2019.11.24-20.01.42:475][  0]LogConfig: Setting CVar [[r.LightFunctionQuality:1]]
[2019.11.24-20.01.42:475][  0]LogConfig: Setting CVar [[r.ShadowQuality:5]]
[2019.11.24-20.01.42:475][  0]LogConfig: Setting CVar [[r.Shadow.CSM.MaxCascades:10]]
[2019.11.24-20.01.42:475][  0]LogConfig: Setting CVar [[r.Shadow.MaxResolution:2048]]
[2019.11.24-20.01.42:475][  0]LogConfig: Setting CVar [[r.Shadow.MaxCSMResolution:2048]]
[2019.11.24-20.01.42:475][  0]LogConfig: Setting CVar [[r.Shadow.RadiusThreshold:0.01]]
[2019.11.24-20.01.42:475][  0]LogConfig: Setting CVar [[r.Shadow.DistanceScale:1.0]]
[2019.11.24-20.01.42:475][  0]LogConfig: Setting CVar [[r.Shadow.CSM.TransitionScale:1.0]]
[2019.11.24-20.01.42:475][  0]LogConfig: Setting CVar [[r.Shadow.PreShadowResolutionFactor:1.0]]
[2019.11.24-20.01.42:475][  0]LogConfig: Setting CVar [[r.DistanceFieldShadowing:1]]
[2019.11.24-20.01.42:475][  0]LogConfig: Setting CVar [[r.DistanceFieldAO:1]]
[2019.11.24-20.01.42:475][  0]LogConfig: Setting CVar [[r.AOQuality:2]]
[2019.11.24-20.01.42:475][  0]LogConfig: Setting CVar [[r.VolumetricFog:1]]
[2019.11.24-20.01.42:475][  0]LogConfig: Setting CVar [[r.VolumetricFog.GridPixelSize:8]]
[2019.11.24-20.01.42:475][  0]LogConfig: Setting CVar [[r.VolumetricFog.GridSizeZ:128]]
[2019.11.24-20.01.42:475][  0]LogConfig: Setting CVar [[r.VolumetricFog.HistoryMissSupersampleCount:4]]
[2019.11.24-20.01.42:475][  0]LogConfig: Setting CVar [[r.LightMaxDrawDistanceScale:1]]
[2019.11.24-20.01.42:475][  0]LogConfig: Setting CVar [[r.CapsuleShadows:1]]
[2019.11.24-20.01.42:475][  0]LogConfig: Applying CVar settings from Section [PostProcessQuality@3] File [D:/Repos/GameAI/PathfindingLab/Saved/Config/Windows/Scalability.ini]
[2019.11.24-20.01.42:475][  0]LogConfig: Setting CVar [[r.MotionBlurQuality:4]]
[2019.11.24-20.01.42:475][  0]LogConfig: Setting CVar [[r.AmbientOcclusionMipLevelFactor:0.4]]
[2019.11.24-20.01.42:475][  0]LogConfig: Setting CVar [[r.AmbientOcclusionMaxQuality:100]]
[2019.11.24-20.01.42:475][  0]LogConfig: Setting CVar [[r.AmbientOcclusionLevels:-1]]
[2019.11.24-20.01.42:475][  0]LogConfig: Setting CVar [[r.AmbientOcclusionRadiusScale:1.0]]
[2019.11.24-20.01.42:475][  0]LogConfig: Setting CVar [[r.DepthOfFieldQuality:2]]
[2019.11.24-20.01.42:475][  0]LogConfig: Setting CVar [[r.RenderTargetPoolMin:400]]
[2019.11.24-20.01.42:475][  0]LogConfig: Setting CVar [[r.LensFlareQuality:2]]
[2019.11.24-20.01.42:476][  0]LogConfig: Setting CVar [[r.SceneColorFringeQuality:1]]
[2019.11.24-20.01.42:476][  0]LogConfig: Setting CVar [[r.EyeAdaptationQuality:2]]
[2019.11.24-20.01.42:476][  0]LogConfig: Setting CVar [[r.BloomQuality:5]]
[2019.11.24-20.01.42:476][  0]LogConfig: Setting CVar [[r.FastBlurThreshold:100]]
[2019.11.24-20.01.42:476][  0]LogConfig: Setting CVar [[r.Upscale.Quality:3]]
[2019.11.24-20.01.42:476][  0]LogConfig: Setting CVar [[r.Tonemapper.GrainQuantization:1]]
[2019.11.24-20.01.42:476][  0]LogConfig: Setting CVar [[r.LightShaftQuality:1]]
[2019.11.24-20.01.42:476][  0]LogConfig: Setting CVar [[r.Filter.SizeScale:1]]
[2019.11.24-20.01.42:476][  0]LogConfig: Setting CVar [[r.Tonemapper.Quality:5]]
[2019.11.24-20.01.42:476][  0]LogConfig: Setting CVar [[r.DOF.Gather.AccumulatorQuality:1        ; higher gathering accumulator quality]]
[2019.11.24-20.01.42:476][  0]LogConfig: Setting CVar [[r.DOF.Gather.PostfilterMethod:1          ; Median3x3 postfilering method]]
[2019.11.24-20.01.42:476][  0]LogConfig: Setting CVar [[r.DOF.Gather.EnableBokehSettings:0       ; no bokeh simulation when gathering]]
[2019.11.24-20.01.42:476][  0]LogConfig: Setting CVar [[r.DOF.Gather.RingCount:4                 ; medium number of samples when gathering]]
[2019.11.24-20.01.42:476][  0]LogConfig: Setting CVar [[r.DOF.Scatter.ForegroundCompositing:1    ; additive foreground scattering]]
[2019.11.24-20.01.42:476][  0]LogConfig: Setting CVar [[r.DOF.Scatter.BackgroundCompositing:2    ; additive background scattering]]
[2019.11.24-20.01.42:476][  0]LogConfig: Setting CVar [[r.DOF.Scatter.EnableBokehSettings:1      ; bokeh simulation when scattering]]
[2019.11.24-20.01.42:476][  0]LogConfig: Setting CVar [[r.DOF.Scatter.MaxSpriteRatio:0.1         ; only a maximum of 10% of scattered bokeh]]
[2019.11.24-20.01.42:476][  0]LogConfig: Setting CVar [[r.DOF.Recombine.Quality:1                ; cheap slight out of focus]]
[2019.11.24-20.01.42:476][  0]LogConfig: Setting CVar [[r.DOF.Recombine.EnableBokehSettings:0    ; no bokeh simulation on slight out of focus]]
[2019.11.24-20.01.42:476][  0]LogConfig: Setting CVar [[r.DOF.TemporalAAQuality:1                ; more stable temporal accumulation]]
[2019.11.24-20.01.42:476][  0]LogConfig: Setting CVar [[r.DOF.Kernel.MaxForegroundRadius:0.025]]
[2019.11.24-20.01.42:476][  0]LogConfig: Setting CVar [[r.DOF.Kernel.MaxBackgroundRadius:0.025]]
[2019.11.24-20.01.42:476][  0]LogConfig: Applying CVar settings from Section [TextureQuality@3] File [D:/Repos/GameAI/PathfindingLab/Saved/Config/Windows/Scalability.ini]
[2019.11.24-20.01.42:476][  0]LogConfig: Setting CVar [[r.Streaming.MipBias:0]]
[2019.11.24-20.01.42:476][  0]LogConfig: Setting CVar [[r.Streaming.AmortizeCPUToGPUCopy:0]]
[2019.11.24-20.01.42:476][  0]LogConfig: Setting CVar [[r.Streaming.MaxNumTexturesToStreamPerFrame:0]]
[2019.11.24-20.01.42:476][  0]LogConfig: Setting CVar [[r.Streaming.Boost:1]]
[2019.11.24-20.01.42:476][  0]LogConfig: Setting CVar [[r.MaxAnisotropy:8]]
[2019.11.24-20.01.42:476][  0]LogConfig: Setting CVar [[r.Streaming.LimitPoolSizeToVRAM:0]]
[2019.11.24-20.01.42:476][  0]LogConfig: Setting CVar [[r.Streaming.PoolSize:1000]]
[2019.11.24-20.01.42:476][  0]LogConfig: Setting CVar [[r.Streaming.MaxEffectiveScreenSize:0]]
[2019.11.24-20.01.42:476][  0]LogConfig: Applying CVar settings from Section [EffectsQuality@3] File [D:/Repos/GameAI/PathfindingLab/Saved/Config/Windows/Scalability.ini]
[2019.11.24-20.01.42:476][  0]LogConfig: Setting CVar [[r.TranslucencyLightingVolumeDim:64]]
[2019.11.24-20.01.42:476][  0]LogConfig: Setting CVar [[r.RefractionQuality:2]]
[2019.11.24-20.01.42:476][  0]LogConfig: Setting CVar [[r.SSR.Quality:3]]
[2019.11.24-20.01.42:476][  0]LogConfig: Setting CVar [[r.SceneColorFormat:4]]
[2019.11.24-20.01.42:476][  0]LogConfig: Setting CVar [[r.DetailMode:2]]
[2019.11.24-20.01.42:476][  0]LogConfig: Setting CVar [[r.TranslucencyVolumeBlur:1]]
[2019.11.24-20.01.42:476][  0]LogConfig: Setting CVar [[r.MaterialQualityLevel:1 ; High quality]]
[2019.11.24-20.01.42:476][  0]LogConfig: Setting CVar [[r.SSS.Scale:1]]
[2019.11.24-20.01.42:476][  0]LogConfig: Setting CVar [[r.SSS.SampleSet:2]]
[2019.11.24-20.01.42:476][  0]LogConfig: Setting CVar [[r.SSS.Quality:1]]
[2019.11.24-20.01.42:477][  0]LogConfig: Setting CVar [[r.SSS.HalfRes:1]]
[2019.11.24-20.01.42:477][  0]LogConfig: Setting CVar [[r.EmitterSpawnRateScale:1.0]]
[2019.11.24-20.01.42:477][  0]LogConfig: Setting CVar [[r.ParticleLightQuality:2]]
[2019.11.24-20.01.42:477][  0]LogConfig: Applying CVar settings from Section [FoliageQuality@3] File [D:/Repos/GameAI/PathfindingLab/Saved/Config/Windows/Scalability.ini]
[2019.11.24-20.01.42:477][  0]LogConfig: Setting CVar [[foliage.DensityScale:1.0]]
[2019.11.24-20.01.42:477][  0]LogConfig: Setting CVar [[grass.DensityScale:1.0]]
[2019.11.24-20.01.42:477][  0]LogInit: Selected Device Profile: [Windows]
[2019.11.24-20.01.42:477][  0]LogInit: Applying CVar settings loaded from the selected device profile: [Windows]
[2019.11.24-20.01.42:488][  0]LogHAL: Display: Platform has ~ 12 GB [12740149248 / 17179869184 / 12], which maps to Larger [LargestMinGB=32, LargerMinGB=12, DefaultMinGB=8, SmallerMinGB=6, SmallestMinGB=0)
[2019.11.24-20.01.42:488][  0]LogConfig: Setting CVar [[r.Vulkan.UseRealUBs:0		; Required until we fix HLR fall-out]]
[2019.11.24-20.01.42:488][  0]LogInit: Going up to parent DeviceProfile []
[2019.11.24-20.01.42:489][  0]LogConfig: Applying CVar settings from Section [ViewDistanceQuality@3] File [D:/Repos/GameAI/PathfindingLab/Saved/Config/Windows/Scalability.ini]
[2019.11.24-20.01.42:489][  0]LogConfig: Setting CVar [[r.SkeletalMeshLODBias:0]]
[2019.11.24-20.01.42:489][  0]LogConfig: Setting CVar [[r.ViewDistanceScale:1.0]]
[2019.11.24-20.01.42:489][  0]LogConfig: Applying CVar settings from Section [AntiAliasingQuality@3] File [D:/Repos/GameAI/PathfindingLab/Saved/Config/Windows/Scalability.ini]
[2019.11.24-20.01.42:489][  0]LogConfig: Setting CVar [[r.PostProcessAAQuality:4]]
[2019.11.24-20.01.42:489][  0]LogConfig: Applying CVar settings from Section [ShadowQuality@3] File [D:/Repos/GameAI/PathfindingLab/Saved/Config/Windows/Scalability.ini]
[2019.11.24-20.01.42:489][  0]LogConfig: Setting CVar [[r.LightFunctionQuality:1]]
[2019.11.24-20.01.42:489][  0]LogConfig: Setting CVar [[r.ShadowQuality:5]]
[2019.11.24-20.01.42:489][  0]LogConfig: Setting CVar [[r.Shadow.CSM.MaxCascades:10]]
[2019.11.24-20.01.42:489][  0]LogConfig: Setting CVar [[r.Shadow.MaxResolution:2048]]
[2019.11.24-20.01.42:489][  0]LogConfig: Setting CVar [[r.Shadow.MaxCSMResolution:2048]]
[2019.11.24-20.01.42:489][  0]LogConfig: Setting CVar [[r.Shadow.RadiusThreshold:0.01]]
[2019.11.24-20.01.42:489][  0]LogConfig: Setting CVar [[r.Shadow.DistanceScale:1.0]]
[2019.11.24-20.01.42:489][  0]LogConfig: Setting CVar [[r.Shadow.CSM.TransitionScale:1.0]]
[2019.11.24-20.01.42:489][  0]LogConfig: Setting CVar [[r.Shadow.PreShadowResolutionFactor:1.0]]
[2019.11.24-20.01.42:489][  0]LogConfig: Setting CVar [[r.DistanceFieldShadowing:1]]
[2019.11.24-20.01.42:489][  0]LogConfig: Setting CVar [[r.DistanceFieldAO:1]]
[2019.11.24-20.01.42:489][  0]LogConfig: Setting CVar [[r.AOQuality:2]]
[2019.11.24-20.01.42:489][  0]LogConfig: Setting CVar [[r.VolumetricFog:1]]
[2019.11.24-20.01.42:489][  0]LogConfig: Setting CVar [[r.VolumetricFog.GridPixelSize:8]]
[2019.11.24-20.01.42:489][  0]LogConfig: Setting CVar [[r.VolumetricFog.GridSizeZ:128]]
[2019.11.24-20.01.42:489][  0]LogConfig: Setting CVar [[r.VolumetricFog.HistoryMissSupersampleCount:4]]
[2019.11.24-20.01.42:489][  0]LogConfig: Setting CVar [[r.LightMaxDrawDistanceScale:1]]
[2019.11.24-20.01.42:489][  0]LogConfig: Setting CVar [[r.CapsuleShadows:1]]
[2019.11.24-20.01.42:489][  0]LogConfig: Applying CVar settings from Section [PostProcessQuality@3] File [D:/Repos/GameAI/PathfindingLab/Saved/Config/Windows/Scalability.ini]
[2019.11.24-20.01.42:489][  0]LogConfig: Setting CVar [[r.MotionBlurQuality:4]]
[2019.11.24-20.01.42:489][  0]LogConfig: Setting CVar [[r.AmbientOcclusionMipLevelFactor:0.4]]
[2019.11.24-20.01.42:489][  0]LogConfig: Setting CVar [[r.AmbientOcclusionMaxQuality:100]]
[2019.11.24-20.01.42:489][  0]LogConfig: Setting CVar [[r.AmbientOcclusionLevels:-1]]
[2019.11.24-20.01.42:489][  0]LogConfig: Setting CVar [[r.AmbientOcclusionRadiusScale:1.0]]
[2019.11.24-20.01.42:489][  0]LogConfig: Setting CVar [[r.DepthOfFieldQuality:2]]
[2019.11.24-20.01.42:489][  0]LogConfig: Setting CVar [[r.RenderTargetPoolMin:400]]
[2019.11.24-20.01.42:489][  0]LogConfig: Setting CVar [[r.LensFlareQuality:2]]
[2019.11.24-20.01.42:489][  0]LogConfig: Setting CVar [[r.SceneColorFringeQuality:1]]
[2019.11.24-20.01.42:489][  0]LogConfig: Setting CVar [[r.EyeAdaptationQuality:2]]
[2019.11.24-20.01.42:489][  0]LogConfig: Setting CVar [[r.BloomQuality:5]]
[2019.11.24-20.01.42:489][  0]LogConfig: Setting CVar [[r.FastBlurThreshold:100]]
[2019.11.24-20.01.42:489][  0]LogConfig: Setting CVar [[r.Upscale.Quality:3]]
[2019.11.24-20.01.42:489][  0]LogConfig: Setting CVar [[r.Tonemapper.GrainQuantization:1]]
[2019.11.24-20.01.42:489][  0]LogConfig: Setting CVar [[r.LightShaftQuality:1]]
[2019.11.24-20.01.42:489][  0]LogConfig: Setting CVar [[r.Filter.SizeScale:1]]
[2019.11.24-20.01.42:489][  0]LogConfig: Setting CVar [[r.Tonemapper.Quality:5]]
[2019.11.24-20.01.42:489][  0]LogConfig: Setting CVar [[r.DOF.Gather.AccumulatorQuality:1        ; higher gathering accumulator quality]]
[2019.11.24-20.01.42:489][  0]LogConfig: Setting CVar [[r.DOF.Gather.PostfilterMethod:1          ; Median3x3 postfilering method]]
[2019.11.24-20.01.42:489][  0]LogConfig: Setting CVar [[r.DOF.Gather.EnableBokehSettings:0       ; no bokeh simulation when gathering]]
[2019.11.24-20.01.42:489][  0]LogConfig: Setting CVar [[r.DOF.Gather.RingCount:4                 ; medium number of samples when gathering]]
[2019.11.24-20.01.42:489][  0]LogConfig: Setting CVar [[r.DOF.Scatter.ForegroundCompositing:1    ; additive foreground scattering]]
[2019.11.24-20.01.42:489][  0]LogConfig: Setting CVar [[r.DOF.Scatter.BackgroundCompositing:2    ; additive background scattering]]
[2019.11.24-20.01.42:489][  0]LogConfig: Setting CVar [[r.DOF.Scatter.EnableBokehSettings:1      ; bokeh simulation when scattering]]
[2019.11.24-20.01.42:489][  0]LogConfig: Setting CVar [[r.DOF.Scatter.MaxSpriteRatio:0.1         ; only a maximum of 10% of scattered bokeh]]
[2019.11.24-20.01.42:489][  0]LogConfig: Setting CVar [[r.DOF.Recombine.Quality:1                ; cheap slight out of focus]]
[2019.11.24-20.01.42:489][  0]LogConfig: Setting CVar [[r.DOF.Recombine.EnableBokehSettings:0    ; no bokeh simulation on slight out of focus]]
[2019.11.24-20.01.42:489][  0]LogConfig: Setting CVar [[r.DOF.TemporalAAQuality:1                ; more stable temporal accumulation]]
[2019.11.24-20.01.42:489][  0]LogConfig: Setting CVar [[r.DOF.Kernel.MaxForegroundRadius:0.025]]
[2019.11.24-20.01.42:489][  0]LogConfig: Setting CVar [[r.DOF.Kernel.MaxBackgroundRadius:0.025]]
[2019.11.24-20.01.42:489][  0]LogConfig: Applying CVar settings from Section [TextureQuality@3] File [D:/Repos/GameAI/PathfindingLab/Saved/Config/Windows/Scalability.ini]
[2019.11.24-20.01.42:489][  0]LogConfig: Setting CVar [[r.Streaming.MipBias:0]]
[2019.11.24-20.01.42:489][  0]LogConfig: Setting CVar [[r.Streaming.AmortizeCPUToGPUCopy:0]]
[2019.11.24-20.01.42:489][  0]LogConfig: Setting CVar [[r.Streaming.MaxNumTexturesToStreamPerFrame:0]]
[2019.11.24-20.01.42:489][  0]LogConfig: Setting CVar [[r.Streaming.Boost:1]]
[2019.11.24-20.01.42:489][  0]LogConfig: Setting CVar [[r.MaxAnisotropy:8]]
[2019.11.24-20.01.42:489][  0]LogConfig: Setting CVar [[r.Streaming.LimitPoolSizeToVRAM:0]]
[2019.11.24-20.01.42:489][  0]LogConfig: Setting CVar [[r.Streaming.PoolSize:1000]]
[2019.11.24-20.01.42:489][  0]LogConfig: Setting CVar [[r.Streaming.MaxEffectiveScreenSize:0]]
[2019.11.24-20.01.42:489][  0]LogConfig: Applying CVar settings from Section [EffectsQuality@3] File [D:/Repos/GameAI/PathfindingLab/Saved/Config/Windows/Scalability.ini]
[2019.11.24-20.01.42:489][  0]LogConfig: Setting CVar [[r.TranslucencyLightingVolumeDim:64]]
[2019.11.24-20.01.42:489][  0]LogConfig: Setting CVar [[r.RefractionQuality:2]]
[2019.11.24-20.01.42:489][  0]LogConfig: Setting CVar [[r.SSR.Quality:3]]
[2019.11.24-20.01.42:489][  0]LogConfig: Setting CVar [[r.SceneColorFormat:4]]
[2019.11.24-20.01.42:489][  0]LogConfig: Setting CVar [[r.DetailMode:2]]
[2019.11.24-20.01.42:489][  0]LogConfig: Setting CVar [[r.TranslucencyVolumeBlur:1]]
[2019.11.24-20.01.42:489][  0]LogConfig: Setting CVar [[r.MaterialQualityLevel:1 ; High quality]]
[2019.11.24-20.01.42:489][  0]LogConfig: Setting CVar [[r.SSS.Scale:1]]
[2019.11.24-20.01.42:489][  0]LogConfig: Setting CVar [[r.SSS.SampleSet:2]]
[2019.11.24-20.01.42:490][  0]LogConfig: Setting CVar [[r.SSS.Quality:1]]
[2019.11.24-20.01.42:490][  0]LogConfig: Setting CVar [[r.SSS.HalfRes:1]]
[2019.11.24-20.01.42:490][  0]LogConfig: Setting CVar [[r.EmitterSpawnRateScale:1.0]]
[2019.11.24-20.01.42:490][  0]LogConfig: Setting CVar [[r.ParticleLightQuality:2]]
[2019.11.24-20.01.42:490][  0]LogConfig: Applying CVar settings from Section [FoliageQuality@3] File [D:/Repos/GameAI/PathfindingLab/Saved/Config/Windows/Scalability.ini]
[2019.11.24-20.01.42:490][  0]LogConfig: Setting CVar [[foliage.DensityScale:1.0]]
[2019.11.24-20.01.42:490][  0]LogConfig: Setting CVar [[grass.DensityScale:1.0]]
[2019.11.24-20.01.42:490][  0]LogConfig: Applying CVar settings from Section [Startup] File [../../../Engine/Config/ConsoleVariables.ini]
[2019.11.24-20.01.42:490][  0]LogConfig: Setting CVar [[net.UseAdaptiveNetUpdateFrequency:0]]
[2019.11.24-20.01.42:490][  0]LogConfig: Setting CVar [[p.chaos.AllowCreatePhysxBodies:1]]
[2019.11.24-20.01.42:490][  0]LogConfig: Applying CVar settings from Section [ConsoleVariables] File [D:/Repos/GameAI/PathfindingLab/Saved/Config/Windows/Engine.ini]
[2019.11.24-20.01.42:490][  0]LogInit: Computer: DESKTOP-TJ4L05U
[2019.11.24-20.01.42:490][  0]LogInit: User: Lance
[2019.11.24-20.01.42:490][  0]LogInit: CPU Page size=4096, Cores=4
[2019.11.24-20.01.42:490][  0]LogInit: High frequency timer resolution =10.000000 MHz
[2019.11.24-20.01.42:490][  0]LogMemory: Memory total: Physical=11.9GB (12GB approx)
[2019.11.24-20.01.42:490][  0]LogMemory: Platform Memory Stats for Windows
[2019.11.24-20.01.42:490][  0]LogMemory: Process Physical Memory: 96.14 MB used, 96.14 MB peak
[2019.11.24-20.01.42:490][  0]LogMemory: Process Virtual Memory: 90.63 MB used, 90.63 MB peak
[2019.11.24-20.01.42:490][  0]LogMemory: Physical Memory: 9829.11 MB used,  2320.84 MB free, 12149.95 MB total
[2019.11.24-20.01.42:490][  0]LogMemory: Virtual Memory: 4643.77 MB used,  134213088.00 MB free, 134217728.00 MB total
[2019.11.24-20.01.42:521][  0]LogInit: Using OS detected language (en-US).
[2019.11.24-20.01.42:521][  0]LogInit: Using OS detected locale (en-US).
[2019.11.24-20.01.42:522][  0]LogTextLocalizationManager: No specific localization for 'en-US' exists, so the 'en' localization will be used.
[2019.11.24-20.01.42:719][  0]LogInit: Setting process to per monitor DPI aware
[2019.11.24-20.01.42:747][  0]LogSlate: New Slate User Created.  User Index 0, Is Virtual User: 0
[2019.11.24-20.01.42:747][  0]LogSlate: Slate User Registered.  User Index 0, Is Virtual User: 0
[2019.11.24-20.01.42:997][  0]LogHMD: Failed to initialize OpenVR with code 110
[2019.11.24-20.01.42:997][  0]LogD3D11RHI: D3D11 adapters:
[2019.11.24-20.01.43:089][  0]LogD3D11RHI:    0. 'NVIDIA GeForce GTX 1050' (Feature Level 11_0)
[2019.11.24-20.01.43:090][  0]LogD3D11RHI:       4021/0/6074 MB DedicatedVideo/DedicatedSystem/SharedSystem, Outputs:1, VendorId:0x10de
[2019.11.24-20.01.43:101][  0]LogD3D11RHI:    1. 'Intel(R) HD Graphics 630' (Feature Level 11_0)
[2019.11.24-20.01.43:101][  0]LogD3D11RHI:       128/0/6074 MB DedicatedVideo/DedicatedSystem/SharedSystem, Outputs:0, VendorId:0x8086
[2019.11.24-20.01.43:104][  0]LogD3D11RHI:    2. 'Microsoft Basic Render Driver' (Feature Level 11_0)
[2019.11.24-20.01.43:104][  0]LogD3D11RHI:       0/0/6074 MB DedicatedVideo/DedicatedSystem/SharedSystem, Outputs:0, VendorId:0x1414
[2019.11.24-20.01.43:104][  0]LogD3D11RHI: Chosen D3D11 Adapter: 0
[2019.11.24-20.01.43:142][  0]LogD3D11RHI: Creating new Direct3DDevice
[2019.11.24-20.01.43:142][  0]LogD3D11RHI:     GPU DeviceId: 0x1c8d (for the marketing name, search the web for "GPU Device Id")
[2019.11.24-20.01.43:142][  0]LogWindows: EnumDisplayDevices:
[2019.11.24-20.01.43:142][  0]LogWindows:    0. 'Intel(R) HD Graphics 630' (P:1 D:1)
[2019.11.24-20.01.43:143][  0]LogWindows:    1. 'Intel(R) HD Graphics 630' (P:0 D:0)
[2019.11.24-20.01.43:143][  0]LogWindows:    2. 'Intel(R) HD Graphics 630' (P:0 D:0)
[2019.11.24-20.01.43:143][  0]LogWindows: DebugString: PrimaryIsNotTheChoosenAdapter PrimaryIsNotTheChoosenAdapter PrimaryIsNotTheChoosenAdapter FoundDriverCount:0 
[2019.11.24-20.01.43:143][  0]LogD3D11RHI:     Adapter Name: NVIDIA GeForce GTX 1050
[2019.11.24-20.01.43:143][  0]LogD3D11RHI:   Driver Version: Unknown (internal:Unknown, unified:Unknown)
[2019.11.24-20.01.43:143][  0]LogD3D11RHI:      Driver Date: Unknown
[2019.11.24-20.01.43:143][  0]LogRHI: Texture pool is 2814 MB (70% of 4021 MB)
[2019.11.24-20.01.43:197][  0]LogD3D11RHI: Async texture creation enabled
[2019.11.24-20.01.43:202][  0]LogRendererCore: FGlobalReadBuffer::InitRHI
[2019.11.24-20.01.43:203][  0]LogRendererCore: FGlobalReadBuffer::InitRHI
[2019.11.24-20.01.43:203][  0]LogRendererCore: FGlobalReadBuffer::InitRHI
[2019.11.24-20.01.43:217][  0]LogD3D11RHI: GPU Timing Frequency: 1000.000000 (Debug: 2 2)
[2019.11.24-20.01.43:604][  0]LogTemp: Display: Module 'AllDesktopTargetPlatform' loaded TargetPlatform 'AllDesktop'
[2019.11.24-20.01.43:620][  0]LogTemp: Display: Module 'MacClientTargetPlatform' loaded TargetPlatform 'MacClient'
[2019.11.24-20.01.43:632][  0]LogTemp: Display: Module 'MacNoEditorTargetPlatform' loaded TargetPlatform 'MacNoEditor'
[2019.11.24-20.01.43:653][  0]LogTemp: Display: Module 'MacServerTargetPlatform' loaded TargetPlatform 'MacServer'
[2019.11.24-20.01.43:669][  0]LogTemp: Display: Module 'MacTargetPlatform' loaded TargetPlatform 'Mac'
[2019.11.24-20.01.43:689][  0]LogTemp: Display: Module 'WindowsClientTargetPlatform' loaded TargetPlatform 'WindowsClient'
[2019.11.24-20.01.43:702][  0]LogTemp: Display: Module 'WindowsNoEditorTargetPlatform' loaded TargetPlatform 'WindowsNoEditor'
[2019.11.24-20.01.43:714][  0]LogTemp: Display: Module 'WindowsServerTargetPlatform' loaded TargetPlatform 'WindowsServer'
[2019.11.24-20.01.43:720][  0]LogTemp: Display: Module 'WindowsTargetPlatform' loaded TargetPlatform 'Windows'
[2019.11.24-20.01.43:818][  0]LogTemp: Display: Module 'AndroidTargetPlatform' loaded TargetPlatform 'Android'
[2019.11.24-20.01.43:819][  0]LogTemp: Display: Module 'AndroidTargetPlatform' loaded TargetPlatform 'Android_ASTC'
[2019.11.24-20.01.43:819][  0]LogTemp: Display: Module 'AndroidTargetPlatform' loaded TargetPlatform 'Android_ATC'
[2019.11.24-20.01.43:819][  0]LogTemp: Display: Module 'AndroidTargetPlatform' loaded TargetPlatform 'Android_DXT'
[2019.11.24-20.01.43:819][  0]LogTemp: Display: Module 'AndroidTargetPlatform' loaded TargetPlatform 'Android_ETC1'
[2019.11.24-20.01.43:819][  0]LogTemp: Display: Module 'AndroidTargetPlatform' loaded TargetPlatform 'Android_ETC1a'
[2019.11.24-20.01.43:819][  0]LogTemp: Display: Module 'AndroidTargetPlatform' loaded TargetPlatform 'Android_ETC2'
[2019.11.24-20.01.43:819][  0]LogTemp: Display: Module 'AndroidTargetPlatform' loaded TargetPlatform 'Android_PVRTC'
[2019.11.24-20.01.43:819][  0]LogTemp: Display: Module 'AndroidTargetPlatform' loaded TargetPlatform 'AndroidClient'
[2019.11.24-20.01.43:819][  0]LogTemp: Display: Module 'AndroidTargetPlatform' loaded TargetPlatform 'Android_ASTCClient'
[2019.11.24-20.01.43:819][  0]LogTemp: Display: Module 'AndroidTargetPlatform' loaded TargetPlatform 'Android_ATCClient'
[2019.11.24-20.01.43:819][  0]LogTemp: Display: Module 'AndroidTargetPlatform' loaded TargetPlatform 'Android_DXTClient'
[2019.11.24-20.01.43:819][  0]LogTemp: Display: Module 'AndroidTargetPlatform' loaded TargetPlatform 'Android_ETC1Client'
[2019.11.24-20.01.43:819][  0]LogTemp: Display: Module 'AndroidTargetPlatform' loaded TargetPlatform 'Android_ETC1aClient'
[2019.11.24-20.01.43:819][  0]LogTemp: Display: Module 'AndroidTargetPlatform' loaded TargetPlatform 'Android_ETC2Client'
[2019.11.24-20.01.43:819][  0]LogTemp: Display: Module 'AndroidTargetPlatform' loaded TargetPlatform 'Android_PVRTCClient'
[2019.11.24-20.01.43:819][  0]LogTemp: Display: Module 'AndroidTargetPlatform' loaded TargetPlatform 'Android_Multi'
[2019.11.24-20.01.43:819][  0]LogTemp: Display: Module 'AndroidTargetPlatform' loaded TargetPlatform 'Android_MultiClient'
[2019.11.24-20.01.43:820][  0]LogTemp: Display: Module 'HTML5TargetPlatform' loaded TargetPlatform 'HTML5'
[2019.11.24-20.01.43:873][  0]LogTemp: Display: Module 'IOSTargetPlatform' loaded TargetPlatform 'IOSClient'
[2019.11.24-20.01.43:873][  0]LogTemp: Display: Module 'IOSTargetPlatform' loaded TargetPlatform 'IOS'
[2019.11.24-20.01.43:903][  0]LogTemp: Display: Module 'TVOSTargetPlatform' loaded TargetPlatform 'TVOSClient'
[2019.11.24-20.01.43:903][  0]LogTemp: Display: Module 'TVOSTargetPlatform' loaded TargetPlatform 'TVOS'
[2019.11.24-20.01.43:917][  0]LogTemp: Display: Module 'LinuxClientTargetPlatform' loaded TargetPlatform 'LinuxClient'
[2019.11.24-20.01.43:929][  0]LogTemp: Display: Module 'LinuxNoEditorTargetPlatform' loaded TargetPlatform 'LinuxNoEditor'
[2019.11.24-20.01.43:947][  0]LogTemp: Display: Module 'LinuxServerTargetPlatform' loaded TargetPlatform 'LinuxServer'
[2019.11.24-20.01.43:964][  0]LogTemp: Display: Module 'LinuxTargetPlatform' loaded TargetPlatform 'Linux'
[2019.11.24-20.01.44:019][  0]LogTemp: Display: Module 'LuminTargetPlatform' loaded TargetPlatform 'Lumin'
[2019.11.24-20.01.44:019][  0]LogTemp: Display: Module 'LuminTargetPlatform' loaded TargetPlatform 'LuminClient'
[2019.11.24-20.01.44:019][  0]LogTargetPlatformManager: Display: Building Assets For Windows
[2019.11.24-20.01.44:026][  0]LogAudioDebug: Display: Lib vorbis DLL was dynamically loaded.
[2019.11.24-20.01.44:072][  0]LogShaderCompilers: Guid format shader working directory is 4 characters bigger than the processId version (../../../../../Repos/GameAI/PathfindingLab/Intermediate/Shaders/WorkingDirectory/2380/).
[2019.11.24-20.01.44:072][  0]LogShaderCompilers: Cleaned the shader compiler working directory 'C:/Users/Lance/AppData/Local/Temp/UnrealShaderWorkingDir/E99783EC4E6F4A0DEBBBC8B1DA90B408/'.
[2019.11.24-20.01.44:074][  0]LogXGEController: Cannot use XGE Controller as Incredibuild is not installed on this machine.
[2019.11.24-20.01.44:074][  0]LogShaderCompilers: Cannot use XGE Shader Compiler as Incredibuild is not installed on this machine.
[2019.11.24-20.01.44:074][  0]LogShaderCompilers: Display: Using Local Shader Compiler.
[2019.11.24-20.01.44:762][  0]LogDerivedDataCache: Display: Max Cache Size: 512 MB
[2019.11.24-20.01.44:840][  0]LogDerivedDataCache: Loaded boot cache 0.08s 71MB C:/Users/Lance/AppData/Local/UnrealEngine/4.22/DerivedDataCache/Boot.ddc.
[2019.11.24-20.01.44:840][  0]LogDerivedDataCache: Display: Loaded Boot cache: C:/Users/Lance/AppData/Local/UnrealEngine/4.22/DerivedDataCache/Boot.ddc
[2019.11.24-20.01.44:840][  0]LogDerivedDataCache: FDerivedDataBackendGraph:  Pak pak cache file ../../../../../Repos/GameAI/PathfindingLab/DerivedDataCache/DDC.ddp not found, will not use a pak cache.
[2019.11.24-20.01.44:840][  0]LogDerivedDataCache: Unable to find inner node Pak for hierarchical cache Hierarchy.
[2019.11.24-20.01.44:840][  0]LogDerivedDataCache: FDerivedDataBackendGraph:  CompressedPak pak cache file ../../../../../Repos/GameAI/PathfindingLab/DerivedDataCache/Compressed.ddp not found, will not use a pak cache.
[2019.11.24-20.01.44:840][  0]LogDerivedDataCache: Unable to find inner node CompressedPak for hierarchical cache Hierarchy.
[2019.11.24-20.01.44:854][  0]LogDerivedDataCache: Display: Pak cache opened for reading ../../../Engine/DerivedDataCache/Compressed.ddp.
[2019.11.24-20.01.44:854][  0]LogDerivedDataCache: FDerivedDataBackendGraph:  EnterprisePak pak cache file ../../../Enterprise/DerivedDataCache/Compressed.ddp not found, will not use a pak cache.
[2019.11.24-20.01.44:855][  0]LogDerivedDataCache: Unable to find inner node EnterprisePak for hierarchical cache Hierarchy.
[2019.11.24-20.01.44:867][  0]LogDerivedDataCache: Using Local data cache path C:/Users/Lance/AppData/Local/UnrealEngine/Common/DerivedDataCache: Writable
[2019.11.24-20.01.44:867][  0]LogDerivedDataCache: Shared data cache path not found in *engine.ini, will not use an Shared cache.
[2019.11.24-20.01.44:867][  0]LogDerivedDataCache: Unable to find inner node Shared for hierarchical cache Hierarchy.
[2019.11.24-20.01.44:893][  0]LogMaterial: Verifying Global Shaders for PCD3D_SM5
[2019.11.24-20.01.44:894][  0]LogSlate: Using FreeType 2.6.0
[2019.11.24-20.01.44:895][  0]LogSlate: SlateFontServices - WITH_FREETYPE: 1, WITH_HARFBUZZ: 1
[2019.11.24-20.01.44:993][  0]LogAssetRegistry: FAssetRegistry took 0.0371 seconds to start up
[2019.11.24-20.01.45:385][  0]LogInit: Selected Device Profile: [Windows]
[2019.11.24-20.01.45:528][  0]LogMeshReduction: Using QuadricMeshReduction for automatic static mesh reduction
[2019.11.24-20.01.45:528][  0]LogMeshReduction: Using SimplygonMeshReduction for automatic skeletal mesh reduction
[2019.11.24-20.01.45:528][  0]LogMeshReduction: Using ProxyLODMeshReduction for automatic mesh merging
[2019.11.24-20.01.45:528][  0]LogMeshReduction: No distributed automatic mesh merging module available
[2019.11.24-20.01.45:528][  0]LogMeshMerging: No distributed automatic mesh merging module available
[2019.11.24-20.01.45:547][  0]LogNetVersion: PathFinding 1.0.0, NetCL: 5660361, EngineNetVer: 10, GameNetVer: 0 (Checksum: 315523671)
[2019.11.24-20.01.46:381][  0]LogPackageLocalizationCache: Processed 10 localized package path(s) for 1 prioritized culture(s) in 0.177412 seconds
[2019.11.24-20.01.46:388][  0]LogUObjectArray: 42205 objects as part of root set at end of initial load.
[2019.11.24-20.01.46:388][  0]LogUObjectAllocator: 7325032 out of 0 bytes used by permanent object pool.
[2019.11.24-20.01.46:388][  0]LogUObjectArray: CloseDisregardForGC: 0/0 objects in disregard for GC pool
[2019.11.24-20.01.47:251][  0]LogTcpMessaging: Initializing TcpMessaging bridge
[2019.11.24-20.01.47:265][  0]LogUdpMessaging: Initializing bridge on interface 0.0.0.0:0 to multicast group 230.0.0.1:6666.
[2019.11.24-20.01.47:400][  0]SourceControl: Source control is disabled
[2019.11.24-20.01.47:400][  0]SourceControl: Source control is disabled
[2019.11.24-20.01.47:402][  0]SourceControl: Source control is disabled
[2019.11.24-20.01.47:402][  0]SourceControl: Source control is disabled
[2019.11.24-20.01.47:471][  0]LogAndroidPermission: UAndroidPermissionCallbackProxy::GetInstance
[2019.11.24-20.01.47:597][  0]LogOcInput: OculusInput pre-init called
[2019.11.24-20.01.48:251][  0]LogEngine: Initializing Engine...
[2019.11.24-20.01.48:252][  0]LogHMD: Failed to initialize OpenVR with code 110
[2019.11.24-20.01.48:253][  0]LogStats: UGameplayTagsManager::InitializeManager -  0.000 s
[2019.11.24-20.01.48:472][  0]LogInit: Initializing FReadOnlyCVARCache
[2019.11.24-20.01.48:481][  0]LogAIModule: Creating AISystem for world Untitled
[2019.11.24-20.01.48:564][  0]LogInit: XAudio2 using 'Speakers (USB Audio Device)' : 2 channels at 48 kHz using 16 bits per sample (channel mask 0x3)
[2019.11.24-20.01.48:584][  0]LogInit: FAudioDevice initialized.
[2019.11.24-20.01.48:584][  0]LogNetVersion: Set ProjectVersion to 1.0.0.0. Version Checksum will be recalculated on next use.
[2019.11.24-20.01.48:671][  0]LogDerivedDataCache: Saved boot cache 0.09s 71MB C:/Users/Lance/AppData/Local/UnrealEngine/4.22/DerivedDataCache/Boot.ddc.
[2019.11.24-20.01.48:672][  0]LogInit: Texture streaming: Enabled
[2019.11.24-20.01.48:687][  0]LogEngineSessionManager: EngineSessionManager initialized
[2019.11.24-20.01.48:707][  0]LogInit: Transaction tracking system initialized
[2019.11.24-20.01.48:728][  0]BlueprintLog: New page: Editor Load
[2019.11.24-20.01.48:818][  0]LocalizationService: Localization service is disabled
[2019.11.24-20.01.49:124][  0]LogFileCache: Scanning file cache for directory 'D:/Repos/GameAI/PathfindingLab/Content/' took 0.01s
[2019.11.24-20.01.49:124][  0]LogCook: Display: Max memory allowance for cook 16384mb min free memory 0mb
[2019.11.24-20.01.49:124][  0]LogCook: Display: Mobile HDR setting 1
[2019.11.24-20.01.49:274][  0]SourceControl: Source control is disabled
[2019.11.24-20.01.49:274][  0]Cmd: MAP LOAD FILE="../../../../../Repos/GameAI/PathfindingLab/Content/PathfindingMap.umap" TEMPLATE=0 SHOWPROGRESS=1 FEATURELEVEL=3
[2019.11.24-20.01.49:274][  0]LightingResults: New page: Lighting Build
[2019.11.24-20.01.49:276][  0]MapCheck: New page: Map Check
[2019.11.24-20.01.49:276][  0]LightingResults: New page: Lighting Build
[2019.11.24-20.01.49:302][  0]LogUObjectHash: Compacting FUObjectHashTables data took   1.42ms
[2019.11.24-20.01.49:437][  0]LogAIModule: Creating AISystem for world PathfindingMap
[2019.11.24-20.01.49:444][  0]LogEditorServer: Finished looking for orphan Actors (0.000 secs)
[2019.11.24-20.01.49:471][  0]LogUObjectHash: Compacting FUObjectHashTables data took   1.74ms
[2019.11.24-20.01.49:472][  0]Cmd: MAP CHECKDEP NOCLEARLOG
[2019.11.24-20.01.49:472][  0]MapCheck: Map check complete: 0 Error(s), 0 Warning(s), took 0.082ms to complete.
[2019.11.24-20.01.49:472][  0]LogFileHelpers: Loading map 'PathfindingMap' took 0.199
[2019.11.24-20.01.49:951][  0]LogSlate: Updating window title bar state: overlay mode, drag disabled, window buttons hidden, title bar hidden
[2019.11.24-20.01.49:958][  0]LogSlate: Updating window title bar state: overlay mode, drag disabled, window buttons hidden, title bar hidden
[2019.11.24-20.01.49:972][  0]LogSlate: Updating window title bar state: overlay mode, drag disabled, window buttons hidden, title bar hidden
[2019.11.24-20.01.49:982][  0]LogSlate: Updating window title bar state: overlay mode, drag disabled, window buttons hidden, title bar hidden
[2019.11.24-20.01.50:003][  0]LogCollectionManager: Loaded 0 collections in 0.001019 seconds
[2019.11.24-20.01.50:086][  0]LogFileCache: Scanning file cache for directory 'D:/Repos/GameAI/PathfindingLab/Saved/Collections/' took 0.01s
[2019.11.24-20.01.50:086][  0]LogFileCache: Scanning file cache for directory 'D:/Repos/GameAI/PathfindingLab/Content/Developers/Lance/Collections/' took 0.01s
[2019.11.24-20.01.50:086][  0]LogFileCache: Scanning file cache for directory 'D:/Repos/GameAI/PathfindingLab/Content/Collections/' took 0.01s
[2019.11.24-20.01.50:086][  0]LogCollectionManager: Rebuilt the GUID cache for 0 collections in 0.000001 seconds
[2019.11.24-20.01.50:096][  0]LogContentBrowser: Native class hierarchy populated in 0.0099 seconds. Added 2742 classes and 662 folders.
[2019.11.24-20.01.50:256][  0]LogContentBrowser: Native class hierarchy updated for 'WidgetCarousel' in 0.0004 seconds. Added 0 classes and 0 folders.
[2019.11.24-20.01.50:283][  0]LogPakFile: Registered encryption key '00000000000000000000000000000000': 0 pak files mounted, 0 remain pending
[2019.11.24-20.01.50:315][  0]LogPakFile: Registered encryption key '00000000000000000000000000000000': 0 pak files mounted, 0 remain pending
[2019.11.24-20.01.50:329][  0]LogPakFile: Registered encryption key '00000000000000000000000000000000': 0 pak files mounted, 0 remain pending
[2019.11.24-20.01.50:331][  0]LogPakFile: Registered encryption key '00000000000000000000000000000000': 0 pak files mounted, 0 remain pending
[2019.11.24-20.01.50:351][  0]LogPakFile: Registered encryption key '00000000000000000000000000000000': 0 pak files mounted, 0 remain pending
[2019.11.24-20.01.50:354][  0]LogPakFile: Registered encryption key '00000000000000000000000000000000': 0 pak files mounted, 0 remain pending
[2019.11.24-20.01.50:356][  0]LogPakFile: Registered encryption key '00000000000000000000000000000000': 0 pak files mounted, 0 remain pending
[2019.11.24-20.01.50:376][  0]LogPakFile: Registered encryption key '00000000000000000000000000000000': 0 pak files mounted, 0 remain pending
[2019.11.24-20.01.50:379][  0]LogPakFile: Registered encryption key '00000000000000000000000000000000': 0 pak files mounted, 0 remain pending
[2019.11.24-20.01.50:382][  0]LogPakFile: Registered encryption key '00000000000000000000000000000000': 0 pak files mounted, 0 remain pending
[2019.11.24-20.01.50:410][  0]LogPakFile: Registered encryption key '00000000000000000000000000000000': 0 pak files mounted, 0 remain pending
[2019.11.24-20.01.50:413][  0]LogPakFile: Registered encryption key '00000000000000000000000000000000': 0 pak files mounted, 0 remain pending
[2019.11.24-20.01.50:415][  0]LogPakFile: Registered encryption key '00000000000000000000000000000000': 0 pak files mounted, 0 remain pending
[2019.11.24-20.01.50:418][  0]LogPakFile: Registered encryption key '00000000000000000000000000000000': 0 pak files mounted, 0 remain pending
[2019.11.24-20.01.50:419][  0]LogPakFile: Registered encryption key '00000000000000000000000000000000': 0 pak files mounted, 0 remain pending
[2019.11.24-20.01.50:441][  0]LogPakFile: Registered encryption key '00000000000000000000000000000000': 0 pak files mounted, 0 remain pending
[2019.11.24-20.01.50:444][  0]LogPakFile: Registered encryption key '00000000000000000000000000000000': 0 pak files mounted, 0 remain pending
[2019.11.24-20.01.50:447][  0]LogPakFile: Registered encryption key '00000000000000000000000000000000': 0 pak files mounted, 0 remain pending
[2019.11.24-20.01.50:449][  0]LogPakFile: Registered encryption key '00000000000000000000000000000000': 0 pak files mounted, 0 remain pending
[2019.11.24-20.01.50:451][  0]LogPakFile: Registered encryption key '00000000000000000000000000000000': 0 pak files mounted, 0 remain pending
[2019.11.24-20.01.50:454][  0]LogPakFile: Registered encryption key '00000000000000000000000000000000': 0 pak files mounted, 0 remain pending
[2019.11.24-20.01.50:457][  0]LogPakFile: Registered encryption key '00000000000000000000000000000000': 0 pak files mounted, 0 remain pending
[2019.11.24-20.01.50:491][  0]LogPakFile: Registered encryption key '00000000000000000000000000000000': 0 pak files mounted, 0 remain pending
[2019.11.24-20.01.50:493][  0]LogPakFile: Registered encryption key '00000000000000000000000000000000': 0 pak files mounted, 0 remain pending
[2019.11.24-20.01.50:495][  0]LogPakFile: Registered encryption key '00000000000000000000000000000000': 0 pak files mounted, 0 remain pending
[2019.11.24-20.01.50:498][  0]LogPakFile: Registered encryption key '00000000000000000000000000000000': 0 pak files mounted, 0 remain pending
[2019.11.24-20.01.51:834][  0]LogContentBrowser: Native class hierarchy updated for 'AddContentDialog' in 0.0011 seconds. Added 0 classes and 0 folders.
[2019.11.24-20.01.51:875][  0]LogContentBrowser: Native class hierarchy updated for 'SceneOutliner' in 0.0012 seconds. Added 1 classes and 2 folders.
[2019.11.24-20.01.52:041][  0]LogSlate: Took 0.000302 seconds to synchronously load lazily loaded font '../../../Engine/Content/Slate/Fonts/Roboto-Regular.ttf' (155K)
[2019.11.24-20.01.52:046][  0]LogSlate: Took 0.000291 seconds to synchronously load lazily loaded font '../../../Engine/Content/Slate/Fonts/Roboto-Bold.ttf' (160K)
[2019.11.24-20.01.52:071][  0]LogSlate: Took 0.010838 seconds to synchronously load lazily loaded font '../../../Engine/Content/Editor/Slate/Fonts/FontAwesome.ttf' (139K)
[2019.11.24-20.01.52:243][  0]LogRenderer: Reallocating scene render targets to support 964x436 Format 10 NumSamples 1 (Frame:1).
[2019.11.24-20.01.52:337][  0]LogSlate: Took 0.013461 seconds to synchronously load lazily loaded font '../../../Engine/Content/Slate/Fonts/Roboto-Light.ttf' (167K)
[2019.11.24-20.01.52:463][  0]LogContentBrowser: Native class hierarchy updated for 'HierarchicalLODOutliner' in 0.0003 seconds. Added 0 classes and 0 folders.
[2019.11.24-20.01.52:463][  0]LogLoad: (Engine Initialization) Total time: 11.91 seconds
[2019.11.24-20.01.52:463][  0]LogLoad: (Engine Initialization) Total Blueprint compile time: 0.00 seconds
[2019.11.24-20.01.52:505][  0]LogAssetRegistry: Asset discovery search completed in 7.5349 seconds
[2019.11.24-20.01.52:507][  0]LogCollectionManager: Rebuilt the object cache for 0 collections in 0.000000 seconds (found 0 objects)
[2019.11.24-20.01.52:507][  0]LogCollectionManager: Fixed up redirectors for 0 collections in 0.000038 seconds (updated 0 objects)
[2019.11.24-20.01.52:508][  0]LogContentStreaming: Texture pool size now 1000 MB
[2019.11.24-20.01.53:496][ 52]LogSlate: Took 0.000141 seconds to synchronously load lazily loaded font '../../../Engine/Content/Slate/Fonts/Roboto-Light.ttf' (167K)
[2019.11.24-20.01.54:413][104]LogSlate: FSceneViewport::OnFocusLost() reason 2
[2019.11.24-20.01.55:784][182]LogBlueprintUserMessages: Early PlayInEditor Detection: Level '/Game/PathfindingMap.PathfindingMap:PersistentLevel' has LevelScriptBlueprint '/Game/PathfindingMap.PathfindingMap:PersistentLevel.PathfindingMap' with GeneratedClass '/Game/PathfindingMap.PathfindingMap_C' with ClassGeneratedBy '/Game/PathfindingMap.PathfindingMap:PersistentLevel.PathfindingMap'
[2019.11.24-20.01.55:856][182]LogPlayLevel: PlayLevel: No blueprints needed recompiling
[2019.11.24-20.01.55:857][182]PIE: New page: PIE session: PathfindingMap (Nov 24, 2019, 10:01:55 AM)
[2019.11.24-20.01.55:981][182]LogPlayLevel: Creating play world package: /Game/UEDPIE_0_PathfindingMap
[2019.11.24-20.01.56:050][182]LogPlayLevel: PIE: StaticDuplicateObject took: (0.067885s)
[2019.11.24-20.01.56:050][182]LogAIModule: Creating AISystem for world PathfindingMap
[2019.11.24-20.01.56:051][182]LogPlayLevel: PIE: World Init took: (0.001072s)
[2019.11.24-20.01.56:051][182]LogPlayLevel: PIE: Created PIE world by copying editor world from /Game/PathfindingMap.PathfindingMap to /Game/UEDPIE_0_PathfindingMap.PathfindingMap (0.069626s)
[2019.11.24-20.01.56:080][182]LogUObjectHash: Compacting FUObjectHashTables data took   0.98ms
[2019.11.24-20.01.56:123][182]LogInit: XAudio2 using 'Speakers (USB Audio Device)' : 2 channels at 48 kHz using 16 bits per sample (channel mask 0x3)
[2019.11.24-20.01.56:136][182]LogInit: FAudioDevice initialized.
[2019.11.24-20.01.56:159][182]LogSlate: FSceneViewport::OnFocusLost() reason 2
[2019.11.24-20.01.56:236][182]LogLoad: Game class is 'PathFindingGameMode_C'
[2019.11.24-20.01.56:248][182]LogWorld: Bringing World /Game/UEDPIE_0_PathfindingMap.PathfindingMap up for play (max tick rate 60) at 2019.11.24-15.01.56
[2019.11.24-20.01.56:248][182]LogWorld: Bringing up level for play took: 0.001844
[2019.11.24-20.01.56:288][182]LogContentBrowser: Native class hierarchy updated for 'MovieSceneCapture' in 0.0008 seconds. Added 20 classes and 0 folders.
[2019.11.24-20.01.56:298][182]PIE: Play in editor start time for /Game/UEDPIE_0_PathfindingMap 1.215
[2019.11.24-20.01.56:299][182]LogBlueprintUserMessages: Late PlayInEditor Detection: Level '/Game/PathfindingMap.PathfindingMap:PersistentLevel' has LevelScriptBlueprint '/Game/PathfindingMap.PathfindingMap:PersistentLevel.PathfindingMap' with GeneratedClass '/Game/PathfindingMap.PathfindingMap_C' with ClassGeneratedBy '/Game/PathfindingMap.PathfindingMap:PersistentLevel.PathfindingMap'
[2019.11.24-20.01.59:643][352]LogSlate: Took 0.050471 seconds to synchronously load lazily loaded font '../../../Engine/Content/Slate/Fonts/Roboto-Italic.ttf' (157K)
[2019.11.24-20.02.26:791][949]LogSlate: FSceneViewport::OnFocusLost() reason 2
[2019.11.24-20.02.50:795][357]LogBlueprintUserMessages: Early EndPlayMap Detection: Level '/Game/PathfindingMap.PathfindingMap:PersistentLevel' has LevelScriptBlueprint '/Game/PathfindingMap.PathfindingMap:PersistentLevel.PathfindingMap' with GeneratedClass '/Game/PathfindingMap.PathfindingMap_C' with ClassGeneratedBy '/Game/PathfindingMap.PathfindingMap:PersistentLevel.PathfindingMap'
[2019.11.24-20.02.50:811][357]LogSlate: Updating window title bar state: overlay mode, drag disabled, window buttons hidden, title bar hidden
[2019.11.24-20.02.50:908][357]LogPlayLevel: Display: Shutting down PIE online subsystems
[2019.11.24-20.02.50:908][357]LogBlueprintUserMessages: Late EndPlayMap Detection: Level '/Game/PathfindingMap.PathfindingMap:PersistentLevel' has LevelScriptBlueprint '/Game/PathfindingMap.PathfindingMap:PersistentLevel.PathfindingMap' with GeneratedClass '/Game/PathfindingMap.PathfindingMap_C' with ClassGeneratedBy '/Game/PathfindingMap.PathfindingMap:PersistentLevel.PathfindingMap'
[2019.11.24-20.02.50:951][357]LogSlate: Updating window title bar state: overlay mode, drag disabled, window buttons hidden, title bar hidden
[2019.11.24-20.02.50:967][357]LogUObjectHash: Compacting FUObjectHashTables data took   1.57ms
[2019.11.24-20.02.51:016][358]LogPlayLevel: Display: Destroying online subsystem :Context_2
[2019.11.24-20.03.49:609][733]LogSlate: FSceneViewport::OnFocusLost() reason 0
[2019.11.24-20.03.49:721][738]Candidate modules for hot reload:
[2019.11.24-20.03.49:721][738]  PathFinding
[2019.11.24-20.03.49:722][738]Launching UnrealBuildTool... [D:/Unreal/UE_4.22/Engine/Binaries/DotNET/UnrealBuildTool.exe  -ModuleWithSuffix=PathFinding,7143 Win64 Development -TargetType=Editor -Project="D:/Repos/GameAI/PathfindingLab/PathFinding.uproject" "D:/Repos/GameAI/PathfindingLab/PathFinding.uproject"  -IgnoreJunk]
[2019.11.24-20.03.49:723][738]Warning: Starting HotReload took  0.0s.
[2019.11.24-20.04.38:670][638]CompilerResultsLog: New page: Compilation - Nov 24, 2019, 10:04:38 AM
[2019.11.24-20.04.38:671][638]CompilerResultsLog: Using 'git status' to determine working set for adaptive non-unity build (D:\Repos\GameAI).
[2019.11.24-20.04.38:671][638]CompilerResultsLog: Creating makefile for PathFindingEditor (ini files are newer than makefile)
[2019.11.24-20.04.38:671][638]CompilerResultsLog: Parsing headers for PathFindingEditor
[2019.11.24-20.04.38:671][638]CompilerResultsLog:   Running UnrealHeaderTool "D:\Repos\GameAI\PathfindingLab\PathFinding.uproject" "D:\Repos\GameAI\PathfindingLab\Intermediate\Build\Win64\PathFindingEditor\Development\PathFindingEditor.uhtmanifest" -LogCmds="loginit warning, logexit warning, logdatabase error" -Unattended -WarningsAsErrors -installed
[2019.11.24-20.04.38:671][638]CompilerResultsLog: Reflection code generated for PathFindingEditor in 7.6144023 seconds
[2019.11.24-20.04.38:671][638]CompilerResultsLog: Using Visual Studio 2017 14.16.27023 toolchain (C:\Program Files (x86)\Microsoft Visual Studio\2017\Community\VC\Tools\MSVC\14.16.27023) and Windows 10.0.16299.0 SDK (C:\Program Files (x86)\Windows Kits\10).
[2019.11.24-20.04.38:671][638]CompilerResultsLog: Building 13 actions with 8 processes...
[2019.11.24-20.04.38:671][638]CompilerResultsLog:   [1/13] PatrolState.cpp
[2019.11.24-20.04.38:671][638]CompilerResultsLog:   D:\Unreal\UE_4.22\Engine\Source\Runtime\CoreUObject\Public\UObject/UObject.h(14): warning C4996: 'UObjectHeaderDeprecatedWarning': Including UObject.h has been deprecated. Please include Object.h instead. Please update your code to the new API before upgrading to the next release, otherwise your project will no longer compile.
[2019.11.24-20.04.38:671][638]CompilerResultsLog:   D:\Unreal\UE_4.22\Engine\Source\Runtime\CoreUObject\Public\UObject/UObject.h(8): note: see declaration of 'UObjectHeaderDeprecatedWarning'
[2019.11.24-20.04.38:671][638]CompilerResultsLog:   [2/13] StatePrimative.cpp
[2019.11.24-20.04.38:671][638]CompilerResultsLog:   D:\Unreal\UE_4.22\Engine\Source\Runtime\CoreUObject\Public\UObject/UObject.h(14): warning C4996: 'UObjectHeaderDeprecatedWarning': Including UObject.h has been deprecated. Please include Object.h instead. Please update your code to the new API before upgrading to the next release, otherwise your project will no longer compile.
[2019.11.24-20.04.38:671][638]CompilerResultsLog:   D:\Unreal\UE_4.22\Engine\Source\Runtime\CoreUObject\Public\UObject/UObject.h(8): note: see declaration of 'UObjectHeaderDeprecatedWarning'
[2019.11.24-20.04.38:671][638]CompilerResultsLog:   [3/13] StatePathfinder.gen.cpp
[2019.11.24-20.04.38:671][638]CompilerResultsLog:   D:\Unreal\UE_4.22\Engine\Source\Runtime\CoreUObject\Public\UObject/UObject.h(14): warning C4996: 'UObjectHeaderDeprecatedWarning': Including UObject.h has been deprecated. Please include Object.h instead. Please update your code to the new API before upgrading to the next release, otherwise your project will no longer compile.
[2019.11.24-20.04.38:671][638]CompilerResultsLog:   D:\Unreal\UE_4.22\Engine\Source\Runtime\CoreUObject\Public\UObject/UObject.h(8): note: see declaration of 'UObjectHeaderDeprecatedWarning'
[2019.11.24-20.04.38:671][638]CompilerResultsLog:   [4/13] StatePathfinder.cpp
[2019.11.24-20.04.38:671][638]CompilerResultsLog:   D:\Unreal\UE_4.22\Engine\Source\Runtime\CoreUObject\Public\UObject/UObject.h(14): warning C4996: 'UObjectHeaderDeprecatedWarning': Including UObject.h has been deprecated. Please include Object.h instead. Please update your code to the new API before upgrading to the next release, otherwise your project will no longer compile.
[2019.11.24-20.04.38:671][638]CompilerResultsLog:   D:\Unreal\UE_4.22\Engine\Source\Runtime\CoreUObject\Public\UObject/UObject.h(8): note: see declaration of 'UObjectHeaderDeprecatedWarning'
[2019.11.24-20.04.38:671][638]CompilerResultsLog:   [5/13] ChaseReturnState.cpp
[2019.11.24-20.04.38:671][638]CompilerResultsLog:   D:\Unreal\UE_4.22\Engine\Source\Runtime\CoreUObject\Public\UObject/UObject.h(14): warning C4996: 'UObjectHeaderDeprecatedWarning': Including UObject.h has been deprecated. Please include Object.h instead. Please update your code to the new API before upgrading to the next release, otherwise your project will no longer compile.
[2019.11.24-20.04.38:671][638]CompilerResultsLog:   D:\Unreal\UE_4.22\Engine\Source\Runtime\CoreUObject\Public\UObject/UObject.h(8): note: see declaration of 'UObjectHeaderDeprecatedWarning'
[2019.11.24-20.04.38:671][638]CompilerResultsLog:   [6/13] ChaseState.cpp
[2019.11.24-20.04.38:671][638]CompilerResultsLog:   D:\Unreal\UE_4.22\Engine\Source\Runtime\CoreUObject\Public\UObject/UObject.h(14): warning C4996: 'UObjectHeaderDeprecatedWarning': Including UObject.h has been deprecated. Please include Object.h instead. Please update your code to the new API before upgrading to the next release, otherwise your project will no longer compile.
[2019.11.24-20.04.38:671][638]CompilerResultsLog:   D:\Unreal\UE_4.22\Engine\Source\Runtime\CoreUObject\Public\UObject/UObject.h(8): note: see declaration of 'UObjectHeaderDeprecatedWarning'
[2019.11.24-20.04.38:671][638]CompilerResultsLog:   [7/13] SteeringActor.gen.cpp
[2019.11.24-20.04.38:671][638]CompilerResultsLog:   D:\Unreal\UE_4.22\Engine\Source\Runtime\CoreUObject\Public\UObject/UObject.h(14): warning C4996: 'UObjectHeaderDeprecatedWarning': Including UObject.h has been deprecated. Please include Object.h instead. Please update your code to the new API before upgrading to the next release, otherwise your project will no longer compile.
[2019.11.24-20.04.38:671][638]CompilerResultsLog:   D:\Unreal\UE_4.22\Engine\Source\Runtime\CoreUObject\Public\UObject/UObject.h(8): note: see declaration of 'UObjectHeaderDeprecatedWarning'
[2019.11.24-20.04.38:671][638]CompilerResultsLog:   [8/13] PathFindingActor.gen.cpp
[2019.11.24-20.04.38:671][638]CompilerResultsLog:   D:\Unreal\UE_4.22\Engine\Source\Runtime\CoreUObject\Public\UObject/UObject.h(14): warning C4996: 'UObjectHeaderDeprecatedWarning': Including UObject.h has been deprecated. Please include Object.h instead. Please update your code to the new API before upgrading to the next release, otherwise your project will no longer compile.
[2019.11.24-20.04.38:671][638]CompilerResultsLog:   D:\Unreal\UE_4.22\Engine\Source\Runtime\CoreUObject\Public\UObject/UObject.h(8): note: see declaration of 'UObjectHeaderDeprecatedWarning'
[2019.11.24-20.04.38:671][638]CompilerResultsLog:   [9/13] SteeringActor.cpp
[2019.11.24-20.04.38:671][638]CompilerResultsLog:   D:\Unreal\UE_4.22\Engine\Source\Runtime\CoreUObject\Public\UObject/UObject.h(14): warning C4996: 'UObjectHeaderDeprecatedWarning': Including UObject.h has been deprecated. Please include Object.h instead. Please update your code to the new API before upgrading to the next release, otherwise your project will no longer compile.
[2019.11.24-20.04.38:671][638]CompilerResultsLog:   D:\Unreal\UE_4.22\Engine\Source\Runtime\CoreUObject\Public\UObject/UObject.h(8): note: see declaration of 'UObjectHeaderDeprecatedWarning'
[2019.11.24-20.04.38:671][638]CompilerResultsLog:   [10/13] PathFindingActor.cpp
[2019.11.24-20.04.38:671][638]CompilerResultsLog:   D:\Unreal\UE_4.22\Engine\Source\Runtime\CoreUObject\Public\UObject/UObject.h(14): warning C4996: 'UObjectHeaderDeprecatedWarning': Including UObject.h has been deprecated. Please include Object.h instead. Please update your code to the new API before upgrading to the next release, otherwise your project will no longer compile.
[2019.11.24-20.04.38:671][638]CompilerResultsLog:   D:\Unreal\UE_4.22\Engine\Source\Runtime\CoreUObject\Public\UObject/UObject.h(8): note: see declaration of 'UObjectHeaderDeprecatedWarning'
[2019.11.24-20.04.38:671][638]CompilerResultsLog:   D:\Repos\GameAI\PathfindingLab\Source\PathFinding\PathFindingActor.cpp(16): warning C4458: declaration of 'pos' hides class member
[2019.11.24-20.04.38:671][638]CompilerResultsLog:   d:\repos\gameai\pathfindinglab\source\pathfinding\PathFindingActor.h(45): note: see declaration of 'APathFindingActor::pos'
[2019.11.24-20.04.38:671][638]CompilerResultsLog:   [11/13] UE4Editor-PathFinding-7143.lib
[2019.11.24-20.04.38:671][638]CompilerResultsLog:      Creating library D:\Repos\GameAI\PathfindingLab\Intermediate\Build\Win64\UE4Editor\Development\PathFinding\UE4Editor-PathFinding-7143.lib and object D:\Repos\GameAI\PathfindingLab\Intermediate\Build\Win64\UE4Editor\Development\PathFinding\UE4Editor-PathFinding-7143.exp
[2019.11.24-20.04.38:671][638]CompilerResultsLog:   [12/13] UE4Editor-PathFinding-7143.dll
[2019.11.24-20.04.38:671][638]CompilerResultsLog:      Creating library D:\Repos\GameAI\PathfindingLab\Intermediate\Build\Win64\UE4Editor\Development\PathFinding\UE4Editor-PathFinding-7143.suppressed.lib and object D:\Repos\GameAI\PathfindingLab\Intermediate\Build\Win64\UE4Editor\Development\PathFinding\UE4Editor-PathFinding-7143.suppressed.exp
[2019.11.24-20.04.38:671][638]CompilerResultsLog:   [13/13] PathFindingEditor.target
[2019.11.24-20.04.38:671][638]CompilerResultsLog: Total time in Parallel executor: 38.38 seconds
[2019.11.24-20.04.38:671][638]CompilerResultsLog: Total execution time: 48.77 seconds
[2019.11.24-20.04.38:671][638]LogMainFrame: MainFrame: Module compiling took 48.961 seconds
[2019.11.24-20.04.38:696][638]LogUObjectHash: Compacting FUObjectHashTables data took   0.94ms
[2019.11.24-20.04.40:722][638]LogClass: EState HotReload.
[2019.11.24-20.04.40:725][638]LogContentBrowser: Native class hierarchy updated for 'PathFinding' in 0.0004 seconds. Added 10 classes and 3 folders.
[2019.11.24-20.04.40:727][638]Display: HotReload successful (11 functions remapped  0 scriptstructs remapped)
[2019.11.24-20.04.40:881][638]LogUObjectHash: Compacting FUObjectHashTables data took   1.53ms
[2019.11.24-20.04.40:895][638]LogContentBrowser: Native class hierarchy populated in 0.0084 seconds. Added 2743 classes and 664 folders.
[2019.11.24-20.04.40:895][638]Display: HotReload took 51.2s.
[2019.11.24-20.04.50:596][210]LogTemp: Repeating last play command: Selected Viewport
[2019.11.24-20.04.50:606][210]LogBlueprintUserMessages: Early PlayInEditor Detection: Level '/Game/PathfindingMap.PathfindingMap:PersistentLevel' has LevelScriptBlueprint '/Game/PathfindingMap.PathfindingMap:PersistentLevel.PathfindingMap' with GeneratedClass '/Game/PathfindingMap.PathfindingMap_C' with ClassGeneratedBy '/Game/PathfindingMap.PathfindingMap:PersistentLevel.PathfindingMap'
[2019.11.24-20.04.50:606][210]LogPlayLevel: PlayLevel: No blueprints needed recompiling
[2019.11.24-20.04.50:606][210]PIE: New page: PIE session: PathfindingMap (Nov 24, 2019, 10:04:50 AM)
[2019.11.24-20.04.50:606][210]LogPlayLevel: Creating play world package: /Game/UEDPIE_0_PathfindingMap
[2019.11.24-20.04.50:616][210]LogPlayLevel: PIE: StaticDuplicateObject took: (0.009429s)
[2019.11.24-20.04.50:617][210]LogAIModule: Creating AISystem for world PathfindingMap
[2019.11.24-20.04.50:669][210]LogPlayLevel: PIE: World Init took: (0.052999s)
[2019.11.24-20.04.50:669][210]LogPlayLevel: PIE: Created PIE world by copying editor world from /Game/PathfindingMap.PathfindingMap to /Game/UEDPIE_0_PathfindingMap.PathfindingMap (0.062601s)
[2019.11.24-20.04.50:691][210]LogUObjectHash: Compacting FUObjectHashTables data took   0.98ms
[2019.11.24-20.04.50:700][210]LogInit: XAudio2 using 'Speakers (USB Audio Device)' : 2 channels at 48 kHz using 16 bits per sample (channel mask 0x3)
[2019.11.24-20.04.50:714][210]LogInit: FAudioDevice initialized.
[2019.11.24-20.04.50:757][210]LogLoad: Game class is 'PathFindingGameMode_C'
[2019.11.24-20.04.50:759][210]LogWorld: Bringing World /Game/UEDPIE_0_PathfindingMap.PathfindingMap up for play (max tick rate 60) at 2019.11.24-15.04.50
[2019.11.24-20.04.50:759][210]LogWorld: Bringing up level for play took: 0.000925
[2019.11.24-20.04.50:772][210]PIE: Play in editor start time for /Game/UEDPIE_0_PathfindingMap -0.311
[2019.11.24-20.04.50:773][210]LogBlueprintUserMessages: Late PlayInEditor Detection: Level '/Game/PathfindingMap.PathfindingMap:PersistentLevel' has LevelScriptBlueprint '/Game/PathfindingMap.PathfindingMap:PersistentLevel.PathfindingMap' with GeneratedClass '/Game/PathfindingMap.PathfindingMap_C' with ClassGeneratedBy '/Game/PathfindingMap.PathfindingMap:PersistentLevel.PathfindingMap'
[2019.11.24-20.05.05:979][572]LogWindows: Error: === Critical error: ===
[2019.11.24-20.05.05:979][572]LogWindows: Error: 
[2019.11.24-20.05.05:979][572]LogWindows: Error: Fatal error!
[2019.11.24-20.05.05:979][572]LogWindows: Error: 
[2019.11.24-20.05.05:979][572]LogWindows: Error: Unhandled Exception: EXCEPTION_ACCESS_VIOLATION 0xffffffff
[2019.11.24-20.05.05:979][572]LogWindows: Error: 
[2019.11.24-20.05.05:979][572]LogWindows: Error: [Callstack] 0xffffffffffffffff UnknownFunction []
[2019.11.24-20.05.05:979][572]LogWindows: Error: [Callstack] 0x00007ff8a1476da5 UE4Editor-PathFinding-7143.dll!AStatePathfinder::Tick() [d:\repos\gameai\pathfindinglab\source\pathfinding\private\statepathfinder.cpp:77]
[2019.11.24-20.05.05:979][572]LogWindows: Error: [Callstack] 0x00007ff8cea4fea2 UE4Editor-Engine.dll!UnknownFunction []
[2019.11.24-20.05.05:979][572]LogWindows: Error: [Callstack] 0x00007ff8cea1aeed UE4Editor-Engine.dll!UnknownFunction []
[2019.11.24-20.05.05:979][572]LogWindows: Error: [Callstack] 0x00007ff8cf9d72bc UE4Editor-Engine.dll!UnknownFunction []
[2019.11.24-20.05.05:979][572]LogWindows: Error: [Callstack] 0x00007ff8d12622d8 UE4Editor-Core.dll!UnknownFunction []
[2019.11.24-20.05.05:979][572]LogWindows: Error: [Callstack] 0x00007ff8d1262563 UE4Editor-Core.dll!UnknownFunction []
[2019.11.24-20.05.05:979][572]LogWindows: Error: [Callstack] 0x00007ff8d1272309 UE4Editor-Core.dll!UnknownFunction []
[2019.11.24-20.05.05:979][572]LogWindows: Error: [Callstack] 0x00007ff8cfa1f9e3 UE4Editor-Engine.dll!UnknownFunction []
[2019.11.24-20.05.05:979][572]LogWindows: Error: [Callstack] 0x00007ff8cfa2bd12 UE4Editor-Engine.dll!UnknownFunction []
[2019.11.24-20.05.05:979][572]LogWindows: Error: [Callstack] 0x00007ff8cf24dc4f UE4Editor-Engine.dll!UnknownFunction []
[2019.11.24-20.05.05:979][572]LogWindows: Error: [Callstack] 0x00007ff8cf257e28 UE4Editor-Engine.dll!UnknownFunction []
[2019.11.24-20.05.05:980][572]LogWindows: Error: [Callstack] 0x00007ff8cd5a02f7 UE4Editor-UnrealEd.dll!UnknownFunction []
[2019.11.24-20.05.05:980][572]LogWindows: Error: [Callstack] 0x00007ff8cddbd396 UE4Editor-UnrealEd.dll!UnknownFunction []
[2019.11.24-20.05.05:980][572]LogWindows: Error: [Callstack] 0x00007ff651ab6bb1 UE4Editor.exe!UnknownFunction []
[2019.11.24-20.05.05:980][572]LogWindows: Error: [Callstack] 0x00007ff651ac554c UE4Editor.exe!UnknownFunction []
[2019.11.24-20.05.05:980][572]LogWindows: Error: [Callstack] 0x00007ff651ac55ca UE4Editor.exe!UnknownFunction []
[2019.11.24-20.05.05:980][572]LogWindows: Error: [Callstack] 0x00007ff651ad316c UE4Editor.exe!UnknownFunction []
[2019.11.24-20.05.05:980][572]LogWindows: Error: [Callstack] 0x00007ff651ad5b8e UE4Editor.exe!UnknownFunction []
[2019.11.24-20.05.05:980][572]LogWindows: Error: [Callstack] 0x00007ff949797bd4 KERNEL32.DLL!UnknownFunction []
[2019.11.24-20.05.05:980][572]LogWindows: Error: [Callstack] 0x00007ff94b0aced1 ntdll.dll!UnknownFunction []
[2019.11.24-20.05.05:980][572]LogWindows: Error: 
[2019.11.24-20.05.06:032][572]LogExit: Executing StaticShutdownAfterError
[2019.11.24-20.05.06:051][572]LogWindows: FPlatformMisc::RequestExit(1)
[2019.11.24-20.05.06:480][572]Log file closed, 11/24/19 15:05:06
