Log file open, 10/21/19 18:47:11
LogWindows: Failed to load 'aqProf.dll' (GetLastError=126)
LogWindows: File 'aqProf.dll' does not exist
LogWindows: Failed to load 'VtuneApi.dll' (GetLastError=126)
LogWindows: File 'VtuneApi.dll' does not exist
LogWindows: Failed to load 'VtuneApi32e.dll' (GetLastError=126)
LogWindows: File 'VtuneApi32e.dll' does not exist
LogConsoleResponse: Display: Failed to find resolution value strings in scalability ini. Falling back to default.
LogInit: Display: Running engine for game: PathFinding
LogPakFile: Registered encryption key '00000000000000000000000000000000': 0 pak files mounted, 0 remain pending
LogPlatformFile: Not using cached read wrapper
LogTaskGraph: Started task graph with 5 named threads and 23 total threads with 3 sets of task threads.
LogStats: Stats thread started at 0.273325
LogD3D11RHI: Loaded GFSDK_Aftermath_Lib.x64.dll
LogICUInternationalization: ICU TimeZone Detection - Raw Offset: -5:00, Platform Override: ''
LogPluginManager: Mounting plugin Paper2D
LogPluginManager: Mounting plugin AISupport
LogPluginManager: Mounting plugin LightPropagationVolume
LogPluginManager: Mounting plugin ActorLayerUtilities
LogPluginManager: Mounting plugin AnimationSharing
LogPluginManager: Mounting plugin CLionSourceCodeAccess
LogPluginManager: Mounting plugin CodeLiteSourceCodeAccess
LogPluginManager: Mounting plugin GitSourceControl
LogPluginManager: Mounting plugin KDevelopSourceCodeAccess
LogPluginManager: Mounting plugin NullSourceCodeAccess
LogPluginManager: Mounting plugin PerforceSourceControl
LogPluginManager: Mounting plugin SubversionSourceControl
LogPluginManager: Mounting plugin UObjectPlugin
LogPluginManager: Mounting plugin VisualStudioCodeSourceCodeAccess
LogPluginManager: Mounting plugin VisualStudioSourceCodeAccess
LogPluginManager: Mounting plugin XCodeSourceCodeAccess
LogPluginManager: Mounting plugin AssetManagerEditor
LogPluginManager: Mounting plugin CryptoKeys
LogPluginManager: Mounting plugin DataValidation
LogPluginManager: Mounting plugin FacialAnimation
LogPluginManager: Mounting plugin GameplayTagsEditor
LogPluginManager: Mounting plugin MacGraphicsSwitching
LogPluginManager: Mounting plugin MaterialAnalyzer
LogPluginManager: Mounting plugin MobileLauncherProfileWizard
LogPluginManager: Mounting plugin PluginBrowser
LogPluginManager: Mounting plugin SpeedTreeImporter
LogPluginManager: Mounting plugin DatasmithContent
LogPluginManager: Mounting plugin VariantManagerContent
LogPluginManager: Mounting plugin AlembicImporter
LogPluginManager: Mounting plugin AppleImageUtils
LogPluginManager: Mounting plugin AppleVision
LogPluginManager: Mounting plugin BackChannel
LogPluginManager: Mounting plugin CharacterAI
LogPluginManager: Mounting plugin GeometryCache
LogPluginManager: Mounting plugin HTML5Networking
LogPluginManager: Mounting plugin ProxyLODPlugin
LogPluginManager: Mounting plugin SkeletalReduction
LogPluginManager: Mounting plugin MagicLeap
LogPluginManager: Mounting plugin MagicLeapMedia
LogPluginManager: Mounting plugin AndroidMedia
LogPluginManager: Mounting plugin AvfMedia
LogPluginManager: Mounting plugin ImgMedia
LogPluginManager: Mounting plugin LinearTimecode
LogPluginManager: Mounting plugin MediaCompositing
LogPluginManager: Mounting plugin MediaPlayerEditor
LogPluginManager: Mounting plugin WebMMedia
LogPluginManager: Mounting plugin WmfMedia
LogPluginManager: Mounting plugin TcpMessaging
LogPluginManager: Mounting plugin UdpMessaging
LogPluginManager: Mounting plugin ActorSequence
LogPluginManager: Mounting plugin LevelSequenceEditor
LogPluginManager: Mounting plugin MatineeToLevelSequence
LogPluginManager: Mounting plugin NetcodeUnitTest
LogPluginManager: Mounting plugin NUTUnrealEngine4
LogPluginManager: Mounting plugin OnlineSubsystemGooglePlay
LogPluginManager: Mounting plugin OnlineSubsystemIOS
LogPluginManager: Mounting plugin OnlineSubsystem
LogPluginManager: Mounting plugin OnlineSubsystemNull
LogPluginManager: Mounting plugin OnlineSubsystemUtils
LogPluginManager: Mounting plugin LauncherChunkInstaller
LogPluginManager: Mounting plugin AndroidDeviceProfileSelector
LogPluginManager: Mounting plugin AndroidMoviePlayer
LogPluginManager: Mounting plugin AndroidPermission
LogPluginManager: Mounting plugin AppleMoviePlayer
LogPluginManager: Mounting plugin ArchVisCharacter
LogPluginManager: Mounting plugin AudioCapture
LogPluginManager: Mounting plugin CableComponent
LogPluginManager: Mounting plugin CustomMeshComponent
LogPluginManager: Mounting plugin EditableMesh
LogPluginManager: Mounting plugin ExampleDeviceProfileSelector
LogPluginManager: Mounting plugin Firebase
LogPluginManager: Mounting plugin GoogleCloudMessaging
LogPluginManager: Mounting plugin IOSDeviceProfileSelector
LogPluginManager: Mounting plugin LinuxDeviceProfileSelector
LogPluginManager: Mounting plugin LocationServicesBPLibrary
LogPluginManager: Mounting plugin MobilePatchingUtils
LogPluginManager: Mounting plugin OculusVR
LogPluginManager: Mounting plugin PhysXVehicles
LogPluginManager: Mounting plugin ProceduralMeshComponent
LogPluginManager: Mounting plugin RuntimePhysXCooking
LogPluginManager: Mounting plugin SignificanceManager
LogPluginManager: Mounting plugin SteamVR
LogPluginManager: Mounting plugin WebMMoviePlayer
LogPluginManager: Mounting plugin WindowsMoviePlayer
LogInit: Using libcurl 7.55.1-DEV
LogInit:  - built for x86_64-pc-win32
LogInit:  - supports SSL with OpenSSL/1.1.1
LogInit:  - supports HTTP deflate (compression) using libz 1.2.8
LogInit:  - other features:
LogInit:      CURL_VERSION_SSL
LogInit:      CURL_VERSION_LIBZ
LogInit:      CURL_VERSION_IPV6
LogInit:      CURL_VERSION_ASYNCHDNS
LogInit:      CURL_VERSION_LARGEFILE
LogInit:      CURL_VERSION_IDN
LogInit:  CurlRequestOptions (configurable via config and command line):
LogInit:  - bVerifyPeer = true  - Libcurl will verify peer certificate
LogInit:  - bUseHttpProxy = false  - Libcurl will NOT use HTTP proxy
LogInit:  - bDontReuseConnections = false  - Libcurl will reuse connections
LogInit:  - MaxHostConnections = 16  - Libcurl will limit the number of connections to a host
LogInit:  - LocalHostAddr = Default
LogInit:  - BufferSize = 65536
LogInit: WinSock: version 1.1 (2.2), MaxSocks=32767, MaxUdp=65467
LogInit: Build: ++UE4+Release-4.22-CL-7053642
LogInit: Engine Version: 4.22.3-7053642+++UE4+Release-4.22
LogInit: Compatible Engine Version: 4.22.0-5660361+++UE4+Release-4.22
LogInit: Net CL: 5660361
LogInit: OS: Windows 10 (Release 1903) (), CPU: Intel(R) Xeon(R) CPU E5-1620 v4 @ 3.50GHz, GPU: NVIDIA GeForce GTX 1080
LogInit: Compiled (64-bit): Jun 18 2019 03:09:11
LogInit: Compiled with Visual C++: 19.16.27025.01
LogInit: Build Configuration: Development
LogInit: Branch Name: ++UE4+Release-4.22
LogInit: Command Line: 
LogInit: Base Directory: C:/Program Files/Epic Games/UE_4.22/Engine/Binaries/Win64/
LogInit: Installed Engine Build: 1
LogDevObjectVersion: Number of dev versions registered: 23
LogDevObjectVersion:   Dev-Blueprints (B0D832E4-1F89-4F0D-ACCF-7EB736FD4AA2): 10
LogDevObjectVersion:   Dev-Build (E1C64328-A22C-4D53-A36C-8E866417BD8C): 0
LogDevObjectVersion:   Dev-Core (375EC13C-06E4-48FB-B500-84F0262A717E): 3
LogDevObjectVersion:   Dev-Editor (E4B068ED-F494-42E9-A231-DA0B2E46BB41): 30
LogDevObjectVersion:   Dev-Framework (CFFC743F-43B0-4480-9391-14DF171D2073): 35
LogDevObjectVersion:   Dev-Mobile (B02B49B5-BB20-44E9-A304-32B752E40360): 2
LogDevObjectVersion:   Dev-Networking (A4E4105C-59A1-49B5-A7C5-40C4547EDFEE): 0
LogDevObjectVersion:   Dev-Online (39C831C9-5AE6-47DC-9A44-9C173E1C8E7C): 0
LogDevObjectVersion:   Dev-Physics (78F01B33-EBEA-4F98-B9B4-84EACCB95AA2): 0
LogDevObjectVersion:   Dev-Platform (6631380F-2D4D-43E0-8009-CF276956A95A): 0
LogDevObjectVersion:   Dev-Rendering (12F88B9F-8875-4AFC-A67C-D90C383ABD29): 28
LogDevObjectVersion:   Dev-Sequencer (7B5AE74C-D270-4C10-A958-57980B212A5A): 11
LogDevObjectVersion:   Dev-VR (D7296918-1DD6-4BDD-9DE2-64A83CC13884): 2
LogDevObjectVersion:   Dev-LoadTimes (C2A15278-BFE7-4AFE-6C17-90FF531DF755): 1
LogDevObjectVersion:   Private-Geometry (6EACA3D4-40EC-4CC1-B786-8BED09428FC5): 3
LogDevObjectVersion:   Dev-AnimPhys (29E575DD-E0A3-4627-9D10-D276232CDCEA): 17
LogDevObjectVersion:   Dev-Anim (AF43A65D-7FD3-4947-9873-3E8ED9C1BB05): 2
LogDevObjectVersion:   Dev-ReflectionCapture (6B266CEC-1EC7-4B8F-A30B-E4D90942FC07): 1
LogDevObjectVersion:   Dev-Automation (0DF73D61-A23F-47EA-B727-89E90C41499A): 1
LogDevObjectVersion:   FortniteMain (601D1886-AC64-4F84-AA16-D3DE0DEAC7D6): 25
LogDevObjectVersion:   Dev-Enterprise (9DFFBCD6-494F-0158-E221-12823C92A888): 6
LogDevObjectVersion:   Dev-Niagara (F2AED0AC-9AFE-416F-8664-AA7FFA26D6FC): 1
LogDevObjectVersion:   Dev-Destruction (174F1F0B-B4C6-45A5-B13F-2EE8D0FB917D): 2
LogInit: Presizing for max 16777216 objects, including 0 objects not considered by GC, pre-allocating 0 bytes for permanent pool.
LogInit: Object subsystem initialized
LogConfig: Setting CVar [[con.DebugEarlyDefault:1]]
LogConfig: Setting CVar [[r.setres:1280x720]]
[2019.10.21-22.47.11:977][  0]LogConfig: Setting CVar [[r.VSync:0]]
[2019.10.21-22.47.11:977][  0]LogConfig: Setting CVar [[r.RHICmdBypass:0]]
[2019.10.21-22.47.11:977][  0]LogConfig: Applying CVar settings from Section [/Script/Engine.RendererSettings] File [C:/Users/Student/Documents/Unreal Projects/BenCGameAI/GameAI/PathfindingLab/Saved/Config/Windows/Engine.ini]
[2019.10.21-22.47.11:977][  0]LogConfig: Setting CVar [[r.GPUCrashDebugging:0]]
[2019.10.21-22.47.11:977][  0]LogConfig: Setting CVar [[r.DefaultFeature.AutoExposure.ExtendDefaultLuminanceRange:1]]
[2019.10.21-22.47.11:977][  0]LogConfig: Applying CVar settings from Section [/Script/Engine.RendererOverrideSettings] File [C:/Users/Student/Documents/Unreal Projects/BenCGameAI/GameAI/PathfindingLab/Saved/Config/Windows/Engine.ini]
[2019.10.21-22.47.11:977][  0]LogConfig: Applying CVar settings from Section [/Script/Engine.StreamingSettings] File [C:/Users/Student/Documents/Unreal Projects/BenCGameAI/GameAI/PathfindingLab/Saved/Config/Windows/Engine.ini]
[2019.10.21-22.47.11:977][  0]LogConfig: Setting CVar [[s.MinBulkDataSizeForAsyncLoading:131072]]
[2019.10.21-22.47.11:977][  0]LogConfig: Setting CVar [[s.AsyncLoadingThreadEnabled:0]]
[2019.10.21-22.47.11:977][  0]LogConfig: Setting CVar [[s.EventDrivenLoaderEnabled:1]]
[2019.10.21-22.47.11:977][  0]LogConfig: Setting CVar [[s.WarnIfTimeLimitExceeded:0]]
[2019.10.21-22.47.11:977][  0]LogConfig: Setting CVar [[s.TimeLimitExceededMultiplier:1.5]]
[2019.10.21-22.47.11:978][  0]LogConfig: Setting CVar [[s.TimeLimitExceededMinTime:0.005]]
[2019.10.21-22.47.11:978][  0]LogConfig: Setting CVar [[s.UseBackgroundLevelStreaming:1]]
[2019.10.21-22.47.11:978][  0]LogConfig: Setting CVar [[s.PriorityAsyncLoadingExtraTime:15.0]]
[2019.10.21-22.47.11:978][  0]LogConfig: Setting CVar [[s.LevelStreamingActorsUpdateTimeLimit:5.0]]
[2019.10.21-22.47.11:978][  0]LogConfig: Setting CVar [[s.PriorityLevelStreamingActorsUpdateExtraTime:5.0]]
[2019.10.21-22.47.11:978][  0]LogConfig: Setting CVar [[s.LevelStreamingComponentsRegistrationGranularity:10]]
[2019.10.21-22.47.11:978][  0]LogConfig: Setting CVar [[s.UnregisterComponentsTimeLimit:1.0]]
[2019.10.21-22.47.11:978][  0]LogConfig: Setting CVar [[s.LevelStreamingComponentsUnregistrationGranularity:5]]
[2019.10.21-22.47.11:978][  0]LogConfig: Applying CVar settings from Section [/Script/Engine.GarbageCollectionSettings] File [C:/Users/Student/Documents/Unreal Projects/BenCGameAI/GameAI/PathfindingLab/Saved/Config/Windows/Engine.ini]
[2019.10.21-22.47.11:978][  0]LogConfig: Setting CVar [[gc.MaxObjectsNotConsideredByGC:1]]
[2019.10.21-22.47.11:978][  0]LogConfig: Setting CVar [[gc.SizeOfPermanentObjectPool:0]]
[2019.10.21-22.47.11:978][  0]LogConfig: Setting CVar [[gc.FlushStreamingOnGC:0]]
[2019.10.21-22.47.11:978][  0]LogConfig: Setting CVar [[gc.NumRetriesBeforeForcingGC:10]]
[2019.10.21-22.47.11:978][  0]LogConfig: Setting CVar [[gc.AllowParallelGC:1]]
[2019.10.21-22.47.11:978][  0]LogConfig: Setting CVar [[gc.TimeBetweenPurgingPendingKillObjects:61.1]]
[2019.10.21-22.47.11:978][  0]LogConfig: Setting CVar [[gc.MaxObjectsInEditor:16777216]]
[2019.10.21-22.47.11:978][  0]LogConfig: Setting CVar [[gc.IncrementalBeginDestroyEnabled:1]]
[2019.10.21-22.47.11:978][  0]LogConfig: Setting CVar [[gc.CreateGCClusters:1]]
[2019.10.21-22.47.11:978][  0]LogConfig: Setting CVar [[gc.MinGCClusterSize:5]]
[2019.10.21-22.47.11:978][  0]LogConfig: Setting CVar [[gc.ActorClusteringEnabled:0]]
[2019.10.21-22.47.11:978][  0]LogConfig: Setting CVar [[gc.BlueprintClusteringEnabled:0]]
[2019.10.21-22.47.11:978][  0]LogConfig: Setting CVar [[gc.UseDisregardForGCOnDedicatedServers:0]]
[2019.10.21-22.47.11:978][  0]LogConfig: Applying CVar settings from Section [/Script/Engine.NetworkSettings] File [C:/Users/Student/Documents/Unreal Projects/BenCGameAI/GameAI/PathfindingLab/Saved/Config/Windows/Engine.ini]
[2019.10.21-22.47.11:978][  0]LogConfig: Applying CVar settings from Section [/Script/UnrealEd.CookerSettings] File [C:/Users/Student/Documents/Unreal Projects/BenCGameAI/GameAI/PathfindingLab/Saved/Config/Windows/Engine.ini]
[2019.10.21-22.47.11:984][  0]LogConfig: Applying CVar settings from Section [ViewDistanceQuality@3] File [C:/Users/Student/Documents/Unreal Projects/BenCGameAI/GameAI/PathfindingLab/Saved/Config/Windows/Scalability.ini]
[2019.10.21-22.47.11:984][  0]LogConfig: Setting CVar [[r.SkeletalMeshLODBias:0]]
[2019.10.21-22.47.11:984][  0]LogConfig: Setting CVar [[r.ViewDistanceScale:1.0]]
[2019.10.21-22.47.11:984][  0]LogConfig: Applying CVar settings from Section [AntiAliasingQuality@3] File [C:/Users/Student/Documents/Unreal Projects/BenCGameAI/GameAI/PathfindingLab/Saved/Config/Windows/Scalability.ini]
[2019.10.21-22.47.11:984][  0]LogConfig: Setting CVar [[r.PostProcessAAQuality:4]]
[2019.10.21-22.47.11:984][  0]LogConfig: Applying CVar settings from Section [ShadowQuality@3] File [C:/Users/Student/Documents/Unreal Projects/BenCGameAI/GameAI/PathfindingLab/Saved/Config/Windows/Scalability.ini]
[2019.10.21-22.47.11:984][  0]LogConfig: Setting CVar [[r.LightFunctionQuality:1]]
[2019.10.21-22.47.11:984][  0]LogConfig: Setting CVar [[r.ShadowQuality:5]]
[2019.10.21-22.47.11:984][  0]LogConfig: Setting CVar [[r.Shadow.CSM.MaxCascades:10]]
[2019.10.21-22.47.11:984][  0]LogConfig: Setting CVar [[r.Shadow.MaxResolution:2048]]
[2019.10.21-22.47.11:984][  0]LogConfig: Setting CVar [[r.Shadow.MaxCSMResolution:2048]]
[2019.10.21-22.47.11:984][  0]LogConfig: Setting CVar [[r.Shadow.RadiusThreshold:0.01]]
[2019.10.21-22.47.11:984][  0]LogConfig: Setting CVar [[r.Shadow.DistanceScale:1.0]]
[2019.10.21-22.47.11:984][  0]LogConfig: Setting CVar [[r.Shadow.CSM.TransitionScale:1.0]]
[2019.10.21-22.47.11:984][  0]LogConfig: Setting CVar [[r.Shadow.PreShadowResolutionFactor:1.0]]
[2019.10.21-22.47.11:984][  0]LogConfig: Setting CVar [[r.DistanceFieldShadowing:1]]
[2019.10.21-22.47.11:984][  0]LogConfig: Setting CVar [[r.DistanceFieldAO:1]]
[2019.10.21-22.47.11:984][  0]LogConfig: Setting CVar [[r.AOQuality:2]]
[2019.10.21-22.47.11:984][  0]LogConfig: Setting CVar [[r.VolumetricFog:1]]
[2019.10.21-22.47.11:984][  0]LogConfig: Setting CVar [[r.VolumetricFog.GridPixelSize:8]]
[2019.10.21-22.47.11:984][  0]LogConfig: Setting CVar [[r.VolumetricFog.GridSizeZ:128]]
[2019.10.21-22.47.11:984][  0]LogConfig: Setting CVar [[r.VolumetricFog.HistoryMissSupersampleCount:4]]
[2019.10.21-22.47.11:984][  0]LogConfig: Setting CVar [[r.LightMaxDrawDistanceScale:1]]
[2019.10.21-22.47.11:984][  0]LogConfig: Setting CVar [[r.CapsuleShadows:1]]
[2019.10.21-22.47.11:984][  0]LogConfig: Applying CVar settings from Section [PostProcessQuality@3] File [C:/Users/Student/Documents/Unreal Projects/BenCGameAI/GameAI/PathfindingLab/Saved/Config/Windows/Scalability.ini]
[2019.10.21-22.47.11:984][  0]LogConfig: Setting CVar [[r.MotionBlurQuality:4]]
[2019.10.21-22.47.11:984][  0]LogConfig: Setting CVar [[r.AmbientOcclusionMipLevelFactor:0.4]]
[2019.10.21-22.47.11:984][  0]LogConfig: Setting CVar [[r.AmbientOcclusionMaxQuality:100]]
[2019.10.21-22.47.11:984][  0]LogConfig: Setting CVar [[r.AmbientOcclusionLevels:-1]]
[2019.10.21-22.47.11:984][  0]LogConfig: Setting CVar [[r.AmbientOcclusionRadiusScale:1.0]]
[2019.10.21-22.47.11:984][  0]LogConfig: Setting CVar [[r.DepthOfFieldQuality:2]]
[2019.10.21-22.47.11:984][  0]LogConfig: Setting CVar [[r.RenderTargetPoolMin:400]]
[2019.10.21-22.47.11:984][  0]LogConfig: Setting CVar [[r.LensFlareQuality:2]]
[2019.10.21-22.47.11:984][  0]LogConfig: Setting CVar [[r.SceneColorFringeQuality:1]]
[2019.10.21-22.47.11:984][  0]LogConfig: Setting CVar [[r.EyeAdaptationQuality:2]]
[2019.10.21-22.47.11:984][  0]LogConfig: Setting CVar [[r.BloomQuality:5]]
[2019.10.21-22.47.11:984][  0]LogConfig: Setting CVar [[r.FastBlurThreshold:100]]
[2019.10.21-22.47.11:984][  0]LogConfig: Setting CVar [[r.Upscale.Quality:3]]
[2019.10.21-22.47.11:984][  0]LogConfig: Setting CVar [[r.Tonemapper.GrainQuantization:1]]
[2019.10.21-22.47.11:984][  0]LogConfig: Setting CVar [[r.LightShaftQuality:1]]
[2019.10.21-22.47.11:984][  0]LogConfig: Setting CVar [[r.Filter.SizeScale:1]]
[2019.10.21-22.47.11:984][  0]LogConfig: Setting CVar [[r.Tonemapper.Quality:5]]
[2019.10.21-22.47.11:984][  0]LogConfig: Setting CVar [[r.DOF.Gather.AccumulatorQuality:1        ; higher gathering accumulator quality]]
[2019.10.21-22.47.11:984][  0]LogConfig: Setting CVar [[r.DOF.Gather.PostfilterMethod:1          ; Median3x3 postfilering method]]
[2019.10.21-22.47.11:984][  0]LogConfig: Setting CVar [[r.DOF.Gather.EnableBokehSettings:0       ; no bokeh simulation when gathering]]
[2019.10.21-22.47.11:984][  0]LogConfig: Setting CVar [[r.DOF.Gather.RingCount:4                 ; medium number of samples when gathering]]
[2019.10.21-22.47.11:984][  0]LogConfig: Setting CVar [[r.DOF.Scatter.ForegroundCompositing:1    ; additive foreground scattering]]
[2019.10.21-22.47.11:984][  0]LogConfig: Setting CVar [[r.DOF.Scatter.BackgroundCompositing:2    ; additive background scattering]]
[2019.10.21-22.47.11:984][  0]LogConfig: Setting CVar [[r.DOF.Scatter.EnableBokehSettings:1      ; bokeh simulation when scattering]]
[2019.10.21-22.47.11:984][  0]LogConfig: Setting CVar [[r.DOF.Scatter.MaxSpriteRatio:0.1         ; only a maximum of 10% of scattered bokeh]]
[2019.10.21-22.47.11:984][  0]LogConfig: Setting CVar [[r.DOF.Recombine.Quality:1                ; cheap slight out of focus]]
[2019.10.21-22.47.11:984][  0]LogConfig: Setting CVar [[r.DOF.Recombine.EnableBokehSettings:0    ; no bokeh simulation on slight out of focus]]
[2019.10.21-22.47.11:984][  0]LogConfig: Setting CVar [[r.DOF.TemporalAAQuality:1                ; more stable temporal accumulation]]
[2019.10.21-22.47.11:984][  0]LogConfig: Setting CVar [[r.DOF.Kernel.MaxForegroundRadius:0.025]]
[2019.10.21-22.47.11:984][  0]LogConfig: Setting CVar [[r.DOF.Kernel.MaxBackgroundRadius:0.025]]
[2019.10.21-22.47.11:984][  0]LogConfig: Applying CVar settings from Section [TextureQuality@3] File [C:/Users/Student/Documents/Unreal Projects/BenCGameAI/GameAI/PathfindingLab/Saved/Config/Windows/Scalability.ini]
[2019.10.21-22.47.11:984][  0]LogConfig: Setting CVar [[r.Streaming.MipBias:0]]
[2019.10.21-22.47.11:984][  0]LogConfig: Setting CVar [[r.Streaming.AmortizeCPUToGPUCopy:0]]
[2019.10.21-22.47.11:984][  0]LogConfig: Setting CVar [[r.Streaming.MaxNumTexturesToStreamPerFrame:0]]
[2019.10.21-22.47.11:984][  0]LogConfig: Setting CVar [[r.Streaming.Boost:1]]
[2019.10.21-22.47.11:984][  0]LogConfig: Setting CVar [[r.MaxAnisotropy:8]]
[2019.10.21-22.47.11:985][  0]LogConfig: Setting CVar [[r.Streaming.LimitPoolSizeToVRAM:0]]
[2019.10.21-22.47.11:985][  0]LogConfig: Setting CVar [[r.Streaming.PoolSize:1000]]
[2019.10.21-22.47.11:985][  0]LogConfig: Setting CVar [[r.Streaming.MaxEffectiveScreenSize:0]]
[2019.10.21-22.47.11:985][  0]LogConfig: Applying CVar settings from Section [EffectsQuality@3] File [C:/Users/Student/Documents/Unreal Projects/BenCGameAI/GameAI/PathfindingLab/Saved/Config/Windows/Scalability.ini]
[2019.10.21-22.47.11:985][  0]LogConfig: Setting CVar [[r.TranslucencyLightingVolumeDim:64]]
[2019.10.21-22.47.11:985][  0]LogConfig: Setting CVar [[r.RefractionQuality:2]]
[2019.10.21-22.47.11:985][  0]LogConfig: Setting CVar [[r.SSR.Quality:3]]
[2019.10.21-22.47.11:985][  0]LogConfig: Setting CVar [[r.SceneColorFormat:4]]
[2019.10.21-22.47.11:985][  0]LogConfig: Setting CVar [[r.DetailMode:2]]
[2019.10.21-22.47.11:985][  0]LogConfig: Setting CVar [[r.TranslucencyVolumeBlur:1]]
[2019.10.21-22.47.11:985][  0]LogConfig: Setting CVar [[r.MaterialQualityLevel:1 ; High quality]]
[2019.10.21-22.47.11:985][  0]LogConfig: Setting CVar [[r.SSS.Scale:1]]
[2019.10.21-22.47.11:985][  0]LogConfig: Setting CVar [[r.SSS.SampleSet:2]]
[2019.10.21-22.47.11:985][  0]LogConfig: Setting CVar [[r.SSS.Quality:1]]
[2019.10.21-22.47.11:985][  0]LogConfig: Setting CVar [[r.SSS.HalfRes:1]]
[2019.10.21-22.47.11:985][  0]LogConfig: Setting CVar [[r.EmitterSpawnRateScale:1.0]]
[2019.10.21-22.47.11:985][  0]LogConfig: Setting CVar [[r.ParticleLightQuality:2]]
[2019.10.21-22.47.11:985][  0]LogConfig: Applying CVar settings from Section [FoliageQuality@3] File [C:/Users/Student/Documents/Unreal Projects/BenCGameAI/GameAI/PathfindingLab/Saved/Config/Windows/Scalability.ini]
[2019.10.21-22.47.11:985][  0]LogConfig: Setting CVar [[foliage.DensityScale:1.0]]
[2019.10.21-22.47.11:985][  0]LogConfig: Setting CVar [[grass.DensityScale:1.0]]
[2019.10.21-22.47.11:985][  0]LogInit: Selected Device Profile: [Windows]
[2019.10.21-22.47.11:985][  0]LogInit: Applying CVar settings loaded from the selected device profile: [Windows]
[2019.10.21-22.47.11:995][  0]LogHAL: Display: Platform has ~ 16 GB [17098231808 / 17179869184 / 16], which maps to Larger [LargestMinGB=32, LargerMinGB=12, DefaultMinGB=8, SmallerMinGB=6, SmallestMinGB=0)
[2019.10.21-22.47.11:995][  0]LogConfig: Setting CVar [[r.Vulkan.UseRealUBs:0		; Required until we fix HLR fall-out]]
[2019.10.21-22.47.11:995][  0]LogInit: Going up to parent DeviceProfile []
[2019.10.21-22.47.11:995][  0]LogConfig: Applying CVar settings from Section [ViewDistanceQuality@3] File [C:/Users/Student/Documents/Unreal Projects/BenCGameAI/GameAI/PathfindingLab/Saved/Config/Windows/Scalability.ini]
[2019.10.21-22.47.11:995][  0]LogConfig: Setting CVar [[r.SkeletalMeshLODBias:0]]
[2019.10.21-22.47.11:995][  0]LogConfig: Setting CVar [[r.ViewDistanceScale:1.0]]
[2019.10.21-22.47.11:995][  0]LogConfig: Applying CVar settings from Section [AntiAliasingQuality@3] File [C:/Users/Student/Documents/Unreal Projects/BenCGameAI/GameAI/PathfindingLab/Saved/Config/Windows/Scalability.ini]
[2019.10.21-22.47.11:995][  0]LogConfig: Setting CVar [[r.PostProcessAAQuality:4]]
[2019.10.21-22.47.11:995][  0]LogConfig: Applying CVar settings from Section [ShadowQuality@3] File [C:/Users/Student/Documents/Unreal Projects/BenCGameAI/GameAI/PathfindingLab/Saved/Config/Windows/Scalability.ini]
[2019.10.21-22.47.11:995][  0]LogConfig: Setting CVar [[r.LightFunctionQuality:1]]
[2019.10.21-22.47.11:995][  0]LogConfig: Setting CVar [[r.ShadowQuality:5]]
[2019.10.21-22.47.11:995][  0]LogConfig: Setting CVar [[r.Shadow.CSM.MaxCascades:10]]
[2019.10.21-22.47.11:995][  0]LogConfig: Setting CVar [[r.Shadow.MaxResolution:2048]]
[2019.10.21-22.47.11:995][  0]LogConfig: Setting CVar [[r.Shadow.MaxCSMResolution:2048]]
[2019.10.21-22.47.11:995][  0]LogConfig: Setting CVar [[r.Shadow.RadiusThreshold:0.01]]
[2019.10.21-22.47.11:995][  0]LogConfig: Setting CVar [[r.Shadow.DistanceScale:1.0]]
[2019.10.21-22.47.11:995][  0]LogConfig: Setting CVar [[r.Shadow.CSM.TransitionScale:1.0]]
[2019.10.21-22.47.11:995][  0]LogConfig: Setting CVar [[r.Shadow.PreShadowResolutionFactor:1.0]]
[2019.10.21-22.47.11:995][  0]LogConfig: Setting CVar [[r.DistanceFieldShadowing:1]]
[2019.10.21-22.47.11:995][  0]LogConfig: Setting CVar [[r.DistanceFieldAO:1]]
[2019.10.21-22.47.11:995][  0]LogConfig: Setting CVar [[r.AOQuality:2]]
[2019.10.21-22.47.11:995][  0]LogConfig: Setting CVar [[r.VolumetricFog:1]]
[2019.10.21-22.47.11:995][  0]LogConfig: Setting CVar [[r.VolumetricFog.GridPixelSize:8]]
[2019.10.21-22.47.11:995][  0]LogConfig: Setting CVar [[r.VolumetricFog.GridSizeZ:128]]
[2019.10.21-22.47.11:995][  0]LogConfig: Setting CVar [[r.VolumetricFog.HistoryMissSupersampleCount:4]]
[2019.10.21-22.47.11:995][  0]LogConfig: Setting CVar [[r.LightMaxDrawDistanceScale:1]]
[2019.10.21-22.47.11:995][  0]LogConfig: Setting CVar [[r.CapsuleShadows:1]]
[2019.10.21-22.47.11:995][  0]LogConfig: Applying CVar settings from Section [PostProcessQuality@3] File [C:/Users/Student/Documents/Unreal Projects/BenCGameAI/GameAI/PathfindingLab/Saved/Config/Windows/Scalability.ini]
[2019.10.21-22.47.11:995][  0]LogConfig: Setting CVar [[r.MotionBlurQuality:4]]
[2019.10.21-22.47.11:995][  0]LogConfig: Setting CVar [[r.AmbientOcclusionMipLevelFactor:0.4]]
[2019.10.21-22.47.11:995][  0]LogConfig: Setting CVar [[r.AmbientOcclusionMaxQuality:100]]
[2019.10.21-22.47.11:995][  0]LogConfig: Setting CVar [[r.AmbientOcclusionLevels:-1]]
[2019.10.21-22.47.11:995][  0]LogConfig: Setting CVar [[r.AmbientOcclusionRadiusScale:1.0]]
[2019.10.21-22.47.11:995][  0]LogConfig: Setting CVar [[r.DepthOfFieldQuality:2]]
[2019.10.21-22.47.11:995][  0]LogConfig: Setting CVar [[r.RenderTargetPoolMin:400]]
[2019.10.21-22.47.11:995][  0]LogConfig: Setting CVar [[r.LensFlareQuality:2]]
[2019.10.21-22.47.11:995][  0]LogConfig: Setting CVar [[r.SceneColorFringeQuality:1]]
[2019.10.21-22.47.11:995][  0]LogConfig: Setting CVar [[r.EyeAdaptationQuality:2]]
[2019.10.21-22.47.11:995][  0]LogConfig: Setting CVar [[r.BloomQuality:5]]
[2019.10.21-22.47.11:995][  0]LogConfig: Setting CVar [[r.FastBlurThreshold:100]]
[2019.10.21-22.47.11:995][  0]LogConfig: Setting CVar [[r.Upscale.Quality:3]]
[2019.10.21-22.47.11:995][  0]LogConfig: Setting CVar [[r.Tonemapper.GrainQuantization:1]]
[2019.10.21-22.47.11:995][  0]LogConfig: Setting CVar [[r.LightShaftQuality:1]]
[2019.10.21-22.47.11:995][  0]LogConfig: Setting CVar [[r.Filter.SizeScale:1]]
[2019.10.21-22.47.11:995][  0]LogConfig: Setting CVar [[r.Tonemapper.Quality:5]]
[2019.10.21-22.47.11:996][  0]LogConfig: Setting CVar [[r.DOF.Gather.AccumulatorQuality:1        ; higher gathering accumulator quality]]
[2019.10.21-22.47.11:996][  0]LogConfig: Setting CVar [[r.DOF.Gather.PostfilterMethod:1          ; Median3x3 postfilering method]]
[2019.10.21-22.47.11:996][  0]LogConfig: Setting CVar [[r.DOF.Gather.EnableBokehSettings:0       ; no bokeh simulation when gathering]]
[2019.10.21-22.47.11:996][  0]LogConfig: Setting CVar [[r.DOF.Gather.RingCount:4                 ; medium number of samples when gathering]]
[2019.10.21-22.47.11:996][  0]LogConfig: Setting CVar [[r.DOF.Scatter.ForegroundCompositing:1    ; additive foreground scattering]]
[2019.10.21-22.47.11:996][  0]LogConfig: Setting CVar [[r.DOF.Scatter.BackgroundCompositing:2    ; additive background scattering]]
[2019.10.21-22.47.11:996][  0]LogConfig: Setting CVar [[r.DOF.Scatter.EnableBokehSettings:1      ; bokeh simulation when scattering]]
[2019.10.21-22.47.11:996][  0]LogConfig: Setting CVar [[r.DOF.Scatter.MaxSpriteRatio:0.1         ; only a maximum of 10% of scattered bokeh]]
[2019.10.21-22.47.11:996][  0]LogConfig: Setting CVar [[r.DOF.Recombine.Quality:1                ; cheap slight out of focus]]
[2019.10.21-22.47.11:996][  0]LogConfig: Setting CVar [[r.DOF.Recombine.EnableBokehSettings:0    ; no bokeh simulation on slight out of focus]]
[2019.10.21-22.47.11:996][  0]LogConfig: Setting CVar [[r.DOF.TemporalAAQuality:1                ; more stable temporal accumulation]]
[2019.10.21-22.47.11:996][  0]LogConfig: Setting CVar [[r.DOF.Kernel.MaxForegroundRadius:0.025]]
[2019.10.21-22.47.11:996][  0]LogConfig: Setting CVar [[r.DOF.Kernel.MaxBackgroundRadius:0.025]]
[2019.10.21-22.47.11:996][  0]LogConfig: Applying CVar settings from Section [TextureQuality@3] File [C:/Users/Student/Documents/Unreal Projects/BenCGameAI/GameAI/PathfindingLab/Saved/Config/Windows/Scalability.ini]
[2019.10.21-22.47.11:996][  0]LogConfig: Setting CVar [[r.Streaming.MipBias:0]]
[2019.10.21-22.47.11:996][  0]LogConfig: Setting CVar [[r.Streaming.AmortizeCPUToGPUCopy:0]]
[2019.10.21-22.47.11:996][  0]LogConfig: Setting CVar [[r.Streaming.MaxNumTexturesToStreamPerFrame:0]]
[2019.10.21-22.47.11:996][  0]LogConfig: Setting CVar [[r.Streaming.Boost:1]]
[2019.10.21-22.47.11:996][  0]LogConfig: Setting CVar [[r.MaxAnisotropy:8]]
[2019.10.21-22.47.11:996][  0]LogConfig: Setting CVar [[r.Streaming.LimitPoolSizeToVRAM:0]]
[2019.10.21-22.47.11:996][  0]LogConfig: Setting CVar [[r.Streaming.PoolSize:1000]]
[2019.10.21-22.47.11:996][  0]LogConfig: Setting CVar [[r.Streaming.MaxEffectiveScreenSize:0]]
[2019.10.21-22.47.11:996][  0]LogConfig: Applying CVar settings from Section [EffectsQuality@3] File [C:/Users/Student/Documents/Unreal Projects/BenCGameAI/GameAI/PathfindingLab/Saved/Config/Windows/Scalability.ini]
[2019.10.21-22.47.11:996][  0]LogConfig: Setting CVar [[r.TranslucencyLightingVolumeDim:64]]
[2019.10.21-22.47.11:996][  0]LogConfig: Setting CVar [[r.RefractionQuality:2]]
[2019.10.21-22.47.11:996][  0]LogConfig: Setting CVar [[r.SSR.Quality:3]]
[2019.10.21-22.47.11:996][  0]LogConfig: Setting CVar [[r.SceneColorFormat:4]]
[2019.10.21-22.47.11:996][  0]LogConfig: Setting CVar [[r.DetailMode:2]]
[2019.10.21-22.47.11:996][  0]LogConfig: Setting CVar [[r.TranslucencyVolumeBlur:1]]
[2019.10.21-22.47.11:996][  0]LogConfig: Setting CVar [[r.MaterialQualityLevel:1 ; High quality]]
[2019.10.21-22.47.11:996][  0]LogConfig: Setting CVar [[r.SSS.Scale:1]]
[2019.10.21-22.47.11:996][  0]LogConfig: Setting CVar [[r.SSS.SampleSet:2]]
[2019.10.21-22.47.11:996][  0]LogConfig: Setting CVar [[r.SSS.Quality:1]]
[2019.10.21-22.47.11:996][  0]LogConfig: Setting CVar [[r.SSS.HalfRes:1]]
[2019.10.21-22.47.11:996][  0]LogConfig: Setting CVar [[r.EmitterSpawnRateScale:1.0]]
[2019.10.21-22.47.11:996][  0]LogConfig: Setting CVar [[r.ParticleLightQuality:2]]
[2019.10.21-22.47.11:996][  0]LogConfig: Applying CVar settings from Section [FoliageQuality@3] File [C:/Users/Student/Documents/Unreal Projects/BenCGameAI/GameAI/PathfindingLab/Saved/Config/Windows/Scalability.ini]
[2019.10.21-22.47.11:996][  0]LogConfig: Setting CVar [[foliage.DensityScale:1.0]]
[2019.10.21-22.47.11:996][  0]LogConfig: Setting CVar [[grass.DensityScale:1.0]]
[2019.10.21-22.47.11:996][  0]LogConfig: Applying CVar settings from Section [Startup] File [../../../Engine/Config/ConsoleVariables.ini]
[2019.10.21-22.47.11:996][  0]LogConfig: Setting CVar [[net.UseAdaptiveNetUpdateFrequency:0]]
[2019.10.21-22.47.11:996][  0]LogConfig: Setting CVar [[p.chaos.AllowCreatePhysxBodies:1]]
[2019.10.21-22.47.11:996][  0]LogConfig: Applying CVar settings from Section [ConsoleVariables] File [C:/Users/Student/Documents/Unreal Projects/BenCGameAI/GameAI/PathfindingLab/Saved/Config/Windows/Engine.ini]
[2019.10.21-22.47.11:996][  0]LogInit: Computer: 203-10
[2019.10.21-22.47.11:996][  0]LogInit: User: student
[2019.10.21-22.47.11:996][  0]LogInit: CPU Page size=4096, Cores=4
[2019.10.21-22.47.11:996][  0]LogInit: High frequency timer resolution =10.000000 MHz
[2019.10.21-22.47.11:997][  0]LogMemory: Memory total: Physical=15.9GB (16GB approx)
[2019.10.21-22.47.11:997][  0]LogMemory: Platform Memory Stats for Windows
[2019.10.21-22.47.11:997][  0]LogMemory: Process Physical Memory: 96.22 MB used, 96.23 MB peak
[2019.10.21-22.47.11:997][  0]LogMemory: Process Virtual Memory: 90.73 MB used, 90.73 MB peak
[2019.10.21-22.47.11:997][  0]LogMemory: Physical Memory: 5389.42 MB used,  10916.72 MB free, 16306.14 MB total
[2019.10.21-22.47.11:997][  0]LogMemory: Virtual Memory: 4643.81 MB used,  134213088.00 MB free, 134217728.00 MB total
[2019.10.21-22.47.12:015][  0]LogInit: Using OS detected language (en-US).
[2019.10.21-22.47.12:015][  0]LogInit: Using OS detected locale (en-US).
[2019.10.21-22.47.12:016][  0]LogTextLocalizationManager: No specific localization for 'en-US' exists, so the 'en' localization will be used.
[2019.10.21-22.47.12:199][  0]LogInit: Setting process to per monitor DPI aware
[2019.10.21-22.47.12:233][  0]LogSlate: New Slate User Created.  User Index 0, Is Virtual User: 0
[2019.10.21-22.47.12:233][  0]LogSlate: Slate User Registered.  User Index 0, Is Virtual User: 0
[2019.10.21-22.47.12:470][  0]LogHMD: Failed to initialize OpenVR with code 110
[2019.10.21-22.47.12:470][  0]LogD3D11RHI: D3D11 adapters:
[2019.10.21-22.47.12:543][  0]LogD3D11RHI:    0. 'NVIDIA GeForce GTX 1080' (Feature Level 11_0)
[2019.10.21-22.47.12:543][  0]LogD3D11RHI:       8079/0/8153 MB DedicatedVideo/DedicatedSystem/SharedSystem, Outputs:2, VendorId:0x10de
[2019.10.21-22.47.12:546][  0]LogD3D11RHI:    1. 'Microsoft Basic Render Driver' (Feature Level 11_0)
[2019.10.21-22.47.12:546][  0]LogD3D11RHI:       0/0/8153 MB DedicatedVideo/DedicatedSystem/SharedSystem, Outputs:0, VendorId:0x1414
[2019.10.21-22.47.12:546][  0]LogD3D11RHI: Chosen D3D11 Adapter: 0
[2019.10.21-22.47.12:552][  0]LogD3D11RHI: Creating new Direct3DDevice
[2019.10.21-22.47.12:552][  0]LogD3D11RHI:     GPU DeviceId: 0x1b80 (for the marketing name, search the web for "GPU Device Id")
[2019.10.21-22.47.12:552][  0]LogWindows: EnumDisplayDevices:
[2019.10.21-22.47.12:552][  0]LogWindows:    0. 'NVIDIA GeForce GTX 1080' (P:1 D:1)
[2019.10.21-22.47.12:552][  0]LogWindows:    1. 'NVIDIA GeForce GTX 1080' (P:0 D:1)
[2019.10.21-22.47.12:553][  0]LogWindows:    2. 'NVIDIA GeForce GTX 1080' (P:0 D:0)
[2019.10.21-22.47.12:553][  0]LogWindows:    3. 'NVIDIA GeForce GTX 1080' (P:0 D:0)
[2019.10.21-22.47.12:553][  0]LogWindows: DebugString: FoundDriverCount:4 
[2019.10.21-22.47.12:553][  0]LogD3D11RHI:     Adapter Name: NVIDIA GeForce GTX 1080
[2019.10.21-22.47.12:553][  0]LogD3D11RHI:   Driver Version: 419.17 (internal:25.21.14.1917, unified:419.17)
[2019.10.21-22.47.12:553][  0]LogD3D11RHI:      Driver Date: 2-20-2019
[2019.10.21-22.47.12:553][  0]LogRHI: Texture pool is 5655 MB (70% of 8079 MB)
[2019.10.21-22.47.12:598][  0]LogD3D11RHI: Async texture creation enabled
[2019.10.21-22.47.12:602][  0]LogRendererCore: FGlobalReadBuffer::InitRHI
[2019.10.21-22.47.12:603][  0]LogRendererCore: FGlobalReadBuffer::InitRHI
[2019.10.21-22.47.12:603][  0]LogRendererCore: FGlobalReadBuffer::InitRHI
[2019.10.21-22.47.12:612][  0]LogD3D11RHI: GPU Timing Frequency: 1000.000000 (Debug: 2 1)
[2019.10.21-22.47.13:010][  0]LogTemp: Display: Module 'AllDesktopTargetPlatform' loaded TargetPlatform 'AllDesktop'
[2019.10.21-22.47.13:024][  0]LogTemp: Display: Module 'MacClientTargetPlatform' loaded TargetPlatform 'MacClient'
[2019.10.21-22.47.13:038][  0]LogTemp: Display: Module 'MacNoEditorTargetPlatform' loaded TargetPlatform 'MacNoEditor'
[2019.10.21-22.47.13:052][  0]LogTemp: Display: Module 'MacServerTargetPlatform' loaded TargetPlatform 'MacServer'
[2019.10.21-22.47.13:067][  0]LogTemp: Display: Module 'MacTargetPlatform' loaded TargetPlatform 'Mac'
[2019.10.21-22.47.13:082][  0]LogTemp: Display: Module 'WindowsClientTargetPlatform' loaded TargetPlatform 'WindowsClient'
[2019.10.21-22.47.13:097][  0]LogTemp: Display: Module 'WindowsNoEditorTargetPlatform' loaded TargetPlatform 'WindowsNoEditor'
[2019.10.21-22.47.13:112][  0]LogTemp: Display: Module 'WindowsServerTargetPlatform' loaded TargetPlatform 'WindowsServer'
[2019.10.21-22.47.13:119][  0]LogTemp: Display: Module 'WindowsTargetPlatform' loaded TargetPlatform 'Windows'
[2019.10.21-22.47.13:209][  0]LogTemp: Display: Module 'AndroidTargetPlatform' loaded TargetPlatform 'Android'
[2019.10.21-22.47.13:209][  0]LogTemp: Display: Module 'AndroidTargetPlatform' loaded TargetPlatform 'Android_ASTC'
[2019.10.21-22.47.13:209][  0]LogTemp: Display: Module 'AndroidTargetPlatform' loaded TargetPlatform 'Android_ATC'
[2019.10.21-22.47.13:209][  0]LogTemp: Display: Module 'AndroidTargetPlatform' loaded TargetPlatform 'Android_DXT'
[2019.10.21-22.47.13:209][  0]LogTemp: Display: Module 'AndroidTargetPlatform' loaded TargetPlatform 'Android_ETC1'
[2019.10.21-22.47.13:209][  0]LogTemp: Display: Module 'AndroidTargetPlatform' loaded TargetPlatform 'Android_ETC1a'
[2019.10.21-22.47.13:209][  0]LogTemp: Display: Module 'AndroidTargetPlatform' loaded TargetPlatform 'Android_ETC2'
[2019.10.21-22.47.13:209][  0]LogTemp: Display: Module 'AndroidTargetPlatform' loaded TargetPlatform 'Android_PVRTC'
[2019.10.21-22.47.13:209][  0]LogTemp: Display: Module 'AndroidTargetPlatform' loaded TargetPlatform 'AndroidClient'
[2019.10.21-22.47.13:209][  0]LogTemp: Display: Module 'AndroidTargetPlatform' loaded TargetPlatform 'Android_ASTCClient'
[2019.10.21-22.47.13:209][  0]LogTemp: Display: Module 'AndroidTargetPlatform' loaded TargetPlatform 'Android_ATCClient'
[2019.10.21-22.47.13:209][  0]LogTemp: Display: Module 'AndroidTargetPlatform' loaded TargetPlatform 'Android_DXTClient'
[2019.10.21-22.47.13:209][  0]LogTemp: Display: Module 'AndroidTargetPlatform' loaded TargetPlatform 'Android_ETC1Client'
[2019.10.21-22.47.13:209][  0]LogTemp: Display: Module 'AndroidTargetPlatform' loaded TargetPlatform 'Android_ETC1aClient'
[2019.10.21-22.47.13:209][  0]LogTemp: Display: Module 'AndroidTargetPlatform' loaded TargetPlatform 'Android_ETC2Client'
[2019.10.21-22.47.13:209][  0]LogTemp: Display: Module 'AndroidTargetPlatform' loaded TargetPlatform 'Android_PVRTCClient'
[2019.10.21-22.47.13:209][  0]LogTemp: Display: Module 'AndroidTargetPlatform' loaded TargetPlatform 'Android_Multi'
[2019.10.21-22.47.13:209][  0]LogTemp: Display: Module 'AndroidTargetPlatform' loaded TargetPlatform 'Android_MultiClient'
[2019.10.21-22.47.13:213][  0]LogTemp: Display: Module 'HTML5TargetPlatform' loaded TargetPlatform 'HTML5'
[2019.10.21-22.47.13:291][  0]LogTemp: Display: Module 'IOSTargetPlatform' loaded TargetPlatform 'IOSClient'
[2019.10.21-22.47.13:291][  0]LogTemp: Display: Module 'IOSTargetPlatform' loaded TargetPlatform 'IOS'
[2019.10.21-22.47.13:320][  0]LogTemp: Display: Module 'TVOSTargetPlatform' loaded TargetPlatform 'TVOSClient'
[2019.10.21-22.47.13:320][  0]LogTemp: Display: Module 'TVOSTargetPlatform' loaded TargetPlatform 'TVOS'
[2019.10.21-22.47.13:332][  0]LogTemp: Display: Module 'LinuxClientTargetPlatform' loaded TargetPlatform 'LinuxClient'
[2019.10.21-22.47.13:345][  0]LogTemp: Display: Module 'LinuxNoEditorTargetPlatform' loaded TargetPlatform 'LinuxNoEditor'
[2019.10.21-22.47.13:357][  0]LogTemp: Display: Module 'LinuxServerTargetPlatform' loaded TargetPlatform 'LinuxServer'
[2019.10.21-22.47.13:371][  0]LogTemp: Display: Module 'LinuxTargetPlatform' loaded TargetPlatform 'Linux'
[2019.10.21-22.47.13:416][  0]LogTemp: Display: Module 'LuminTargetPlatform' loaded TargetPlatform 'Lumin'
[2019.10.21-22.47.13:416][  0]LogTemp: Display: Module 'LuminTargetPlatform' loaded TargetPlatform 'LuminClient'
[2019.10.21-22.47.13:416][  0]LogTargetPlatformManager: Display: Building Assets For Windows
[2019.10.21-22.47.13:426][  0]LogAudioDebug: Display: Lib vorbis DLL was dynamically loaded.
[2019.10.21-22.47.13:481][  0]LogShaderCompilers: Guid format shader working directory is -43 characters bigger than the processId version (../../../../../../Users/Student/Documents/Unreal Projects/BenCGameAI/GameAI/PathfindingLab/Intermediate/Shaders/WorkingDirectory/17096/).
[2019.10.21-22.47.13:482][  0]LogShaderCompilers: Cleaned the shader compiler working directory 'C:/Users/Student/AppData/Local/Temp/UnrealShaderWorkingDir/E5D1FFA84F5D87AB9DBE16B37CAA4D61/'.
[2019.10.21-22.47.13:484][  0]LogXGEController: Cannot use XGE Controller as Incredibuild is not installed on this machine.
[2019.10.21-22.47.13:484][  0]LogShaderCompilers: Cannot use XGE Shader Compiler as Incredibuild is not installed on this machine.
[2019.10.21-22.47.13:484][  0]LogShaderCompilers: Display: Using Local Shader Compiler.
[2019.10.21-22.47.14:096][  0]LogDerivedDataCache: Display: Max Cache Size: 512 MB
[2019.10.21-22.47.14:156][  0]LogDerivedDataCache: Loaded boot cache 0.06s 71MB C:/Users/Student/AppData/Local/UnrealEngine/4.22/DerivedDataCache/Boot.ddc.
[2019.10.21-22.47.14:156][  0]LogDerivedDataCache: Display: Loaded Boot cache: C:/Users/Student/AppData/Local/UnrealEngine/4.22/DerivedDataCache/Boot.ddc
[2019.10.21-22.47.14:156][  0]LogDerivedDataCache: FDerivedDataBackendGraph:  Pak pak cache file ../../../../../../Users/Student/Documents/Unreal Projects/BenCGameAI/GameAI/PathfindingLab/DerivedDataCache/DDC.ddp not found, will not use a pak cache.
[2019.10.21-22.47.14:157][  0]LogDerivedDataCache: Unable to find inner node Pak for hierarchical cache Hierarchy.
[2019.10.21-22.47.14:157][  0]LogDerivedDataCache: FDerivedDataBackendGraph:  CompressedPak pak cache file ../../../../../../Users/Student/Documents/Unreal Projects/BenCGameAI/GameAI/PathfindingLab/DerivedDataCache/Compressed.ddp not found, will not use a pak cache.
[2019.10.21-22.47.14:157][  0]LogDerivedDataCache: Unable to find inner node CompressedPak for hierarchical cache Hierarchy.
[2019.10.21-22.47.14:169][  0]LogDerivedDataCache: Display: Pak cache opened for reading ../../../Engine/DerivedDataCache/Compressed.ddp.
[2019.10.21-22.47.14:169][  0]LogDerivedDataCache: FDerivedDataBackendGraph:  EnterprisePak pak cache file ../../../Enterprise/DerivedDataCache/Compressed.ddp not found, will not use a pak cache.
[2019.10.21-22.47.14:169][  0]LogDerivedDataCache: Unable to find inner node EnterprisePak for hierarchical cache Hierarchy.
[2019.10.21-22.47.14:182][  0]LogDerivedDataCache: Using Local data cache path C:/Users/Student/AppData/Local/UnrealEngine/Common/DerivedDataCache: Writable
[2019.10.21-22.47.14:182][  0]LogDerivedDataCache: Shared data cache path not found in *engine.ini, will not use an Shared cache.
[2019.10.21-22.47.14:182][  0]LogDerivedDataCache: Unable to find inner node Shared for hierarchical cache Hierarchy.
[2019.10.21-22.47.14:227][  0]LogMaterial: Verifying Global Shaders for PCD3D_SM5
[2019.10.21-22.47.14:228][  0]LogSlate: Using FreeType 2.6.0
[2019.10.21-22.47.14:229][  0]LogSlate: SlateFontServices - WITH_FREETYPE: 1, WITH_HARFBUZZ: 1
[2019.10.21-22.47.14:326][  0]LogAssetRegistry: FAssetRegistry took 0.0341 seconds to start up
[2019.10.21-22.47.14:760][  0]LogInit: Selected Device Profile: [Windows]
[2019.10.21-22.47.14:919][  0]LogMeshReduction: Using QuadricMeshReduction for automatic static mesh reduction
[2019.10.21-22.47.14:919][  0]LogMeshReduction: Using SimplygonMeshReduction for automatic skeletal mesh reduction
[2019.10.21-22.47.14:919][  0]LogMeshReduction: Using ProxyLODMeshReduction for automatic mesh merging
[2019.10.21-22.47.14:919][  0]LogMeshReduction: No distributed automatic mesh merging module available
[2019.10.21-22.47.14:920][  0]LogMeshMerging: No distributed automatic mesh merging module available
[2019.10.21-22.47.14:930][  0]LogNetVersion: PathFinding 1.0.0, NetCL: 5660361, EngineNetVer: 10, GameNetVer: 0 (Checksum: 315523671)
[2019.10.21-22.47.15:482][  0]LogPackageLocalizationCache: Processed 10 localized package path(s) for 1 prioritized culture(s) in 0.060185 seconds
[2019.10.21-22.47.15:491][  0]LogUObjectArray: 42205 objects as part of root set at end of initial load.
[2019.10.21-22.47.15:491][  0]LogUObjectAllocator: 7325032 out of 0 bytes used by permanent object pool.
[2019.10.21-22.47.15:491][  0]LogUObjectArray: CloseDisregardForGC: 0/0 objects in disregard for GC pool
[2019.10.21-22.47.16:557][  0]LogTcpMessaging: Initializing TcpMessaging bridge
[2019.10.21-22.47.16:571][  0]LogUdpMessaging: Initializing bridge on interface 0.0.0.0:0 to multicast group 230.0.0.1:6666.
[2019.10.21-22.47.16:729][  0]SourceControl: Source control is disabled
[2019.10.21-22.47.16:729][  0]SourceControl: Source control is disabled
[2019.10.21-22.47.16:731][  0]SourceControl: Source control is disabled
[2019.10.21-22.47.16:733][  0]SourceControl: Source control is disabled
[2019.10.21-22.47.16:885][  0]LogAndroidPermission: UAndroidPermissionCallbackProxy::GetInstance
[2019.10.21-22.47.17:092][  0]LogOcInput: OculusInput pre-init called
[2019.10.21-22.47.17:949][  0]LogEngine: Initializing Engine...
[2019.10.21-22.47.17:950][  0]LogHMD: Failed to initialize OpenVR with code 110
[2019.10.21-22.47.17:951][  0]LogStats: UGameplayTagsManager::InitializeManager -  0.000 s
[2019.10.21-22.47.18:209][  0]LogInit: Initializing FReadOnlyCVARCache
[2019.10.21-22.47.18:231][  0]LogAIModule: Creating AISystem for world Untitled
[2019.10.21-22.47.18:267][  0]LogInit: XAudio2 using 'Speakers (Dell AC511 USB SoundBar)' : 2 channels at 48 kHz using 16 bits per sample (channel mask 0x3)
[2019.10.21-22.47.18:307][  0]LogInit: FAudioDevice initialized.
[2019.10.21-22.47.18:308][  0]LogNetVersion: Set ProjectVersion to 1.0.0.0. Version Checksum will be recalculated on next use.
[2019.10.21-22.47.18:451][  0]LogDerivedDataCache: Saved boot cache 0.14s 71MB C:/Users/Student/AppData/Local/UnrealEngine/4.22/DerivedDataCache/Boot.ddc.
[2019.10.21-22.47.18:455][  0]LogInit: Texture streaming: Enabled
[2019.10.21-22.47.18:488][  0]LogEngineSessionManager: EngineSessionManager initialized
[2019.10.21-22.47.18:488][  0]LogEngineSessionManager: EngineSessionManager sent abnormal shutdown report. Type=AbnormalShutdown, SessionId={F815C1C0-4200-5815-0887-72914DF3B807}
[2019.10.21-22.47.18:509][  0]LogInit: Transaction tracking system initialized
[2019.10.21-22.47.18:537][  0]BlueprintLog: New page: Editor Load
[2019.10.21-22.47.18:670][  0]LocalizationService: Localization service is disabled
[2019.10.21-22.47.19:036][  0]LogFileCache: Scanning file cache for directory 'C:/Users/Student/Documents/Unreal Projects/BenCGameAI/GameAI/PathfindingLab/Content/' took 0.01s
[2019.10.21-22.47.19:036][  0]LogCook: Display: Max memory allowance for cook 16384mb min free memory 0mb
[2019.10.21-22.47.19:036][  0]LogCook: Display: Mobile HDR setting 1
[2019.10.21-22.47.19:249][  0]SourceControl: Source control is disabled
[2019.10.21-22.47.19:249][  0]Cmd: MAP LOAD FILE="../../../../../../Users/Student/Documents/Unreal Projects/BenCGameAI/GameAI/PathfindingLab/Content/PathfindingMap.umap" TEMPLATE=0 SHOWPROGRESS=1 FEATURELEVEL=3
[2019.10.21-22.47.19:250][  0]LightingResults: New page: Lighting Build
[2019.10.21-22.47.19:256][  0]MapCheck: New page: Map Check
[2019.10.21-22.47.19:256][  0]LightingResults: New page: Lighting Build
[2019.10.21-22.47.19:293][  0]LogUObjectHash: Compacting FUObjectHashTables data took   1.61ms
[2019.10.21-22.47.19:441][  0]LogAIModule: Creating AISystem for world PathfindingMap
[2019.10.21-22.47.19:446][  0]LogEditorServer: Finished looking for orphan Actors (0.000 secs)
[2019.10.21-22.47.19:478][  0]LogUObjectHash: Compacting FUObjectHashTables data took   2.08ms
[2019.10.21-22.47.19:478][  0]Cmd: MAP CHECKDEP NOCLEARLOG
[2019.10.21-22.47.19:478][  0]MapCheck: Map check complete: 0 Error(s), 0 Warning(s), took 0.149ms to complete.
[2019.10.21-22.47.19:478][  0]LogFileHelpers: Loading map 'PathfindingMap' took 0.230
[2019.10.21-22.47.19:588][  0]LogSlate: Updating window title bar state: overlay mode, drag disabled, window buttons hidden, title bar hidden
[2019.10.21-22.47.19:595][  0]LogSlate: Updating window title bar state: overlay mode, drag disabled, window buttons hidden, title bar hidden
[2019.10.21-22.47.19:602][  0]LogSlate: Updating window title bar state: overlay mode, drag disabled, window buttons hidden, title bar hidden
[2019.10.21-22.47.19:608][  0]LogSlate: Updating window title bar state: overlay mode, drag disabled, window buttons hidden, title bar hidden
[2019.10.21-22.47.19:615][  0]LogCollectionManager: Loaded 0 collections in 0.001557 seconds
[2019.10.21-22.47.19:657][  0]LogFileCache: Scanning file cache for directory 'C:/Users/Student/Documents/Unreal Projects/BenCGameAI/GameAI/PathfindingLab/Saved/Collections/' took 0.01s
[2019.10.21-22.47.19:657][  0]LogFileCache: Scanning file cache for directory 'C:/Users/Student/Documents/Unreal Projects/BenCGameAI/GameAI/PathfindingLab/Content/Developers/student/Collections/' took 0.01s
[2019.10.21-22.47.19:657][  0]LogFileCache: Scanning file cache for directory 'C:/Users/Student/Documents/Unreal Projects/BenCGameAI/GameAI/PathfindingLab/Content/Collections/' took 0.01s
[2019.10.21-22.47.19:658][  0]LogCollectionManager: Rebuilt the GUID cache for 0 collections in 0.000000 seconds
[2019.10.21-22.47.19:680][  0]LogContentBrowser: Native class hierarchy populated in 0.0224 seconds. Added 2736 classes and 662 folders.
[2019.10.21-22.47.19:690][  0]LogContentBrowser: Native class hierarchy updated for 'WidgetCarousel' in 0.0004 seconds. Added 0 classes and 0 folders.
[2019.10.21-22.47.19:693][  0]LogPakFile: Registered encryption key '00000000000000000000000000000000': 0 pak files mounted, 0 remain pending
[2019.10.21-22.47.19:694][  0]LogPakFile: Registered encryption key '00000000000000000000000000000000': 0 pak files mounted, 0 remain pending
[2019.10.21-22.47.19:695][  0]LogPakFile: Registered encryption key '00000000000000000000000000000000': 0 pak files mounted, 0 remain pending
[2019.10.21-22.47.19:696][  0]LogPakFile: Registered encryption key '00000000000000000000000000000000': 0 pak files mounted, 0 remain pending
[2019.10.21-22.47.19:697][  0]LogPakFile: Registered encryption key '00000000000000000000000000000000': 0 pak files mounted, 0 remain pending
[2019.10.21-22.47.19:698][  0]LogPakFile: Registered encryption key '00000000000000000000000000000000': 0 pak files mounted, 0 remain pending
[2019.10.21-22.47.19:699][  0]LogPakFile: Registered encryption key '00000000000000000000000000000000': 0 pak files mounted, 0 remain pending
[2019.10.21-22.47.19:700][  0]LogPakFile: Registered encryption key '00000000000000000000000000000000': 0 pak files mounted, 0 remain pending
[2019.10.21-22.47.19:701][  0]LogPakFile: Registered encryption key '00000000000000000000000000000000': 0 pak files mounted, 0 remain pending
[2019.10.21-22.47.19:702][  0]LogPakFile: Registered encryption key '00000000000000000000000000000000': 0 pak files mounted, 0 remain pending
[2019.10.21-22.47.19:703][  0]LogPakFile: Registered encryption key '00000000000000000000000000000000': 0 pak files mounted, 0 remain pending
[2019.10.21-22.47.19:704][  0]LogPakFile: Registered encryption key '00000000000000000000000000000000': 0 pak files mounted, 0 remain pending
[2019.10.21-22.47.19:704][  0]LogPakFile: Registered encryption key '00000000000000000000000000000000': 0 pak files mounted, 0 remain pending
[2019.10.21-22.47.19:705][  0]LogPakFile: Registered encryption key '00000000000000000000000000000000': 0 pak files mounted, 0 remain pending
[2019.10.21-22.47.19:706][  0]LogPakFile: Registered encryption key '00000000000000000000000000000000': 0 pak files mounted, 0 remain pending
[2019.10.21-22.47.19:707][  0]LogPakFile: Registered encryption key '00000000000000000000000000000000': 0 pak files mounted, 0 remain pending
[2019.10.21-22.47.19:708][  0]LogPakFile: Registered encryption key '00000000000000000000000000000000': 0 pak files mounted, 0 remain pending
[2019.10.21-22.47.19:709][  0]LogPakFile: Registered encryption key '00000000000000000000000000000000': 0 pak files mounted, 0 remain pending
[2019.10.21-22.47.19:709][  0]LogPakFile: Registered encryption key '00000000000000000000000000000000': 0 pak files mounted, 0 remain pending
[2019.10.21-22.47.19:710][  0]LogPakFile: Registered encryption key '00000000000000000000000000000000': 0 pak files mounted, 0 remain pending
[2019.10.21-22.47.19:711][  0]LogPakFile: Registered encryption key '00000000000000000000000000000000': 0 pak files mounted, 0 remain pending
[2019.10.21-22.47.19:712][  0]LogPakFile: Registered encryption key '00000000000000000000000000000000': 0 pak files mounted, 0 remain pending
[2019.10.21-22.47.19:712][  0]LogPakFile: Registered encryption key '00000000000000000000000000000000': 0 pak files mounted, 0 remain pending
[2019.10.21-22.47.19:713][  0]LogPakFile: Registered encryption key '00000000000000000000000000000000': 0 pak files mounted, 0 remain pending
[2019.10.21-22.47.19:714][  0]LogPakFile: Registered encryption key '00000000000000000000000000000000': 0 pak files mounted, 0 remain pending
[2019.10.21-22.47.19:715][  0]LogPakFile: Registered encryption key '00000000000000000000000000000000': 0 pak files mounted, 0 remain pending
[2019.10.21-22.47.19:752][  0]LogContentBrowser: Native class hierarchy updated for 'AddContentDialog' in 0.0003 seconds. Added 0 classes and 0 folders.
[2019.10.21-22.47.19:758][  0]LogContentBrowser: Native class hierarchy updated for 'SceneOutliner' in 0.0004 seconds. Added 1 classes and 2 folders.
[2019.10.21-22.47.19:784][  0]LogSlate: Took 0.000196 seconds to synchronously load lazily loaded font '../../../Engine/Content/Slate/Fonts/Roboto-Regular.ttf' (155K)
[2019.10.21-22.47.19:787][  0]LogSlate: Took 0.000378 seconds to synchronously load lazily loaded font '../../../Engine/Content/Slate/Fonts/Roboto-Bold.ttf' (160K)
[2019.10.21-22.47.19:794][  0]LogSlate: Took 0.000526 seconds to synchronously load lazily loaded font '../../../Engine/Content/Editor/Slate/Fonts/FontAwesome.ttf' (139K)
[2019.10.21-22.47.19:862][  0]LogRenderer: Reallocating scene render targets to support 1208x572 Format 10 NumSamples 1 (Frame:1).
[2019.10.21-22.47.19:921][  0]LogSlate: Took 0.000222 seconds to synchronously load lazily loaded font '../../../Engine/Content/Slate/Fonts/Roboto-Light.ttf' (167K)
[2019.10.21-22.47.19:999][  0]LogContentBrowser: Native class hierarchy updated for 'HierarchicalLODOutliner' in 0.0005 seconds. Added 0 classes and 0 folders.
[2019.10.21-22.47.19:999][  0]LogLoad: (Engine Initialization) Total time: 9.88 seconds
[2019.10.21-22.47.19:999][  0]LogLoad: (Engine Initialization) Total Blueprint compile time: 0.00 seconds
[2019.10.21-22.47.20:035][  0]LogAssetRegistry: Asset discovery search completed in 5.7317 seconds
[2019.10.21-22.47.20:038][  0]LogCollectionManager: Rebuilt the object cache for 0 collections in 0.000001 seconds (found 0 objects)
[2019.10.21-22.47.20:038][  0]LogCollectionManager: Fixed up redirectors for 0 collections in 0.000054 seconds (updated 0 objects)
[2019.10.21-22.47.20:040][  0]LogContentStreaming: Texture pool size now 1000 MB
[2019.10.21-22.47.26:531][756]LogSlate: FSceneViewport::OnFocusLost() reason 0
[2019.10.21-22.47.26:606][765]LogTemp: Repeating last play command: Selected Viewport
[2019.10.21-22.47.26:612][765]LogBlueprintUserMessages: Early PlayInEditor Detection: Level '/Game/PathfindingMap.PathfindingMap:PersistentLevel' has LevelScriptBlueprint '/Game/PathfindingMap.PathfindingMap:PersistentLevel.PathfindingMap' with GeneratedClass '/Game/PathfindingMap.PathfindingMap_C' with ClassGeneratedBy '/Game/PathfindingMap.PathfindingMap:PersistentLevel.PathfindingMap'
[2019.10.21-22.47.26:612][765]LogPlayLevel: PlayLevel: No blueprints needed recompiling
[2019.10.21-22.47.26:612][765]PIE: New page: PIE session: PathfindingMap (Oct 21, 2019, 2:47:26 PM)
[2019.10.21-22.47.26:625][765]LogPlayLevel: Creating play world package: /Game/UEDPIE_0_PathfindingMap
[2019.10.21-22.47.26:632][765]LogPlayLevel: PIE: StaticDuplicateObject took: (0.006740s)
[2019.10.21-22.47.26:632][765]LogAIModule: Creating AISystem for world PathfindingMap
[2019.10.21-22.47.26:632][765]LogPlayLevel: PIE: World Init took: (0.000555s)
[2019.10.21-22.47.26:632][765]LogPlayLevel: PIE: Created PIE world by copying editor world from /Game/PathfindingMap.PathfindingMap to /Game/UEDPIE_0_PathfindingMap.PathfindingMap (0.007626s)
[2019.10.21-22.47.26:658][765]LogUObjectHash: Compacting FUObjectHashTables data took   1.16ms
[2019.10.21-22.47.26:680][765]LogInit: XAudio2 using 'Speakers (Dell AC511 USB SoundBar)' : 2 channels at 48 kHz using 16 bits per sample (channel mask 0x3)
[2019.10.21-22.47.26:691][765]LogInit: FAudioDevice initialized.
[2019.10.21-22.47.26:733][765]LogLoad: Game class is 'PathFindingGameMode_C'
[2019.10.21-22.47.26:738][765]LogWorld: Bringing World /Game/UEDPIE_0_PathfindingMap.PathfindingMap up for play (max tick rate 0) at 2019.10.21-18.47.26
[2019.10.21-22.47.26:738][765]LogWorld: Bringing up level for play took: 0.002563
[2019.10.21-22.47.26:766][765]LogContentBrowser: Native class hierarchy updated for 'MovieSceneCapture' in 0.0010 seconds. Added 20 classes and 0 folders.
[2019.10.21-22.47.26:771][765]LogScript: Warning: Script Msg: Attempted to access index 10 from array 'Walls' of length 10 in '/Script/PathFinding.MyPathBuilderActor'!
[2019.10.21-22.47.26:771][765]LogScript: Warning: Script Msg: Attempted to access index 10 from array 'Walls' of length 10 in '/Script/PathFinding.MyPathBuilderActor'!
[2019.10.21-22.47.26:772][765]PIE: Play in editor start time for /Game/UEDPIE_0_PathfindingMap 0.81
[2019.10.21-22.47.26:772][765]LogBlueprintUserMessages: Late PlayInEditor Detection: Level '/Game/PathfindingMap.PathfindingMap:PersistentLevel' has LevelScriptBlueprint '/Game/PathfindingMap.PathfindingMap:PersistentLevel.PathfindingMap' with GeneratedClass '/Game/PathfindingMap.PathfindingMap_C' with ClassGeneratedBy '/Game/PathfindingMap.PathfindingMap:PersistentLevel.PathfindingMap'
[2019.10.21-22.47.37:547][ 48]LogScript: Warning: Script Msg: Attempted to access index 10 from array 'Walls' of length 10 in '/Script/PathFinding.MyPathBuilderActor'!
[2019.10.21-22.47.37:547][ 48]LogScript: Warning: Script Msg: Attempted to access index 10 from array 'Walls' of length 10 in '/Script/PathFinding.MyPathBuilderActor'!
[2019.10.21-22.47.39:066][230]LogScript: Warning: Script Msg: Attempted to access index 10 from array 'Walls' of length 10 in '/Script/PathFinding.MyPathBuilderActor'!
[2019.10.21-22.47.39:066][230]LogScript: Warning: Script Msg: Attempted to access index 10 from array 'Walls' of length 10 in '/Script/PathFinding.MyPathBuilderActor'!
[2019.10.21-22.47.40:724][429]LogScript: Warning: Script Msg: Attempted to access index 10 from array 'Walls' of length 10 in '/Script/PathFinding.MyPathBuilderActor'!
[2019.10.21-22.47.40:724][429]LogScript: Warning: Script Msg: Attempted to access index 10 from array 'Walls' of length 10 in '/Script/PathFinding.MyPathBuilderActor'!
[2019.10.21-22.47.41:800][558]LogScript: Warning: Script Msg: Attempted to access index 10 from array 'Walls' of length 10 in '/Script/PathFinding.MyPathBuilderActor'!
[2019.10.21-22.47.41:800][558]LogScript: Warning: Script Msg: Attempted to access index 10 from array 'Walls' of length 10 in '/Script/PathFinding.MyPathBuilderActor'!
[2019.10.21-22.47.52:789][877]LogSlate: FSceneViewport::OnFocusLost() reason 2
[2019.10.21-22.47.54:148][ 31]LogSlate: Took 0.000260 seconds to synchronously load lazily loaded font '../../../Engine/Content/Slate/Fonts/Roboto-Italic.ttf' (157K)
[2019.10.21-22.48.04:387][252]LogBlueprintUserMessages: Early EndPlayMap Detection: Level '/Game/PathfindingMap.PathfindingMap:PersistentLevel' has LevelScriptBlueprint '/Game/PathfindingMap.PathfindingMap:PersistentLevel.PathfindingMap' with GeneratedClass '/Game/PathfindingMap.PathfindingMap_C' with ClassGeneratedBy '/Game/PathfindingMap.PathfindingMap:PersistentLevel.PathfindingMap'
[2019.10.21-22.48.04:388][252]LogSlate: Updating window title bar state: overlay mode, drag disabled, window buttons hidden, title bar hidden
[2019.10.21-22.48.04:413][252]LogPlayLevel: Display: Shutting down PIE online subsystems
[2019.10.21-22.48.04:413][252]LogBlueprintUserMessages: Late EndPlayMap Detection: Level '/Game/PathfindingMap.PathfindingMap:PersistentLevel' has LevelScriptBlueprint '/Game/PathfindingMap.PathfindingMap:PersistentLevel.PathfindingMap' with GeneratedClass '/Game/PathfindingMap.PathfindingMap_C' with ClassGeneratedBy '/Game/PathfindingMap.PathfindingMap:PersistentLevel.PathfindingMap'
[2019.10.21-22.48.04:441][252]LogSlate: Updating window title bar state: overlay mode, drag disabled, window buttons hidden, title bar hidden
[2019.10.21-22.48.04:444][252]LogUObjectHash: Compacting FUObjectHashTables data took   1.47ms
[2019.10.21-22.48.04:494][254]LogPlayLevel: Display: Destroying online subsystem :Context_2
[2019.10.21-22.48.08:310][708]LogSlate: Took 0.000179 seconds to synchronously load lazily loaded font '../../../Engine/Content/Slate/Fonts/Roboto-Light.ttf' (167K)
[2019.10.21-22.48.08:316][708]LogAssetEditorManager: Opening Asset editor for Blueprint /Game/SteeringActor/BP_SteeringActor.BP_SteeringActor
[2019.10.21-22.48.08:598][708]LogContentBrowser: Native class hierarchy updated for 'BlueprintGraph' in 0.0007 seconds. Added 121 classes and 0 folders.
[2019.10.21-22.48.09:558][708]LogSlate: Took 0.000282 seconds to synchronously load lazily loaded font '../../../Engine/Content/Slate/Fonts/Roboto-BoldCondensed.ttf' (158K)
[2019.10.21-22.48.19:923][752]LogSlate: Window 'BP_SteeringActor' being destroyed
[2019.10.21-22.48.19:927][752]LogSlate: Window 'BP_SteeringActor' being destroyed
[2019.10.21-22.48.22:127][  7]LogTemp: Repeating last play command: Selected Viewport
[2019.10.21-22.48.22:134][  7]LogBlueprintUserMessages: Early PlayInEditor Detection: Level '/Game/PathfindingMap.PathfindingMap:PersistentLevel' has LevelScriptBlueprint '/Game/PathfindingMap.PathfindingMap:PersistentLevel.PathfindingMap' with GeneratedClass '/Game/PathfindingMap.PathfindingMap_C' with ClassGeneratedBy '/Game/PathfindingMap.PathfindingMap:PersistentLevel.PathfindingMap'
[2019.10.21-22.48.22:134][  7]LogPlayLevel: PlayLevel: No blueprints needed recompiling
[2019.10.21-22.48.22:134][  7]PIE: New page: PIE session: PathfindingMap (Oct 21, 2019, 2:48:22 PM)
[2019.10.21-22.48.22:134][  7]LogPlayLevel: Creating play world package: /Game/UEDPIE_0_PathfindingMap
[2019.10.21-22.48.22:141][  7]LogPlayLevel: PIE: StaticDuplicateObject took: (0.006630s)
[2019.10.21-22.48.22:141][  7]LogAIModule: Creating AISystem for world PathfindingMap
[2019.10.21-22.48.22:142][  7]LogPlayLevel: PIE: World Init took: (0.000492s)
[2019.10.21-22.48.22:142][  7]LogPlayLevel: PIE: Created PIE world by copying editor world from /Game/PathfindingMap.PathfindingMap to /Game/UEDPIE_0_PathfindingMap.PathfindingMap (0.007230s)
[2019.10.21-22.48.22:175][  7]LogUObjectHash: Compacting FUObjectHashTables data took   3.00ms
[2019.10.21-22.48.22:195][  7]LogInit: XAudio2 using 'Speakers (Dell AC511 USB SoundBar)' : 2 channels at 48 kHz using 16 bits per sample (channel mask 0x3)
[2019.10.21-22.48.22:207][  7]LogInit: FAudioDevice initialized.
[2019.10.21-22.48.22:242][  7]LogLoad: Game class is 'PathFindingGameMode_C'
[2019.10.21-22.48.22:245][  7]LogWorld: Bringing World /Game/UEDPIE_0_PathfindingMap.PathfindingMap up for play (max tick rate 0) at 2019.10.21-18.48.22
[2019.10.21-22.48.22:245][  7]LogWorld: Bringing up level for play took: 0.002266
[2019.10.21-22.48.22:263][  7]LogScript: Warning: Script Msg: Attempted to access index 10 from array 'Walls' of length 10 in '/Script/PathFinding.MyPathBuilderActor'!
[2019.10.21-22.48.22:263][  7]LogScript: Warning: Script Msg: Attempted to access index 10 from array 'Walls' of length 10 in '/Script/PathFinding.MyPathBuilderActor'!
[2019.10.21-22.48.22:264][  7]PIE: Play in editor start time for /Game/UEDPIE_0_PathfindingMap 0.303
[2019.10.21-22.48.22:265][  7]LogBlueprintUserMessages: Late PlayInEditor Detection: Level '/Game/PathfindingMap.PathfindingMap:PersistentLevel' has LevelScriptBlueprint '/Game/PathfindingMap.PathfindingMap:PersistentLevel.PathfindingMap' with GeneratedClass '/Game/PathfindingMap.PathfindingMap_C' with ClassGeneratedBy '/Game/PathfindingMap.PathfindingMap:PersistentLevel.PathfindingMap'
[2019.10.21-22.48.26:375][493]LogScript: Warning: Script Msg: Attempted to access index 10 from array 'Walls' of length 10 in '/Script/PathFinding.MyPathBuilderActor'!
[2019.10.21-22.48.26:376][493]LogScript: Warning: Script Msg: Attempted to access index 10 from array 'Walls' of length 10 in '/Script/PathFinding.MyPathBuilderActor'!
[2019.10.21-22.48.29:370][852]LogScript: Warning: Script Msg: Attempted to access index 10 from array 'Walls' of length 10 in '/Script/PathFinding.MyPathBuilderActor'!
[2019.10.21-22.48.29:370][852]LogScript: Warning: Script Msg: Attempted to access index 10 from array 'Walls' of length 10 in '/Script/PathFinding.MyPathBuilderActor'!
[2019.10.21-22.48.30:037][932]LogScript: Warning: Script Msg: Attempted to access index 10 from array 'Walls' of length 10 in '/Script/PathFinding.MyPathBuilderActor'!
[2019.10.21-22.48.30:037][932]LogScript: Warning: Script Msg: Attempted to access index 10 from array 'Walls' of length 10 in '/Script/PathFinding.MyPathBuilderActor'!
[2019.10.21-22.48.31:712][133]LogScript: Warning: Script Msg: Attempted to access index 10 from array 'Walls' of length 10 in '/Script/PathFinding.MyPathBuilderActor'!
[2019.10.21-22.48.31:712][133]LogScript: Warning: Script Msg: Attempted to access index 10 from array 'Walls' of length 10 in '/Script/PathFinding.MyPathBuilderActor'!
[2019.10.21-22.48.32:549][233]LogScript: Warning: Script Msg: Attempted to access index 10 from array 'Walls' of length 10 in '/Script/PathFinding.MyPathBuilderActor'!
[2019.10.21-22.48.32:549][233]LogScript: Warning: Script Msg: Attempted to access index 10 from array 'Walls' of length 10 in '/Script/PathFinding.MyPathBuilderActor'!
[2019.10.21-22.48.33:618][361]LogScript: Warning: Script Msg: Attempted to access index 10 from array 'Walls' of length 10 in '/Script/PathFinding.MyPathBuilderActor'!
[2019.10.21-22.48.33:618][361]LogScript: Warning: Script Msg: Attempted to access index 10 from array 'Walls' of length 10 in '/Script/PathFinding.MyPathBuilderActor'!
[2019.10.21-22.48.34:368][451]LogScript: Warning: Script Msg: Attempted to access index 10 from array 'Walls' of length 10 in '/Script/PathFinding.MyPathBuilderActor'!
[2019.10.21-22.48.34:368][451]LogScript: Warning: Script Msg: Attempted to access index 10 from array 'Walls' of length 10 in '/Script/PathFinding.MyPathBuilderActor'!
[2019.10.21-22.48.49:505][264]LogScript: Warning: Script Msg: Attempted to access index 10 from array 'Walls' of length 10 in '/Script/PathFinding.MyPathBuilderActor'!
[2019.10.21-22.48.49:505][264]LogScript: Warning: Script Msg: Attempted to access index 10 from array 'Walls' of length 10 in '/Script/PathFinding.MyPathBuilderActor'!
[2019.10.21-22.48.51:095][455]LogBlueprintUserMessages: Early EndPlayMap Detection: Level '/Game/PathfindingMap.PathfindingMap:PersistentLevel' has LevelScriptBlueprint '/Game/PathfindingMap.PathfindingMap:PersistentLevel.PathfindingMap' with GeneratedClass '/Game/PathfindingMap.PathfindingMap_C' with ClassGeneratedBy '/Game/PathfindingMap.PathfindingMap:PersistentLevel.PathfindingMap'
[2019.10.21-22.48.51:096][455]LogSlate: Updating window title bar state: overlay mode, drag disabled, window buttons hidden, title bar hidden
[2019.10.21-22.48.51:127][455]LogPlayLevel: Display: Shutting down PIE online subsystems
[2019.10.21-22.48.51:127][455]LogBlueprintUserMessages: Late EndPlayMap Detection: Level '/Game/PathfindingMap.PathfindingMap:PersistentLevel' has LevelScriptBlueprint '/Game/PathfindingMap.PathfindingMap:PersistentLevel.PathfindingMap' with GeneratedClass '/Game/PathfindingMap.PathfindingMap_C' with ClassGeneratedBy '/Game/PathfindingMap.PathfindingMap:PersistentLevel.PathfindingMap'
[2019.10.21-22.48.51:174][455]LogSlate: Updating window title bar state: overlay mode, drag disabled, window buttons hidden, title bar hidden
[2019.10.21-22.48.51:178][455]LogUObjectHash: Compacting FUObjectHashTables data took   1.88ms
[2019.10.21-22.48.51:195][456]LogPlayLevel: Display: Destroying online subsystem :Context_4
[2019.10.21-22.48.52:559][618]LogEditorViewport: Clicking on Actor (LMB): BP_SteeringActor_C (BP_SteeringActor2)
[2019.10.21-22.49.00:221][531]LogSlate: FSceneViewport::OnFocusLost() reason 0
[2019.10.21-22.49.03:722][945]LogUObjectHash: Compacting FUObjectHashTables data took   1.47ms
[2019.10.21-22.49.03:878][945]LogSavePackage: Moving '../../../../../../Users/Student/Documents/Unreal Projects/BenCGameAI/GameAI/PathfindingLab/Saved/PathfindingMap8F6D068047B291741C8FD28748B69DC1.tmp' to '../../../../../../Users/Student/Documents/Unreal Projects/BenCGameAI/GameAI/PathfindingLab/Content/PathfindingMap.umap'
[2019.10.21-22.49.05:798][146]LogSlate: FSceneViewport::OnFocusLost() reason 0
[2019.10.21-22.49.05:864][154]LogTemp: Repeating last play command: Selected Viewport
[2019.10.21-22.49.05:871][154]LogBlueprintUserMessages: Early PlayInEditor Detection: Level '/Game/PathfindingMap.PathfindingMap:PersistentLevel' has LevelScriptBlueprint '/Game/PathfindingMap.PathfindingMap:PersistentLevel.PathfindingMap' with GeneratedClass '/Game/PathfindingMap.PathfindingMap_C' with ClassGeneratedBy '/Game/PathfindingMap.PathfindingMap:PersistentLevel.PathfindingMap'
[2019.10.21-22.49.05:871][154]LogPlayLevel: PlayLevel: No blueprints needed recompiling
[2019.10.21-22.49.05:871][154]PIE: New page: PIE session: PathfindingMap (Oct 21, 2019, 2:49:05 PM)
[2019.10.21-22.49.05:871][154]LogPlayLevel: Creating play world package: /Game/UEDPIE_0_PathfindingMap
[2019.10.21-22.49.05:877][154]LogPlayLevel: PIE: StaticDuplicateObject took: (0.005978s)
[2019.10.21-22.49.05:878][154]LogAIModule: Creating AISystem for world PathfindingMap
[2019.10.21-22.49.05:878][154]LogPlayLevel: PIE: World Init took: (0.000490s)
[2019.10.21-22.49.05:878][154]LogPlayLevel: PIE: Created PIE world by copying editor world from /Game/PathfindingMap.PathfindingMap to /Game/UEDPIE_0_PathfindingMap.PathfindingMap (0.006569s)
[2019.10.21-22.49.05:907][154]LogUObjectHash: Compacting FUObjectHashTables data took   2.30ms
[2019.10.21-22.49.05:928][154]LogInit: XAudio2 using 'Speakers (Dell AC511 USB SoundBar)' : 2 channels at 48 kHz using 16 bits per sample (channel mask 0x3)
[2019.10.21-22.49.05:939][154]LogInit: FAudioDevice initialized.
[2019.10.21-22.49.05:972][154]LogLoad: Game class is 'PathFindingGameMode_C'
[2019.10.21-22.49.05:975][154]LogWorld: Bringing World /Game/UEDPIE_0_PathfindingMap.PathfindingMap up for play (max tick rate 0) at 2019.10.21-18.49.05
[2019.10.21-22.49.05:975][154]LogWorld: Bringing up level for play took: 0.002261
[2019.10.21-22.49.05:993][154]LogScript: Warning: Script Msg: Attempted to access index 10 from array 'Walls' of length 10 in '/Script/PathFinding.MyPathBuilderActor'!
[2019.10.21-22.49.05:993][154]LogScript: Warning: Script Msg: Attempted to access index 10 from array 'Walls' of length 10 in '/Script/PathFinding.MyPathBuilderActor'!
[2019.10.21-22.49.05:994][154]PIE: Play in editor start time for /Game/UEDPIE_0_PathfindingMap 0.032
[2019.10.21-22.49.06:005][154]LogBlueprintUserMessages: Late PlayInEditor Detection: Level '/Game/PathfindingMap.PathfindingMap:PersistentLevel' has LevelScriptBlueprint '/Game/PathfindingMap.PathfindingMap:PersistentLevel.PathfindingMap' with GeneratedClass '/Game/PathfindingMap.PathfindingMap_C' with ClassGeneratedBy '/Game/PathfindingMap.PathfindingMap:PersistentLevel.PathfindingMap'
[2019.10.21-22.49.11:663][823]LogScript: Warning: Script Msg: Attempted to access index 10 from array 'Walls' of length 10 in '/Script/PathFinding.MyPathBuilderActor'!
[2019.10.21-22.49.11:663][823]LogScript: Warning: Script Msg: Attempted to access index 10 from array 'Walls' of length 10 in '/Script/PathFinding.MyPathBuilderActor'!
[2019.10.21-22.49.16:040][348]LogScript: Warning: Script Msg: Attempted to access index 10 from array 'Walls' of length 10 in '/Script/PathFinding.MyPathBuilderActor'!
[2019.10.21-22.49.16:040][348]LogScript: Warning: Script Msg: Attempted to access index 10 from array 'Walls' of length 10 in '/Script/PathFinding.MyPathBuilderActor'!
[2019.10.21-22.49.17:799][559]LogScript: Warning: Script Msg: Attempted to access index 10 from array 'Walls' of length 10 in '/Script/PathFinding.MyPathBuilderActor'!
[2019.10.21-22.49.17:799][559]LogScript: Warning: Script Msg: Attempted to access index 10 from array 'Walls' of length 10 in '/Script/PathFinding.MyPathBuilderActor'!
[2019.10.21-22.49.18:498][643]LogScript: Warning: Script Msg: Attempted to access index 10 from array 'Walls' of length 10 in '/Script/PathFinding.MyPathBuilderActor'!
[2019.10.21-22.49.18:499][643]LogScript: Warning: Script Msg: Attempted to access index 10 from array 'Walls' of length 10 in '/Script/PathFinding.MyPathBuilderActor'!
[2019.10.21-22.49.20:798][919]LogScript: Warning: Script Msg: Attempted to access index 10 from array 'Walls' of length 10 in '/Script/PathFinding.MyPathBuilderActor'!
[2019.10.21-22.49.20:799][919]LogScript: Warning: Script Msg: Attempted to access index 10 from array 'Walls' of length 10 in '/Script/PathFinding.MyPathBuilderActor'!
[2019.10.21-22.49.21:507][  4]LogScript: Warning: Script Msg: Attempted to access index 10 from array 'Walls' of length 10 in '/Script/PathFinding.MyPathBuilderActor'!
[2019.10.21-22.49.21:507][  4]LogScript: Warning: Script Msg: Attempted to access index 10 from array 'Walls' of length 10 in '/Script/PathFinding.MyPathBuilderActor'!
[2019.10.21-22.49.22:610][136]LogScript: Warning: Script Msg: Attempted to access index 10 from array 'Walls' of length 10 in '/Script/PathFinding.MyPathBuilderActor'!
[2019.10.21-22.49.22:610][136]LogScript: Warning: Script Msg: Attempted to access index 10 from array 'Walls' of length 10 in '/Script/PathFinding.MyPathBuilderActor'!
[2019.10.21-22.49.34:297][538]LogScript: Warning: Script Msg: Attempted to access index 10 from array 'Walls' of length 10 in '/Script/PathFinding.MyPathBuilderActor'!
[2019.10.21-22.49.34:297][538]LogScript: Warning: Script Msg: Attempted to access index 10 from array 'Walls' of length 10 in '/Script/PathFinding.MyPathBuilderActor'!
[2019.10.21-22.49.36:130][758]LogScript: Warning: Script Msg: Attempted to access index 10 from array 'Walls' of length 10 in '/Script/PathFinding.MyPathBuilderActor'!
[2019.10.21-22.49.36:130][758]LogScript: Warning: Script Msg: Attempted to access index 10 from array 'Walls' of length 10 in '/Script/PathFinding.MyPathBuilderActor'!
[2019.10.21-22.49.37:371][907]LogBlueprintUserMessages: Early EndPlayMap Detection: Level '/Game/PathfindingMap.PathfindingMap:PersistentLevel' has LevelScriptBlueprint '/Game/PathfindingMap.PathfindingMap:PersistentLevel.PathfindingMap' with GeneratedClass '/Game/PathfindingMap.PathfindingMap_C' with ClassGeneratedBy '/Game/PathfindingMap.PathfindingMap:PersistentLevel.PathfindingMap'
[2019.10.21-22.49.37:372][907]LogSlate: Updating window title bar state: overlay mode, drag disabled, window buttons hidden, title bar hidden
[2019.10.21-22.49.37:403][907]LogPlayLevel: Display: Shutting down PIE online subsystems
[2019.10.21-22.49.37:404][907]LogBlueprintUserMessages: Late EndPlayMap Detection: Level '/Game/PathfindingMap.PathfindingMap:PersistentLevel' has LevelScriptBlueprint '/Game/PathfindingMap.PathfindingMap:PersistentLevel.PathfindingMap' with GeneratedClass '/Game/PathfindingMap.PathfindingMap_C' with ClassGeneratedBy '/Game/PathfindingMap.PathfindingMap:PersistentLevel.PathfindingMap'
[2019.10.21-22.49.37:444][907]LogSlate: Updating window title bar state: overlay mode, drag disabled, window buttons hidden, title bar hidden
[2019.10.21-22.49.37:448][907]LogUObjectHash: Compacting FUObjectHashTables data took   2.13ms
[2019.10.21-22.49.37:487][909]LogPlayLevel: Display: Destroying online subsystem :Context_6
[2019.10.21-22.49.39:296][126]LogEditorViewport: Clicking on Actor (LMB): BP_SteeringActor_C (BP_SteeringActor2)
[2019.10.21-22.49.41:233][354]LogSlate: FSceneViewport::OnFocusLost() reason 0
[2019.10.21-22.49.50:586][471]LogUObjectHash: Compacting FUObjectHashTables data took   1.66ms
[2019.10.21-22.49.50:738][471]LogSavePackage: Moving '../../../../../../Users/Student/Documents/Unreal Projects/BenCGameAI/GameAI/PathfindingLab/Saved/PathfindingMap9613F362407459A86364EFAB2B44E716.tmp' to '../../../../../../Users/Student/Documents/Unreal Projects/BenCGameAI/GameAI/PathfindingLab/Content/PathfindingMap.umap'
[2019.10.21-22.49.51:785][574]LogTemp: Repeating last play command: Selected Viewport
[2019.10.21-22.49.51:791][574]LogBlueprintUserMessages: Early PlayInEditor Detection: Level '/Game/PathfindingMap.PathfindingMap:PersistentLevel' has LevelScriptBlueprint '/Game/PathfindingMap.PathfindingMap:PersistentLevel.PathfindingMap' with GeneratedClass '/Game/PathfindingMap.PathfindingMap_C' with ClassGeneratedBy '/Game/PathfindingMap.PathfindingMap:PersistentLevel.PathfindingMap'
[2019.10.21-22.49.51:792][574]LogPlayLevel: PlayLevel: No blueprints needed recompiling
[2019.10.21-22.49.51:792][574]PIE: New page: PIE session: PathfindingMap (Oct 21, 2019, 2:49:51 PM)
[2019.10.21-22.49.51:792][574]LogPlayLevel: Creating play world package: /Game/UEDPIE_0_PathfindingMap
[2019.10.21-22.49.51:798][574]LogPlayLevel: PIE: StaticDuplicateObject took: (0.005871s)
[2019.10.21-22.49.51:798][574]LogAIModule: Creating AISystem for world PathfindingMap
[2019.10.21-22.49.51:798][574]LogPlayLevel: PIE: World Init took: (0.000501s)
[2019.10.21-22.49.51:798][574]LogPlayLevel: PIE: Created PIE world by copying editor world from /Game/PathfindingMap.PathfindingMap to /Game/UEDPIE_0_PathfindingMap.PathfindingMap (0.006492s)
[2019.10.21-22.49.51:826][574]LogUObjectHash: Compacting FUObjectHashTables data took   2.37ms
[2019.10.21-22.49.51:847][574]LogInit: XAudio2 using 'Speakers (Dell AC511 USB SoundBar)' : 2 channels at 48 kHz using 16 bits per sample (channel mask 0x3)
[2019.10.21-22.49.51:859][574]LogInit: FAudioDevice initialized.
[2019.10.21-22.49.51:889][574]LogLoad: Game class is 'PathFindingGameMode_C'
[2019.10.21-22.49.51:890][574]LogWorld: Bringing World /Game/UEDPIE_0_PathfindingMap.PathfindingMap up for play (max tick rate 0) at 2019.10.21-18.49.51
[2019.10.21-22.49.51:891][574]LogWorld: Bringing up level for play took: 0.000964
[2019.10.21-22.49.51:908][574]LogScript: Warning: Script Msg: Attempted to access index 10 from array 'Walls' of length 10 in '/Script/PathFinding.MyPathBuilderActor'!
[2019.10.21-22.49.51:908][574]LogScript: Warning: Script Msg: Attempted to access index 10 from array 'Walls' of length 10 in '/Script/PathFinding.MyPathBuilderActor'!
[2019.10.21-22.49.51:909][574]PIE: Play in editor start time for /Game/UEDPIE_0_PathfindingMap -0.053
[2019.10.21-22.49.51:910][574]LogBlueprintUserMessages: Late PlayInEditor Detection: Level '/Game/PathfindingMap.PathfindingMap:PersistentLevel' has LevelScriptBlueprint '/Game/PathfindingMap.PathfindingMap:PersistentLevel.PathfindingMap' with GeneratedClass '/Game/PathfindingMap.PathfindingMap_C' with ClassGeneratedBy '/Game/PathfindingMap.PathfindingMap:PersistentLevel.PathfindingMap'
[2019.10.21-22.49.58:965][413]LogBlueprintUserMessages: Early EndPlayMap Detection: Level '/Game/PathfindingMap.PathfindingMap:PersistentLevel' has LevelScriptBlueprint '/Game/PathfindingMap.PathfindingMap:PersistentLevel.PathfindingMap' with GeneratedClass '/Game/PathfindingMap.PathfindingMap_C' with ClassGeneratedBy '/Game/PathfindingMap.PathfindingMap:PersistentLevel.PathfindingMap'
[2019.10.21-22.49.58:965][413]LogSlate: Updating window title bar state: overlay mode, drag disabled, window buttons hidden, title bar hidden
[2019.10.21-22.49.58:995][413]LogPlayLevel: Display: Shutting down PIE online subsystems
[2019.10.21-22.49.58:995][413]LogBlueprintUserMessages: Late EndPlayMap Detection: Level '/Game/PathfindingMap.PathfindingMap:PersistentLevel' has LevelScriptBlueprint '/Game/PathfindingMap.PathfindingMap:PersistentLevel.PathfindingMap' with GeneratedClass '/Game/PathfindingMap.PathfindingMap_C' with ClassGeneratedBy '/Game/PathfindingMap.PathfindingMap:PersistentLevel.PathfindingMap'
[2019.10.21-22.49.59:043][413]LogSlate: Updating window title bar state: overlay mode, drag disabled, window buttons hidden, title bar hidden
[2019.10.21-22.49.59:047][413]LogUObjectHash: Compacting FUObjectHashTables data took   1.94ms
[2019.10.21-22.49.59:065][414]LogPlayLevel: Display: Destroying online subsystem :Context_7
[2019.10.21-22.50.00:303][561]LogEditorViewport: Clicking on Actor (LMB): BP_SteeringActor_C (BP_SteeringActor2)
[2019.10.21-22.50.02:057][768]LogSlate: FSceneViewport::OnFocusLost() reason 0
[2019.10.21-22.50.05:664][196]LogUObjectHash: Compacting FUObjectHashTables data took   1.43ms
[2019.10.21-22.50.05:817][196]LogSavePackage: Moving '../../../../../../Users/Student/Documents/Unreal Projects/BenCGameAI/GameAI/PathfindingLab/Saved/PathfindingMapDA45D6AF4E9713425D8B24B56588C64C.tmp' to '../../../../../../Users/Student/Documents/Unreal Projects/BenCGameAI/GameAI/PathfindingLab/Content/PathfindingMap.umap'
[2019.10.21-22.50.07:058][325]LogTemp: Repeating last play command: Selected Viewport
[2019.10.21-22.50.07:065][325]LogBlueprintUserMessages: Early PlayInEditor Detection: Level '/Game/PathfindingMap.PathfindingMap:PersistentLevel' has LevelScriptBlueprint '/Game/PathfindingMap.PathfindingMap:PersistentLevel.PathfindingMap' with GeneratedClass '/Game/PathfindingMap.PathfindingMap_C' with ClassGeneratedBy '/Game/PathfindingMap.PathfindingMap:PersistentLevel.PathfindingMap'
[2019.10.21-22.50.07:065][325]LogPlayLevel: PlayLevel: No blueprints needed recompiling
[2019.10.21-22.50.07:065][325]PIE: New page: PIE session: PathfindingMap (Oct 21, 2019, 2:50:07 PM)
[2019.10.21-22.50.07:065][325]LogPlayLevel: Creating play world package: /Game/UEDPIE_0_PathfindingMap
[2019.10.21-22.50.07:071][325]LogPlayLevel: PIE: StaticDuplicateObject took: (0.006127s)
[2019.10.21-22.50.07:071][325]LogAIModule: Creating AISystem for world PathfindingMap
[2019.10.21-22.50.07:071][325]LogPlayLevel: PIE: World Init took: (0.000454s)
[2019.10.21-22.50.07:071][325]LogPlayLevel: PIE: Created PIE world by copying editor world from /Game/PathfindingMap.PathfindingMap to /Game/UEDPIE_0_PathfindingMap.PathfindingMap (0.006688s)
[2019.10.21-22.50.07:098][325]LogUObjectHash: Compacting FUObjectHashTables data took   2.40ms
[2019.10.21-22.50.07:118][325]LogInit: XAudio2 using 'Speakers (Dell AC511 USB SoundBar)' : 2 channels at 48 kHz using 16 bits per sample (channel mask 0x3)
[2019.10.21-22.50.07:129][325]LogInit: FAudioDevice initialized.
[2019.10.21-22.50.07:157][325]LogLoad: Game class is 'PathFindingGameMode_C'
[2019.10.21-22.50.07:160][325]LogWorld: Bringing World /Game/UEDPIE_0_PathfindingMap.PathfindingMap up for play (max tick rate 0) at 2019.10.21-18.50.07
[2019.10.21-22.50.07:161][325]LogWorld: Bringing up level for play took: 0.002638
[2019.10.21-22.50.07:178][325]LogScript: Warning: Script Msg: Attempted to access index 10 from array 'Walls' of length 10 in '/Script/PathFinding.MyPathBuilderActor'!
[2019.10.21-22.50.07:178][325]LogScript: Warning: Script Msg: Attempted to access index 10 from array 'Walls' of length 10 in '/Script/PathFinding.MyPathBuilderActor'!
[2019.10.21-22.50.07:179][325]PIE: Play in editor start time for /Game/UEDPIE_0_PathfindingMap -0.783
[2019.10.21-22.50.07:180][325]LogBlueprintUserMessages: Late PlayInEditor Detection: Level '/Game/PathfindingMap.PathfindingMap:PersistentLevel' has LevelScriptBlueprint '/Game/PathfindingMap.PathfindingMap:PersistentLevel.PathfindingMap' with GeneratedClass '/Game/PathfindingMap.PathfindingMap_C' with ClassGeneratedBy '/Game/PathfindingMap.PathfindingMap:PersistentLevel.PathfindingMap'
[2019.10.21-22.50.26:082][581]LogBlueprintUserMessages: Early EndPlayMap Detection: Level '/Game/PathfindingMap.PathfindingMap:PersistentLevel' has LevelScriptBlueprint '/Game/PathfindingMap.PathfindingMap:PersistentLevel.PathfindingMap' with GeneratedClass '/Game/PathfindingMap.PathfindingMap_C' with ClassGeneratedBy '/Game/PathfindingMap.PathfindingMap:PersistentLevel.PathfindingMap'
[2019.10.21-22.50.26:082][581]LogSlate: Updating window title bar state: overlay mode, drag disabled, window buttons hidden, title bar hidden
[2019.10.21-22.50.26:111][581]LogPlayLevel: Display: Shutting down PIE online subsystems
[2019.10.21-22.50.26:111][581]LogBlueprintUserMessages: Late EndPlayMap Detection: Level '/Game/PathfindingMap.PathfindingMap:PersistentLevel' has LevelScriptBlueprint '/Game/PathfindingMap.PathfindingMap:PersistentLevel.PathfindingMap' with GeneratedClass '/Game/PathfindingMap.PathfindingMap_C' with ClassGeneratedBy '/Game/PathfindingMap.PathfindingMap:PersistentLevel.PathfindingMap'
[2019.10.21-22.50.26:151][581]LogSlate: Updating window title bar state: overlay mode, drag disabled, window buttons hidden, title bar hidden
[2019.10.21-22.50.26:155][581]LogUObjectHash: Compacting FUObjectHashTables data took   1.86ms
[2019.10.21-22.50.26:197][583]LogPlayLevel: Display: Destroying online subsystem :Context_8
[2019.10.21-22.50.29:390][962]LogSlate: FSceneViewport::OnFocusLost() reason 0
[2019.10.21-22.50.30:521][ 97]LogAssetEditorManager: Opening Asset editor for Blueprint /Game/SteeringActor/BP_SteeringActor.BP_SteeringActor
[2019.10.21-22.50.40:759][255]LogSavePackage: Moving '../../../../../../Users/Student/Documents/Unreal Projects/BenCGameAI/GameAI/PathfindingLab/Saved/BP_SteeringActor1752417744238DA7E85D2A8357F10F99.tmp' to '../../../../../../Users/Student/Documents/Unreal Projects/BenCGameAI/GameAI/PathfindingLab/Content/SteeringActor/BP_SteeringActor.uasset'
[2019.10.21-22.50.41:666][354]LogEditorViewport: Clicking on Actor (LMB): BP_Sky_Sphere_C (Sky Sphere)
[2019.10.21-22.50.42:448][430]LogSlate: FSceneViewport::OnFocusLost() reason 0
[2019.10.21-22.50.43:179][516]LogSlate: FSceneViewport::OnFocusLost() reason 0
[2019.10.21-22.50.43:246][524]LogTemp: Repeating last play command: Selected Viewport
[2019.10.21-22.50.43:252][524]LogBlueprintUserMessages: Early PlayInEditor Detection: Level '/Game/PathfindingMap.PathfindingMap:PersistentLevel' has LevelScriptBlueprint '/Game/PathfindingMap.PathfindingMap:PersistentLevel.PathfindingMap' with GeneratedClass '/Game/PathfindingMap.PathfindingMap_C' with ClassGeneratedBy '/Game/PathfindingMap.PathfindingMap:PersistentLevel.PathfindingMap'
[2019.10.21-22.50.43:252][524]BlueprintLog: New page: Pre-Play auto-recompile
[2019.10.21-22.50.43:256][524]LogPlayLevel: [PlayLevel] Compiling BP_SteeringActor before play...
[2019.10.21-22.50.43:428][524]LogUObjectHash: Compacting FUObjectHashTables data took   3.02ms
[2019.10.21-22.50.43:428][524]LogPlayLevel: PlayLevel: Blueprint regeneration took 177 ms (1 blueprints)
[2019.10.21-22.50.43:430][524]PIE: New page: PIE session: PathfindingMap (Oct 21, 2019, 2:50:43 PM)
[2019.10.21-22.50.43:430][524]LogPlayLevel: Creating play world package: /Game/UEDPIE_0_PathfindingMap
[2019.10.21-22.50.43:436][524]LogPlayLevel: PIE: StaticDuplicateObject took: (0.006061s)
[2019.10.21-22.50.43:436][524]LogAIModule: Creating AISystem for world PathfindingMap
[2019.10.21-22.50.43:436][524]LogPlayLevel: PIE: World Init took: (0.000517s)
[2019.10.21-22.50.43:436][524]LogPlayLevel: PIE: Created PIE world by copying editor world from /Game/PathfindingMap.PathfindingMap to /Game/UEDPIE_0_PathfindingMap.PathfindingMap (0.006690s)
[2019.10.21-22.50.43:468][524]LogUObjectHash: Compacting FUObjectHashTables data took   1.70ms
[2019.10.21-22.50.43:488][524]LogInit: XAudio2 using 'Speakers (Dell AC511 USB SoundBar)' : 2 channels at 48 kHz using 16 bits per sample (channel mask 0x3)
[2019.10.21-22.50.43:502][524]LogInit: FAudioDevice initialized.
[2019.10.21-22.50.43:535][524]LogLoad: Game class is 'PathFindingGameMode_C'
[2019.10.21-22.50.43:538][524]LogWorld: Bringing World /Game/UEDPIE_0_PathfindingMap.PathfindingMap up for play (max tick rate 0) at 2019.10.21-18.50.43
[2019.10.21-22.50.43:538][524]LogWorld: Bringing up level for play took: 0.002303
[2019.10.21-22.50.43:556][524]LogScript: Warning: Script Msg: Attempted to access index 10 from array 'Walls' of length 10 in '/Script/PathFinding.MyPathBuilderActor'!
[2019.10.21-22.50.43:556][524]LogScript: Warning: Script Msg: Attempted to access index 10 from array 'Walls' of length 10 in '/Script/PathFinding.MyPathBuilderActor'!
[2019.10.21-22.50.43:557][524]PIE: Play in editor start time for /Game/UEDPIE_0_PathfindingMap -0.405
[2019.10.21-22.50.43:557][524]LogBlueprintUserMessages: Late PlayInEditor Detection: Level '/Game/PathfindingMap.PathfindingMap:PersistentLevel' has LevelScriptBlueprint '/Game/PathfindingMap.PathfindingMap:PersistentLevel.PathfindingMap' with GeneratedClass '/Game/PathfindingMap.PathfindingMap_C' with ClassGeneratedBy '/Game/PathfindingMap.PathfindingMap:PersistentLevel.PathfindingMap'
[2019.10.21-22.50.45:900][797]LogScript: Warning: Script Msg: Attempted to access index 10 from array 'Walls' of length 10 in '/Script/PathFinding.MyPathBuilderActor'!
[2019.10.21-22.50.45:901][797]LogScript: Warning: Script Msg: Attempted to access index 10 from array 'Walls' of length 10 in '/Script/PathFinding.MyPathBuilderActor'!
[2019.10.21-22.50.47:259][960]LogScript: Warning: Script Msg: Attempted to access index 10 from array 'Walls' of length 10 in '/Script/PathFinding.MyPathBuilderActor'!
[2019.10.21-22.50.47:259][960]LogScript: Warning: Script Msg: Attempted to access index 10 from array 'Walls' of length 10 in '/Script/PathFinding.MyPathBuilderActor'!
[2019.10.21-22.50.48:159][ 68]LogScript: Warning: Script Msg: Attempted to access index 10 from array 'Walls' of length 10 in '/Script/PathFinding.MyPathBuilderActor'!
[2019.10.21-22.50.48:159][ 68]LogScript: Warning: Script Msg: Attempted to access index 10 from array 'Walls' of length 10 in '/Script/PathFinding.MyPathBuilderActor'!
[2019.10.21-22.50.48:876][154]LogScript: Warning: Script Msg: Attempted to access index 10 from array 'Walls' of length 10 in '/Script/PathFinding.MyPathBuilderActor'!
[2019.10.21-22.50.48:876][154]LogScript: Warning: Script Msg: Attempted to access index 10 from array 'Walls' of length 10 in '/Script/PathFinding.MyPathBuilderActor'!
[2019.10.21-22.50.49:492][228]LogScript: Warning: Script Msg: Attempted to access index 10 from array 'Walls' of length 10 in '/Script/PathFinding.MyPathBuilderActor'!
[2019.10.21-22.50.49:492][228]LogScript: Warning: Script Msg: Attempted to access index 10 from array 'Walls' of length 10 in '/Script/PathFinding.MyPathBuilderActor'!
[2019.10.21-22.50.50:126][304]LogScript: Warning: Script Msg: Attempted to access index 10 from array 'Walls' of length 10 in '/Script/PathFinding.MyPathBuilderActor'!
[2019.10.21-22.50.50:126][304]LogScript: Warning: Script Msg: Attempted to access index 10 from array 'Walls' of length 10 in '/Script/PathFinding.MyPathBuilderActor'!
[2019.10.21-22.50.50:892][396]LogScript: Warning: Script Msg: Attempted to access index 10 from array 'Walls' of length 10 in '/Script/PathFinding.MyPathBuilderActor'!
[2019.10.21-22.50.50:892][396]LogScript: Warning: Script Msg: Attempted to access index 10 from array 'Walls' of length 10 in '/Script/PathFinding.MyPathBuilderActor'!
[2019.10.21-22.50.51:501][469]LogScript: Warning: Script Msg: Attempted to access index 10 from array 'Walls' of length 10 in '/Script/PathFinding.MyPathBuilderActor'!
[2019.10.21-22.50.51:501][469]LogScript: Warning: Script Msg: Attempted to access index 10 from array 'Walls' of length 10 in '/Script/PathFinding.MyPathBuilderActor'!
[2019.10.21-22.50.52:250][559]LogBlueprintUserMessages: Early EndPlayMap Detection: Level '/Game/PathfindingMap.PathfindingMap:PersistentLevel' has LevelScriptBlueprint '/Game/PathfindingMap.PathfindingMap:PersistentLevel.PathfindingMap' with GeneratedClass '/Game/PathfindingMap.PathfindingMap_C' with ClassGeneratedBy '/Game/PathfindingMap.PathfindingMap:PersistentLevel.PathfindingMap'
[2019.10.21-22.50.52:250][559]LogSlate: Updating window title bar state: overlay mode, drag disabled, window buttons hidden, title bar hidden
[2019.10.21-22.50.52:283][559]LogPlayLevel: Display: Shutting down PIE online subsystems
[2019.10.21-22.50.52:283][559]LogBlueprintUserMessages: Late EndPlayMap Detection: Level '/Game/PathfindingMap.PathfindingMap:PersistentLevel' has LevelScriptBlueprint '/Game/PathfindingMap.PathfindingMap:PersistentLevel.PathfindingMap' with GeneratedClass '/Game/PathfindingMap.PathfindingMap_C' with ClassGeneratedBy '/Game/PathfindingMap.PathfindingMap:PersistentLevel.PathfindingMap'
[2019.10.21-22.50.52:342][559]LogSlate: Updating window title bar state: overlay mode, drag disabled, window buttons hidden, title bar hidden
[2019.10.21-22.50.52:348][559]LogUObjectHash: Compacting FUObjectHashTables data took   2.51ms
[2019.10.21-22.50.52:368][560]LogPlayLevel: Display: Destroying online subsystem :Context_10
[2019.10.21-22.50.53:910][743]LogSlate: FSceneViewport::OnFocusLost() reason 0
[2019.10.21-22.50.58:406][261]LogSavePackage: Moving '../../../../../../Users/Student/Documents/Unreal Projects/BenCGameAI/GameAI/PathfindingLab/Saved/BP_SteeringActor6CDD71CB4547BAB0550847990C792446.tmp' to '../../../../../../Users/Student/Documents/Unreal Projects/BenCGameAI/GameAI/PathfindingLab/Content/SteeringActor/BP_SteeringActor.uasset'
[2019.10.21-22.51.05:656][ 95]LogSavePackage: Moving '../../../../../../Users/Student/Documents/Unreal Projects/BenCGameAI/GameAI/PathfindingLab/Saved/BP_SteeringActorFB1EA47146DF33FE8FCA94B54520F6C0.tmp' to '../../../../../../Users/Student/Documents/Unreal Projects/BenCGameAI/GameAI/PathfindingLab/Content/SteeringActor/BP_SteeringActor.uasset'
[2019.10.21-22.51.07:560][308]BlueprintLog: New page: Compile BP_SteeringActor
[2019.10.21-22.51.07:715][308]LogUObjectHash: Compacting FUObjectHashTables data took   2.90ms
[2019.10.21-22.51.08:348][354]LogSavePackage: Moving '../../../../../../Users/Student/Documents/Unreal Projects/BenCGameAI/GameAI/PathfindingLab/Saved/BP_SteeringActorCCF411B84DA43124ABDA7EA62016452C.tmp' to '../../../../../../Users/Student/Documents/Unreal Projects/BenCGameAI/GameAI/PathfindingLab/Content/SteeringActor/BP_SteeringActor.uasset'
[2019.10.21-22.51.09:567][485]LogSlate: Window 'BP_SteeringActor' being destroyed
[2019.10.21-22.51.09:570][485]LogSlate: Window 'BP_SteeringActor' being destroyed
[2019.10.21-22.51.10:192][551]LogTemp: Repeating last play command: Selected Viewport
[2019.10.21-22.51.10:199][551]LogBlueprintUserMessages: Early PlayInEditor Detection: Level '/Game/PathfindingMap.PathfindingMap:PersistentLevel' has LevelScriptBlueprint '/Game/PathfindingMap.PathfindingMap:PersistentLevel.PathfindingMap' with GeneratedClass '/Game/PathfindingMap.PathfindingMap_C' with ClassGeneratedBy '/Game/PathfindingMap.PathfindingMap:PersistentLevel.PathfindingMap'
[2019.10.21-22.51.10:199][551]LogPlayLevel: PlayLevel: No blueprints needed recompiling
[2019.10.21-22.51.10:199][551]PIE: New page: PIE session: PathfindingMap (Oct 21, 2019, 2:51:10 PM)
[2019.10.21-22.51.10:199][551]LogPlayLevel: Creating play world package: /Game/UEDPIE_0_PathfindingMap
[2019.10.21-22.51.10:206][551]LogPlayLevel: PIE: StaticDuplicateObject took: (0.006641s)
[2019.10.21-22.51.10:206][551]LogAIModule: Creating AISystem for world PathfindingMap
[2019.10.21-22.51.10:207][551]LogPlayLevel: PIE: World Init took: (0.000582s)
[2019.10.21-22.51.10:207][551]LogPlayLevel: PIE: Created PIE world by copying editor world from /Game/PathfindingMap.PathfindingMap to /Game/UEDPIE_0_PathfindingMap.PathfindingMap (0.007354s)
[2019.10.21-22.51.10:243][551]LogUObjectHash: Compacting FUObjectHashTables data took   2.77ms
[2019.10.21-22.51.10:264][551]LogInit: XAudio2 using 'Speakers (Dell AC511 USB SoundBar)' : 2 channels at 48 kHz using 16 bits per sample (channel mask 0x3)
[2019.10.21-22.51.10:276][551]LogInit: FAudioDevice initialized.
[2019.10.21-22.51.10:302][551]LogLoad: Game class is 'PathFindingGameMode_C'
[2019.10.21-22.51.10:304][551]LogWorld: Bringing World /Game/UEDPIE_0_PathfindingMap.PathfindingMap up for play (max tick rate 0) at 2019.10.21-18.51.10
[2019.10.21-22.51.10:304][551]LogWorld: Bringing up level for play took: 0.001075
[2019.10.21-22.51.10:327][551]LogScript: Warning: Script Msg: Attempted to access index 25 from array 'Walls' of length 25 in '/Script/PathFinding.MyPathBuilderActor'!
[2019.10.21-22.51.10:328][551]LogScript: Warning: Script Msg: Attempted to access index 25 from array 'Walls' of length 25 in '/Script/PathFinding.MyPathBuilderActor'!
[2019.10.21-22.51.10:329][551]PIE: Play in editor start time for /Game/UEDPIE_0_PathfindingMap 0.367
[2019.10.21-22.51.10:329][551]LogBlueprintUserMessages: Late PlayInEditor Detection: Level '/Game/PathfindingMap.PathfindingMap:PersistentLevel' has LevelScriptBlueprint '/Game/PathfindingMap.PathfindingMap:PersistentLevel.PathfindingMap' with GeneratedClass '/Game/PathfindingMap.PathfindingMap_C' with ClassGeneratedBy '/Game/PathfindingMap.PathfindingMap:PersistentLevel.PathfindingMap'
[2019.10.21-22.51.14:771][ 75]LogScript: Warning: Script Msg: Attempted to access index 25 from array 'Walls' of length 25 in '/Script/PathFinding.MyPathBuilderActor'!
[2019.10.21-22.51.14:771][ 75]LogScript: Warning: Script Msg: Attempted to access index 25 from array 'Walls' of length 25 in '/Script/PathFinding.MyPathBuilderActor'!
[2019.10.21-22.51.16:539][287]LogScript: Warning: Script Msg: Attempted to access index 25 from array 'Walls' of length 25 in '/Script/PathFinding.MyPathBuilderActor'!
[2019.10.21-22.51.16:539][287]LogScript: Warning: Script Msg: Attempted to access index 25 from array 'Walls' of length 25 in '/Script/PathFinding.MyPathBuilderActor'!
[2019.10.21-22.51.17:272][375]LogScript: Warning: Script Msg: Attempted to access index 25 from array 'Walls' of length 25 in '/Script/PathFinding.MyPathBuilderActor'!
[2019.10.21-22.51.17:272][375]LogScript: Warning: Script Msg: Attempted to access index 25 from array 'Walls' of length 25 in '/Script/PathFinding.MyPathBuilderActor'!
[2019.10.21-22.51.18:866][566]LogScript: Warning: Script Msg: Attempted to access index 25 from array 'Walls' of length 25 in '/Script/PathFinding.MyPathBuilderActor'!
[2019.10.21-22.51.18:867][566]LogScript: Warning: Script Msg: Attempted to access index 25 from array 'Walls' of length 25 in '/Script/PathFinding.MyPathBuilderActor'!
[2019.10.21-22.51.21:710][907]LogScript: Warning: Script Msg: Attempted to access index 25 from array 'Walls' of length 25 in '/Script/PathFinding.MyPathBuilderActor'!
[2019.10.21-22.51.21:710][907]LogScript: Warning: Script Msg: Attempted to access index 25 from array 'Walls' of length 25 in '/Script/PathFinding.MyPathBuilderActor'!
[2019.10.21-22.51.22:530][  5]LogScript: Warning: Script Msg: Attempted to access index 25 from array 'Walls' of length 25 in '/Script/PathFinding.MyPathBuilderActor'!
[2019.10.21-22.51.22:530][  5]LogScript: Warning: Script Msg: Attempted to access index 25 from array 'Walls' of length 25 in '/Script/PathFinding.MyPathBuilderActor'!
