Log file open, 12/09/19 19:32:21
LogWindows: Failed to load 'aqProf.dll' (GetLastError=126)
LogWindows: File 'aqProf.dll' does not exist
LogWindows: Failed to load 'VtuneApi.dll' (GetLastError=126)
LogWindows: File 'VtuneApi.dll' does not exist
LogWindows: Failed to load 'VtuneApi32e.dll' (GetLastError=126)
LogWindows: File 'VtuneApi32e.dll' does not exist
LogConsoleResponse: Display: Failed to find resolution value strings in scalability ini. Falling back to default.
LogInit: Display: Running engine for game: PathFinding
LogPakFile: Registered encryption key '00000000000000000000000000000000': 0 pak files mounted, 0 remain pending
LogPlatformFile: Not using cached read wrapper
LogTaskGraph: Started task graph with 5 named threads and 23 total threads with 3 sets of task threads.
LogStats: Stats thread started at 0.479815
LogD3D11RHI: Loaded GFSDK_Aftermath_Lib.x64.dll
LogICUInternationalization: ICU TimeZone Detection - Raw Offset: -5:00, Platform Override: ''
LogPluginManager: Mounting plugin Paper2D
LogPluginManager: Mounting plugin AISupport
LogPluginManager: Mounting plugin LightPropagationVolume
LogPluginManager: Mounting plugin ActorLayerUtilities
LogPluginManager: Mounting plugin AnimationSharing
LogPluginManager: Mounting plugin CLionSourceCodeAccess
LogPluginManager: Mounting plugin CodeLiteSourceCodeAccess
LogPluginManager: Mounting plugin GitSourceControl
LogPluginManager: Mounting plugin KDevelopSourceCodeAccess
LogPluginManager: Mounting plugin NullSourceCodeAccess
LogPluginManager: Mounting plugin PerforceSourceControl
LogPluginManager: Mounting plugin SubversionSourceControl
LogPluginManager: Mounting plugin UObjectPlugin
LogPluginManager: Mounting plugin VisualStudioCodeSourceCodeAccess
LogPluginManager: Mounting plugin VisualStudioSourceCodeAccess
LogPluginManager: Mounting plugin XCodeSourceCodeAccess
LogPluginManager: Mounting plugin AssetManagerEditor
LogPluginManager: Mounting plugin CryptoKeys
LogPluginManager: Mounting plugin DataValidation
LogPluginManager: Mounting plugin FacialAnimation
LogPluginManager: Mounting plugin GameplayTagsEditor
LogPluginManager: Mounting plugin MacGraphicsSwitching
LogPluginManager: Mounting plugin MaterialAnalyzer
LogPluginManager: Mounting plugin MobileLauncherProfileWizard
LogPluginManager: Mounting plugin PluginBrowser
LogPluginManager: Mounting plugin SpeedTreeImporter
LogPluginManager: Mounting plugin DatasmithContent
LogPluginManager: Mounting plugin VariantManagerContent
LogPluginManager: Mounting plugin AlembicImporter
LogPluginManager: Mounting plugin AppleImageUtils
LogPluginManager: Mounting plugin AppleVision
LogPluginManager: Mounting plugin BackChannel
LogPluginManager: Mounting plugin CharacterAI
LogPluginManager: Mounting plugin GeometryCache
LogPluginManager: Mounting plugin HTML5Networking
LogPluginManager: Mounting plugin ProxyLODPlugin
LogPluginManager: Mounting plugin SkeletalReduction
LogPluginManager: Mounting plugin MagicLeap
LogPluginManager: Mounting plugin MagicLeapMedia
LogPluginManager: Mounting plugin AndroidMedia
LogPluginManager: Mounting plugin AvfMedia
LogPluginManager: Mounting plugin ImgMedia
LogPluginManager: Mounting plugin LinearTimecode
LogPluginManager: Mounting plugin MediaCompositing
LogPluginManager: Mounting plugin MediaPlayerEditor
LogPluginManager: Mounting plugin WebMMedia
LogPluginManager: Mounting plugin WmfMedia
LogPluginManager: Mounting plugin TcpMessaging
LogPluginManager: Mounting plugin UdpMessaging
LogPluginManager: Mounting plugin ActorSequence
LogPluginManager: Mounting plugin LevelSequenceEditor
LogPluginManager: Mounting plugin MatineeToLevelSequence
LogPluginManager: Mounting plugin NetcodeUnitTest
LogPluginManager: Mounting plugin NUTUnrealEngine4
LogPluginManager: Mounting plugin OnlineSubsystemGooglePlay
LogPluginManager: Mounting plugin OnlineSubsystemIOS
LogPluginManager: Mounting plugin OnlineSubsystem
LogPluginManager: Mounting plugin OnlineSubsystemNull
LogPluginManager: Mounting plugin OnlineSubsystemUtils
LogPluginManager: Mounting plugin LauncherChunkInstaller
LogPluginManager: Mounting plugin AndroidDeviceProfileSelector
LogPluginManager: Mounting plugin AndroidMoviePlayer
LogPluginManager: Mounting plugin AndroidPermission
LogPluginManager: Mounting plugin AppleMoviePlayer
LogPluginManager: Mounting plugin ArchVisCharacter
LogPluginManager: Mounting plugin AudioCapture
LogPluginManager: Mounting plugin CableComponent
LogPluginManager: Mounting plugin CustomMeshComponent
LogPluginManager: Mounting plugin EditableMesh
LogPluginManager: Mounting plugin ExampleDeviceProfileSelector
LogPluginManager: Mounting plugin Firebase
LogPluginManager: Mounting plugin GoogleCloudMessaging
LogPluginManager: Mounting plugin IOSDeviceProfileSelector
LogPluginManager: Mounting plugin LinuxDeviceProfileSelector
LogPluginManager: Mounting plugin LocationServicesBPLibrary
LogPluginManager: Mounting plugin MobilePatchingUtils
LogPluginManager: Mounting plugin OculusVR
LogPluginManager: Mounting plugin PhysXVehicles
LogPluginManager: Mounting plugin ProceduralMeshComponent
LogPluginManager: Mounting plugin RuntimePhysXCooking
LogPluginManager: Mounting plugin SignificanceManager
LogPluginManager: Mounting plugin SteamVR
LogPluginManager: Mounting plugin WebMMoviePlayer
LogPluginManager: Mounting plugin WindowsMoviePlayer
LogInit: Using libcurl 7.55.1-DEV
LogInit:  - built for x86_64-pc-win32
LogInit:  - supports SSL with OpenSSL/1.1.1
LogInit:  - supports HTTP deflate (compression) using libz 1.2.8
LogInit:  - other features:
LogInit:      CURL_VERSION_SSL
LogInit:      CURL_VERSION_LIBZ
LogInit:      CURL_VERSION_IPV6
LogInit:      CURL_VERSION_ASYNCHDNS
LogInit:      CURL_VERSION_LARGEFILE
LogInit:      CURL_VERSION_IDN
LogInit:  CurlRequestOptions (configurable via config and command line):
LogInit:  - bVerifyPeer = true  - Libcurl will verify peer certificate
LogInit:  - bUseHttpProxy = false  - Libcurl will NOT use HTTP proxy
LogInit:  - bDontReuseConnections = false  - Libcurl will reuse connections
LogInit:  - MaxHostConnections = 16  - Libcurl will limit the number of connections to a host
LogInit:  - LocalHostAddr = Default
LogInit:  - BufferSize = 65536
LogInit: WinSock: version 1.1 (2.2), MaxSocks=32767, MaxUdp=65467
LogInit: Build: ++UE4+Release-4.22-CL-7053642
LogInit: Engine Version: 4.22.3-7053642+++UE4+Release-4.22
LogInit: Compatible Engine Version: 4.22.0-5660361+++UE4+Release-4.22
LogInit: Net CL: 5660361
LogInit: OS: Windows 10 (Release 1903) (), CPU: Intel(R) Core(TM) i7-7700HQ CPU @ 2.80GHz, GPU: Intel(R) HD Graphics 630
LogInit: Compiled (64-bit): Jun 18 2019 03:09:11
LogInit: Compiled with Visual C++: 19.16.27025.01
LogInit: Build Configuration: DebugGame
LogInit: Branch Name: ++UE4+Release-4.22
LogInit: Command Line:  -skipcompile
LogInit: Base Directory: D:/EpicGames/UE_4.22/Engine/Binaries/Win64/
LogInit: Installed Engine Build: 1
LogDevObjectVersion: Number of dev versions registered: 23
LogDevObjectVersion:   Dev-Blueprints (B0D832E4-1F89-4F0D-ACCF-7EB736FD4AA2): 10
LogDevObjectVersion:   Dev-Build (E1C64328-A22C-4D53-A36C-8E866417BD8C): 0
LogDevObjectVersion:   Dev-Core (375EC13C-06E4-48FB-B500-84F0262A717E): 3
LogDevObjectVersion:   Dev-Editor (E4B068ED-F494-42E9-A231-DA0B2E46BB41): 30
LogDevObjectVersion:   Dev-Framework (CFFC743F-43B0-4480-9391-14DF171D2073): 35
LogDevObjectVersion:   Dev-Mobile (B02B49B5-BB20-44E9-A304-32B752E40360): 2
LogDevObjectVersion:   Dev-Networking (A4E4105C-59A1-49B5-A7C5-40C4547EDFEE): 0
LogDevObjectVersion:   Dev-Online (39C831C9-5AE6-47DC-9A44-9C173E1C8E7C): 0
LogDevObjectVersion:   Dev-Physics (78F01B33-EBEA-4F98-B9B4-84EACCB95AA2): 0
LogDevObjectVersion:   Dev-Platform (6631380F-2D4D-43E0-8009-CF276956A95A): 0
LogDevObjectVersion:   Dev-Rendering (12F88B9F-8875-4AFC-A67C-D90C383ABD29): 28
LogDevObjectVersion:   Dev-Sequencer (7B5AE74C-D270-4C10-A958-57980B212A5A): 11
LogDevObjectVersion:   Dev-VR (D7296918-1DD6-4BDD-9DE2-64A83CC13884): 2
LogDevObjectVersion:   Dev-LoadTimes (C2A15278-BFE7-4AFE-6C17-90FF531DF755): 1
LogDevObjectVersion:   Private-Geometry (6EACA3D4-40EC-4CC1-B786-8BED09428FC5): 3
LogDevObjectVersion:   Dev-AnimPhys (29E575DD-E0A3-4627-9D10-D276232CDCEA): 17
LogDevObjectVersion:   Dev-Anim (AF43A65D-7FD3-4947-9873-3E8ED9C1BB05): 2
LogDevObjectVersion:   Dev-ReflectionCapture (6B266CEC-1EC7-4B8F-A30B-E4D90942FC07): 1
LogDevObjectVersion:   Dev-Automation (0DF73D61-A23F-47EA-B727-89E90C41499A): 1
LogDevObjectVersion:   FortniteMain (601D1886-AC64-4F84-AA16-D3DE0DEAC7D6): 25
LogDevObjectVersion:   Dev-Enterprise (9DFFBCD6-494F-0158-E221-12823C92A888): 6
LogDevObjectVersion:   Dev-Niagara (F2AED0AC-9AFE-416F-8664-AA7FFA26D6FC): 1
LogDevObjectVersion:   Dev-Destruction (174F1F0B-B4C6-45A5-B13F-2EE8D0FB917D): 2
LogInit: Presizing for max 16777216 objects, including 0 objects not considered by GC, pre-allocating 0 bytes for permanent pool.
LogInit: Object subsystem initialized
LogConfig: Setting CVar [[con.DebugEarlyDefault:1]]
LogConfig: Setting CVar [[r.setres:1280x720]]
[2019.12.10-00.32.23:126][  0]LogConfig: Setting CVar [[r.VSync:0]]
[2019.12.10-00.32.23:126][  0]LogConfig: Setting CVar [[r.RHICmdBypass:0]]
[2019.12.10-00.32.23:127][  0]LogConfig: Applying CVar settings from Section [/Script/Engine.RendererSettings] File [D:/Git/GameAI/PathfindingLab/Saved/Config/Windows/Engine.ini]
[2019.12.10-00.32.23:127][  0]LogConfig: Setting CVar [[r.GPUCrashDebugging:0]]
[2019.12.10-00.32.23:127][  0]LogConfig: Setting CVar [[r.DefaultFeature.AutoExposure.ExtendDefaultLuminanceRange:1]]
[2019.12.10-00.32.23:127][  0]LogConfig: Applying CVar settings from Section [/Script/Engine.RendererOverrideSettings] File [D:/Git/GameAI/PathfindingLab/Saved/Config/Windows/Engine.ini]
[2019.12.10-00.32.23:127][  0]LogConfig: Applying CVar settings from Section [/Script/Engine.StreamingSettings] File [D:/Git/GameAI/PathfindingLab/Saved/Config/Windows/Engine.ini]
[2019.12.10-00.32.23:127][  0]LogConfig: Setting CVar [[s.MinBulkDataSizeForAsyncLoading:131072]]
[2019.12.10-00.32.23:127][  0]LogConfig: Setting CVar [[s.AsyncLoadingThreadEnabled:0]]
[2019.12.10-00.32.23:127][  0]LogConfig: Setting CVar [[s.EventDrivenLoaderEnabled:1]]
[2019.12.10-00.32.23:127][  0]LogConfig: Setting CVar [[s.WarnIfTimeLimitExceeded:0]]
[2019.12.10-00.32.23:127][  0]LogConfig: Setting CVar [[s.TimeLimitExceededMultiplier:1.5]]
[2019.12.10-00.32.23:128][  0]LogConfig: Setting CVar [[s.TimeLimitExceededMinTime:0.005]]
[2019.12.10-00.32.23:128][  0]LogConfig: Setting CVar [[s.UseBackgroundLevelStreaming:1]]
[2019.12.10-00.32.23:128][  0]LogConfig: Setting CVar [[s.PriorityAsyncLoadingExtraTime:15.0]]
[2019.12.10-00.32.23:128][  0]LogConfig: Setting CVar [[s.LevelStreamingActorsUpdateTimeLimit:5.0]]
[2019.12.10-00.32.23:128][  0]LogConfig: Setting CVar [[s.PriorityLevelStreamingActorsUpdateExtraTime:5.0]]
[2019.12.10-00.32.23:128][  0]LogConfig: Setting CVar [[s.LevelStreamingComponentsRegistrationGranularity:10]]
[2019.12.10-00.32.23:128][  0]LogConfig: Setting CVar [[s.UnregisterComponentsTimeLimit:1.0]]
[2019.12.10-00.32.23:128][  0]LogConfig: Setting CVar [[s.LevelStreamingComponentsUnregistrationGranularity:5]]
[2019.12.10-00.32.23:128][  0]LogConfig: Applying CVar settings from Section [/Script/Engine.GarbageCollectionSettings] File [D:/Git/GameAI/PathfindingLab/Saved/Config/Windows/Engine.ini]
[2019.12.10-00.32.23:128][  0]LogConfig: Setting CVar [[gc.MaxObjectsNotConsideredByGC:1]]
[2019.12.10-00.32.23:128][  0]LogConfig: Setting CVar [[gc.SizeOfPermanentObjectPool:0]]
[2019.12.10-00.32.23:128][  0]LogConfig: Setting CVar [[gc.FlushStreamingOnGC:0]]
[2019.12.10-00.32.23:129][  0]LogConfig: Setting CVar [[gc.NumRetriesBeforeForcingGC:10]]
[2019.12.10-00.32.23:129][  0]LogConfig: Setting CVar [[gc.AllowParallelGC:1]]
[2019.12.10-00.32.23:129][  0]LogConfig: Setting CVar [[gc.TimeBetweenPurgingPendingKillObjects:61.1]]
[2019.12.10-00.32.23:129][  0]LogConfig: Setting CVar [[gc.MaxObjectsInEditor:16777216]]
[2019.12.10-00.32.23:129][  0]LogConfig: Setting CVar [[gc.IncrementalBeginDestroyEnabled:1]]
[2019.12.10-00.32.23:129][  0]LogConfig: Setting CVar [[gc.CreateGCClusters:1]]
[2019.12.10-00.32.23:129][  0]LogConfig: Setting CVar [[gc.MinGCClusterSize:5]]
[2019.12.10-00.32.23:129][  0]LogConfig: Setting CVar [[gc.ActorClusteringEnabled:0]]
[2019.12.10-00.32.23:129][  0]LogConfig: Setting CVar [[gc.BlueprintClusteringEnabled:0]]
[2019.12.10-00.32.23:129][  0]LogConfig: Setting CVar [[gc.UseDisregardForGCOnDedicatedServers:0]]
[2019.12.10-00.32.23:129][  0]LogConfig: Applying CVar settings from Section [/Script/Engine.NetworkSettings] File [D:/Git/GameAI/PathfindingLab/Saved/Config/Windows/Engine.ini]
[2019.12.10-00.32.23:129][  0]LogConfig: Applying CVar settings from Section [/Script/UnrealEd.CookerSettings] File [D:/Git/GameAI/PathfindingLab/Saved/Config/Windows/Engine.ini]
[2019.12.10-00.32.23:139][  0]LogConfig: Applying CVar settings from Section [ViewDistanceQuality@3] File [D:/Git/GameAI/PathfindingLab/Saved/Config/Windows/Scalability.ini]
[2019.12.10-00.32.23:140][  0]LogConfig: Setting CVar [[r.SkeletalMeshLODBias:0]]
[2019.12.10-00.32.23:140][  0]LogConfig: Setting CVar [[r.ViewDistanceScale:1.0]]
[2019.12.10-00.32.23:140][  0]LogConfig: Applying CVar settings from Section [AntiAliasingQuality@3] File [D:/Git/GameAI/PathfindingLab/Saved/Config/Windows/Scalability.ini]
[2019.12.10-00.32.23:140][  0]LogConfig: Setting CVar [[r.PostProcessAAQuality:4]]
[2019.12.10-00.32.23:140][  0]LogConfig: Applying CVar settings from Section [ShadowQuality@3] File [D:/Git/GameAI/PathfindingLab/Saved/Config/Windows/Scalability.ini]
[2019.12.10-00.32.23:140][  0]LogConfig: Setting CVar [[r.LightFunctionQuality:1]]
[2019.12.10-00.32.23:140][  0]LogConfig: Setting CVar [[r.ShadowQuality:5]]
[2019.12.10-00.32.23:140][  0]LogConfig: Setting CVar [[r.Shadow.CSM.MaxCascades:10]]
[2019.12.10-00.32.23:140][  0]LogConfig: Setting CVar [[r.Shadow.MaxResolution:2048]]
[2019.12.10-00.32.23:140][  0]LogConfig: Setting CVar [[r.Shadow.MaxCSMResolution:2048]]
[2019.12.10-00.32.23:140][  0]LogConfig: Setting CVar [[r.Shadow.RadiusThreshold:0.01]]
[2019.12.10-00.32.23:140][  0]LogConfig: Setting CVar [[r.Shadow.DistanceScale:1.0]]
[2019.12.10-00.32.23:140][  0]LogConfig: Setting CVar [[r.Shadow.CSM.TransitionScale:1.0]]
[2019.12.10-00.32.23:141][  0]LogConfig: Setting CVar [[r.Shadow.PreShadowResolutionFactor:1.0]]
[2019.12.10-00.32.23:141][  0]LogConfig: Setting CVar [[r.DistanceFieldShadowing:1]]
[2019.12.10-00.32.23:141][  0]LogConfig: Setting CVar [[r.DistanceFieldAO:1]]
[2019.12.10-00.32.23:141][  0]LogConfig: Setting CVar [[r.AOQuality:2]]
[2019.12.10-00.32.23:141][  0]LogConfig: Setting CVar [[r.VolumetricFog:1]]
[2019.12.10-00.32.23:141][  0]LogConfig: Setting CVar [[r.VolumetricFog.GridPixelSize:8]]
[2019.12.10-00.32.23:141][  0]LogConfig: Setting CVar [[r.VolumetricFog.GridSizeZ:128]]
[2019.12.10-00.32.23:141][  0]LogConfig: Setting CVar [[r.VolumetricFog.HistoryMissSupersampleCount:4]]
[2019.12.10-00.32.23:141][  0]LogConfig: Setting CVar [[r.LightMaxDrawDistanceScale:1]]
[2019.12.10-00.32.23:141][  0]LogConfig: Setting CVar [[r.CapsuleShadows:1]]
[2019.12.10-00.32.23:141][  0]LogConfig: Applying CVar settings from Section [PostProcessQuality@3] File [D:/Git/GameAI/PathfindingLab/Saved/Config/Windows/Scalability.ini]
[2019.12.10-00.32.23:141][  0]LogConfig: Setting CVar [[r.MotionBlurQuality:4]]
[2019.12.10-00.32.23:141][  0]LogConfig: Setting CVar [[r.AmbientOcclusionMipLevelFactor:0.4]]
[2019.12.10-00.32.23:142][  0]LogConfig: Setting CVar [[r.AmbientOcclusionMaxQuality:100]]
[2019.12.10-00.32.23:142][  0]LogConfig: Setting CVar [[r.AmbientOcclusionLevels:-1]]
[2019.12.10-00.32.23:142][  0]LogConfig: Setting CVar [[r.AmbientOcclusionRadiusScale:1.0]]
[2019.12.10-00.32.23:142][  0]LogConfig: Setting CVar [[r.DepthOfFieldQuality:2]]
[2019.12.10-00.32.23:142][  0]LogConfig: Setting CVar [[r.RenderTargetPoolMin:400]]
[2019.12.10-00.32.23:142][  0]LogConfig: Setting CVar [[r.LensFlareQuality:2]]
[2019.12.10-00.32.23:142][  0]LogConfig: Setting CVar [[r.SceneColorFringeQuality:1]]
[2019.12.10-00.32.23:142][  0]LogConfig: Setting CVar [[r.EyeAdaptationQuality:2]]
[2019.12.10-00.32.23:142][  0]LogConfig: Setting CVar [[r.BloomQuality:5]]
[2019.12.10-00.32.23:142][  0]LogConfig: Setting CVar [[r.FastBlurThreshold:100]]
[2019.12.10-00.32.23:142][  0]LogConfig: Setting CVar [[r.Upscale.Quality:3]]
[2019.12.10-00.32.23:142][  0]LogConfig: Setting CVar [[r.Tonemapper.GrainQuantization:1]]
[2019.12.10-00.32.23:143][  0]LogConfig: Setting CVar [[r.LightShaftQuality:1]]
[2019.12.10-00.32.23:143][  0]LogConfig: Setting CVar [[r.Filter.SizeScale:1]]
[2019.12.10-00.32.23:143][  0]LogConfig: Setting CVar [[r.Tonemapper.Quality:5]]
[2019.12.10-00.32.23:143][  0]LogConfig: Setting CVar [[r.DOF.Gather.AccumulatorQuality:1        ; higher gathering accumulator quality]]
[2019.12.10-00.32.23:143][  0]LogConfig: Setting CVar [[r.DOF.Gather.PostfilterMethod:1          ; Median3x3 postfilering method]]
[2019.12.10-00.32.23:143][  0]LogConfig: Setting CVar [[r.DOF.Gather.EnableBokehSettings:0       ; no bokeh simulation when gathering]]
[2019.12.10-00.32.23:143][  0]LogConfig: Setting CVar [[r.DOF.Gather.RingCount:4                 ; medium number of samples when gathering]]
[2019.12.10-00.32.23:143][  0]LogConfig: Setting CVar [[r.DOF.Scatter.ForegroundCompositing:1    ; additive foreground scattering]]
[2019.12.10-00.32.23:143][  0]LogConfig: Setting CVar [[r.DOF.Scatter.BackgroundCompositing:2    ; additive background scattering]]
[2019.12.10-00.32.23:143][  0]LogConfig: Setting CVar [[r.DOF.Scatter.EnableBokehSettings:1      ; bokeh simulation when scattering]]
[2019.12.10-00.32.23:143][  0]LogConfig: Setting CVar [[r.DOF.Scatter.MaxSpriteRatio:0.1         ; only a maximum of 10% of scattered bokeh]]
[2019.12.10-00.32.23:143][  0]LogConfig: Setting CVar [[r.DOF.Recombine.Quality:1                ; cheap slight out of focus]]
[2019.12.10-00.32.23:143][  0]LogConfig: Setting CVar [[r.DOF.Recombine.EnableBokehSettings:0    ; no bokeh simulation on slight out of focus]]
[2019.12.10-00.32.23:144][  0]LogConfig: Setting CVar [[r.DOF.TemporalAAQuality:1                ; more stable temporal accumulation]]
[2019.12.10-00.32.23:144][  0]LogConfig: Setting CVar [[r.DOF.Kernel.MaxForegroundRadius:0.025]]
[2019.12.10-00.32.23:144][  0]LogConfig: Setting CVar [[r.DOF.Kernel.MaxBackgroundRadius:0.025]]
[2019.12.10-00.32.23:144][  0]LogConfig: Applying CVar settings from Section [TextureQuality@3] File [D:/Git/GameAI/PathfindingLab/Saved/Config/Windows/Scalability.ini]
[2019.12.10-00.32.23:144][  0]LogConfig: Setting CVar [[r.Streaming.MipBias:0]]
[2019.12.10-00.32.23:144][  0]LogConfig: Setting CVar [[r.Streaming.AmortizeCPUToGPUCopy:0]]
[2019.12.10-00.32.23:144][  0]LogConfig: Setting CVar [[r.Streaming.MaxNumTexturesToStreamPerFrame:0]]
[2019.12.10-00.32.23:144][  0]LogConfig: Setting CVar [[r.Streaming.Boost:1]]
[2019.12.10-00.32.23:144][  0]LogConfig: Setting CVar [[r.MaxAnisotropy:8]]
[2019.12.10-00.32.23:144][  0]LogConfig: Setting CVar [[r.Streaming.LimitPoolSizeToVRAM:0]]
[2019.12.10-00.32.23:144][  0]LogConfig: Setting CVar [[r.Streaming.PoolSize:1000]]
[2019.12.10-00.32.23:144][  0]LogConfig: Setting CVar [[r.Streaming.MaxEffectiveScreenSize:0]]
[2019.12.10-00.32.23:144][  0]LogConfig: Applying CVar settings from Section [EffectsQuality@3] File [D:/Git/GameAI/PathfindingLab/Saved/Config/Windows/Scalability.ini]
[2019.12.10-00.32.23:145][  0]LogConfig: Setting CVar [[r.TranslucencyLightingVolumeDim:64]]
[2019.12.10-00.32.23:145][  0]LogConfig: Setting CVar [[r.RefractionQuality:2]]
[2019.12.10-00.32.23:145][  0]LogConfig: Setting CVar [[r.SSR.Quality:3]]
[2019.12.10-00.32.23:145][  0]LogConfig: Setting CVar [[r.SceneColorFormat:4]]
[2019.12.10-00.32.23:145][  0]LogConfig: Setting CVar [[r.DetailMode:2]]
[2019.12.10-00.32.23:145][  0]LogConfig: Setting CVar [[r.TranslucencyVolumeBlur:1]]
[2019.12.10-00.32.23:145][  0]LogConfig: Setting CVar [[r.MaterialQualityLevel:1 ; High quality]]
[2019.12.10-00.32.23:145][  0]LogConfig: Setting CVar [[r.SSS.Scale:1]]
[2019.12.10-00.32.23:145][  0]LogConfig: Setting CVar [[r.SSS.SampleSet:2]]
[2019.12.10-00.32.23:145][  0]LogConfig: Setting CVar [[r.SSS.Quality:1]]
[2019.12.10-00.32.23:145][  0]LogConfig: Setting CVar [[r.SSS.HalfRes:1]]
[2019.12.10-00.32.23:145][  0]LogConfig: Setting CVar [[r.EmitterSpawnRateScale:1.0]]
[2019.12.10-00.32.23:145][  0]LogConfig: Setting CVar [[r.ParticleLightQuality:2]]
[2019.12.10-00.32.23:146][  0]LogConfig: Applying CVar settings from Section [FoliageQuality@3] File [D:/Git/GameAI/PathfindingLab/Saved/Config/Windows/Scalability.ini]
[2019.12.10-00.32.23:146][  0]LogConfig: Setting CVar [[foliage.DensityScale:1.0]]
[2019.12.10-00.32.23:146][  0]LogConfig: Setting CVar [[grass.DensityScale:1.0]]
[2019.12.10-00.32.23:146][  0]LogInit: Selected Device Profile: [Windows]
[2019.12.10-00.32.23:146][  0]LogInit: Applying CVar settings loaded from the selected device profile: [Windows]
[2019.12.10-00.32.23:160][  0]LogHAL: Display: Platform has ~ 16 GB [17039638528 / 17179869184 / 16], which maps to Larger [LargestMinGB=32, LargerMinGB=12, DefaultMinGB=8, SmallerMinGB=6, SmallestMinGB=0)
[2019.12.10-00.32.23:160][  0]LogConfig: Setting CVar [[r.Vulkan.UseRealUBs:0		; Required until we fix HLR fall-out]]
[2019.12.10-00.32.23:160][  0]LogInit: Going up to parent DeviceProfile []
[2019.12.10-00.32.23:160][  0]LogConfig: Applying CVar settings from Section [ViewDistanceQuality@3] File [D:/Git/GameAI/PathfindingLab/Saved/Config/Windows/Scalability.ini]
[2019.12.10-00.32.23:160][  0]LogConfig: Setting CVar [[r.SkeletalMeshLODBias:0]]
[2019.12.10-00.32.23:161][  0]LogConfig: Setting CVar [[r.ViewDistanceScale:1.0]]
[2019.12.10-00.32.23:161][  0]LogConfig: Applying CVar settings from Section [AntiAliasingQuality@3] File [D:/Git/GameAI/PathfindingLab/Saved/Config/Windows/Scalability.ini]
[2019.12.10-00.32.23:161][  0]LogConfig: Setting CVar [[r.PostProcessAAQuality:4]]
[2019.12.10-00.32.23:161][  0]LogConfig: Applying CVar settings from Section [ShadowQuality@3] File [D:/Git/GameAI/PathfindingLab/Saved/Config/Windows/Scalability.ini]
[2019.12.10-00.32.23:161][  0]LogConfig: Setting CVar [[r.LightFunctionQuality:1]]
[2019.12.10-00.32.23:161][  0]LogConfig: Setting CVar [[r.ShadowQuality:5]]
[2019.12.10-00.32.23:161][  0]LogConfig: Setting CVar [[r.Shadow.CSM.MaxCascades:10]]
[2019.12.10-00.32.23:161][  0]LogConfig: Setting CVar [[r.Shadow.MaxResolution:2048]]
[2019.12.10-00.32.23:161][  0]LogConfig: Setting CVar [[r.Shadow.MaxCSMResolution:2048]]
[2019.12.10-00.32.23:161][  0]LogConfig: Setting CVar [[r.Shadow.RadiusThreshold:0.01]]
[2019.12.10-00.32.23:161][  0]LogConfig: Setting CVar [[r.Shadow.DistanceScale:1.0]]
[2019.12.10-00.32.23:161][  0]LogConfig: Setting CVar [[r.Shadow.CSM.TransitionScale:1.0]]
[2019.12.10-00.32.23:161][  0]LogConfig: Setting CVar [[r.Shadow.PreShadowResolutionFactor:1.0]]
[2019.12.10-00.32.23:162][  0]LogConfig: Setting CVar [[r.DistanceFieldShadowing:1]]
[2019.12.10-00.32.23:162][  0]LogConfig: Setting CVar [[r.DistanceFieldAO:1]]
[2019.12.10-00.32.23:162][  0]LogConfig: Setting CVar [[r.AOQuality:2]]
[2019.12.10-00.32.23:162][  0]LogConfig: Setting CVar [[r.VolumetricFog:1]]
[2019.12.10-00.32.23:162][  0]LogConfig: Setting CVar [[r.VolumetricFog.GridPixelSize:8]]
[2019.12.10-00.32.23:162][  0]LogConfig: Setting CVar [[r.VolumetricFog.GridSizeZ:128]]
[2019.12.10-00.32.23:162][  0]LogConfig: Setting CVar [[r.VolumetricFog.HistoryMissSupersampleCount:4]]
[2019.12.10-00.32.23:162][  0]LogConfig: Setting CVar [[r.LightMaxDrawDistanceScale:1]]
[2019.12.10-00.32.23:162][  0]LogConfig: Setting CVar [[r.CapsuleShadows:1]]
[2019.12.10-00.32.23:162][  0]LogConfig: Applying CVar settings from Section [PostProcessQuality@3] File [D:/Git/GameAI/PathfindingLab/Saved/Config/Windows/Scalability.ini]
[2019.12.10-00.32.23:162][  0]LogConfig: Setting CVar [[r.MotionBlurQuality:4]]
[2019.12.10-00.32.23:162][  0]LogConfig: Setting CVar [[r.AmbientOcclusionMipLevelFactor:0.4]]
[2019.12.10-00.32.23:163][  0]LogConfig: Setting CVar [[r.AmbientOcclusionMaxQuality:100]]
[2019.12.10-00.32.23:163][  0]LogConfig: Setting CVar [[r.AmbientOcclusionLevels:-1]]
[2019.12.10-00.32.23:163][  0]LogConfig: Setting CVar [[r.AmbientOcclusionRadiusScale:1.0]]
[2019.12.10-00.32.23:163][  0]LogConfig: Setting CVar [[r.DepthOfFieldQuality:2]]
[2019.12.10-00.32.23:163][  0]LogConfig: Setting CVar [[r.RenderTargetPoolMin:400]]
[2019.12.10-00.32.23:163][  0]LogConfig: Setting CVar [[r.LensFlareQuality:2]]
[2019.12.10-00.32.23:163][  0]LogConfig: Setting CVar [[r.SceneColorFringeQuality:1]]
[2019.12.10-00.32.23:163][  0]LogConfig: Setting CVar [[r.EyeAdaptationQuality:2]]
[2019.12.10-00.32.23:163][  0]LogConfig: Setting CVar [[r.BloomQuality:5]]
[2019.12.10-00.32.23:163][  0]LogConfig: Setting CVar [[r.FastBlurThreshold:100]]
[2019.12.10-00.32.23:163][  0]LogConfig: Setting CVar [[r.Upscale.Quality:3]]
[2019.12.10-00.32.23:163][  0]LogConfig: Setting CVar [[r.Tonemapper.GrainQuantization:1]]
[2019.12.10-00.32.23:163][  0]LogConfig: Setting CVar [[r.LightShaftQuality:1]]
[2019.12.10-00.32.23:164][  0]LogConfig: Setting CVar [[r.Filter.SizeScale:1]]
[2019.12.10-00.32.23:164][  0]LogConfig: Setting CVar [[r.Tonemapper.Quality:5]]
[2019.12.10-00.32.23:164][  0]LogConfig: Setting CVar [[r.DOF.Gather.AccumulatorQuality:1        ; higher gathering accumulator quality]]
[2019.12.10-00.32.23:164][  0]LogConfig: Setting CVar [[r.DOF.Gather.PostfilterMethod:1          ; Median3x3 postfilering method]]
[2019.12.10-00.32.23:164][  0]LogConfig: Setting CVar [[r.DOF.Gather.EnableBokehSettings:0       ; no bokeh simulation when gathering]]
[2019.12.10-00.32.23:164][  0]LogConfig: Setting CVar [[r.DOF.Gather.RingCount:4                 ; medium number of samples when gathering]]
[2019.12.10-00.32.23:164][  0]LogConfig: Setting CVar [[r.DOF.Scatter.ForegroundCompositing:1    ; additive foreground scattering]]
[2019.12.10-00.32.23:164][  0]LogConfig: Setting CVar [[r.DOF.Scatter.BackgroundCompositing:2    ; additive background scattering]]
[2019.12.10-00.32.23:164][  0]LogConfig: Setting CVar [[r.DOF.Scatter.EnableBokehSettings:1      ; bokeh simulation when scattering]]
[2019.12.10-00.32.23:164][  0]LogConfig: Setting CVar [[r.DOF.Scatter.MaxSpriteRatio:0.1         ; only a maximum of 10% of scattered bokeh]]
[2019.12.10-00.32.23:164][  0]LogConfig: Setting CVar [[r.DOF.Recombine.Quality:1                ; cheap slight out of focus]]
[2019.12.10-00.32.23:165][  0]LogConfig: Setting CVar [[r.DOF.Recombine.EnableBokehSettings:0    ; no bokeh simulation on slight out of focus]]
[2019.12.10-00.32.23:165][  0]LogConfig: Setting CVar [[r.DOF.TemporalAAQuality:1                ; more stable temporal accumulation]]
[2019.12.10-00.32.23:165][  0]LogConfig: Setting CVar [[r.DOF.Kernel.MaxForegroundRadius:0.025]]
[2019.12.10-00.32.23:165][  0]LogConfig: Setting CVar [[r.DOF.Kernel.MaxBackgroundRadius:0.025]]
[2019.12.10-00.32.23:165][  0]LogConfig: Applying CVar settings from Section [TextureQuality@3] File [D:/Git/GameAI/PathfindingLab/Saved/Config/Windows/Scalability.ini]
[2019.12.10-00.32.23:165][  0]LogConfig: Setting CVar [[r.Streaming.MipBias:0]]
[2019.12.10-00.32.23:165][  0]LogConfig: Setting CVar [[r.Streaming.AmortizeCPUToGPUCopy:0]]
[2019.12.10-00.32.23:165][  0]LogConfig: Setting CVar [[r.Streaming.MaxNumTexturesToStreamPerFrame:0]]
[2019.12.10-00.32.23:165][  0]LogConfig: Setting CVar [[r.Streaming.Boost:1]]
[2019.12.10-00.32.23:165][  0]LogConfig: Setting CVar [[r.MaxAnisotropy:8]]
[2019.12.10-00.32.23:165][  0]LogConfig: Setting CVar [[r.Streaming.LimitPoolSizeToVRAM:0]]
[2019.12.10-00.32.23:165][  0]LogConfig: Setting CVar [[r.Streaming.PoolSize:1000]]
[2019.12.10-00.32.23:165][  0]LogConfig: Setting CVar [[r.Streaming.MaxEffectiveScreenSize:0]]
[2019.12.10-00.32.23:165][  0]LogConfig: Applying CVar settings from Section [EffectsQuality@3] File [D:/Git/GameAI/PathfindingLab/Saved/Config/Windows/Scalability.ini]
[2019.12.10-00.32.23:166][  0]LogConfig: Setting CVar [[r.TranslucencyLightingVolumeDim:64]]
[2019.12.10-00.32.23:166][  0]LogConfig: Setting CVar [[r.RefractionQuality:2]]
[2019.12.10-00.32.23:166][  0]LogConfig: Setting CVar [[r.SSR.Quality:3]]
[2019.12.10-00.32.23:166][  0]LogConfig: Setting CVar [[r.SceneColorFormat:4]]
[2019.12.10-00.32.23:166][  0]LogConfig: Setting CVar [[r.DetailMode:2]]
[2019.12.10-00.32.23:166][  0]LogConfig: Setting CVar [[r.TranslucencyVolumeBlur:1]]
[2019.12.10-00.32.23:166][  0]LogConfig: Setting CVar [[r.MaterialQualityLevel:1 ; High quality]]
[2019.12.10-00.32.23:166][  0]LogConfig: Setting CVar [[r.SSS.Scale:1]]
[2019.12.10-00.32.23:166][  0]LogConfig: Setting CVar [[r.SSS.SampleSet:2]]
[2019.12.10-00.32.23:166][  0]LogConfig: Setting CVar [[r.SSS.Quality:1]]
[2019.12.10-00.32.23:166][  0]LogConfig: Setting CVar [[r.SSS.HalfRes:1]]
[2019.12.10-00.32.23:166][  0]LogConfig: Setting CVar [[r.EmitterSpawnRateScale:1.0]]
[2019.12.10-00.32.23:166][  0]LogConfig: Setting CVar [[r.ParticleLightQuality:2]]
[2019.12.10-00.32.23:166][  0]LogConfig: Applying CVar settings from Section [FoliageQuality@3] File [D:/Git/GameAI/PathfindingLab/Saved/Config/Windows/Scalability.ini]
[2019.12.10-00.32.23:166][  0]LogConfig: Setting CVar [[foliage.DensityScale:1.0]]
[2019.12.10-00.32.23:166][  0]LogConfig: Setting CVar [[grass.DensityScale:1.0]]
[2019.12.10-00.32.23:167][  0]LogConfig: Applying CVar settings from Section [Startup] File [../../../Engine/Config/ConsoleVariables.ini]
[2019.12.10-00.32.23:167][  0]LogConfig: Setting CVar [[net.UseAdaptiveNetUpdateFrequency:0]]
[2019.12.10-00.32.23:167][  0]LogConfig: Setting CVar [[p.chaos.AllowCreatePhysxBodies:1]]
[2019.12.10-00.32.23:167][  0]LogConfig: Applying CVar settings from Section [ConsoleVariables] File [D:/Git/GameAI/PathfindingLab/Saved/Config/Windows/Engine.ini]
[2019.12.10-00.32.23:167][  0]LogInit: Computer: DESKTOP-7HH28IB
[2019.12.10-00.32.23:167][  0]LogInit: User: benco
[2019.12.10-00.32.23:167][  0]LogInit: CPU Page size=4096, Cores=4
[2019.12.10-00.32.23:167][  0]LogInit: High frequency timer resolution =10.000000 MHz
[2019.12.10-00.32.23:168][  0]LogMemory: Memory total: Physical=15.9GB (16GB approx)
[2019.12.10-00.32.23:168][  0]LogMemory: Platform Memory Stats for Windows
[2019.12.10-00.32.23:168][  0]LogMemory: Process Physical Memory: 96.68 MB used, 96.69 MB peak
[2019.12.10-00.32.23:168][  0]LogMemory: Process Virtual Memory: 89.04 MB used, 89.04 MB peak
[2019.12.10-00.32.23:168][  0]LogMemory: Physical Memory: 7603.65 MB used,  8646.62 MB free, 16250.27 MB total
[2019.12.10-00.32.23:168][  0]LogMemory: Virtual Memory: 4643.20 MB used,  134213088.00 MB free, 134217728.00 MB total
[2019.12.10-00.32.23:947][  0]LogInit: Using OS detected language (en-US).
[2019.12.10-00.32.23:949][  0]LogInit: Using OS detected locale (en-US).
[2019.12.10-00.32.23:959][  0]LogTextLocalizationManager: No specific localization for 'en-US' exists, so the 'en' localization will be used.
[2019.12.10-00.32.24:184][  0]LogInit: Setting process to per monitor DPI aware
[2019.12.10-00.32.24:322][  0]LogSlate: New Slate User Created.  User Index 0, Is Virtual User: 0
[2019.12.10-00.32.24:322][  0]LogSlate: Slate User Registered.  User Index 0, Is Virtual User: 0
[2019.12.10-00.32.24:628][  0]LogHMD: Failed to initialize OpenVR with code 110
[2019.12.10-00.32.24:629][  0]LogD3D11RHI: D3D11 adapters:
[2019.12.10-00.32.25:739][  0]LogD3D11RHI:    0. 'NVIDIA GeForce GTX 1050 Ti' (Feature Level 11_0)
[2019.12.10-00.32.25:739][  0]LogD3D11RHI:       4018/0/8125 MB DedicatedVideo/DedicatedSystem/SharedSystem, Outputs:1, VendorId:0x10de
[2019.12.10-00.32.25:981][  0]LogD3D11RHI:    1. 'Intel(R) HD Graphics 630' (Feature Level 11_0)
[2019.12.10-00.32.25:981][  0]LogD3D11RHI:       128/0/8125 MB DedicatedVideo/DedicatedSystem/SharedSystem, Outputs:0, VendorId:0x8086
[2019.12.10-00.32.25:992][  0]LogD3D11RHI:    2. 'Microsoft Basic Render Driver' (Feature Level 11_0)
[2019.12.10-00.32.25:992][  0]LogD3D11RHI:       0/0/8125 MB DedicatedVideo/DedicatedSystem/SharedSystem, Outputs:0, VendorId:0x1414
[2019.12.10-00.32.25:992][  0]LogD3D11RHI: Chosen D3D11 Adapter: 0
[2019.12.10-00.32.26:032][  0]LogD3D11RHI: Creating new Direct3DDevice
[2019.12.10-00.32.26:032][  0]LogD3D11RHI:     GPU DeviceId: 0x1c8c (for the marketing name, search the web for "GPU Device Id")
[2019.12.10-00.32.26:032][  0]LogWindows: EnumDisplayDevices:
[2019.12.10-00.32.26:033][  0]LogWindows:    0. 'Intel(R) HD Graphics 630' (P:1 D:1)
[2019.12.10-00.32.26:034][  0]LogWindows:    1. 'Intel(R) HD Graphics 630' (P:0 D:0)
[2019.12.10-00.32.26:034][  0]LogWindows:    2. 'Intel(R) HD Graphics 630' (P:0 D:0)
[2019.12.10-00.32.26:036][  0]LogWindows:    3. 'NVIDIA GeForce GTX 1050 Ti' (P:0 D:0)
[2019.12.10-00.32.26:036][  0]LogWindows: DebugString: PrimaryIsNotTheChoosenAdapter PrimaryIsNotTheChoosenAdapter PrimaryIsNotTheChoosenAdapter 
[2019.12.10-00.32.26:036][  0]LogD3D11RHI:     Adapter Name: NVIDIA GeForce GTX 1050 Ti
[2019.12.10-00.32.26:036][  0]LogD3D11RHI:   Driver Version: 436.30 (internal:26.21.14.3630, unified:436.30)
[2019.12.10-00.32.26:036][  0]LogD3D11RHI:      Driver Date: 9-5-2019
[2019.12.10-00.32.26:037][  0]LogRHI: Texture pool is 2812 MB (70% of 4018 MB)
[2019.12.10-00.32.26:100][  0]LogD3D11RHI: Async texture creation enabled
[2019.12.10-00.32.26:125][  0]LogRendererCore: FGlobalReadBuffer::InitRHI
[2019.12.10-00.32.26:125][  0]LogRendererCore: FGlobalReadBuffer::InitRHI
[2019.12.10-00.32.26:125][  0]LogRendererCore: FGlobalReadBuffer::InitRHI
[2019.12.10-00.32.26:135][  0]LogD3D11RHI: GPU Timing Frequency: 1000.000000 (Debug: 2 1)
[2019.12.10-00.32.27:207][  0]LogTemp: Display: Module 'AllDesktopTargetPlatform' loaded TargetPlatform 'AllDesktop'
[2019.12.10-00.32.27:245][  0]LogTemp: Display: Module 'MacClientTargetPlatform' loaded TargetPlatform 'MacClient'
[2019.12.10-00.32.27:281][  0]LogTemp: Display: Module 'MacNoEditorTargetPlatform' loaded TargetPlatform 'MacNoEditor'
[2019.12.10-00.32.27:318][  0]LogTemp: Display: Module 'MacServerTargetPlatform' loaded TargetPlatform 'MacServer'
[2019.12.10-00.32.27:356][  0]LogTemp: Display: Module 'MacTargetPlatform' loaded TargetPlatform 'Mac'
[2019.12.10-00.32.27:397][  0]LogTemp: Display: Module 'WindowsClientTargetPlatform' loaded TargetPlatform 'WindowsClient'
[2019.12.10-00.32.27:442][  0]LogTemp: Display: Module 'WindowsNoEditorTargetPlatform' loaded TargetPlatform 'WindowsNoEditor'
[2019.12.10-00.32.27:480][  0]LogTemp: Display: Module 'WindowsServerTargetPlatform' loaded TargetPlatform 'WindowsServer'
[2019.12.10-00.32.27:510][  0]LogTemp: Display: Module 'WindowsTargetPlatform' loaded TargetPlatform 'Windows'
[2019.12.10-00.32.27:618][  0]LogTemp: Display: Module 'AndroidTargetPlatform' loaded TargetPlatform 'Android'
[2019.12.10-00.32.27:618][  0]LogTemp: Display: Module 'AndroidTargetPlatform' loaded TargetPlatform 'Android_ASTC'
[2019.12.10-00.32.27:618][  0]LogTemp: Display: Module 'AndroidTargetPlatform' loaded TargetPlatform 'Android_ATC'
[2019.12.10-00.32.27:619][  0]LogTemp: Display: Module 'AndroidTargetPlatform' loaded TargetPlatform 'Android_DXT'
[2019.12.10-00.32.27:619][  0]LogTemp: Display: Module 'AndroidTargetPlatform' loaded TargetPlatform 'Android_ETC1'
[2019.12.10-00.32.27:619][  0]LogTemp: Display: Module 'AndroidTargetPlatform' loaded TargetPlatform 'Android_ETC1a'
[2019.12.10-00.32.27:619][  0]LogTemp: Display: Module 'AndroidTargetPlatform' loaded TargetPlatform 'Android_ETC2'
[2019.12.10-00.32.27:619][  0]LogTemp: Display: Module 'AndroidTargetPlatform' loaded TargetPlatform 'Android_PVRTC'
[2019.12.10-00.32.27:619][  0]LogTemp: Display: Module 'AndroidTargetPlatform' loaded TargetPlatform 'AndroidClient'
[2019.12.10-00.32.27:620][  0]LogTemp: Display: Module 'AndroidTargetPlatform' loaded TargetPlatform 'Android_ASTCClient'
[2019.12.10-00.32.27:620][  0]LogTemp: Display: Module 'AndroidTargetPlatform' loaded TargetPlatform 'Android_ATCClient'
[2019.12.10-00.32.27:620][  0]LogTemp: Display: Module 'AndroidTargetPlatform' loaded TargetPlatform 'Android_DXTClient'
[2019.12.10-00.32.27:620][  0]LogTemp: Display: Module 'AndroidTargetPlatform' loaded TargetPlatform 'Android_ETC1Client'
[2019.12.10-00.32.27:620][  0]LogTemp: Display: Module 'AndroidTargetPlatform' loaded TargetPlatform 'Android_ETC1aClient'
[2019.12.10-00.32.27:620][  0]LogTemp: Display: Module 'AndroidTargetPlatform' loaded TargetPlatform 'Android_ETC2Client'
[2019.12.10-00.32.27:621][  0]LogTemp: Display: Module 'AndroidTargetPlatform' loaded TargetPlatform 'Android_PVRTCClient'
[2019.12.10-00.32.27:621][  0]LogTemp: Display: Module 'AndroidTargetPlatform' loaded TargetPlatform 'Android_Multi'
[2019.12.10-00.32.27:621][  0]LogTemp: Display: Module 'AndroidTargetPlatform' loaded TargetPlatform 'Android_MultiClient'
[2019.12.10-00.32.27:645][  0]LogTemp: Display: Module 'HTML5TargetPlatform' loaded TargetPlatform 'HTML5'
[2019.12.10-00.32.27:775][  0]LogTemp: Display: Module 'IOSTargetPlatform' loaded TargetPlatform 'IOSClient'
[2019.12.10-00.32.27:775][  0]LogTemp: Display: Module 'IOSTargetPlatform' loaded TargetPlatform 'IOS'
[2019.12.10-00.32.27:824][  0]LogTemp: Display: Module 'TVOSTargetPlatform' loaded TargetPlatform 'TVOSClient'
[2019.12.10-00.32.27:824][  0]LogTemp: Display: Module 'TVOSTargetPlatform' loaded TargetPlatform 'TVOS'
[2019.12.10-00.32.27:858][  0]LogTemp: Display: Module 'LinuxClientTargetPlatform' loaded TargetPlatform 'LinuxClient'
[2019.12.10-00.32.27:892][  0]LogTemp: Display: Module 'LinuxNoEditorTargetPlatform' loaded TargetPlatform 'LinuxNoEditor'
[2019.12.10-00.32.27:925][  0]LogTemp: Display: Module 'LinuxServerTargetPlatform' loaded TargetPlatform 'LinuxServer'
[2019.12.10-00.32.27:959][  0]LogTemp: Display: Module 'LinuxTargetPlatform' loaded TargetPlatform 'Linux'
[2019.12.10-00.32.28:032][  0]LogTemp: Display: Module 'LuminTargetPlatform' loaded TargetPlatform 'Lumin'
[2019.12.10-00.32.28:032][  0]LogTemp: Display: Module 'LuminTargetPlatform' loaded TargetPlatform 'LuminClient'
[2019.12.10-00.32.28:033][  0]LogTargetPlatformManager: Display: Building Assets For Windows
[2019.12.10-00.32.28:292][  0]LogAudioDebug: Display: Lib vorbis DLL was dynamically loaded.
[2019.12.10-00.32.29:100][  0]LogShaderCompilers: Guid format shader working directory is 5 characters bigger than the processId version (../../../../../Git/GameAI/PathfindingLab/Intermediate/Shaders/WorkingDirectory/10900/).
[2019.12.10-00.32.29:101][  0]LogShaderCompilers: Cleaned the shader compiler working directory 'C:/Users/benco/AppData/Local/Temp/UnrealShaderWorkingDir/3639BA9247053A17971361B2132D9557/'.
[2019.12.10-00.32.29:106][  0]LogXGEController: Cleaning working directory: C:/Users/benco/AppData/Local/Temp/UnrealXGEWorkingDir/
[2019.12.10-00.32.29:107][  0]LogXGEController: Cannot use XGE Controller as Incredibuild is not installed on this machine.
[2019.12.10-00.32.29:108][  0]LogShaderCompilers: Cannot use XGE Shader Compiler as Incredibuild is not installed on this machine.
[2019.12.10-00.32.29:108][  0]LogShaderCompilers: Display: Using Local Shader Compiler.
[2019.12.10-00.32.29:754][  0]LogDerivedDataCache: Display: Max Cache Size: 512 MB
[2019.12.10-00.32.29:818][  0]LogDerivedDataCache: Loaded boot cache 0.06s 71MB C:/Users/benco/AppData/Local/UnrealEngine/4.22/DerivedDataCache/Boot.ddc.
[2019.12.10-00.32.29:819][  0]LogDerivedDataCache: Display: Loaded Boot cache: C:/Users/benco/AppData/Local/UnrealEngine/4.22/DerivedDataCache/Boot.ddc
[2019.12.10-00.32.29:819][  0]LogDerivedDataCache: FDerivedDataBackendGraph:  Pak pak cache file ../../../../../Git/GameAI/PathfindingLab/DerivedDataCache/DDC.ddp not found, will not use a pak cache.
[2019.12.10-00.32.29:819][  0]LogDerivedDataCache: Unable to find inner node Pak for hierarchical cache Hierarchy.
[2019.12.10-00.32.29:819][  0]LogDerivedDataCache: FDerivedDataBackendGraph:  CompressedPak pak cache file ../../../../../Git/GameAI/PathfindingLab/DerivedDataCache/Compressed.ddp not found, will not use a pak cache.
[2019.12.10-00.32.29:819][  0]LogDerivedDataCache: Unable to find inner node CompressedPak for hierarchical cache Hierarchy.
[2019.12.10-00.32.29:834][  0]LogDerivedDataCache: Display: Pak cache opened for reading ../../../Engine/DerivedDataCache/Compressed.ddp.
[2019.12.10-00.32.29:834][  0]LogDerivedDataCache: FDerivedDataBackendGraph:  EnterprisePak pak cache file ../../../Enterprise/DerivedDataCache/Compressed.ddp not found, will not use a pak cache.
[2019.12.10-00.32.29:834][  0]LogDerivedDataCache: Unable to find inner node EnterprisePak for hierarchical cache Hierarchy.
[2019.12.10-00.32.29:849][  0]LogDerivedDataCache: Using Local data cache path C:/Users/benco/AppData/Local/UnrealEngine/Common/DerivedDataCache: Writable
[2019.12.10-00.32.29:849][  0]LogDerivedDataCache: Shared data cache path not found in *engine.ini, will not use an Shared cache.
[2019.12.10-00.32.29:849][  0]LogDerivedDataCache: Unable to find inner node Shared for hierarchical cache Hierarchy.
[2019.12.10-00.32.29:876][  0]LogMaterial: Verifying Global Shaders for PCD3D_SM5
[2019.12.10-00.32.29:877][  0]LogSlate: Using FreeType 2.6.0
[2019.12.10-00.32.29:878][  0]LogSlate: SlateFontServices - WITH_FREETYPE: 1, WITH_HARFBUZZ: 1
[2019.12.10-00.32.30:010][  0]LogAssetRegistry: FAssetRegistry took 0.0356 seconds to start up
[2019.12.10-00.32.30:378][  0]LogInit: Selected Device Profile: [Windows]
[2019.12.10-00.32.31:191][  0]LogMeshReduction: Using QuadricMeshReduction for automatic static mesh reduction
[2019.12.10-00.32.31:192][  0]LogMeshReduction: Using SimplygonMeshReduction for automatic skeletal mesh reduction
[2019.12.10-00.32.31:192][  0]LogMeshReduction: Using ProxyLODMeshReduction for automatic mesh merging
[2019.12.10-00.32.31:192][  0]LogMeshReduction: No distributed automatic mesh merging module available
[2019.12.10-00.32.31:192][  0]LogMeshMerging: No distributed automatic mesh merging module available
[2019.12.10-00.32.31:214][  0]LogNetVersion: PathFinding 1.0.0, NetCL: 5660361, EngineNetVer: 10, GameNetVer: 0 (Checksum: 315523671)
[2019.12.10-00.32.31:659][  0]LogPackageLocalizationCache: Processed 10 localized package path(s) for 1 prioritized culture(s) in 0.048717 seconds
[2019.12.10-00.32.31:665][  0]LogUObjectArray: 42205 objects as part of root set at end of initial load.
[2019.12.10-00.32.31:665][  0]LogUObjectAllocator: 7325032 out of 0 bytes used by permanent object pool.
[2019.12.10-00.32.31:665][  0]LogUObjectArray: CloseDisregardForGC: 0/0 objects in disregard for GC pool
[2019.12.10-00.32.34:576][  0]LogTcpMessaging: Initializing TcpMessaging bridge
[2019.12.10-00.32.34:608][  0]LogUdpMessaging: Initializing bridge on interface 0.0.0.0:0 to multicast group 230.0.0.1:6666.
[2019.12.10-00.32.35:292][  0]SourceControl: Source control is disabled
[2019.12.10-00.32.35:292][  0]SourceControl: Source control is disabled
[2019.12.10-00.32.35:416][  0]SourceControl: Source control is disabled
[2019.12.10-00.32.35:456][  0]SourceControl: Source control is disabled
[2019.12.10-00.32.36:900][  0]LogAndroidPermission: UAndroidPermissionCallbackProxy::GetInstance
[2019.12.10-00.32.37:574][  0]LogOcInput: OculusInput pre-init called
[2019.12.10-00.32.38:887][  0]LogEngine: Initializing Engine...
[2019.12.10-00.32.38:889][  0]LogHMD: Failed to initialize OpenVR with code 110
[2019.12.10-00.32.38:890][  0]LogStats: UGameplayTagsManager::InitializeManager -  0.000 s
[2019.12.10-00.32.39:137][  0]LogInit: Initializing FReadOnlyCVARCache
[2019.12.10-00.32.39:220][  0]LogAIModule: Creating AISystem for world Untitled
[2019.12.10-00.32.39:306][  0]LogInit: XAudio2 using 'Speakers / Headphones (Realtek Audio)' : 2 channels at 48 kHz using 32 bits per sample (channel mask 0x3)
[2019.12.10-00.32.40:479][  0]LogInit: FAudioDevice initialized.
[2019.12.10-00.32.40:480][  0]LogNetVersion: Set ProjectVersion to 1.0.0.0. Version Checksum will be recalculated on next use.
[2019.12.10-00.32.40:569][  0]LogDerivedDataCache: Saved boot cache 0.09s 71MB C:/Users/benco/AppData/Local/UnrealEngine/4.22/DerivedDataCache/Boot.ddc.
[2019.12.10-00.32.40:580][  0]LogInit: Texture streaming: Enabled
[2019.12.10-00.32.40:697][  0]LogEngineSessionManager: EngineSessionManager initialized
[2019.12.10-00.32.40:697][  0]LogEngineSessionManager: EngineSessionManager sent abnormal shutdown report. Type=Debugger, SessionId={BA302B26-4650-91FC-F13C-20BCF6D66055}
[2019.12.10-00.32.40:779][  0]LogInit: Transaction tracking system initialized
[2019.12.10-00.32.40:989][  0]BlueprintLog: New page: Editor Load
[2019.12.10-00.32.41:871][  0]LocalizationService: Localization service is disabled
[2019.12.10-00.32.42:621][  0]LogFileCache: Scanning file cache for directory 'D:/Git/GameAI/PathfindingLab/Content/' took 0.01s
[2019.12.10-00.32.42:622][  0]LogCook: Display: Max memory allowance for cook 16384mb min free memory 0mb
[2019.12.10-00.32.42:622][  0]LogCook: Display: Mobile HDR setting 1
[2019.12.10-00.32.43:865][  0]SourceControl: Source control is disabled
[2019.12.10-00.32.43:866][  0]Cmd: MAP LOAD FILE="../../../../../Git/GameAI/PathfindingLab/Content/PathfindingMap.umap" TEMPLATE=0 SHOWPROGRESS=1 FEATURELEVEL=3
[2019.12.10-00.32.43:867][  0]LightingResults: New page: Lighting Build
[2019.12.10-00.32.43:873][  0]MapCheck: New page: Map Check
[2019.12.10-00.32.43:873][  0]LightingResults: New page: Lighting Build
[2019.12.10-00.32.43:898][  0]LogUObjectHash: Compacting FUObjectHashTables data took   1.92ms
[2019.12.10-00.32.44:145][  0]LogAIModule: Creating AISystem for world PathfindingMap
[2019.12.10-00.32.44:159][  0]LogEditorServer: Finished looking for orphan Actors (0.000 secs)
[2019.12.10-00.32.44:194][  0]LogUObjectHash: Compacting FUObjectHashTables data took   7.92ms
[2019.12.10-00.32.44:194][  0]Cmd: MAP CHECKDEP NOCLEARLOG
[2019.12.10-00.32.44:196][  0]MapCheck: Map check complete: 0 Error(s), 0 Warning(s), took 0.093ms to complete.
[2019.12.10-00.32.44:197][  0]LogFileHelpers: Loading map 'PathfindingMap' took 0.331
[2019.12.10-00.32.44:378][  0]LogSlate: Updating window title bar state: overlay mode, drag disabled, window buttons hidden, title bar hidden
[2019.12.10-00.32.44:387][  0]LogSlate: Updating window title bar state: overlay mode, drag disabled, window buttons hidden, title bar hidden
[2019.12.10-00.32.44:394][  0]LogSlate: Updating window title bar state: overlay mode, drag disabled, window buttons hidden, title bar hidden
[2019.12.10-00.32.44:402][  0]LogSlate: Updating window title bar state: overlay mode, drag disabled, window buttons hidden, title bar hidden
[2019.12.10-00.32.44:446][  0]LogCollectionManager: Loaded 0 collections in 0.005496 seconds
[2019.12.10-00.32.44:467][  0]LogFileCache: Scanning file cache for directory 'D:/Git/GameAI/PathfindingLab/Saved/Collections/' took 0.01s
[2019.12.10-00.32.44:467][  0]LogFileCache: Scanning file cache for directory 'D:/Git/GameAI/PathfindingLab/Content/Developers/benco/Collections/' took 0.00s
[2019.12.10-00.32.44:467][  0]LogFileCache: Scanning file cache for directory 'D:/Git/GameAI/PathfindingLab/Content/Collections/' took 0.00s
[2019.12.10-00.32.44:467][  0]LogCollectionManager: Rebuilt the GUID cache for 0 collections in 0.000001 seconds
[2019.12.10-00.32.44:478][  0]LogContentBrowser: Native class hierarchy populated in 0.0100 seconds. Added 2742 classes and 662 folders.
[2019.12.10-00.32.44:488][  0]LogContentBrowser: Native class hierarchy updated for 'WidgetCarousel' in 0.0005 seconds. Added 0 classes and 0 folders.
[2019.12.10-00.32.44:491][  0]LogPakFile: Registered encryption key '00000000000000000000000000000000': 0 pak files mounted, 0 remain pending
[2019.12.10-00.32.44:492][  0]LogPakFile: Registered encryption key '00000000000000000000000000000000': 0 pak files mounted, 0 remain pending
[2019.12.10-00.32.44:492][  0]LogPakFile: Registered encryption key '00000000000000000000000000000000': 0 pak files mounted, 0 remain pending
[2019.12.10-00.32.44:493][  0]LogPakFile: Registered encryption key '00000000000000000000000000000000': 0 pak files mounted, 0 remain pending
[2019.12.10-00.32.44:493][  0]LogPakFile: Registered encryption key '00000000000000000000000000000000': 0 pak files mounted, 0 remain pending
[2019.12.10-00.32.44:494][  0]LogPakFile: Registered encryption key '00000000000000000000000000000000': 0 pak files mounted, 0 remain pending
[2019.12.10-00.32.44:495][  0]LogPakFile: Registered encryption key '00000000000000000000000000000000': 0 pak files mounted, 0 remain pending
[2019.12.10-00.32.44:495][  0]LogPakFile: Registered encryption key '00000000000000000000000000000000': 0 pak files mounted, 0 remain pending
[2019.12.10-00.32.44:496][  0]LogPakFile: Registered encryption key '00000000000000000000000000000000': 0 pak files mounted, 0 remain pending
[2019.12.10-00.32.44:496][  0]LogPakFile: Registered encryption key '00000000000000000000000000000000': 0 pak files mounted, 0 remain pending
[2019.12.10-00.32.44:497][  0]LogPakFile: Registered encryption key '00000000000000000000000000000000': 0 pak files mounted, 0 remain pending
[2019.12.10-00.32.44:498][  0]LogPakFile: Registered encryption key '00000000000000000000000000000000': 0 pak files mounted, 0 remain pending
[2019.12.10-00.32.44:498][  0]LogPakFile: Registered encryption key '00000000000000000000000000000000': 0 pak files mounted, 0 remain pending
[2019.12.10-00.32.44:499][  0]LogPakFile: Registered encryption key '00000000000000000000000000000000': 0 pak files mounted, 0 remain pending
[2019.12.10-00.32.44:500][  0]LogPakFile: Registered encryption key '00000000000000000000000000000000': 0 pak files mounted, 0 remain pending
[2019.12.10-00.32.44:500][  0]LogPakFile: Registered encryption key '00000000000000000000000000000000': 0 pak files mounted, 0 remain pending
[2019.12.10-00.32.44:501][  0]LogPakFile: Registered encryption key '00000000000000000000000000000000': 0 pak files mounted, 0 remain pending
[2019.12.10-00.32.44:502][  0]LogPakFile: Registered encryption key '00000000000000000000000000000000': 0 pak files mounted, 0 remain pending
[2019.12.10-00.32.44:502][  0]LogPakFile: Registered encryption key '00000000000000000000000000000000': 0 pak files mounted, 0 remain pending
[2019.12.10-00.32.44:503][  0]LogPakFile: Registered encryption key '00000000000000000000000000000000': 0 pak files mounted, 0 remain pending
[2019.12.10-00.32.44:504][  0]LogPakFile: Registered encryption key '00000000000000000000000000000000': 0 pak files mounted, 0 remain pending
[2019.12.10-00.32.44:504][  0]LogPakFile: Registered encryption key '00000000000000000000000000000000': 0 pak files mounted, 0 remain pending
[2019.12.10-00.32.44:505][  0]LogPakFile: Registered encryption key '00000000000000000000000000000000': 0 pak files mounted, 0 remain pending
[2019.12.10-00.32.44:505][  0]LogPakFile: Registered encryption key '00000000000000000000000000000000': 0 pak files mounted, 0 remain pending
[2019.12.10-00.32.44:506][  0]LogPakFile: Registered encryption key '00000000000000000000000000000000': 0 pak files mounted, 0 remain pending
[2019.12.10-00.32.44:507][  0]LogPakFile: Registered encryption key '00000000000000000000000000000000': 0 pak files mounted, 0 remain pending
[2019.12.10-00.32.44:595][  0]LogContentBrowser: Native class hierarchy updated for 'AddContentDialog' in 0.0005 seconds. Added 0 classes and 0 folders.
[2019.12.10-00.32.44:635][  0]LogContentBrowser: Native class hierarchy updated for 'SceneOutliner' in 0.0010 seconds. Added 1 classes and 2 folders.
[2019.12.10-00.32.44:654][  0]LogSlate: Took 0.000298 seconds to synchronously load lazily loaded font '../../../Engine/Content/Slate/Fonts/Roboto-Regular.ttf' (155K)
[2019.12.10-00.32.44:660][  0]LogSlate: Took 0.000223 seconds to synchronously load lazily loaded font '../../../Engine/Content/Slate/Fonts/Roboto-Bold.ttf' (160K)
[2019.12.10-00.32.44:665][  0]LogSlate: Took 0.000200 seconds to synchronously load lazily loaded font '../../../Engine/Content/Editor/Slate/Fonts/FontAwesome.ttf' (139K)
[2019.12.10-00.32.44:745][  0]LogRenderer: Reallocating scene render targets to support 1196x612 Format 10 NumSamples 1 (Frame:1).
[2019.12.10-00.32.44:804][  0]LogSlate: Took 0.000294 seconds to synchronously load lazily loaded font '../../../Engine/Content/Slate/Fonts/Roboto-Light.ttf' (167K)
[2019.12.10-00.32.45:005][  0]LogContentBrowser: Native class hierarchy updated for 'HierarchicalLODOutliner' in 0.0009 seconds. Added 0 classes and 0 folders.
[2019.12.10-00.32.45:006][  0]LogLoad: (Engine Initialization) Total time: 27.07 seconds
[2019.12.10-00.32.45:006][  0]LogLoad: (Engine Initialization) Total Blueprint compile time: 0.00 seconds
[2019.12.10-00.32.45:056][  0]LogAssetRegistry: Asset discovery search completed in 15.0704 seconds
[2019.12.10-00.32.45:059][  0]LogCollectionManager: Rebuilt the object cache for 0 collections in 0.000000 seconds (found 0 objects)
[2019.12.10-00.32.45:059][  0]LogCollectionManager: Fixed up redirectors for 0 collections in 0.000184 seconds (updated 0 objects)
[2019.12.10-00.32.45:060][  0]LogContentStreaming: Texture pool size now 1000 MB
[2019.12.10-00.34.41:314][961]LogSlate: FSceneViewport::OnFocusLost() reason 0
[2019.12.10-00.34.43:497][ 90]LogSlate: Took 0.000247 seconds to synchronously load lazily loaded font '../../../Engine/Content/Slate/Fonts/Roboto-Light.ttf' (167K)
[2019.12.10-00.34.43:506][ 90]LogAssetEditorManager: Opening Asset editor for Blueprint /Game/Misc/Bullet.Bullet
[2019.12.10-00.34.43:835][ 90]LogContentBrowser: Native class hierarchy updated for 'BlueprintGraph' in 0.0010 seconds. Added 121 classes and 0 folders.
[2019.12.10-00.34.44:684][ 90]LogSlate: Took 0.000209 seconds to synchronously load lazily loaded font '../../../Engine/Content/Slate/Fonts/Roboto-BoldCondensed.ttf' (158K)
[2019.12.10-00.34.44:823][ 91]LogSlate: Took 0.000317 seconds to synchronously load lazily loaded font '../../../Engine/Content/Slate/Fonts/Roboto-Italic.ttf' (157K)
[2019.12.10-00.35.29:943][603]LogAssetEditorManager: Opening Asset editor for Blueprint /Game/SteeringActor/CTFAIActor.CTFAIActor
[2019.12.10-00.37.07:939][209]BlueprintLog: New page: Compile CTFAIActor
[2019.12.10-00.37.08:167][209]LogUObjectHash: Compacting FUObjectHashTables data took   5.48ms
[2019.12.10-00.37.10:211][294]LogTemp: Repeating last play command: Selected Viewport
[2019.12.10-00.37.10:238][294]LogBlueprintUserMessages: Early PlayInEditor Detection: Level '/Game/PathfindingMap.PathfindingMap:PersistentLevel' has LevelScriptBlueprint '/Game/PathfindingMap.PathfindingMap:PersistentLevel.PathfindingMap' with GeneratedClass '/Game/PathfindingMap.PathfindingMap_C' with ClassGeneratedBy '/Game/PathfindingMap.PathfindingMap:PersistentLevel.PathfindingMap'
[2019.12.10-00.37.10:238][294]LogPlayLevel: PlayLevel: No blueprints needed recompiling
[2019.12.10-00.37.10:239][294]PIE: New page: PIE session: PathfindingMap (Dec 9, 2019, 2:37:10 PM)
[2019.12.10-00.37.10:256][294]LogPlayLevel: Creating play world package: /Game/UEDPIE_0_PathfindingMap
[2019.12.10-00.37.10:267][294]LogPlayLevel: PIE: StaticDuplicateObject took: (0.010376s)
[2019.12.10-00.37.10:267][294]LogAIModule: Creating AISystem for world PathfindingMap
[2019.12.10-00.37.10:268][294]LogPlayLevel: PIE: World Init took: (0.001168s)
[2019.12.10-00.37.10:268][294]LogPlayLevel: PIE: Created PIE world by copying editor world from /Game/PathfindingMap.PathfindingMap to /Game/UEDPIE_0_PathfindingMap.PathfindingMap (0.012228s)
[2019.12.10-00.37.10:302][294]LogUObjectHash: Compacting FUObjectHashTables data took   3.44ms
[2019.12.10-00.37.10:342][294]LogInit: XAudio2 using 'Speakers / Headphones (Realtek Audio)' : 2 channels at 48 kHz using 32 bits per sample (channel mask 0x3)
[2019.12.10-00.37.10:447][294]LogInit: FAudioDevice initialized.
[2019.12.10-00.37.10:500][294]LogLoad: Game class is 'PathFindingGameMode_C'
[2019.12.10-00.37.10:502][294]LogWorld: Bringing World /Game/UEDPIE_0_PathfindingMap.PathfindingMap up for play (max tick rate 60) at 2019.12.09-19.37.10
[2019.12.10-00.37.10:503][294]LogWorld: Bringing up level for play took: 0.001570
[2019.12.10-00.37.10:527][294]LogBlueprintActionDatabase: Requesting refresh due to module change: Voice (loaded)
[2019.12.10-00.37.10:535][294]LogBlueprintActionDatabase: Requesting refresh due to module change: MovieSceneCapture (loaded)
[2019.12.10-00.37.10:536][294]LogContentBrowser: Native class hierarchy updated for 'MovieSceneCapture' in 0.0010 seconds. Added 20 classes and 0 folders.
[2019.12.10-00.37.10:549][294]PIE: Play in editor start time for /Game/UEDPIE_0_PathfindingMap 0.51
[2019.12.10-00.37.10:550][294]LogBlueprintUserMessages: Late PlayInEditor Detection: Level '/Game/PathfindingMap.PathfindingMap:PersistentLevel' has LevelScriptBlueprint '/Game/PathfindingMap.PathfindingMap:PersistentLevel.PathfindingMap' with GeneratedClass '/Game/PathfindingMap.PathfindingMap_C' with ClassGeneratedBy '/Game/PathfindingMap.PathfindingMap:PersistentLevel.PathfindingMap'
[2019.12.10-00.37.10:551][294]LogBlueprintUserMessages: [Flag_5] NotCaptured
[2019.12.10-00.37.10:931][295]LogBlueprintUserMessages: [Flag_5] NotCaptured
[2019.12.10-00.37.10:947][296]LogBlueprintUserMessages: [Flag_5] NotCaptured
[2019.12.10-00.37.10:970][297]LogBlueprintUserMessages: [Flag_5] NotCaptured
[2019.12.10-00.37.10:988][298]LogBlueprintUserMessages: [Flag_5] NotCaptured
[2019.12.10-00.37.11:006][299]LogBlueprintUserMessages: [Flag_5] NotCaptured
[2019.12.10-00.37.11:023][300]LogBlueprintUserMessages: [Flag_5] NotCaptured
[2019.12.10-00.37.11:040][301]LogBlueprintUserMessages: [Flag_5] NotCaptured
[2019.12.10-00.37.11:056][302]LogBlueprintUserMessages: [Flag_5] NotCaptured
[2019.12.10-00.37.11:073][303]LogBlueprintUserMessages: [Flag_5] NotCaptured
[2019.12.10-00.37.11:090][304]LogBlueprintUserMessages: [Flag_5] NotCaptured
[2019.12.10-00.37.11:107][305]LogBlueprintUserMessages: [Flag_5] NotCaptured
[2019.12.10-00.37.11:124][306]LogBlueprintUserMessages: [Flag_5] NotCaptured
[2019.12.10-00.37.11:141][307]LogBlueprintUserMessages: [Flag_5] NotCaptured
[2019.12.10-00.37.11:157][308]LogBlueprintUserMessages: [Flag_5] NotCaptured
[2019.12.10-00.37.11:176][309]LogBlueprintUserMessages: [Flag_5] NotCaptured
[2019.12.10-00.37.11:192][310]LogBlueprintUserMessages: [Flag_5] NotCaptured
[2019.12.10-00.37.11:210][311]LogBlueprintUserMessages: [Flag_5] NotCaptured
[2019.12.10-00.37.11:225][312]LogBlueprintUserMessages: [Flag_5] NotCaptured
[2019.12.10-00.37.11:242][313]LogBlueprintUserMessages: [Flag_5] NotCaptured
[2019.12.10-00.37.11:259][314]LogBlueprintUserMessages: [Flag_5] NotCaptured
[2019.12.10-00.37.11:275][315]LogBlueprintUserMessages: [Flag_5] NotCaptured
[2019.12.10-00.37.11:292][316]LogBlueprintUserMessages: [Flag_5] NotCaptured
[2019.12.10-00.37.11:309][317]LogBlueprintUserMessages: [Flag_5] NotCaptured
[2019.12.10-00.37.11:325][318]LogBlueprintUserMessages: [Flag_5] NotCaptured
[2019.12.10-00.37.11:342][319]LogBlueprintUserMessages: [Flag_5] NotCaptured
[2019.12.10-00.37.11:361][320]LogBlueprintUserMessages: [Flag_5] NotCaptured
[2019.12.10-00.37.11:379][321]LogBlueprintUserMessages: [Flag_5] NotCaptured
[2019.12.10-00.37.11:396][322]LogBlueprintUserMessages: [Flag_5] NotCaptured
[2019.12.10-00.37.11:413][323]LogBlueprintUserMessages: [Flag_5] NotCaptured
[2019.12.10-00.37.11:430][324]LogBlueprintUserMessages: [Flag_5] NotCaptured
[2019.12.10-00.37.11:446][325]LogBlueprintUserMessages: [Flag_5] NotCaptured
[2019.12.10-00.37.11:463][326]LogBlueprintUserMessages: [Flag_5] NotCaptured
[2019.12.10-00.37.11:480][327]LogBlueprintUserMessages: [Flag_5] NotCaptured
[2019.12.10-00.37.11:497][328]LogBlueprintUserMessages: [Flag_5] NotCaptured
[2019.12.10-00.37.11:514][329]LogBlueprintUserMessages: [Flag_5] NotCaptured
[2019.12.10-00.37.11:532][330]LogBlueprintUserMessages: [Flag_5] NotCaptured
[2019.12.10-00.37.11:553][331]LogBlueprintUserMessages: [Flag_5] NotCaptured
[2019.12.10-00.37.11:570][332]LogBlueprintUserMessages: [Flag_5] NotCaptured
[2019.12.10-00.37.11:587][333]LogBlueprintUserMessages: [Flag_5] NotCaptured
[2019.12.10-00.37.11:603][334]LogBlueprintUserMessages: [Flag_5] NotCaptured
[2019.12.10-00.37.11:620][335]LogBlueprintUserMessages: [Flag_5] NotCaptured
[2019.12.10-00.37.11:637][336]LogBlueprintUserMessages: [Flag_5] NotCaptured
[2019.12.10-00.37.11:654][337]LogBlueprintUserMessages: [Flag_5] NotCaptured
[2019.12.10-00.37.11:670][338]LogBlueprintUserMessages: [Flag_5] NotCaptured
[2019.12.10-00.37.11:686][339]LogBlueprintUserMessages: [Flag_5] NotCaptured
[2019.12.10-00.37.11:703][340]LogBlueprintUserMessages: [Flag_5] NotCaptured
[2019.12.10-00.37.11:719][341]LogBlueprintUserMessages: [Flag_5] NotCaptured
[2019.12.10-00.37.11:736][342]LogBlueprintUserMessages: [Flag_5] NotCaptured
[2019.12.10-00.37.11:754][343]LogBlueprintUserMessages: [Flag_5] NotCaptured
[2019.12.10-00.37.11:771][344]LogBlueprintUserMessages: [Flag_5] NotCaptured
[2019.12.10-00.37.11:788][345]LogBlueprintUserMessages: [Flag_5] NotCaptured
[2019.12.10-00.37.11:807][346]LogBlueprintUserMessages: [Flag_5] NotCaptured
[2019.12.10-00.37.11:828][347]LogBlueprintUserMessages: [Flag_5] NotCaptured
[2019.12.10-00.37.11:853][348]LogBlueprintUserMessages: [Flag_5] NotCaptured
[2019.12.10-00.37.11:875][349]LogBlueprintUserMessages: [Flag_5] NotCaptured
[2019.12.10-00.37.11:897][350]LogBlueprintUserMessages: [Flag_5] NotCaptured
[2019.12.10-00.37.11:925][351]LogBlueprintUserMessages: [Flag_5] NotCaptured
[2019.12.10-00.37.11:947][352]LogBlueprintUserMessages: [Flag_5] NotCaptured
[2019.12.10-00.37.11:969][353]LogBlueprintUserMessages: [Flag_5] NotCaptured
[2019.12.10-00.37.11:985][354]LogBlueprintUserMessages: [Flag_5] NotCaptured
[2019.12.10-00.37.12:003][355]LogBlueprintUserMessages: [Flag_5] NotCaptured
[2019.12.10-00.37.12:019][356]LogBlueprintUserMessages: [Flag_5] NotCaptured
[2019.12.10-00.37.12:037][357]LogBlueprintUserMessages: [Flag_5] NotCaptured
[2019.12.10-00.37.12:054][358]LogBlueprintUserMessages: [Flag_5] NotCaptured
[2019.12.10-00.37.12:073][359]LogBlueprintUserMessages: [Flag_5] NotCaptured
[2019.12.10-00.37.12:090][360]LogBlueprintUserMessages: [Flag_5] NotCaptured
[2019.12.10-00.37.12:106][361]LogBlueprintUserMessages: [Flag_5] NotCaptured
[2019.12.10-00.37.12:122][362]LogBlueprintUserMessages: [Flag_5] NotCaptured
[2019.12.10-00.37.12:139][363]LogBlueprintUserMessages: [Flag_5] NotCaptured
[2019.12.10-00.37.12:159][364]LogBlueprintUserMessages: [Flag_5] NotCaptured
[2019.12.10-00.37.12:179][365]LogBlueprintUserMessages: [Flag_5] NotCaptured
[2019.12.10-00.37.12:201][366]LogBlueprintUserMessages: [Flag_5] NotCaptured
[2019.12.10-00.37.12:222][367]LogBlueprintUserMessages: [Flag_5] NotCaptured
[2019.12.10-00.37.12:241][368]LogBlueprintUserMessages: [Flag_5] NotCaptured
[2019.12.10-00.37.12:257][369]LogBlueprintUserMessages: [Flag_5] NotCaptured
[2019.12.10-00.37.12:275][370]LogBlueprintUserMessages: [Flag_5] NotCaptured
[2019.12.10-00.37.12:291][371]LogBlueprintUserMessages: [Flag_5] NotCaptured
[2019.12.10-00.37.12:308][372]LogBlueprintUserMessages: [Flag_5] NotCaptured
[2019.12.10-00.37.12:325][373]LogBlueprintUserMessages: [Flag_5] NotCaptured
[2019.12.10-00.37.12:340][374]LogBlueprintUserMessages: [Flag_5] NotCaptured
[2019.12.10-00.37.12:358][375]LogBlueprintUserMessages: [Flag_5] NotCaptured
[2019.12.10-00.37.12:374][376]LogBlueprintUserMessages: [Flag_5] NotCaptured
[2019.12.10-00.37.12:392][377]LogBlueprintUserMessages: [Flag_5] NotCaptured
[2019.12.10-00.37.12:408][378]LogBlueprintUserMessages: [Flag_5] NotCaptured
[2019.12.10-00.37.12:424][379]LogBlueprintUserMessages: [Flag_5] NotCaptured
[2019.12.10-00.37.12:441][380]LogBlueprintUserMessages: [Flag_5] NotCaptured
[2019.12.10-00.37.12:458][381]LogBlueprintUserMessages: [Flag_5] NotCaptured
[2019.12.10-00.37.12:475][382]LogBlueprintUserMessages: [Flag_5] NotCaptured
[2019.12.10-00.37.12:491][383]LogBlueprintUserMessages: [Flag_5] NotCaptured
[2019.12.10-00.37.12:508][384]LogBlueprintUserMessages: [Flag_5] NotCaptured
[2019.12.10-00.37.12:525][385]LogBlueprintUserMessages: [Flag_5] NotCaptured
[2019.12.10-00.37.12:542][386]LogBlueprintUserMessages: [Flag_5] NotCaptured
[2019.12.10-00.37.12:558][387]LogBlueprintUserMessages: [Flag_5] NotCaptured
[2019.12.10-00.37.12:577][388]LogBlueprintUserMessages: [Flag_5] NotCaptured
[2019.12.10-00.37.12:593][389]LogBlueprintUserMessages: [Flag_5] NotCaptured
[2019.12.10-00.37.12:610][390]LogBlueprintUserMessages: [Flag_5] NotCaptured
[2019.12.10-00.37.12:627][391]LogBlueprintUserMessages: [Flag_5] NotCaptured
[2019.12.10-00.37.12:644][392]LogBlueprintUserMessages: [Flag_5] NotCaptured
[2019.12.10-00.37.12:660][393]LogBlueprintUserMessages: [Flag_5] NotCaptured
[2019.12.10-00.37.12:677][394]LogBlueprintUserMessages: [Flag_5] NotCaptured
[2019.12.10-00.37.12:694][395]LogBlueprintUserMessages: [Flag_5] NotCaptured
[2019.12.10-00.37.12:709][396]LogBlueprintUserMessages: [Flag_5] NotCaptured
[2019.12.10-00.37.12:726][397]LogBlueprintUserMessages: [Flag_5] NotCaptured
[2019.12.10-00.37.12:743][398]LogBlueprintUserMessages: [Flag_5] NotCaptured
[2019.12.10-00.37.12:759][399]LogBlueprintUserMessages: [Flag_5] NotCaptured
[2019.12.10-00.37.12:779][400]LogBlueprintUserMessages: [Flag_5] NotCaptured
[2019.12.10-00.37.12:797][401]LogBlueprintUserMessages: [Flag_5] NotCaptured
[2019.12.10-00.37.12:820][402]LogBlueprintUserMessages: [Flag_5] NotCaptured
[2019.12.10-00.37.12:836][403]LogBlueprintUserMessages: [Flag_5] NotCaptured
[2019.12.10-00.37.12:853][404]LogBlueprintUserMessages: [Flag_5] NotCaptured
[2019.12.10-00.37.12:870][405]LogBlueprintUserMessages: [Flag_5] NotCaptured
[2019.12.10-00.37.12:886][406]LogBlueprintUserMessages: [Flag_5] NotCaptured
[2019.12.10-00.37.12:903][407]LogBlueprintUserMessages: [Flag_5] NotCaptured
[2019.12.10-00.37.12:920][408]LogBlueprintUserMessages: [Flag_5] NotCaptured
[2019.12.10-00.37.12:936][409]LogBlueprintUserMessages: [Flag_5] NotCaptured
[2019.12.10-00.37.12:953][410]LogBlueprintUserMessages: [Flag_5] NotCaptured
[2019.12.10-00.37.12:970][411]LogBlueprintUserMessages: [Flag_5] NotCaptured
[2019.12.10-00.37.12:989][412]LogBlueprintUserMessages: [Flag_5] NotCaptured
[2019.12.10-00.37.13:006][413]LogBlueprintUserMessages: [Flag_5] NotCaptured
[2019.12.10-00.37.13:023][414]LogBlueprintUserMessages: [Flag_5] NotCaptured
[2019.12.10-00.37.13:040][415]LogBlueprintUserMessages: [Flag_5] NotCaptured
[2019.12.10-00.37.13:056][416]LogBlueprintUserMessages: [Flag_5] NotCaptured
[2019.12.10-00.37.13:073][417]LogBlueprintUserMessages: [Flag_5] NotCaptured
[2019.12.10-00.37.13:089][418]LogBlueprintUserMessages: [Flag_5] NotCaptured
[2019.12.10-00.37.13:107][419]LogBlueprintUserMessages: [Flag_5] NotCaptured
[2019.12.10-00.37.13:125][420]LogBlueprintUserMessages: [Flag_5] NotCaptured
[2019.12.10-00.37.13:146][421]LogBlueprintUserMessages: [Flag_5] NotCaptured
[2019.12.10-00.37.13:170][422]LogBlueprintUserMessages: [Flag_5] NotCaptured
[2019.12.10-00.37.13:193][423]LogBlueprintUserMessages: [Flag_5] NotCaptured
[2019.12.10-00.37.13:213][424]LogBlueprintUserMessages: [Flag_5] NotCaptured
[2019.12.10-00.37.13:239][425]LogBlueprintUserMessages: [Flag_5] NotCaptured
[2019.12.10-00.37.13:257][426]LogBlueprintUserMessages: [Flag_5] NotCaptured
[2019.12.10-00.37.13:274][427]LogBlueprintUserMessages: [Flag_5] NotCaptured
[2019.12.10-00.37.13:290][428]LogBlueprintUserMessages: [Flag_5] NotCaptured
[2019.12.10-00.37.13:291][428]LogBlueprintUserMessages: Early EndPlayMap Detection: Level '/Game/PathfindingMap.PathfindingMap:PersistentLevel' has LevelScriptBlueprint '/Game/PathfindingMap.PathfindingMap:PersistentLevel.PathfindingMap' with GeneratedClass '/Game/PathfindingMap.PathfindingMap_C' with ClassGeneratedBy '/Game/PathfindingMap.PathfindingMap:PersistentLevel.PathfindingMap'
[2019.12.10-00.37.13:292][428]LogSlate: Updating window title bar state: overlay mode, drag disabled, window buttons hidden, title bar hidden
[2019.12.10-00.37.13:335][428]LogPlayLevel: Display: Shutting down PIE online subsystems
[2019.12.10-00.37.13:336][428]LogBlueprintUserMessages: Late EndPlayMap Detection: Level '/Game/PathfindingMap.PathfindingMap:PersistentLevel' has LevelScriptBlueprint '/Game/PathfindingMap.PathfindingMap:PersistentLevel.PathfindingMap' with GeneratedClass '/Game/PathfindingMap.PathfindingMap_C' with ClassGeneratedBy '/Game/PathfindingMap.PathfindingMap:PersistentLevel.PathfindingMap'
[2019.12.10-00.37.13:381][428]LogSlate: Updating window title bar state: overlay mode, drag disabled, window buttons hidden, title bar hidden
[2019.12.10-00.37.13:406][428]LogUObjectHash: Compacting FUObjectHashTables data took   4.96ms
[2019.12.10-00.37.13:466][429]LogPlayLevel: Display: Destroying online subsystem :Context_9
[2019.12.10-00.37.15:892][534]LogSlate: FSceneViewport::OnFocusLost() reason 0
[2019.12.10-00.43.18:588][905]LogUObjectHash: Compacting FUObjectHashTables data took   5.70ms
[2019.12.10-00.43.18:589][905]Cmd: OBJ SAVEPACKAGE PACKAGE="/Game/PathfindingMap" FILE="../../../../../Git/GameAI/PathfindingLab/Saved/Autosaves/Game/PathfindingMap_Auto1.umap" SILENT=true AUTOSAVING=true KEEPDIRTY=false
[2019.12.10-00.43.18:925][905]LogSavePackage: Moving '../../../../../Git/GameAI/PathfindingLab/Saved/PathfindingMap_Auto16777E1324652651DA2FECE81D9114891.tmp' to '../../../../../Git/GameAI/PathfindingLab/Saved/Autosaves/Game/PathfindingMap_Auto1.umap'
[2019.12.10-00.43.18:928][905]LogFileHelpers: Editor autosave (incl. sublevels) for '/Game/PathfindingMap' took 0.388
[2019.12.10-00.43.18:928][905]LogFileHelpers: Editor autosave (incl. sublevels) for all levels took 0.388
[2019.12.10-00.43.18:931][905]OBJ SavePackage: Generating thumbnails for [1] asset(s) in package [/Game/SteeringActor/CTFAIActor] ([1] browsable assets)...
[2019.12.10-00.43.18:963][905]OBJ SavePackage:     Rendered thumbnail for [Blueprint /Game/SteeringActor/CTFAIActor.CTFAIActor]
[2019.12.10-00.43.18:963][905]OBJ SavePackage: Finished generating thumbnails for package [/Game/SteeringActor/CTFAIActor]
[2019.12.10-00.43.18:963][905]Cmd: OBJ SAVEPACKAGE PACKAGE="/Game/SteeringActor/CTFAIActor" FILE="../../../../../Git/GameAI/PathfindingLab/Saved/Autosaves/Game/SteeringActor/CTFAIActor_Auto1.uasset" SILENT=false AUTOSAVING=true
[2019.12.10-00.43.19:046][905]LogSavePackage: Moving '../../../../../Git/GameAI/PathfindingLab/Saved/CTFAIActor_Auto154F848E84B97CA0E44D004889F85C7D8.tmp' to '../../../../../Git/GameAI/PathfindingLab/Saved/Autosaves/Game/SteeringActor/CTFAIActor_Auto1.uasset'
[2019.12.10-00.43.19:048][905]OBJ SavePackage: Generating thumbnails for [1] asset(s) in package [/Game/Misc/Bullet] ([1] browsable assets)...
[2019.12.10-00.43.19:080][905]OBJ SavePackage:     Rendered thumbnail for [Blueprint /Game/Misc/Bullet.Bullet]
[2019.12.10-00.43.19:081][905]OBJ SavePackage: Finished generating thumbnails for package [/Game/Misc/Bullet]
[2019.12.10-00.43.19:081][905]Cmd: OBJ SAVEPACKAGE PACKAGE="/Game/Misc/Bullet" FILE="../../../../../Git/GameAI/PathfindingLab/Saved/Autosaves/Game/Misc/Bullet_Auto1.uasset" SILENT=false AUTOSAVING=true
[2019.12.10-00.43.19:185][905]LogSavePackage: Moving '../../../../../Git/GameAI/PathfindingLab/Saved/Bullet_Auto17BB75CF54E2AF7ADD60481815AFA6766.tmp' to '../../../../../Git/GameAI/PathfindingLab/Saved/Autosaves/Game/Misc/Bullet_Auto1.uasset'
[2019.12.10-00.43.19:186][905]LogFileHelpers: Auto-saving content packages took 0.256
