Log file open, 11/16/19 16:42:25
LogWindows: Failed to load 'aqProf.dll' (GetLastError=126)
LogWindows: File 'aqProf.dll' does not exist
LogWindows: Failed to load 'VtuneApi.dll' (GetLastError=126)
LogWindows: File 'VtuneApi.dll' does not exist
LogWindows: Failed to load 'VtuneApi32e.dll' (GetLastError=126)
LogWindows: File 'VtuneApi32e.dll' does not exist
LogConsoleResponse: Display: Failed to find resolution value strings in scalability ini. Falling back to default.
LogInit: Display: Running engine for game: PathFinding
LogPakFile: Registered encryption key '00000000000000000000000000000000': 0 pak files mounted, 0 remain pending
LogPlatformFile: Not using cached read wrapper
LogTaskGraph: Started task graph with 5 named threads and 23 total threads with 3 sets of task threads.
LogStats: Stats thread started at 0.284656
LogD3D11RHI: Loaded GFSDK_Aftermath_Lib.x64.dll
LogICUInternationalization: ICU TimeZone Detection - Raw Offset: -5:00, Platform Override: ''
LogPluginManager: Mounting plugin Paper2D
LogPluginManager: Mounting plugin AISupport
LogPluginManager: Mounting plugin LightPropagationVolume
LogPluginManager: Mounting plugin ActorLayerUtilities
LogPluginManager: Mounting plugin AnimationSharing
LogPluginManager: Mounting plugin CLionSourceCodeAccess
LogPluginManager: Mounting plugin CodeLiteSourceCodeAccess
LogPluginManager: Mounting plugin GitSourceControl
LogPluginManager: Mounting plugin KDevelopSourceCodeAccess
LogPluginManager: Mounting plugin NullSourceCodeAccess
LogPluginManager: Mounting plugin PerforceSourceControl
LogPluginManager: Mounting plugin SubversionSourceControl
LogPluginManager: Mounting plugin UObjectPlugin
LogPluginManager: Mounting plugin VisualStudioCodeSourceCodeAccess
LogPluginManager: Mounting plugin VisualStudioSourceCodeAccess
LogPluginManager: Mounting plugin XCodeSourceCodeAccess
LogPluginManager: Mounting plugin AssetManagerEditor
LogPluginManager: Mounting plugin CryptoKeys
LogPluginManager: Mounting plugin DataValidation
LogPluginManager: Mounting plugin FacialAnimation
LogPluginManager: Mounting plugin GameplayTagsEditor
LogPluginManager: Mounting plugin MacGraphicsSwitching
LogPluginManager: Mounting plugin MaterialAnalyzer
LogPluginManager: Mounting plugin MobileLauncherProfileWizard
LogPluginManager: Mounting plugin PluginBrowser
LogPluginManager: Mounting plugin SpeedTreeImporter
LogPluginManager: Mounting plugin DatasmithContent
LogPluginManager: Mounting plugin VariantManagerContent
LogPluginManager: Mounting plugin AlembicImporter
LogPluginManager: Mounting plugin AppleImageUtils
LogPluginManager: Mounting plugin AppleVision
LogPluginManager: Mounting plugin BackChannel
LogPluginManager: Mounting plugin CharacterAI
LogPluginManager: Mounting plugin GeometryCache
LogPluginManager: Mounting plugin HTML5Networking
LogPluginManager: Mounting plugin ProxyLODPlugin
LogPluginManager: Mounting plugin SkeletalReduction
LogPluginManager: Mounting plugin MagicLeap
LogPluginManager: Mounting plugin MagicLeapMedia
LogPluginManager: Mounting plugin AndroidMedia
LogPluginManager: Mounting plugin AvfMedia
LogPluginManager: Mounting plugin ImgMedia
LogPluginManager: Mounting plugin LinearTimecode
LogPluginManager: Mounting plugin MediaCompositing
LogPluginManager: Mounting plugin MediaPlayerEditor
LogPluginManager: Mounting plugin WebMMedia
LogPluginManager: Mounting plugin WmfMedia
LogPluginManager: Mounting plugin TcpMessaging
LogPluginManager: Mounting plugin UdpMessaging
LogPluginManager: Mounting plugin ActorSequence
LogPluginManager: Mounting plugin LevelSequenceEditor
LogPluginManager: Mounting plugin MatineeToLevelSequence
LogPluginManager: Mounting plugin NetcodeUnitTest
LogPluginManager: Mounting plugin NUTUnrealEngine4
LogPluginManager: Mounting plugin OnlineSubsystemGooglePlay
LogPluginManager: Mounting plugin OnlineSubsystemIOS
LogPluginManager: Mounting plugin OnlineSubsystem
LogPluginManager: Mounting plugin OnlineSubsystemNull
LogPluginManager: Mounting plugin OnlineSubsystemUtils
LogPluginManager: Mounting plugin LauncherChunkInstaller
LogPluginManager: Mounting plugin AndroidDeviceProfileSelector
LogPluginManager: Mounting plugin AndroidMoviePlayer
LogPluginManager: Mounting plugin AndroidPermission
LogPluginManager: Mounting plugin AppleMoviePlayer
LogPluginManager: Mounting plugin ArchVisCharacter
LogPluginManager: Mounting plugin AudioCapture
LogPluginManager: Mounting plugin CableComponent
LogPluginManager: Mounting plugin CustomMeshComponent
LogPluginManager: Mounting plugin EditableMesh
LogPluginManager: Mounting plugin ExampleDeviceProfileSelector
LogPluginManager: Mounting plugin Firebase
LogPluginManager: Mounting plugin GoogleCloudMessaging
LogPluginManager: Mounting plugin IOSDeviceProfileSelector
LogPluginManager: Mounting plugin LinuxDeviceProfileSelector
LogPluginManager: Mounting plugin LocationServicesBPLibrary
LogPluginManager: Mounting plugin MobilePatchingUtils
LogPluginManager: Mounting plugin OculusVR
LogPluginManager: Mounting plugin PhysXVehicles
LogPluginManager: Mounting plugin ProceduralMeshComponent
LogPluginManager: Mounting plugin RuntimePhysXCooking
LogPluginManager: Mounting plugin SignificanceManager
LogPluginManager: Mounting plugin SteamVR
LogPluginManager: Mounting plugin WebMMoviePlayer
LogPluginManager: Mounting plugin WindowsMoviePlayer
LogInit: Warning: Incompatible or missing module: PathFinding
Running D:/Unreal/UE_4.22/Engine/Binaries/DotNET/UnrealBuildTool.exe Development Win64 -Project="D:/Repos/GameAI/PathfindingLab/PathFinding.uproject" -TargetType=Editor -Progress -NoHotReloadFromIDE
Using 'git status' to determine working set for adaptive non-unity build (D:\Repos\GameAI).
Creating makefile for PathFindingEditor (game project files are newer)
@progress push 5%
Parsing headers for PathFindingEditor
  Running UnrealHeaderTool "D:\Repos\GameAI\PathfindingLab\PathFinding.uproject" "D:\Repos\GameAI\PathfindingLab\Intermediate\Build\Win64\PathFindingEditor\Development\PathFindingEditor.uhtmanifest" -LogCmds="loginit warning, logexit warning, logdatabase error" -Unattended -WarningsAsErrors -installed
Reflection code generated for PathFindingEditor in 14.5994562 seconds
@progress pop
Using Visual Studio 2017 14.16.27023 toolchain (C:\Program Files (x86)\Microsoft Visual Studio\2017\Community\VC\Tools\MSVC\14.16.27023) and Windows 10.0.16299.0 SDK (C:\Program Files (x86)\Windows Kits\10).
Building 25 actions with 8 processes...
  @progress 'Compiling C++ source code...' 0%
  @progress 'Compiling C++ source code...' 4%
  [1/25] SharedPCH.Engine.cpp
  @progress 'Compiling C++ source code...' 8%
  [2/25] PathFinding.cpp
  @progress 'Compiling C++ source code...' 12%
  [3/25] StateMachine.cpp
  @progress 'Compiling C++ source code...' 16%
  [4/25] PatrolState.cpp
  @progress 'Compiling C++ source code...' 20%
  [5/25] ChaseReturnState.cpp
  @progress 'Compiling C++ source code...' 24%
  [6/25] MyPathBuilderActor.cpp
  @progress 'Compiling C++ source code...' 28%
  [7/25] StatePrimative.cpp
  @progress 'Compiling C++ source code...' 32%
  [8/25] PathBuilder.cpp
  @progress 'Compiling C++ source code...' 36%
  [9/25] ChaseState.cpp
  @progress 'Compiling C++ source code...' 40%
  [10/25] ChaseReturnState.gen.cpp
  @progress 'Compiling C++ source code...' 44%
  [11/25] PathFinding.init.gen.cpp
  @progress 'Compiling C++ source code...' 48%
  [12/25] ChaseState.gen.cpp
  @progress 'Compiling C++ source code...' 52%
  [13/25] MyPathBuilderActor.gen.cpp
  @progress 'Compiling C++ source code...' 56%
  [14/25] PathFindingGameModeBase.gen.cpp
  @progress 'Compiling C++ source code...' 60%
  [15/25] PathFindingActor.gen.cpp
  @progress 'Compiling C++ source code...' 64%
  [16/25] PatrolState.gen.cpp
  @progress 'Compiling C++ source code...' 68%
  [17/25] PathFindingActor.cpp
  D:\Repos\GameAI\PathfindingLab\Source\PathFinding\PathFindingActor.cpp(16): warning C4458: declaration of 'pos' hides class member
  d:\repos\gameai\pathfindinglab\source\pathfinding\PathFindingActor.h(40): note: see declaration of 'APathFindingActor::pos'
  @progress 'Compiling C++ source code...' 72%
  [18/25] StateMachine.gen.cpp
  @progress 'Compiling C++ source code...' 76%
  [19/25] StatePrimative.gen.cpp
  @progress 'Compiling C++ source code...' 80%
  [20/25] PathFindingGameModeBase.cpp
  @progress 'Compiling C++ source code...' 84%
  [21/25] SteeringActor.gen.cpp
  @progress 'Compiling C++ source code...' 88%
  [22/25] SteeringActor.cpp
  @progress 'Compiling C++ source code...' 92%
  [23/25] UE4Editor-PathFinding.lib
     Creating library D:\Repos\GameAI\PathfindingLab\Intermediate\Build\Win64\UE4Editor\Development\PathFinding\UE4Editor-PathFinding.lib and object D:\Repos\GameAI\PathfindingLab\Intermediate\Build\Win64\UE4Editor\Development\PathFinding\UE4Editor-PathFinding.exp
  @progress 'Compiling C++ source code...' 96%
  [24/25] UE4Editor-PathFinding.dll
     Creating library D:\Repos\GameAI\PathfindingLab\Intermediate\Build\Win64\UE4Editor\Development\PathFinding\UE4Editor-PathFinding.suppressed.lib and object D:\Repos\GameAI\PathfindingLab\Intermediate\Build\Win64\UE4Editor\Development\PathFinding\UE4Editor-PathFinding.suppressed.exp
  @progress 'Compiling C++ source code...' 100%
  [25/25] PathFindingEditor.target
Total time in Parallel executor: 50.99 seconds
Total execution time: 70.43 seconds
LogInit: Using libcurl 7.55.1-DEV
LogInit:  - built for x86_64-pc-win32
LogInit:  - supports SSL with OpenSSL/1.1.1
LogInit:  - supports HTTP deflate (compression) using libz 1.2.8
LogInit:  - other features:
LogInit:      CURL_VERSION_SSL
LogInit:      CURL_VERSION_LIBZ
LogInit:      CURL_VERSION_IPV6
LogInit:      CURL_VERSION_ASYNCHDNS
LogInit:      CURL_VERSION_LARGEFILE
LogInit:      CURL_VERSION_IDN
LogInit:  CurlRequestOptions (configurable via config and command line):
LogInit:  - bVerifyPeer = true  - Libcurl will verify peer certificate
LogInit:  - bUseHttpProxy = false  - Libcurl will NOT use HTTP proxy
LogInit:  - bDontReuseConnections = false  - Libcurl will reuse connections
LogInit:  - MaxHostConnections = 16  - Libcurl will limit the number of connections to a host
LogInit:  - LocalHostAddr = Default
LogInit:  - BufferSize = 65536
LogInit: WinSock: version 1.1 (2.2), MaxSocks=32767, MaxUdp=65467
LogInit: Build: ++UE4+Release-4.22-CL-7053642
LogInit: Engine Version: 4.22.3-7053642+++UE4+Release-4.22
LogInit: Compatible Engine Version: 4.22.0-5660361+++UE4+Release-4.22
LogInit: Net CL: 5660361
LogInit: OS: Windows 10 (Release 1903) (), CPU: Intel(R) Core(TM) i7-7700HQ CPU @ 2.80GHz, GPU: Intel(R) HD Graphics 630
LogInit: Compiled (64-bit): Jun 18 2019 03:09:11
LogInit: Compiled with Visual C++: 19.16.27025.01
LogInit: Build Configuration: Development
LogInit: Branch Name: ++UE4+Release-4.22
LogInit: Command Line: 
LogInit: Base Directory: D:/Unreal/UE_4.22/Engine/Binaries/Win64/
LogInit: Installed Engine Build: 1
LogDevObjectVersion: Number of dev versions registered: 23
LogDevObjectVersion:   Dev-Blueprints (B0D832E4-1F89-4F0D-ACCF-7EB736FD4AA2): 10
LogDevObjectVersion:   Dev-Build (E1C64328-A22C-4D53-A36C-8E866417BD8C): 0
LogDevObjectVersion:   Dev-Core (375EC13C-06E4-48FB-B500-84F0262A717E): 3
LogDevObjectVersion:   Dev-Editor (E4B068ED-F494-42E9-A231-DA0B2E46BB41): 30
LogDevObjectVersion:   Dev-Framework (CFFC743F-43B0-4480-9391-14DF171D2073): 35
LogDevObjectVersion:   Dev-Mobile (B02B49B5-BB20-44E9-A304-32B752E40360): 2
LogDevObjectVersion:   Dev-Networking (A4E4105C-59A1-49B5-A7C5-40C4547EDFEE): 0
LogDevObjectVersion:   Dev-Online (39C831C9-5AE6-47DC-9A44-9C173E1C8E7C): 0
LogDevObjectVersion:   Dev-Physics (78F01B33-EBEA-4F98-B9B4-84EACCB95AA2): 0
LogDevObjectVersion:   Dev-Platform (6631380F-2D4D-43E0-8009-CF276956A95A): 0
LogDevObjectVersion:   Dev-Rendering (12F88B9F-8875-4AFC-A67C-D90C383ABD29): 28
LogDevObjectVersion:   Dev-Sequencer (7B5AE74C-D270-4C10-A958-57980B212A5A): 11
LogDevObjectVersion:   Dev-VR (D7296918-1DD6-4BDD-9DE2-64A83CC13884): 2
LogDevObjectVersion:   Dev-LoadTimes (C2A15278-BFE7-4AFE-6C17-90FF531DF755): 1
LogDevObjectVersion:   Private-Geometry (6EACA3D4-40EC-4CC1-B786-8BED09428FC5): 3
LogDevObjectVersion:   Dev-AnimPhys (29E575DD-E0A3-4627-9D10-D276232CDCEA): 17
LogDevObjectVersion:   Dev-Anim (AF43A65D-7FD3-4947-9873-3E8ED9C1BB05): 2
LogDevObjectVersion:   Dev-ReflectionCapture (6B266CEC-1EC7-4B8F-A30B-E4D90942FC07): 1
LogDevObjectVersion:   Dev-Automation (0DF73D61-A23F-47EA-B727-89E90C41499A): 1
LogDevObjectVersion:   FortniteMain (601D1886-AC64-4F84-AA16-D3DE0DEAC7D6): 25
LogDevObjectVersion:   Dev-Enterprise (9DFFBCD6-494F-0158-E221-12823C92A888): 6
LogDevObjectVersion:   Dev-Niagara (F2AED0AC-9AFE-416F-8664-AA7FFA26D6FC): 1
LogDevObjectVersion:   Dev-Destruction (174F1F0B-B4C6-45A5-B13F-2EE8D0FB917D): 2
LogInit: Presizing for max 16777216 objects, including 0 objects not considered by GC, pre-allocating 0 bytes for permanent pool.
LogInit: Object subsystem initialized
LogConfig: Setting CVar [[con.DebugEarlyDefault:1]]
LogConfig: Setting CVar [[r.setres:1280x720]]
[2019.11.16-21.43.38:364][  0]LogConfig: Setting CVar [[r.VSync:0]]
[2019.11.16-21.43.38:364][  0]LogConfig: Setting CVar [[r.RHICmdBypass:0]]
[2019.11.16-21.43.38:364][  0]LogConfig: Applying CVar settings from Section [/Script/Engine.RendererSettings] File [D:/Repos/GameAI/PathfindingLab/Saved/Config/Windows/Engine.ini]
[2019.11.16-21.43.38:364][  0]LogConfig: Setting CVar [[r.GPUCrashDebugging:0]]
[2019.11.16-21.43.38:365][  0]LogConfig: Setting CVar [[r.DefaultFeature.AutoExposure.ExtendDefaultLuminanceRange:1]]
[2019.11.16-21.43.38:365][  0]LogConfig: Applying CVar settings from Section [/Script/Engine.RendererOverrideSettings] File [D:/Repos/GameAI/PathfindingLab/Saved/Config/Windows/Engine.ini]
[2019.11.16-21.43.38:365][  0]LogConfig: Applying CVar settings from Section [/Script/Engine.StreamingSettings] File [D:/Repos/GameAI/PathfindingLab/Saved/Config/Windows/Engine.ini]
[2019.11.16-21.43.38:365][  0]LogConfig: Setting CVar [[s.MinBulkDataSizeForAsyncLoading:131072]]
[2019.11.16-21.43.38:365][  0]LogConfig: Setting CVar [[s.AsyncLoadingThreadEnabled:0]]
[2019.11.16-21.43.38:365][  0]LogConfig: Setting CVar [[s.EventDrivenLoaderEnabled:1]]
[2019.11.16-21.43.38:365][  0]LogConfig: Setting CVar [[s.WarnIfTimeLimitExceeded:0]]
[2019.11.16-21.43.38:365][  0]LogConfig: Setting CVar [[s.TimeLimitExceededMultiplier:1.5]]
[2019.11.16-21.43.38:365][  0]LogConfig: Setting CVar [[s.TimeLimitExceededMinTime:0.005]]
[2019.11.16-21.43.38:365][  0]LogConfig: Setting CVar [[s.UseBackgroundLevelStreaming:1]]
[2019.11.16-21.43.38:365][  0]LogConfig: Setting CVar [[s.PriorityAsyncLoadingExtraTime:15.0]]
[2019.11.16-21.43.38:365][  0]LogConfig: Setting CVar [[s.LevelStreamingActorsUpdateTimeLimit:5.0]]
[2019.11.16-21.43.38:365][  0]LogConfig: Setting CVar [[s.PriorityLevelStreamingActorsUpdateExtraTime:5.0]]
[2019.11.16-21.43.38:365][  0]LogConfig: Setting CVar [[s.LevelStreamingComponentsRegistrationGranularity:10]]
[2019.11.16-21.43.38:365][  0]LogConfig: Setting CVar [[s.UnregisterComponentsTimeLimit:1.0]]
[2019.11.16-21.43.38:365][  0]LogConfig: Setting CVar [[s.LevelStreamingComponentsUnregistrationGranularity:5]]
[2019.11.16-21.43.38:365][  0]LogConfig: Applying CVar settings from Section [/Script/Engine.GarbageCollectionSettings] File [D:/Repos/GameAI/PathfindingLab/Saved/Config/Windows/Engine.ini]
[2019.11.16-21.43.38:365][  0]LogConfig: Setting CVar [[gc.MaxObjectsNotConsideredByGC:1]]
[2019.11.16-21.43.38:365][  0]LogConfig: Setting CVar [[gc.SizeOfPermanentObjectPool:0]]
[2019.11.16-21.43.38:365][  0]LogConfig: Setting CVar [[gc.FlushStreamingOnGC:0]]
[2019.11.16-21.43.38:365][  0]LogConfig: Setting CVar [[gc.NumRetriesBeforeForcingGC:10]]
[2019.11.16-21.43.38:365][  0]LogConfig: Setting CVar [[gc.AllowParallelGC:1]]
[2019.11.16-21.43.38:365][  0]LogConfig: Setting CVar [[gc.TimeBetweenPurgingPendingKillObjects:61.1]]
[2019.11.16-21.43.38:365][  0]LogConfig: Setting CVar [[gc.MaxObjectsInEditor:16777216]]
[2019.11.16-21.43.38:365][  0]LogConfig: Setting CVar [[gc.IncrementalBeginDestroyEnabled:1]]
[2019.11.16-21.43.38:365][  0]LogConfig: Setting CVar [[gc.CreateGCClusters:1]]
[2019.11.16-21.43.38:365][  0]LogConfig: Setting CVar [[gc.MinGCClusterSize:5]]
[2019.11.16-21.43.38:365][  0]LogConfig: Setting CVar [[gc.ActorClusteringEnabled:0]]
[2019.11.16-21.43.38:365][  0]LogConfig: Setting CVar [[gc.BlueprintClusteringEnabled:0]]
[2019.11.16-21.43.38:365][  0]LogConfig: Setting CVar [[gc.UseDisregardForGCOnDedicatedServers:0]]
[2019.11.16-21.43.38:365][  0]LogConfig: Applying CVar settings from Section [/Script/Engine.NetworkSettings] File [D:/Repos/GameAI/PathfindingLab/Saved/Config/Windows/Engine.ini]
[2019.11.16-21.43.38:365][  0]LogConfig: Applying CVar settings from Section [/Script/UnrealEd.CookerSettings] File [D:/Repos/GameAI/PathfindingLab/Saved/Config/Windows/Engine.ini]
[2019.11.16-21.43.38:368][  0]LogConfig: Applying CVar settings from Section [ViewDistanceQuality@3] File [D:/Repos/GameAI/PathfindingLab/Saved/Config/Windows/Scalability.ini]
[2019.11.16-21.43.38:368][  0]LogConfig: Setting CVar [[r.SkeletalMeshLODBias:0]]
[2019.11.16-21.43.38:368][  0]LogConfig: Setting CVar [[r.ViewDistanceScale:1.0]]
[2019.11.16-21.43.38:368][  0]LogConfig: Applying CVar settings from Section [AntiAliasingQuality@3] File [D:/Repos/GameAI/PathfindingLab/Saved/Config/Windows/Scalability.ini]
[2019.11.16-21.43.38:368][  0]LogConfig: Setting CVar [[r.PostProcessAAQuality:4]]
[2019.11.16-21.43.38:368][  0]LogConfig: Applying CVar settings from Section [ShadowQuality@3] File [D:/Repos/GameAI/PathfindingLab/Saved/Config/Windows/Scalability.ini]
[2019.11.16-21.43.38:368][  0]LogConfig: Setting CVar [[r.LightFunctionQuality:1]]
[2019.11.16-21.43.38:368][  0]LogConfig: Setting CVar [[r.ShadowQuality:5]]
[2019.11.16-21.43.38:368][  0]LogConfig: Setting CVar [[r.Shadow.CSM.MaxCascades:10]]
[2019.11.16-21.43.38:368][  0]LogConfig: Setting CVar [[r.Shadow.MaxResolution:2048]]
[2019.11.16-21.43.38:368][  0]LogConfig: Setting CVar [[r.Shadow.MaxCSMResolution:2048]]
[2019.11.16-21.43.38:368][  0]LogConfig: Setting CVar [[r.Shadow.RadiusThreshold:0.01]]
[2019.11.16-21.43.38:368][  0]LogConfig: Setting CVar [[r.Shadow.DistanceScale:1.0]]
[2019.11.16-21.43.38:368][  0]LogConfig: Setting CVar [[r.Shadow.CSM.TransitionScale:1.0]]
[2019.11.16-21.43.38:369][  0]LogConfig: Setting CVar [[r.Shadow.PreShadowResolutionFactor:1.0]]
[2019.11.16-21.43.38:369][  0]LogConfig: Setting CVar [[r.DistanceFieldShadowing:1]]
[2019.11.16-21.43.38:369][  0]LogConfig: Setting CVar [[r.DistanceFieldAO:1]]
[2019.11.16-21.43.38:369][  0]LogConfig: Setting CVar [[r.AOQuality:2]]
[2019.11.16-21.43.38:369][  0]LogConfig: Setting CVar [[r.VolumetricFog:1]]
[2019.11.16-21.43.38:369][  0]LogConfig: Setting CVar [[r.VolumetricFog.GridPixelSize:8]]
[2019.11.16-21.43.38:369][  0]LogConfig: Setting CVar [[r.VolumetricFog.GridSizeZ:128]]
[2019.11.16-21.43.38:369][  0]LogConfig: Setting CVar [[r.VolumetricFog.HistoryMissSupersampleCount:4]]
[2019.11.16-21.43.38:369][  0]LogConfig: Setting CVar [[r.LightMaxDrawDistanceScale:1]]
[2019.11.16-21.43.38:369][  0]LogConfig: Setting CVar [[r.CapsuleShadows:1]]
[2019.11.16-21.43.38:369][  0]LogConfig: Applying CVar settings from Section [PostProcessQuality@3] File [D:/Repos/GameAI/PathfindingLab/Saved/Config/Windows/Scalability.ini]
[2019.11.16-21.43.38:369][  0]LogConfig: Setting CVar [[r.MotionBlurQuality:4]]
[2019.11.16-21.43.38:369][  0]LogConfig: Setting CVar [[r.AmbientOcclusionMipLevelFactor:0.4]]
[2019.11.16-21.43.38:369][  0]LogConfig: Setting CVar [[r.AmbientOcclusionMaxQuality:100]]
[2019.11.16-21.43.38:369][  0]LogConfig: Setting CVar [[r.AmbientOcclusionLevels:-1]]
[2019.11.16-21.43.38:369][  0]LogConfig: Setting CVar [[r.AmbientOcclusionRadiusScale:1.0]]
[2019.11.16-21.43.38:369][  0]LogConfig: Setting CVar [[r.DepthOfFieldQuality:2]]
[2019.11.16-21.43.38:369][  0]LogConfig: Setting CVar [[r.RenderTargetPoolMin:400]]
[2019.11.16-21.43.38:369][  0]LogConfig: Setting CVar [[r.LensFlareQuality:2]]
[2019.11.16-21.43.38:369][  0]LogConfig: Setting CVar [[r.SceneColorFringeQuality:1]]
[2019.11.16-21.43.38:369][  0]LogConfig: Setting CVar [[r.EyeAdaptationQuality:2]]
[2019.11.16-21.43.38:369][  0]LogConfig: Setting CVar [[r.BloomQuality:5]]
[2019.11.16-21.43.38:369][  0]LogConfig: Setting CVar [[r.FastBlurThreshold:100]]
[2019.11.16-21.43.38:369][  0]LogConfig: Setting CVar [[r.Upscale.Quality:3]]
[2019.11.16-21.43.38:369][  0]LogConfig: Setting CVar [[r.Tonemapper.GrainQuantization:1]]
[2019.11.16-21.43.38:369][  0]LogConfig: Setting CVar [[r.LightShaftQuality:1]]
[2019.11.16-21.43.38:369][  0]LogConfig: Setting CVar [[r.Filter.SizeScale:1]]
[2019.11.16-21.43.38:369][  0]LogConfig: Setting CVar [[r.Tonemapper.Quality:5]]
[2019.11.16-21.43.38:369][  0]LogConfig: Setting CVar [[r.DOF.Gather.AccumulatorQuality:1        ; higher gathering accumulator quality]]
[2019.11.16-21.43.38:369][  0]LogConfig: Setting CVar [[r.DOF.Gather.PostfilterMethod:1          ; Median3x3 postfilering method]]
[2019.11.16-21.43.38:369][  0]LogConfig: Setting CVar [[r.DOF.Gather.EnableBokehSettings:0       ; no bokeh simulation when gathering]]
[2019.11.16-21.43.38:369][  0]LogConfig: Setting CVar [[r.DOF.Gather.RingCount:4                 ; medium number of samples when gathering]]
[2019.11.16-21.43.38:369][  0]LogConfig: Setting CVar [[r.DOF.Scatter.ForegroundCompositing:1    ; additive foreground scattering]]
[2019.11.16-21.43.38:369][  0]LogConfig: Setting CVar [[r.DOF.Scatter.BackgroundCompositing:2    ; additive background scattering]]
[2019.11.16-21.43.38:369][  0]LogConfig: Setting CVar [[r.DOF.Scatter.EnableBokehSettings:1      ; bokeh simulation when scattering]]
[2019.11.16-21.43.38:369][  0]LogConfig: Setting CVar [[r.DOF.Scatter.MaxSpriteRatio:0.1         ; only a maximum of 10% of scattered bokeh]]
[2019.11.16-21.43.38:369][  0]LogConfig: Setting CVar [[r.DOF.Recombine.Quality:1                ; cheap slight out of focus]]
[2019.11.16-21.43.38:369][  0]LogConfig: Setting CVar [[r.DOF.Recombine.EnableBokehSettings:0    ; no bokeh simulation on slight out of focus]]
[2019.11.16-21.43.38:369][  0]LogConfig: Setting CVar [[r.DOF.TemporalAAQuality:1                ; more stable temporal accumulation]]
[2019.11.16-21.43.38:369][  0]LogConfig: Setting CVar [[r.DOF.Kernel.MaxForegroundRadius:0.025]]
[2019.11.16-21.43.38:369][  0]LogConfig: Setting CVar [[r.DOF.Kernel.MaxBackgroundRadius:0.025]]
[2019.11.16-21.43.38:369][  0]LogConfig: Applying CVar settings from Section [TextureQuality@3] File [D:/Repos/GameAI/PathfindingLab/Saved/Config/Windows/Scalability.ini]
[2019.11.16-21.43.38:369][  0]LogConfig: Setting CVar [[r.Streaming.MipBias:0]]
[2019.11.16-21.43.38:369][  0]LogConfig: Setting CVar [[r.Streaming.AmortizeCPUToGPUCopy:0]]
[2019.11.16-21.43.38:369][  0]LogConfig: Setting CVar [[r.Streaming.MaxNumTexturesToStreamPerFrame:0]]
[2019.11.16-21.43.38:369][  0]LogConfig: Setting CVar [[r.Streaming.Boost:1]]
[2019.11.16-21.43.38:369][  0]LogConfig: Setting CVar [[r.MaxAnisotropy:8]]
[2019.11.16-21.43.38:369][  0]LogConfig: Setting CVar [[r.Streaming.LimitPoolSizeToVRAM:0]]
[2019.11.16-21.43.38:369][  0]LogConfig: Setting CVar [[r.Streaming.PoolSize:1000]]
[2019.11.16-21.43.38:369][  0]LogConfig: Setting CVar [[r.Streaming.MaxEffectiveScreenSize:0]]
[2019.11.16-21.43.38:370][  0]LogConfig: Applying CVar settings from Section [EffectsQuality@3] File [D:/Repos/GameAI/PathfindingLab/Saved/Config/Windows/Scalability.ini]
[2019.11.16-21.43.38:370][  0]LogConfig: Setting CVar [[r.TranslucencyLightingVolumeDim:64]]
[2019.11.16-21.43.38:370][  0]LogConfig: Setting CVar [[r.RefractionQuality:2]]
[2019.11.16-21.43.38:370][  0]LogConfig: Setting CVar [[r.SSR.Quality:3]]
[2019.11.16-21.43.38:370][  0]LogConfig: Setting CVar [[r.SceneColorFormat:4]]
[2019.11.16-21.43.38:370][  0]LogConfig: Setting CVar [[r.DetailMode:2]]
[2019.11.16-21.43.38:370][  0]LogConfig: Setting CVar [[r.TranslucencyVolumeBlur:1]]
[2019.11.16-21.43.38:370][  0]LogConfig: Setting CVar [[r.MaterialQualityLevel:1 ; High quality]]
[2019.11.16-21.43.38:370][  0]LogConfig: Setting CVar [[r.SSS.Scale:1]]
[2019.11.16-21.43.38:370][  0]LogConfig: Setting CVar [[r.SSS.SampleSet:2]]
[2019.11.16-21.43.38:370][  0]LogConfig: Setting CVar [[r.SSS.Quality:1]]
[2019.11.16-21.43.38:370][  0]LogConfig: Setting CVar [[r.SSS.HalfRes:1]]
[2019.11.16-21.43.38:370][  0]LogConfig: Setting CVar [[r.EmitterSpawnRateScale:1.0]]
[2019.11.16-21.43.38:370][  0]LogConfig: Setting CVar [[r.ParticleLightQuality:2]]
[2019.11.16-21.43.38:370][  0]LogConfig: Applying CVar settings from Section [FoliageQuality@3] File [D:/Repos/GameAI/PathfindingLab/Saved/Config/Windows/Scalability.ini]
[2019.11.16-21.43.38:370][  0]LogConfig: Setting CVar [[foliage.DensityScale:1.0]]
[2019.11.16-21.43.38:370][  0]LogConfig: Setting CVar [[grass.DensityScale:1.0]]
[2019.11.16-21.43.38:370][  0]LogInit: Selected Device Profile: [Windows]
[2019.11.16-21.43.38:370][  0]LogInit: Applying CVar settings loaded from the selected device profile: [Windows]
[2019.11.16-21.43.38:378][  0]LogHAL: Display: Platform has ~ 12 GB [12740149248 / 17179869184 / 12], which maps to Larger [LargestMinGB=32, LargerMinGB=12, DefaultMinGB=8, SmallerMinGB=6, SmallestMinGB=0)
[2019.11.16-21.43.38:378][  0]LogConfig: Setting CVar [[r.Vulkan.UseRealUBs:0		; Required until we fix HLR fall-out]]
[2019.11.16-21.43.38:378][  0]LogInit: Going up to parent DeviceProfile []
[2019.11.16-21.43.38:378][  0]LogConfig: Applying CVar settings from Section [ViewDistanceQuality@3] File [D:/Repos/GameAI/PathfindingLab/Saved/Config/Windows/Scalability.ini]
[2019.11.16-21.43.38:378][  0]LogConfig: Setting CVar [[r.SkeletalMeshLODBias:0]]
[2019.11.16-21.43.38:378][  0]LogConfig: Setting CVar [[r.ViewDistanceScale:1.0]]
[2019.11.16-21.43.38:378][  0]LogConfig: Applying CVar settings from Section [AntiAliasingQuality@3] File [D:/Repos/GameAI/PathfindingLab/Saved/Config/Windows/Scalability.ini]
[2019.11.16-21.43.38:378][  0]LogConfig: Setting CVar [[r.PostProcessAAQuality:4]]
[2019.11.16-21.43.38:378][  0]LogConfig: Applying CVar settings from Section [ShadowQuality@3] File [D:/Repos/GameAI/PathfindingLab/Saved/Config/Windows/Scalability.ini]
[2019.11.16-21.43.38:378][  0]LogConfig: Setting CVar [[r.LightFunctionQuality:1]]
[2019.11.16-21.43.38:378][  0]LogConfig: Setting CVar [[r.ShadowQuality:5]]
[2019.11.16-21.43.38:378][  0]LogConfig: Setting CVar [[r.Shadow.CSM.MaxCascades:10]]
[2019.11.16-21.43.38:378][  0]LogConfig: Setting CVar [[r.Shadow.MaxResolution:2048]]
[2019.11.16-21.43.38:378][  0]LogConfig: Setting CVar [[r.Shadow.MaxCSMResolution:2048]]
[2019.11.16-21.43.38:378][  0]LogConfig: Setting CVar [[r.Shadow.RadiusThreshold:0.01]]
[2019.11.16-21.43.38:378][  0]LogConfig: Setting CVar [[r.Shadow.DistanceScale:1.0]]
[2019.11.16-21.43.38:378][  0]LogConfig: Setting CVar [[r.Shadow.CSM.TransitionScale:1.0]]
[2019.11.16-21.43.38:378][  0]LogConfig: Setting CVar [[r.Shadow.PreShadowResolutionFactor:1.0]]
[2019.11.16-21.43.38:378][  0]LogConfig: Setting CVar [[r.DistanceFieldShadowing:1]]
[2019.11.16-21.43.38:378][  0]LogConfig: Setting CVar [[r.DistanceFieldAO:1]]
[2019.11.16-21.43.38:378][  0]LogConfig: Setting CVar [[r.AOQuality:2]]
[2019.11.16-21.43.38:378][  0]LogConfig: Setting CVar [[r.VolumetricFog:1]]
[2019.11.16-21.43.38:378][  0]LogConfig: Setting CVar [[r.VolumetricFog.GridPixelSize:8]]
[2019.11.16-21.43.38:378][  0]LogConfig: Setting CVar [[r.VolumetricFog.GridSizeZ:128]]
[2019.11.16-21.43.38:378][  0]LogConfig: Setting CVar [[r.VolumetricFog.HistoryMissSupersampleCount:4]]
[2019.11.16-21.43.38:378][  0]LogConfig: Setting CVar [[r.LightMaxDrawDistanceScale:1]]
[2019.11.16-21.43.38:378][  0]LogConfig: Setting CVar [[r.CapsuleShadows:1]]
[2019.11.16-21.43.38:378][  0]LogConfig: Applying CVar settings from Section [PostProcessQuality@3] File [D:/Repos/GameAI/PathfindingLab/Saved/Config/Windows/Scalability.ini]
[2019.11.16-21.43.38:378][  0]LogConfig: Setting CVar [[r.MotionBlurQuality:4]]
[2019.11.16-21.43.38:378][  0]LogConfig: Setting CVar [[r.AmbientOcclusionMipLevelFactor:0.4]]
[2019.11.16-21.43.38:378][  0]LogConfig: Setting CVar [[r.AmbientOcclusionMaxQuality:100]]
[2019.11.16-21.43.38:378][  0]LogConfig: Setting CVar [[r.AmbientOcclusionLevels:-1]]
[2019.11.16-21.43.38:378][  0]LogConfig: Setting CVar [[r.AmbientOcclusionRadiusScale:1.0]]
[2019.11.16-21.43.38:378][  0]LogConfig: Setting CVar [[r.DepthOfFieldQuality:2]]
[2019.11.16-21.43.38:378][  0]LogConfig: Setting CVar [[r.RenderTargetPoolMin:400]]
[2019.11.16-21.43.38:378][  0]LogConfig: Setting CVar [[r.LensFlareQuality:2]]
[2019.11.16-21.43.38:378][  0]LogConfig: Setting CVar [[r.SceneColorFringeQuality:1]]
[2019.11.16-21.43.38:378][  0]LogConfig: Setting CVar [[r.EyeAdaptationQuality:2]]
[2019.11.16-21.43.38:378][  0]LogConfig: Setting CVar [[r.BloomQuality:5]]
[2019.11.16-21.43.38:378][  0]LogConfig: Setting CVar [[r.FastBlurThreshold:100]]
[2019.11.16-21.43.38:378][  0]LogConfig: Setting CVar [[r.Upscale.Quality:3]]
[2019.11.16-21.43.38:378][  0]LogConfig: Setting CVar [[r.Tonemapper.GrainQuantization:1]]
[2019.11.16-21.43.38:378][  0]LogConfig: Setting CVar [[r.LightShaftQuality:1]]
[2019.11.16-21.43.38:378][  0]LogConfig: Setting CVar [[r.Filter.SizeScale:1]]
[2019.11.16-21.43.38:378][  0]LogConfig: Setting CVar [[r.Tonemapper.Quality:5]]
[2019.11.16-21.43.38:378][  0]LogConfig: Setting CVar [[r.DOF.Gather.AccumulatorQuality:1        ; higher gathering accumulator quality]]
[2019.11.16-21.43.38:378][  0]LogConfig: Setting CVar [[r.DOF.Gather.PostfilterMethod:1          ; Median3x3 postfilering method]]
[2019.11.16-21.43.38:378][  0]LogConfig: Setting CVar [[r.DOF.Gather.EnableBokehSettings:0       ; no bokeh simulation when gathering]]
[2019.11.16-21.43.38:378][  0]LogConfig: Setting CVar [[r.DOF.Gather.RingCount:4                 ; medium number of samples when gathering]]
[2019.11.16-21.43.38:378][  0]LogConfig: Setting CVar [[r.DOF.Scatter.ForegroundCompositing:1    ; additive foreground scattering]]
[2019.11.16-21.43.38:378][  0]LogConfig: Setting CVar [[r.DOF.Scatter.BackgroundCompositing:2    ; additive background scattering]]
[2019.11.16-21.43.38:378][  0]LogConfig: Setting CVar [[r.DOF.Scatter.EnableBokehSettings:1      ; bokeh simulation when scattering]]
[2019.11.16-21.43.38:378][  0]LogConfig: Setting CVar [[r.DOF.Scatter.MaxSpriteRatio:0.1         ; only a maximum of 10% of scattered bokeh]]
[2019.11.16-21.43.38:378][  0]LogConfig: Setting CVar [[r.DOF.Recombine.Quality:1                ; cheap slight out of focus]]
[2019.11.16-21.43.38:378][  0]LogConfig: Setting CVar [[r.DOF.Recombine.EnableBokehSettings:0    ; no bokeh simulation on slight out of focus]]
[2019.11.16-21.43.38:378][  0]LogConfig: Setting CVar [[r.DOF.TemporalAAQuality:1                ; more stable temporal accumulation]]
[2019.11.16-21.43.38:378][  0]LogConfig: Setting CVar [[r.DOF.Kernel.MaxForegroundRadius:0.025]]
[2019.11.16-21.43.38:379][  0]LogConfig: Setting CVar [[r.DOF.Kernel.MaxBackgroundRadius:0.025]]
[2019.11.16-21.43.38:379][  0]LogConfig: Applying CVar settings from Section [TextureQuality@3] File [D:/Repos/GameAI/PathfindingLab/Saved/Config/Windows/Scalability.ini]
[2019.11.16-21.43.38:379][  0]LogConfig: Setting CVar [[r.Streaming.MipBias:0]]
[2019.11.16-21.43.38:379][  0]LogConfig: Setting CVar [[r.Streaming.AmortizeCPUToGPUCopy:0]]
[2019.11.16-21.43.38:379][  0]LogConfig: Setting CVar [[r.Streaming.MaxNumTexturesToStreamPerFrame:0]]
[2019.11.16-21.43.38:379][  0]LogConfig: Setting CVar [[r.Streaming.Boost:1]]
[2019.11.16-21.43.38:379][  0]LogConfig: Setting CVar [[r.MaxAnisotropy:8]]
[2019.11.16-21.43.38:379][  0]LogConfig: Setting CVar [[r.Streaming.LimitPoolSizeToVRAM:0]]
[2019.11.16-21.43.38:379][  0]LogConfig: Setting CVar [[r.Streaming.PoolSize:1000]]
[2019.11.16-21.43.38:379][  0]LogConfig: Setting CVar [[r.Streaming.MaxEffectiveScreenSize:0]]
[2019.11.16-21.43.38:379][  0]LogConfig: Applying CVar settings from Section [EffectsQuality@3] File [D:/Repos/GameAI/PathfindingLab/Saved/Config/Windows/Scalability.ini]
[2019.11.16-21.43.38:379][  0]LogConfig: Setting CVar [[r.TranslucencyLightingVolumeDim:64]]
[2019.11.16-21.43.38:379][  0]LogConfig: Setting CVar [[r.RefractionQuality:2]]
[2019.11.16-21.43.38:379][  0]LogConfig: Setting CVar [[r.SSR.Quality:3]]
[2019.11.16-21.43.38:379][  0]LogConfig: Setting CVar [[r.SceneColorFormat:4]]
[2019.11.16-21.43.38:379][  0]LogConfig: Setting CVar [[r.DetailMode:2]]
[2019.11.16-21.43.38:379][  0]LogConfig: Setting CVar [[r.TranslucencyVolumeBlur:1]]
[2019.11.16-21.43.38:379][  0]LogConfig: Setting CVar [[r.MaterialQualityLevel:1 ; High quality]]
[2019.11.16-21.43.38:379][  0]LogConfig: Setting CVar [[r.SSS.Scale:1]]
[2019.11.16-21.43.38:379][  0]LogConfig: Setting CVar [[r.SSS.SampleSet:2]]
[2019.11.16-21.43.38:379][  0]LogConfig: Setting CVar [[r.SSS.Quality:1]]
[2019.11.16-21.43.38:379][  0]LogConfig: Setting CVar [[r.SSS.HalfRes:1]]
[2019.11.16-21.43.38:379][  0]LogConfig: Setting CVar [[r.EmitterSpawnRateScale:1.0]]
[2019.11.16-21.43.38:379][  0]LogConfig: Setting CVar [[r.ParticleLightQuality:2]]
[2019.11.16-21.43.38:379][  0]LogConfig: Applying CVar settings from Section [FoliageQuality@3] File [D:/Repos/GameAI/PathfindingLab/Saved/Config/Windows/Scalability.ini]
[2019.11.16-21.43.38:379][  0]LogConfig: Setting CVar [[foliage.DensityScale:1.0]]
[2019.11.16-21.43.38:379][  0]LogConfig: Setting CVar [[grass.DensityScale:1.0]]
[2019.11.16-21.43.38:379][  0]LogConfig: Applying CVar settings from Section [Startup] File [../../../Engine/Config/ConsoleVariables.ini]
[2019.11.16-21.43.38:379][  0]LogConfig: Setting CVar [[net.UseAdaptiveNetUpdateFrequency:0]]
[2019.11.16-21.43.38:379][  0]LogConfig: Setting CVar [[p.chaos.AllowCreatePhysxBodies:1]]
[2019.11.16-21.43.38:379][  0]LogConfig: Applying CVar settings from Section [ConsoleVariables] File [D:/Repos/GameAI/PathfindingLab/Saved/Config/Windows/Engine.ini]
[2019.11.16-21.43.38:379][  0]LogInit: Computer: DESKTOP-TJ4L05U
[2019.11.16-21.43.38:379][  0]LogInit: User: Lance
[2019.11.16-21.43.38:379][  0]LogInit: CPU Page size=4096, Cores=4
[2019.11.16-21.43.38:379][  0]LogInit: High frequency timer resolution =10.000000 MHz
[2019.11.16-21.43.38:379][  0]LogMemory: Memory total: Physical=11.9GB (12GB approx)
[2019.11.16-21.43.38:379][  0]LogMemory: Platform Memory Stats for Windows
[2019.11.16-21.43.38:379][  0]LogMemory: Process Physical Memory: 100.04 MB used, 100.04 MB peak
[2019.11.16-21.43.38:379][  0]LogMemory: Process Virtual Memory: 91.28 MB used, 91.28 MB peak
[2019.11.16-21.43.38:380][  0]LogMemory: Physical Memory: 8239.35 MB used,  3910.60 MB free, 12149.95 MB total
[2019.11.16-21.43.38:380][  0]LogMemory: Virtual Memory: 4687.22 MB used,  134213040.00 MB free, 134217728.00 MB total
[2019.11.16-21.43.38:417][  0]LogInit: Using OS detected language (en-US).
[2019.11.16-21.43.38:417][  0]LogInit: Using OS detected locale (en-US).
[2019.11.16-21.43.38:418][  0]LogTextLocalizationManager: No specific localization for 'en-US' exists, so the 'en' localization will be used.
[2019.11.16-21.43.38:592][  0]LogInit: Setting process to per monitor DPI aware
[2019.11.16-21.43.38:630][  0]LogSlate: New Slate User Created.  User Index 0, Is Virtual User: 0
[2019.11.16-21.43.38:630][  0]LogSlate: Slate User Registered.  User Index 0, Is Virtual User: 0
[2019.11.16-21.43.38:874][  0]LogHMD: Failed to initialize OpenVR with code 110
[2019.11.16-21.43.38:874][  0]LogD3D11RHI: D3D11 adapters:
[2019.11.16-21.43.38:945][  0]LogD3D11RHI:    0. 'NVIDIA GeForce GTX 1050' (Feature Level 11_0)
[2019.11.16-21.43.38:945][  0]LogD3D11RHI:       4021/0/6074 MB DedicatedVideo/DedicatedSystem/SharedSystem, Outputs:1, VendorId:0x10de
[2019.11.16-21.43.38:960][  0]LogD3D11RHI:    1. 'Intel(R) HD Graphics 630' (Feature Level 11_0)
[2019.11.16-21.43.38:960][  0]LogD3D11RHI:       128/0/6074 MB DedicatedVideo/DedicatedSystem/SharedSystem, Outputs:0, VendorId:0x8086
[2019.11.16-21.43.38:962][  0]LogD3D11RHI:    2. 'Microsoft Basic Render Driver' (Feature Level 11_0)
[2019.11.16-21.43.38:962][  0]LogD3D11RHI:       0/0/6074 MB DedicatedVideo/DedicatedSystem/SharedSystem, Outputs:0, VendorId:0x1414
[2019.11.16-21.43.38:962][  0]LogD3D11RHI: Chosen D3D11 Adapter: 0
[2019.11.16-21.43.39:000][  0]LogD3D11RHI: Creating new Direct3DDevice
[2019.11.16-21.43.39:000][  0]LogD3D11RHI:     GPU DeviceId: 0x1c8d (for the marketing name, search the web for "GPU Device Id")
[2019.11.16-21.43.39:000][  0]LogWindows: EnumDisplayDevices:
[2019.11.16-21.43.39:000][  0]LogWindows:    0. 'Intel(R) HD Graphics 630' (P:1 D:1)
[2019.11.16-21.43.39:001][  0]LogWindows:    1. 'Intel(R) HD Graphics 630' (P:0 D:0)
[2019.11.16-21.43.39:001][  0]LogWindows:    2. 'Intel(R) HD Graphics 630' (P:0 D:0)
[2019.11.16-21.43.39:001][  0]LogWindows: DebugString: PrimaryIsNotTheChoosenAdapter PrimaryIsNotTheChoosenAdapter PrimaryIsNotTheChoosenAdapter FoundDriverCount:0 
[2019.11.16-21.43.39:001][  0]LogD3D11RHI:     Adapter Name: NVIDIA GeForce GTX 1050
[2019.11.16-21.43.39:001][  0]LogD3D11RHI:   Driver Version: Unknown (internal:Unknown, unified:Unknown)
[2019.11.16-21.43.39:001][  0]LogD3D11RHI:      Driver Date: Unknown
[2019.11.16-21.43.39:001][  0]LogRHI: Texture pool is 2814 MB (70% of 4021 MB)
[2019.11.16-21.43.39:051][  0]LogD3D11RHI: Async texture creation enabled
[2019.11.16-21.43.39:055][  0]LogRendererCore: FGlobalReadBuffer::InitRHI
[2019.11.16-21.43.39:055][  0]LogRendererCore: FGlobalReadBuffer::InitRHI
[2019.11.16-21.43.39:055][  0]LogRendererCore: FGlobalReadBuffer::InitRHI
[2019.11.16-21.43.39:069][  0]LogD3D11RHI: GPU Timing Frequency: 1000.000000 (Debug: 2 2)
[2019.11.16-21.43.39:522][  0]LogTemp: Display: Module 'AllDesktopTargetPlatform' loaded TargetPlatform 'AllDesktop'
[2019.11.16-21.43.39:534][  0]LogTemp: Display: Module 'MacClientTargetPlatform' loaded TargetPlatform 'MacClient'
[2019.11.16-21.43.39:547][  0]LogTemp: Display: Module 'MacNoEditorTargetPlatform' loaded TargetPlatform 'MacNoEditor'
[2019.11.16-21.43.39:559][  0]LogTemp: Display: Module 'MacServerTargetPlatform' loaded TargetPlatform 'MacServer'
[2019.11.16-21.43.39:573][  0]LogTemp: Display: Module 'MacTargetPlatform' loaded TargetPlatform 'Mac'
[2019.11.16-21.43.39:586][  0]LogTemp: Display: Module 'WindowsClientTargetPlatform' loaded TargetPlatform 'WindowsClient'
[2019.11.16-21.43.39:600][  0]LogTemp: Display: Module 'WindowsNoEditorTargetPlatform' loaded TargetPlatform 'WindowsNoEditor'
[2019.11.16-21.43.39:613][  0]LogTemp: Display: Module 'WindowsServerTargetPlatform' loaded TargetPlatform 'WindowsServer'
[2019.11.16-21.43.39:619][  0]LogTemp: Display: Module 'WindowsTargetPlatform' loaded TargetPlatform 'Windows'
[2019.11.16-21.43.39:704][  0]LogTemp: Display: Module 'AndroidTargetPlatform' loaded TargetPlatform 'Android'
[2019.11.16-21.43.39:704][  0]LogTemp: Display: Module 'AndroidTargetPlatform' loaded TargetPlatform 'Android_ASTC'
[2019.11.16-21.43.39:704][  0]LogTemp: Display: Module 'AndroidTargetPlatform' loaded TargetPlatform 'Android_ATC'
[2019.11.16-21.43.39:704][  0]LogTemp: Display: Module 'AndroidTargetPlatform' loaded TargetPlatform 'Android_DXT'
[2019.11.16-21.43.39:704][  0]LogTemp: Display: Module 'AndroidTargetPlatform' loaded TargetPlatform 'Android_ETC1'
[2019.11.16-21.43.39:704][  0]LogTemp: Display: Module 'AndroidTargetPlatform' loaded TargetPlatform 'Android_ETC1a'
[2019.11.16-21.43.39:704][  0]LogTemp: Display: Module 'AndroidTargetPlatform' loaded TargetPlatform 'Android_ETC2'
[2019.11.16-21.43.39:704][  0]LogTemp: Display: Module 'AndroidTargetPlatform' loaded TargetPlatform 'Android_PVRTC'
[2019.11.16-21.43.39:704][  0]LogTemp: Display: Module 'AndroidTargetPlatform' loaded TargetPlatform 'AndroidClient'
[2019.11.16-21.43.39:704][  0]LogTemp: Display: Module 'AndroidTargetPlatform' loaded TargetPlatform 'Android_ASTCClient'
[2019.11.16-21.43.39:704][  0]LogTemp: Display: Module 'AndroidTargetPlatform' loaded TargetPlatform 'Android_ATCClient'
[2019.11.16-21.43.39:704][  0]LogTemp: Display: Module 'AndroidTargetPlatform' loaded TargetPlatform 'Android_DXTClient'
[2019.11.16-21.43.39:704][  0]LogTemp: Display: Module 'AndroidTargetPlatform' loaded TargetPlatform 'Android_ETC1Client'
[2019.11.16-21.43.39:704][  0]LogTemp: Display: Module 'AndroidTargetPlatform' loaded TargetPlatform 'Android_ETC1aClient'
[2019.11.16-21.43.39:704][  0]LogTemp: Display: Module 'AndroidTargetPlatform' loaded TargetPlatform 'Android_ETC2Client'
[2019.11.16-21.43.39:704][  0]LogTemp: Display: Module 'AndroidTargetPlatform' loaded TargetPlatform 'Android_PVRTCClient'
[2019.11.16-21.43.39:704][  0]LogTemp: Display: Module 'AndroidTargetPlatform' loaded TargetPlatform 'Android_Multi'
[2019.11.16-21.43.39:704][  0]LogTemp: Display: Module 'AndroidTargetPlatform' loaded TargetPlatform 'Android_MultiClient'
[2019.11.16-21.43.39:706][  0]LogTemp: Display: Module 'HTML5TargetPlatform' loaded TargetPlatform 'HTML5'
[2019.11.16-21.43.39:754][  0]LogTemp: Display: Module 'IOSTargetPlatform' loaded TargetPlatform 'IOSClient'
[2019.11.16-21.43.39:754][  0]LogTemp: Display: Module 'IOSTargetPlatform' loaded TargetPlatform 'IOS'
[2019.11.16-21.43.39:780][  0]LogTemp: Display: Module 'TVOSTargetPlatform' loaded TargetPlatform 'TVOSClient'
[2019.11.16-21.43.39:780][  0]LogTemp: Display: Module 'TVOSTargetPlatform' loaded TargetPlatform 'TVOS'
[2019.11.16-21.43.39:792][  0]LogTemp: Display: Module 'LinuxClientTargetPlatform' loaded TargetPlatform 'LinuxClient'
[2019.11.16-21.43.39:810][  0]LogTemp: Display: Module 'LinuxNoEditorTargetPlatform' loaded TargetPlatform 'LinuxNoEditor'
[2019.11.16-21.43.39:823][  0]LogTemp: Display: Module 'LinuxServerTargetPlatform' loaded TargetPlatform 'LinuxServer'
[2019.11.16-21.43.39:838][  0]LogTemp: Display: Module 'LinuxTargetPlatform' loaded TargetPlatform 'Linux'
[2019.11.16-21.43.39:885][  0]LogTemp: Display: Module 'LuminTargetPlatform' loaded TargetPlatform 'Lumin'
[2019.11.16-21.43.39:885][  0]LogTemp: Display: Module 'LuminTargetPlatform' loaded TargetPlatform 'LuminClient'
[2019.11.16-21.43.39:886][  0]LogTargetPlatformManager: Display: Building Assets For Windows
[2019.11.16-21.43.39:896][  0]LogAudioDebug: Display: Lib vorbis DLL was dynamically loaded.
[2019.11.16-21.43.39:953][  0]LogShaderCompilers: Guid format shader working directory is 3 characters bigger than the processId version (../../../../../Repos/GameAI/PathfindingLab/Intermediate/Shaders/WorkingDirectory/27712/).
[2019.11.16-21.43.39:953][  0]LogShaderCompilers: Cleaned the shader compiler working directory 'C:/Users/Lance/AppData/Local/Temp/UnrealShaderWorkingDir/549A0E2C41B0C473E3BF90B1C7328857/'.
[2019.11.16-21.43.39:955][  0]LogXGEController: Cannot use XGE Controller as Incredibuild is not installed on this machine.
[2019.11.16-21.43.39:955][  0]LogShaderCompilers: Cannot use XGE Shader Compiler as Incredibuild is not installed on this machine.
[2019.11.16-21.43.39:955][  0]LogShaderCompilers: Display: Using Local Shader Compiler.
[2019.11.16-21.43.40:706][  0]LogDerivedDataCache: Display: Max Cache Size: 512 MB
[2019.11.16-21.43.40:814][  0]LogDerivedDataCache: Loaded boot cache 0.11s 71MB C:/Users/Lance/AppData/Local/UnrealEngine/4.22/DerivedDataCache/Boot.ddc.
[2019.11.16-21.43.40:814][  0]LogDerivedDataCache: Display: Loaded Boot cache: C:/Users/Lance/AppData/Local/UnrealEngine/4.22/DerivedDataCache/Boot.ddc
[2019.11.16-21.43.40:814][  0]LogDerivedDataCache: FDerivedDataBackendGraph:  Pak pak cache file ../../../../../Repos/GameAI/PathfindingLab/DerivedDataCache/DDC.ddp not found, will not use a pak cache.
[2019.11.16-21.43.40:814][  0]LogDerivedDataCache: Unable to find inner node Pak for hierarchical cache Hierarchy.
[2019.11.16-21.43.40:814][  0]LogDerivedDataCache: FDerivedDataBackendGraph:  CompressedPak pak cache file ../../../../../Repos/GameAI/PathfindingLab/DerivedDataCache/Compressed.ddp not found, will not use a pak cache.
[2019.11.16-21.43.40:815][  0]LogDerivedDataCache: Unable to find inner node CompressedPak for hierarchical cache Hierarchy.
[2019.11.16-21.43.40:827][  0]LogDerivedDataCache: Display: Pak cache opened for reading ../../../Engine/DerivedDataCache/Compressed.ddp.
[2019.11.16-21.43.40:827][  0]LogDerivedDataCache: FDerivedDataBackendGraph:  EnterprisePak pak cache file ../../../Enterprise/DerivedDataCache/Compressed.ddp not found, will not use a pak cache.
[2019.11.16-21.43.40:827][  0]LogDerivedDataCache: Unable to find inner node EnterprisePak for hierarchical cache Hierarchy.
[2019.11.16-21.43.40:840][  0]LogDerivedDataCache: Using Local data cache path C:/Users/Lance/AppData/Local/UnrealEngine/Common/DerivedDataCache: Writable
[2019.11.16-21.43.40:840][  0]LogDerivedDataCache: Shared data cache path not found in *engine.ini, will not use an Shared cache.
[2019.11.16-21.43.40:840][  0]LogDerivedDataCache: Unable to find inner node Shared for hierarchical cache Hierarchy.
[2019.11.16-21.43.40:863][  0]LogMaterial: Verifying Global Shaders for PCD3D_SM5
[2019.11.16-21.43.40:864][  0]LogSlate: Using FreeType 2.6.0
[2019.11.16-21.43.40:865][  0]LogSlate: SlateFontServices - WITH_FREETYPE: 1, WITH_HARFBUZZ: 1
[2019.11.16-21.43.40:952][  0]LogAssetRegistry: FAssetRegistry took 0.0331 seconds to start up
[2019.11.16-21.43.41:267][  0]LogInit: Selected Device Profile: [Windows]
[2019.11.16-21.43.41:397][  0]LogMeshReduction: Using QuadricMeshReduction for automatic static mesh reduction
[2019.11.16-21.43.41:397][  0]LogMeshReduction: Using SimplygonMeshReduction for automatic skeletal mesh reduction
[2019.11.16-21.43.41:397][  0]LogMeshReduction: Using ProxyLODMeshReduction for automatic mesh merging
[2019.11.16-21.43.41:397][  0]LogMeshReduction: No distributed automatic mesh merging module available
[2019.11.16-21.43.41:397][  0]LogMeshMerging: No distributed automatic mesh merging module available
[2019.11.16-21.43.41:412][  0]LogNetVersion: PathFinding 1.0.0, NetCL: 5660361, EngineNetVer: 10, GameNetVer: 0 (Checksum: 315523671)
[2019.11.16-21.43.41:996][  0]LogPackageLocalizationCache: Processed 10 localized package path(s) for 1 prioritized culture(s) in 0.173771 seconds
[2019.11.16-21.43.42:005][  0]LogUObjectArray: 42205 objects as part of root set at end of initial load.
[2019.11.16-21.43.42:005][  0]LogUObjectAllocator: 7325032 out of 0 bytes used by permanent object pool.
[2019.11.16-21.43.42:005][  0]LogUObjectArray: CloseDisregardForGC: 0/0 objects in disregard for GC pool
[2019.11.16-21.43.42:947][  0]LogTcpMessaging: Initializing TcpMessaging bridge
[2019.11.16-21.43.42:961][  0]LogUdpMessaging: Initializing bridge on interface 0.0.0.0:0 to multicast group 230.0.0.1:6666.
[2019.11.16-21.43.43:429][  0]SourceControl: Source control is disabled
[2019.11.16-21.43.43:429][  0]SourceControl: Source control is disabled
[2019.11.16-21.43.43:431][  0]SourceControl: Source control is disabled
[2019.11.16-21.43.43:433][  0]SourceControl: Source control is disabled
[2019.11.16-21.43.43:520][  0]LogAndroidPermission: UAndroidPermissionCallbackProxy::GetInstance
[2019.11.16-21.43.43:658][  0]LogOcInput: OculusInput pre-init called
[2019.11.16-21.43.44:450][  0]LogEngine: Initializing Engine...
[2019.11.16-21.43.44:451][  0]LogHMD: Failed to initialize OpenVR with code 110
[2019.11.16-21.43.44:452][  0]LogStats: UGameplayTagsManager::InitializeManager -  0.000 s
[2019.11.16-21.43.44:701][  0]LogInit: Initializing FReadOnlyCVARCache
[2019.11.16-21.43.44:713][  0]LogAIModule: Creating AISystem for world Untitled
[2019.11.16-21.43.44:806][  0]LogInit: XAudio2 using 'Speakers (USB Audio Device)' : 2 channels at 48 kHz using 16 bits per sample (channel mask 0x3)
[2019.11.16-21.43.44:829][  0]LogInit: FAudioDevice initialized.
[2019.11.16-21.43.44:829][  0]LogNetVersion: Set ProjectVersion to 1.0.0.0. Version Checksum will be recalculated on next use.
[2019.11.16-21.43.44:934][  0]LogDerivedDataCache: Saved boot cache 0.11s 71MB C:/Users/Lance/AppData/Local/UnrealEngine/4.22/DerivedDataCache/Boot.ddc.
[2019.11.16-21.43.44:940][  0]LogInit: Texture streaming: Enabled
[2019.11.16-21.43.44:956][  0]LogEngineSessionManager: EngineSessionManager initialized
[2019.11.16-21.43.44:977][  0]LogInit: Transaction tracking system initialized
[2019.11.16-21.43.45:000][  0]BlueprintLog: New page: Editor Load
[2019.11.16-21.43.45:083][  0]LocalizationService: Localization service is disabled
[2019.11.16-21.43.45:365][  0]LogFileCache: Scanning file cache for directory 'D:/Repos/GameAI/PathfindingLab/Content/' took 0.01s
[2019.11.16-21.43.45:365][  0]LogCook: Display: Max memory allowance for cook 16384mb min free memory 0mb
[2019.11.16-21.43.45:366][  0]LogCook: Display: Mobile HDR setting 1
[2019.11.16-21.43.45:561][  0]SourceControl: Source control is disabled
[2019.11.16-21.43.45:561][  0]Cmd: MAP LOAD FILE="../../../../../Repos/GameAI/PathfindingLab/Content/PathfindingMap.umap" TEMPLATE=0 SHOWPROGRESS=1 FEATURELEVEL=3
[2019.11.16-21.43.45:562][  0]LightingResults: New page: Lighting Build
[2019.11.16-21.43.45:564][  0]MapCheck: New page: Map Check
[2019.11.16-21.43.45:564][  0]LightingResults: New page: Lighting Build
[2019.11.16-21.43.45:590][  0]LogUObjectHash: Compacting FUObjectHashTables data took   1.72ms
[2019.11.16-21.43.46:135][  0]LogAIModule: Creating AISystem for world PathfindingMap
[2019.11.16-21.43.46:142][  0]LogEditorServer: Finished looking for orphan Actors (0.000 secs)
[2019.11.16-21.43.46:172][  0]LogUObjectHash: Compacting FUObjectHashTables data took   2.42ms
[2019.11.16-21.43.46:173][  0]Cmd: MAP CHECKDEP NOCLEARLOG
[2019.11.16-21.43.46:173][  0]MapCheck: Map check complete: 0 Error(s), 0 Warning(s), took 0.105ms to complete.
[2019.11.16-21.43.46:173][  0]LogFileHelpers: Loading map 'PathfindingMap' took 0.611
[2019.11.16-21.43.46:426][  0]LogSlate: Updating window title bar state: overlay mode, drag disabled, window buttons hidden, title bar hidden
[2019.11.16-21.43.46:434][  0]LogSlate: Updating window title bar state: overlay mode, drag disabled, window buttons hidden, title bar hidden
[2019.11.16-21.43.46:445][  0]LogSlate: Updating window title bar state: overlay mode, drag disabled, window buttons hidden, title bar hidden
[2019.11.16-21.43.46:452][  0]LogSlate: Updating window title bar state: overlay mode, drag disabled, window buttons hidden, title bar hidden
[2019.11.16-21.43.46:456][  0]LogCollectionManager: Loaded 0 collections in 0.000779 seconds
[2019.11.16-21.43.46:563][  0]LogFileCache: Scanning file cache for directory 'D:/Repos/GameAI/PathfindingLab/Saved/Collections/' took 0.01s
[2019.11.16-21.43.46:563][  0]LogFileCache: Scanning file cache for directory 'D:/Repos/GameAI/PathfindingLab/Content/Developers/Lance/Collections/' took 0.01s
[2019.11.16-21.43.46:563][  0]LogFileCache: Scanning file cache for directory 'D:/Repos/GameAI/PathfindingLab/Content/Collections/' took 0.01s
[2019.11.16-21.43.46:563][  0]LogCollectionManager: Rebuilt the GUID cache for 0 collections in 0.000000 seconds
[2019.11.16-21.43.46:575][  0]LogContentBrowser: Native class hierarchy populated in 0.0116 seconds. Added 2741 classes and 662 folders.
[2019.11.16-21.43.46:713][  0]LogContentBrowser: Native class hierarchy updated for 'WidgetCarousel' in 0.0011 seconds. Added 0 classes and 0 folders.
[2019.11.16-21.43.46:793][  0]LogPakFile: Registered encryption key '00000000000000000000000000000000': 0 pak files mounted, 0 remain pending
[2019.11.16-21.43.46:816][  0]LogPakFile: Registered encryption key '00000000000000000000000000000000': 0 pak files mounted, 0 remain pending
[2019.11.16-21.43.46:841][  0]LogPakFile: Registered encryption key '00000000000000000000000000000000': 0 pak files mounted, 0 remain pending
[2019.11.16-21.43.46:843][  0]LogPakFile: Registered encryption key '00000000000000000000000000000000': 0 pak files mounted, 0 remain pending
[2019.11.16-21.43.46:898][  0]LogPakFile: Registered encryption key '00000000000000000000000000000000': 0 pak files mounted, 0 remain pending
[2019.11.16-21.43.46:901][  0]LogPakFile: Registered encryption key '00000000000000000000000000000000': 0 pak files mounted, 0 remain pending
[2019.11.16-21.43.46:905][  0]LogPakFile: Registered encryption key '00000000000000000000000000000000': 0 pak files mounted, 0 remain pending
[2019.11.16-21.43.46:909][  0]LogPakFile: Registered encryption key '00000000000000000000000000000000': 0 pak files mounted, 0 remain pending
[2019.11.16-21.43.46:944][  0]LogPakFile: Registered encryption key '00000000000000000000000000000000': 0 pak files mounted, 0 remain pending
[2019.11.16-21.43.46:954][  0]LogPakFile: Registered encryption key '00000000000000000000000000000000': 0 pak files mounted, 0 remain pending
[2019.11.16-21.43.47:010][  0]LogPakFile: Registered encryption key '00000000000000000000000000000000': 0 pak files mounted, 0 remain pending
[2019.11.16-21.43.47:123][  0]LogPakFile: Registered encryption key '00000000000000000000000000000000': 0 pak files mounted, 0 remain pending
[2019.11.16-21.43.47:312][  0]LogPakFile: Registered encryption key '00000000000000000000000000000000': 0 pak files mounted, 0 remain pending
[2019.11.16-21.43.47:402][  0]LogPakFile: Registered encryption key '00000000000000000000000000000000': 0 pak files mounted, 0 remain pending
[2019.11.16-21.43.47:551][  0]LogPakFile: Registered encryption key '00000000000000000000000000000000': 0 pak files mounted, 0 remain pending
[2019.11.16-21.43.47:616][  0]LogPakFile: Registered encryption key '00000000000000000000000000000000': 0 pak files mounted, 0 remain pending
[2019.11.16-21.43.47:695][  0]LogPakFile: Registered encryption key '00000000000000000000000000000000': 0 pak files mounted, 0 remain pending
[2019.11.16-21.43.47:829][  0]LogPakFile: Registered encryption key '00000000000000000000000000000000': 0 pak files mounted, 0 remain pending
[2019.11.16-21.43.47:940][  0]LogPakFile: Registered encryption key '00000000000000000000000000000000': 0 pak files mounted, 0 remain pending
[2019.11.16-21.43.47:996][  0]LogPakFile: Registered encryption key '00000000000000000000000000000000': 0 pak files mounted, 0 remain pending
[2019.11.16-21.43.48:107][  0]LogPakFile: Registered encryption key '00000000000000000000000000000000': 0 pak files mounted, 0 remain pending
[2019.11.16-21.43.48:153][  0]LogPakFile: Registered encryption key '00000000000000000000000000000000': 0 pak files mounted, 0 remain pending
[2019.11.16-21.43.48:187][  0]LogPakFile: Registered encryption key '00000000000000000000000000000000': 0 pak files mounted, 0 remain pending
[2019.11.16-21.43.48:244][  0]LogPakFile: Registered encryption key '00000000000000000000000000000000': 0 pak files mounted, 0 remain pending
[2019.11.16-21.43.48:289][  0]LogPakFile: Registered encryption key '00000000000000000000000000000000': 0 pak files mounted, 0 remain pending
[2019.11.16-21.43.48:469][  0]LogPakFile: Registered encryption key '00000000000000000000000000000000': 0 pak files mounted, 0 remain pending
[2019.11.16-21.43.50:216][  0]LogContentBrowser: Native class hierarchy updated for 'AddContentDialog' in 0.0008 seconds. Added 0 classes and 0 folders.
[2019.11.16-21.43.50:464][  0]LogContentBrowser: Native class hierarchy updated for 'SceneOutliner' in 0.0007 seconds. Added 1 classes and 2 folders.
[2019.11.16-21.43.50:503][  0]LogSlate: Took 0.000320 seconds to synchronously load lazily loaded font '../../../Engine/Content/Slate/Fonts/Roboto-Regular.ttf' (155K)
[2019.11.16-21.43.50:507][  0]LogSlate: Took 0.000198 seconds to synchronously load lazily loaded font '../../../Engine/Content/Slate/Fonts/Roboto-Bold.ttf' (160K)
[2019.11.16-21.43.50:542][  0]LogSlate: Took 0.021034 seconds to synchronously load lazily loaded font '../../../Engine/Content/Editor/Slate/Fonts/FontAwesome.ttf' (139K)
[2019.11.16-21.43.50:775][  0]LogRenderer: Reallocating scene render targets to support 964x436 Format 10 NumSamples 1 (Frame:1).
[2019.11.16-21.43.51:139][  0]LogSlate: Took 0.012335 seconds to synchronously load lazily loaded font '../../../Engine/Content/Slate/Fonts/Roboto-Light.ttf' (167K)
[2019.11.16-21.43.51:287][  0]LogContentBrowser: Native class hierarchy updated for 'HierarchicalLODOutliner' in 0.0004 seconds. Added 0 classes and 0 folders.
[2019.11.16-21.43.51:287][  0]LogLoad: (Engine Initialization) Total time: 87.60 seconds
[2019.11.16-21.43.51:287][  0]LogLoad: (Engine Initialization) Total Blueprint compile time: 0.00 seconds
[2019.11.16-21.43.51:582][  0]LogContentStreaming: Texture pool size now 1000 MB
[2019.11.16-21.43.56:124][250]LogAssetRegistry: Asset discovery search completed in 15.1943 seconds
[2019.11.16-21.43.56:126][250]LogCollectionManager: Rebuilt the object cache for 0 collections in 0.000000 seconds (found 0 objects)
[2019.11.16-21.43.56:126][250]LogCollectionManager: Fixed up redirectors for 0 collections in 0.000052 seconds (updated 0 objects)
[2019.11.16-21.44.22:611][466]LogSlate: FSceneViewport::OnFocusLost() reason 0
[2019.11.16-21.44.42:020][868]LogSlate: Took 0.000168 seconds to synchronously load lazily loaded font '../../../Engine/Content/Slate/Fonts/Roboto-Light.ttf' (167K)
[2019.11.16-21.44.42:037][868]LogAssetEditorManager: Opening Asset editor for Class /Script/PathFinding.StatePrimative
[2019.11.16-21.45.51:376][ 78]LogUnrealEdMisc: Warning: Heartbeat event firing too frequently (33.127 sec). This should never happen. Something is wrong with the timer delegate!
[2019.11.16-21.46.28:016][188]LogUObjectHash: Compacting FUObjectHashTables data took   0.81ms
[2019.11.16-21.46.28:220][188]LogSlate: Window 'PathFinding - Unreal Editor' being destroyed
[2019.11.16-21.46.28:253][188]LogWindowsTextInputMethodSystem: Display: IME system now deactivated.
[2019.11.16-21.46.29:092][189]Cmd: QUIT_EDITOR
[2019.11.16-21.46.29:666][189]LogExit: Preparing to exit.
[2019.11.16-21.46.31:428][189]LogExit: Editor shut down
[2019.11.16-21.46.31:428][189]LogExit: Transaction tracking system shut down
[2019.11.16-21.46.34:198][189]LogExit: Object subsystem successfully closed.
[2019.11.16-21.46.34:365][189]LogShaderCompilers: Display: Shaders left to compile 0
[2019.11.16-21.46.34:415][189]LogD3D11RHI: Shutdown
[2019.11.16-21.46.34:416][189]LogD3D11RHI: CleanupD3DDevice
[2019.11.16-21.46.34:431][189]LogRendererCore: FGlobalReadBuffer::ReleaseRHI
[2019.11.16-21.46.34:431][189]LogRendererCore: FGlobalDynamicReadBuffer::Cleanup()
[2019.11.16-21.46.34:435][189]LogRendererCore: FGlobalReadBuffer::ReleaseRHI
[2019.11.16-21.46.34:435][189]LogRendererCore: FGlobalDynamicReadBuffer::Cleanup()
[2019.11.16-21.46.34:435][189]LogRendererCore: FGlobalReadBuffer::ReleaseRHI
[2019.11.16-21.46.34:435][189]LogRendererCore: FGlobalDynamicReadBuffer::Cleanup()
[2019.11.16-21.46.34:527][189]LogD3D11RHI: ~FD3D11DynamicRHI
[2019.11.16-21.46.35:090][189]LogModuleManager: Shutting down and abandoning module HierarchicalLODOutliner (644)
[2019.11.16-21.46.35:091][189]LogModuleManager: Shutting down and abandoning module SceneOutliner (642)
[2019.11.16-21.46.35:091][189]LogModuleManager: Shutting down and abandoning module AddContentDialog (640)
[2019.11.16-21.46.35:120][189]LogModuleManager: Shutting down and abandoning module WidgetCarousel (639)
[2019.11.16-21.46.35:120][189]LogModuleManager: Shutting down and abandoning module EditorWidgets (636)
[2019.11.16-21.46.35:120][189]LogModuleManager: Shutting down and abandoning module CollectionManager (634)
[2019.11.16-21.46.35:120][189]LogModuleManager: Shutting down and abandoning module StatsViewer (632)
[2019.11.16-21.46.35:129][189]LogModuleManager: Shutting down and abandoning module FoliageEdit (630)
[2019.11.16-21.46.35:129][189]LogModuleManager: Shutting down and abandoning module LandscapeEditor (628)
[2019.11.16-21.46.35:130][189]LogModuleManager: Shutting down and abandoning module MeshPaintMode (626)
[2019.11.16-21.46.35:130][189]LogModuleManager: Shutting down and abandoning module SceneDepthPickerMode (624)
[2019.11.16-21.46.35:130][189]LogModuleManager: Shutting down and abandoning module ActorPickerMode (622)
[2019.11.16-21.46.35:130][189]LogModuleManager: Shutting down and abandoning module GeometryMode (620)
[2019.11.16-21.46.35:130][189]LogModuleManager: Shutting down and abandoning module TextureAlignMode (618)
[2019.11.16-21.46.35:130][189]LogModuleManager: Shutting down and abandoning module BspMode (616)
[2019.11.16-21.46.35:130][189]LogModuleManager: Shutting down and abandoning module PIEPreviewDeviceProfileSelector (614)
[2019.11.16-21.46.35:175][189]LogModuleManager: Shutting down and abandoning module SequenceRecorderSections (612)
[2019.11.16-21.46.35:175][189]LogModuleManager: Shutting down and abandoning module AutomationWorker (610)
[2019.11.16-21.46.35:175][189]LogModuleManager: Shutting down and abandoning module OculusMR (608)
[2019.11.16-21.46.35:175][189]LogModuleManager: Shutting down and abandoning module AudioCaptureEditor (606)
[2019.11.16-21.46.35:175][189]LogModuleManager: Shutting down and abandoning module MatineeToLevelSequence (604)
[2019.11.16-21.46.35:175][189]LogModuleManager: Shutting down and abandoning module LevelSequenceEditor (602)
[2019.11.16-21.46.35:189][189]LogModuleManager: Shutting down and abandoning module PlacementMode (601)
[2019.11.16-21.46.35:189][189]LogModuleManager: Shutting down and abandoning module MaterialEditor (600)
[2019.11.16-21.46.35:350][189]LogModuleManager: Shutting down and abandoning module ActorSequenceEditor (596)
[2019.11.16-21.46.35:350][189]LogModuleManager: Shutting down and abandoning module WmfMediaFactory (594)
[2019.11.16-21.46.35:350][189]LogModuleManager: Shutting down and abandoning module WmfMediaEditor (592)
[2019.11.16-21.46.35:350][189]LogModuleManager: Shutting down and abandoning module WebMMediaFactory (590)
[2019.11.16-21.46.35:350][189]LogModuleManager: Shutting down and abandoning module WebMMediaEditor (588)
[2019.11.16-21.46.35:350][189]LogModuleManager: Shutting down and abandoning module WebMMedia (586)
[2019.11.16-21.46.35:350][189]LogModuleManager: Shutting down and abandoning module MediaPlayerEditor (584)
[2019.11.16-21.46.35:350][189]LogModuleManager: Shutting down and abandoning module MediaCompositingEditor (582)
[2019.11.16-21.46.35:350][189]LogModuleManager: Shutting down and abandoning module SequenceRecorder (581)
[2019.11.16-21.46.35:350][189]LogModuleManager: Shutting down and abandoning module OpenExrWrapper (578)
[2019.11.16-21.46.35:350][189]LogModuleManager: Shutting down and abandoning module ImgMediaFactory (576)
[2019.11.16-21.46.35:350][189]LogModuleManager: Shutting down and abandoning module ImgMediaEditor (574)
[2019.11.16-21.46.35:350][189]LogModuleManager: Shutting down and abandoning module AvfMediaFactory (572)
[2019.11.16-21.46.35:350][189]LogModuleManager: Shutting down and abandoning module AvfMediaEditor (570)
[2019.11.16-21.46.35:350][189]LogModuleManager: Shutting down and abandoning module AndroidMediaFactory (568)
[2019.11.16-21.46.35:350][189]LogModuleManager: Shutting down and abandoning module AndroidMediaEditor (566)
[2019.11.16-21.46.35:350][189]LogModuleManager: Shutting down and abandoning module MagicLeapCameraPreviewFactory (564)
[2019.11.16-21.46.35:350][189]LogModuleManager: Shutting down and abandoning module MagicLeapMediaCodecFactory (562)
[2019.11.16-21.46.35:350][189]LogModuleManager: Shutting down and abandoning module MagicLeapMediaFactory (560)
[2019.11.16-21.46.35:350][189]LogModuleManager: Shutting down and abandoning module MagicLeapMediaEditor (558)
[2019.11.16-21.46.35:350][189]LogModuleManager: Shutting down and abandoning module CharacterAI (556)
[2019.11.16-21.46.35:350][189]LogModuleManager: Shutting down and abandoning module SmartSnapping (554)
[2019.11.16-21.46.35:351][189]LogModuleManager: Shutting down and abandoning module SessionServices (552)
[2019.11.16-21.46.35:351][189]LogModuleManager: Shutting down and abandoning module MeshPaint (550)
[2019.11.16-21.46.35:351][189]LogModuleManager: Shutting down and abandoning module ViewportSnapping (548)
[2019.11.16-21.46.35:351][189]LogModuleManager: Shutting down and abandoning module ViewportInteraction (546)
[2019.11.16-21.46.35:351][189]LogModuleManager: Shutting down and abandoning module ClothPainter (544)
[2019.11.16-21.46.35:361][189]LogModuleManager: Shutting down and abandoning module SkeletalMeshEditor (543)
[2019.11.16-21.46.35:362][189]LogModuleManager: Shutting down and abandoning module LogVisualizer (540)
[2019.11.16-21.46.35:362][189]LogModuleManager: Shutting down and abandoning module IntroTutorials (538)
[2019.11.16-21.46.35:362][189]LogModuleManager: Shutting down and abandoning module GameProjectGeneration (537)
[2019.11.16-21.46.35:374][189]LogModuleManager: Shutting down and abandoning module LuminPlatformEditor (534)
[2019.11.16-21.46.35:374][189]LogModuleManager: Shutting down and abandoning module IOSPlatformEditor (532)
[2019.11.16-21.46.35:374][189]LogModuleManager: Shutting down and abandoning module HTML5PlatformEditor (530)
[2019.11.16-21.46.35:374][189]LogModuleManager: Shutting down and abandoning module AndroidPlatformEditor (528)
[2019.11.16-21.46.35:374][189]LogModuleManager: Shutting down and abandoning module AndroidDeviceDetection (527)
[2019.11.16-21.46.36:285][189]LogModuleManager: Shutting down and abandoning module WindowsPlatformEditor (524)
[2019.11.16-21.46.36:285][189]LogModuleManager: Shutting down and abandoning module LuminRuntimeSettings (522)
[2019.11.16-21.46.36:286][189]LogModuleManager: Shutting down and abandoning module IOSRuntimeSettings (520)
[2019.11.16-21.46.36:286][189]LogModuleManager: Shutting down and abandoning module AndroidRuntimeSettings (518)
[2019.11.16-21.46.36:286][189]LogModuleManager: Shutting down and abandoning module TimeManagementEditor (516)
[2019.11.16-21.46.36:286][189]LogModuleManager: Shutting down and abandoning module InputBindingEditor (514)
[2019.11.16-21.46.36:286][189]LogModuleManager: Shutting down and abandoning module MergeActors (512)
[2019.11.16-21.46.36:286][189]LogModuleManager: Shutting down and abandoning module LocalizationDashboard (510)
[2019.11.16-21.46.36:286][189]LogModuleManager: Shutting down and abandoning module LocalizationService (509)
[2019.11.16-21.46.36:286][189]LogModuleManager: Shutting down and abandoning module HardwareTargeting (506)
[2019.11.16-21.46.36:286][189]LogModuleManager: Shutting down and abandoning module DeviceProfileEditor (504)
[2019.11.16-21.46.36:286][189]LogModuleManager: Shutting down and abandoning module UndoHistory (502)
[2019.11.16-21.46.36:286][189]LogModuleManager: Shutting down and abandoning module XmlParser (500)
[2019.11.16-21.46.36:304][189]LogModuleManager: Shutting down and abandoning module Blutility (498)
[2019.11.16-21.46.36:304][189]LogModuleManager: Shutting down and abandoning module ProjectSettingsViewer (496)
[2019.11.16-21.46.36:304][189]LogModuleManager: Shutting down and abandoning module ProjectTargetPlatformEditor (495)
[2019.11.16-21.46.36:304][189]LogModuleManager: Shutting down and abandoning module EditorSettingsViewer (492)
[2019.11.16-21.46.36:304][189]LogModuleManager: Shutting down and abandoning module SettingsEditor (490)
[2019.11.16-21.46.36:304][189]LogModuleManager: Shutting down and abandoning module ProjectLauncher (488)
[2019.11.16-21.46.36:304][189]LogModuleManager: Shutting down and abandoning module SessionFrontend (486)
[2019.11.16-21.46.36:304][189]LogModuleManager: Shutting down and abandoning module ProfilerClient (484)
[2019.11.16-21.46.36:304][189]LogModuleManager: Shutting down and abandoning module DeviceManager (482)
[2019.11.16-21.46.36:304][189]LogModuleManager: Shutting down and abandoning module TargetDeviceServices (481)
[2019.11.16-21.46.36:348][189]LogModuleManager: Shutting down and abandoning module AutomationController (478)
[2019.11.16-21.46.36:348][189]LogModuleManager: Shutting down and abandoning module AutomationWindow (476)
[2019.11.16-21.46.36:348][189]LogModuleManager: Shutting down and abandoning module Layers (474)
[2019.11.16-21.46.36:348][189]LogModuleManager: Shutting down and abandoning module ComponentVisualizers (472)
[2019.11.16-21.46.36:348][189]LogModuleManager: Shutting down and abandoning module DetailCustomizations (470)
[2019.11.16-21.46.36:457][189]LogModuleManager: Shutting down and abandoning module PackagesDialog (468)
[2019.11.16-21.46.36:457][189]LogModuleManager: Shutting down and abandoning module AnimationBlueprintEditor (466)
[2019.11.16-21.46.36:480][189]LogModuleManager: Shutting down and abandoning module Persona (464)
[2019.11.16-21.46.36:480][189]LogModuleManager: Shutting down and abandoning module AdvancedPreviewScene (463)
[2019.11.16-21.46.36:480][189]LogModuleManager: Shutting down and abandoning module AnimGraph (461)
[2019.11.16-21.46.36:480][189]LogModuleManager: Shutting down and abandoning module Kismet (458)
[2019.11.16-21.46.36:507][189]LogModuleManager: Shutting down and abandoning module GraphEditor (456)
[2019.11.16-21.46.36:573][189]LogModuleManager: Shutting down and abandoning module ClassViewer (454)
[2019.11.16-21.46.36:573][189]LogModuleManager: Shutting down and abandoning module Toolbox (452)
[2019.11.16-21.46.36:573][189]LogModuleManager: Shutting down and abandoning module ModuleUI (450)
[2019.11.16-21.46.36:573][189]LogModuleManager: Shutting down and abandoning module MovieSceneTools (448)
[2019.11.16-21.46.36:580][189]LogModuleManager: Shutting down and abandoning module OutputLog (446)
[2019.11.16-21.46.36:580][189]LogModuleManager: Shutting down and abandoning module GammaUI (444)
[2019.11.16-21.46.36:580][189]LogModuleManager: Shutting down and abandoning module Documentation (442)
[2019.11.16-21.46.36:580][189]LogModuleManager: Shutting down and abandoning module LiveCoding (440)
[2019.11.16-21.46.36:580][189]LogModuleManager: Shutting down and abandoning module LevelSequence (438)
[2019.11.16-21.46.36:581][189]LogModuleManager: Shutting down and abandoning module MovieSceneTracks (436)
[2019.11.16-21.46.36:581][189]LogModuleManager: Shutting down and abandoning module MovieScene (434)
[2019.11.16-21.46.36:593][189]LogModuleManager: Shutting down and abandoning module StreamingPauseRendering (432)
[2019.11.16-21.46.36:593][189]LogModuleManager: Shutting down and abandoning module LauncherPlatform (430)
[2019.11.16-21.46.36:593][189]LogModuleManager: Shutting down and abandoning module AnalyticsET (428)
[2019.11.16-21.46.36:593][189]LogModuleManager: Shutting down and abandoning module PortalServices (426)
[2019.11.16-21.46.36:594][189]LogModuleManager: Shutting down and abandoning module PortalRpc (424)
[2019.11.16-21.46.36:594][189]LogModuleManager: Shutting down and abandoning module MessagingRpc (422)
[2019.11.16-21.46.36:594][189]LogModuleManager: Shutting down and abandoning module AIModule (420)
[2019.11.16-21.46.36:623][189]LogModuleManager: Shutting down and abandoning module GameplayDebugger (419)
[2019.11.16-21.46.36:665][189]LogModuleManager: Shutting down and abandoning module AITestSuite (417)
[2019.11.16-21.46.36:672][189]LogModuleManager: Shutting down and abandoning module NavigationSystem (415)
[2019.11.16-21.46.36:672][189]LogModuleManager: Shutting down and abandoning module ImageWriteQueue (412)
[2019.11.16-21.46.36:678][189]LogModuleManager: Shutting down and abandoning module ProfilerService (410)
[2019.11.16-21.46.36:962][189]LogModuleManager: Shutting down and abandoning module TaskGraph (408)
[2019.11.16-21.46.36:984][189]LogModuleManager: Shutting down and abandoning module SteamVRController (406)
[2019.11.16-21.46.36:984][189]LogModuleManager: Shutting down and abandoning module ProceduralMeshComponentEditor (404)
[2019.11.16-21.46.36:998][189]LogModuleManager: Shutting down and abandoning module ProceduralMeshComponent (402)
[2019.11.16-21.46.37:006][189]LogModuleManager: Shutting down and abandoning module OculusEditor (400)
[2019.11.16-21.46.37:006][189]LogModuleManager: Shutting down and abandoning module OculusInput (398)
[2019.11.16-21.46.37:006][189]LogModuleManager: Shutting down and abandoning module MobilePatchingUtils (396)
[2019.11.16-21.46.37:007][189]LogModuleManager: Shutting down and abandoning module EditableMesh (394)
[2019.11.16-21.46.37:010][189]LogModuleManager: Shutting down and abandoning module CustomMeshComponent (392)
[2019.11.16-21.46.37:010][189]LogModuleManager: Shutting down and abandoning module CableComponent (390)
[2019.11.16-21.46.37:010][189]LogModuleManager: Shutting down and abandoning module AudioCapture (388)
[2019.11.16-21.46.37:010][189]LogModuleManager: Shutting down and abandoning module ArchVisCharacter (386)
[2019.11.16-21.46.37:010][189]LogModuleManager: Shutting down and abandoning module AndroidPermission (384)
[2019.11.16-21.46.37:010][189]LogModuleManager: Shutting down and abandoning module NUTUnrealEngine4 (382)
[2019.11.16-21.46.37:022][189]LogModuleManager: Shutting down and abandoning module NetcodeUnitTest (380)
[2019.11.16-21.46.37:036][189]LogModuleManager: Shutting down and abandoning module MediaCompositing (378)
[2019.11.16-21.46.37:036][189]LogModuleManager: Shutting down and abandoning module LinearTimecode (376)
[2019.11.16-21.46.37:036][189]LogModuleManager: Shutting down and abandoning module ImgMedia (374)
[2019.11.16-21.46.37:036][189]LogModuleManager: Shutting down and abandoning module MagicLeapHelperVulkan (372)
[2019.11.16-21.46.37:036][189]LogModuleManager: Shutting down and abandoning module MagicLeapHelperOpenGL (370)
[2019.11.16-21.46.37:036][189]LogModuleManager: Shutting down and abandoning module MagicLeapAudio (368)
[2019.11.16-21.46.37:036][189]LogModuleManager: Shutting down and abandoning module HTML5Networking (366)
[2019.11.16-21.46.37:036][189]LogModuleManager: Shutting down and abandoning module GeometryCacheTracks (364)
[2019.11.16-21.46.37:036][189]LogModuleManager: Shutting down and abandoning module GeometryCacheSequencer (362)
[2019.11.16-21.46.37:036][189]LogModuleManager: Shutting down and abandoning module BackChannel (360)
[2019.11.16-21.46.37:036][189]LogModuleManager: Shutting down and abandoning module AppleVision (358)
[2019.11.16-21.46.37:036][189]LogModuleManager: Shutting down and abandoning module AppleImageUtilsBlueprintSupport (356)
[2019.11.16-21.46.37:036][189]LogModuleManager: Shutting down and abandoning module AppleImageUtils (354)
[2019.11.16-21.46.37:036][189]LogModuleManager: Shutting down and abandoning module AlembicImporter (352)
[2019.11.16-21.46.37:036][189]LogModuleManager: Shutting down and abandoning module AlembicLibrary (351)
[2019.11.16-21.46.37:036][189]LogModuleManager: Shutting down and abandoning module GeometryCache (350)
[2019.11.16-21.46.37:036][189]LogModuleManager: Shutting down and abandoning module GeometryCacheEd (349)
[2019.11.16-21.46.37:036][189]LogModuleManager: Shutting down and abandoning module VariantManagerContent (344)
[2019.11.16-21.46.37:036][189]LogModuleManager: Shutting down and abandoning module DatasmithContentEditor (342)
[2019.11.16-21.46.37:036][189]LogModuleManager: Shutting down and abandoning module SpeedTreeImporter (340)
[2019.11.16-21.46.37:036][189]LogModuleManager: Shutting down and abandoning module PluginBrowser (338)
[2019.11.16-21.46.37:036][189]LogModuleManager: Shutting down and abandoning module MobileLauncherProfileWizard (336)
[2019.11.16-21.46.37:036][189]LogModuleManager: Shutting down and abandoning module MaterialAnalyzer (334)
[2019.11.16-21.46.37:036][189]LogModuleManager: Shutting down and abandoning module CryptoKeysOpenSSL (332)
[2019.11.16-21.46.37:036][189]LogModuleManager: Shutting down and abandoning module CryptoKeys (330)
[2019.11.16-21.46.37:036][189]LogModuleManager: Shutting down and abandoning module VisualStudioSourceCodeAccess (328)
[2019.11.16-21.46.37:036][189]LogModuleManager: Shutting down and abandoning module VisualStudioCodeSourceCodeAccess (326)
[2019.11.16-21.46.37:036][189]LogModuleManager: Shutting down and abandoning module UObjectPlugin (324)
[2019.11.16-21.46.37:036][189]LogModuleManager: Shutting down and abandoning module SubversionSourceControl (322)
[2019.11.16-21.46.37:036][189]LogModuleManager: Shutting down and abandoning module PerforceSourceControl (320)
[2019.11.16-21.46.37:036][189]LogModuleManager: Shutting down and abandoning module GitSourceControl (318)
[2019.11.16-21.46.37:036][189]LogModuleManager: Shutting down and abandoning module SourceControl (317)
[2019.11.16-21.46.37:046][189]LogModuleManager: Shutting down and abandoning module CLionSourceCodeAccess (314)
[2019.11.16-21.46.37:046][189]LogModuleManager: Shutting down and abandoning module AnimationSharingEd (312)
[2019.11.16-21.46.37:046][189]LogModuleManager: Shutting down and abandoning module ActorLayerUtilitiesEditor (310)
[2019.11.16-21.46.37:046][189]LogModuleManager: Shutting down and abandoning module ActorLayerUtilities (308)
[2019.11.16-21.46.37:046][189]LogModuleManager: Shutting down and abandoning module LightPropagationVolumeEditor (306)
[2019.11.16-21.46.37:046][189]LogModuleManager: Shutting down and abandoning module PaperTiledImporter (304)
[2019.11.16-21.46.37:046][189]LogModuleManager: Shutting down and abandoning module PaperSpriteSheetImporter (302)
[2019.11.16-21.46.37:046][189]LogModuleManager: Shutting down and abandoning module Paper2DEditor (300)
[2019.11.16-21.46.37:046][189]LogModuleManager: Shutting down and abandoning module PathFinding (298)
[2019.11.16-21.46.37:046][189]LogModuleManager: Shutting down and abandoning module SignificanceManager (296)
[2019.11.16-21.46.37:046][189]LogModuleManager: Shutting down and abandoning module RuntimePhysXCooking (294)
[2019.11.16-21.46.37:046][189]LogModuleManager: Shutting down and abandoning module PhysXVehiclesEditor (292)
[2019.11.16-21.46.37:046][189]LogModuleManager: Shutting down and abandoning module PhysXVehicles (290)
[2019.11.16-21.46.37:046][189]LogModuleManager: Shutting down and abandoning module LocationServicesBPLibrary (288)
[2019.11.16-21.46.37:046][189]LogModuleManager: Shutting down and abandoning module ActorSequence (286)
[2019.11.16-21.46.37:046][189]LogModuleManager: Shutting down and abandoning module UdpMessaging (284)
[2019.11.16-21.46.37:148][189]LogModuleManager: Shutting down and abandoning module TcpMessaging (282)
[2019.11.16-21.46.37:249][189]LogModuleManager: Shutting down and abandoning module MagicLeapIdentity (280)
[2019.11.16-21.46.37:249][189]LogModuleManager: Shutting down and abandoning module MagicLeapSecureStorage (278)
[2019.11.16-21.46.37:249][189]LogModuleManager: Shutting down and abandoning module MagicLeapHandTracking (276)
[2019.11.16-21.46.37:249][189]LogModuleManager: Shutting down and abandoning module MagicLeapEyeTracker (274)
[2019.11.16-21.46.37:249][189]LogModuleManager: Shutting down and abandoning module MagicLeapController (272)
[2019.11.16-21.46.37:266][189]LogSlate: Slate User Destroyed.  User Index 0, Is Virtual User: 0
[2019.11.16-21.46.37:266][189]LogModuleManager: Shutting down and abandoning module MagicLeapAR (270)
[2019.11.16-21.46.37:266][189]LogModuleManager: Shutting down and abandoning module AugmentedReality (269)
[2019.11.16-21.46.37:266][189]LogModuleManager: Shutting down and abandoning module GameplayTagsEditor (266)
[2019.11.16-21.46.37:266][189]LogModuleManager: Shutting down and abandoning module FacialAnimationEditor (264)
[2019.11.16-21.46.37:266][189]LogModuleManager: Shutting down and abandoning module FacialAnimation (262)
[2019.11.16-21.46.37:266][189]LogModuleManager: Shutting down and abandoning module DataValidation (260)
[2019.11.16-21.46.37:266][189]LogModuleManager: Shutting down and abandoning module AssetManagerEditor (258)
[2019.11.16-21.46.37:266][189]LogModuleManager: Shutting down and abandoning module LevelEditor (257)
[2019.11.16-21.46.37:284][189]LogModuleManager: Shutting down and abandoning module PixelInspectorModule (256)
[2019.11.16-21.46.37:284][189]LogModuleManager: Shutting down and abandoning module CommonMenuExtensions (254)
[2019.11.16-21.46.37:284][189]LogModuleManager: Shutting down and abandoning module MainFrame (252)
[2019.11.16-21.46.37:284][189]LogModuleManager: Shutting down and abandoning module HotReload (251)
[2019.11.16-21.46.37:285][189]LogModuleManager: Shutting down and abandoning module ContentBrowser (247)
[2019.11.16-21.46.37:286][189]LogModuleManager: Shutting down and abandoning module TreeMap (245)
[2019.11.16-21.46.37:286][189]LogModuleManager: Shutting down and abandoning module AnimationSharing (242)
[2019.11.16-21.46.37:286][189]LogModuleManager: Shutting down and abandoning module LightPropagationVolumeRuntime (240)
[2019.11.16-21.46.37:286][189]LogModuleManager: Shutting down and abandoning module AISupportModule (238)
[2019.11.16-21.46.37:286][189]LogModuleManager: Shutting down and abandoning module Paper2D (236)
[2019.11.16-21.46.37:286][189]LogModuleManager: Shutting down and abandoning module WindowsMoviePlayer (234)
[2019.11.16-21.46.37:286][189]LogModuleManager: Shutting down and abandoning module WebMMoviePlayer (232)
[2019.11.16-21.46.37:286][189]LogModuleManager: Shutting down and abandoning module PacketHandler (230)
[2019.11.16-21.46.37:286][189]LogModuleManager: Shutting down and abandoning module ClothingSystemEditor (228)
[2019.11.16-21.46.37:286][189]LogModuleManager: Shutting down and abandoning module ClothingSystemRuntime (226)
[2019.11.16-21.46.37:298][189]LogModuleManager: Shutting down and abandoning module MediaAssets (224)
[2019.11.16-21.46.37:298][189]LogModuleManager: Shutting down and abandoning module Overlay (222)
[2019.11.16-21.46.37:298][189]LogModuleManager: Shutting down and abandoning module OverlayEditor (221)
[2019.11.16-21.46.37:298][189]LogModuleManager: Shutting down and abandoning module VREditor (218)
[2019.11.16-21.46.37:321][189]LogModuleManager: Shutting down and abandoning module StringTableEditor (216)
[2019.11.16-21.46.37:321][189]LogModuleManager: Shutting down and abandoning module GameplayTasksEditor (214)
[2019.11.16-21.46.37:321][189]LogModuleManager: Shutting down and abandoning module BehaviorTreeEditor (212)
[2019.11.16-21.46.37:321][189]LogModuleManager: Shutting down and abandoning module FunctionalTesting (210)
[2019.11.16-21.46.37:321][189]LogModuleManager: Shutting down and abandoning module CollisionAnalyzer (208)
[2019.11.16-21.46.37:321][189]LogModuleManager: Shutting down and abandoning module WorkspaceMenuStructure (207)
[2019.11.16-21.46.37:321][189]LogModuleManager: Shutting down and abandoning module UMG (204)
[2019.11.16-21.46.37:328][189]LogModuleManager: Shutting down and abandoning module UMGEditor (203)
[2019.11.16-21.46.37:402][189]LogModuleManager: Shutting down and abandoning module Sequencer (202)
[2019.11.16-21.46.37:454][189]LogModuleManager: Shutting down and abandoning module MessageLog (199)
[2019.11.16-21.46.37:454][189]LogModuleManager: Shutting down and abandoning module SlateReflector (194)
[2019.11.16-21.46.37:454][189]LogModuleManager: Shutting down and abandoning module Slate (192)
[2019.11.16-21.46.37:454][189]LogModuleManager: Shutting down and abandoning module EditorStyle (190)
[2019.11.16-21.46.37:455][189]LogModuleManager: Shutting down and abandoning module UnrealEd (188)
[2019.11.16-21.46.37:463][189]LogModuleManager: Shutting down and abandoning module MRMesh (186)
[2019.11.16-21.46.37:463][189]LogModuleManager: Shutting down and abandoning module SourceCodeAccess (184)
[2019.11.16-21.46.37:463][189]LogModuleManager: Shutting down and abandoning module HeadMountedDisplay (182)
[2019.11.16-21.46.37:463][189]LogModuleManager: Shutting down and abandoning module XAudio2 (180)
[2019.11.16-21.46.37:463][189]LogModuleManager: Shutting down and abandoning module Networking (178)
[2019.11.16-21.46.37:463][189]LogModuleManager: Shutting down and abandoning module Core (176)
[2019.11.16-21.46.37:463][189]LogModuleManager: Shutting down and abandoning module KismetCompiler (174)
[2019.11.16-21.46.37:463][189]LogModuleManager: Shutting down and abandoning module MeshUtilities (172)
[2019.11.16-21.46.37:463][189]LogModuleManager: Shutting down and abandoning module MeshMergeUtilities (171)
[2019.11.16-21.46.37:463][189]LogModuleManager: Shutting down and abandoning module MeshReductionInterface (170)
[2019.11.16-21.46.37:463][189]LogModuleManager: Shutting down and abandoning module SkeletalMeshReduction (169)
[2019.11.16-21.46.37:463][189]LogModuleManager: Shutting down and abandoning module ProxyLODMeshReduction (167)
[2019.11.16-21.46.37:463][189]LogModuleManager: Shutting down and abandoning module QuadricMeshReduction (165)
[2019.11.16-21.46.37:463][189]LogModuleManager: Shutting down and abandoning module MaterialBaking (161)
[2019.11.16-21.46.37:471][189]LogModuleManager: Shutting down and abandoning module DerivedDataCache (156)
[2019.11.16-21.46.37:572][189]LogDerivedDataCache: Shutdown
[2019.11.16-21.46.37:572][189]LogModuleManager: Shutting down and abandoning module XGEController (154)
[2019.11.16-21.46.37:586][189]LogModuleManager: Shutting down and abandoning module TargetPlatform (152)
[2019.11.16-21.46.37:647][189]LogModuleManager: Shutting down and abandoning module VulkanShaderFormat (151)
[2019.11.16-21.46.37:647][189]LogModuleManager: Shutting down and abandoning module ShaderFormatVectorVM (149)
[2019.11.16-21.46.37:647][189]LogModuleManager: Shutting down and abandoning module ShaderFormatOpenGL (147)
[2019.11.16-21.46.37:647][189]LogModuleManager: Shutting down and abandoning module ShaderFormatD3D (145)
[2019.11.16-21.46.37:647][189]LogModuleManager: Shutting down and abandoning module MetalShaderFormat (143)
[2019.11.16-21.46.37:647][189]LogModuleManager: Shutting down and abandoning module TextureFormatUncompressed (141)
[2019.11.16-21.46.37:647][189]LogModuleManager: Shutting down and abandoning module TextureFormatPVR (139)
[2019.11.16-21.46.37:647][189]LogModuleManager: Shutting down and abandoning module TextureFormatDXT (137)
[2019.11.16-21.46.37:647][189]LogModuleManager: Shutting down and abandoning module TextureFormatIntelISPCTexComp (135)
[2019.11.16-21.46.37:647][189]LogModuleManager: Shutting down and abandoning module TextureFormatASTC (133)
[2019.11.16-21.46.37:647][189]LogModuleManager: Shutting down and abandoning module ImageWrapper (132)
[2019.11.16-21.46.37:647][189]LogModuleManager: Shutting down and abandoning module TextureFormatAndroid (129)
[2019.11.16-21.46.37:647][189]LogModuleManager: Shutting down and abandoning module AudioFormatOpus (127)
[2019.11.16-21.46.37:647][189]LogModuleManager: Shutting down and abandoning module AudioFormatOgg (125)
[2019.11.16-21.46.37:647][189]LogModuleManager: Shutting down and abandoning module AudioFormatADPCM (123)
[2019.11.16-21.46.37:647][189]LogModuleManager: Shutting down and abandoning module LuminTargetPlatform (121)
[2019.11.16-21.46.37:648][189]LogModuleManager: Shutting down and abandoning module LinuxTargetPlatform (119)
[2019.11.16-21.46.37:648][189]LogModuleManager: Shutting down and abandoning module LinuxServerTargetPlatform (117)
[2019.11.16-21.46.37:648][189]LogModuleManager: Shutting down and abandoning module LinuxNoEditorTargetPlatform (115)
[2019.11.16-21.46.37:648][189]LogModuleManager: Shutting down and abandoning module LinuxClientTargetPlatform (113)
[2019.11.16-21.46.37:648][189]LogModuleManager: Shutting down and abandoning module TVOSTargetPlatform (111)
[2019.11.16-21.46.37:649][189]LogModuleManager: Shutting down and abandoning module Messaging (109)
[2019.11.16-21.46.37:649][189]LogModuleManager: Shutting down and abandoning module IOSTargetPlatform (107)
[2019.11.16-21.46.37:650][189]LogModuleManager: Shutting down and abandoning module HTML5TargetPlatform (105)
[2019.11.16-21.46.37:650][189]LogModuleManager: Shutting down and abandoning module AndroidTargetPlatform (103)
[2019.11.16-21.46.37:660][189]LogModuleManager: Shutting down and abandoning module WindowsTargetPlatform (101)
[2019.11.16-21.46.37:660][189]LogModuleManager: Shutting down and abandoning module WindowsServerTargetPlatform (99)
[2019.11.16-21.46.37:660][189]LogModuleManager: Shutting down and abandoning module WindowsNoEditorTargetPlatform (97)
[2019.11.16-21.46.37:660][189]LogModuleManager: Shutting down and abandoning module WindowsClientTargetPlatform (95)
[2019.11.16-21.46.37:660][189]LogModuleManager: Shutting down and abandoning module MacTargetPlatform (93)
[2019.11.16-21.46.37:660][189]LogModuleManager: Shutting down and abandoning module MacServerTargetPlatform (91)
[2019.11.16-21.46.37:660][189]LogModuleManager: Shutting down and abandoning module MacNoEditorTargetPlatform (89)
[2019.11.16-21.46.37:660][189]LogModuleManager: Shutting down and abandoning module MacClientTargetPlatform (87)
[2019.11.16-21.46.37:661][189]LogModuleManager: Shutting down and abandoning module AllDesktopTargetPlatform (85)
[2019.11.16-21.46.37:661][189]LogModuleManager: Shutting down and abandoning module InputCore (82)
[2019.11.16-21.46.37:661][189]LogModuleManager: Shutting down and abandoning module Settings (80)
[2019.11.16-21.46.37:661][189]LogModuleManager: Shutting down and abandoning module DirectoryWatcher (78)
[2019.11.16-21.46.37:661][189]LogModuleManager: Shutting down and abandoning module PhysXCooking (76)
[2019.11.16-21.46.37:661][189]LogModuleManager: Shutting down and abandoning module SteamVR (74)
[2019.11.16-21.46.37:661][189]LogHMD: Freeing OpenVRDLLHandle.
[2019.11.16-21.46.37:661][189]LogModuleManager: Shutting down and abandoning module OculusHMD (72)
[2019.11.16-21.46.37:661][189]LogModuleManager: Shutting down and abandoning module ExampleDeviceProfileSelector (70)
[2019.11.16-21.46.37:661][189]LogModuleManager: Shutting down and abandoning module LauncherChunkInstaller (68)
[2019.11.16-21.46.37:661][189]LogModuleManager: Shutting down and abandoning module OnlineBlueprintSupport (66)
[2019.11.16-21.46.37:661][189]LogModuleManager: Shutting down and abandoning module OnlineSubsystem (62)
[2019.11.16-21.46.37:662][189]LogModuleManager: Shutting down and abandoning module XMPP (57)
[2019.11.16-21.46.37:662][189]LogModuleManager: Shutting down and abandoning module WebSockets (56)
[2019.11.16-21.46.37:664][189]LogModuleManager: Shutting down and abandoning module HTTP (53)
[2019.11.16-21.46.37:664][189]LogHttp: Display: Http module shutting down, but needs to wait on 1 outstanding Http requests:
[2019.11.16-21.46.37:664][189]LogHttp: Display: 	verb=[POST] url=[https://datarouter.ol.epicgames.com/datarouter/api/v1/public/data?SessionID=%7BFC7F59A1-41E3-E47F-B9A7-1DBFD8C570A0%7D&AppID=UEEditor.Rocket.Release&AppVersion=4.22.3-7053642%2B%2B%2BUE4%2BRelease-4.22&UserID=1b4325594b10908b23198d9fba47b14f%7C715cf1e8804c44c3a53b941c6473d2e1%7C1812f79c-1ab6-4fd0-9a69-77f57eb22511&AppEnvironment=datacollector-binary&UploadType=eteventstream] status=Processing
[2019.11.16-21.46.37:670][189]LogModuleManager: Shutting down and abandoning module SSL (52)
[2019.11.16-21.46.37:671][189]LogModuleManager: Shutting down and abandoning module WmfMedia (48)
[2019.11.16-21.46.37:673][189]LogModuleManager: Shutting down and abandoning module Media (47)
[2019.11.16-21.46.37:680][189]LogModuleManager: Shutting down and abandoning module MagicLeap (44)
[2019.11.16-21.46.37:680][189]LogModuleManager: Shutting down and abandoning module DatasmithContent (42)
[2019.11.16-21.46.37:681][189]LogModuleManager: Shutting down and abandoning module DesktopPlatform (40)
[2019.11.16-21.46.37:690][189]LogModuleManager: Shutting down and abandoning module AnimationModifiers (38)
[2019.11.16-21.46.37:697][189]LogModuleManager: Shutting down and abandoning module PropertyEditor (37)
[2019.11.16-21.46.37:779][189]LogModuleManager: Shutting down and abandoning module AudioEditor (34)
[2019.11.16-21.46.38:026][189]LogModuleManager: Shutting down and abandoning module TextureCompressor (32)
[2019.11.16-21.46.38:047][189]LogModuleManager: Shutting down and abandoning module RenderCore (30)
[2019.11.16-21.46.38:047][189]LogModuleManager: Shutting down and abandoning module Landscape (28)
[2019.11.16-21.46.38:047][189]LogModuleManager: Shutting down and abandoning module SlateRHIRenderer (26)
[2019.11.16-21.46.38:154][189]LogModuleManager: Shutting down and abandoning module OpenGLDrv (24)
[2019.11.16-21.46.38:224][189]LogModuleManager: Shutting down and abandoning module D3D11RHI (22)
[2019.11.16-21.46.38:224][189]LogModuleManager: Shutting down and abandoning module AnimGraphRuntime (20)
[2019.11.16-21.46.38:261][189]LogModuleManager: Shutting down and abandoning module Renderer (18)
[2019.11.16-21.46.38:261][189]LogModuleManager: Shutting down and abandoning module Engine (16)
[2019.11.16-21.46.38:261][189]LogModuleManager: Shutting down and abandoning module CoreUObject (14)
[2019.11.16-21.46.38:261][189]LogModuleManager: Shutting down and abandoning module NetworkFile (12)
[2019.11.16-21.46.38:271][189]LogModuleManager: Shutting down and abandoning module CookedIterativeFile (10)
[2019.11.16-21.46.38:271][189]LogModuleManager: Shutting down and abandoning module StreamingFile (8)
[2019.11.16-21.46.38:279][189]LogModuleManager: Shutting down and abandoning module SandboxFile (6)
[2019.11.16-21.46.38:279][189]LogModuleManager: Shutting down and abandoning module PakFile (4)
[2019.11.16-21.46.38:311][189]LogModuleManager: Shutting down and abandoning module RSA (3)
[2019.11.16-21.46.38:356][189]LogExit: Exiting.
[2019.11.16-21.46.38:395][189]Log file closed, 11/16/19 16:46:38
