Log file open, 11/29/19 20:35:42
LogWindows: Failed to load 'aqProf.dll' (GetLastError=126)
LogWindows: File 'aqProf.dll' does not exist
LogWindows: Failed to load 'VtuneApi.dll' (GetLastError=126)
LogWindows: File 'VtuneApi.dll' does not exist
LogWindows: Failed to load 'VtuneApi32e.dll' (GetLastError=126)
LogWindows: File 'VtuneApi32e.dll' does not exist
LogConsoleResponse: Display: Failed to find resolution value strings in scalability ini. Falling back to default.
LogInit: Display: Running engine for game: PathFinding
LogPakFile: Registered encryption key '00000000000000000000000000000000': 0 pak files mounted, 0 remain pending
LogPlatformFile: Not using cached read wrapper
LogTaskGraph: Started task graph with 5 named threads and 14 total threads with 3 sets of task threads.
LogStats: Stats thread started at 0.301785
LogD3D11RHI: Loaded GFSDK_Aftermath_Lib.x64.dll
LogICUInternationalization: ICU TimeZone Detection - Raw Offset: -5:00, Platform Override: ''
LogPluginManager: Mounting plugin Paper2D
LogPluginManager: Mounting plugin AISupport
LogPluginManager: Mounting plugin LightPropagationVolume
LogPluginManager: Mounting plugin ActorLayerUtilities
LogPluginManager: Mounting plugin AnimationSharing
LogPluginManager: Mounting plugin CLionSourceCodeAccess
LogPluginManager: Mounting plugin CodeLiteSourceCodeAccess
LogPluginManager: Mounting plugin GitSourceControl
LogPluginManager: Mounting plugin KDevelopSourceCodeAccess
LogPluginManager: Mounting plugin NullSourceCodeAccess
LogPluginManager: Mounting plugin PerforceSourceControl
LogPluginManager: Mounting plugin SubversionSourceControl
LogPluginManager: Mounting plugin UObjectPlugin
LogPluginManager: Mounting plugin VisualStudioCodeSourceCodeAccess
LogPluginManager: Mounting plugin VisualStudioSourceCodeAccess
LogPluginManager: Mounting plugin XCodeSourceCodeAccess
LogPluginManager: Mounting plugin AssetManagerEditor
LogPluginManager: Mounting plugin CryptoKeys
LogPluginManager: Mounting plugin DataValidation
LogPluginManager: Mounting plugin FacialAnimation
LogPluginManager: Mounting plugin GameplayTagsEditor
LogPluginManager: Mounting plugin MacGraphicsSwitching
LogPluginManager: Mounting plugin MaterialAnalyzer
LogPluginManager: Mounting plugin MobileLauncherProfileWizard
LogPluginManager: Mounting plugin PluginBrowser
LogPluginManager: Mounting plugin SpeedTreeImporter
LogPluginManager: Mounting plugin DatasmithContent
LogPluginManager: Mounting plugin VariantManagerContent
LogPluginManager: Mounting plugin AlembicImporter
LogPluginManager: Mounting plugin AppleImageUtils
LogPluginManager: Mounting plugin AppleVision
LogPluginManager: Mounting plugin BackChannel
LogPluginManager: Mounting plugin CharacterAI
LogPluginManager: Mounting plugin GeometryCache
LogPluginManager: Mounting plugin HTML5Networking
LogPluginManager: Mounting plugin ProxyLODPlugin
LogPluginManager: Mounting plugin SkeletalReduction
LogPluginManager: Mounting plugin MagicLeap
LogPluginManager: Mounting plugin MagicLeapMedia
LogPluginManager: Mounting plugin AndroidMedia
LogPluginManager: Mounting plugin AvfMedia
LogPluginManager: Mounting plugin ImgMedia
LogPluginManager: Mounting plugin LinearTimecode
LogPluginManager: Mounting plugin MediaCompositing
LogPluginManager: Mounting plugin MediaPlayerEditor
LogPluginManager: Mounting plugin WebMMedia
LogPluginManager: Mounting plugin WmfMedia
LogPluginManager: Mounting plugin TcpMessaging
LogPluginManager: Mounting plugin UdpMessaging
LogPluginManager: Mounting plugin ActorSequence
LogPluginManager: Mounting plugin LevelSequenceEditor
LogPluginManager: Mounting plugin MatineeToLevelSequence
LogPluginManager: Mounting plugin NetcodeUnitTest
LogPluginManager: Mounting plugin NUTUnrealEngine4
LogPluginManager: Mounting plugin OnlineSubsystemGooglePlay
LogPluginManager: Mounting plugin OnlineSubsystemIOS
LogPluginManager: Mounting plugin OnlineSubsystem
LogPluginManager: Mounting plugin OnlineSubsystemNull
LogPluginManager: Mounting plugin OnlineSubsystemUtils
LogPluginManager: Mounting plugin LauncherChunkInstaller
LogPluginManager: Mounting plugin AndroidDeviceProfileSelector
LogPluginManager: Mounting plugin AndroidMoviePlayer
LogPluginManager: Mounting plugin AndroidPermission
LogPluginManager: Mounting plugin AppleMoviePlayer
LogPluginManager: Mounting plugin ArchVisCharacter
LogPluginManager: Mounting plugin AudioCapture
LogPluginManager: Mounting plugin CableComponent
LogPluginManager: Mounting plugin CustomMeshComponent
LogPluginManager: Mounting plugin EditableMesh
LogPluginManager: Mounting plugin ExampleDeviceProfileSelector
LogPluginManager: Mounting plugin Firebase
LogPluginManager: Mounting plugin GoogleCloudMessaging
LogPluginManager: Mounting plugin IOSDeviceProfileSelector
LogPluginManager: Mounting plugin LinuxDeviceProfileSelector
LogPluginManager: Mounting plugin LocationServicesBPLibrary
LogPluginManager: Mounting plugin MobilePatchingUtils
LogPluginManager: Mounting plugin OculusVR
LogPluginManager: Mounting plugin PhysXVehicles
LogPluginManager: Mounting plugin ProceduralMeshComponent
LogPluginManager: Mounting plugin RuntimePhysXCooking
LogPluginManager: Mounting plugin SignificanceManager
LogPluginManager: Mounting plugin SteamVR
LogPluginManager: Mounting plugin WebMMoviePlayer
LogPluginManager: Mounting plugin WindowsMoviePlayer
LogInit: Using libcurl 7.55.1-DEV
LogInit:  - built for x86_64-pc-win32
LogInit:  - supports SSL with OpenSSL/1.1.1
LogInit:  - supports HTTP deflate (compression) using libz 1.2.8
LogInit:  - other features:
LogInit:      CURL_VERSION_SSL
LogInit:      CURL_VERSION_LIBZ
LogInit:      CURL_VERSION_IPV6
LogInit:      CURL_VERSION_ASYNCHDNS
LogInit:      CURL_VERSION_LARGEFILE
LogInit:      CURL_VERSION_IDN
LogInit:  CurlRequestOptions (configurable via config and command line):
LogInit:  - bVerifyPeer = true  - Libcurl will verify peer certificate
LogInit:  - bUseHttpProxy = false  - Libcurl will NOT use HTTP proxy
LogInit:  - bDontReuseConnections = false  - Libcurl will reuse connections
LogInit:  - MaxHostConnections = 16  - Libcurl will limit the number of connections to a host
LogInit:  - LocalHostAddr = Default
LogInit:  - BufferSize = 65536
LogInit: WinSock: version 1.1 (2.2), MaxSocks=32767, MaxUdp=65467
LogInit: Build: ++UE4+Release-4.22-CL-7053642
LogInit: Engine Version: 4.22.3-7053642+++UE4+Release-4.22
LogInit: Compatible Engine Version: 4.22.0-5660361+++UE4+Release-4.22
LogInit: Net CL: 5660361
LogInit: OS: Windows 10 (Release 1903) (), CPU: Intel(R) Core(TM) i5-4690K CPU @ 3.50GHz, GPU: NVIDIA GeForce GTX 1060 6GB
LogInit: Compiled (64-bit): Jun 18 2019 03:09:11
LogInit: Compiled with Visual C++: 19.16.27025.01
LogInit: Build Configuration: Development
LogInit: Branch Name: ++UE4+Release-4.22
LogInit: Command Line:  -skipcompile
LogInit: Base Directory: D:/Games/Fortnite/UE_4.22/Engine/Binaries/Win64/
LogInit: Installed Engine Build: 1
LogDevObjectVersion: Number of dev versions registered: 23
LogDevObjectVersion:   Dev-Blueprints (B0D832E4-1F89-4F0D-ACCF-7EB736FD4AA2): 10
LogDevObjectVersion:   Dev-Build (E1C64328-A22C-4D53-A36C-8E866417BD8C): 0
LogDevObjectVersion:   Dev-Core (375EC13C-06E4-48FB-B500-84F0262A717E): 3
LogDevObjectVersion:   Dev-Editor (E4B068ED-F494-42E9-A231-DA0B2E46BB41): 30
LogDevObjectVersion:   Dev-Framework (CFFC743F-43B0-4480-9391-14DF171D2073): 35
LogDevObjectVersion:   Dev-Mobile (B02B49B5-BB20-44E9-A304-32B752E40360): 2
LogDevObjectVersion:   Dev-Networking (A4E4105C-59A1-49B5-A7C5-40C4547EDFEE): 0
LogDevObjectVersion:   Dev-Online (39C831C9-5AE6-47DC-9A44-9C173E1C8E7C): 0
LogDevObjectVersion:   Dev-Physics (78F01B33-EBEA-4F98-B9B4-84EACCB95AA2): 0
LogDevObjectVersion:   Dev-Platform (6631380F-2D4D-43E0-8009-CF276956A95A): 0
LogDevObjectVersion:   Dev-Rendering (12F88B9F-8875-4AFC-A67C-D90C383ABD29): 28
LogDevObjectVersion:   Dev-Sequencer (7B5AE74C-D270-4C10-A958-57980B212A5A): 11
LogDevObjectVersion:   Dev-VR (D7296918-1DD6-4BDD-9DE2-64A83CC13884): 2
LogDevObjectVersion:   Dev-LoadTimes (C2A15278-BFE7-4AFE-6C17-90FF531DF755): 1
LogDevObjectVersion:   Private-Geometry (6EACA3D4-40EC-4CC1-B786-8BED09428FC5): 3
LogDevObjectVersion:   Dev-AnimPhys (29E575DD-E0A3-4627-9D10-D276232CDCEA): 17
LogDevObjectVersion:   Dev-Anim (AF43A65D-7FD3-4947-9873-3E8ED9C1BB05): 2
LogDevObjectVersion:   Dev-ReflectionCapture (6B266CEC-1EC7-4B8F-A30B-E4D90942FC07): 1
LogDevObjectVersion:   Dev-Automation (0DF73D61-A23F-47EA-B727-89E90C41499A): 1
LogDevObjectVersion:   FortniteMain (601D1886-AC64-4F84-AA16-D3DE0DEAC7D6): 25
LogDevObjectVersion:   Dev-Enterprise (9DFFBCD6-494F-0158-E221-12823C92A888): 6
LogDevObjectVersion:   Dev-Niagara (F2AED0AC-9AFE-416F-8664-AA7FFA26D6FC): 1
LogDevObjectVersion:   Dev-Destruction (174F1F0B-B4C6-45A5-B13F-2EE8D0FB917D): 2
LogInit: Presizing for max 16777216 objects, including 0 objects not considered by GC, pre-allocating 0 bytes for permanent pool.
LogInit: Object subsystem initialized
LogConfig: Setting CVar [[con.DebugEarlyDefault:1]]
LogConfig: Setting CVar [[r.setres:1280x720]]
[2019.11.30-01.35.43:977][  0]LogConfig: Setting CVar [[r.VSync:0]]
[2019.11.30-01.35.43:977][  0]LogConfig: Setting CVar [[r.RHICmdBypass:0]]
[2019.11.30-01.35.43:977][  0]LogConfig: Applying CVar settings from Section [/Script/Engine.RendererSettings] File [E:/GamePhysicsandAI/GameAI/PathfindingLab/Saved/Config/Windows/Engine.ini]
[2019.11.30-01.35.43:977][  0]LogConfig: Setting CVar [[r.GPUCrashDebugging:0]]
[2019.11.30-01.35.43:977][  0]LogConfig: Setting CVar [[r.DefaultFeature.AutoExposure.ExtendDefaultLuminanceRange:1]]
[2019.11.30-01.35.43:977][  0]LogConfig: Applying CVar settings from Section [/Script/Engine.RendererOverrideSettings] File [E:/GamePhysicsandAI/GameAI/PathfindingLab/Saved/Config/Windows/Engine.ini]
[2019.11.30-01.35.43:977][  0]LogConfig: Applying CVar settings from Section [/Script/Engine.StreamingSettings] File [E:/GamePhysicsandAI/GameAI/PathfindingLab/Saved/Config/Windows/Engine.ini]
[2019.11.30-01.35.43:977][  0]LogConfig: Setting CVar [[s.MinBulkDataSizeForAsyncLoading:131072]]
[2019.11.30-01.35.43:977][  0]LogConfig: Setting CVar [[s.AsyncLoadingThreadEnabled:0]]
[2019.11.30-01.35.43:977][  0]LogConfig: Setting CVar [[s.EventDrivenLoaderEnabled:1]]
[2019.11.30-01.35.43:977][  0]LogConfig: Setting CVar [[s.WarnIfTimeLimitExceeded:0]]
[2019.11.30-01.35.43:977][  0]LogConfig: Setting CVar [[s.TimeLimitExceededMultiplier:1.5]]
[2019.11.30-01.35.43:977][  0]LogConfig: Setting CVar [[s.TimeLimitExceededMinTime:0.005]]
[2019.11.30-01.35.43:977][  0]LogConfig: Setting CVar [[s.UseBackgroundLevelStreaming:1]]
[2019.11.30-01.35.43:977][  0]LogConfig: Setting CVar [[s.PriorityAsyncLoadingExtraTime:15.0]]
[2019.11.30-01.35.43:977][  0]LogConfig: Setting CVar [[s.LevelStreamingActorsUpdateTimeLimit:5.0]]
[2019.11.30-01.35.43:977][  0]LogConfig: Setting CVar [[s.PriorityLevelStreamingActorsUpdateExtraTime:5.0]]
[2019.11.30-01.35.43:977][  0]LogConfig: Setting CVar [[s.LevelStreamingComponentsRegistrationGranularity:10]]
[2019.11.30-01.35.43:977][  0]LogConfig: Setting CVar [[s.UnregisterComponentsTimeLimit:1.0]]
[2019.11.30-01.35.43:978][  0]LogConfig: Setting CVar [[s.LevelStreamingComponentsUnregistrationGranularity:5]]
[2019.11.30-01.35.43:978][  0]LogConfig: Applying CVar settings from Section [/Script/Engine.GarbageCollectionSettings] File [E:/GamePhysicsandAI/GameAI/PathfindingLab/Saved/Config/Windows/Engine.ini]
[2019.11.30-01.35.43:978][  0]LogConfig: Setting CVar [[gc.MaxObjectsNotConsideredByGC:1]]
[2019.11.30-01.35.43:978][  0]LogConfig: Setting CVar [[gc.SizeOfPermanentObjectPool:0]]
[2019.11.30-01.35.43:978][  0]LogConfig: Setting CVar [[gc.FlushStreamingOnGC:0]]
[2019.11.30-01.35.43:978][  0]LogConfig: Setting CVar [[gc.NumRetriesBeforeForcingGC:10]]
[2019.11.30-01.35.43:978][  0]LogConfig: Setting CVar [[gc.AllowParallelGC:1]]
[2019.11.30-01.35.43:978][  0]LogConfig: Setting CVar [[gc.TimeBetweenPurgingPendingKillObjects:61.1]]
[2019.11.30-01.35.43:978][  0]LogConfig: Setting CVar [[gc.MaxObjectsInEditor:16777216]]
[2019.11.30-01.35.43:978][  0]LogConfig: Setting CVar [[gc.IncrementalBeginDestroyEnabled:1]]
[2019.11.30-01.35.43:978][  0]LogConfig: Setting CVar [[gc.CreateGCClusters:1]]
[2019.11.30-01.35.43:978][  0]LogConfig: Setting CVar [[gc.MinGCClusterSize:5]]
[2019.11.30-01.35.43:978][  0]LogConfig: Setting CVar [[gc.ActorClusteringEnabled:0]]
[2019.11.30-01.35.43:978][  0]LogConfig: Setting CVar [[gc.BlueprintClusteringEnabled:0]]
[2019.11.30-01.35.43:978][  0]LogConfig: Setting CVar [[gc.UseDisregardForGCOnDedicatedServers:0]]
[2019.11.30-01.35.43:978][  0]LogConfig: Applying CVar settings from Section [/Script/Engine.NetworkSettings] File [E:/GamePhysicsandAI/GameAI/PathfindingLab/Saved/Config/Windows/Engine.ini]
[2019.11.30-01.35.43:978][  0]LogConfig: Applying CVar settings from Section [/Script/UnrealEd.CookerSettings] File [E:/GamePhysicsandAI/GameAI/PathfindingLab/Saved/Config/Windows/Engine.ini]
[2019.11.30-01.35.43:993][  0]LogConfig: Applying CVar settings from Section [ViewDistanceQuality@3] File [E:/GamePhysicsandAI/GameAI/PathfindingLab/Saved/Config/Windows/Scalability.ini]
[2019.11.30-01.35.43:993][  0]LogConfig: Setting CVar [[r.SkeletalMeshLODBias:0]]
[2019.11.30-01.35.43:993][  0]LogConfig: Setting CVar [[r.ViewDistanceScale:1.0]]
[2019.11.30-01.35.43:993][  0]LogConfig: Applying CVar settings from Section [AntiAliasingQuality@3] File [E:/GamePhysicsandAI/GameAI/PathfindingLab/Saved/Config/Windows/Scalability.ini]
[2019.11.30-01.35.43:993][  0]LogConfig: Setting CVar [[r.PostProcessAAQuality:4]]
[2019.11.30-01.35.43:993][  0]LogConfig: Applying CVar settings from Section [ShadowQuality@3] File [E:/GamePhysicsandAI/GameAI/PathfindingLab/Saved/Config/Windows/Scalability.ini]
[2019.11.30-01.35.43:993][  0]LogConfig: Setting CVar [[r.LightFunctionQuality:1]]
[2019.11.30-01.35.43:993][  0]LogConfig: Setting CVar [[r.ShadowQuality:5]]
[2019.11.30-01.35.43:993][  0]LogConfig: Setting CVar [[r.Shadow.CSM.MaxCascades:10]]
[2019.11.30-01.35.43:993][  0]LogConfig: Setting CVar [[r.Shadow.MaxResolution:2048]]
[2019.11.30-01.35.43:993][  0]LogConfig: Setting CVar [[r.Shadow.MaxCSMResolution:2048]]
[2019.11.30-01.35.43:993][  0]LogConfig: Setting CVar [[r.Shadow.RadiusThreshold:0.01]]
[2019.11.30-01.35.43:993][  0]LogConfig: Setting CVar [[r.Shadow.DistanceScale:1.0]]
[2019.11.30-01.35.43:993][  0]LogConfig: Setting CVar [[r.Shadow.CSM.TransitionScale:1.0]]
[2019.11.30-01.35.43:993][  0]LogConfig: Setting CVar [[r.Shadow.PreShadowResolutionFactor:1.0]]
[2019.11.30-01.35.43:993][  0]LogConfig: Setting CVar [[r.DistanceFieldShadowing:1]]
[2019.11.30-01.35.43:993][  0]LogConfig: Setting CVar [[r.DistanceFieldAO:1]]
[2019.11.30-01.35.43:993][  0]LogConfig: Setting CVar [[r.AOQuality:2]]
[2019.11.30-01.35.43:994][  0]LogConfig: Setting CVar [[r.VolumetricFog:1]]
[2019.11.30-01.35.43:994][  0]LogConfig: Setting CVar [[r.VolumetricFog.GridPixelSize:8]]
[2019.11.30-01.35.43:994][  0]LogConfig: Setting CVar [[r.VolumetricFog.GridSizeZ:128]]
[2019.11.30-01.35.43:994][  0]LogConfig: Setting CVar [[r.VolumetricFog.HistoryMissSupersampleCount:4]]
[2019.11.30-01.35.43:994][  0]LogConfig: Setting CVar [[r.LightMaxDrawDistanceScale:1]]
[2019.11.30-01.35.43:994][  0]LogConfig: Setting CVar [[r.CapsuleShadows:1]]
[2019.11.30-01.35.43:994][  0]LogConfig: Applying CVar settings from Section [PostProcessQuality@3] File [E:/GamePhysicsandAI/GameAI/PathfindingLab/Saved/Config/Windows/Scalability.ini]
[2019.11.30-01.35.43:994][  0]LogConfig: Setting CVar [[r.MotionBlurQuality:4]]
[2019.11.30-01.35.43:994][  0]LogConfig: Setting CVar [[r.AmbientOcclusionMipLevelFactor:0.4]]
[2019.11.30-01.35.43:994][  0]LogConfig: Setting CVar [[r.AmbientOcclusionMaxQuality:100]]
[2019.11.30-01.35.43:994][  0]LogConfig: Setting CVar [[r.AmbientOcclusionLevels:-1]]
[2019.11.30-01.35.43:994][  0]LogConfig: Setting CVar [[r.AmbientOcclusionRadiusScale:1.0]]
[2019.11.30-01.35.43:994][  0]LogConfig: Setting CVar [[r.DepthOfFieldQuality:2]]
[2019.11.30-01.35.43:994][  0]LogConfig: Setting CVar [[r.RenderTargetPoolMin:400]]
[2019.11.30-01.35.43:994][  0]LogConfig: Setting CVar [[r.LensFlareQuality:2]]
[2019.11.30-01.35.43:994][  0]LogConfig: Setting CVar [[r.SceneColorFringeQuality:1]]
[2019.11.30-01.35.43:994][  0]LogConfig: Setting CVar [[r.EyeAdaptationQuality:2]]
[2019.11.30-01.35.43:994][  0]LogConfig: Setting CVar [[r.BloomQuality:5]]
[2019.11.30-01.35.43:994][  0]LogConfig: Setting CVar [[r.FastBlurThreshold:100]]
[2019.11.30-01.35.43:994][  0]LogConfig: Setting CVar [[r.Upscale.Quality:3]]
[2019.11.30-01.35.43:994][  0]LogConfig: Setting CVar [[r.Tonemapper.GrainQuantization:1]]
[2019.11.30-01.35.43:994][  0]LogConfig: Setting CVar [[r.LightShaftQuality:1]]
[2019.11.30-01.35.43:994][  0]LogConfig: Setting CVar [[r.Filter.SizeScale:1]]
[2019.11.30-01.35.43:994][  0]LogConfig: Setting CVar [[r.Tonemapper.Quality:5]]
[2019.11.30-01.35.43:994][  0]LogConfig: Setting CVar [[r.DOF.Gather.AccumulatorQuality:1        ; higher gathering accumulator quality]]
[2019.11.30-01.35.43:994][  0]LogConfig: Setting CVar [[r.DOF.Gather.PostfilterMethod:1          ; Median3x3 postfilering method]]
[2019.11.30-01.35.43:994][  0]LogConfig: Setting CVar [[r.DOF.Gather.EnableBokehSettings:0       ; no bokeh simulation when gathering]]
[2019.11.30-01.35.43:995][  0]LogConfig: Setting CVar [[r.DOF.Gather.RingCount:4                 ; medium number of samples when gathering]]
[2019.11.30-01.35.43:995][  0]LogConfig: Setting CVar [[r.DOF.Scatter.ForegroundCompositing:1    ; additive foreground scattering]]
[2019.11.30-01.35.43:995][  0]LogConfig: Setting CVar [[r.DOF.Scatter.BackgroundCompositing:2    ; additive background scattering]]
[2019.11.30-01.35.43:995][  0]LogConfig: Setting CVar [[r.DOF.Scatter.EnableBokehSettings:1      ; bokeh simulation when scattering]]
[2019.11.30-01.35.43:995][  0]LogConfig: Setting CVar [[r.DOF.Scatter.MaxSpriteRatio:0.1         ; only a maximum of 10% of scattered bokeh]]
[2019.11.30-01.35.43:995][  0]LogConfig: Setting CVar [[r.DOF.Recombine.Quality:1                ; cheap slight out of focus]]
[2019.11.30-01.35.43:995][  0]LogConfig: Setting CVar [[r.DOF.Recombine.EnableBokehSettings:0    ; no bokeh simulation on slight out of focus]]
[2019.11.30-01.35.43:995][  0]LogConfig: Setting CVar [[r.DOF.TemporalAAQuality:1                ; more stable temporal accumulation]]
[2019.11.30-01.35.43:995][  0]LogConfig: Setting CVar [[r.DOF.Kernel.MaxForegroundRadius:0.025]]
[2019.11.30-01.35.43:995][  0]LogConfig: Setting CVar [[r.DOF.Kernel.MaxBackgroundRadius:0.025]]
[2019.11.30-01.35.43:995][  0]LogConfig: Applying CVar settings from Section [TextureQuality@3] File [E:/GamePhysicsandAI/GameAI/PathfindingLab/Saved/Config/Windows/Scalability.ini]
[2019.11.30-01.35.43:995][  0]LogConfig: Setting CVar [[r.Streaming.MipBias:0]]
[2019.11.30-01.35.43:995][  0]LogConfig: Setting CVar [[r.Streaming.AmortizeCPUToGPUCopy:0]]
[2019.11.30-01.35.43:995][  0]LogConfig: Setting CVar [[r.Streaming.MaxNumTexturesToStreamPerFrame:0]]
[2019.11.30-01.35.43:995][  0]LogConfig: Setting CVar [[r.Streaming.Boost:1]]
[2019.11.30-01.35.43:995][  0]LogConfig: Setting CVar [[r.MaxAnisotropy:8]]
[2019.11.30-01.35.43:995][  0]LogConfig: Setting CVar [[r.Streaming.LimitPoolSizeToVRAM:0]]
[2019.11.30-01.35.43:995][  0]LogConfig: Setting CVar [[r.Streaming.PoolSize:1000]]
[2019.11.30-01.35.43:995][  0]LogConfig: Setting CVar [[r.Streaming.MaxEffectiveScreenSize:0]]
[2019.11.30-01.35.43:995][  0]LogConfig: Applying CVar settings from Section [EffectsQuality@3] File [E:/GamePhysicsandAI/GameAI/PathfindingLab/Saved/Config/Windows/Scalability.ini]
[2019.11.30-01.35.43:995][  0]LogConfig: Setting CVar [[r.TranslucencyLightingVolumeDim:64]]
[2019.11.30-01.35.43:995][  0]LogConfig: Setting CVar [[r.RefractionQuality:2]]
[2019.11.30-01.35.43:995][  0]LogConfig: Setting CVar [[r.SSR.Quality:3]]
[2019.11.30-01.35.43:995][  0]LogConfig: Setting CVar [[r.SceneColorFormat:4]]
[2019.11.30-01.35.43:995][  0]LogConfig: Setting CVar [[r.DetailMode:2]]
[2019.11.30-01.35.43:995][  0]LogConfig: Setting CVar [[r.TranslucencyVolumeBlur:1]]
[2019.11.30-01.35.43:996][  0]LogConfig: Setting CVar [[r.MaterialQualityLevel:1 ; High quality]]
[2019.11.30-01.35.43:996][  0]LogConfig: Setting CVar [[r.SSS.Scale:1]]
[2019.11.30-01.35.43:996][  0]LogConfig: Setting CVar [[r.SSS.SampleSet:2]]
[2019.11.30-01.35.43:996][  0]LogConfig: Setting CVar [[r.SSS.Quality:1]]
[2019.11.30-01.35.43:996][  0]LogConfig: Setting CVar [[r.SSS.HalfRes:1]]
[2019.11.30-01.35.43:996][  0]LogConfig: Setting CVar [[r.EmitterSpawnRateScale:1.0]]
[2019.11.30-01.35.43:996][  0]LogConfig: Setting CVar [[r.ParticleLightQuality:2]]
[2019.11.30-01.35.43:996][  0]LogConfig: Applying CVar settings from Section [FoliageQuality@3] File [E:/GamePhysicsandAI/GameAI/PathfindingLab/Saved/Config/Windows/Scalability.ini]
[2019.11.30-01.35.43:996][  0]LogConfig: Setting CVar [[foliage.DensityScale:1.0]]
[2019.11.30-01.35.43:996][  0]LogConfig: Setting CVar [[grass.DensityScale:1.0]]
[2019.11.30-01.35.43:996][  0]LogInit: Selected Device Profile: [Windows]
[2019.11.30-01.35.43:996][  0]LogInit: Applying CVar settings loaded from the selected device profile: [Windows]
[2019.11.30-01.35.44:031][  0]LogHAL: Display: Platform has ~ 16 GB [17126227968 / 17179869184 / 16], which maps to Larger [LargestMinGB=32, LargerMinGB=12, DefaultMinGB=8, SmallerMinGB=6, SmallestMinGB=0)
[2019.11.30-01.35.44:032][  0]LogConfig: Setting CVar [[r.Vulkan.UseRealUBs:0		; Required until we fix HLR fall-out]]
[2019.11.30-01.35.44:032][  0]LogInit: Going up to parent DeviceProfile []
[2019.11.30-01.35.44:032][  0]LogConfig: Applying CVar settings from Section [ViewDistanceQuality@3] File [E:/GamePhysicsandAI/GameAI/PathfindingLab/Saved/Config/Windows/Scalability.ini]
[2019.11.30-01.35.44:032][  0]LogConfig: Setting CVar [[r.SkeletalMeshLODBias:0]]
[2019.11.30-01.35.44:032][  0]LogConfig: Setting CVar [[r.ViewDistanceScale:1.0]]
[2019.11.30-01.35.44:032][  0]LogConfig: Applying CVar settings from Section [AntiAliasingQuality@3] File [E:/GamePhysicsandAI/GameAI/PathfindingLab/Saved/Config/Windows/Scalability.ini]
[2019.11.30-01.35.44:032][  0]LogConfig: Setting CVar [[r.PostProcessAAQuality:4]]
[2019.11.30-01.35.44:032][  0]LogConfig: Applying CVar settings from Section [ShadowQuality@3] File [E:/GamePhysicsandAI/GameAI/PathfindingLab/Saved/Config/Windows/Scalability.ini]
[2019.11.30-01.35.44:032][  0]LogConfig: Setting CVar [[r.LightFunctionQuality:1]]
[2019.11.30-01.35.44:032][  0]LogConfig: Setting CVar [[r.ShadowQuality:5]]
[2019.11.30-01.35.44:032][  0]LogConfig: Setting CVar [[r.Shadow.CSM.MaxCascades:10]]
[2019.11.30-01.35.44:032][  0]LogConfig: Setting CVar [[r.Shadow.MaxResolution:2048]]
[2019.11.30-01.35.44:032][  0]LogConfig: Setting CVar [[r.Shadow.MaxCSMResolution:2048]]
[2019.11.30-01.35.44:032][  0]LogConfig: Setting CVar [[r.Shadow.RadiusThreshold:0.01]]
[2019.11.30-01.35.44:032][  0]LogConfig: Setting CVar [[r.Shadow.DistanceScale:1.0]]
[2019.11.30-01.35.44:032][  0]LogConfig: Setting CVar [[r.Shadow.CSM.TransitionScale:1.0]]
[2019.11.30-01.35.44:032][  0]LogConfig: Setting CVar [[r.Shadow.PreShadowResolutionFactor:1.0]]
[2019.11.30-01.35.44:032][  0]LogConfig: Setting CVar [[r.DistanceFieldShadowing:1]]
[2019.11.30-01.35.44:032][  0]LogConfig: Setting CVar [[r.DistanceFieldAO:1]]
[2019.11.30-01.35.44:033][  0]LogConfig: Setting CVar [[r.AOQuality:2]]
[2019.11.30-01.35.44:033][  0]LogConfig: Setting CVar [[r.VolumetricFog:1]]
[2019.11.30-01.35.44:033][  0]LogConfig: Setting CVar [[r.VolumetricFog.GridPixelSize:8]]
[2019.11.30-01.35.44:033][  0]LogConfig: Setting CVar [[r.VolumetricFog.GridSizeZ:128]]
[2019.11.30-01.35.44:033][  0]LogConfig: Setting CVar [[r.VolumetricFog.HistoryMissSupersampleCount:4]]
[2019.11.30-01.35.44:033][  0]LogConfig: Setting CVar [[r.LightMaxDrawDistanceScale:1]]
[2019.11.30-01.35.44:033][  0]LogConfig: Setting CVar [[r.CapsuleShadows:1]]
[2019.11.30-01.35.44:033][  0]LogConfig: Applying CVar settings from Section [PostProcessQuality@3] File [E:/GamePhysicsandAI/GameAI/PathfindingLab/Saved/Config/Windows/Scalability.ini]
[2019.11.30-01.35.44:033][  0]LogConfig: Setting CVar [[r.MotionBlurQuality:4]]
[2019.11.30-01.35.44:033][  0]LogConfig: Setting CVar [[r.AmbientOcclusionMipLevelFactor:0.4]]
[2019.11.30-01.35.44:033][  0]LogConfig: Setting CVar [[r.AmbientOcclusionMaxQuality:100]]
[2019.11.30-01.35.44:033][  0]LogConfig: Setting CVar [[r.AmbientOcclusionLevels:-1]]
[2019.11.30-01.35.44:033][  0]LogConfig: Setting CVar [[r.AmbientOcclusionRadiusScale:1.0]]
[2019.11.30-01.35.44:033][  0]LogConfig: Setting CVar [[r.DepthOfFieldQuality:2]]
[2019.11.30-01.35.44:033][  0]LogConfig: Setting CVar [[r.RenderTargetPoolMin:400]]
[2019.11.30-01.35.44:033][  0]LogConfig: Setting CVar [[r.LensFlareQuality:2]]
[2019.11.30-01.35.44:033][  0]LogConfig: Setting CVar [[r.SceneColorFringeQuality:1]]
[2019.11.30-01.35.44:033][  0]LogConfig: Setting CVar [[r.EyeAdaptationQuality:2]]
[2019.11.30-01.35.44:033][  0]LogConfig: Setting CVar [[r.BloomQuality:5]]
[2019.11.30-01.35.44:033][  0]LogConfig: Setting CVar [[r.FastBlurThreshold:100]]
[2019.11.30-01.35.44:033][  0]LogConfig: Setting CVar [[r.Upscale.Quality:3]]
[2019.11.30-01.35.44:033][  0]LogConfig: Setting CVar [[r.Tonemapper.GrainQuantization:1]]
[2019.11.30-01.35.44:033][  0]LogConfig: Setting CVar [[r.LightShaftQuality:1]]
[2019.11.30-01.35.44:033][  0]LogConfig: Setting CVar [[r.Filter.SizeScale:1]]
[2019.11.30-01.35.44:033][  0]LogConfig: Setting CVar [[r.Tonemapper.Quality:5]]
[2019.11.30-01.35.44:034][  0]LogConfig: Setting CVar [[r.DOF.Gather.AccumulatorQuality:1        ; higher gathering accumulator quality]]
[2019.11.30-01.35.44:034][  0]LogConfig: Setting CVar [[r.DOF.Gather.PostfilterMethod:1          ; Median3x3 postfilering method]]
[2019.11.30-01.35.44:034][  0]LogConfig: Setting CVar [[r.DOF.Gather.EnableBokehSettings:0       ; no bokeh simulation when gathering]]
[2019.11.30-01.35.44:034][  0]LogConfig: Setting CVar [[r.DOF.Gather.RingCount:4                 ; medium number of samples when gathering]]
[2019.11.30-01.35.44:034][  0]LogConfig: Setting CVar [[r.DOF.Scatter.ForegroundCompositing:1    ; additive foreground scattering]]
[2019.11.30-01.35.44:034][  0]LogConfig: Setting CVar [[r.DOF.Scatter.BackgroundCompositing:2    ; additive background scattering]]
[2019.11.30-01.35.44:034][  0]LogConfig: Setting CVar [[r.DOF.Scatter.EnableBokehSettings:1      ; bokeh simulation when scattering]]
[2019.11.30-01.35.44:034][  0]LogConfig: Setting CVar [[r.DOF.Scatter.MaxSpriteRatio:0.1         ; only a maximum of 10% of scattered bokeh]]
[2019.11.30-01.35.44:034][  0]LogConfig: Setting CVar [[r.DOF.Recombine.Quality:1                ; cheap slight out of focus]]
[2019.11.30-01.35.44:034][  0]LogConfig: Setting CVar [[r.DOF.Recombine.EnableBokehSettings:0    ; no bokeh simulation on slight out of focus]]
[2019.11.30-01.35.44:034][  0]LogConfig: Setting CVar [[r.DOF.TemporalAAQuality:1                ; more stable temporal accumulation]]
[2019.11.30-01.35.44:034][  0]LogConfig: Setting CVar [[r.DOF.Kernel.MaxForegroundRadius:0.025]]
[2019.11.30-01.35.44:034][  0]LogConfig: Setting CVar [[r.DOF.Kernel.MaxBackgroundRadius:0.025]]
[2019.11.30-01.35.44:034][  0]LogConfig: Applying CVar settings from Section [TextureQuality@3] File [E:/GamePhysicsandAI/GameAI/PathfindingLab/Saved/Config/Windows/Scalability.ini]
[2019.11.30-01.35.44:034][  0]LogConfig: Setting CVar [[r.Streaming.MipBias:0]]
[2019.11.30-01.35.44:034][  0]LogConfig: Setting CVar [[r.Streaming.AmortizeCPUToGPUCopy:0]]
[2019.11.30-01.35.44:034][  0]LogConfig: Setting CVar [[r.Streaming.MaxNumTexturesToStreamPerFrame:0]]
[2019.11.30-01.35.44:034][  0]LogConfig: Setting CVar [[r.Streaming.Boost:1]]
[2019.11.30-01.35.44:034][  0]LogConfig: Setting CVar [[r.MaxAnisotropy:8]]
[2019.11.30-01.35.44:034][  0]LogConfig: Setting CVar [[r.Streaming.LimitPoolSizeToVRAM:0]]
[2019.11.30-01.35.44:034][  0]LogConfig: Setting CVar [[r.Streaming.PoolSize:1000]]
[2019.11.30-01.35.44:034][  0]LogConfig: Setting CVar [[r.Streaming.MaxEffectiveScreenSize:0]]
[2019.11.30-01.35.44:034][  0]LogConfig: Applying CVar settings from Section [EffectsQuality@3] File [E:/GamePhysicsandAI/GameAI/PathfindingLab/Saved/Config/Windows/Scalability.ini]
[2019.11.30-01.35.44:034][  0]LogConfig: Setting CVar [[r.TranslucencyLightingVolumeDim:64]]
[2019.11.30-01.35.44:034][  0]LogConfig: Setting CVar [[r.RefractionQuality:2]]
[2019.11.30-01.35.44:034][  0]LogConfig: Setting CVar [[r.SSR.Quality:3]]
[2019.11.30-01.35.44:035][  0]LogConfig: Setting CVar [[r.SceneColorFormat:4]]
[2019.11.30-01.35.44:035][  0]LogConfig: Setting CVar [[r.DetailMode:2]]
[2019.11.30-01.35.44:035][  0]LogConfig: Setting CVar [[r.TranslucencyVolumeBlur:1]]
[2019.11.30-01.35.44:035][  0]LogConfig: Setting CVar [[r.MaterialQualityLevel:1 ; High quality]]
[2019.11.30-01.35.44:035][  0]LogConfig: Setting CVar [[r.SSS.Scale:1]]
[2019.11.30-01.35.44:035][  0]LogConfig: Setting CVar [[r.SSS.SampleSet:2]]
[2019.11.30-01.35.44:035][  0]LogConfig: Setting CVar [[r.SSS.Quality:1]]
[2019.11.30-01.35.44:035][  0]LogConfig: Setting CVar [[r.SSS.HalfRes:1]]
[2019.11.30-01.35.44:035][  0]LogConfig: Setting CVar [[r.EmitterSpawnRateScale:1.0]]
[2019.11.30-01.35.44:035][  0]LogConfig: Setting CVar [[r.ParticleLightQuality:2]]
[2019.11.30-01.35.44:035][  0]LogConfig: Applying CVar settings from Section [FoliageQuality@3] File [E:/GamePhysicsandAI/GameAI/PathfindingLab/Saved/Config/Windows/Scalability.ini]
[2019.11.30-01.35.44:035][  0]LogConfig: Setting CVar [[foliage.DensityScale:1.0]]
[2019.11.30-01.35.44:035][  0]LogConfig: Setting CVar [[grass.DensityScale:1.0]]
[2019.11.30-01.35.44:035][  0]LogConfig: Applying CVar settings from Section [Startup] File [../../../Engine/Config/ConsoleVariables.ini]
[2019.11.30-01.35.44:035][  0]LogConfig: Setting CVar [[net.UseAdaptiveNetUpdateFrequency:0]]
[2019.11.30-01.35.44:035][  0]LogConfig: Setting CVar [[p.chaos.AllowCreatePhysxBodies:1]]
[2019.11.30-01.35.44:035][  0]LogConfig: Applying CVar settings from Section [ConsoleVariables] File [E:/GamePhysicsandAI/GameAI/PathfindingLab/Saved/Config/Windows/Engine.ini]
[2019.11.30-01.35.44:036][  0]LogInit: Computer: DESKTOP-RF61S4J
[2019.11.30-01.35.44:036][  0]LogInit: User: Ben
[2019.11.30-01.35.44:036][  0]LogInit: CPU Page size=4096, Cores=4
[2019.11.30-01.35.44:036][  0]LogInit: High frequency timer resolution =10.000000 MHz
[2019.11.30-01.35.44:036][  0]LogMemory: Memory total: Physical=16.0GB (16GB approx)
[2019.11.30-01.35.44:036][  0]LogMemory: Platform Memory Stats for Windows
[2019.11.30-01.35.44:036][  0]LogMemory: Process Physical Memory: 100.19 MB used, 100.20 MB peak
[2019.11.30-01.35.44:036][  0]LogMemory: Process Virtual Memory: 84.11 MB used, 84.11 MB peak
[2019.11.30-01.35.44:036][  0]LogMemory: Physical Memory: 7945.86 MB used,  8386.98 MB free, 16332.84 MB total
[2019.11.30-01.35.44:036][  0]LogMemory: Virtual Memory: 4625.51 MB used,  134213104.00 MB free, 134217728.00 MB total
[2019.11.30-01.35.44:803][  0]LogInit: Using OS detected language (en-US).
[2019.11.30-01.35.44:803][  0]LogInit: Using OS detected locale (en-US).
[2019.11.30-01.35.44:806][  0]LogTextLocalizationManager: No specific localization for 'en-US' exists, so the 'en' localization will be used.
[2019.11.30-01.35.45:503][  0]LogInit: Setting process to per monitor DPI aware
[2019.11.30-01.35.45:869][  0]LogSlate: New Slate User Created.  User Index 0, Is Virtual User: 0
[2019.11.30-01.35.45:870][  0]LogSlate: Slate User Registered.  User Index 0, Is Virtual User: 0
[2019.11.30-01.35.48:555][  0]LogHMD: Failed to initialize OpenVR with code 110
[2019.11.30-01.35.48:555][  0]LogD3D11RHI: D3D11 adapters:
[2019.11.30-01.35.48:713][  0]LogD3D11RHI:    0. 'NVIDIA GeForce GTX 1060 6GB' (Feature Level 11_0)
[2019.11.30-01.35.48:713][  0]LogD3D11RHI:       6052/0/8166 MB DedicatedVideo/DedicatedSystem/SharedSystem, Outputs:2, VendorId:0x10de
[2019.11.30-01.35.48:724][  0]LogD3D11RHI:    1. 'Microsoft Basic Render Driver' (Feature Level 11_0)
[2019.11.30-01.35.48:725][  0]LogD3D11RHI:       0/0/8166 MB DedicatedVideo/DedicatedSystem/SharedSystem, Outputs:0, VendorId:0x1414
[2019.11.30-01.35.48:725][  0]LogD3D11RHI: Chosen D3D11 Adapter: 0
[2019.11.30-01.35.48:733][  0]LogD3D11RHI: Creating new Direct3DDevice
[2019.11.30-01.35.48:734][  0]LogD3D11RHI:     GPU DeviceId: 0x1c03 (for the marketing name, search the web for "GPU Device Id")
[2019.11.30-01.35.48:734][  0]LogWindows: EnumDisplayDevices:
[2019.11.30-01.35.48:734][  0]LogWindows:    0. 'NVIDIA GeForce GTX 1060 6GB' (P:1 D:1)
[2019.11.30-01.35.48:735][  0]LogWindows:    1. 'NVIDIA GeForce GTX 1060 6GB' (P:0 D:1)
[2019.11.30-01.35.48:736][  0]LogWindows:    2. 'NVIDIA GeForce GTX 1060 6GB' (P:0 D:0)
[2019.11.30-01.35.48:737][  0]LogWindows:    3. 'NVIDIA GeForce GTX 1060 6GB' (P:0 D:0)
[2019.11.30-01.35.48:738][  0]LogWindows: DebugString: FoundDriverCount:4 
[2019.11.30-01.35.48:738][  0]LogD3D11RHI:     Adapter Name: NVIDIA GeForce GTX 1060 6GB
[2019.11.30-01.35.48:738][  0]LogD3D11RHI:   Driver Version: 441.41 (internal:26.21.14.4141, unified:441.41)
[2019.11.30-01.35.48:738][  0]LogD3D11RHI:      Driver Date: 11-20-2019
[2019.11.30-01.35.48:739][  0]LogRHI: Texture pool is 4236 MB (70% of 6052 MB)
[2019.11.30-01.35.48:809][  0]LogD3D11RHI: Async texture creation enabled
[2019.11.30-01.35.48:833][  0]LogRendererCore: FGlobalReadBuffer::InitRHI
[2019.11.30-01.35.48:834][  0]LogRendererCore: FGlobalReadBuffer::InitRHI
[2019.11.30-01.35.48:834][  0]LogRendererCore: FGlobalReadBuffer::InitRHI
[2019.11.30-01.35.48:842][  0]LogD3D11RHI: GPU Timing Frequency: 1000.000000 (Debug: 2 1)
[2019.11.30-01.35.49:389][  0]LogTemp: Display: Module 'AllDesktopTargetPlatform' loaded TargetPlatform 'AllDesktop'
[2019.11.30-01.35.49:430][  0]LogTemp: Display: Module 'MacClientTargetPlatform' loaded TargetPlatform 'MacClient'
[2019.11.30-01.35.49:450][  0]LogTemp: Display: Module 'MacNoEditorTargetPlatform' loaded TargetPlatform 'MacNoEditor'
[2019.11.30-01.35.49:471][  0]LogTemp: Display: Module 'MacServerTargetPlatform' loaded TargetPlatform 'MacServer'
[2019.11.30-01.35.49:542][  0]LogTemp: Display: Module 'MacTargetPlatform' loaded TargetPlatform 'Mac'
[2019.11.30-01.35.49:585][  0]LogTemp: Display: Module 'WindowsClientTargetPlatform' loaded TargetPlatform 'WindowsClient'
[2019.11.30-01.35.49:606][  0]LogTemp: Display: Module 'WindowsNoEditorTargetPlatform' loaded TargetPlatform 'WindowsNoEditor'
[2019.11.30-01.35.49:625][  0]LogTemp: Display: Module 'WindowsServerTargetPlatform' loaded TargetPlatform 'WindowsServer'
[2019.11.30-01.35.49:642][  0]LogTemp: Display: Module 'WindowsTargetPlatform' loaded TargetPlatform 'Windows'
[2019.11.30-01.35.49:783][  0]LogTemp: Display: Module 'AndroidTargetPlatform' loaded TargetPlatform 'Android'
[2019.11.30-01.35.49:784][  0]LogTemp: Display: Module 'AndroidTargetPlatform' loaded TargetPlatform 'Android_ASTC'
[2019.11.30-01.35.49:784][  0]LogTemp: Display: Module 'AndroidTargetPlatform' loaded TargetPlatform 'Android_ATC'
[2019.11.30-01.35.49:784][  0]LogTemp: Display: Module 'AndroidTargetPlatform' loaded TargetPlatform 'Android_DXT'
[2019.11.30-01.35.49:784][  0]LogTemp: Display: Module 'AndroidTargetPlatform' loaded TargetPlatform 'Android_ETC1'
[2019.11.30-01.35.49:784][  0]LogTemp: Display: Module 'AndroidTargetPlatform' loaded TargetPlatform 'Android_ETC1a'
[2019.11.30-01.35.49:784][  0]LogTemp: Display: Module 'AndroidTargetPlatform' loaded TargetPlatform 'Android_ETC2'
[2019.11.30-01.35.49:784][  0]LogTemp: Display: Module 'AndroidTargetPlatform' loaded TargetPlatform 'Android_PVRTC'
[2019.11.30-01.35.49:784][  0]LogTemp: Display: Module 'AndroidTargetPlatform' loaded TargetPlatform 'AndroidClient'
[2019.11.30-01.35.49:784][  0]LogTemp: Display: Module 'AndroidTargetPlatform' loaded TargetPlatform 'Android_ASTCClient'
[2019.11.30-01.35.49:784][  0]LogTemp: Display: Module 'AndroidTargetPlatform' loaded TargetPlatform 'Android_ATCClient'
[2019.11.30-01.35.49:785][  0]LogTemp: Display: Module 'AndroidTargetPlatform' loaded TargetPlatform 'Android_DXTClient'
[2019.11.30-01.35.49:785][  0]LogTemp: Display: Module 'AndroidTargetPlatform' loaded TargetPlatform 'Android_ETC1Client'
[2019.11.30-01.35.49:785][  0]LogTemp: Display: Module 'AndroidTargetPlatform' loaded TargetPlatform 'Android_ETC1aClient'
[2019.11.30-01.35.49:785][  0]LogTemp: Display: Module 'AndroidTargetPlatform' loaded TargetPlatform 'Android_ETC2Client'
[2019.11.30-01.35.49:785][  0]LogTemp: Display: Module 'AndroidTargetPlatform' loaded TargetPlatform 'Android_PVRTCClient'
[2019.11.30-01.35.49:785][  0]LogTemp: Display: Module 'AndroidTargetPlatform' loaded TargetPlatform 'Android_Multi'
[2019.11.30-01.35.49:785][  0]LogTemp: Display: Module 'AndroidTargetPlatform' loaded TargetPlatform 'Android_MultiClient'
[2019.11.30-01.35.49:806][  0]LogTemp: Display: Module 'HTML5TargetPlatform' loaded TargetPlatform 'HTML5'
[2019.11.30-01.35.49:910][  0]LogTemp: Display: Module 'IOSTargetPlatform' loaded TargetPlatform 'IOSClient'
[2019.11.30-01.35.49:911][  0]LogTemp: Display: Module 'IOSTargetPlatform' loaded TargetPlatform 'IOS'
[2019.11.30-01.35.49:939][  0]LogTemp: Display: Module 'TVOSTargetPlatform' loaded TargetPlatform 'TVOSClient'
[2019.11.30-01.35.49:939][  0]LogTemp: Display: Module 'TVOSTargetPlatform' loaded TargetPlatform 'TVOS'
[2019.11.30-01.35.49:978][  0]LogTemp: Display: Module 'LinuxClientTargetPlatform' loaded TargetPlatform 'LinuxClient'
[2019.11.30-01.35.49:994][  0]LogTemp: Display: Module 'LinuxNoEditorTargetPlatform' loaded TargetPlatform 'LinuxNoEditor'
[2019.11.30-01.35.50:011][  0]LogTemp: Display: Module 'LinuxServerTargetPlatform' loaded TargetPlatform 'LinuxServer'
[2019.11.30-01.35.50:036][  0]LogTemp: Display: Module 'LinuxTargetPlatform' loaded TargetPlatform 'Linux'
[2019.11.30-01.35.50:095][  0]LogTemp: Display: Module 'LuminTargetPlatform' loaded TargetPlatform 'Lumin'
[2019.11.30-01.35.50:095][  0]LogTemp: Display: Module 'LuminTargetPlatform' loaded TargetPlatform 'LuminClient'
[2019.11.30-01.35.50:096][  0]LogTargetPlatformManager: Display: Building Assets For Windows
[2019.11.30-01.35.50:228][  0]LogAudioDebug: Display: Lib vorbis DLL was dynamically loaded.
[2019.11.30-01.35.50:959][  0]LogShaderCompilers: Guid format shader working directory is 2 characters bigger than the processId version (E:/GamePhysicsandAI/GameAI/PathfindingLab/Intermediate/Shaders/WorkingDirectory/16208/).
[2019.11.30-01.35.50:960][  0]LogShaderCompilers: Cleaned the shader compiler working directory 'C:/Users/Ben/AppData/Local/Temp/UnrealShaderWorkingDir/A322BFA84BEDD97A070EBCB93AB5F3BD/'.
[2019.11.30-01.35.50:969][  0]LogXGEController: Cannot use XGE Controller as Incredibuild is not installed on this machine.
[2019.11.30-01.35.50:969][  0]LogShaderCompilers: Cannot use XGE Shader Compiler as Incredibuild is not installed on this machine.
[2019.11.30-01.35.50:969][  0]LogShaderCompilers: Display: Using Local Shader Compiler.
[2019.11.30-01.35.53:836][  0]LogDerivedDataCache: Display: Max Cache Size: 512 MB
[2019.11.30-01.35.54:041][  0]LogDerivedDataCache: Loaded boot cache 0.20s 71MB C:/Users/Ben/AppData/Local/UnrealEngine/4.22/DerivedDataCache/Boot.ddc.
[2019.11.30-01.35.54:041][  0]LogDerivedDataCache: Display: Loaded Boot cache: C:/Users/Ben/AppData/Local/UnrealEngine/4.22/DerivedDataCache/Boot.ddc
[2019.11.30-01.35.54:041][  0]LogDerivedDataCache: FDerivedDataBackendGraph:  Pak pak cache file E:/GamePhysicsandAI/GameAI/PathfindingLab/DerivedDataCache/DDC.ddp not found, will not use a pak cache.
[2019.11.30-01.35.54:041][  0]LogDerivedDataCache: Unable to find inner node Pak for hierarchical cache Hierarchy.
[2019.11.30-01.35.54:041][  0]LogDerivedDataCache: FDerivedDataBackendGraph:  CompressedPak pak cache file E:/GamePhysicsandAI/GameAI/PathfindingLab/DerivedDataCache/Compressed.ddp not found, will not use a pak cache.
[2019.11.30-01.35.54:041][  0]LogDerivedDataCache: Unable to find inner node CompressedPak for hierarchical cache Hierarchy.
[2019.11.30-01.35.54:054][  0]LogDerivedDataCache: Display: Pak cache opened for reading ../../../Engine/DerivedDataCache/Compressed.ddp.
[2019.11.30-01.35.54:054][  0]LogDerivedDataCache: FDerivedDataBackendGraph:  EnterprisePak pak cache file ../../../Enterprise/DerivedDataCache/Compressed.ddp not found, will not use a pak cache.
[2019.11.30-01.35.54:054][  0]LogDerivedDataCache: Unable to find inner node EnterprisePak for hierarchical cache Hierarchy.
[2019.11.30-01.35.54:068][  0]LogDerivedDataCache: Using Local data cache path C:/Users/Ben/AppData/Local/UnrealEngine/Common/DerivedDataCache: Writable
[2019.11.30-01.35.54:068][  0]LogDerivedDataCache: Shared data cache path not found in *engine.ini, will not use an Shared cache.
[2019.11.30-01.35.54:068][  0]LogDerivedDataCache: Unable to find inner node Shared for hierarchical cache Hierarchy.
[2019.11.30-01.35.54:089][  0]LogMaterial: Verifying Global Shaders for PCD3D_SM5
[2019.11.30-01.35.54:091][  0]LogSlate: Using FreeType 2.6.0
[2019.11.30-01.35.54:178][  0]LogSlate: SlateFontServices - WITH_FREETYPE: 1, WITH_HARFBUZZ: 1
[2019.11.30-01.35.55:222][  0]LogAssetRegistry: FAssetRegistry took 0.0357 seconds to start up
[2019.11.30-01.35.55:569][  0]LogInit: Selected Device Profile: [Windows]
[2019.11.30-01.35.56:340][  0]LogMeshReduction: Using QuadricMeshReduction for automatic static mesh reduction
[2019.11.30-01.35.56:341][  0]LogMeshReduction: Using SimplygonMeshReduction for automatic skeletal mesh reduction
[2019.11.30-01.35.56:341][  0]LogMeshReduction: Using ProxyLODMeshReduction for automatic mesh merging
[2019.11.30-01.35.56:341][  0]LogMeshReduction: No distributed automatic mesh merging module available
[2019.11.30-01.35.56:341][  0]LogMeshMerging: No distributed automatic mesh merging module available
[2019.11.30-01.35.56:370][  0]LogNetVersion: PathFinding 1.0.0, NetCL: 5660361, EngineNetVer: 10, GameNetVer: 0 (Checksum: 315523671)
[2019.11.30-01.35.56:855][  0]LogPackageLocalizationCache: Processed 10 localized package path(s) for 1 prioritized culture(s) in 0.045226 seconds
[2019.11.30-01.35.56:862][  0]LogUObjectArray: 42205 objects as part of root set at end of initial load.
[2019.11.30-01.35.56:862][  0]LogUObjectAllocator: 7325032 out of 0 bytes used by permanent object pool.
[2019.11.30-01.35.56:862][  0]LogUObjectArray: CloseDisregardForGC: 0/0 objects in disregard for GC pool
[2019.11.30-01.36.12:399][  0]LogTemp: IOS device listing is disabled (to many failed attempts)!
[2019.11.30-01.36.13:481][  0]LogTcpMessaging: Initializing TcpMessaging bridge
[2019.11.30-01.36.13:523][  0]LogUdpMessaging: Initializing bridge on interface 0.0.0.0:0 to multicast group 230.0.0.1:6666.
[2019.11.30-01.36.14:146][  0]SourceControl: Source control is disabled
[2019.11.30-01.36.14:146][  0]SourceControl: Source control is disabled
[2019.11.30-01.36.14:176][  0]SourceControl: Source control is disabled
[2019.11.30-01.36.14:190][  0]SourceControl: Source control is disabled
[2019.11.30-01.36.15:118][  0]LogAndroidPermission: UAndroidPermissionCallbackProxy::GetInstance
[2019.11.30-01.36.15:844][  0]LogOcInput: OculusInput pre-init called
[2019.11.30-01.36.17:246][  0]LogEngine: Initializing Engine...
[2019.11.30-01.36.17:248][  0]LogHMD: Failed to initialize OpenVR with code 110
[2019.11.30-01.36.17:249][  0]LogStats: UGameplayTagsManager::InitializeManager -  0.000 s
[2019.11.30-01.36.17:456][  0]LogInit: Initializing FReadOnlyCVARCache
[2019.11.30-01.36.17:593][  0]LogAIModule: Creating AISystem for world Untitled
[2019.11.30-01.36.17:730][  0]LogInit: XAudio2 using 'Headphones (Astro MixAmp Pro Game)' : 6 channels at 48 kHz using 16 bits per sample (channel mask 0x60f)
[2019.11.30-01.36.17:866][  0]LogInit: FAudioDevice initialized.
[2019.11.30-01.36.17:867][  0]LogNetVersion: Set ProjectVersion to 1.0.0.0. Version Checksum will be recalculated on next use.
[2019.11.30-01.36.19:132][  0]LogDerivedDataCache: Saved boot cache 1.27s 71MB C:/Users/Ben/AppData/Local/UnrealEngine/4.22/DerivedDataCache/Boot.ddc.
[2019.11.30-01.36.19:146][  0]LogInit: Texture streaming: Enabled
[2019.11.30-01.36.19:259][  0]LogEngineSessionManager: EngineSessionManager initialized
[2019.11.30-01.36.19:477][  0]LogInit: Transaction tracking system initialized
[2019.11.30-01.36.19:827][  0]BlueprintLog: New page: Editor Load
[2019.11.30-01.36.20:772][  0]LocalizationService: Localization service is disabled
[2019.11.30-01.36.22:057][  0]LogFileCache: Scanning file cache for directory 'E:/GamePhysicsandAI/GameAI/PathfindingLab/Content/' took 0.02s
[2019.11.30-01.36.22:057][  0]LogCook: Display: Max memory allowance for cook 16384mb min free memory 0mb
[2019.11.30-01.36.22:057][  0]LogCook: Display: Mobile HDR setting 1
[2019.11.30-01.36.23:778][  0]SourceControl: Source control is disabled
[2019.11.30-01.36.23:976][  0]LogSlate: Took 0.065915 seconds to synchronously load lazily loaded font '../../../Engine/Content/Slate/Fonts/Roboto-Regular.ttf' (155K)
[2019.11.30-01.36.26:254][  0]LogSlate: Window 'Restore Packages' being destroyed
[2019.11.30-01.36.26:254][  0]LogWindowsTextInputMethodSystem: Display: IME system now deactivated.
[2019.11.30-01.36.26:333][  0]Cmd: MAP LOAD FILE="E:/GamePhysicsandAI/GameAI/PathfindingLab/Content/PathfindingMap.umap" TEMPLATE=0 SHOWPROGRESS=1 FEATURELEVEL=3
[2019.11.30-01.36.26:334][  0]LightingResults: New page: Lighting Build
[2019.11.30-01.36.26:385][  0]MapCheck: New page: Map Check
[2019.11.30-01.36.26:386][  0]LightingResults: New page: Lighting Build
[2019.11.30-01.36.26:409][  0]LogUObjectHash: Compacting FUObjectHashTables data took   1.85ms
[2019.11.30-01.36.26:639][  0]LogAIModule: Creating AISystem for world PathfindingMap
[2019.11.30-01.36.26:645][  0]LogEditorServer: Finished looking for orphan Actors (0.000 secs)
[2019.11.30-01.36.26:749][  0]LogUObjectHash: Compacting FUObjectHashTables data took   2.20ms
[2019.11.30-01.36.26:749][  0]Cmd: MAP CHECKDEP NOCLEARLOG
[2019.11.30-01.36.26:750][  0]MapCheck: Map check complete: 0 Error(s), 0 Warning(s), took 0.082ms to complete.
[2019.11.30-01.36.26:750][  0]LogFileHelpers: Loading map 'PathfindingMap' took 0.416
[2019.11.30-01.36.26:851][  0]LogWindowsTextInputMethodSystem: Display: IME system now deactivated.
[2019.11.30-01.36.27:018][  0]LogSlate: Updating window title bar state: overlay mode, drag disabled, window buttons hidden, title bar hidden
[2019.11.30-01.36.27:026][  0]LogSlate: Updating window title bar state: overlay mode, drag disabled, window buttons hidden, title bar hidden
[2019.11.30-01.36.27:034][  0]LogSlate: Updating window title bar state: overlay mode, drag disabled, window buttons hidden, title bar hidden
[2019.11.30-01.36.27:042][  0]LogSlate: Updating window title bar state: overlay mode, drag disabled, window buttons hidden, title bar hidden
[2019.11.30-01.36.27:082][  0]LogCollectionManager: Loaded 0 collections in 0.003364 seconds
[2019.11.30-01.36.27:126][  0]LogFileCache: Scanning file cache for directory 'E:/GamePhysicsandAI/GameAI/PathfindingLab/Saved/Collections/' took 0.01s
[2019.11.30-01.36.27:126][  0]LogFileCache: Scanning file cache for directory 'E:/GamePhysicsandAI/GameAI/PathfindingLab/Content/Developers/Ben/Collections/' took 0.00s
[2019.11.30-01.36.27:126][  0]LogFileCache: Scanning file cache for directory 'E:/GamePhysicsandAI/GameAI/PathfindingLab/Content/Collections/' took 0.00s
[2019.11.30-01.36.27:126][  0]LogCollectionManager: Rebuilt the GUID cache for 0 collections in 0.000000 seconds
[2019.11.30-01.36.27:136][  0]LogContentBrowser: Native class hierarchy populated in 0.0100 seconds. Added 2742 classes and 662 folders.
[2019.11.30-01.36.27:199][  0]LogContentBrowser: Native class hierarchy updated for 'WidgetCarousel' in 0.0007 seconds. Added 0 classes and 0 folders.
[2019.11.30-01.36.27:260][  0]LogPakFile: Registered encryption key '00000000000000000000000000000000': 0 pak files mounted, 0 remain pending
[2019.11.30-01.36.27:306][  0]LogPakFile: Registered encryption key '00000000000000000000000000000000': 0 pak files mounted, 0 remain pending
[2019.11.30-01.36.27:321][  0]LogPakFile: Registered encryption key '00000000000000000000000000000000': 0 pak files mounted, 0 remain pending
[2019.11.30-01.36.27:328][  0]LogPakFile: Registered encryption key '00000000000000000000000000000000': 0 pak files mounted, 0 remain pending
[2019.11.30-01.36.27:334][  0]LogPakFile: Registered encryption key '00000000000000000000000000000000': 0 pak files mounted, 0 remain pending
[2019.11.30-01.36.27:341][  0]LogPakFile: Registered encryption key '00000000000000000000000000000000': 0 pak files mounted, 0 remain pending
[2019.11.30-01.36.27:346][  0]LogPakFile: Registered encryption key '00000000000000000000000000000000': 0 pak files mounted, 0 remain pending
[2019.11.30-01.36.27:352][  0]LogPakFile: Registered encryption key '00000000000000000000000000000000': 0 pak files mounted, 0 remain pending
[2019.11.30-01.36.27:358][  0]LogPakFile: Registered encryption key '00000000000000000000000000000000': 0 pak files mounted, 0 remain pending
[2019.11.30-01.36.27:365][  0]LogPakFile: Registered encryption key '00000000000000000000000000000000': 0 pak files mounted, 0 remain pending
[2019.11.30-01.36.27:370][  0]LogPakFile: Registered encryption key '00000000000000000000000000000000': 0 pak files mounted, 0 remain pending
[2019.11.30-01.36.27:377][  0]LogPakFile: Registered encryption key '00000000000000000000000000000000': 0 pak files mounted, 0 remain pending
[2019.11.30-01.36.27:382][  0]LogPakFile: Registered encryption key '00000000000000000000000000000000': 0 pak files mounted, 0 remain pending
[2019.11.30-01.36.27:388][  0]LogPakFile: Registered encryption key '00000000000000000000000000000000': 0 pak files mounted, 0 remain pending
[2019.11.30-01.36.27:394][  0]LogPakFile: Registered encryption key '00000000000000000000000000000000': 0 pak files mounted, 0 remain pending
[2019.11.30-01.36.27:400][  0]LogPakFile: Registered encryption key '00000000000000000000000000000000': 0 pak files mounted, 0 remain pending
[2019.11.30-01.36.27:430][  0]LogPakFile: Registered encryption key '00000000000000000000000000000000': 0 pak files mounted, 0 remain pending
[2019.11.30-01.36.27:436][  0]LogPakFile: Registered encryption key '00000000000000000000000000000000': 0 pak files mounted, 0 remain pending
[2019.11.30-01.36.27:443][  0]LogPakFile: Registered encryption key '00000000000000000000000000000000': 0 pak files mounted, 0 remain pending
[2019.11.30-01.36.27:449][  0]LogPakFile: Registered encryption key '00000000000000000000000000000000': 0 pak files mounted, 0 remain pending
[2019.11.30-01.36.27:456][  0]LogPakFile: Registered encryption key '00000000000000000000000000000000': 0 pak files mounted, 0 remain pending
[2019.11.30-01.36.27:462][  0]LogPakFile: Registered encryption key '00000000000000000000000000000000': 0 pak files mounted, 0 remain pending
[2019.11.30-01.36.27:468][  0]LogPakFile: Registered encryption key '00000000000000000000000000000000': 0 pak files mounted, 0 remain pending
[2019.11.30-01.36.27:475][  0]LogPakFile: Registered encryption key '00000000000000000000000000000000': 0 pak files mounted, 0 remain pending
[2019.11.30-01.36.27:481][  0]LogPakFile: Registered encryption key '00000000000000000000000000000000': 0 pak files mounted, 0 remain pending
[2019.11.30-01.36.27:487][  0]LogPakFile: Registered encryption key '00000000000000000000000000000000': 0 pak files mounted, 0 remain pending
[2019.11.30-01.36.29:052][  0]LogContentBrowser: Native class hierarchy updated for 'AddContentDialog' in 0.0017 seconds. Added 0 classes and 0 folders.
[2019.11.30-01.36.29:138][  0]LogContentBrowser: Native class hierarchy updated for 'SceneOutliner' in 0.0032 seconds. Added 1 classes and 2 folders.
[2019.11.30-01.36.29:211][  0]LogSlate: Took 0.051797 seconds to synchronously load lazily loaded font '../../../Engine/Content/Slate/Fonts/Roboto-Bold.ttf' (160K)
[2019.11.30-01.36.29:258][  0]LogSlate: Took 0.043070 seconds to synchronously load lazily loaded font '../../../Engine/Content/Editor/Slate/Fonts/FontAwesome.ttf' (139K)
[2019.11.30-01.36.29:398][  0]LogRenderer: Reallocating scene render targets to support 1208x572 Format 10 NumSamples 1 (Frame:1).
[2019.11.30-01.36.29:466][  0]LogSlate: Took 0.023750 seconds to synchronously load lazily loaded font '../../../Engine/Content/Slate/Fonts/Roboto-Light.ttf' (167K)
[2019.11.30-01.36.29:565][  0]LogContentBrowser: Native class hierarchy updated for 'HierarchicalLODOutliner' in 0.0008 seconds. Added 0 classes and 0 folders.
[2019.11.30-01.36.29:565][  0]LogLoad: (Engine Initialization) Total time: 52.30 seconds
[2019.11.30-01.36.29:565][  0]LogLoad: (Engine Initialization) Total Blueprint compile time: 0.00 seconds
[2019.11.30-01.36.29:596][  0]LogAssetRegistry: Asset discovery search completed in 34.3979 seconds
[2019.11.30-01.36.29:598][  0]LogCollectionManager: Rebuilt the object cache for 0 collections in 0.000000 seconds (found 0 objects)
[2019.11.30-01.36.29:598][  0]LogCollectionManager: Fixed up redirectors for 0 collections in 0.000188 seconds (updated 0 objects)
[2019.11.30-01.36.29:607][  0]LogContentStreaming: Texture pool size now 1000 MB
[2019.11.30-01.36.32:072][279]LogSlate: FSceneViewport::OnFocusLost() reason 0
[2019.11.30-01.36.36:309][782]LogEditorViewport: Clicking on Actor (LMB): BP_Sky_Sphere_C (Sky Sphere)
[2019.11.30-01.36.37:030][783]LogEditorViewport: Clicking on Actor (context menu): BP_Sky_Sphere_C (Sky Sphere)
[2019.11.30-01.36.37:413][783]LogSlate: FSceneViewport::OnFocusLost() reason 2
[2019.11.30-01.36.40:632][156]LogEditorViewport: Clicking on Actor (LMB): BP_Sky_Sphere_C (Sky Sphere)
[2019.11.30-01.36.41:845][268]LogSlate: FSceneViewport::OnFocusLost() reason 2
[2019.11.30-01.36.42:459][322]LogEditorViewport: Clicking on Actor (LMB): BP_Sky_Sphere_C (Sky Sphere)
[2019.11.30-01.36.42:716][324]LogEditorViewport: Clicking on Component (LMB): StaticMeshComponent (SkySphereMesh)
[2019.11.30-01.36.43:367][340]LogEditorViewport: Clicking on Component (LMB): StaticMeshComponent (SkySphereMesh)
[2019.11.30-01.36.45:185][549]LogEditorViewport: Clicking on Component (LMB): StaticMeshComponent (SkySphereMesh)
[2019.11.30-01.36.46:846][746]LogEditorViewport: Clicking on Component (context menu): StaticMeshComponent (SkySphereMesh)
[2019.11.30-01.36.46:932][746]LogSlate: FSceneViewport::OnFocusLost() reason 2
[2019.11.30-01.36.47:559][816]LogEditorViewport: Clicking on Component (LMB): StaticMeshComponent (SkySphereMesh)
[2019.11.30-01.36.51:936][195]LogSlate: FSceneViewport::OnFocusLost() reason 0
[2019.11.30-01.37.01:927][369]LogSlate: FSceneViewport::OnFocusLost() reason 2
[2019.11.30-01.37.09:034][199]LogSlate: FSceneViewport::OnFocusLost() reason 2
[2019.11.30-01.37.10:871][409]LogUObjectHash: Compacting FUObjectHashTables data took   1.17ms
[2019.11.30-01.37.13:545][719]LogSlate: FSceneViewport::OnFocusLost() reason 0
[2019.11.30-01.37.22:857][311]LogEditorViewport: Clicking on Actor (LMB): BP_Sky_Sphere_C (Sky Sphere)
[2019.11.30-01.37.25:029][550]LogEditorViewport: Clicking on Actor (LMB): BP_Sky_Sphere_C (Sky Sphere)
[2019.11.30-01.37.26:414][709]LogEditorViewport: Clicking on Actor (context menu): BP_Sky_Sphere_C (Sky Sphere)
[2019.11.30-01.37.26:435][709]LogSlate: FSceneViewport::OnFocusLost() reason 2
[2019.11.30-01.37.27:035][780]LogEditorViewport: Clicking on Actor (context menu): BP_Sky_Sphere_C (Sky Sphere)
[2019.11.30-01.37.27:055][780]LogSlate: FSceneViewport::OnFocusLost() reason 2
[2019.11.30-01.37.35:295][727]LogSlate: FSceneViewport::OnFocusLost() reason 0
[2019.11.30-01.37.35:386][738]LogTemp: Repeating last play command: Standalone Game
[2019.11.30-01.37.35:419][738]LogUObjectHash: Compacting FUObjectHashTables data took   1.27ms
[2019.11.30-01.37.36:518][863]LogTemp: Repeating last play command: Standalone Game
[2019.11.30-01.37.36:551][863]LogUObjectHash: Compacting FUObjectHashTables data took   0.68ms
[2019.11.30-01.38.26:945][592]LogSlate: FSceneViewport::OnFocusLost() reason 2
[2019.11.30-01.38.30:043][960]LogBlueprintUserMessages: Early PlayInEditor Detection: Level '/Game/PathfindingMap.PathfindingMap:PersistentLevel' has LevelScriptBlueprint '/Game/PathfindingMap.PathfindingMap:PersistentLevel.PathfindingMap' with GeneratedClass '/Game/PathfindingMap.PathfindingMap_C' with ClassGeneratedBy '/Game/PathfindingMap.PathfindingMap:PersistentLevel.PathfindingMap'
[2019.11.30-01.38.30:043][960]LogPlayLevel: PlayLevel: No blueprints needed recompiling
[2019.11.30-01.38.30:043][960]PIE: New page: PIE session: PathfindingMap (Nov 29, 2019, 3:38:30 PM)
[2019.11.30-01.38.30:057][960]LogPlayLevel: Creating play world package: /Game/UEDPIE_0_PathfindingMap
[2019.11.30-01.38.30:068][960]LogPlayLevel: PIE: StaticDuplicateObject took: (0.010577s)
[2019.11.30-01.38.30:069][960]LogAIModule: Creating AISystem for world PathfindingMap
[2019.11.30-01.38.30:069][960]LogPlayLevel: PIE: World Init took: (0.000870s)
[2019.11.30-01.38.30:069][960]LogPlayLevel: PIE: Created PIE world by copying editor world from /Game/PathfindingMap.PathfindingMap to /Game/UEDPIE_0_PathfindingMap.PathfindingMap (0.011901s)
[2019.11.30-01.38.30:091][960]LogUObjectHash: Compacting FUObjectHashTables data took   1.20ms
[2019.11.30-01.38.30:206][960]LogInit: XAudio2 using 'Headphones (Astro MixAmp Pro Game)' : 6 channels at 48 kHz using 16 bits per sample (channel mask 0x60f)
[2019.11.30-01.38.30:247][960]LogInit: FAudioDevice initialized.
[2019.11.30-01.38.30:248][960]LogSlate: FSceneViewport::OnFocusLost() reason 2
[2019.11.30-01.38.30:295][960]LogLoad: Game class is 'PathFindingGameMode_C'
[2019.11.30-01.38.30:297][960]LogWorld: Bringing World /Game/UEDPIE_0_PathfindingMap.PathfindingMap up for play (max tick rate 0) at 2019.11.29-20.38.30
[2019.11.30-01.38.30:297][960]LogWorld: Bringing up level for play took: 0.000909
[2019.11.30-01.38.30:319][960]LogContentBrowser: Native class hierarchy updated for 'MovieSceneCapture' in 0.0006 seconds. Added 20 classes and 0 folders.
