Log file open, 10/21/19 19:16:21
LogWindows: Failed to load 'aqProf.dll' (GetLastError=126)
LogWindows: File 'aqProf.dll' does not exist
LogWindows: Failed to load 'VtuneApi.dll' (GetLastError=126)
LogWindows: File 'VtuneApi.dll' does not exist
LogWindows: Failed to load 'VtuneApi32e.dll' (GetLastError=126)
LogWindows: File 'VtuneApi32e.dll' does not exist
LogConsoleResponse: Display: Failed to find resolution value strings in scalability ini. Falling back to default.
LogInit: Display: Running engine for game: PathFinding
LogPakFile: Registered encryption key '00000000000000000000000000000000': 0 pak files mounted, 0 remain pending
LogPlatformFile: Not using cached read wrapper
LogTaskGraph: Started task graph with 5 named threads and 23 total threads with 3 sets of task threads.
LogStats: Stats thread started at 0.276960
LogD3D11RHI: Loaded GFSDK_Aftermath_Lib.x64.dll
LogICUInternationalization: ICU TimeZone Detection - Raw Offset: -5:00, Platform Override: ''
LogPluginManager: Mounting plugin Paper2D
LogPluginManager: Mounting plugin AISupport
LogPluginManager: Mounting plugin LightPropagationVolume
LogPluginManager: Mounting plugin ActorLayerUtilities
LogPluginManager: Mounting plugin AnimationSharing
LogPluginManager: Mounting plugin CLionSourceCodeAccess
LogPluginManager: Mounting plugin CodeLiteSourceCodeAccess
LogPluginManager: Mounting plugin GitSourceControl
LogPluginManager: Mounting plugin KDevelopSourceCodeAccess
LogPluginManager: Mounting plugin NullSourceCodeAccess
LogPluginManager: Mounting plugin PerforceSourceControl
LogPluginManager: Mounting plugin SubversionSourceControl
LogPluginManager: Mounting plugin UObjectPlugin
LogPluginManager: Mounting plugin VisualStudioCodeSourceCodeAccess
LogPluginManager: Mounting plugin VisualStudioSourceCodeAccess
LogPluginManager: Mounting plugin XCodeSourceCodeAccess
LogPluginManager: Mounting plugin AssetManagerEditor
LogPluginManager: Mounting plugin CryptoKeys
LogPluginManager: Mounting plugin DataValidation
LogPluginManager: Mounting plugin FacialAnimation
LogPluginManager: Mounting plugin GameplayTagsEditor
LogPluginManager: Mounting plugin MacGraphicsSwitching
LogPluginManager: Mounting plugin MaterialAnalyzer
LogPluginManager: Mounting plugin MobileLauncherProfileWizard
LogPluginManager: Mounting plugin PluginBrowser
LogPluginManager: Mounting plugin SpeedTreeImporter
LogPluginManager: Mounting plugin DatasmithContent
LogPluginManager: Mounting plugin VariantManagerContent
LogPluginManager: Mounting plugin AlembicImporter
LogPluginManager: Mounting plugin AppleImageUtils
LogPluginManager: Mounting plugin AppleVision
LogPluginManager: Mounting plugin BackChannel
LogPluginManager: Mounting plugin CharacterAI
LogPluginManager: Mounting plugin GeometryCache
LogPluginManager: Mounting plugin HTML5Networking
LogPluginManager: Mounting plugin ProxyLODPlugin
LogPluginManager: Mounting plugin SkeletalReduction
LogPluginManager: Mounting plugin MagicLeap
LogPluginManager: Mounting plugin MagicLeapMedia
LogPluginManager: Mounting plugin AndroidMedia
LogPluginManager: Mounting plugin AvfMedia
LogPluginManager: Mounting plugin ImgMedia
LogPluginManager: Mounting plugin LinearTimecode
LogPluginManager: Mounting plugin MediaCompositing
LogPluginManager: Mounting plugin MediaPlayerEditor
LogPluginManager: Mounting plugin WebMMedia
LogPluginManager: Mounting plugin WmfMedia
LogPluginManager: Mounting plugin TcpMessaging
LogPluginManager: Mounting plugin UdpMessaging
LogPluginManager: Mounting plugin ActorSequence
LogPluginManager: Mounting plugin LevelSequenceEditor
LogPluginManager: Mounting plugin MatineeToLevelSequence
LogPluginManager: Mounting plugin NetcodeUnitTest
LogPluginManager: Mounting plugin NUTUnrealEngine4
LogPluginManager: Mounting plugin OnlineSubsystemGooglePlay
LogPluginManager: Mounting plugin OnlineSubsystemIOS
LogPluginManager: Mounting plugin OnlineSubsystem
LogPluginManager: Mounting plugin OnlineSubsystemNull
LogPluginManager: Mounting plugin OnlineSubsystemUtils
LogPluginManager: Mounting plugin LauncherChunkInstaller
LogPluginManager: Mounting plugin AndroidDeviceProfileSelector
LogPluginManager: Mounting plugin AndroidMoviePlayer
LogPluginManager: Mounting plugin AndroidPermission
LogPluginManager: Mounting plugin AppleMoviePlayer
LogPluginManager: Mounting plugin ArchVisCharacter
LogPluginManager: Mounting plugin AudioCapture
LogPluginManager: Mounting plugin CableComponent
LogPluginManager: Mounting plugin CustomMeshComponent
LogPluginManager: Mounting plugin EditableMesh
LogPluginManager: Mounting plugin ExampleDeviceProfileSelector
LogPluginManager: Mounting plugin Firebase
LogPluginManager: Mounting plugin GoogleCloudMessaging
LogPluginManager: Mounting plugin IOSDeviceProfileSelector
LogPluginManager: Mounting plugin LinuxDeviceProfileSelector
LogPluginManager: Mounting plugin LocationServicesBPLibrary
LogPluginManager: Mounting plugin MobilePatchingUtils
LogPluginManager: Mounting plugin OculusVR
LogPluginManager: Mounting plugin PhysXVehicles
LogPluginManager: Mounting plugin ProceduralMeshComponent
LogPluginManager: Mounting plugin RuntimePhysXCooking
LogPluginManager: Mounting plugin SignificanceManager
LogPluginManager: Mounting plugin SteamVR
LogPluginManager: Mounting plugin WebMMoviePlayer
LogPluginManager: Mounting plugin WindowsMoviePlayer
LogInit: Using libcurl 7.55.1-DEV
LogInit:  - built for x86_64-pc-win32
LogInit:  - supports SSL with OpenSSL/1.1.1
LogInit:  - supports HTTP deflate (compression) using libz 1.2.8
LogInit:  - other features:
LogInit:      CURL_VERSION_SSL
LogInit:      CURL_VERSION_LIBZ
LogInit:      CURL_VERSION_IPV6
LogInit:      CURL_VERSION_ASYNCHDNS
LogInit:      CURL_VERSION_LARGEFILE
LogInit:      CURL_VERSION_IDN
LogInit:  CurlRequestOptions (configurable via config and command line):
LogInit:  - bVerifyPeer = true  - Libcurl will verify peer certificate
LogInit:  - bUseHttpProxy = false  - Libcurl will NOT use HTTP proxy
LogInit:  - bDontReuseConnections = false  - Libcurl will reuse connections
LogInit:  - MaxHostConnections = 16  - Libcurl will limit the number of connections to a host
LogInit:  - LocalHostAddr = Default
LogInit:  - BufferSize = 65536
LogInit: WinSock: version 1.1 (2.2), MaxSocks=32767, MaxUdp=65467
LogInit: Build: ++UE4+Release-4.22-CL-7053642
LogInit: Engine Version: 4.22.3-7053642+++UE4+Release-4.22
LogInit: Compatible Engine Version: 4.22.0-5660361+++UE4+Release-4.22
LogInit: Net CL: 5660361
LogInit: OS: Windows 10 (Release 1903) (), CPU: Intel(R) Xeon(R) CPU E5-1620 v4 @ 3.50GHz, GPU: NVIDIA GeForce GTX 1080
LogInit: Compiled (64-bit): Jun 18 2019 03:09:11
LogInit: Compiled with Visual C++: 19.16.27025.01
LogInit: Build Configuration: Development
LogInit: Branch Name: ++UE4+Release-4.22
LogInit: Command Line: 
LogInit: Base Directory: C:/Program Files/Epic Games/UE_4.22/Engine/Binaries/Win64/
LogInit: Installed Engine Build: 1
LogDevObjectVersion: Number of dev versions registered: 23
LogDevObjectVersion:   Dev-Blueprints (B0D832E4-1F89-4F0D-ACCF-7EB736FD4AA2): 10
LogDevObjectVersion:   Dev-Build (E1C64328-A22C-4D53-A36C-8E866417BD8C): 0
LogDevObjectVersion:   Dev-Core (375EC13C-06E4-48FB-B500-84F0262A717E): 3
LogDevObjectVersion:   Dev-Editor (E4B068ED-F494-42E9-A231-DA0B2E46BB41): 30
LogDevObjectVersion:   Dev-Framework (CFFC743F-43B0-4480-9391-14DF171D2073): 35
LogDevObjectVersion:   Dev-Mobile (B02B49B5-BB20-44E9-A304-32B752E40360): 2
LogDevObjectVersion:   Dev-Networking (A4E4105C-59A1-49B5-A7C5-40C4547EDFEE): 0
LogDevObjectVersion:   Dev-Online (39C831C9-5AE6-47DC-9A44-9C173E1C8E7C): 0
LogDevObjectVersion:   Dev-Physics (78F01B33-EBEA-4F98-B9B4-84EACCB95AA2): 0
LogDevObjectVersion:   Dev-Platform (6631380F-2D4D-43E0-8009-CF276956A95A): 0
LogDevObjectVersion:   Dev-Rendering (12F88B9F-8875-4AFC-A67C-D90C383ABD29): 28
LogDevObjectVersion:   Dev-Sequencer (7B5AE74C-D270-4C10-A958-57980B212A5A): 11
LogDevObjectVersion:   Dev-VR (D7296918-1DD6-4BDD-9DE2-64A83CC13884): 2
LogDevObjectVersion:   Dev-LoadTimes (C2A15278-BFE7-4AFE-6C17-90FF531DF755): 1
LogDevObjectVersion:   Private-Geometry (6EACA3D4-40EC-4CC1-B786-8BED09428FC5): 3
LogDevObjectVersion:   Dev-AnimPhys (29E575DD-E0A3-4627-9D10-D276232CDCEA): 17
LogDevObjectVersion:   Dev-Anim (AF43A65D-7FD3-4947-9873-3E8ED9C1BB05): 2
LogDevObjectVersion:   Dev-ReflectionCapture (6B266CEC-1EC7-4B8F-A30B-E4D90942FC07): 1
LogDevObjectVersion:   Dev-Automation (0DF73D61-A23F-47EA-B727-89E90C41499A): 1
LogDevObjectVersion:   FortniteMain (601D1886-AC64-4F84-AA16-D3DE0DEAC7D6): 25
LogDevObjectVersion:   Dev-Enterprise (9DFFBCD6-494F-0158-E221-12823C92A888): 6
LogDevObjectVersion:   Dev-Niagara (F2AED0AC-9AFE-416F-8664-AA7FFA26D6FC): 1
LogDevObjectVersion:   Dev-Destruction (174F1F0B-B4C6-45A5-B13F-2EE8D0FB917D): 2
LogInit: Presizing for max 16777216 objects, including 0 objects not considered by GC, pre-allocating 0 bytes for permanent pool.
LogInit: Object subsystem initialized
LogConfig: Setting CVar [[con.DebugEarlyDefault:1]]
LogConfig: Setting CVar [[r.setres:1280x720]]
[2019.10.21-23.16.21:539][  0]LogConfig: Setting CVar [[r.VSync:0]]
[2019.10.21-23.16.21:539][  0]LogConfig: Setting CVar [[r.RHICmdBypass:0]]
[2019.10.21-23.16.21:539][  0]LogConfig: Applying CVar settings from Section [/Script/Engine.RendererSettings] File [C:/Users/Student/Documents/Unreal Projects/BenCGameAI/GameAI/PathfindingLab/Saved/Config/Windows/Engine.ini]
[2019.10.21-23.16.21:539][  0]LogConfig: Setting CVar [[r.GPUCrashDebugging:0]]
[2019.10.21-23.16.21:539][  0]LogConfig: Setting CVar [[r.DefaultFeature.AutoExposure.ExtendDefaultLuminanceRange:1]]
[2019.10.21-23.16.21:539][  0]LogConfig: Applying CVar settings from Section [/Script/Engine.RendererOverrideSettings] File [C:/Users/Student/Documents/Unreal Projects/BenCGameAI/GameAI/PathfindingLab/Saved/Config/Windows/Engine.ini]
[2019.10.21-23.16.21:539][  0]LogConfig: Applying CVar settings from Section [/Script/Engine.StreamingSettings] File [C:/Users/Student/Documents/Unreal Projects/BenCGameAI/GameAI/PathfindingLab/Saved/Config/Windows/Engine.ini]
[2019.10.21-23.16.21:539][  0]LogConfig: Setting CVar [[s.MinBulkDataSizeForAsyncLoading:131072]]
[2019.10.21-23.16.21:539][  0]LogConfig: Setting CVar [[s.AsyncLoadingThreadEnabled:0]]
[2019.10.21-23.16.21:540][  0]LogConfig: Setting CVar [[s.EventDrivenLoaderEnabled:1]]
[2019.10.21-23.16.21:540][  0]LogConfig: Setting CVar [[s.WarnIfTimeLimitExceeded:0]]
[2019.10.21-23.16.21:540][  0]LogConfig: Setting CVar [[s.TimeLimitExceededMultiplier:1.5]]
[2019.10.21-23.16.21:540][  0]LogConfig: Setting CVar [[s.TimeLimitExceededMinTime:0.005]]
[2019.10.21-23.16.21:540][  0]LogConfig: Setting CVar [[s.UseBackgroundLevelStreaming:1]]
[2019.10.21-23.16.21:540][  0]LogConfig: Setting CVar [[s.PriorityAsyncLoadingExtraTime:15.0]]
[2019.10.21-23.16.21:540][  0]LogConfig: Setting CVar [[s.LevelStreamingActorsUpdateTimeLimit:5.0]]
[2019.10.21-23.16.21:540][  0]LogConfig: Setting CVar [[s.PriorityLevelStreamingActorsUpdateExtraTime:5.0]]
[2019.10.21-23.16.21:540][  0]LogConfig: Setting CVar [[s.LevelStreamingComponentsRegistrationGranularity:10]]
[2019.10.21-23.16.21:540][  0]LogConfig: Setting CVar [[s.UnregisterComponentsTimeLimit:1.0]]
[2019.10.21-23.16.21:540][  0]LogConfig: Setting CVar [[s.LevelStreamingComponentsUnregistrationGranularity:5]]
[2019.10.21-23.16.21:540][  0]LogConfig: Applying CVar settings from Section [/Script/Engine.GarbageCollectionSettings] File [C:/Users/Student/Documents/Unreal Projects/BenCGameAI/GameAI/PathfindingLab/Saved/Config/Windows/Engine.ini]
[2019.10.21-23.16.21:540][  0]LogConfig: Setting CVar [[gc.MaxObjectsNotConsideredByGC:1]]
[2019.10.21-23.16.21:540][  0]LogConfig: Setting CVar [[gc.SizeOfPermanentObjectPool:0]]
[2019.10.21-23.16.21:540][  0]LogConfig: Setting CVar [[gc.FlushStreamingOnGC:0]]
[2019.10.21-23.16.21:540][  0]LogConfig: Setting CVar [[gc.NumRetriesBeforeForcingGC:10]]
[2019.10.21-23.16.21:540][  0]LogConfig: Setting CVar [[gc.AllowParallelGC:1]]
[2019.10.21-23.16.21:540][  0]LogConfig: Setting CVar [[gc.TimeBetweenPurgingPendingKillObjects:61.1]]
[2019.10.21-23.16.21:540][  0]LogConfig: Setting CVar [[gc.MaxObjectsInEditor:16777216]]
[2019.10.21-23.16.21:540][  0]LogConfig: Setting CVar [[gc.IncrementalBeginDestroyEnabled:1]]
[2019.10.21-23.16.21:540][  0]LogConfig: Setting CVar [[gc.CreateGCClusters:1]]
[2019.10.21-23.16.21:540][  0]LogConfig: Setting CVar [[gc.MinGCClusterSize:5]]
[2019.10.21-23.16.21:540][  0]LogConfig: Setting CVar [[gc.ActorClusteringEnabled:0]]
[2019.10.21-23.16.21:540][  0]LogConfig: Setting CVar [[gc.BlueprintClusteringEnabled:0]]
[2019.10.21-23.16.21:540][  0]LogConfig: Setting CVar [[gc.UseDisregardForGCOnDedicatedServers:0]]
[2019.10.21-23.16.21:540][  0]LogConfig: Applying CVar settings from Section [/Script/Engine.NetworkSettings] File [C:/Users/Student/Documents/Unreal Projects/BenCGameAI/GameAI/PathfindingLab/Saved/Config/Windows/Engine.ini]
[2019.10.21-23.16.21:540][  0]LogConfig: Applying CVar settings from Section [/Script/UnrealEd.CookerSettings] File [C:/Users/Student/Documents/Unreal Projects/BenCGameAI/GameAI/PathfindingLab/Saved/Config/Windows/Engine.ini]
[2019.10.21-23.16.21:547][  0]LogConfig: Applying CVar settings from Section [ViewDistanceQuality@3] File [C:/Users/Student/Documents/Unreal Projects/BenCGameAI/GameAI/PathfindingLab/Saved/Config/Windows/Scalability.ini]
[2019.10.21-23.16.21:547][  0]LogConfig: Setting CVar [[r.SkeletalMeshLODBias:0]]
[2019.10.21-23.16.21:547][  0]LogConfig: Setting CVar [[r.ViewDistanceScale:1.0]]
[2019.10.21-23.16.21:547][  0]LogConfig: Applying CVar settings from Section [AntiAliasingQuality@3] File [C:/Users/Student/Documents/Unreal Projects/BenCGameAI/GameAI/PathfindingLab/Saved/Config/Windows/Scalability.ini]
[2019.10.21-23.16.21:547][  0]LogConfig: Setting CVar [[r.PostProcessAAQuality:4]]
[2019.10.21-23.16.21:547][  0]LogConfig: Applying CVar settings from Section [ShadowQuality@3] File [C:/Users/Student/Documents/Unreal Projects/BenCGameAI/GameAI/PathfindingLab/Saved/Config/Windows/Scalability.ini]
[2019.10.21-23.16.21:547][  0]LogConfig: Setting CVar [[r.LightFunctionQuality:1]]
[2019.10.21-23.16.21:547][  0]LogConfig: Setting CVar [[r.ShadowQuality:5]]
[2019.10.21-23.16.21:547][  0]LogConfig: Setting CVar [[r.Shadow.CSM.MaxCascades:10]]
[2019.10.21-23.16.21:547][  0]LogConfig: Setting CVar [[r.Shadow.MaxResolution:2048]]
[2019.10.21-23.16.21:547][  0]LogConfig: Setting CVar [[r.Shadow.MaxCSMResolution:2048]]
[2019.10.21-23.16.21:547][  0]LogConfig: Setting CVar [[r.Shadow.RadiusThreshold:0.01]]
[2019.10.21-23.16.21:547][  0]LogConfig: Setting CVar [[r.Shadow.DistanceScale:1.0]]
[2019.10.21-23.16.21:547][  0]LogConfig: Setting CVar [[r.Shadow.CSM.TransitionScale:1.0]]
[2019.10.21-23.16.21:547][  0]LogConfig: Setting CVar [[r.Shadow.PreShadowResolutionFactor:1.0]]
[2019.10.21-23.16.21:547][  0]LogConfig: Setting CVar [[r.DistanceFieldShadowing:1]]
[2019.10.21-23.16.21:547][  0]LogConfig: Setting CVar [[r.DistanceFieldAO:1]]
[2019.10.21-23.16.21:547][  0]LogConfig: Setting CVar [[r.AOQuality:2]]
[2019.10.21-23.16.21:547][  0]LogConfig: Setting CVar [[r.VolumetricFog:1]]
[2019.10.21-23.16.21:547][  0]LogConfig: Setting CVar [[r.VolumetricFog.GridPixelSize:8]]
[2019.10.21-23.16.21:547][  0]LogConfig: Setting CVar [[r.VolumetricFog.GridSizeZ:128]]
[2019.10.21-23.16.21:547][  0]LogConfig: Setting CVar [[r.VolumetricFog.HistoryMissSupersampleCount:4]]
[2019.10.21-23.16.21:547][  0]LogConfig: Setting CVar [[r.LightMaxDrawDistanceScale:1]]
[2019.10.21-23.16.21:547][  0]LogConfig: Setting CVar [[r.CapsuleShadows:1]]
[2019.10.21-23.16.21:547][  0]LogConfig: Applying CVar settings from Section [PostProcessQuality@3] File [C:/Users/Student/Documents/Unreal Projects/BenCGameAI/GameAI/PathfindingLab/Saved/Config/Windows/Scalability.ini]
[2019.10.21-23.16.21:547][  0]LogConfig: Setting CVar [[r.MotionBlurQuality:4]]
[2019.10.21-23.16.21:547][  0]LogConfig: Setting CVar [[r.AmbientOcclusionMipLevelFactor:0.4]]
[2019.10.21-23.16.21:547][  0]LogConfig: Setting CVar [[r.AmbientOcclusionMaxQuality:100]]
[2019.10.21-23.16.21:547][  0]LogConfig: Setting CVar [[r.AmbientOcclusionLevels:-1]]
[2019.10.21-23.16.21:547][  0]LogConfig: Setting CVar [[r.AmbientOcclusionRadiusScale:1.0]]
[2019.10.21-23.16.21:547][  0]LogConfig: Setting CVar [[r.DepthOfFieldQuality:2]]
[2019.10.21-23.16.21:547][  0]LogConfig: Setting CVar [[r.RenderTargetPoolMin:400]]
[2019.10.21-23.16.21:547][  0]LogConfig: Setting CVar [[r.LensFlareQuality:2]]
[2019.10.21-23.16.21:547][  0]LogConfig: Setting CVar [[r.SceneColorFringeQuality:1]]
[2019.10.21-23.16.21:547][  0]LogConfig: Setting CVar [[r.EyeAdaptationQuality:2]]
[2019.10.21-23.16.21:547][  0]LogConfig: Setting CVar [[r.BloomQuality:5]]
[2019.10.21-23.16.21:547][  0]LogConfig: Setting CVar [[r.FastBlurThreshold:100]]
[2019.10.21-23.16.21:547][  0]LogConfig: Setting CVar [[r.Upscale.Quality:3]]
[2019.10.21-23.16.21:547][  0]LogConfig: Setting CVar [[r.Tonemapper.GrainQuantization:1]]
[2019.10.21-23.16.21:547][  0]LogConfig: Setting CVar [[r.LightShaftQuality:1]]
[2019.10.21-23.16.21:547][  0]LogConfig: Setting CVar [[r.Filter.SizeScale:1]]
[2019.10.21-23.16.21:547][  0]LogConfig: Setting CVar [[r.Tonemapper.Quality:5]]
[2019.10.21-23.16.21:547][  0]LogConfig: Setting CVar [[r.DOF.Gather.AccumulatorQuality:1        ; higher gathering accumulator quality]]
[2019.10.21-23.16.21:547][  0]LogConfig: Setting CVar [[r.DOF.Gather.PostfilterMethod:1          ; Median3x3 postfilering method]]
[2019.10.21-23.16.21:547][  0]LogConfig: Setting CVar [[r.DOF.Gather.EnableBokehSettings:0       ; no bokeh simulation when gathering]]
[2019.10.21-23.16.21:547][  0]LogConfig: Setting CVar [[r.DOF.Gather.RingCount:4                 ; medium number of samples when gathering]]
[2019.10.21-23.16.21:547][  0]LogConfig: Setting CVar [[r.DOF.Scatter.ForegroundCompositing:1    ; additive foreground scattering]]
[2019.10.21-23.16.21:547][  0]LogConfig: Setting CVar [[r.DOF.Scatter.BackgroundCompositing:2    ; additive background scattering]]
[2019.10.21-23.16.21:547][  0]LogConfig: Setting CVar [[r.DOF.Scatter.EnableBokehSettings:1      ; bokeh simulation when scattering]]
[2019.10.21-23.16.21:547][  0]LogConfig: Setting CVar [[r.DOF.Scatter.MaxSpriteRatio:0.1         ; only a maximum of 10% of scattered bokeh]]
[2019.10.21-23.16.21:547][  0]LogConfig: Setting CVar [[r.DOF.Recombine.Quality:1                ; cheap slight out of focus]]
[2019.10.21-23.16.21:547][  0]LogConfig: Setting CVar [[r.DOF.Recombine.EnableBokehSettings:0    ; no bokeh simulation on slight out of focus]]
[2019.10.21-23.16.21:547][  0]LogConfig: Setting CVar [[r.DOF.TemporalAAQuality:1                ; more stable temporal accumulation]]
[2019.10.21-23.16.21:548][  0]LogConfig: Setting CVar [[r.DOF.Kernel.MaxForegroundRadius:0.025]]
[2019.10.21-23.16.21:548][  0]LogConfig: Setting CVar [[r.DOF.Kernel.MaxBackgroundRadius:0.025]]
[2019.10.21-23.16.21:548][  0]LogConfig: Applying CVar settings from Section [TextureQuality@3] File [C:/Users/Student/Documents/Unreal Projects/BenCGameAI/GameAI/PathfindingLab/Saved/Config/Windows/Scalability.ini]
[2019.10.21-23.16.21:548][  0]LogConfig: Setting CVar [[r.Streaming.MipBias:0]]
[2019.10.21-23.16.21:548][  0]LogConfig: Setting CVar [[r.Streaming.AmortizeCPUToGPUCopy:0]]
[2019.10.21-23.16.21:548][  0]LogConfig: Setting CVar [[r.Streaming.MaxNumTexturesToStreamPerFrame:0]]
[2019.10.21-23.16.21:548][  0]LogConfig: Setting CVar [[r.Streaming.Boost:1]]
[2019.10.21-23.16.21:548][  0]LogConfig: Setting CVar [[r.MaxAnisotropy:8]]
[2019.10.21-23.16.21:548][  0]LogConfig: Setting CVar [[r.Streaming.LimitPoolSizeToVRAM:0]]
[2019.10.21-23.16.21:548][  0]LogConfig: Setting CVar [[r.Streaming.PoolSize:1000]]
[2019.10.21-23.16.21:548][  0]LogConfig: Setting CVar [[r.Streaming.MaxEffectiveScreenSize:0]]
[2019.10.21-23.16.21:548][  0]LogConfig: Applying CVar settings from Section [EffectsQuality@3] File [C:/Users/Student/Documents/Unreal Projects/BenCGameAI/GameAI/PathfindingLab/Saved/Config/Windows/Scalability.ini]
[2019.10.21-23.16.21:548][  0]LogConfig: Setting CVar [[r.TranslucencyLightingVolumeDim:64]]
[2019.10.21-23.16.21:548][  0]LogConfig: Setting CVar [[r.RefractionQuality:2]]
[2019.10.21-23.16.21:548][  0]LogConfig: Setting CVar [[r.SSR.Quality:3]]
[2019.10.21-23.16.21:548][  0]LogConfig: Setting CVar [[r.SceneColorFormat:4]]
[2019.10.21-23.16.21:548][  0]LogConfig: Setting CVar [[r.DetailMode:2]]
[2019.10.21-23.16.21:548][  0]LogConfig: Setting CVar [[r.TranslucencyVolumeBlur:1]]
[2019.10.21-23.16.21:548][  0]LogConfig: Setting CVar [[r.MaterialQualityLevel:1 ; High quality]]
[2019.10.21-23.16.21:548][  0]LogConfig: Setting CVar [[r.SSS.Scale:1]]
[2019.10.21-23.16.21:548][  0]LogConfig: Setting CVar [[r.SSS.SampleSet:2]]
[2019.10.21-23.16.21:548][  0]LogConfig: Setting CVar [[r.SSS.Quality:1]]
[2019.10.21-23.16.21:548][  0]LogConfig: Setting CVar [[r.SSS.HalfRes:1]]
[2019.10.21-23.16.21:548][  0]LogConfig: Setting CVar [[r.EmitterSpawnRateScale:1.0]]
[2019.10.21-23.16.21:548][  0]LogConfig: Setting CVar [[r.ParticleLightQuality:2]]
[2019.10.21-23.16.21:548][  0]LogConfig: Applying CVar settings from Section [FoliageQuality@3] File [C:/Users/Student/Documents/Unreal Projects/BenCGameAI/GameAI/PathfindingLab/Saved/Config/Windows/Scalability.ini]
[2019.10.21-23.16.21:548][  0]LogConfig: Setting CVar [[foliage.DensityScale:1.0]]
[2019.10.21-23.16.21:548][  0]LogConfig: Setting CVar [[grass.DensityScale:1.0]]
[2019.10.21-23.16.21:548][  0]LogInit: Selected Device Profile: [Windows]
[2019.10.21-23.16.21:548][  0]LogInit: Applying CVar settings loaded from the selected device profile: [Windows]
[2019.10.21-23.16.21:559][  0]LogHAL: Display: Platform has ~ 16 GB [17098231808 / 17179869184 / 16], which maps to Larger [LargestMinGB=32, LargerMinGB=12, DefaultMinGB=8, SmallerMinGB=6, SmallestMinGB=0)
[2019.10.21-23.16.21:559][  0]LogConfig: Setting CVar [[r.Vulkan.UseRealUBs:0		; Required until we fix HLR fall-out]]
[2019.10.21-23.16.21:559][  0]LogInit: Going up to parent DeviceProfile []
[2019.10.21-23.16.21:559][  0]LogConfig: Applying CVar settings from Section [ViewDistanceQuality@3] File [C:/Users/Student/Documents/Unreal Projects/BenCGameAI/GameAI/PathfindingLab/Saved/Config/Windows/Scalability.ini]
[2019.10.21-23.16.21:559][  0]LogConfig: Setting CVar [[r.SkeletalMeshLODBias:0]]
[2019.10.21-23.16.21:559][  0]LogConfig: Setting CVar [[r.ViewDistanceScale:1.0]]
[2019.10.21-23.16.21:559][  0]LogConfig: Applying CVar settings from Section [AntiAliasingQuality@3] File [C:/Users/Student/Documents/Unreal Projects/BenCGameAI/GameAI/PathfindingLab/Saved/Config/Windows/Scalability.ini]
[2019.10.21-23.16.21:559][  0]LogConfig: Setting CVar [[r.PostProcessAAQuality:4]]
[2019.10.21-23.16.21:559][  0]LogConfig: Applying CVar settings from Section [ShadowQuality@3] File [C:/Users/Student/Documents/Unreal Projects/BenCGameAI/GameAI/PathfindingLab/Saved/Config/Windows/Scalability.ini]
[2019.10.21-23.16.21:559][  0]LogConfig: Setting CVar [[r.LightFunctionQuality:1]]
[2019.10.21-23.16.21:559][  0]LogConfig: Setting CVar [[r.ShadowQuality:5]]
[2019.10.21-23.16.21:559][  0]LogConfig: Setting CVar [[r.Shadow.CSM.MaxCascades:10]]
[2019.10.21-23.16.21:559][  0]LogConfig: Setting CVar [[r.Shadow.MaxResolution:2048]]
[2019.10.21-23.16.21:559][  0]LogConfig: Setting CVar [[r.Shadow.MaxCSMResolution:2048]]
[2019.10.21-23.16.21:559][  0]LogConfig: Setting CVar [[r.Shadow.RadiusThreshold:0.01]]
[2019.10.21-23.16.21:559][  0]LogConfig: Setting CVar [[r.Shadow.DistanceScale:1.0]]
[2019.10.21-23.16.21:559][  0]LogConfig: Setting CVar [[r.Shadow.CSM.TransitionScale:1.0]]
[2019.10.21-23.16.21:559][  0]LogConfig: Setting CVar [[r.Shadow.PreShadowResolutionFactor:1.0]]
[2019.10.21-23.16.21:559][  0]LogConfig: Setting CVar [[r.DistanceFieldShadowing:1]]
[2019.10.21-23.16.21:559][  0]LogConfig: Setting CVar [[r.DistanceFieldAO:1]]
[2019.10.21-23.16.21:559][  0]LogConfig: Setting CVar [[r.AOQuality:2]]
[2019.10.21-23.16.21:559][  0]LogConfig: Setting CVar [[r.VolumetricFog:1]]
[2019.10.21-23.16.21:559][  0]LogConfig: Setting CVar [[r.VolumetricFog.GridPixelSize:8]]
[2019.10.21-23.16.21:559][  0]LogConfig: Setting CVar [[r.VolumetricFog.GridSizeZ:128]]
[2019.10.21-23.16.21:559][  0]LogConfig: Setting CVar [[r.VolumetricFog.HistoryMissSupersampleCount:4]]
[2019.10.21-23.16.21:559][  0]LogConfig: Setting CVar [[r.LightMaxDrawDistanceScale:1]]
[2019.10.21-23.16.21:559][  0]LogConfig: Setting CVar [[r.CapsuleShadows:1]]
[2019.10.21-23.16.21:559][  0]LogConfig: Applying CVar settings from Section [PostProcessQuality@3] File [C:/Users/Student/Documents/Unreal Projects/BenCGameAI/GameAI/PathfindingLab/Saved/Config/Windows/Scalability.ini]
[2019.10.21-23.16.21:559][  0]LogConfig: Setting CVar [[r.MotionBlurQuality:4]]
[2019.10.21-23.16.21:559][  0]LogConfig: Setting CVar [[r.AmbientOcclusionMipLevelFactor:0.4]]
[2019.10.21-23.16.21:559][  0]LogConfig: Setting CVar [[r.AmbientOcclusionMaxQuality:100]]
[2019.10.21-23.16.21:559][  0]LogConfig: Setting CVar [[r.AmbientOcclusionLevels:-1]]
[2019.10.21-23.16.21:559][  0]LogConfig: Setting CVar [[r.AmbientOcclusionRadiusScale:1.0]]
[2019.10.21-23.16.21:559][  0]LogConfig: Setting CVar [[r.DepthOfFieldQuality:2]]
[2019.10.21-23.16.21:559][  0]LogConfig: Setting CVar [[r.RenderTargetPoolMin:400]]
[2019.10.21-23.16.21:559][  0]LogConfig: Setting CVar [[r.LensFlareQuality:2]]
[2019.10.21-23.16.21:559][  0]LogConfig: Setting CVar [[r.SceneColorFringeQuality:1]]
[2019.10.21-23.16.21:559][  0]LogConfig: Setting CVar [[r.EyeAdaptationQuality:2]]
[2019.10.21-23.16.21:559][  0]LogConfig: Setting CVar [[r.BloomQuality:5]]
[2019.10.21-23.16.21:559][  0]LogConfig: Setting CVar [[r.FastBlurThreshold:100]]
[2019.10.21-23.16.21:559][  0]LogConfig: Setting CVar [[r.Upscale.Quality:3]]
[2019.10.21-23.16.21:559][  0]LogConfig: Setting CVar [[r.Tonemapper.GrainQuantization:1]]
[2019.10.21-23.16.21:559][  0]LogConfig: Setting CVar [[r.LightShaftQuality:1]]
[2019.10.21-23.16.21:559][  0]LogConfig: Setting CVar [[r.Filter.SizeScale:1]]
[2019.10.21-23.16.21:559][  0]LogConfig: Setting CVar [[r.Tonemapper.Quality:5]]
[2019.10.21-23.16.21:559][  0]LogConfig: Setting CVar [[r.DOF.Gather.AccumulatorQuality:1        ; higher gathering accumulator quality]]
[2019.10.21-23.16.21:559][  0]LogConfig: Setting CVar [[r.DOF.Gather.PostfilterMethod:1          ; Median3x3 postfilering method]]
[2019.10.21-23.16.21:559][  0]LogConfig: Setting CVar [[r.DOF.Gather.EnableBokehSettings:0       ; no bokeh simulation when gathering]]
[2019.10.21-23.16.21:559][  0]LogConfig: Setting CVar [[r.DOF.Gather.RingCount:4                 ; medium number of samples when gathering]]
[2019.10.21-23.16.21:560][  0]LogConfig: Setting CVar [[r.DOF.Scatter.ForegroundCompositing:1    ; additive foreground scattering]]
[2019.10.21-23.16.21:560][  0]LogConfig: Setting CVar [[r.DOF.Scatter.BackgroundCompositing:2    ; additive background scattering]]
[2019.10.21-23.16.21:560][  0]LogConfig: Setting CVar [[r.DOF.Scatter.EnableBokehSettings:1      ; bokeh simulation when scattering]]
[2019.10.21-23.16.21:560][  0]LogConfig: Setting CVar [[r.DOF.Scatter.MaxSpriteRatio:0.1         ; only a maximum of 10% of scattered bokeh]]
[2019.10.21-23.16.21:560][  0]LogConfig: Setting CVar [[r.DOF.Recombine.Quality:1                ; cheap slight out of focus]]
[2019.10.21-23.16.21:560][  0]LogConfig: Setting CVar [[r.DOF.Recombine.EnableBokehSettings:0    ; no bokeh simulation on slight out of focus]]
[2019.10.21-23.16.21:560][  0]LogConfig: Setting CVar [[r.DOF.TemporalAAQuality:1                ; more stable temporal accumulation]]
[2019.10.21-23.16.21:560][  0]LogConfig: Setting CVar [[r.DOF.Kernel.MaxForegroundRadius:0.025]]
[2019.10.21-23.16.21:560][  0]LogConfig: Setting CVar [[r.DOF.Kernel.MaxBackgroundRadius:0.025]]
[2019.10.21-23.16.21:560][  0]LogConfig: Applying CVar settings from Section [TextureQuality@3] File [C:/Users/Student/Documents/Unreal Projects/BenCGameAI/GameAI/PathfindingLab/Saved/Config/Windows/Scalability.ini]
[2019.10.21-23.16.21:560][  0]LogConfig: Setting CVar [[r.Streaming.MipBias:0]]
[2019.10.21-23.16.21:560][  0]LogConfig: Setting CVar [[r.Streaming.AmortizeCPUToGPUCopy:0]]
[2019.10.21-23.16.21:560][  0]LogConfig: Setting CVar [[r.Streaming.MaxNumTexturesToStreamPerFrame:0]]
[2019.10.21-23.16.21:560][  0]LogConfig: Setting CVar [[r.Streaming.Boost:1]]
[2019.10.21-23.16.21:560][  0]LogConfig: Setting CVar [[r.MaxAnisotropy:8]]
[2019.10.21-23.16.21:560][  0]LogConfig: Setting CVar [[r.Streaming.LimitPoolSizeToVRAM:0]]
[2019.10.21-23.16.21:560][  0]LogConfig: Setting CVar [[r.Streaming.PoolSize:1000]]
[2019.10.21-23.16.21:560][  0]LogConfig: Setting CVar [[r.Streaming.MaxEffectiveScreenSize:0]]
[2019.10.21-23.16.21:560][  0]LogConfig: Applying CVar settings from Section [EffectsQuality@3] File [C:/Users/Student/Documents/Unreal Projects/BenCGameAI/GameAI/PathfindingLab/Saved/Config/Windows/Scalability.ini]
[2019.10.21-23.16.21:560][  0]LogConfig: Setting CVar [[r.TranslucencyLightingVolumeDim:64]]
[2019.10.21-23.16.21:560][  0]LogConfig: Setting CVar [[r.RefractionQuality:2]]
[2019.10.21-23.16.21:560][  0]LogConfig: Setting CVar [[r.SSR.Quality:3]]
[2019.10.21-23.16.21:560][  0]LogConfig: Setting CVar [[r.SceneColorFormat:4]]
[2019.10.21-23.16.21:560][  0]LogConfig: Setting CVar [[r.DetailMode:2]]
[2019.10.21-23.16.21:560][  0]LogConfig: Setting CVar [[r.TranslucencyVolumeBlur:1]]
[2019.10.21-23.16.21:560][  0]LogConfig: Setting CVar [[r.MaterialQualityLevel:1 ; High quality]]
[2019.10.21-23.16.21:560][  0]LogConfig: Setting CVar [[r.SSS.Scale:1]]
[2019.10.21-23.16.21:560][  0]LogConfig: Setting CVar [[r.SSS.SampleSet:2]]
[2019.10.21-23.16.21:560][  0]LogConfig: Setting CVar [[r.SSS.Quality:1]]
[2019.10.21-23.16.21:560][  0]LogConfig: Setting CVar [[r.SSS.HalfRes:1]]
[2019.10.21-23.16.21:560][  0]LogConfig: Setting CVar [[r.EmitterSpawnRateScale:1.0]]
[2019.10.21-23.16.21:560][  0]LogConfig: Setting CVar [[r.ParticleLightQuality:2]]
[2019.10.21-23.16.21:560][  0]LogConfig: Applying CVar settings from Section [FoliageQuality@3] File [C:/Users/Student/Documents/Unreal Projects/BenCGameAI/GameAI/PathfindingLab/Saved/Config/Windows/Scalability.ini]
[2019.10.21-23.16.21:560][  0]LogConfig: Setting CVar [[foliage.DensityScale:1.0]]
[2019.10.21-23.16.21:560][  0]LogConfig: Setting CVar [[grass.DensityScale:1.0]]
[2019.10.21-23.16.21:560][  0]LogConfig: Applying CVar settings from Section [Startup] File [../../../Engine/Config/ConsoleVariables.ini]
[2019.10.21-23.16.21:560][  0]LogConfig: Setting CVar [[net.UseAdaptiveNetUpdateFrequency:0]]
[2019.10.21-23.16.21:560][  0]LogConfig: Setting CVar [[p.chaos.AllowCreatePhysxBodies:1]]
[2019.10.21-23.16.21:560][  0]LogConfig: Applying CVar settings from Section [ConsoleVariables] File [C:/Users/Student/Documents/Unreal Projects/BenCGameAI/GameAI/PathfindingLab/Saved/Config/Windows/Engine.ini]
[2019.10.21-23.16.21:560][  0]LogInit: Computer: 203-10
[2019.10.21-23.16.21:560][  0]LogInit: User: student
[2019.10.21-23.16.21:560][  0]LogInit: CPU Page size=4096, Cores=4
[2019.10.21-23.16.21:560][  0]LogInit: High frequency timer resolution =10.000000 MHz
[2019.10.21-23.16.21:561][  0]LogMemory: Memory total: Physical=15.9GB (16GB approx)
[2019.10.21-23.16.21:561][  0]LogMemory: Platform Memory Stats for Windows
[2019.10.21-23.16.21:561][  0]LogMemory: Process Physical Memory: 96.27 MB used, 96.28 MB peak
[2019.10.21-23.16.21:561][  0]LogMemory: Process Virtual Memory: 90.63 MB used, 90.63 MB peak
[2019.10.21-23.16.21:561][  0]LogMemory: Physical Memory: 7074.10 MB used,  9232.04 MB free, 16306.14 MB total
[2019.10.21-23.16.21:561][  0]LogMemory: Virtual Memory: 4643.81 MB used,  134213088.00 MB free, 134217728.00 MB total
[2019.10.21-23.16.21:581][  0]LogInit: Using OS detected language (en-US).
[2019.10.21-23.16.21:581][  0]LogInit: Using OS detected locale (en-US).
[2019.10.21-23.16.21:582][  0]LogTextLocalizationManager: No specific localization for 'en-US' exists, so the 'en' localization will be used.
[2019.10.21-23.16.21:795][  0]LogInit: Setting process to per monitor DPI aware
[2019.10.21-23.16.21:833][  0]LogSlate: New Slate User Created.  User Index 0, Is Virtual User: 0
[2019.10.21-23.16.21:833][  0]LogSlate: Slate User Registered.  User Index 0, Is Virtual User: 0
[2019.10.21-23.16.22:067][  0]LogHMD: Failed to initialize OpenVR with code 110
[2019.10.21-23.16.22:067][  0]LogD3D11RHI: D3D11 adapters:
[2019.10.21-23.16.22:134][  0]LogD3D11RHI:    0. 'NVIDIA GeForce GTX 1080' (Feature Level 11_0)
[2019.10.21-23.16.22:134][  0]LogD3D11RHI:       8079/0/8153 MB DedicatedVideo/DedicatedSystem/SharedSystem, Outputs:2, VendorId:0x10de
[2019.10.21-23.16.22:136][  0]LogD3D11RHI:    1. 'Microsoft Basic Render Driver' (Feature Level 11_0)
[2019.10.21-23.16.22:136][  0]LogD3D11RHI:       0/0/8153 MB DedicatedVideo/DedicatedSystem/SharedSystem, Outputs:0, VendorId:0x1414
[2019.10.21-23.16.22:136][  0]LogD3D11RHI: Chosen D3D11 Adapter: 0
[2019.10.21-23.16.22:144][  0]LogD3D11RHI: Creating new Direct3DDevice
[2019.10.21-23.16.22:144][  0]LogD3D11RHI:     GPU DeviceId: 0x1b80 (for the marketing name, search the web for "GPU Device Id")
[2019.10.21-23.16.22:144][  0]LogWindows: EnumDisplayDevices:
[2019.10.21-23.16.22:144][  0]LogWindows:    0. 'NVIDIA GeForce GTX 1080' (P:1 D:1)
[2019.10.21-23.16.22:144][  0]LogWindows:    1. 'NVIDIA GeForce GTX 1080' (P:0 D:1)
[2019.10.21-23.16.22:145][  0]LogWindows:    2. 'NVIDIA GeForce GTX 1080' (P:0 D:0)
[2019.10.21-23.16.22:145][  0]LogWindows:    3. 'NVIDIA GeForce GTX 1080' (P:0 D:0)
[2019.10.21-23.16.22:145][  0]LogWindows: DebugString: FoundDriverCount:4 
[2019.10.21-23.16.22:145][  0]LogD3D11RHI:     Adapter Name: NVIDIA GeForce GTX 1080
[2019.10.21-23.16.22:145][  0]LogD3D11RHI:   Driver Version: 419.17 (internal:25.21.14.1917, unified:419.17)
[2019.10.21-23.16.22:145][  0]LogD3D11RHI:      Driver Date: 2-20-2019
[2019.10.21-23.16.22:145][  0]LogRHI: Texture pool is 5655 MB (70% of 8079 MB)
[2019.10.21-23.16.22:193][  0]LogD3D11RHI: Async texture creation enabled
[2019.10.21-23.16.22:197][  0]LogRendererCore: FGlobalReadBuffer::InitRHI
[2019.10.21-23.16.22:198][  0]LogRendererCore: FGlobalReadBuffer::InitRHI
[2019.10.21-23.16.22:198][  0]LogRendererCore: FGlobalReadBuffer::InitRHI
[2019.10.21-23.16.22:206][  0]LogD3D11RHI: GPU Timing Frequency: 1000.000000 (Debug: 2 1)
[2019.10.21-23.16.22:607][  0]LogTemp: Display: Module 'AllDesktopTargetPlatform' loaded TargetPlatform 'AllDesktop'
[2019.10.21-23.16.22:621][  0]LogTemp: Display: Module 'MacClientTargetPlatform' loaded TargetPlatform 'MacClient'
[2019.10.21-23.16.22:636][  0]LogTemp: Display: Module 'MacNoEditorTargetPlatform' loaded TargetPlatform 'MacNoEditor'
[2019.10.21-23.16.22:650][  0]LogTemp: Display: Module 'MacServerTargetPlatform' loaded TargetPlatform 'MacServer'
[2019.10.21-23.16.22:664][  0]LogTemp: Display: Module 'MacTargetPlatform' loaded TargetPlatform 'Mac'
[2019.10.21-23.16.22:677][  0]LogTemp: Display: Module 'WindowsClientTargetPlatform' loaded TargetPlatform 'WindowsClient'
[2019.10.21-23.16.22:692][  0]LogTemp: Display: Module 'WindowsNoEditorTargetPlatform' loaded TargetPlatform 'WindowsNoEditor'
[2019.10.21-23.16.22:707][  0]LogTemp: Display: Module 'WindowsServerTargetPlatform' loaded TargetPlatform 'WindowsServer'
[2019.10.21-23.16.22:713][  0]LogTemp: Display: Module 'WindowsTargetPlatform' loaded TargetPlatform 'Windows'
[2019.10.21-23.16.22:796][  0]LogTemp: Display: Module 'AndroidTargetPlatform' loaded TargetPlatform 'Android'
[2019.10.21-23.16.22:796][  0]LogTemp: Display: Module 'AndroidTargetPlatform' loaded TargetPlatform 'Android_ASTC'
[2019.10.21-23.16.22:796][  0]LogTemp: Display: Module 'AndroidTargetPlatform' loaded TargetPlatform 'Android_ATC'
[2019.10.21-23.16.22:796][  0]LogTemp: Display: Module 'AndroidTargetPlatform' loaded TargetPlatform 'Android_DXT'
[2019.10.21-23.16.22:796][  0]LogTemp: Display: Module 'AndroidTargetPlatform' loaded TargetPlatform 'Android_ETC1'
[2019.10.21-23.16.22:796][  0]LogTemp: Display: Module 'AndroidTargetPlatform' loaded TargetPlatform 'Android_ETC1a'
[2019.10.21-23.16.22:796][  0]LogTemp: Display: Module 'AndroidTargetPlatform' loaded TargetPlatform 'Android_ETC2'
[2019.10.21-23.16.22:796][  0]LogTemp: Display: Module 'AndroidTargetPlatform' loaded TargetPlatform 'Android_PVRTC'
[2019.10.21-23.16.22:796][  0]LogTemp: Display: Module 'AndroidTargetPlatform' loaded TargetPlatform 'AndroidClient'
[2019.10.21-23.16.22:796][  0]LogTemp: Display: Module 'AndroidTargetPlatform' loaded TargetPlatform 'Android_ASTCClient'
[2019.10.21-23.16.22:796][  0]LogTemp: Display: Module 'AndroidTargetPlatform' loaded TargetPlatform 'Android_ATCClient'
[2019.10.21-23.16.22:796][  0]LogTemp: Display: Module 'AndroidTargetPlatform' loaded TargetPlatform 'Android_DXTClient'
[2019.10.21-23.16.22:796][  0]LogTemp: Display: Module 'AndroidTargetPlatform' loaded TargetPlatform 'Android_ETC1Client'
[2019.10.21-23.16.22:796][  0]LogTemp: Display: Module 'AndroidTargetPlatform' loaded TargetPlatform 'Android_ETC1aClient'
[2019.10.21-23.16.22:796][  0]LogTemp: Display: Module 'AndroidTargetPlatform' loaded TargetPlatform 'Android_ETC2Client'
[2019.10.21-23.16.22:796][  0]LogTemp: Display: Module 'AndroidTargetPlatform' loaded TargetPlatform 'Android_PVRTCClient'
[2019.10.21-23.16.22:796][  0]LogTemp: Display: Module 'AndroidTargetPlatform' loaded TargetPlatform 'Android_Multi'
[2019.10.21-23.16.22:796][  0]LogTemp: Display: Module 'AndroidTargetPlatform' loaded TargetPlatform 'Android_MultiClient'
[2019.10.21-23.16.22:798][  0]LogTemp: Display: Module 'HTML5TargetPlatform' loaded TargetPlatform 'HTML5'
[2019.10.21-23.16.22:867][  0]LogTemp: Display: Module 'IOSTargetPlatform' loaded TargetPlatform 'IOSClient'
[2019.10.21-23.16.22:867][  0]LogTemp: Display: Module 'IOSTargetPlatform' loaded TargetPlatform 'IOS'
[2019.10.21-23.16.22:895][  0]LogTemp: Display: Module 'TVOSTargetPlatform' loaded TargetPlatform 'TVOSClient'
[2019.10.21-23.16.22:895][  0]LogTemp: Display: Module 'TVOSTargetPlatform' loaded TargetPlatform 'TVOS'
[2019.10.21-23.16.22:908][  0]LogTemp: Display: Module 'LinuxClientTargetPlatform' loaded TargetPlatform 'LinuxClient'
[2019.10.21-23.16.22:937][  0]LogTemp: Display: Module 'LinuxNoEditorTargetPlatform' loaded TargetPlatform 'LinuxNoEditor'
[2019.10.21-23.16.22:950][  0]LogTemp: Display: Module 'LinuxServerTargetPlatform' loaded TargetPlatform 'LinuxServer'
[2019.10.21-23.16.22:963][  0]LogTemp: Display: Module 'LinuxTargetPlatform' loaded TargetPlatform 'Linux'
[2019.10.21-23.16.23:008][  0]LogTemp: Display: Module 'LuminTargetPlatform' loaded TargetPlatform 'Lumin'
[2019.10.21-23.16.23:008][  0]LogTemp: Display: Module 'LuminTargetPlatform' loaded TargetPlatform 'LuminClient'
[2019.10.21-23.16.23:008][  0]LogTargetPlatformManager: Display: Building Assets For Windows
[2019.10.21-23.16.23:019][  0]LogAudioDebug: Display: Lib vorbis DLL was dynamically loaded.
[2019.10.21-23.16.23:108][  0]LogShaderCompilers: Guid format shader working directory is -43 characters bigger than the processId version (../../../../../../Users/Student/Documents/Unreal Projects/BenCGameAI/GameAI/PathfindingLab/Intermediate/Shaders/WorkingDirectory/19848/).
[2019.10.21-23.16.23:108][  0]LogShaderCompilers: Cleaned the shader compiler working directory 'C:/Users/Student/AppData/Local/Temp/UnrealShaderWorkingDir/F4D9C0BD4A7413492A986AB7AB863FA0/'.
[2019.10.21-23.16.23:111][  0]LogXGEController: Cannot use XGE Controller as Incredibuild is not installed on this machine.
[2019.10.21-23.16.23:111][  0]LogShaderCompilers: Cannot use XGE Shader Compiler as Incredibuild is not installed on this machine.
[2019.10.21-23.16.23:111][  0]LogShaderCompilers: Display: Using Local Shader Compiler.
[2019.10.21-23.16.23:703][  0]LogDerivedDataCache: Display: Max Cache Size: 512 MB
[2019.10.21-23.16.23:759][  0]LogDerivedDataCache: Loaded boot cache 0.06s 71MB C:/Users/Student/AppData/Local/UnrealEngine/4.22/DerivedDataCache/Boot.ddc.
[2019.10.21-23.16.23:759][  0]LogDerivedDataCache: Display: Loaded Boot cache: C:/Users/Student/AppData/Local/UnrealEngine/4.22/DerivedDataCache/Boot.ddc
[2019.10.21-23.16.23:759][  0]LogDerivedDataCache: FDerivedDataBackendGraph:  Pak pak cache file ../../../../../../Users/Student/Documents/Unreal Projects/BenCGameAI/GameAI/PathfindingLab/DerivedDataCache/DDC.ddp not found, will not use a pak cache.
[2019.10.21-23.16.23:759][  0]LogDerivedDataCache: Unable to find inner node Pak for hierarchical cache Hierarchy.
[2019.10.21-23.16.23:759][  0]LogDerivedDataCache: FDerivedDataBackendGraph:  CompressedPak pak cache file ../../../../../../Users/Student/Documents/Unreal Projects/BenCGameAI/GameAI/PathfindingLab/DerivedDataCache/Compressed.ddp not found, will not use a pak cache.
[2019.10.21-23.16.23:759][  0]LogDerivedDataCache: Unable to find inner node CompressedPak for hierarchical cache Hierarchy.
[2019.10.21-23.16.23:771][  0]LogDerivedDataCache: Display: Pak cache opened for reading ../../../Engine/DerivedDataCache/Compressed.ddp.
[2019.10.21-23.16.23:771][  0]LogDerivedDataCache: FDerivedDataBackendGraph:  EnterprisePak pak cache file ../../../Enterprise/DerivedDataCache/Compressed.ddp not found, will not use a pak cache.
[2019.10.21-23.16.23:771][  0]LogDerivedDataCache: Unable to find inner node EnterprisePak for hierarchical cache Hierarchy.
[2019.10.21-23.16.23:784][  0]LogDerivedDataCache: Using Local data cache path C:/Users/Student/AppData/Local/UnrealEngine/Common/DerivedDataCache: Writable
[2019.10.21-23.16.23:784][  0]LogDerivedDataCache: Shared data cache path not found in *engine.ini, will not use an Shared cache.
[2019.10.21-23.16.23:784][  0]LogDerivedDataCache: Unable to find inner node Shared for hierarchical cache Hierarchy.
[2019.10.21-23.16.23:825][  0]LogMaterial: Verifying Global Shaders for PCD3D_SM5
[2019.10.21-23.16.23:827][  0]LogSlate: Using FreeType 2.6.0
[2019.10.21-23.16.23:829][  0]LogSlate: SlateFontServices - WITH_FREETYPE: 1, WITH_HARFBUZZ: 1
[2019.10.21-23.16.24:043][  0]LogAssetRegistry: FAssetRegistry took 0.0580 seconds to start up
[2019.10.21-23.16.24:485][  0]LogInit: Selected Device Profile: [Windows]
[2019.10.21-23.16.24:654][  0]LogMeshReduction: Using QuadricMeshReduction for automatic static mesh reduction
[2019.10.21-23.16.24:654][  0]LogMeshReduction: Using SimplygonMeshReduction for automatic skeletal mesh reduction
[2019.10.21-23.16.24:654][  0]LogMeshReduction: Using ProxyLODMeshReduction for automatic mesh merging
[2019.10.21-23.16.24:654][  0]LogMeshReduction: No distributed automatic mesh merging module available
[2019.10.21-23.16.24:655][  0]LogMeshMerging: No distributed automatic mesh merging module available
[2019.10.21-23.16.24:666][  0]LogNetVersion: PathFinding 1.0.0, NetCL: 5660361, EngineNetVer: 10, GameNetVer: 0 (Checksum: 315523671)
[2019.10.21-23.16.25:150][  0]LogPackageLocalizationCache: Processed 10 localized package path(s) for 1 prioritized culture(s) in 0.059775 seconds
[2019.10.21-23.16.25:161][  0]LogUObjectArray: 42205 objects as part of root set at end of initial load.
[2019.10.21-23.16.25:161][  0]LogUObjectAllocator: 7325032 out of 0 bytes used by permanent object pool.
[2019.10.21-23.16.25:161][  0]LogUObjectArray: CloseDisregardForGC: 0/0 objects in disregard for GC pool
[2019.10.21-23.16.26:276][  0]LogTcpMessaging: Initializing TcpMessaging bridge
[2019.10.21-23.16.26:292][  0]LogUdpMessaging: Initializing bridge on interface 0.0.0.0:0 to multicast group 230.0.0.1:6666.
[2019.10.21-23.16.26:476][  0]SourceControl: Source control is disabled
[2019.10.21-23.16.26:476][  0]SourceControl: Source control is disabled
[2019.10.21-23.16.26:480][  0]SourceControl: Source control is disabled
[2019.10.21-23.16.26:482][  0]SourceControl: Source control is disabled
[2019.10.21-23.16.26:637][  0]LogAndroidPermission: UAndroidPermissionCallbackProxy::GetInstance
[2019.10.21-23.16.26:806][  0]LogOcInput: OculusInput pre-init called
[2019.10.21-23.16.27:700][  0]LogEngine: Initializing Engine...
[2019.10.21-23.16.27:701][  0]LogHMD: Failed to initialize OpenVR with code 110
[2019.10.21-23.16.27:702][  0]LogStats: UGameplayTagsManager::InitializeManager -  0.000 s
[2019.10.21-23.16.27:971][  0]LogInit: Initializing FReadOnlyCVARCache
[2019.10.21-23.16.27:988][  0]LogAIModule: Creating AISystem for world Untitled
[2019.10.21-23.16.28:084][  0]LogInit: XAudio2 using 'Speakers (Dell AC511 USB SoundBar)' : 2 channels at 48 kHz using 16 bits per sample (channel mask 0x3)
[2019.10.21-23.16.28:152][  0]LogInit: FAudioDevice initialized.
[2019.10.21-23.16.28:152][  0]LogNetVersion: Set ProjectVersion to 1.0.0.0. Version Checksum will be recalculated on next use.
[2019.10.21-23.16.28:280][  0]LogDerivedDataCache: Saved boot cache 0.13s 71MB C:/Users/Student/AppData/Local/UnrealEngine/4.22/DerivedDataCache/Boot.ddc.
[2019.10.21-23.16.28:281][  0]LogInit: Texture streaming: Enabled
[2019.10.21-23.16.28:315][  0]LogEngineSessionManager: EngineSessionManager initialized
[2019.10.21-23.16.28:343][  0]LogInit: Transaction tracking system initialized
[2019.10.21-23.16.28:374][  0]BlueprintLog: New page: Editor Load
[2019.10.21-23.16.28:486][  0]LocalizationService: Localization service is disabled
[2019.10.21-23.16.28:842][  0]LogFileCache: Scanning file cache for directory 'C:/Users/Student/Documents/Unreal Projects/BenCGameAI/GameAI/PathfindingLab/Content/' took 0.01s
[2019.10.21-23.16.28:842][  0]LogCook: Display: Max memory allowance for cook 16384mb min free memory 0mb
[2019.10.21-23.16.28:842][  0]LogCook: Display: Mobile HDR setting 1
[2019.10.21-23.16.29:078][  0]SourceControl: Source control is disabled
[2019.10.21-23.16.29:078][  0]Cmd: MAP LOAD FILE="../../../../../../Users/Student/Documents/Unreal Projects/BenCGameAI/GameAI/PathfindingLab/Content/PathfindingMap.umap" TEMPLATE=0 SHOWPROGRESS=1 FEATURELEVEL=3
[2019.10.21-23.16.29:079][  0]LightingResults: New page: Lighting Build
[2019.10.21-23.16.29:082][  0]MapCheck: New page: Map Check
[2019.10.21-23.16.29:082][  0]LightingResults: New page: Lighting Build
[2019.10.21-23.16.29:113][  0]LogUObjectHash: Compacting FUObjectHashTables data took   1.63ms
[2019.10.21-23.16.29:288][  0]LogAIModule: Creating AISystem for world PathfindingMap
[2019.10.21-23.16.29:295][  0]LogEditorServer: Finished looking for orphan Actors (0.000 secs)
[2019.10.21-23.16.29:339][  0]LogUObjectHash: Compacting FUObjectHashTables data took   2.09ms
[2019.10.21-23.16.29:339][  0]Cmd: MAP CHECKDEP NOCLEARLOG
[2019.10.21-23.16.29:339][  0]MapCheck: Map check complete: 0 Error(s), 0 Warning(s), took 0.164ms to complete.
[2019.10.21-23.16.29:339][  0]LogFileHelpers: Loading map 'PathfindingMap' took 0.261
[2019.10.21-23.16.29:483][  0]LogSlate: Updating window title bar state: overlay mode, drag disabled, window buttons hidden, title bar hidden
[2019.10.21-23.16.29:491][  0]LogSlate: Updating window title bar state: overlay mode, drag disabled, window buttons hidden, title bar hidden
[2019.10.21-23.16.29:499][  0]LogSlate: Updating window title bar state: overlay mode, drag disabled, window buttons hidden, title bar hidden
[2019.10.21-23.16.29:506][  0]LogSlate: Updating window title bar state: overlay mode, drag disabled, window buttons hidden, title bar hidden
[2019.10.21-23.16.29:513][  0]LogCollectionManager: Loaded 0 collections in 0.001581 seconds
[2019.10.21-23.16.29:530][  0]LogFileCache: Scanning file cache for directory 'C:/Users/Student/Documents/Unreal Projects/BenCGameAI/GameAI/PathfindingLab/Saved/Collections/' took 0.01s
[2019.10.21-23.16.29:530][  0]LogFileCache: Scanning file cache for directory 'C:/Users/Student/Documents/Unreal Projects/BenCGameAI/GameAI/PathfindingLab/Content/Developers/student/Collections/' took 0.00s
[2019.10.21-23.16.29:530][  0]LogFileCache: Scanning file cache for directory 'C:/Users/Student/Documents/Unreal Projects/BenCGameAI/GameAI/PathfindingLab/Content/Collections/' took 0.00s
[2019.10.21-23.16.29:530][  0]LogCollectionManager: Rebuilt the GUID cache for 0 collections in 0.000000 seconds
[2019.10.21-23.16.29:547][  0]LogContentBrowser: Native class hierarchy populated in 0.0166 seconds. Added 2736 classes and 662 folders.
[2019.10.21-23.16.29:556][  0]LogContentBrowser: Native class hierarchy updated for 'WidgetCarousel' in 0.0004 seconds. Added 0 classes and 0 folders.
[2019.10.21-23.16.29:562][  0]LogPakFile: Registered encryption key '00000000000000000000000000000000': 0 pak files mounted, 0 remain pending
[2019.10.21-23.16.29:563][  0]LogPakFile: Registered encryption key '00000000000000000000000000000000': 0 pak files mounted, 0 remain pending
[2019.10.21-23.16.29:564][  0]LogPakFile: Registered encryption key '00000000000000000000000000000000': 0 pak files mounted, 0 remain pending
[2019.10.21-23.16.29:565][  0]LogPakFile: Registered encryption key '00000000000000000000000000000000': 0 pak files mounted, 0 remain pending
[2019.10.21-23.16.29:567][  0]LogPakFile: Registered encryption key '00000000000000000000000000000000': 0 pak files mounted, 0 remain pending
[2019.10.21-23.16.29:568][  0]LogPakFile: Registered encryption key '00000000000000000000000000000000': 0 pak files mounted, 0 remain pending
[2019.10.21-23.16.29:570][  0]LogPakFile: Registered encryption key '00000000000000000000000000000000': 0 pak files mounted, 0 remain pending
[2019.10.21-23.16.29:572][  0]LogPakFile: Registered encryption key '00000000000000000000000000000000': 0 pak files mounted, 0 remain pending
[2019.10.21-23.16.29:573][  0]LogPakFile: Registered encryption key '00000000000000000000000000000000': 0 pak files mounted, 0 remain pending
[2019.10.21-23.16.29:574][  0]LogPakFile: Registered encryption key '00000000000000000000000000000000': 0 pak files mounted, 0 remain pending
[2019.10.21-23.16.29:575][  0]LogPakFile: Registered encryption key '00000000000000000000000000000000': 0 pak files mounted, 0 remain pending
[2019.10.21-23.16.29:577][  0]LogPakFile: Registered encryption key '00000000000000000000000000000000': 0 pak files mounted, 0 remain pending
[2019.10.21-23.16.29:579][  0]LogPakFile: Registered encryption key '00000000000000000000000000000000': 0 pak files mounted, 0 remain pending
[2019.10.21-23.16.29:580][  0]LogPakFile: Registered encryption key '00000000000000000000000000000000': 0 pak files mounted, 0 remain pending
[2019.10.21-23.16.29:582][  0]LogPakFile: Registered encryption key '00000000000000000000000000000000': 0 pak files mounted, 0 remain pending
[2019.10.21-23.16.29:583][  0]LogPakFile: Registered encryption key '00000000000000000000000000000000': 0 pak files mounted, 0 remain pending
[2019.10.21-23.16.29:584][  0]LogPakFile: Registered encryption key '00000000000000000000000000000000': 0 pak files mounted, 0 remain pending
[2019.10.21-23.16.29:585][  0]LogPakFile: Registered encryption key '00000000000000000000000000000000': 0 pak files mounted, 0 remain pending
[2019.10.21-23.16.29:587][  0]LogPakFile: Registered encryption key '00000000000000000000000000000000': 0 pak files mounted, 0 remain pending
[2019.10.21-23.16.29:588][  0]LogPakFile: Registered encryption key '00000000000000000000000000000000': 0 pak files mounted, 0 remain pending
[2019.10.21-23.16.29:589][  0]LogPakFile: Registered encryption key '00000000000000000000000000000000': 0 pak files mounted, 0 remain pending
[2019.10.21-23.16.29:590][  0]LogPakFile: Registered encryption key '00000000000000000000000000000000': 0 pak files mounted, 0 remain pending
[2019.10.21-23.16.29:592][  0]LogPakFile: Registered encryption key '00000000000000000000000000000000': 0 pak files mounted, 0 remain pending
[2019.10.21-23.16.29:594][  0]LogPakFile: Registered encryption key '00000000000000000000000000000000': 0 pak files mounted, 0 remain pending
[2019.10.21-23.16.29:595][  0]LogPakFile: Registered encryption key '00000000000000000000000000000000': 0 pak files mounted, 0 remain pending
[2019.10.21-23.16.29:597][  0]LogPakFile: Registered encryption key '00000000000000000000000000000000': 0 pak files mounted, 0 remain pending
[2019.10.21-23.16.29:675][  0]LogContentBrowser: Native class hierarchy updated for 'AddContentDialog' in 0.0004 seconds. Added 0 classes and 0 folders.
[2019.10.21-23.16.29:681][  0]LogContentBrowser: Native class hierarchy updated for 'SceneOutliner' in 0.0005 seconds. Added 1 classes and 2 folders.
[2019.10.21-23.16.29:701][  0]LogSlate: Took 0.000378 seconds to synchronously load lazily loaded font '../../../Engine/Content/Slate/Fonts/Roboto-Regular.ttf' (155K)
[2019.10.21-23.16.29:705][  0]LogSlate: Took 0.000437 seconds to synchronously load lazily loaded font '../../../Engine/Content/Slate/Fonts/Roboto-Bold.ttf' (160K)
[2019.10.21-23.16.29:714][  0]LogSlate: Took 0.000444 seconds to synchronously load lazily loaded font '../../../Engine/Content/Editor/Slate/Fonts/FontAwesome.ttf' (139K)
[2019.10.21-23.16.29:793][  0]LogRenderer: Reallocating scene render targets to support 1208x572 Format 10 NumSamples 1 (Frame:1).
[2019.10.21-23.16.29:874][  0]LogSlate: Took 0.000338 seconds to synchronously load lazily loaded font '../../../Engine/Content/Slate/Fonts/Roboto-Light.ttf' (167K)
[2019.10.21-23.16.29:944][  0]LogContentBrowser: Native class hierarchy updated for 'HierarchicalLODOutliner' in 0.0004 seconds. Added 0 classes and 0 folders.
[2019.10.21-23.16.29:944][  0]LogLoad: (Engine Initialization) Total time: 10.54 seconds
[2019.10.21-23.16.29:944][  0]LogLoad: (Engine Initialization) Total Blueprint compile time: 0.00 seconds
[2019.10.21-23.16.29:977][  0]LogAssetRegistry: Asset discovery search completed in 5.9577 seconds
[2019.10.21-23.16.29:979][  0]LogCollectionManager: Rebuilt the object cache for 0 collections in 0.000000 seconds (found 0 objects)
[2019.10.21-23.16.29:979][  0]LogCollectionManager: Fixed up redirectors for 0 collections in 0.000046 seconds (updated 0 objects)
[2019.10.21-23.16.29:981][  0]LogContentStreaming: Texture pool size now 1000 MB
[2019.10.21-23.16.35:081][596]LogEditorViewport: Clicking on Actor (LMB): BP_Sky_Sphere_C (Sky Sphere)
[2019.10.21-23.16.36:115][714]LogSlate: FSceneViewport::OnFocusLost() reason 0
[2019.10.21-23.16.36:196][722]Candidate modules for hot reload:
[2019.10.21-23.16.36:196][722]  PathFinding
[2019.10.21-23.16.36:196][722]Launching UnrealBuildTool... [C:/Program Files/Epic Games/UE_4.22/Engine/Binaries/DotNET/UnrealBuildTool.exe  -ModuleWithSuffix=PathFinding,615 Win64 Development -TargetType=Editor -Project="C:/Users/Student/Documents/Unreal Projects/BenCGameAI/GameAI/PathfindingLab/PathFinding.uproject" "C:/Users/Student/Documents/Unreal Projects/BenCGameAI/GameAI/PathfindingLab/PathFinding.uproject"  -IgnoreJunk]
[2019.10.21-23.16.36:198][722]Warning: Starting HotReload took  0.0s.
[2019.10.21-23.16.46:958][983]CompilerResultsLog: New page: Compilation - Oct 21, 2019, 3:16:46 PM
[2019.10.21-23.16.46:958][983]CompilerResultsLog: Using 'git status' to determine working set for adaptive non-unity build (C:\Users\Student\Documents\Unreal Projects\BenCGameAI\GameAI).
[2019.10.21-23.16.46:958][983]CompilerResultsLog: Creating makefile for PathFindingEditor (ini files are newer than makefile)
[2019.10.21-23.16.46:958][983]CompilerResultsLog: Parsing headers for PathFindingEditor
[2019.10.21-23.16.46:958][983]CompilerResultsLog:   Running UnrealHeaderTool "C:\Users\Student\Documents\Unreal Projects\BenCGameAI\GameAI\PathfindingLab\PathFinding.uproject" "C:\Users\Student\Documents\Unreal Projects\BenCGameAI\GameAI\PathfindingLab\Intermediate\Build\Win64\PathFindingEditor\Development\PathFindingEditor.uhtmanifest" -LogCmds="loginit warning, logexit warning, logdatabase error" -Unattended -WarningsAsErrors -installed
[2019.10.21-23.16.46:958][983]CompilerResultsLog: Reflection code generated for PathFindingEditor in 6.6326803 seconds
[2019.10.21-23.16.46:958][983]CompilerResultsLog: Using Visual Studio 2019 14.23.28105 toolchain (C:\Program Files (x86)\Microsoft Visual Studio\2019\Enterprise\VC\Tools\MSVC\14.23.28105) and Windows 10.0.18362.0 SDK (C:\Program Files (x86)\Windows Kits\10).
[2019.10.21-23.16.46:958][983]CompilerResultsLog: Building 4 actions with 8 processes...
[2019.10.21-23.16.46:958][983]CompilerResultsLog:   [1/4] MyPathBuilderActor.cpp
[2019.10.21-23.16.46:958][983]CompilerResultsLog:   [2/4] UE4Editor-PathFinding-0615.lib
[2019.10.21-23.16.46:959][983]CompilerResultsLog:      Creating library C:\Users\Student\Documents\Unreal Projects\BenCGameAI\GameAI\PathfindingLab\Intermediate\Build\Win64\UE4Editor\Development\PathFinding\UE4Editor-PathFinding-0615.lib and object C:\Users\Student\Documents\Unreal Projects\BenCGameAI\GameAI\PathfindingLab\Intermediate\Build\Win64\UE4Editor\Development\PathFinding\UE4Editor-PathFinding-0615.exp
[2019.10.21-23.16.46:959][983]CompilerResultsLog:   [3/4] UE4Editor-PathFinding-0615.dll
[2019.10.21-23.16.46:959][983]CompilerResultsLog:      Creating library C:\Users\Student\Documents\Unreal Projects\BenCGameAI\GameAI\PathfindingLab\Intermediate\Build\Win64\UE4Editor\Development\PathFinding\UE4Editor-PathFinding-0615.suppressed.lib and object C:\Users\Student\Documents\Unreal Projects\BenCGameAI\GameAI\PathfindingLab\Intermediate\Build\Win64\UE4Editor\Development\PathFinding\UE4Editor-PathFinding-0615.suppressed.exp
[2019.10.21-23.16.46:959][983]CompilerResultsLog:   [4/4] PathFindingEditor.target
[2019.10.21-23.16.46:959][983]CompilerResultsLog: Total time in Parallel executor: 1.65 seconds
[2019.10.21-23.16.46:959][983]CompilerResultsLog: Total execution time: 10.66 seconds
[2019.10.21-23.16.46:959][983]LogMainFrame: MainFrame: Module compiling took 10.766 seconds
[2019.10.21-23.16.46:991][983]LogUObjectHash: Compacting FUObjectHashTables data took   1.76ms
[2019.10.21-23.16.47:004][983]LogContentBrowser: Native class hierarchy populated in 0.0087 seconds. Added 2737 classes and 664 folders.
[2019.10.21-23.16.47:004][983]Display: HotReload took 10.8s.
[2019.10.21-23.16.49:116][236]LogSlate: Took 0.000370 seconds to synchronously load lazily loaded font '../../../Engine/Content/Slate/Fonts/Roboto-Italic.ttf' (157K)
[2019.10.21-23.16.57:786][274]LogSlate: Took 0.000310 seconds to synchronously load lazily loaded font '../../../Engine/Content/Slate/Fonts/Roboto-Light.ttf' (167K)
[2019.10.21-23.16.57:793][274]LogAssetEditorManager: Opening Asset editor for Blueprint /Game/SteeringActor/BP_SteeringActor.BP_SteeringActor
[2019.10.21-23.16.58:064][274]LogContentBrowser: Native class hierarchy updated for 'BlueprintGraph' in 0.0007 seconds. Added 121 classes and 0 folders.
[2019.10.21-23.16.58:888][274]LogSlate: Took 0.000903 seconds to synchronously load lazily loaded font '../../../Engine/Content/Slate/Fonts/Roboto-BoldCondensed.ttf' (158K)
[2019.10.21-23.17.52:372][ 73]LogTemp: Repeating last play command: Selected Viewport
[2019.10.21-23.17.52:384][ 73]LogBlueprintUserMessages: Early PlayInEditor Detection: Level '/Game/PathfindingMap.PathfindingMap:PersistentLevel' has LevelScriptBlueprint '/Game/PathfindingMap.PathfindingMap:PersistentLevel.PathfindingMap' with GeneratedClass '/Game/PathfindingMap.PathfindingMap_C' with ClassGeneratedBy '/Game/PathfindingMap.PathfindingMap:PersistentLevel.PathfindingMap'
[2019.10.21-23.17.52:384][ 73]LogPlayLevel: PlayLevel: No blueprints needed recompiling
[2019.10.21-23.17.52:384][ 73]PIE: New page: PIE session: PathfindingMap (Oct 21, 2019, 3:17:52 PM)
[2019.10.21-23.17.52:397][ 73]LogPlayLevel: Creating play world package: /Game/UEDPIE_0_PathfindingMap
[2019.10.21-23.17.52:406][ 73]LogPlayLevel: PIE: StaticDuplicateObject took: (0.008578s)
[2019.10.21-23.17.52:406][ 73]LogAIModule: Creating AISystem for world PathfindingMap
[2019.10.21-23.17.52:406][ 73]LogPlayLevel: PIE: World Init took: (0.000712s)
[2019.10.21-23.17.52:407][ 73]LogPlayLevel: PIE: Created PIE world by copying editor world from /Game/PathfindingMap.PathfindingMap to /Game/UEDPIE_0_PathfindingMap.PathfindingMap (0.009705s)
[2019.10.21-23.17.52:450][ 73]LogUObjectHash: Compacting FUObjectHashTables data took   3.45ms
[2019.10.21-23.17.52:474][ 73]LogInit: XAudio2 using 'Speakers (Dell AC511 USB SoundBar)' : 2 channels at 48 kHz using 16 bits per sample (channel mask 0x3)
[2019.10.21-23.17.52:487][ 73]LogInit: FAudioDevice initialized.
[2019.10.21-23.17.52:525][ 73]LogLoad: Game class is 'PathFindingGameMode_C'
[2019.10.21-23.17.52:530][ 73]LogWorld: Bringing World /Game/UEDPIE_0_PathfindingMap.PathfindingMap up for play (max tick rate 0) at 2019.10.21-19.17.52
[2019.10.21-23.17.52:531][ 73]LogWorld: Bringing up level for play took: 0.003198
[2019.10.21-23.17.52:552][ 73]LogBlueprintActionDatabase: Requesting refresh due to module change: Voice (loaded)
[2019.10.21-23.17.52:558][ 73]LogBlueprintActionDatabase: Requesting refresh due to module change: MovieSceneCapture (loaded)
[2019.10.21-23.17.52:559][ 73]LogContentBrowser: Native class hierarchy updated for 'MovieSceneCapture' in 0.0010 seconds. Added 20 classes and 0 folders.
[2019.10.21-23.17.52:570][ 73]LogScript: Warning: Script Msg: Attempted to access index 25 from array 'Walls' of length 25 in '/Script/PathFinding.MyPathBuilderActor'!
[2019.10.21-23.17.52:570][ 73]LogScript: Warning: Script Msg: Attempted to access index 25 from array 'Walls' of length 25 in '/Script/PathFinding.MyPathBuilderActor'!
[2019.10.21-23.17.52:571][ 73]PIE: Play in editor start time for /Game/UEDPIE_0_PathfindingMap 0.619
[2019.10.21-23.17.52:572][ 73]LogBlueprintUserMessages: Late PlayInEditor Detection: Level '/Game/PathfindingMap.PathfindingMap:PersistentLevel' has LevelScriptBlueprint '/Game/PathfindingMap.PathfindingMap:PersistentLevel.PathfindingMap' with GeneratedClass '/Game/PathfindingMap.PathfindingMap_C' with ClassGeneratedBy '/Game/PathfindingMap.PathfindingMap:PersistentLevel.PathfindingMap'
[2019.10.21-23.17.57:234][532]LogBlueprintUserMessages: Early EndPlayMap Detection: Level '/Game/PathfindingMap.PathfindingMap:PersistentLevel' has LevelScriptBlueprint '/Game/PathfindingMap.PathfindingMap:PersistentLevel.PathfindingMap' with GeneratedClass '/Game/PathfindingMap.PathfindingMap_C' with ClassGeneratedBy '/Game/PathfindingMap.PathfindingMap:PersistentLevel.PathfindingMap'
[2019.10.21-23.17.57:234][532]LogSlate: Updating window title bar state: overlay mode, drag disabled, window buttons hidden, title bar hidden
[2019.10.21-23.17.57:271][532]LogPlayLevel: Display: Shutting down PIE online subsystems
[2019.10.21-23.17.57:271][532]LogBlueprintUserMessages: Late EndPlayMap Detection: Level '/Game/PathfindingMap.PathfindingMap:PersistentLevel' has LevelScriptBlueprint '/Game/PathfindingMap.PathfindingMap:PersistentLevel.PathfindingMap' with GeneratedClass '/Game/PathfindingMap.PathfindingMap_C' with ClassGeneratedBy '/Game/PathfindingMap.PathfindingMap:PersistentLevel.PathfindingMap'
[2019.10.21-23.17.57:315][532]LogSlate: Updating window title bar state: overlay mode, drag disabled, window buttons hidden, title bar hidden
[2019.10.21-23.17.57:344][532]LogUObjectHash: Compacting FUObjectHashTables data took   5.00ms
[2019.10.21-23.17.57:363][533]LogPlayLevel: Display: Destroying online subsystem :Context_4
[2019.10.21-23.18.09:508][988]LogSlate: FSceneViewport::OnFocusLost() reason 0
[2019.10.21-23.18.09:574][996]LogTemp: Repeating last play command: Selected Viewport
[2019.10.21-23.18.09:583][996]LogBlueprintUserMessages: Early PlayInEditor Detection: Level '/Game/PathfindingMap.PathfindingMap:PersistentLevel' has LevelScriptBlueprint '/Game/PathfindingMap.PathfindingMap:PersistentLevel.PathfindingMap' with GeneratedClass '/Game/PathfindingMap.PathfindingMap_C' with ClassGeneratedBy '/Game/PathfindingMap.PathfindingMap:PersistentLevel.PathfindingMap'
[2019.10.21-23.18.09:583][996]LogPlayLevel: PlayLevel: No blueprints needed recompiling
[2019.10.21-23.18.09:583][996]PIE: New page: PIE session: PathfindingMap (Oct 21, 2019, 3:18:09 PM)
[2019.10.21-23.18.09:583][996]LogPlayLevel: Creating play world package: /Game/UEDPIE_0_PathfindingMap
[2019.10.21-23.18.09:591][996]LogPlayLevel: PIE: StaticDuplicateObject took: (0.007175s)
[2019.10.21-23.18.09:591][996]LogAIModule: Creating AISystem for world PathfindingMap
[2019.10.21-23.18.09:592][996]LogPlayLevel: PIE: World Init took: (0.000736s)
[2019.10.21-23.18.09:592][996]LogPlayLevel: PIE: Created PIE world by copying editor world from /Game/PathfindingMap.PathfindingMap to /Game/UEDPIE_0_PathfindingMap.PathfindingMap (0.008272s)
[2019.10.21-23.18.09:631][996]LogUObjectHash: Compacting FUObjectHashTables data took   2.58ms
[2019.10.21-23.18.09:652][996]LogInit: XAudio2 using 'Speakers (Dell AC511 USB SoundBar)' : 2 channels at 48 kHz using 16 bits per sample (channel mask 0x3)
[2019.10.21-23.18.09:663][996]LogInit: FAudioDevice initialized.
[2019.10.21-23.18.09:689][996]LogLoad: Game class is 'PathFindingGameMode_C'
[2019.10.21-23.18.09:690][996]LogWorld: Bringing World /Game/UEDPIE_0_PathfindingMap.PathfindingMap up for play (max tick rate 0) at 2019.10.21-19.18.09
[2019.10.21-23.18.09:691][996]LogWorld: Bringing up level for play took: 0.000855
[2019.10.21-23.18.09:707][996]LogScript: Warning: Script Msg: Attempted to access index 25 from array 'Walls' of length 25 in '/Script/PathFinding.MyPathBuilderActor'!
[2019.10.21-23.18.09:707][996]LogScript: Warning: Script Msg: Attempted to access index 25 from array 'Walls' of length 25 in '/Script/PathFinding.MyPathBuilderActor'!
[2019.10.21-23.18.09:707][996]PIE: Play in editor start time for /Game/UEDPIE_0_PathfindingMap -0.245
[2019.10.21-23.18.09:708][996]LogBlueprintUserMessages: Late PlayInEditor Detection: Level '/Game/PathfindingMap.PathfindingMap:PersistentLevel' has LevelScriptBlueprint '/Game/PathfindingMap.PathfindingMap:PersistentLevel.PathfindingMap' with GeneratedClass '/Game/PathfindingMap.PathfindingMap_C' with ClassGeneratedBy '/Game/PathfindingMap.PathfindingMap:PersistentLevel.PathfindingMap'
[2019.10.21-23.18.12:024][266]LogScript: Warning: Script Msg: Attempted to access index 25 from array 'Walls' of length 25 in '/Script/PathFinding.MyPathBuilderActor'!
[2019.10.21-23.18.12:024][266]LogScript: Warning: Script Msg: Attempted to access index 25 from array 'Walls' of length 25 in '/Script/PathFinding.MyPathBuilderActor'!
[2019.10.21-23.18.16:484][801]LogScript: Warning: Script Msg: Attempted to access index 25 from array 'Walls' of length 25 in '/Script/PathFinding.MyPathBuilderActor'!
[2019.10.21-23.18.16:484][801]LogScript: Warning: Script Msg: Attempted to access index 25 from array 'Walls' of length 25 in '/Script/PathFinding.MyPathBuilderActor'!
[2019.10.21-23.18.17:170][883]LogScript: Warning: Script Msg: Attempted to access index 25 from array 'Walls' of length 25 in '/Script/PathFinding.MyPathBuilderActor'!
[2019.10.21-23.18.17:170][883]LogScript: Warning: Script Msg: Attempted to access index 25 from array 'Walls' of length 25 in '/Script/PathFinding.MyPathBuilderActor'!
[2019.10.21-23.18.20:025][226]LogSlate: FSceneViewport::OnFocusLost() reason 2
[2019.10.21-23.18.29:149][318]LogScript: Warning: Script Msg: Attempted to access index 25 from array 'Walls' of length 25 in '/Script/PathFinding.MyPathBuilderActor'!
[2019.10.21-23.18.29:149][318]LogScript: Warning: Script Msg: Attempted to access index 25 from array 'Walls' of length 25 in '/Script/PathFinding.MyPathBuilderActor'!
[2019.10.21-23.18.33:130][795]LogBlueprintUserMessages: Early EndPlayMap Detection: Level '/Game/PathfindingMap.PathfindingMap:PersistentLevel' has LevelScriptBlueprint '/Game/PathfindingMap.PathfindingMap:PersistentLevel.PathfindingMap' with GeneratedClass '/Game/PathfindingMap.PathfindingMap_C' with ClassGeneratedBy '/Game/PathfindingMap.PathfindingMap:PersistentLevel.PathfindingMap'
[2019.10.21-23.18.33:130][795]LogSlate: Updating window title bar state: overlay mode, drag disabled, window buttons hidden, title bar hidden
[2019.10.21-23.18.33:161][795]LogPlayLevel: Display: Shutting down PIE online subsystems
[2019.10.21-23.18.33:162][795]LogBlueprintUserMessages: Late EndPlayMap Detection: Level '/Game/PathfindingMap.PathfindingMap:PersistentLevel' has LevelScriptBlueprint '/Game/PathfindingMap.PathfindingMap:PersistentLevel.PathfindingMap' with GeneratedClass '/Game/PathfindingMap.PathfindingMap_C' with ClassGeneratedBy '/Game/PathfindingMap.PathfindingMap:PersistentLevel.PathfindingMap'
[2019.10.21-23.18.33:201][795]LogSlate: Updating window title bar state: overlay mode, drag disabled, window buttons hidden, title bar hidden
[2019.10.21-23.18.33:205][795]LogUObjectHash: Compacting FUObjectHashTables data took   2.07ms
[2019.10.21-23.18.33:245][797]LogPlayLevel: Display: Destroying online subsystem :Context_5
[2019.10.21-23.18.36:187][149]LogSlate: FSceneViewport::OnFocusLost() reason 0
[2019.10.21-23.19.15:468][572]LogSavePackage: Moving '../../../../../../Users/Student/Documents/Unreal Projects/BenCGameAI/GameAI/PathfindingLab/Saved/BP_SteeringActorCB8142274EF4ACB299763FBA1541D9D6.tmp' to '../../../../../../Users/Student/Documents/Unreal Projects/BenCGameAI/GameAI/PathfindingLab/Content/SteeringActor/BP_SteeringActor.uasset'
[2019.10.21-23.19.17:868][846]LogSavePackage: Moving '../../../../../../Users/Student/Documents/Unreal Projects/BenCGameAI/GameAI/PathfindingLab/Saved/BP_SteeringActor3244D869401CAB3679757583F3E497DA.tmp' to '../../../../../../Users/Student/Documents/Unreal Projects/BenCGameAI/GameAI/PathfindingLab/Content/SteeringActor/BP_SteeringActor.uasset'
[2019.10.21-23.19.21:030][216]BlueprintLog: New page: Compile BP_SteeringActor
[2019.10.21-23.19.21:245][216]LogUObjectHash: Compacting FUObjectHashTables data took   3.17ms
[2019.10.21-23.19.22:148][307]LogSavePackage: Moving '../../../../../../Users/Student/Documents/Unreal Projects/BenCGameAI/GameAI/PathfindingLab/Saved/BP_SteeringActorF4360BAE45A84896954985B68A663A1F.tmp' to '../../../../../../Users/Student/Documents/Unreal Projects/BenCGameAI/GameAI/PathfindingLab/Content/SteeringActor/BP_SteeringActor.uasset'
[2019.10.21-23.19.24:072][518]LogTemp: Repeating last play command: Selected Viewport
[2019.10.21-23.19.24:087][518]LogBlueprintUserMessages: Early PlayInEditor Detection: Level '/Game/PathfindingMap.PathfindingMap:PersistentLevel' has LevelScriptBlueprint '/Game/PathfindingMap.PathfindingMap:PersistentLevel.PathfindingMap' with GeneratedClass '/Game/PathfindingMap.PathfindingMap_C' with ClassGeneratedBy '/Game/PathfindingMap.PathfindingMap:PersistentLevel.PathfindingMap'
[2019.10.21-23.19.24:087][518]LogPlayLevel: PlayLevel: No blueprints needed recompiling
[2019.10.21-23.19.24:087][518]PIE: New page: PIE session: PathfindingMap (Oct 21, 2019, 3:19:24 PM)
[2019.10.21-23.19.24:088][518]LogPlayLevel: Creating play world package: /Game/UEDPIE_0_PathfindingMap
[2019.10.21-23.19.24:093][518]LogPlayLevel: PIE: StaticDuplicateObject took: (0.005868s)
[2019.10.21-23.19.24:094][518]LogAIModule: Creating AISystem for world PathfindingMap
[2019.10.21-23.19.24:094][518]LogPlayLevel: PIE: World Init took: (0.000508s)
[2019.10.21-23.19.24:094][518]LogPlayLevel: PIE: Created PIE world by copying editor world from /Game/PathfindingMap.PathfindingMap to /Game/UEDPIE_0_PathfindingMap.PathfindingMap (0.006482s)
[2019.10.21-23.19.24:128][518]LogUObjectHash: Compacting FUObjectHashTables data took   3.50ms
[2019.10.21-23.19.24:148][518]LogInit: XAudio2 using 'Speakers (Dell AC511 USB SoundBar)' : 2 channels at 48 kHz using 16 bits per sample (channel mask 0x3)
[2019.10.21-23.19.24:159][518]LogInit: FAudioDevice initialized.
[2019.10.21-23.19.24:190][518]LogLoad: Game class is 'PathFindingGameMode_C'
[2019.10.21-23.19.24:192][518]LogWorld: Bringing World /Game/UEDPIE_0_PathfindingMap.PathfindingMap up for play (max tick rate 0) at 2019.10.21-19.19.24
[2019.10.21-23.19.24:193][518]LogWorld: Bringing up level for play took: 0.001687
[2019.10.21-23.19.24:216][518]LogScript: Warning: Script Msg: Attempted to access index 25 from array 'Walls' of length 25 in '/Script/PathFinding.MyPathBuilderActor'!
[2019.10.21-23.19.24:216][518]LogScript: Warning: Script Msg: Attempted to access index 25 from array 'Walls' of length 25 in '/Script/PathFinding.MyPathBuilderActor'!
[2019.10.21-23.19.25:737][518]LogWindows: Error: === Critical error: ===
[2019.10.21-23.19.25:737][518]LogWindows: Error: 
[2019.10.21-23.19.25:737][518]LogWindows: Error: Fatal error!
[2019.10.21-23.19.25:737][518]LogWindows: Error: 
[2019.10.21-23.19.25:737][518]LogWindows: Error: Unhandled Exception: EXCEPTION_ACCESS_VIOLATION reading address 0xffffffff
[2019.10.21-23.19.25:737][518]LogWindows: Error: 
[2019.10.21-23.19.25:737][518]LogWindows: Error: [Callstack] 0x00007ffe520332cb UE4Editor-PathFinding-4812.dll!AMyPathBuilderActor::checkPoint() [C:\Users\Student\Documents\Unreal Projects\BenCGameAI\GameAI\PathfindingLab\Source\PathFinding\Private\MyPathBuilderActor.cpp:214]
[2019.10.21-23.19.25:737][518]LogWindows: Error: [Callstack] 0x00007ffe520334a9 UE4Editor-PathFinding-4812.dll!AMyPathBuilderActor::execcheckPoint() [C:\Users\Student\Documents\Unreal Projects\BenCGameAI\GameAI\PathfindingLab\Source\PathFinding\Public\MyPathBuilderActor.h:13]
[2019.10.21-23.19.25:737][518]LogWindows: Error: [Callstack] 0x00007ffe788fbac8 UE4Editor-CoreUObject.dll!UnknownFunction []
[2019.10.21-23.19.25:737][518]LogWindows: Error: [Callstack] 0x00007ffe78af00e2 UE4Editor-CoreUObject.dll!UnknownFunction []
[2019.10.21-23.19.25:737][518]LogWindows: Error: [Callstack] 0x00007ffe78b0cbc1 UE4Editor-CoreUObject.dll!UnknownFunction []
[2019.10.21-23.19.25:737][518]LogWindows: Error: [Callstack] 0x00007ffe78b2476f UE4Editor-CoreUObject.dll!UnknownFunction []
[2019.10.21-23.19.25:737][518]LogWindows: Error: [Callstack] 0x00007ffe78b0e98d UE4Editor-CoreUObject.dll!UnknownFunction []
[2019.10.21-23.19.25:737][518]LogWindows: Error: [Callstack] 0x00007ffe78ae5efb UE4Editor-CoreUObject.dll!UnknownFunction []
[2019.10.21-23.19.25:737][518]LogWindows: Error: [Callstack] 0x00007ffe78b0e6a9 UE4Editor-CoreUObject.dll!UnknownFunction []
[2019.10.21-23.19.25:737][518]LogWindows: Error: [Callstack] 0x00007ffe78b0e98d UE4Editor-CoreUObject.dll!UnknownFunction []
[2019.10.21-23.19.25:737][518]LogWindows: Error: [Callstack] 0x00007ffe78b0e378 UE4Editor-CoreUObject.dll!UnknownFunction []
[2019.10.21-23.19.25:737][518]LogWindows: Error: [Callstack] 0x00007ffe788fbac8 UE4Editor-CoreUObject.dll!UnknownFunction []
[2019.10.21-23.19.25:737][518]LogWindows: Error: [Callstack] 0x00007ffe78b0df07 UE4Editor-CoreUObject.dll!UnknownFunction []
[2019.10.21-23.19.25:737][518]LogWindows: Error: [Callstack] 0x00007ffe5da19ff3 UE4Editor-Engine.dll!UnknownFunction []
[2019.10.21-23.19.25:737][518]LogWindows: Error: [Callstack] 0x00007ffe5d9e7358 UE4Editor-Engine.dll!UnknownFunction []
[2019.10.21-23.19.25:737][518]LogWindows: Error: [Callstack] 0x00007ffe52035bdf UE4Editor-PathFinding-4812.dll!ASteeringActor::BeginPlay() [C:\Users\Student\Documents\Unreal Projects\BenCGameAI\GameAI\PathfindingLab\Source\PathFinding\SteeringActor.cpp:20]
[2019.10.21-23.19.25:737][518]LogWindows: Error: [Callstack] 0x00007ffe5d9f1af6 UE4Editor-Engine.dll!UnknownFunction []
[2019.10.21-23.19.25:737][518]LogWindows: Error: [Callstack] 0x00007ffe5eb0cb99 UE4Editor-Engine.dll!UnknownFunction []
[2019.10.21-23.19.25:737][518]LogWindows: Error: [Callstack] 0x00007ffe5e072911 UE4Editor-Engine.dll!UnknownFunction []
[2019.10.21-23.19.25:737][518]LogWindows: Error: [Callstack] 0x00007ffe5eac754e UE4Editor-Engine.dll!UnknownFunction []
[2019.10.21-23.19.25:737][518]LogWindows: Error: [Callstack] 0x00007ffe5e0399af UE4Editor-Engine.dll!UnknownFunction []
[2019.10.21-23.19.25:737][518]LogWindows: Error: [Callstack] 0x00007ffe69b7be44 UE4Editor-UnrealEd.dll!UnknownFunction []
[2019.10.21-23.19.25:737][518]LogWindows: Error: [Callstack] 0x00007ffe69b9b044 UE4Editor-UnrealEd.dll!UnknownFunction []
[2019.10.21-23.19.25:738][518]LogWindows: Error: [Callstack] 0x00007ffe69bb319f UE4Editor-UnrealEd.dll!UnknownFunction []
[2019.10.21-23.19.25:738][518]LogWindows: Error: [Callstack] 0x00007ffe6968fc4a UE4Editor-UnrealEd.dll!UnknownFunction []
[2019.10.21-23.19.25:738][518]LogWindows: Error: [Callstack] 0x00007ffe69ead396 UE4Editor-UnrealEd.dll!UnknownFunction []
[2019.10.21-23.19.25:738][518]LogWindows: Error: [Callstack] 0x00007ff7160c6bb1 UE4Editor.exe!UnknownFunction []
[2019.10.21-23.19.25:738][518]LogWindows: Error: [Callstack] 0x00007ff7160d554c UE4Editor.exe!UnknownFunction []
[2019.10.21-23.19.25:738][518]LogWindows: Error: [Callstack] 0x00007ff7160d55ca UE4Editor.exe!UnknownFunction []
[2019.10.21-23.19.25:738][518]LogWindows: Error: [Callstack] 0x00007ff7160e316c UE4Editor.exe!UnknownFunction []
[2019.10.21-23.19.25:738][518]LogWindows: Error: [Callstack] 0x00007ff7160e5b8e UE4Editor.exe!UnknownFunction []
[2019.10.21-23.19.25:738][518]LogWindows: Error: [Callstack] 0x00007ffeacad7944 KERNEL32.DLL!UnknownFunction []
[2019.10.21-23.19.25:738][518]LogWindows: Error: [Callstack] 0x00007ffeae02ce71 ntdll.dll!UnknownFunction []
[2019.10.21-23.19.25:738][518]LogWindows: Error: 
[2019.10.21-23.19.25:749][518]LogExit: Executing StaticShutdownAfterError
[2019.10.21-23.19.25:754][518]LogWindows: FPlatformMisc::RequestExit(1)
[2019.10.21-23.19.25:764][518]Log file closed, 10/21/19 19:19:25
